<?xml version="1.0" encoding="UTF-8" ?>
<testsuite failures="0" time="0.02" errors="1" skipped="0" tests="1" name="com.expeditors.training.course3demo.controller.ProductControllerTest">
  <properties>
    <property name="java.runtime.name" value="Java(TM) SE Runtime Environment"/>
    <property name="sun.boot.library.path" value="C:\Program Files\Java\jdk1.7.0_45\jre\bin"/>
    <property name="java.vm.version" value="24.45-b08"/>
    <property name="java.vm.vendor" value="Oracle Corporation"/>
    <property name="java.vendor.url" value="http://java.oracle.com/"/>
    <property name="path.separator" value=";"/>
    <property name="guice.disable.misplaced.annotation.check" value="true"/>
    <property name="java.vm.name" value="Java HotSpot(TM) 64-Bit Server VM"/>
    <property name="file.encoding.pkg" value="sun.io"/>
    <property name="user.script" value=""/>
    <property name="user.country" value="US"/>
    <property name="sun.java.launcher" value="SUN_STANDARD"/>
    <property name="sun.os.patch.level" value="Service Pack 1"/>
    <property name="java.vm.specification.name" value="Java Virtual Machine Specification"/>
    <property name="user.dir" value="C:\Users\chq-jamesgl\STS_work2\finalprojectgleixner"/>
    <property name="java.runtime.version" value="1.7.0_45-b18"/>
    <property name="java.awt.graphicsenv" value="sun.awt.Win32GraphicsEnvironment"/>
    <property name="java.endorsed.dirs" value="C:\Program Files\Java\jdk1.7.0_45\jre\lib\endorsed"/>
    <property name="os.arch" value="amd64"/>
    <property name="java.io.tmpdir" value="C:\Users\CHQ-JA~1\AppData\Local\Temp\"/>
    <property name="line.separator" value="
"/>
    <property name="java.vm.specification.vendor" value="Oracle Corporation"/>
    <property name="user.variant" value=""/>
    <property name="os.name" value="Windows 7"/>
    <property name="classworlds.conf" value="C:\Users\chq-jamesgl\STS_work2\.metadata\.plugins\org.eclipse.m2e.launching\launches\m2conf2256116985215533604.tmp"/>
    <property name="sun.jnu.encoding" value="Cp1252"/>
    <property name="java.library.path" value="C:\Program Files\Java\jdk1.7.0_45\bin;C:\WINDOWS\Sun\Java\bin;C:\WINDOWS\system32;C:\WINDOWS;C:/Program Files/Java/jdk1.7.0_45/bin/../jre/bin/server;C:/Program Files/Java/jdk1.7.0_45/bin/../jre/bin;C:/Program Files/Java/jdk1.7.0_45/bin/../jre/lib/amd64;C:\Program Files\spring-1.2.1.RELEASE\bin;C:\Maven\apache-maven-3.0.5\bin;C:\Program Files\Java\jdk1.7.0_45\bin;C:\ProgramData\Oracle\Java\javapath;C:\Program Files (x86)\Intel\iCLS Client\;C:\Program Files\Intel\iCLS Client\;C:\WINDOWS\system32;C:\WINDOWS;C:\WINDOWS\System32\Wbem;C:\WINDOWS\System32\WindowsPowerShell\v1.0\;C:\Program Files\Intel\DMIX;C:\WINDOWS\CCM;C:\WINDOWS\CCM;C:\WINDOWS\CCM;C:\WINDOWS\CCM;C:\WINDOWS\CCM;C:\WINDOWS\CCM;C:\WINDOWS\CCM;C:\PROGRA~2\IBM\SQLLIB\BIN;C:\PROGRA~2\IBM\SQLLIB\FUNCTION;C:\PROGRA~2\IBM\SQLLIB\SAMPLES\REPL;C:\Program Files\Intel\Intel(R) Management Engine Components\DAL;C:\Program Files\Intel\Intel(R) Management Engine Components\IPT;C:\Program Files (x86)\Intel\Intel(R) Management Engine Components\DAL;C:\Program Files (x86)\Intel\Intel(R) Management Engine Components\IPT;C:\Program Files\Microsoft\Web Platform Installer\;C:\Program Files\TortoiseSVN\bin;C:\Users\chq-jamesgl\Documents\STS2\sts-bundle\sts-3.6.3.SR1;;."/>
    <property name="java.specification.name" value="Java Platform API Specification"/>
    <property name="java.class.version" value="51.0"/>
    <property name="sun.management.compiler" value="HotSpot 64-Bit Tiered Compilers"/>
    <property name="os.version" value="6.1"/>
    <property name="user.home" value="C:\Users\chq-jamesgl"/>
    <property name="user.timezone" value="America/Los_Angeles"/>
    <property name="java.awt.printerjob" value="sun.awt.windows.WPrinterJob"/>
    <property name="java.specification.version" value="1.7"/>
    <property name="file.encoding" value="Cp1252"/>
    <property name="user.name" value="chq-jamesgl"/>
    <property name="java.class.path" value="/C:/Users/chq-jamesgl/Documents/STS2/sts-bundle/sts-3.6.3.SR1/plugins/org.eclipse.m2e.maven.runtime_1.5.0.20140605-2032/jars/plexus-classworlds-2.5.1.jar"/>
    <property name="org.slf4j.simpleLogger.defaultLogLevel" value="info"/>
    <property name="java.vm.specification.version" value="1.7"/>
    <property name="sun.arch.data.model" value="64"/>
    <property name="java.home" value="C:\Program Files\Java\jdk1.7.0_45\jre"/>
    <property name="sun.java.command" value="org.codehaus.plexus.classworlds.launcher.Launcher -B install"/>
    <property name="java.specification.vendor" value="Oracle Corporation"/>
    <property name="user.language" value="en"/>
    <property name="awt.toolkit" value="sun.awt.windows.WToolkit"/>
    <property name="java.vm.info" value="mixed mode"/>
    <property name="java.version" value="1.7.0_45"/>
    <property name="java.ext.dirs" value="C:\Program Files\Java\jdk1.7.0_45\jre\lib\ext;C:\WINDOWS\Sun\Java\lib\ext"/>
    <property name="sun.boot.class.path" value="C:\Program Files\Java\jdk1.7.0_45\jre\lib\resources.jar;C:\Program Files\Java\jdk1.7.0_45\jre\lib\rt.jar;C:\Program Files\Java\jdk1.7.0_45\jre\lib\sunrsasign.jar;C:\Program Files\Java\jdk1.7.0_45\jre\lib\jsse.jar;C:\Program Files\Java\jdk1.7.0_45\jre\lib\jce.jar;C:\Program Files\Java\jdk1.7.0_45\jre\lib\charsets.jar;C:\Program Files\Java\jdk1.7.0_45\jre\lib\jfr.jar;C:\Program Files\Java\jdk1.7.0_45\jre\classes"/>
    <property name="java.vendor" value="Oracle Corporation"/>
    <property name="maven.home" value="C:\Users\chq-jamesgl\STS_work2\finalprojectgleixner\EMBEDDED"/>
    <property name="file.separator" value="\"/>
    <property name="java.vendor.url.bug" value="http://bugreport.sun.com/bugreport/"/>
    <property name="sun.cpu.endian" value="little"/>
    <property name="sun.io.unicode.encoding" value="UnicodeLittle"/>
    <property name="sun.desktop" value="windows"/>
    <property name="sun.cpu.isalist" value="amd64"/>
  </properties>
  <testcase time="0.02" classname="com.expeditors.training.course3demo.controller.ProductControllerTest" name="testGetProduct">
    <error message="Failed to load ApplicationContext" type="java.lang.IllegalStateException">java.lang.IllegalStateException: Failed to load ApplicationContext
	at org.springframework.test.context.CacheAwareContextLoaderDelegate.loadContext(CacheAwareContextLoaderDelegate.java:99)
	at org.springframework.test.context.TestContext.getApplicationContext(TestContext.java:122)
	at org.springframework.test.context.web.ServletTestExecutionListener.setUpRequestContextIfNecessary(ServletTestExecutionListener.java:105)
	at org.springframework.test.context.web.ServletTestExecutionListener.prepareTestInstance(ServletTestExecutionListener.java:74)
	at org.springframework.test.context.TestContextManager.prepareTestInstance(TestContextManager.java:312)
	at org.springframework.test.context.junit4.SpringJUnit4ClassRunner.createTest(SpringJUnit4ClassRunner.java:211)
	at org.springframework.test.context.junit4.SpringJUnit4ClassRunner$1.runReflectiveCall(SpringJUnit4ClassRunner.java:288)
	at org.junit.internal.runners.model.ReflectiveCallable.run(ReflectiveCallable.java:12)
	at org.springframework.test.context.junit4.SpringJUnit4ClassRunner.methodBlock(SpringJUnit4ClassRunner.java:284)
	at org.springframework.test.context.junit4.SpringJUnit4ClassRunner.runChild(SpringJUnit4ClassRunner.java:231)
	at org.springframework.test.context.junit4.SpringJUnit4ClassRunner.runChild(SpringJUnit4ClassRunner.java:88)
	at org.junit.runners.ParentRunner$3.run(ParentRunner.java:238)
	at org.junit.runners.ParentRunner$1.schedule(ParentRunner.java:63)
	at org.junit.runners.ParentRunner.runChildren(ParentRunner.java:236)
	at org.junit.runners.ParentRunner.access$000(ParentRunner.java:53)
	at org.junit.runners.ParentRunner$2.evaluate(ParentRunner.java:229)
	at org.springframework.test.context.junit4.statements.RunBeforeTestClassCallbacks.evaluate(RunBeforeTestClassCallbacks.java:61)
	at org.springframework.test.context.junit4.statements.RunAfterTestClassCallbacks.evaluate(RunAfterTestClassCallbacks.java:71)
	at org.junit.runners.ParentRunner.run(ParentRunner.java:309)
	at org.springframework.test.context.junit4.SpringJUnit4ClassRunner.run(SpringJUnit4ClassRunner.java:174)
	at org.apache.maven.surefire.junit4.JUnit4Provider.execute(JUnit4Provider.java:252)
	at org.apache.maven.surefire.junit4.JUnit4Provider.executeTestSet(JUnit4Provider.java:141)
	at org.apache.maven.surefire.junit4.JUnit4Provider.invoke(JUnit4Provider.java:112)
	at sun.reflect.NativeMethodAccessorImpl.invoke0(Native Method)
	at sun.reflect.NativeMethodAccessorImpl.invoke(NativeMethodAccessorImpl.java:57)
	at sun.reflect.DelegatingMethodAccessorImpl.invoke(DelegatingMethodAccessorImpl.java:43)
	at java.lang.reflect.Method.invoke(Method.java:606)
	at org.apache.maven.surefire.util.ReflectionUtils.invokeMethodWithArray(ReflectionUtils.java:189)
	at org.apache.maven.surefire.booter.ProviderFactory$ProviderProxy.invoke(ProviderFactory.java:165)
	at org.apache.maven.surefire.booter.ProviderFactory.invokeProvider(ProviderFactory.java:85)
	at org.apache.maven.surefire.booter.ForkedBooter.runSuitesInProcess(ForkedBooter.java:115)
	at org.apache.maven.surefire.booter.ForkedBooter.main(ForkedBooter.java:75)
Caused by: org.springframework.beans.factory.BeanCreationException: Error creating bean with name &apos;cardController&apos;: Injection of autowired dependencies failed; nested exception is org.springframework.beans.factory.BeanCreationException: Could not autowire field: com.expeditors.training.course3demo.service.CardService com.expeditors.training.course3demo.controller.CardController.cardService; nested exception is java.lang.IllegalArgumentException: Can not set com.expeditors.training.course3demo.service.CardService field com.expeditors.training.course3demo.controller.CardController.cardService to com.sun.proxy.$Proxy47
	at org.springframework.beans.factory.annotation.AutowiredAnnotationBeanPostProcessor.postProcessPropertyValues(AutowiredAnnotationBeanPostProcessor.java:288)
	at org.springframework.beans.factory.support.AbstractAutowireCapableBeanFactory.populateBean(AbstractAutowireCapableBeanFactory.java:1116)
	at org.springframework.beans.factory.support.AbstractAutowireCapableBeanFactory.doCreateBean(AbstractAutowireCapableBeanFactory.java:519)
	at org.springframework.beans.factory.support.AbstractAutowireCapableBeanFactory.createBean(AbstractAutowireCapableBeanFactory.java:458)
	at org.springframework.beans.factory.support.AbstractBeanFactory$1.getObject(AbstractBeanFactory.java:295)
	at org.springframework.beans.factory.support.DefaultSingletonBeanRegistry.getSingleton(DefaultSingletonBeanRegistry.java:223)
	at org.springframework.beans.factory.support.AbstractBeanFactory.doGetBean(AbstractBeanFactory.java:292)
	at org.springframework.beans.factory.support.AbstractBeanFactory.getBean(AbstractBeanFactory.java:194)
	at org.springframework.beans.factory.support.DefaultListableBeanFactory.preInstantiateSingletons(DefaultListableBeanFactory.java:626)
	at org.springframework.context.support.AbstractApplicationContext.finishBeanFactoryInitialization(AbstractApplicationContext.java:932)
	at org.springframework.context.support.AbstractApplicationContext.refresh(AbstractApplicationContext.java:479)
	at org.springframework.test.context.web.AbstractGenericWebContextLoader.loadContext(AbstractGenericWebContextLoader.java:128)
	at org.springframework.test.context.web.AbstractGenericWebContextLoader.loadContext(AbstractGenericWebContextLoader.java:60)
	at org.springframework.test.context.support.AbstractDelegatingSmartContextLoader.delegateLoading(AbstractDelegatingSmartContextLoader.java:100)
	at org.springframework.test.context.support.AbstractDelegatingSmartContextLoader.loadContext(AbstractDelegatingSmartContextLoader.java:248)
	at org.springframework.test.context.CacheAwareContextLoaderDelegate.loadContextInternal(CacheAwareContextLoaderDelegate.java:64)
	at org.springframework.test.context.CacheAwareContextLoaderDelegate.loadContext(CacheAwareContextLoaderDelegate.java:91)
	... 31 more
Caused by: org.springframework.beans.factory.BeanCreationException: Could not autowire field: com.expeditors.training.course3demo.service.CardService com.expeditors.training.course3demo.controller.CardController.cardService; nested exception is java.lang.IllegalArgumentException: Can not set com.expeditors.training.course3demo.service.CardService field com.expeditors.training.course3demo.controller.CardController.cardService to com.sun.proxy.$Proxy47
	at org.springframework.beans.factory.annotation.AutowiredAnnotationBeanPostProcessor$AutowiredFieldElement.inject(AutowiredAnnotationBeanPostProcessor.java:514)
	at org.springframework.beans.factory.annotation.InjectionMetadata.inject(InjectionMetadata.java:87)
	at org.springframework.beans.factory.annotation.AutowiredAnnotationBeanPostProcessor.postProcessPropertyValues(AutowiredAnnotationBeanPostProcessor.java:285)
	... 47 more
Caused by: java.lang.IllegalArgumentException: Can not set com.expeditors.training.course3demo.service.CardService field com.expeditors.training.course3demo.controller.CardController.cardService to com.sun.proxy.$Proxy47
	at sun.reflect.UnsafeFieldAccessorImpl.throwSetIllegalArgumentException(UnsafeFieldAccessorImpl.java:164)
	at sun.reflect.UnsafeFieldAccessorImpl.throwSetIllegalArgumentException(UnsafeFieldAccessorImpl.java:168)
	at sun.reflect.UnsafeObjectFieldAccessorImpl.set(UnsafeObjectFieldAccessorImpl.java:81)
	at java.lang.reflect.Field.set(Field.java:741)
	at org.springframework.beans.factory.annotation.AutowiredAnnotationBeanPostProcessor$AutowiredFieldElement.inject(AutowiredAnnotationBeanPostProcessor.java:510)
	... 49 more
</error>
    <system-out>DEBUG DirtiesContextTestExecutionListener - After test class: context [[TestContext@6373898a testClass = ContainerControllerTest, testInstance = [null], testMethod = [null], testException = [null], mergedContextConfiguration = [WebMergedContextConfiguration@aeba3ff testClass = ContainerControllerTest, locations = &apos;{}&apos;, classes = &apos;{class com.expeditors.training.course3demo.config.TestConfig}&apos;, contextInitializerClasses = &apos;[]&apos;, activeProfiles = &apos;{}&apos;, resourceBasePath = &apos;src/main/webapp&apos;, contextLoader = &apos;org.springframework.test.context.web.WebDelegatingSmartContextLoader&apos;, parent = [null]]]], dirtiesContext [false].
DEBUG SpringJUnit4ClassRunner - SpringJUnit4ClassRunner constructor called with [class com.expeditors.training.course3demo.controller.ProductControllerTest].
DEBUG AbstractDelegatingSmartContextLoader - Delegating to AnnotationConfigWebContextLoader to process context configuration [ContextConfigurationAttributes@364af608 declaringClass = &apos;com.expeditors.training.course3demo.controller.ProductControllerTest&apos;, locations = &apos;{}&apos;, classes = &apos;{class com.expeditors.training.course3demo.config.TestConfig}&apos;, inheritLocations = true, initializers = &apos;{}&apos;, inheritInitializers = true, name = [null], contextLoaderClass = &apos;org.springframework.test.context.ContextLoader&apos;].
DEBUG ContextLoaderUtils - Could not find an &apos;annotation declaring class&apos; for annotation type [org.springframework.test.context.ActiveProfiles] and class [com.expeditors.training.course3demo.controller.ProductControllerTest]
DEBUG TestContextManager - @TestExecutionListeners is not present for class [class com.expeditors.training.course3demo.controller.ProductControllerTest]: using defaults.
DEBUG ProfileValueUtils - Retrieved @ProfileValueSourceConfiguration [null] for test class [com.expeditors.training.course3demo.controller.ProductControllerTest]
DEBUG ProfileValueUtils - Retrieved ProfileValueSource type [class org.springframework.test.annotation.SystemProfileValueSource] for class [com.expeditors.training.course3demo.controller.ProductControllerTest]
DEBUG ProfileValueUtils - Retrieved @ProfileValueSourceConfiguration [null] for test class [com.expeditors.training.course3demo.controller.ProductControllerTest]
DEBUG ProfileValueUtils - Retrieved ProfileValueSource type [class org.springframework.test.annotation.SystemProfileValueSource] for class [com.expeditors.training.course3demo.controller.ProductControllerTest]
DEBUG ProfileValueUtils - Retrieved @ProfileValueSourceConfiguration [null] for test class [com.expeditors.training.course3demo.controller.ProductControllerTest]
DEBUG ProfileValueUtils - Retrieved ProfileValueSource type [class org.springframework.test.annotation.SystemProfileValueSource] for class [com.expeditors.training.course3demo.controller.ProductControllerTest]
DEBUG AbstractDelegatingSmartContextLoader - Delegating to AnnotationConfigWebContextLoader to load context from [WebMergedContextConfiguration@735ea310 testClass = ProductControllerTest, locations = &apos;{}&apos;, classes = &apos;{class com.expeditors.training.course3demo.config.TestConfig}&apos;, contextInitializerClasses = &apos;[]&apos;, activeProfiles = &apos;{}&apos;, resourceBasePath = &apos;src/main/webapp&apos;, contextLoader = &apos;org.springframework.test.context.web.WebDelegatingSmartContextLoader&apos;, parent = [null]].
DEBUG AbstractGenericWebContextLoader - Loading WebApplicationContext for merged context configuration [WebMergedContextConfiguration@735ea310 testClass = ProductControllerTest, locations = &apos;{}&apos;, classes = &apos;{class com.expeditors.training.course3demo.config.TestConfig}&apos;, contextInitializerClasses = &apos;[]&apos;, activeProfiles = &apos;{}&apos;, resourceBasePath = &apos;src/main/webapp&apos;, contextLoader = &apos;org.springframework.test.context.web.WebDelegatingSmartContextLoader&apos;, parent = [null]].
DEBUG StandardServletEnvironment - Initializing new StandardServletEnvironment
DEBUG StandardServletEnvironment - Adding [servletConfigInitParams] PropertySource with lowest search precedence
DEBUG StandardServletEnvironment - Adding [servletContextInitParams] PropertySource with lowest search precedence
DEBUG StandardServletEnvironment - Adding [jndiProperties] PropertySource with lowest search precedence
DEBUG StandardServletEnvironment - Adding [systemProperties] PropertySource with lowest search precedence
DEBUG StandardServletEnvironment - Adding [systemEnvironment] PropertySource with lowest search precedence
DEBUG StandardServletEnvironment - Initialized StandardServletEnvironment with PropertySources [servletConfigInitParams,servletContextInitParams,jndiProperties,systemProperties,systemEnvironment]
DEBUG AnnotationConfigWebContextLoader - Registering annotated classes: {class com.expeditors.training.course3demo.config.TestConfig}
INFO  GenericWebApplicationContext - Refreshing org.springframework.web.context.support.GenericWebApplicationContext@4a23aa9c: startup date [Mon Mar 16 08:41:39 PDT 2015]; root of context hierarchy
DEBUG StandardServletEnvironment - Replacing [servletContextInitParams] PropertySource with [servletContextInitParams]
DEBUG GenericWebApplicationContext - Bean factory for org.springframework.web.context.support.GenericWebApplicationContext@4a23aa9c: org.springframework.beans.factory.support.DefaultListableBeanFactory@6b960dca: defining beans [org.springframework.context.annotation.internalConfigurationAnnotationProcessor,org.springframework.context.annotation.internalAutowiredAnnotationProcessor,org.springframework.context.annotation.internalRequiredAnnotationProcessor,org.springframework.context.annotation.internalCommonAnnotationProcessor,org.springframework.context.annotation.internalPersistenceAnnotationProcessor,testConfig]; root of factory hierarchy
DEBUG DefaultListableBeanFactory - Creating shared instance of singleton bean &apos;org.springframework.context.annotation.internalConfigurationAnnotationProcessor&apos;
DEBUG DefaultListableBeanFactory - Creating instance of bean &apos;org.springframework.context.annotation.internalConfigurationAnnotationProcessor&apos;
DEBUG DefaultListableBeanFactory - Eagerly caching bean &apos;org.springframework.context.annotation.internalConfigurationAnnotationProcessor&apos; to allow for resolving potential circular references
DEBUG DefaultListableBeanFactory - Finished creating instance of bean &apos;org.springframework.context.annotation.internalConfigurationAnnotationProcessor&apos;
DEBUG StandardEnvironment - Initializing new StandardEnvironment
DEBUG StandardEnvironment - Adding [systemProperties] PropertySource with lowest search precedence
DEBUG StandardEnvironment - Adding [systemEnvironment] PropertySource with lowest search precedence
DEBUG StandardEnvironment - Initialized StandardEnvironment with PropertySources [systemProperties,systemEnvironment]
DEBUG PathMatchingResourcePatternResolver - Looking for matching resources in directory tree [C:\Users\chq-jamesgl\STS_work2\finalprojectgleixner\target\test-classes\com\expeditors\training\course3demo\controller]
DEBUG PathMatchingResourcePatternResolver - Searching directory [C:\Users\chq-jamesgl\STS_work2\finalprojectgleixner\target\test-classes\com\expeditors\training\course3demo\controller] for files matching pattern [C:/Users/chq-jamesgl/STS_work2/finalprojectgleixner/target/test-classes/com/expeditors/training/course3demo/controller/**/*.class]
DEBUG PathMatchingResourcePatternResolver - Looking for matching resources in directory tree [C:\Users\chq-jamesgl\STS_work2\finalprojectgleixner\target\classes\com\expeditors\training\course3demo\controller]
DEBUG PathMatchingResourcePatternResolver - Searching directory [C:\Users\chq-jamesgl\STS_work2\finalprojectgleixner\target\classes\com\expeditors\training\course3demo\controller] for files matching pattern [C:/Users/chq-jamesgl/STS_work2/finalprojectgleixner/target/classes/com/expeditors/training/course3demo/controller/**/*.class]
DEBUG PathMatchingResourcePatternResolver - Resolved location pattern [classpath*:com/expeditors/training/course3demo/controller/**/*.class] to resources [file [C:\Users\chq-jamesgl\STS_work2\finalprojectgleixner\target\test-classes\com\expeditors\training\course3demo\controller\ContainerControllerTest.class], file [C:\Users\chq-jamesgl\STS_work2\finalprojectgleixner\target\test-classes\com\expeditors\training\course3demo\controller\ProductControllerTest.class], file [C:\Users\chq-jamesgl\STS_work2\finalprojectgleixner\target\test-classes\com\expeditors\training\course3demo\controller\ShipmentControllerTest.class], file [C:\Users\chq-jamesgl\STS_work2\finalprojectgleixner\target\classes\com\expeditors\training\course3demo\controller\CardController.class], file [C:\Users\chq-jamesgl\STS_work2\finalprojectgleixner\target\classes\com\expeditors\training\course3demo\controller\ContainerController.class], file [C:\Users\chq-jamesgl\STS_work2\finalprojectgleixner\target\classes\com\expeditors\training\course3demo\controller\ErrorLoginController.class], file [C:\Users\chq-jamesgl\STS_work2\finalprojectgleixner\target\classes\com\expeditors\training\course3demo\controller\HomeController.class], file [C:\Users\chq-jamesgl\STS_work2\finalprojectgleixner\target\classes\com\expeditors\training\course3demo\controller\ProductController.class], file [C:\Users\chq-jamesgl\STS_work2\finalprojectgleixner\target\classes\com\expeditors\training\course3demo\controller\SecurityController.class], file [C:\Users\chq-jamesgl\STS_work2\finalprojectgleixner\target\classes\com\expeditors\training\course3demo\controller\ShipmentController.class]]
DEBUG ClassPathBeanDefinitionScanner - Identified candidate component class: file [C:\Users\chq-jamesgl\STS_work2\finalprojectgleixner\target\classes\com\expeditors\training\course3demo\controller\CardController.class]
DEBUG ClassPathBeanDefinitionScanner - Identified candidate component class: file [C:\Users\chq-jamesgl\STS_work2\finalprojectgleixner\target\classes\com\expeditors\training\course3demo\controller\ContainerController.class]
DEBUG ClassPathBeanDefinitionScanner - Identified candidate component class: file [C:\Users\chq-jamesgl\STS_work2\finalprojectgleixner\target\classes\com\expeditors\training\course3demo\controller\ErrorLoginController.class]
DEBUG ClassPathBeanDefinitionScanner - Identified candidate component class: file [C:\Users\chq-jamesgl\STS_work2\finalprojectgleixner\target\classes\com\expeditors\training\course3demo\controller\HomeController.class]
DEBUG ClassPathBeanDefinitionScanner - Identified candidate component class: file [C:\Users\chq-jamesgl\STS_work2\finalprojectgleixner\target\classes\com\expeditors\training\course3demo\controller\ProductController.class]
DEBUG ClassPathBeanDefinitionScanner - Identified candidate component class: file [C:\Users\chq-jamesgl\STS_work2\finalprojectgleixner\target\classes\com\expeditors\training\course3demo\controller\SecurityController.class]
DEBUG ClassPathBeanDefinitionScanner - Identified candidate component class: file [C:\Users\chq-jamesgl\STS_work2\finalprojectgleixner\target\classes\com\expeditors\training\course3demo\controller\ShipmentController.class]
DEBUG StandardEnvironment - Initializing new StandardEnvironment
DEBUG StandardEnvironment - Adding [systemProperties] PropertySource with lowest search precedence
DEBUG StandardEnvironment - Adding [systemEnvironment] PropertySource with lowest search precedence
DEBUG StandardEnvironment - Initialized StandardEnvironment with PropertySources [systemProperties,systemEnvironment]
DEBUG PathMatchingResourcePatternResolver - Looking for matching resources in directory tree [C:\Users\chq-jamesgl\STS_work2\finalprojectgleixner\target\classes\com\expeditors\training\course3demo\dao]
DEBUG PathMatchingResourcePatternResolver - Searching directory [C:\Users\chq-jamesgl\STS_work2\finalprojectgleixner\target\classes\com\expeditors\training\course3demo\dao] for files matching pattern [C:/Users/chq-jamesgl/STS_work2/finalprojectgleixner/target/classes/com/expeditors/training/course3demo/dao/**/*.class]
DEBUG PathMatchingResourcePatternResolver - Resolved location pattern [classpath*:com/expeditors/training/course3demo/dao/**/*.class] to resources [file [C:\Users\chq-jamesgl\STS_work2\finalprojectgleixner\target\classes\com\expeditors\training\course3demo\dao\ContainerRepository.class]]
DEBUG RepositoryComponentProvider - Identified candidate component class: file [C:\Users\chq-jamesgl\STS_work2\finalprojectgleixner\target\classes\com\expeditors\training\course3demo\dao\ContainerRepository.class]
DEBUG StandardEnvironment - Initializing new StandardEnvironment
DEBUG StandardEnvironment - Adding [systemProperties] PropertySource with lowest search precedence
DEBUG StandardEnvironment - Adding [systemEnvironment] PropertySource with lowest search precedence
DEBUG StandardEnvironment - Initialized StandardEnvironment with PropertySources [systemProperties,systemEnvironment]
DEBUG PathMatchingResourcePatternResolver - Looking for matching resources in directory tree [C:\Users\chq-jamesgl\STS_work2\finalprojectgleixner\target\classes\com\expeditors\training\course3demo\dao]
DEBUG PathMatchingResourcePatternResolver - Searching directory [C:\Users\chq-jamesgl\STS_work2\finalprojectgleixner\target\classes\com\expeditors\training\course3demo\dao] for files matching pattern [C:/Users/chq-jamesgl/STS_work2/finalprojectgleixner/target/classes/com/expeditors/training/course3demo/dao/**/*.class]
DEBUG PathMatchingResourcePatternResolver - Resolved location pattern [classpath*:com/expeditors/training/course3demo/dao/**/*.class] to resources [file [C:\Users\chq-jamesgl\STS_work2\finalprojectgleixner\target\classes\com\expeditors\training\course3demo\dao\ContainerRepository.class]]
DEBUG ConfigurationClassBeanDefinitionReader - Registered bean definition for imported @Configuration class org.springframework.web.servlet.config.annotation.DelegatingWebMvcConfiguration
DEBUG ConfigurationClassBeanDefinitionReader - Registering bean definition for @Bean method org.springframework.web.servlet.config.annotation.DelegatingWebMvcConfiguration.simpleControllerHandlerAdapter()
DEBUG ConfigurationClassBeanDefinitionReader - Registering bean definition for @Bean method org.springframework.web.servlet.config.annotation.DelegatingWebMvcConfiguration.mvcValidator()
DEBUG ConfigurationClassBeanDefinitionReader - Registering bean definition for @Bean method org.springframework.web.servlet.config.annotation.DelegatingWebMvcConfiguration.requestMappingHandlerMapping()
DEBUG ConfigurationClassBeanDefinitionReader - Registering bean definition for @Bean method org.springframework.web.servlet.config.annotation.DelegatingWebMvcConfiguration.mvcContentNegotiationManager()
DEBUG ConfigurationClassBeanDefinitionReader - Registering bean definition for @Bean method org.springframework.web.servlet.config.annotation.DelegatingWebMvcConfiguration.viewControllerHandlerMapping()
DEBUG ConfigurationClassBeanDefinitionReader - Registering bean definition for @Bean method org.springframework.web.servlet.config.annotation.DelegatingWebMvcConfiguration.beanNameHandlerMapping()
DEBUG ConfigurationClassBeanDefinitionReader - Registering bean definition for @Bean method org.springframework.web.servlet.config.annotation.DelegatingWebMvcConfiguration.resourceHandlerMapping()
DEBUG ConfigurationClassBeanDefinitionReader - Registering bean definition for @Bean method org.springframework.web.servlet.config.annotation.DelegatingWebMvcConfiguration.defaultServletHandlerMapping()
DEBUG ConfigurationClassBeanDefinitionReader - Registering bean definition for @Bean method org.springframework.web.servlet.config.annotation.DelegatingWebMvcConfiguration.requestMappingHandlerAdapter()
DEBUG ConfigurationClassBeanDefinitionReader - Registering bean definition for @Bean method org.springframework.web.servlet.config.annotation.DelegatingWebMvcConfiguration.mvcConversionService()
DEBUG ConfigurationClassBeanDefinitionReader - Registering bean definition for @Bean method org.springframework.web.servlet.config.annotation.DelegatingWebMvcConfiguration.httpRequestHandlerAdapter()
DEBUG ConfigurationClassBeanDefinitionReader - Registering bean definition for @Bean method org.springframework.web.servlet.config.annotation.DelegatingWebMvcConfiguration.handlerExceptionResolver()
DEBUG ConfigurationClassBeanDefinitionReader - Registered bean definition for imported @Configuration class com.expeditors.training.course3demo.config.PersistenceJPATestConfig
DEBUG ConfigurationClassBeanDefinitionReader - Registering bean definition for @Bean method com.expeditors.training.course3demo.config.PersistenceJPATestConfig.entityManagerFactory()
DEBUG ConfigurationClassBeanDefinitionReader - Registering bean definition for @Bean method com.expeditors.training.course3demo.config.PersistenceJPATestConfig.dataSource()
DEBUG ConfigurationClassBeanDefinitionReader - Registering bean definition for @Bean method com.expeditors.training.course3demo.config.TestConfig.productService()
DEBUG ConfigurationClassBeanDefinitionReader - Registering bean definition for @Bean method com.expeditors.training.course3demo.config.TestConfig.securityService()
DEBUG ConfigurationClassBeanDefinitionReader - Registering bean definition for @Bean method com.expeditors.training.course3demo.config.TestConfig.shipmentService()
DEBUG ConfigurationClassBeanDefinitionReader - Registering bean definition for @Bean method com.expeditors.training.course3demo.config.TestConfig.containerService()
DEBUG ConfigurationClassBeanDefinitionReader - Skipping loading bean definition for [BeanMethod:name=containerRepository,declaringClass=com.expeditors.training.course3demo.config.TestConfig]: a definition for bean &apos;containerRepository&apos; already exists. This is likely due to an override in XML.
DEBUG ConfigurationClassBeanDefinitionReader - Registering bean definition for @Bean method com.expeditors.training.course3demo.config.TestConfig.aggregateFactory()
DEBUG ConfigurationClassBeanDefinitionReader - Registering bean definition for @Bean method com.expeditors.training.course3demo.config.TestConfig.viewResolver()
DEBUG ConfigurationClassBeanDefinitionReader - Registering bean definition for @Bean method com.expeditors.training.course3demo.config.TestConfig.cardService()
DEBUG ConfigurationClassEnhancer - Successfully enhanced com.expeditors.training.course3demo.config.TestConfig; enhanced class name is: com.expeditors.training.course3demo.config.TestConfig$$EnhancerByCGLIB$$54097cf0
DEBUG ConfigurationClassPostProcessor - Replacing bean definition &apos;testConfig&apos; existing class name &apos;com.expeditors.training.course3demo.config.TestConfig&apos; with enhanced class name &apos;com.expeditors.training.course3demo.config.TestConfig$$EnhancerByCGLIB$$54097cf0&apos;
DEBUG ConfigurationClassEnhancer - Successfully enhanced org.springframework.web.servlet.config.annotation.DelegatingWebMvcConfiguration; enhanced class name is: org.springframework.web.servlet.config.annotation.DelegatingWebMvcConfiguration$$EnhancerByCGLIB$$4a8bba50
DEBUG ConfigurationClassPostProcessor - Replacing bean definition &apos;org.springframework.web.servlet.config.annotation.DelegatingWebMvcConfiguration&apos; existing class name &apos;org.springframework.web.servlet.config.annotation.DelegatingWebMvcConfiguration&apos; with enhanced class name &apos;org.springframework.web.servlet.config.annotation.DelegatingWebMvcConfiguration$$EnhancerByCGLIB$$4a8bba50&apos;
DEBUG ConfigurationClassEnhancer - Successfully enhanced com.expeditors.training.course3demo.config.PersistenceJPATestConfig; enhanced class name is: com.expeditors.training.course3demo.config.PersistenceJPATestConfig$$EnhancerByCGLIB$$9ff0500c
DEBUG ConfigurationClassPostProcessor - Replacing bean definition &apos;com.expeditors.training.course3demo.config.PersistenceJPATestConfig&apos; existing class name &apos;com.expeditors.training.course3demo.config.PersistenceJPATestConfig&apos; with enhanced class name &apos;com.expeditors.training.course3demo.config.PersistenceJPATestConfig$$EnhancerByCGLIB$$9ff0500c&apos;
DEBUG DefaultListableBeanFactory - Creating shared instance of singleton bean &apos;org.springframework.context.annotation.internalAutowiredAnnotationProcessor&apos;
DEBUG DefaultListableBeanFactory - Creating instance of bean &apos;org.springframework.context.annotation.internalAutowiredAnnotationProcessor&apos;
DEBUG DefaultListableBeanFactory - Eagerly caching bean &apos;org.springframework.context.annotation.internalAutowiredAnnotationProcessor&apos; to allow for resolving potential circular references
DEBUG DefaultListableBeanFactory - Finished creating instance of bean &apos;org.springframework.context.annotation.internalAutowiredAnnotationProcessor&apos;
DEBUG DefaultListableBeanFactory - Creating shared instance of singleton bean &apos;org.springframework.context.annotation.internalRequiredAnnotationProcessor&apos;
DEBUG DefaultListableBeanFactory - Creating instance of bean &apos;org.springframework.context.annotation.internalRequiredAnnotationProcessor&apos;
DEBUG DefaultListableBeanFactory - Eagerly caching bean &apos;org.springframework.context.annotation.internalRequiredAnnotationProcessor&apos; to allow for resolving potential circular references
DEBUG DefaultListableBeanFactory - Finished creating instance of bean &apos;org.springframework.context.annotation.internalRequiredAnnotationProcessor&apos;
DEBUG DefaultListableBeanFactory - Creating shared instance of singleton bean &apos;org.springframework.context.annotation.internalCommonAnnotationProcessor&apos;
DEBUG DefaultListableBeanFactory - Creating instance of bean &apos;org.springframework.context.annotation.internalCommonAnnotationProcessor&apos;
DEBUG DefaultListableBeanFactory - Eagerly caching bean &apos;org.springframework.context.annotation.internalCommonAnnotationProcessor&apos; to allow for resolving potential circular references
DEBUG DefaultListableBeanFactory - Finished creating instance of bean &apos;org.springframework.context.annotation.internalCommonAnnotationProcessor&apos;
DEBUG DefaultListableBeanFactory - Creating shared instance of singleton bean &apos;org.springframework.context.annotation.internalPersistenceAnnotationProcessor&apos;
DEBUG DefaultListableBeanFactory - Creating instance of bean &apos;org.springframework.context.annotation.internalPersistenceAnnotationProcessor&apos;
DEBUG DefaultListableBeanFactory - Eagerly caching bean &apos;org.springframework.context.annotation.internalPersistenceAnnotationProcessor&apos; to allow for resolving potential circular references
DEBUG DefaultListableBeanFactory - Finished creating instance of bean &apos;org.springframework.context.annotation.internalPersistenceAnnotationProcessor&apos;
DEBUG DefaultListableBeanFactory - Creating shared instance of singleton bean &apos;org.springframework.context.annotation.ConfigurationClassPostProcessor.importAwareProcessor&apos;
DEBUG DefaultListableBeanFactory - Creating instance of bean &apos;org.springframework.context.annotation.ConfigurationClassPostProcessor.importAwareProcessor&apos;
DEBUG DefaultListableBeanFactory - Eagerly caching bean &apos;org.springframework.context.annotation.ConfigurationClassPostProcessor.importAwareProcessor&apos; to allow for resolving potential circular references
DEBUG DefaultListableBeanFactory - Finished creating instance of bean &apos;org.springframework.context.annotation.ConfigurationClassPostProcessor.importAwareProcessor&apos;
DEBUG DefaultListableBeanFactory - Creating shared instance of singleton bean &apos;org.springframework.dao.annotation.PersistenceExceptionTranslationPostProcessor#0&apos;
DEBUG DefaultListableBeanFactory - Creating instance of bean &apos;org.springframework.dao.annotation.PersistenceExceptionTranslationPostProcessor#0&apos;
DEBUG DefaultListableBeanFactory - Eagerly caching bean &apos;org.springframework.dao.annotation.PersistenceExceptionTranslationPostProcessor#0&apos; to allow for resolving potential circular references
DEBUG DefaultListableBeanFactory - Creating shared instance of singleton bean &apos;entityManagerFactory&apos;
DEBUG DefaultListableBeanFactory - Creating instance of bean &apos;entityManagerFactory&apos;
DEBUG DefaultListableBeanFactory - Creating shared instance of singleton bean &apos;com.expeditors.training.course3demo.config.PersistenceJPATestConfig&apos;
DEBUG DefaultListableBeanFactory - Creating instance of bean &apos;com.expeditors.training.course3demo.config.PersistenceJPATestConfig&apos;
DEBUG InjectionMetadata - Registered injected element on class [com.expeditors.training.course3demo.config.PersistenceJPATestConfig$$EnhancerByCGLIB$$9ff0500c]: AutowiredFieldElement for private org.springframework.core.env.Environment com.expeditors.training.course3demo.config.PersistenceJPATestConfig.environment
DEBUG DefaultListableBeanFactory - Eagerly caching bean &apos;com.expeditors.training.course3demo.config.PersistenceJPATestConfig&apos; to allow for resolving potential circular references
DEBUG InjectionMetadata - Processing injected method of bean &apos;com.expeditors.training.course3demo.config.PersistenceJPATestConfig&apos;: AutowiredFieldElement for private org.springframework.core.env.Environment com.expeditors.training.course3demo.config.PersistenceJPATestConfig.environment
DEBUG DefaultListableBeanFactory - Returning cached instance of singleton bean &apos;environment&apos;
DEBUG AutowiredAnnotationBeanPostProcessor - Autowiring by type from bean name &apos;com.expeditors.training.course3demo.config.PersistenceJPATestConfig&apos; to bean named &apos;environment&apos;
INFO  GenericWebApplicationContext - Bean &apos;com.expeditors.training.course3demo.config.PersistenceJPATestConfig&apos; of type [class com.expeditors.training.course3demo.config.PersistenceJPATestConfig$$EnhancerByCGLIB$$9ff0500c] is not eligible for getting processed by all BeanPostProcessors (for example: not eligible for auto-proxying)
DEBUG DefaultListableBeanFactory - Finished creating instance of bean &apos;com.expeditors.training.course3demo.config.PersistenceJPATestConfig&apos;
DEBUG DefaultListableBeanFactory - Creating shared instance of singleton bean &apos;dataSource&apos;
DEBUG DefaultListableBeanFactory - Creating instance of bean &apos;dataSource&apos;
DEBUG DefaultListableBeanFactory - Returning cached instance of singleton bean &apos;com.expeditors.training.course3demo.config.PersistenceJPATestConfig&apos;
INFO  DriverManagerDataSource - Loaded JDBC driver: org.hsqldb.jdbcDriver
DEBUG DefaultListableBeanFactory - Eagerly caching bean &apos;dataSource&apos; to allow for resolving potential circular references
INFO  GenericWebApplicationContext - Bean &apos;dataSource&apos; of type [class org.springframework.jdbc.datasource.DriverManagerDataSource] is not eligible for getting processed by all BeanPostProcessors (for example: not eligible for auto-proxying)
DEBUG DefaultListableBeanFactory - Finished creating instance of bean &apos;dataSource&apos;
DEBUG DefaultListableBeanFactory - Eagerly caching bean &apos;entityManagerFactory&apos; to allow for resolving potential circular references
DEBUG DefaultListableBeanFactory - Invoking afterPropertiesSet() on bean with name &apos;entityManagerFactory&apos;
DEBUG PathMatchingResourcePatternResolver - Looking for matching resources in directory tree [C:\Users\chq-jamesgl\STS_work2\finalprojectgleixner\target\classes\com\expeditors\training\course3demo\model]
DEBUG PathMatchingResourcePatternResolver - Searching directory [C:\Users\chq-jamesgl\STS_work2\finalprojectgleixner\target\classes\com\expeditors\training\course3demo\model] for files matching pattern [C:/Users/chq-jamesgl/STS_work2/finalprojectgleixner/target/classes/com/expeditors/training/course3demo/model/**/*.class]
DEBUG PathMatchingResourcePatternResolver - Resolved location pattern [classpath*:com/expeditors/training/course3demo/model/**/*.class] to resources [file [C:\Users\chq-jamesgl\STS_work2\finalprojectgleixner\target\classes\com\expeditors\training\course3demo\model\Address.class], file [C:\Users\chq-jamesgl\STS_work2\finalprojectgleixner\target\classes\com\expeditors\training\course3demo\model\Card.class], file [C:\Users\chq-jamesgl\STS_work2\finalprojectgleixner\target\classes\com\expeditors\training\course3demo\model\CardProductBuys.class], file [C:\Users\chq-jamesgl\STS_work2\finalprojectgleixner\target\classes\com\expeditors\training\course3demo\model\Container.class], file [C:\Users\chq-jamesgl\STS_work2\finalprojectgleixner\target\classes\com\expeditors\training\course3demo\model\PhoneNumber.class], file [C:\Users\chq-jamesgl\STS_work2\finalprojectgleixner\target\classes\com\expeditors\training\course3demo\model\Product.class], file [C:\Users\chq-jamesgl\STS_work2\finalprojectgleixner\target\classes\com\expeditors\training\course3demo\model\Shipment.class], file [C:\Users\chq-jamesgl\STS_work2\finalprojectgleixner\target\classes\com\expeditors\training\course3demo\model\ShipmentContainerAssociation.class], file [C:\Users\chq-jamesgl\STS_work2\finalprojectgleixner\target\classes\com\expeditors\training\course3demo\model\UserAccount.class], file [C:\Users\chq-jamesgl\STS_work2\finalprojectgleixner\target\classes\com\expeditors\training\course3demo\model\UserRole.class]]
INFO  LocalContainerEntityManagerFactoryBean - Building JPA container EntityManagerFactory for persistence unit &apos;default&apos;
DEBUG BasicTypeRegistry - Adding type registration boolean -&gt; org.hibernate.type.BooleanType@403f6984
DEBUG BasicTypeRegistry - Adding type registration boolean -&gt; org.hibernate.type.BooleanType@403f6984
DEBUG BasicTypeRegistry - Adding type registration java.lang.Boolean -&gt; org.hibernate.type.BooleanType@403f6984
DEBUG BasicTypeRegistry - Adding type registration numeric_boolean -&gt; org.hibernate.type.NumericBooleanType@4a7036f3
DEBUG BasicTypeRegistry - Adding type registration true_false -&gt; org.hibernate.type.TrueFalseType@72e0be6
DEBUG BasicTypeRegistry - Adding type registration yes_no -&gt; org.hibernate.type.YesNoType@43119cb8
DEBUG BasicTypeRegistry - Adding type registration byte -&gt; org.hibernate.type.ByteType@166355f1
DEBUG BasicTypeRegistry - Adding type registration byte -&gt; org.hibernate.type.ByteType@166355f1
DEBUG BasicTypeRegistry - Adding type registration java.lang.Byte -&gt; org.hibernate.type.ByteType@166355f1
DEBUG BasicTypeRegistry - Adding type registration character -&gt; org.hibernate.type.CharacterType@7d76d5d3
DEBUG BasicTypeRegistry - Adding type registration char -&gt; org.hibernate.type.CharacterType@7d76d5d3
DEBUG BasicTypeRegistry - Adding type registration java.lang.Character -&gt; org.hibernate.type.CharacterType@7d76d5d3
DEBUG BasicTypeRegistry - Adding type registration short -&gt; org.hibernate.type.ShortType@66a51748
DEBUG BasicTypeRegistry - Adding type registration short -&gt; org.hibernate.type.ShortType@66a51748
DEBUG BasicTypeRegistry - Adding type registration java.lang.Short -&gt; org.hibernate.type.ShortType@66a51748
DEBUG BasicTypeRegistry - Adding type registration integer -&gt; org.hibernate.type.IntegerType@639e075e
DEBUG BasicTypeRegistry - Adding type registration int -&gt; org.hibernate.type.IntegerType@639e075e
DEBUG BasicTypeRegistry - Adding type registration java.lang.Integer -&gt; org.hibernate.type.IntegerType@639e075e
DEBUG BasicTypeRegistry - Adding type registration long -&gt; org.hibernate.type.LongType@342bcdc
DEBUG BasicTypeRegistry - Adding type registration long -&gt; org.hibernate.type.LongType@342bcdc
DEBUG BasicTypeRegistry - Adding type registration java.lang.Long -&gt; org.hibernate.type.LongType@342bcdc
DEBUG BasicTypeRegistry - Adding type registration float -&gt; org.hibernate.type.FloatType@27ef6570
DEBUG BasicTypeRegistry - Adding type registration float -&gt; org.hibernate.type.FloatType@27ef6570
DEBUG BasicTypeRegistry - Adding type registration java.lang.Float -&gt; org.hibernate.type.FloatType@27ef6570
DEBUG BasicTypeRegistry - Adding type registration double -&gt; org.hibernate.type.DoubleType@2b75718c
DEBUG BasicTypeRegistry - Adding type registration double -&gt; org.hibernate.type.DoubleType@2b75718c
DEBUG BasicTypeRegistry - Adding type registration java.lang.Double -&gt; org.hibernate.type.DoubleType@2b75718c
DEBUG BasicTypeRegistry - Adding type registration big_decimal -&gt; org.hibernate.type.BigDecimalType@7724fc67
DEBUG BasicTypeRegistry - Adding type registration java.math.BigDecimal -&gt; org.hibernate.type.BigDecimalType@7724fc67
DEBUG BasicTypeRegistry - Adding type registration big_integer -&gt; org.hibernate.type.BigIntegerType@a8be055
DEBUG BasicTypeRegistry - Adding type registration java.math.BigInteger -&gt; org.hibernate.type.BigIntegerType@a8be055
DEBUG BasicTypeRegistry - Adding type registration string -&gt; org.hibernate.type.StringType@2de2e3bf
DEBUG BasicTypeRegistry - Adding type registration java.lang.String -&gt; org.hibernate.type.StringType@2de2e3bf
DEBUG BasicTypeRegistry - Adding type registration nstring -&gt; org.hibernate.type.StringNVarcharType@49c3c8e
DEBUG BasicTypeRegistry - Adding type registration ncharacter -&gt; org.hibernate.type.CharacterNCharType@25379757
DEBUG BasicTypeRegistry - Adding type registration url -&gt; org.hibernate.type.UrlType@100b7c24
DEBUG BasicTypeRegistry - Adding type registration java.net.URL -&gt; org.hibernate.type.UrlType@100b7c24
DEBUG BasicTypeRegistry - Adding type registration date -&gt; org.hibernate.type.DateType@79adf9f1
DEBUG BasicTypeRegistry - Adding type registration java.sql.Date -&gt; org.hibernate.type.DateType@79adf9f1
DEBUG BasicTypeRegistry - Adding type registration time -&gt; org.hibernate.type.TimeType@3d2bde69
DEBUG BasicTypeRegistry - Adding type registration java.sql.Time -&gt; org.hibernate.type.TimeType@3d2bde69
DEBUG BasicTypeRegistry - Adding type registration timestamp -&gt; org.hibernate.type.TimestampType@4e074784
DEBUG BasicTypeRegistry - Adding type registration java.sql.Timestamp -&gt; org.hibernate.type.TimestampType@4e074784
DEBUG BasicTypeRegistry - Adding type registration java.util.Date -&gt; org.hibernate.type.TimestampType@4e074784
DEBUG BasicTypeRegistry - Adding type registration dbtimestamp -&gt; org.hibernate.type.DbTimestampType@40c10930
DEBUG BasicTypeRegistry - Adding type registration calendar -&gt; org.hibernate.type.CalendarType@42c178dc
DEBUG BasicTypeRegistry - Adding type registration java.util.Calendar -&gt; org.hibernate.type.CalendarType@42c178dc
DEBUG BasicTypeRegistry - Adding type registration java.util.GregorianCalendar -&gt; org.hibernate.type.CalendarType@42c178dc
DEBUG BasicTypeRegistry - Adding type registration calendar_date -&gt; org.hibernate.type.CalendarDateType@6f923ac8
DEBUG BasicTypeRegistry - Adding type registration locale -&gt; org.hibernate.type.LocaleType@107d0f44
DEBUG BasicTypeRegistry - Adding type registration java.util.Locale -&gt; org.hibernate.type.LocaleType@107d0f44
DEBUG BasicTypeRegistry - Adding type registration currency -&gt; org.hibernate.type.CurrencyType@48537945
DEBUG BasicTypeRegistry - Adding type registration java.util.Currency -&gt; org.hibernate.type.CurrencyType@48537945
DEBUG BasicTypeRegistry - Adding type registration timezone -&gt; org.hibernate.type.TimeZoneType@5e1d90a3
DEBUG BasicTypeRegistry - Adding type registration java.util.TimeZone -&gt; org.hibernate.type.TimeZoneType@5e1d90a3
DEBUG BasicTypeRegistry - Adding type registration class -&gt; org.hibernate.type.ClassType@21a77fe9
DEBUG BasicTypeRegistry - Adding type registration java.lang.Class -&gt; org.hibernate.type.ClassType@21a77fe9
DEBUG BasicTypeRegistry - Adding type registration uuid-binary -&gt; org.hibernate.type.UUIDBinaryType@18e73d0
DEBUG BasicTypeRegistry - Adding type registration java.util.UUID -&gt; org.hibernate.type.UUIDBinaryType@18e73d0
DEBUG BasicTypeRegistry - Adding type registration uuid-char -&gt; org.hibernate.type.UUIDCharType@7791d63a
DEBUG BasicTypeRegistry - Adding type registration pg-uuid -&gt; org.hibernate.type.PostgresUUIDType@5f3ef269
DEBUG BasicTypeRegistry - Adding type registration binary -&gt; org.hibernate.type.BinaryType@1e059ae6
DEBUG BasicTypeRegistry - Adding type registration byte[] -&gt; org.hibernate.type.BinaryType@1e059ae6
DEBUG BasicTypeRegistry - Adding type registration [B -&gt; org.hibernate.type.BinaryType@1e059ae6
DEBUG BasicTypeRegistry - Adding type registration wrapper-binary -&gt; org.hibernate.type.WrapperBinaryType@6a5fa2bf
DEBUG BasicTypeRegistry - Adding type registration Byte[] -&gt; org.hibernate.type.WrapperBinaryType@6a5fa2bf
DEBUG BasicTypeRegistry - Adding type registration [Ljava.lang.Byte; -&gt; org.hibernate.type.WrapperBinaryType@6a5fa2bf
DEBUG BasicTypeRegistry - Adding type registration image -&gt; org.hibernate.type.ImageType@259f6cf5
DEBUG BasicTypeRegistry - Adding type registration characters -&gt; org.hibernate.type.CharArrayType@10dd771b
DEBUG BasicTypeRegistry - Adding type registration char[] -&gt; org.hibernate.type.CharArrayType@10dd771b
DEBUG BasicTypeRegistry - Adding type registration [C -&gt; org.hibernate.type.CharArrayType@10dd771b
DEBUG BasicTypeRegistry - Adding type registration wrapper-characters -&gt; org.hibernate.type.CharacterArrayType@40fe8318
DEBUG BasicTypeRegistry - Adding type registration [Ljava.lang.Character; -&gt; org.hibernate.type.CharacterArrayType@40fe8318
DEBUG BasicTypeRegistry - Adding type registration Character[] -&gt; org.hibernate.type.CharacterArrayType@40fe8318
DEBUG BasicTypeRegistry - Adding type registration text -&gt; org.hibernate.type.TextType@66b9b45f
DEBUG BasicTypeRegistry - Adding type registration ntext -&gt; org.hibernate.type.NTextType@628d03a6
DEBUG BasicTypeRegistry - Adding type registration blob -&gt; org.hibernate.type.BlobType@c69d7ee
DEBUG BasicTypeRegistry - Adding type registration java.sql.Blob -&gt; org.hibernate.type.BlobType@c69d7ee
DEBUG BasicTypeRegistry - Adding type registration materialized_blob -&gt; org.hibernate.type.MaterializedBlobType@a45d5e3
DEBUG BasicTypeRegistry - Adding type registration clob -&gt; org.hibernate.type.ClobType@3bc91eb3
DEBUG BasicTypeRegistry - Adding type registration java.sql.Clob -&gt; org.hibernate.type.ClobType@3bc91eb3
DEBUG BasicTypeRegistry - Adding type registration nclob -&gt; org.hibernate.type.NClobType@4841798b
DEBUG BasicTypeRegistry - Adding type registration java.sql.NClob -&gt; org.hibernate.type.NClobType@4841798b
DEBUG BasicTypeRegistry - Adding type registration materialized_clob -&gt; org.hibernate.type.MaterializedClobType@553beecf
DEBUG BasicTypeRegistry - Adding type registration materialized_nclob -&gt; org.hibernate.type.MaterializedNClobType@7f2d301f
DEBUG BasicTypeRegistry - Adding type registration serializable -&gt; org.hibernate.type.SerializableType@4edb440a
DEBUG BasicTypeRegistry - Adding type registration object -&gt; org.hibernate.type.ObjectType@527c992e
DEBUG BasicTypeRegistry - Adding type registration java.lang.Object -&gt; org.hibernate.type.ObjectType@527c992e
DEBUG BasicTypeRegistry - Adding type registration imm_date -&gt; org.hibernate.type.AdaptedImmutableType@3aa9cb64
DEBUG BasicTypeRegistry - Adding type registration imm_time -&gt; org.hibernate.type.AdaptedImmutableType@61683052
DEBUG BasicTypeRegistry - Adding type registration imm_timestamp -&gt; org.hibernate.type.AdaptedImmutableType@7f3c8973
DEBUG BasicTypeRegistry - Adding type registration imm_dbtimestamp -&gt; org.hibernate.type.AdaptedImmutableType@5f641e47
DEBUG BasicTypeRegistry - Adding type registration imm_calendar -&gt; org.hibernate.type.AdaptedImmutableType@25fff83e
DEBUG BasicTypeRegistry - Adding type registration imm_calendar_date -&gt; org.hibernate.type.AdaptedImmutableType@4802c1ef
DEBUG BasicTypeRegistry - Adding type registration imm_binary -&gt; org.hibernate.type.AdaptedImmutableType@2d0a56d8
DEBUG BasicTypeRegistry - Adding type registration imm_serializable -&gt; org.hibernate.type.AdaptedImmutableType@1cb9602
DEBUG DefaultIdentifierGeneratorFactory - Registering IdentifierGenerator strategy [uuid2] -&gt; [org.hibernate.id.UUIDGenerator]
DEBUG DefaultIdentifierGeneratorFactory - Registering IdentifierGenerator strategy [guid] -&gt; [org.hibernate.id.GUIDGenerator]
DEBUG DefaultIdentifierGeneratorFactory - Registering IdentifierGenerator strategy [uuid] -&gt; [org.hibernate.id.UUIDHexGenerator]
DEBUG DefaultIdentifierGeneratorFactory - Registering IdentifierGenerator strategy [uuid.hex] -&gt; [org.hibernate.id.UUIDHexGenerator]
DEBUG DefaultIdentifierGeneratorFactory - Registering IdentifierGenerator strategy [hilo] -&gt; [org.hibernate.id.TableHiLoGenerator]
DEBUG DefaultIdentifierGeneratorFactory - Registering IdentifierGenerator strategy [assigned] -&gt; [org.hibernate.id.Assigned]
DEBUG DefaultIdentifierGeneratorFactory - Registering IdentifierGenerator strategy [identity] -&gt; [org.hibernate.id.IdentityGenerator]
DEBUG DefaultIdentifierGeneratorFactory - Registering IdentifierGenerator strategy [select] -&gt; [org.hibernate.id.SelectGenerator]
DEBUG DefaultIdentifierGeneratorFactory - Registering IdentifierGenerator strategy [sequence] -&gt; [org.hibernate.id.SequenceGenerator]
DEBUG DefaultIdentifierGeneratorFactory - Registering IdentifierGenerator strategy [seqhilo] -&gt; [org.hibernate.id.SequenceHiLoGenerator]
DEBUG DefaultIdentifierGeneratorFactory - Registering IdentifierGenerator strategy [increment] -&gt; [org.hibernate.id.IncrementGenerator]
DEBUG DefaultIdentifierGeneratorFactory - Registering IdentifierGenerator strategy [foreign] -&gt; [org.hibernate.id.ForeignGenerator]
DEBUG DefaultIdentifierGeneratorFactory - Registering IdentifierGenerator strategy [sequence-identity] -&gt; [org.hibernate.id.SequenceIdentityGenerator]
DEBUG DefaultIdentifierGeneratorFactory - Registering IdentifierGenerator strategy [enhanced-sequence] -&gt; [org.hibernate.id.enhanced.SequenceStyleGenerator]
DEBUG DefaultIdentifierGeneratorFactory - Registering IdentifierGenerator strategy [enhanced-table] -&gt; [org.hibernate.id.enhanced.TableGenerator]
DEBUG Ejb3Configuration - Processing PersistenceUnitInfo [
	name: default
	persistence provider classname: null
	classloader: sun.misc.Launcher$AppClassLoader@7132c515
	Temporary classloader: org.springframework.instrument.classloading.SimpleThrowawayClassLoader@5ce55e39
	excludeUnlistedClasses: true
	JTA datasource: null
	Non JTA datasource: org.springframework.jdbc.datasource.DriverManagerDataSource@568d1fd4
	Transaction type: RESOURCE_LOCAL
	PU root URL: file:/C:/Users/chq-jamesgl/STS_work2/finalprojectgleixner/target/test-classes/
	Shared Cache Mode: UNSPECIFIED
	Validation Mode: AUTO
	Jar files URLs []
	Managed classes names [
		com.expeditors.training.course3demo.model.Address
		com.expeditors.training.course3demo.model.Card
		com.expeditors.training.course3demo.model.CardProductBuys
		com.expeditors.training.course3demo.model.Container
		com.expeditors.training.course3demo.model.PhoneNumber
		com.expeditors.training.course3demo.model.Product
		com.expeditors.training.course3demo.model.Shipment
		com.expeditors.training.course3demo.model.ShipmentContainerAssociation
		com.expeditors.training.course3demo.model.UserAccount
		com.expeditors.training.course3demo.model.UserRole]
	Mapping files names []
	Properties []
DEBUG Ejb3Configuration - Detect class: true; detect hbm: true
DEBUG AbstractJarVisitor - Searching mapped entities in jar/par: file:/C:/Users/chq-jamesgl/STS_work2/finalprojectgleixner/target/test-classes/
DEBUG AbstractJarVisitor - Filtering: com.expeditors.training.course3demo.config.PersistenceJPATestConfig
DEBUG AbstractJarVisitor - Filtering: com.expeditors.training.course3demo.config.ServiceTestConfig
DEBUG AbstractJarVisitor - Filtering: com.expeditors.training.course3demo.config.TestConfig
DEBUG AbstractJarVisitor - Filtering: com.expeditors.training.course3demo.controller.ContainerControllerTest
DEBUG AbstractJarVisitor - Filtering: com.expeditors.training.course3demo.controller.ProductControllerTest
DEBUG AbstractJarVisitor - Filtering: com.expeditors.training.course3demo.controller.ShipmentControllerTest
DEBUG AbstractJarVisitor - Filtering: com.expeditors.training.course3demo.service.ContainerServiceTest
DEBUG AbstractJarVisitor - Filtering: com.expeditors.training.course3demo.service.ProductServiceTest
DEBUG AbstractJarVisitor - Filtering: com.expeditors.training.course3demo.service.ShipmentServiceTest
DEBUG IntegratorServiceImpl - Adding Integrator [org.hibernate.cfg.beanvalidation.BeanValidationIntegrator].
DEBUG IntegratorServiceImpl - Adding Integrator [org.hibernate.ejb.event.JpaIntegrator].
DEBUG NamingHelper - No JNDI name configured for binding Ejb3Configuration
DEBUG Configuration - Preparing to build session factory with filters : {}
DEBUG Configuration - Processing hbm.xml files
DEBUG Configuration - Process annotated classes
DEBUG AnnotationBinder - Binding entity from annotated class: com.expeditors.training.course3demo.model.Address
DEBUG Ejb3Column - Binding column: Ejb3DiscriminatorColumn{logicalColumnName&apos;DTYPE&apos;, discriminatorTypeName=&apos;string&apos;}
DEBUG EntityBinder - Import with entity name Address
DEBUG EntityBinder - Bind entity com.expeditors.training.course3demo.model.Address on table ADDRESS
DEBUG Ejb3Column - Binding column: Ejb3Column{table=org.hibernate.mapping.Table(ADDRESS), mappingColumn=ADDRESS_ID, insertable=true, updatable=true, unique=false}
DEBUG PropertyBinder - MetadataSourceProcessor property id with lazy=false
DEBUG SimpleValueBinder - building SimpleValue for id
DEBUG PropertyBinder - Building property id
DEBUG Ejb3Column - Binding column: Ejb3Column{table=org.hibernate.mapping.Table(ADDRESS), mappingColumn=city, insertable=true, updatable=true, unique=false}
DEBUG PropertyBinder - MetadataSourceProcessor property city with lazy=false
DEBUG SimpleValueBinder - building SimpleValue for city
DEBUG PropertyBinder - Building property city
DEBUG Ejb3Column - Binding column: Ejb3Column{table=org.hibernate.mapping.Table(ADDRESS), mappingColumn=state, insertable=true, updatable=true, unique=false}
DEBUG PropertyBinder - MetadataSourceProcessor property state with lazy=false
DEBUG SimpleValueBinder - building SimpleValue for state
DEBUG PropertyBinder - Building property state
DEBUG Ejb3Column - Binding column: Ejb3Column{table=org.hibernate.mapping.Table(ADDRESS), mappingColumn=street, insertable=true, updatable=true, unique=false}
DEBUG PropertyBinder - MetadataSourceProcessor property street with lazy=false
DEBUG SimpleValueBinder - building SimpleValue for street
DEBUG PropertyBinder - Building property street
DEBUG AnnotationBinder - Binding entity from annotated class: com.expeditors.training.course3demo.model.Card
DEBUG Ejb3Column - Binding column: Ejb3DiscriminatorColumn{logicalColumnName&apos;DTYPE&apos;, discriminatorTypeName=&apos;string&apos;}
DEBUG EntityBinder - Import with entity name Card
DEBUG EntityBinder - Bind entity com.expeditors.training.course3demo.model.Card on table CARD
DEBUG Ejb3Column - Binding column: Ejb3Column{table=org.hibernate.mapping.Table(CARD), mappingColumn=CARD_ID, insertable=true, updatable=true, unique=false}
DEBUG PropertyBinder - MetadataSourceProcessor property id with lazy=false
DEBUG SimpleValueBinder - building SimpleValue for id
DEBUG PropertyBinder - Building property id
DEBUG Ejb3Column - Binding column: Ejb3JoinColumn{logicalColumnName=&apos;address&apos;, referencedColumn=&apos;&apos;, mappedBy=&apos;&apos;}
DEBUG Ejb3Column - Binding column: Ejb3Column{table=org.hibernate.mapping.Table(CARD), mappingColumn=address, insertable=true, updatable=true, unique=false}
DEBUG PropertyBinder - Building property address
DEBUG Ejb3Column - Binding column: Ejb3Column{table=org.hibernate.mapping.Table(CARD), mappingColumn=amount, insertable=true, updatable=true, unique=false}
DEBUG PropertyBinder - MetadataSourceProcessor property amount with lazy=false
DEBUG SimpleValueBinder - building SimpleValue for amount
DEBUG PropertyBinder - Building property amount
DEBUG Ejb3Column - Binding column: Ejb3JoinColumn{logicalColumnName=&apos;null&apos;, referencedColumn=&apos;null&apos;, mappedBy=&apos;card&apos;}
DEBUG Ejb3Column - Binding column: Ejb3Column{table=org.hibernate.mapping.Table(CARD), mappingColumn=boughtProducts, insertable=true, updatable=true, unique=false}
DEBUG Ejb3Column - Binding column: Ejb3Column{table=org.hibernate.mapping.Table(CARD), mappingColumn=null, insertable=true, updatable=true, unique=false}
DEBUG Ejb3Column - Binding column: Ejb3Column{table=org.hibernate.mapping.Table(CARD), mappingColumn=element, insertable=true, updatable=true, unique=false}
DEBUG Ejb3Column - Binding column: Ejb3Column{table=org.hibernate.mapping.Table(CARD), mappingColumn=boughtProducts_KEY, insertable=true, updatable=true, unique=false}
DEBUG Ejb3Column - Binding column: Ejb3JoinColumn{logicalColumnName=&apos;boughtProducts_KEY&apos;, referencedColumn=&apos;null&apos;, mappedBy=&apos;null&apos;}
DEBUG Ejb3Column - Binding column: Ejb3JoinColumn{logicalColumnName=&apos;null&apos;, referencedColumn=&apos;null&apos;, mappedBy=&apos;card&apos;}
DEBUG Ejb3Column - Binding column: Ejb3JoinColumn{logicalColumnName=&apos;null&apos;, referencedColumn=&apos;null&apos;, mappedBy=&apos;card&apos;}
DEBUG CollectionBinder - Collection role: com.expeditors.training.course3demo.model.Card.boughtProducts
DEBUG PropertyBinder - Building property boughtProducts
DEBUG Ejb3Column - Binding column: Ejb3Column{table=org.hibernate.mapping.Table(CARD), mappingColumn=CARD_NUMBER, insertable=true, updatable=true, unique=false}
DEBUG PropertyBinder - MetadataSourceProcessor property number with lazy=false
DEBUG SimpleValueBinder - building SimpleValue for number
DEBUG PropertyBinder - Building property number
DEBUG Ejb3Column - Binding column: Ejb3Column{table=org.hibernate.mapping.Table(CARD), mappingColumn=OWNER_NAME, insertable=true, updatable=true, unique=false}
DEBUG PropertyBinder - MetadataSourceProcessor property owner with lazy=false
DEBUG SimpleValueBinder - building SimpleValue for owner
DEBUG PropertyBinder - Building property owner
DEBUG Ejb3Column - Binding column: Ejb3JoinColumn{logicalColumnName=&apos;null&apos;, referencedColumn=&apos;null&apos;, mappedBy=&apos;card&apos;}
DEBUG Ejb3Column - Binding column: Ejb3Column{table=org.hibernate.mapping.Table(CARD), mappingColumn=phoneNumbers, insertable=true, updatable=true, unique=false}
DEBUG Ejb3Column - Binding column: Ejb3Column{table=org.hibernate.mapping.Table(CARD), mappingColumn=index, insertable=true, updatable=true, unique=false}
DEBUG Ejb3Column - Binding column: Ejb3Column{table=org.hibernate.mapping.Table(CARD), mappingColumn=element, insertable=true, updatable=true, unique=false}
DEBUG Ejb3Column - Binding column: Ejb3Column{table=org.hibernate.mapping.Table(CARD), mappingColumn=phoneNumbers_KEY, insertable=true, updatable=true, unique=false}
DEBUG Ejb3Column - Binding column: Ejb3JoinColumn{logicalColumnName=&apos;phoneNumbers_KEY&apos;, referencedColumn=&apos;null&apos;, mappedBy=&apos;null&apos;}
DEBUG Ejb3Column - Binding column: Ejb3JoinColumn{logicalColumnName=&apos;null&apos;, referencedColumn=&apos;null&apos;, mappedBy=&apos;card&apos;}
DEBUG Ejb3Column - Binding column: Ejb3JoinColumn{logicalColumnName=&apos;null&apos;, referencedColumn=&apos;null&apos;, mappedBy=&apos;card&apos;}
DEBUG CollectionBinder - Collection role: com.expeditors.training.course3demo.model.Card.phoneNumbers
DEBUG PropertyBinder - Building property phoneNumbers
DEBUG AnnotationBinder - Binding entity from annotated class: com.expeditors.training.course3demo.model.CardProductBuys
DEBUG Ejb3Column - Binding column: Ejb3DiscriminatorColumn{logicalColumnName&apos;DTYPE&apos;, discriminatorTypeName=&apos;string&apos;}
DEBUG EntityBinder - Import with entity name CardProductBuys
DEBUG EntityBinder - Bind entity com.expeditors.training.course3demo.model.CardProductBuys on table CARD_PRODUCT_BUYS
DEBUG Ejb3Column - Binding column: Ejb3Column{table=org.hibernate.mapping.Table(CARD_PRODUCT_BUYS), mappingColumn=ID, insertable=true, updatable=true, unique=false}
DEBUG PropertyBinder - MetadataSourceProcessor property id with lazy=false
DEBUG SimpleValueBinder - building SimpleValue for id
DEBUG PropertyBinder - Building property id
DEBUG Ejb3Column - Binding column: Ejb3JoinColumn{logicalColumnName=&apos;CARD_ID&apos;, referencedColumn=&apos;&apos;, mappedBy=&apos;&apos;}
DEBUG Ejb3Column - Binding column: Ejb3Column{table=org.hibernate.mapping.Table(CARD_PRODUCT_BUYS), mappingColumn=card, insertable=true, updatable=true, unique=false}
DEBUG PropertyBinder - Building property card
DEBUG Ejb3Column - Binding column: Ejb3Column{table=org.hibernate.mapping.Table(CARD_PRODUCT_BUYS), mappingColumn=DATE, insertable=true, updatable=true, unique=false}
DEBUG PropertyBinder - MetadataSourceProcessor property date with lazy=false
DEBUG SimpleValueBinder - building SimpleValue for date
DEBUG PropertyBinder - Building property date
DEBUG Ejb3Column - Binding column: Ejb3JoinColumn{logicalColumnName=&apos;Product_ID&apos;, referencedColumn=&apos;&apos;, mappedBy=&apos;&apos;}
DEBUG Ejb3Column - Binding column: Ejb3Column{table=org.hibernate.mapping.Table(CARD_PRODUCT_BUYS), mappingColumn=product, insertable=true, updatable=true, unique=false}
DEBUG PropertyBinder - Building property product
DEBUG AnnotationBinder - Binding entity from annotated class: com.expeditors.training.course3demo.model.Container
DEBUG Ejb3Column - Binding column: Ejb3DiscriminatorColumn{logicalColumnName&apos;DTYPE&apos;, discriminatorTypeName=&apos;string&apos;}
DEBUG EntityBinder - Import with entity name Container
DEBUG EntityBinder - Bind entity com.expeditors.training.course3demo.model.Container on table Container
DEBUG Ejb3Column - Binding column: Ejb3Column{table=org.hibernate.mapping.Table(Container), mappingColumn=CONTAINER_ID, insertable=true, updatable=true, unique=false}
DEBUG PropertyBinder - MetadataSourceProcessor property id with lazy=false
DEBUG SimpleValueBinder - building SimpleValue for id
DEBUG PropertyBinder - Building property id
DEBUG Ejb3Column - Binding column: Ejb3Column{table=org.hibernate.mapping.Table(Container), mappingColumn=capacity, insertable=true, updatable=true, unique=false}
DEBUG PropertyBinder - MetadataSourceProcessor property capacity with lazy=false
DEBUG SimpleValueBinder - building SimpleValue for capacity
DEBUG PropertyBinder - Building property capacity
DEBUG Ejb3Column - Binding column: Ejb3Column{table=org.hibernate.mapping.Table(Container), mappingColumn=destination, insertable=true, updatable=true, unique=false}
DEBUG PropertyBinder - MetadataSourceProcessor property destination with lazy=false
DEBUG SimpleValueBinder - building SimpleValue for destination
DEBUG PropertyBinder - Building property destination
DEBUG Ejb3Column - Binding column: Ejb3Column{table=org.hibernate.mapping.Table(Container), mappingColumn=location, insertable=true, updatable=true, unique=false}
DEBUG PropertyBinder - MetadataSourceProcessor property location with lazy=false
DEBUG SimpleValueBinder - building SimpleValue for location
DEBUG PropertyBinder - Building property location
DEBUG Ejb3Column - Binding column: Ejb3Column{table=org.hibernate.mapping.Table(Container), mappingColumn=name, insertable=true, updatable=true, unique=false}
DEBUG PropertyBinder - MetadataSourceProcessor property name with lazy=false
DEBUG SimpleValueBinder - building SimpleValue for name
DEBUG PropertyBinder - Building property name
DEBUG Ejb3Column - Binding column: Ejb3JoinColumn{logicalColumnName=&apos;null&apos;, referencedColumn=&apos;null&apos;, mappedBy=&apos;container&apos;}
DEBUG Ejb3Column - Binding column: Ejb3Column{table=org.hibernate.mapping.Table(Container), mappingColumn=shipmentContainerAssociations, insertable=true, updatable=true, unique=false}
DEBUG Ejb3Column - Binding column: Ejb3Column{table=org.hibernate.mapping.Table(Container), mappingColumn=null, insertable=true, updatable=true, unique=false}
DEBUG Ejb3Column - Binding column: Ejb3Column{table=org.hibernate.mapping.Table(Container), mappingColumn=element, insertable=true, updatable=true, unique=false}
DEBUG Ejb3Column - Binding column: Ejb3Column{table=org.hibernate.mapping.Table(Container), mappingColumn=shipmentContainerAssociations_KEY, insertable=true, updatable=true, unique=false}
DEBUG Ejb3Column - Binding column: Ejb3JoinColumn{logicalColumnName=&apos;shipmentContainerAssociations_KEY&apos;, referencedColumn=&apos;null&apos;, mappedBy=&apos;null&apos;}
DEBUG Ejb3Column - Binding column: Ejb3JoinColumn{logicalColumnName=&apos;null&apos;, referencedColumn=&apos;null&apos;, mappedBy=&apos;container&apos;}
DEBUG Ejb3Column - Binding column: Ejb3JoinColumn{logicalColumnName=&apos;null&apos;, referencedColumn=&apos;null&apos;, mappedBy=&apos;container&apos;}
DEBUG CollectionBinder - Collection role: com.expeditors.training.course3demo.model.Container.shipmentContainerAssociations
DEBUG PropertyBinder - Building property shipmentContainerAssociations
DEBUG Ejb3Column - Binding column: Ejb3Column{table=org.hibernate.mapping.Table(Container), mappingColumn=status, insertable=true, updatable=true, unique=false}
DEBUG PropertyBinder - MetadataSourceProcessor property status with lazy=false
DEBUG SimpleValueBinder - building SimpleValue for status
DEBUG PropertyBinder - Building property status
DEBUG AnnotationBinder - Binding entity from annotated class: com.expeditors.training.course3demo.model.PhoneNumber
DEBUG Ejb3Column - Binding column: Ejb3DiscriminatorColumn{logicalColumnName&apos;DTYPE&apos;, discriminatorTypeName=&apos;string&apos;}
DEBUG EntityBinder - Import with entity name PhoneNumber
DEBUG EntityBinder - Bind entity com.expeditors.training.course3demo.model.PhoneNumber on table PHONE_NUMBER
DEBUG Ejb3Column - Binding column: Ejb3Column{table=org.hibernate.mapping.Table(PHONE_NUMBER), mappingColumn=PHONE_NUMBER_ID, insertable=true, updatable=true, unique=false}
DEBUG PropertyBinder - MetadataSourceProcessor property id with lazy=false
DEBUG SimpleValueBinder - building SimpleValue for id
DEBUG PropertyBinder - Building property id
DEBUG Ejb3Column - Binding column: Ejb3JoinColumn{logicalColumnName=&apos;CARD_ID&apos;, referencedColumn=&apos;&apos;, mappedBy=&apos;&apos;}
DEBUG Ejb3Column - Binding column: Ejb3Column{table=org.hibernate.mapping.Table(PHONE_NUMBER), mappingColumn=card, insertable=true, updatable=true, unique=false}
DEBUG PropertyBinder - Building property card
DEBUG Ejb3Column - Binding column: Ejb3Column{table=org.hibernate.mapping.Table(PHONE_NUMBER), mappingColumn=PHONE_NUMBER, insertable=true, updatable=true, unique=false}
DEBUG PropertyBinder - MetadataSourceProcessor property number with lazy=false
DEBUG SimpleValueBinder - building SimpleValue for number
DEBUG PropertyBinder - Building property number
DEBUG AnnotationBinder - Binding entity from annotated class: com.expeditors.training.course3demo.model.Product
DEBUG Ejb3Column - Binding column: Ejb3DiscriminatorColumn{logicalColumnName&apos;DTYPE&apos;, discriminatorTypeName=&apos;string&apos;}
DEBUG EntityBinder - Import with entity name Product
DEBUG EntityBinder - Bind entity com.expeditors.training.course3demo.model.Product on table PRODUCT
DEBUG Ejb3Column - Binding column: Ejb3Column{table=org.hibernate.mapping.Table(PRODUCT), mappingColumn=PRODUCT_ID, insertable=true, updatable=true, unique=false}
DEBUG PropertyBinder - MetadataSourceProcessor property id with lazy=false
DEBUG SimpleValueBinder - building SimpleValue for id
DEBUG PropertyBinder - Building property id
DEBUG Ejb3Column - Binding column: Ejb3Column{table=org.hibernate.mapping.Table(PRODUCT), mappingColumn=description, insertable=true, updatable=true, unique=false}
DEBUG PropertyBinder - MetadataSourceProcessor property description with lazy=false
DEBUG SimpleValueBinder - building SimpleValue for description
DEBUG PropertyBinder - Building property description
DEBUG Ejb3Column - Binding column: Ejb3Column{table=org.hibernate.mapping.Table(PRODUCT), mappingColumn=name, insertable=true, updatable=true, unique=false}
DEBUG PropertyBinder - MetadataSourceProcessor property name with lazy=false
DEBUG SimpleValueBinder - building SimpleValue for name
DEBUG PropertyBinder - Building property name
DEBUG Ejb3Column - Binding column: Ejb3Column{table=org.hibernate.mapping.Table(PRODUCT), mappingColumn=price, insertable=true, updatable=true, unique=false}
DEBUG PropertyBinder - MetadataSourceProcessor property price with lazy=false
DEBUG SimpleValueBinder - building SimpleValue for price
DEBUG PropertyBinder - Building property price
DEBUG AnnotationBinder - Binding entity from annotated class: com.expeditors.training.course3demo.model.Shipment
DEBUG Ejb3Column - Binding column: Ejb3DiscriminatorColumn{logicalColumnName&apos;DTYPE&apos;, discriminatorTypeName=&apos;string&apos;}
DEBUG EntityBinder - Import with entity name Shipment
DEBUG EntityBinder - Bind entity com.expeditors.training.course3demo.model.Shipment on table Shipment
DEBUG Ejb3Column - Binding column: Ejb3Column{table=org.hibernate.mapping.Table(Shipment), mappingColumn=SHIPMENT_ID, insertable=true, updatable=true, unique=false}
DEBUG PropertyBinder - MetadataSourceProcessor property id with lazy=false
DEBUG SimpleValueBinder - building SimpleValue for id
DEBUG PropertyBinder - Building property id
DEBUG Ejb3Column - Binding column: Ejb3Column{table=org.hibernate.mapping.Table(Shipment), mappingColumn=destination, insertable=true, updatable=true, unique=false}
DEBUG PropertyBinder - MetadataSourceProcessor property destination with lazy=false
DEBUG SimpleValueBinder - building SimpleValue for destination
DEBUG PropertyBinder - Building property destination
DEBUG Ejb3Column - Binding column: Ejb3Column{table=org.hibernate.mapping.Table(Shipment), mappingColumn=name, insertable=true, updatable=true, unique=false}
DEBUG PropertyBinder - MetadataSourceProcessor property name with lazy=false
DEBUG SimpleValueBinder - building SimpleValue for name
DEBUG PropertyBinder - Building property name
DEBUG Ejb3Column - Binding column: Ejb3Column{table=org.hibernate.mapping.Table(Shipment), mappingColumn=origin, insertable=true, updatable=true, unique=false}
DEBUG PropertyBinder - MetadataSourceProcessor property origin with lazy=false
DEBUG SimpleValueBinder - building SimpleValue for origin
DEBUG PropertyBinder - Building property origin
DEBUG Ejb3Column - Binding column: Ejb3JoinColumn{logicalColumnName=&apos;OWNER&apos;, referencedColumn=&apos;&apos;, mappedBy=&apos;&apos;}
DEBUG Ejb3Column - Binding column: Ejb3Column{table=org.hibernate.mapping.Table(Shipment), mappingColumn=owner, insertable=true, updatable=true, unique=false}
DEBUG PropertyBinder - Building property owner
DEBUG Ejb3Column - Binding column: Ejb3JoinColumn{logicalColumnName=&apos;null&apos;, referencedColumn=&apos;null&apos;, mappedBy=&apos;shipment&apos;}
DEBUG Ejb3Column - Binding column: Ejb3Column{table=org.hibernate.mapping.Table(Shipment), mappingColumn=shipmentContainerAssociations, insertable=true, updatable=true, unique=false}
DEBUG Ejb3Column - Binding column: Ejb3Column{table=org.hibernate.mapping.Table(Shipment), mappingColumn=null, insertable=true, updatable=true, unique=false}
DEBUG Ejb3Column - Binding column: Ejb3Column{table=org.hibernate.mapping.Table(Shipment), mappingColumn=element, insertable=true, updatable=true, unique=false}
DEBUG Ejb3Column - Binding column: Ejb3Column{table=org.hibernate.mapping.Table(Shipment), mappingColumn=shipmentContainerAssociations_KEY, insertable=true, updatable=true, unique=false}
DEBUG Ejb3Column - Binding column: Ejb3JoinColumn{logicalColumnName=&apos;shipmentContainerAssociations_KEY&apos;, referencedColumn=&apos;null&apos;, mappedBy=&apos;null&apos;}
DEBUG Ejb3Column - Binding column: Ejb3JoinColumn{logicalColumnName=&apos;null&apos;, referencedColumn=&apos;null&apos;, mappedBy=&apos;shipment&apos;}
DEBUG Ejb3Column - Binding column: Ejb3JoinColumn{logicalColumnName=&apos;null&apos;, referencedColumn=&apos;null&apos;, mappedBy=&apos;shipment&apos;}
DEBUG CollectionBinder - Collection role: com.expeditors.training.course3demo.model.Shipment.shipmentContainerAssociations
DEBUG PropertyBinder - Building property shipmentContainerAssociations
DEBUG Ejb3Column - Binding column: Ejb3Column{table=org.hibernate.mapping.Table(Shipment), mappingColumn=volume, insertable=true, updatable=true, unique=false}
DEBUG PropertyBinder - MetadataSourceProcessor property volume with lazy=false
DEBUG SimpleValueBinder - building SimpleValue for volume
DEBUG PropertyBinder - Building property volume
DEBUG AnnotationBinder - Binding entity from annotated class: com.expeditors.training.course3demo.model.ShipmentContainerAssociation
DEBUG Ejb3Column - Binding column: Ejb3DiscriminatorColumn{logicalColumnName&apos;DTYPE&apos;, discriminatorTypeName=&apos;string&apos;}
DEBUG EntityBinder - Import with entity name ShipmentContainerAssociation
DEBUG EntityBinder - Bind entity com.expeditors.training.course3demo.model.ShipmentContainerAssociation on table SHIPMENT_CONTAINER_ASSOCIATION
DEBUG Ejb3Column - Binding column: Ejb3Column{table=org.hibernate.mapping.Table(SHIPMENT_CONTAINER_ASSOCIATION), mappingColumn=ID, insertable=true, updatable=true, unique=false}
DEBUG PropertyBinder - MetadataSourceProcessor property id with lazy=false
DEBUG SimpleValueBinder - building SimpleValue for id
DEBUG PropertyBinder - Building property id
DEBUG Ejb3Column - Binding column: Ejb3JoinColumn{logicalColumnName=&apos;CONTAINER_ID&apos;, referencedColumn=&apos;&apos;, mappedBy=&apos;&apos;}
DEBUG Ejb3Column - Binding column: Ejb3Column{table=org.hibernate.mapping.Table(SHIPMENT_CONTAINER_ASSOCIATION), mappingColumn=container, insertable=true, updatable=true, unique=false}
DEBUG PropertyBinder - Building property container
DEBUG Ejb3Column - Binding column: Ejb3Column{table=org.hibernate.mapping.Table(SHIPMENT_CONTAINER_ASSOCIATION), mappingColumn=DATE, insertable=true, updatable=true, unique=false}
DEBUG PropertyBinder - MetadataSourceProcessor property date with lazy=false
DEBUG SimpleValueBinder - building SimpleValue for date
DEBUG PropertyBinder - Building property date
DEBUG Ejb3Column - Binding column: Ejb3JoinColumn{logicalColumnName=&apos;SHIPMENT_ID&apos;, referencedColumn=&apos;&apos;, mappedBy=&apos;&apos;}
DEBUG Ejb3Column - Binding column: Ejb3Column{table=org.hibernate.mapping.Table(SHIPMENT_CONTAINER_ASSOCIATION), mappingColumn=shipment, insertable=true, updatable=true, unique=false}
DEBUG PropertyBinder - Building property shipment
DEBUG Ejb3Column - Binding column: Ejb3Column{table=org.hibernate.mapping.Table(SHIPMENT_CONTAINER_ASSOCIATION), mappingColumn=SHIPMENT_VOLUME, insertable=true, updatable=true, unique=false}
DEBUG PropertyBinder - MetadataSourceProcessor property shipmentVolume with lazy=false
DEBUG SimpleValueBinder - building SimpleValue for shipmentVolume
DEBUG PropertyBinder - Building property shipmentVolume
DEBUG AnnotationBinder - Binding entity from annotated class: com.expeditors.training.course3demo.model.UserAccount
DEBUG Ejb3Column - Binding column: Ejb3DiscriminatorColumn{logicalColumnName&apos;DTYPE&apos;, discriminatorTypeName=&apos;string&apos;}
DEBUG EntityBinder - Import with entity name UserAccount
DEBUG EntityBinder - Bind entity com.expeditors.training.course3demo.model.UserAccount on table USERACCOUNT
DEBUG Ejb3Column - Binding column: Ejb3Column{table=org.hibernate.mapping.Table(USERACCOUNT), mappingColumn=username, insertable=true, updatable=true, unique=true}
DEBUG PropertyBinder - MetadataSourceProcessor property username with lazy=false
DEBUG SimpleValueBinder - building SimpleValue for username
DEBUG PropertyBinder - Building property username
DEBUG Ejb3Column - Binding column: Ejb3Column{table=org.hibernate.mapping.Table(USERACCOUNT), mappingColumn=enabled, insertable=true, updatable=true, unique=false}
DEBUG PropertyBinder - MetadataSourceProcessor property enabled with lazy=false
DEBUG SimpleValueBinder - building SimpleValue for enabled
DEBUG PropertyBinder - Building property enabled
DEBUG Ejb3Column - Binding column: Ejb3Column{table=org.hibernate.mapping.Table(USERACCOUNT), mappingColumn=password, insertable=true, updatable=true, unique=false}
DEBUG PropertyBinder - MetadataSourceProcessor property password with lazy=false
DEBUG SimpleValueBinder - building SimpleValue for password
DEBUG PropertyBinder - Building property password
DEBUG Ejb3Column - Binding column: Ejb3JoinColumn{logicalColumnName=&apos;null&apos;, referencedColumn=&apos;null&apos;, mappedBy=&apos;userAccount&apos;}
DEBUG Ejb3Column - Binding column: Ejb3Column{table=org.hibernate.mapping.Table(USERACCOUNT), mappingColumn=userRoles, insertable=true, updatable=true, unique=false}
DEBUG Ejb3Column - Binding column: Ejb3Column{table=org.hibernate.mapping.Table(USERACCOUNT), mappingColumn=null, insertable=true, updatable=true, unique=false}
DEBUG Ejb3Column - Binding column: Ejb3Column{table=org.hibernate.mapping.Table(USERACCOUNT), mappingColumn=element, insertable=true, updatable=true, unique=false}
DEBUG Ejb3Column - Binding column: Ejb3Column{table=org.hibernate.mapping.Table(USERACCOUNT), mappingColumn=userRoles_KEY, insertable=true, updatable=true, unique=false}
DEBUG Ejb3Column - Binding column: Ejb3JoinColumn{logicalColumnName=&apos;userRoles_KEY&apos;, referencedColumn=&apos;null&apos;, mappedBy=&apos;null&apos;}
DEBUG Ejb3Column - Binding column: Ejb3JoinColumn{logicalColumnName=&apos;null&apos;, referencedColumn=&apos;null&apos;, mappedBy=&apos;userAccount&apos;}
DEBUG Ejb3Column - Binding column: Ejb3JoinColumn{logicalColumnName=&apos;null&apos;, referencedColumn=&apos;null&apos;, mappedBy=&apos;userAccount&apos;}
DEBUG CollectionBinder - Collection role: com.expeditors.training.course3demo.model.UserAccount.userRoles
DEBUG PropertyBinder - Building property userRoles
DEBUG AnnotationBinder - Binding entity from annotated class: com.expeditors.training.course3demo.model.UserRole
DEBUG Ejb3Column - Binding column: Ejb3DiscriminatorColumn{logicalColumnName&apos;DTYPE&apos;, discriminatorTypeName=&apos;string&apos;}
DEBUG EntityBinder - Import with entity name UserRole
DEBUG EntityBinder - Bind entity com.expeditors.training.course3demo.model.UserRole on table USERROLE
DEBUG Ejb3Column - Binding column: Ejb3Column{table=org.hibernate.mapping.Table(USERROLE), mappingColumn=ROLE_ID, insertable=true, updatable=true, unique=false}
DEBUG PropertyBinder - MetadataSourceProcessor property id with lazy=false
DEBUG SimpleValueBinder - building SimpleValue for id
DEBUG PropertyBinder - Building property id
DEBUG Ejb3Column - Binding column: Ejb3Column{table=org.hibernate.mapping.Table(USERROLE), mappingColumn=ROLE_NAME, insertable=true, updatable=true, unique=false}
DEBUG PropertyBinder - MetadataSourceProcessor property role with lazy=false
DEBUG SimpleValueBinder - building SimpleValue for role
DEBUG PropertyBinder - Building property role
DEBUG Ejb3Column - Binding column: Ejb3JoinColumn{logicalColumnName=&apos;ROLE_OWNER&apos;, referencedColumn=&apos;&apos;, mappedBy=&apos;&apos;}
DEBUG Ejb3Column - Binding column: Ejb3Column{table=org.hibernate.mapping.Table(USERROLE), mappingColumn=userAccount, insertable=true, updatable=true, unique=false}
DEBUG PropertyBinder - Building property userAccount
DEBUG SimpleValueBinder - Setting SimpleValue typeName for id
DEBUG SimpleValueBinder - Setting SimpleValue typeName for city
DEBUG SimpleValueBinder - Setting SimpleValue typeName for state
DEBUG SimpleValueBinder - Setting SimpleValue typeName for street
DEBUG SimpleValueBinder - Setting SimpleValue typeName for id
DEBUG SimpleValueBinder - Setting SimpleValue typeName for amount
DEBUG SimpleValueBinder - Setting SimpleValue typeName for number
DEBUG SimpleValueBinder - Setting SimpleValue typeName for owner
DEBUG SimpleValueBinder - Setting SimpleValue typeName for id
DEBUG SimpleValueBinder - Setting SimpleValue typeName for date
DEBUG SimpleValueBinder - Setting SimpleValue typeName for id
DEBUG SimpleValueBinder - Setting SimpleValue typeName for capacity
DEBUG SimpleValueBinder - Setting SimpleValue typeName for destination
DEBUG SimpleValueBinder - Setting SimpleValue typeName for location
DEBUG SimpleValueBinder - Setting SimpleValue typeName for name
DEBUG SimpleValueBinder - Setting SimpleValue typeName for status
DEBUG SimpleValueBinder - Setting SimpleValue typeName for id
DEBUG SimpleValueBinder - Setting SimpleValue typeName for number
DEBUG SimpleValueBinder - Setting SimpleValue typeName for id
DEBUG SimpleValueBinder - Setting SimpleValue typeName for description
DEBUG SimpleValueBinder - Setting SimpleValue typeName for name
DEBUG SimpleValueBinder - Setting SimpleValue typeName for price
DEBUG SimpleValueBinder - Setting SimpleValue typeName for id
DEBUG SimpleValueBinder - Setting SimpleValue typeName for destination
DEBUG SimpleValueBinder - Setting SimpleValue typeName for name
DEBUG SimpleValueBinder - Setting SimpleValue typeName for origin
DEBUG SimpleValueBinder - Setting SimpleValue typeName for volume
DEBUG SimpleValueBinder - Setting SimpleValue typeName for id
DEBUG SimpleValueBinder - Setting SimpleValue typeName for date
DEBUG SimpleValueBinder - Setting SimpleValue typeName for shipmentVolume
DEBUG SimpleValueBinder - Setting SimpleValue typeName for username
DEBUG SimpleValueBinder - Setting SimpleValue typeName for enabled
DEBUG SimpleValueBinder - Setting SimpleValue typeName for password
DEBUG SimpleValueBinder - Setting SimpleValue typeName for id
DEBUG SimpleValueBinder - Setting SimpleValue typeName for role
DEBUG Configuration - Processing fk mappings (*ToOne and JoinedSubclass)
DEBUG Configuration - Processing extends queue
DEBUG Configuration - Processing extends queue
DEBUG Configuration - Processing collection mappings
DEBUG CollectionSecondPass - Second pass for collection: com.expeditors.training.course3demo.model.Card.boughtProducts
DEBUG CollectionBinder - Binding a OneToMany: com.expeditors.training.course3demo.model.Card.boughtProducts through a foreign key
DEBUG CollectionBinder - Mapping collection: com.expeditors.training.course3demo.model.Card.boughtProducts -&gt; CARD_PRODUCT_BUYS
DEBUG TableBinder - Retrieving property com.expeditors.training.course3demo.model.CardProductBuys.card
DEBUG CollectionSecondPass - Mapped collection key: CARD_ID, one-to-many: com.expeditors.training.course3demo.model.CardProductBuys
DEBUG CollectionSecondPass - Second pass for collection: com.expeditors.training.course3demo.model.Card.phoneNumbers
DEBUG CollectionBinder - Binding a OneToMany: com.expeditors.training.course3demo.model.Card.phoneNumbers through a foreign key
DEBUG CollectionBinder - Mapping collection: com.expeditors.training.course3demo.model.Card.phoneNumbers -&gt; PHONE_NUMBER
DEBUG TableBinder - Retrieving property com.expeditors.training.course3demo.model.PhoneNumber.card
DEBUG SimpleValueBinder - building SimpleValue for null
DEBUG SimpleValueBinder - Setting SimpleValue typeName for null
DEBUG CollectionSecondPass - Mapped collection key: CARD_ID, index: index, one-to-many: com.expeditors.training.course3demo.model.PhoneNumber
DEBUG CollectionSecondPass - Second pass for collection: com.expeditors.training.course3demo.model.Container.shipmentContainerAssociations
DEBUG CollectionBinder - Binding a OneToMany: com.expeditors.training.course3demo.model.Container.shipmentContainerAssociations through a foreign key
DEBUG CollectionBinder - Mapping collection: com.expeditors.training.course3demo.model.Container.shipmentContainerAssociations -&gt; SHIPMENT_CONTAINER_ASSOCIATION
DEBUG TableBinder - Retrieving property com.expeditors.training.course3demo.model.ShipmentContainerAssociation.container
DEBUG CollectionSecondPass - Mapped collection key: CONTAINER_ID, one-to-many: com.expeditors.training.course3demo.model.ShipmentContainerAssociation
DEBUG CollectionSecondPass - Second pass for collection: com.expeditors.training.course3demo.model.Shipment.shipmentContainerAssociations
DEBUG CollectionBinder - Binding a OneToMany: com.expeditors.training.course3demo.model.Shipment.shipmentContainerAssociations through a foreign key
DEBUG CollectionBinder - Mapping collection: com.expeditors.training.course3demo.model.Shipment.shipmentContainerAssociations -&gt; SHIPMENT_CONTAINER_ASSOCIATION
DEBUG TableBinder - Retrieving property com.expeditors.training.course3demo.model.ShipmentContainerAssociation.shipment
DEBUG CollectionSecondPass - Mapped collection key: SHIPMENT_ID, one-to-many: com.expeditors.training.course3demo.model.ShipmentContainerAssociation
DEBUG CollectionSecondPass - Second pass for collection: com.expeditors.training.course3demo.model.UserAccount.userRoles
DEBUG CollectionBinder - Binding a OneToMany: com.expeditors.training.course3demo.model.UserAccount.userRoles through a foreign key
DEBUG CollectionBinder - Mapping collection: com.expeditors.training.course3demo.model.UserAccount.userRoles -&gt; USERROLE
DEBUG TableBinder - Retrieving property com.expeditors.training.course3demo.model.UserRole.userAccount
DEBUG CollectionSecondPass - Mapped collection key: ROLE_OWNER, one-to-many: com.expeditors.training.course3demo.model.UserRole
DEBUG Configuration - Processing native query and ResultSetMapping mappings
DEBUG Configuration - Processing association property references
DEBUG Configuration - Creating tables&apos; unique integer identifiers
DEBUG Configuration - Processing foreign key constraints
DEBUG Configuration - Resolving reference to class: com.expeditors.training.course3demo.model.Address
DEBUG Configuration - Resolving reference to class: com.expeditors.training.course3demo.model.Card
DEBUG Configuration - Resolving reference to class: com.expeditors.training.course3demo.model.Product
DEBUG Configuration - Resolving reference to class: com.expeditors.training.course3demo.model.Card
DEBUG Configuration - Resolving reference to class: com.expeditors.training.course3demo.model.Container
DEBUG Configuration - Resolving reference to class: com.expeditors.training.course3demo.model.Shipment
DEBUG Configuration - Resolving reference to class: com.expeditors.training.course3demo.model.UserAccount
DEBUG Configuration - Resolving reference to class: com.expeditors.training.course3demo.model.UserAccount
INFO  ConnectionProviderInitiator - HHH000130: Instantiating explicit connection provider: org.hibernate.ejb.connection.InjectedDataSourceConnectionProvider
DEBUG DriverManagerDataSource - Creating new JDBC DriverManager Connection to [jdbc:hsqldb:mem:paging]
DEBUG JdbcServicesImpl - Database -&gt;
       name : HSQL Database Engine
    version : 2.2.4
      major : 2
      minor : 2
DEBUG JdbcServicesImpl - Driver -&gt;
       name : HSQL Database Engine Driver
    version : 2.2.4
      major : 2
      minor : 2
DEBUG JdbcServicesImpl - JDBC version : 4.0
INFO  Dialect - HHH000400: Using dialect: org.hibernate.dialect.HSQLDialect
DEBUG SettingsFactory - Automatic flush during beforeCompletion(): disabled
DEBUG SettingsFactory - Automatic session close at end of transaction: disabled
DEBUG SettingsFactory - JDBC batch size: 15
DEBUG SettingsFactory - JDBC batch updates for versioned data: disabled
DEBUG SettingsFactory - Scrollable result sets: enabled
DEBUG SettingsFactory - Wrap result sets: disabled
DEBUG SettingsFactory - JDBC3 getGeneratedKeys(): enabled
DEBUG SettingsFactory - multi-tenancy strategy : NONE
DEBUG SettingsFactory - Connection release mode: auto
INFO  TransactionFactoryInitiator - HHH000268: Transaction strategy: org.hibernate.engine.transaction.internal.jdbc.JdbcTransactionFactory
DEBUG SettingsFactory - Using BatchFetchStyle : LEGACY
DEBUG SettingsFactory - Default batch fetch size: 1
DEBUG SettingsFactory - Generate SQL with comments: disabled
DEBUG SettingsFactory - Order SQL updates by primary key: disabled
DEBUG SettingsFactory - Order SQL inserts for batching: disabled
DEBUG SettingsFactory - Default null ordering: none
DEBUG SettingsFactory - Query translator: org.hibernate.hql.internal.ast.ASTQueryTranslatorFactory
INFO  ASTQueryTranslatorFactory - HHH000397: Using ASTQueryTranslatorFactory
DEBUG SettingsFactory - Query language substitutions: {}
DEBUG SettingsFactory - JPA-QL strict compliance: enabled
DEBUG SettingsFactory - Second-level cache: enabled
DEBUG SettingsFactory - Query cache: disabled
DEBUG SettingsFactory - Cache region factory : org.hibernate.cache.internal.NoCachingRegionFactory
DEBUG SettingsFactory - org.hibernate.cache.internal.NoCachingRegionFactory did not provide constructor accepting java.util.Properties; attempting no-arg constructor.
DEBUG SettingsFactory - Optimize cache for minimal puts: disabled
DEBUG SettingsFactory - Structured second-level cache entries: disabled
DEBUG SettingsFactory - Second-level cache direct-reference entries: disabled
DEBUG SettingsFactory - Statistics: disabled
DEBUG SettingsFactory - Deleted entity synthetic identifier rollback: disabled
DEBUG SettingsFactory - Default entity-mode: pojo
DEBUG SettingsFactory - Named query checking : enabled
DEBUG SettingsFactory - Check Nullability in Core (should be disabled when Bean Validation is on): enabled
DEBUG SettingsFactory - Allow initialization of lazy state outside session : : disabled
DEBUG SettingsFactory - JTA Track by Thread: enabled
DEBUG SessionFactoryImpl - Building session factory
DEBUG SessionFactoryImpl - Session factory constructed with filter configurations : {}
DEBUG SessionFactoryImpl - Instantiating session factory with properties: {java.vendor=Oracle Corporation, localRepository=C:\Users\chq-jamesgl\.m2\repository, hibernate=org.hibernate.dialect.HSQLDialect, sun.java.launcher=SUN_STANDARD, sun.management.compiler=HotSpot 64-Bit Tiered Compilers, hibernate.ejb.discard_pc_on_close=false, hibernate.transaction.flush_before_completion=false, os.name=Windows 7, sun.boot.class.path=C:\Program Files\Java\jdk1.7.0_45\jre\lib\resources.jar;C:\Program Files\Java\jdk1.7.0_45\jre\lib\rt.jar;C:\Program Files\Java\jdk1.7.0_45\jre\lib\sunrsasign.jar;C:\Program Files\Java\jdk1.7.0_45\jre\lib\jsse.jar;C:\Program Files\Java\jdk1.7.0_45\jre\lib\jce.jar;C:\Program Files\Java\jdk1.7.0_45\jre\lib\charsets.jar;C:\Program Files\Java\jdk1.7.0_45\jre\lib\jfr.jar;C:\Program Files\Java\jdk1.7.0_45\jre\classes, sun.desktop=windows, java.vm.specification.vendor=Oracle Corporation, java.runtime.version=1.7.0_45-b18, hibernate.connection.autocommit=true, user.name=chq-jamesgl, javax.persistence.validation.mode=AUTO, hibernate.connection.release_mode=auto, user.language=en, sun.boot.library.path=C:\Program Files\Java\jdk1.7.0_45\jre\bin, java.version=1.7.0_45, user.timezone=America/Los_Angeles, sun.arch.data.model=64, java.endorsed.dirs=C:\Program Files\Java\jdk1.7.0_45\jre\lib\endorsed, sun.cpu.isalist=amd64, sun.jnu.encoding=Cp1252, file.encoding.pkg=sun.io, file.separator=\, java.specification.name=Java Platform API Specification, java.class.version=51.0, user.country=US, java.home=C:\Program Files\Java\jdk1.7.0_45\jre, java.vm.info=mixed mode, os.version=6.1, hibernate.transaction.factory_class=org.hibernate.engine.transaction.internal.jdbc.JdbcTransactionFactory, hibernate.connection.datasource=org.springframework.jdbc.datasource.DriverManagerDataSource@568d1fd4, surefire.real.class.path=C:\Users\chq-jamesgl\STS_work2\finalprojectgleixner\target\surefire\surefirebooter8902611160197160095.jar, hibernate.query.jpaql_strict_compliance=true, path.separator=;, java.vm.version=24.45-b08, user.variant=, java.awt.printerjob=sun.awt.windows.WPrinterJob, sun.io.unicode.encoding=UnicodeLittle, awt.toolkit=sun.awt.windows.WToolkit, user.script=, user.home=C:\Users\chq-jamesgl, java.specification.vendor=Oracle Corporation, hibernate.hbm2ddl.auto=create-drop, java.library.path=C:\Program Files\Java\jdk1.7.0_45\jre\bin;C:\WINDOWS\Sun\Java\bin;C:\WINDOWS\system32;C:\WINDOWS;C:/Program Files/Java/jdk1.7.0_45/bin/../jre/bin/server;C:/Program Files/Java/jdk1.7.0_45/bin/../jre/bin;C:/Program Files/Java/jdk1.7.0_45/bin/../jre/lib/amd64;C:\Program Files\spring-1.2.1.RELEASE\bin;C:\Maven\apache-maven-3.0.5\bin;C:\Program Files\Java\jdk1.7.0_45\bin;C:\ProgramData\Oracle\Java\javapath;C:\Program Files (x86)\Intel\iCLS Client\;C:\Program Files\Intel\iCLS Client\;C:\WINDOWS\system32;C:\WINDOWS;C:\WINDOWS\System32\Wbem;C:\WINDOWS\System32\WindowsPowerShell\v1.0\;C:\Program Files\Intel\DMIX;C:\WINDOWS\CCM;C:\WINDOWS\CCM;C:\WINDOWS\CCM;C:\WINDOWS\CCM;C:\WINDOWS\CCM;C:\WINDOWS\CCM;C:\WINDOWS\CCM;C:\PROGRA~2\IBM\SQLLIB\BIN;C:\PROGRA~2\IBM\SQLLIB\FUNCTION;C:\PROGRA~2\IBM\SQLLIB\SAMPLES\REPL;C:\Program Files\Intel\Intel(R) Management Engine Components\DAL;C:\Program Files\Intel\Intel(R) Management Engine Components\IPT;C:\Program Files (x86)\Intel\Intel(R) Management Engine Components\DAL;C:\Program Files (x86)\Intel\Intel(R) Management Engine Components\IPT;C:\Program Files\Microsoft\Web Platform Installer\;C:\Program Files\TortoiseSVN\bin;C:\Users\chq-jamesgl\Documents\STS2\sts-bundle\sts-3.6.3.SR1;;., java.vendor.url=http://java.oracle.com/, java.vm.vendor=Oracle Corporation, java.runtime.name=Java(TM) SE Runtime Environment, sun.java.command=C:\Users\chq-jamesgl\STS_work2\finalprojectgleixner\target\surefire\surefirebooter8902611160197160095.jar C:\Users\chq-jamesgl\STS_work2\finalprojectgleixner\target\surefire\surefire4683579284226733313tmp C:\Users\chq-jamesgl\STS_work2\finalprojectgleixner\target\surefire\surefire_03035613778150930280tmp, java.class.path=C:\Users\chq-jamesgl\STS_work2\finalprojectgleixner\target\test-classes;C:\Users\chq-jamesgl\STS_work2\finalprojectgleixner\target\classes;C:\Users\chq-jamesgl\.m2\repository\org\springframework\spring-webmvc\3.2.3.RELEASE\spring-webmvc-3.2.3.RELEASE.jar;C:\Users\chq-jamesgl\.m2\repository\org\springframework\spring-beans\3.2.3.RELEASE\spring-beans-3.2.3.RELEASE.jar;C:\Users\chq-jamesgl\.m2\repository\org\springframework\spring-context\3.2.3.RELEASE\spring-context-3.2.3.RELEASE.jar;C:\Users\chq-jamesgl\.m2\repository\org\springframework\spring-core\3.2.3.RELEASE\spring-core-3.2.3.RELEASE.jar;C:\Users\chq-jamesgl\.m2\repository\commons-logging\commons-logging\1.1.1\commons-logging-1.1.1.jar;C:\Users\chq-jamesgl\.m2\repository\org\springframework\spring-expression\3.2.3.RELEASE\spring-expression-3.2.3.RELEASE.jar;C:\Users\chq-jamesgl\.m2\repository\org\springframework\spring-web\3.2.3.RELEASE\spring-web-3.2.3.RELEASE.jar;C:\Users\chq-jamesgl\.m2\repository\org\springframework\security\spring-security-web\3.2.3.RELEASE\spring-security-web-3.2.3.RELEASE.jar;C:\Users\chq-jamesgl\.m2\repository\aopalliance\aopalliance\1.0\aopalliance-1.0.jar;C:\Users\chq-jamesgl\.m2\repository\org\springframework\security\spring-security-core\3.2.3.RELEASE\spring-security-core-3.2.3.RELEASE.jar;C:\Users\chq-jamesgl\.m2\repository\org\springframework\security\spring-security-config\3.2.3.RELEASE\spring-security-config-3.2.3.RELEASE.jar;C:\Users\chq-jamesgl\.m2\repository\org\springframework\security\spring-security-taglibs\3.2.3.RELEASE\spring-security-taglibs-3.2.3.RELEASE.jar;C:\Users\chq-jamesgl\.m2\repository\org\springframework\security\spring-security-acl\3.2.3.RELEASE\spring-security-acl-3.2.3.RELEASE.jar;C:\Users\chq-jamesgl\.m2\repository\javax\servlet\jstl\1.2\jstl-1.2.jar;C:\Users\chq-jamesgl\.m2\repository\javax\servlet\servlet-api\2.5\servlet-api-2.5.jar;C:\Users\chq-jamesgl\.m2\repository\javax\servlet\jsp\jsp-api\2.2\jsp-api-2.2.jar;C:\Users\chq-jamesgl\.m2\repository\com\sun\jersey\jersey-server\1.17.1\jersey-server-1.17.1.jar;C:\Users\chq-jamesgl\.m2\repository\asm\asm\3.1\asm-3.1.jar;C:\Users\chq-jamesgl\.m2\repository\com\sun\jersey\jersey-core\1.17.1\jersey-core-1.17.1.jar;C:\Users\chq-jamesgl\.m2\repository\com\sun\jersey\jersey-json\1.17.1\jersey-json-1.17.1.jar;C:\Users\chq-jamesgl\.m2\repository\org\codehaus\jettison\jettison\1.1\jettison-1.1.jar;C:\Users\chq-jamesgl\.m2\repository\com\sun\xml\bind\jaxb-impl\2.2.3-1\jaxb-impl-2.2.3-1.jar;C:\Users\chq-jamesgl\.m2\repository\javax\xml\bind\jaxb-api\2.2.2\jaxb-api-2.2.2.jar;C:\Users\chq-jamesgl\.m2\repository\javax\xml\stream\stax-api\1.0-2\stax-api-1.0-2.jar;C:\Users\chq-jamesgl\.m2\repository\javax\activation\activation\1.1\activation-1.1.jar;C:\Users\chq-jamesgl\.m2\repository\org\codehaus\jackson\jackson-core-asl\1.9.2\jackson-core-asl-1.9.2.jar;C:\Users\chq-jamesgl\.m2\repository\org\codehaus\jackson\jackson-mapper-asl\1.9.2\jackson-mapper-asl-1.9.2.jar;C:\Users\chq-jamesgl\.m2\repository\org\codehaus\jackson\jackson-jaxrs\1.9.2\jackson-jaxrs-1.9.2.jar;C:\Users\chq-jamesgl\.m2\repository\org\codehaus\jackson\jackson-xc\1.9.2\jackson-xc-1.9.2.jar;C:\Users\chq-jamesgl\.m2\repository\com\sun\jersey\contribs\jersey-spring\1.17.1\jersey-spring-1.17.1.jar;C:\Users\chq-jamesgl\.m2\repository\com\sun\jersey\jersey-servlet\1.17.1\jersey-servlet-1.17.1.jar;C:\Users\chq-jamesgl\.m2\repository\org\eclipse\persistence\org.eclipse.persistence.moxy\2.5.0\org.eclipse.persistence.moxy-2.5.0.jar;C:\Users\chq-jamesgl\.m2\repository\org\eclipse\persistence\org.eclipse.persistence.core\2.5.0\org.eclipse.persistence.core-2.5.0.jar;C:\Users\chq-jamesgl\.m2\repository\org\eclipse\persistence\org.eclipse.persistence.asm\2.5.0\org.eclipse.persistence.asm-2.5.0.jar;C:\Users\chq-jamesgl\.m2\repository\org\eclipse\persistence\org.eclipse.persistence.antlr\2.5.0\org.eclipse.persistence.antlr-2.5.0.jar;C:\Users\chq-jamesgl\.m2\repository\org\springframework\spring-tx\3.2.3.RELEASE\spring-tx-3.2.3.RELEASE.jar;C:\Users\chq-jamesgl\.m2\repository\org\springframework\spring-orm\3.2.3.RELEASE\spring-orm-3.2.3.RELEASE.jar;C:\Users\chq-jamesgl\.m2\repository\org\springframework\spring-jdbc\3.2.3.RELEASE\spring-jdbc-3.2.3.RELEASE.jar;C:\Users\chq-jamesgl\.m2\repository\org\springframework\spring-aop\3.2.3.RELEASE\spring-aop-3.2.3.RELEASE.jar;C:\Users\chq-jamesgl\.m2\repository\org\springframework\data\spring-data-jpa\1.3.1.RELEASE\spring-data-jpa-1.3.1.RELEASE.jar;C:\Users\chq-jamesgl\.m2\repository\org\springframework\data\spring-data-commons\1.5.1.RELEASE\spring-data-commons-1.5.1.RELEASE.jar;C:\Users\chq-jamesgl\.m2\repository\org\aspectj\aspectjrt\1.7.2\aspectjrt-1.7.2.jar;C:\Users\chq-jamesgl\.m2\repository\org\slf4j\jcl-over-slf4j\1.7.1\jcl-over-slf4j-1.7.1.jar;C:\Users\chq-jamesgl\.m2\repository\org\slf4j\slf4j-api\1.7.5\slf4j-api-1.7.5.jar;C:\Users\chq-jamesgl\.m2\repository\ch\qos\logback\logback-classic\1.0.13\logback-classic-1.0.13.jar;C:\Users\chq-jamesgl\.m2\repository\ch\qos\logback\logback-core\1.0.13\logback-core-1.0.13.jar;C:\Users\chq-jamesgl\.m2\repository\org\hibernate\hibernate-entitymanager\4.2.1.Final\hibernate-entitymanager-4.2.1.Final.jar;C:\Users\chq-jamesgl\.m2\repository\org\jboss\logging\jboss-logging\3.1.0.GA\jboss-logging-3.1.0.GA.jar;C:\Users\chq-jamesgl\.m2\repository\org\hibernate\hibernate-core\4.2.1.Final\hibernate-core-4.2.1.Final.jar;C:\Users\chq-jamesgl\.m2\repository\antlr\antlr\2.7.7\antlr-2.7.7.jar;C:\Users\chq-jamesgl\.m2\repository\dom4j\dom4j\1.6.1\dom4j-1.6.1.jar;C:\Users\chq-jamesgl\.m2\repository\org\jboss\spec\javax\transaction\jboss-transaction-api_1.1_spec\1.0.1.Final\jboss-transaction-api_1.1_spec-1.0.1.Final.jar;C:\Users\chq-jamesgl\.m2\repository\org\hibernate\javax\persistence\hibernate-jpa-2.0-api\1.0.1.Final\hibernate-jpa-2.0-api-1.0.1.Final.jar;C:\Users\chq-jamesgl\.m2\repository\org\javassist\javassist\3.15.0-GA\javassist-3.15.0-GA.jar;C:\Users\chq-jamesgl\.m2\repository\org\hibernate\common\hibernate-commons-annotations\4.0.1.Final\hibernate-commons-annotations-4.0.1.Final.jar;C:\Users\chq-jamesgl\.m2\repository\javax\validation\validation-api\1.1.0.Final\validation-api-1.1.0.Final.jar;C:\Users\chq-jamesgl\.m2\repository\org\hibernate\hibernate-validator\4.2.0.Final\hibernate-validator-4.2.0.Final.jar;C:\Users\chq-jamesgl\.m2\repository\org\hsqldb\hsqldb\2.2.4\hsqldb-2.2.4.jar;C:\Users\chq-jamesgl\.m2\repository\org\dbunit\dbunit\2.5.0\dbunit-2.5.0.jar;C:\Users\chq-jamesgl\.m2\repository\commons-collections\commons-collections\3.2.1\commons-collections-3.2.1.jar;C:\Users\chq-jamesgl\.m2\repository\com\github\springtestdbunit\spring-test-dbunit\1.2.0\spring-test-dbunit-1.2.0.jar;C:\Users\chq-jamesgl\.m2\repository\org\springframework\spring-test\3.2.3.RELEASE\spring-test-3.2.3.RELEASE.jar;C:\Users\chq-jamesgl\.m2\repository\org\hamcrest\hamcrest-all\1.3\hamcrest-all-1.3.jar;C:\Users\chq-jamesgl\.m2\repository\junit\junit\4.11\junit-4.11.jar;C:\Users\chq-jamesgl\.m2\repository\org\hamcrest\hamcrest-core\1.3\hamcrest-core-1.3.jar;C:\Users\chq-jamesgl\.m2\repository\org\mockito\mockito-core\1.9.5\mockito-core-1.9.5.jar;C:\Users\chq-jamesgl\.m2\repository\org\objenesis\objenesis\1.0\objenesis-1.0.jar;C:\Users\chq-jamesgl\.m2\repository\org\apache\derby\derbyclient\10.11.1.1\derbyclient-10.11.1.1.jar;C:\Users\chq-jamesgl\.m2\repository\org\sitemesh\sitemesh\3.0-alpha-2\sitemesh-3.0-alpha-2.jar;, hibernate.bytecode.use_reflection_optimizer=false, java.vm.specification.name=Java Virtual Machine Specification, java.vm.specification.version=1.7, sun.cpu.endian=little, sun.os.patch.level=Service Pack 1, hibernate.connection.provider_class=org.hibernate.ejb.connection.InjectedDataSourceConnectionProvider, surefire.test.class.path=C:\Users\chq-jamesgl\STS_work2\finalprojectgleixner\target\test-classes;C:\Users\chq-jamesgl\STS_work2\finalprojectgleixner\target\classes;C:\Users\chq-jamesgl\.m2\repository\org\springframework\spring-webmvc\3.2.3.RELEASE\spring-webmvc-3.2.3.RELEASE.jar;C:\Users\chq-jamesgl\.m2\repository\org\springframework\spring-beans\3.2.3.RELEASE\spring-beans-3.2.3.RELEASE.jar;C:\Users\chq-jamesgl\.m2\repository\org\springframework\spring-context\3.2.3.RELEASE\spring-context-3.2.3.RELEASE.jar;C:\Users\chq-jamesgl\.m2\repository\org\springframework\spring-core\3.2.3.RELEASE\spring-core-3.2.3.RELEASE.jar;C:\Users\chq-jamesgl\.m2\repository\commons-logging\commons-logging\1.1.1\commons-logging-1.1.1.jar;C:\Users\chq-jamesgl\.m2\repository\org\springframework\spring-expression\3.2.3.RELEASE\spring-expression-3.2.3.RELEASE.jar;C:\Users\chq-jamesgl\.m2\repository\org\springframework\spring-web\3.2.3.RELEASE\spring-web-3.2.3.RELEASE.jar;C:\Users\chq-jamesgl\.m2\repository\org\springframework\security\spring-security-web\3.2.3.RELEASE\spring-security-web-3.2.3.RELEASE.jar;C:\Users\chq-jamesgl\.m2\repository\aopalliance\aopalliance\1.0\aopalliance-1.0.jar;C:\Users\chq-jamesgl\.m2\repository\org\springframework\security\spring-security-core\3.2.3.RELEASE\spring-security-core-3.2.3.RELEASE.jar;C:\Users\chq-jamesgl\.m2\repository\org\springframework\security\spring-security-config\3.2.3.RELEASE\spring-security-config-3.2.3.RELEASE.jar;C:\Users\chq-jamesgl\.m2\repository\org\springframework\security\spring-security-taglibs\3.2.3.RELEASE\spring-security-taglibs-3.2.3.RELEASE.jar;C:\Users\chq-jamesgl\.m2\repository\org\springframework\security\spring-security-acl\3.2.3.RELEASE\spring-security-acl-3.2.3.RELEASE.jar;C:\Users\chq-jamesgl\.m2\repository\javax\servlet\jstl\1.2\jstl-1.2.jar;C:\Users\chq-jamesgl\.m2\repository\javax\servlet\servlet-api\2.5\servlet-api-2.5.jar;C:\Users\chq-jamesgl\.m2\repository\javax\servlet\jsp\jsp-api\2.2\jsp-api-2.2.jar;C:\Users\chq-jamesgl\.m2\repository\com\sun\jersey\jersey-server\1.17.1\jersey-server-1.17.1.jar;C:\Users\chq-jamesgl\.m2\repository\asm\asm\3.1\asm-3.1.jar;C:\Users\chq-jamesgl\.m2\repository\com\sun\jersey\jersey-core\1.17.1\jersey-core-1.17.1.jar;C:\Users\chq-jamesgl\.m2\repository\com\sun\jersey\jersey-json\1.17.1\jersey-json-1.17.1.jar;C:\Users\chq-jamesgl\.m2\repository\org\codehaus\jettison\jettison\1.1\jettison-1.1.jar;C:\Users\chq-jamesgl\.m2\repository\com\sun\xml\bind\jaxb-impl\2.2.3-1\jaxb-impl-2.2.3-1.jar;C:\Users\chq-jamesgl\.m2\repository\javax\xml\bind\jaxb-api\2.2.2\jaxb-api-2.2.2.jar;C:\Users\chq-jamesgl\.m2\repository\javax\xml\stream\stax-api\1.0-2\stax-api-1.0-2.jar;C:\Users\chq-jamesgl\.m2\repository\javax\activation\activation\1.1\activation-1.1.jar;C:\Users\chq-jamesgl\.m2\repository\org\codehaus\jackson\jackson-core-asl\1.9.2\jackson-core-asl-1.9.2.jar;C:\Users\chq-jamesgl\.m2\repository\org\codehaus\jackson\jackson-mapper-asl\1.9.2\jackson-mapper-asl-1.9.2.jar;C:\Users\chq-jamesgl\.m2\repository\org\codehaus\jackson\jackson-jaxrs\1.9.2\jackson-jaxrs-1.9.2.jar;C:\Users\chq-jamesgl\.m2\repository\org\codehaus\jackson\jackson-xc\1.9.2\jackson-xc-1.9.2.jar;C:\Users\chq-jamesgl\.m2\repository\com\sun\jersey\contribs\jersey-spring\1.17.1\jersey-spring-1.17.1.jar;C:\Users\chq-jamesgl\.m2\repository\com\sun\jersey\jersey-servlet\1.17.1\jersey-servlet-1.17.1.jar;C:\Users\chq-jamesgl\.m2\repository\org\eclipse\persistence\org.eclipse.persistence.moxy\2.5.0\org.eclipse.persistence.moxy-2.5.0.jar;C:\Users\chq-jamesgl\.m2\repository\org\eclipse\persistence\org.eclipse.persistence.core\2.5.0\org.eclipse.persistence.core-2.5.0.jar;C:\Users\chq-jamesgl\.m2\repository\org\eclipse\persistence\org.eclipse.persistence.asm\2.5.0\org.eclipse.persistence.asm-2.5.0.jar;C:\Users\chq-jamesgl\.m2\repository\org\eclipse\persistence\org.eclipse.persistence.antlr\2.5.0\org.eclipse.persistence.antlr-2.5.0.jar;C:\Users\chq-jamesgl\.m2\repository\org\springframework\spring-tx\3.2.3.RELEASE\spring-tx-3.2.3.RELEASE.jar;C:\Users\chq-jamesgl\.m2\repository\org\springframework\spring-orm\3.2.3.RELEASE\spring-orm-3.2.3.RELEASE.jar;C:\Users\chq-jamesgl\.m2\repository\org\springframework\spring-jdbc\3.2.3.RELEASE\spring-jdbc-3.2.3.RELEASE.jar;C:\Users\chq-jamesgl\.m2\repository\org\springframework\spring-aop\3.2.3.RELEASE\spring-aop-3.2.3.RELEASE.jar;C:\Users\chq-jamesgl\.m2\repository\org\springframework\data\spring-data-jpa\1.3.1.RELEASE\spring-data-jpa-1.3.1.RELEASE.jar;C:\Users\chq-jamesgl\.m2\repository\org\springframework\data\spring-data-commons\1.5.1.RELEASE\spring-data-commons-1.5.1.RELEASE.jar;C:\Users\chq-jamesgl\.m2\repository\org\aspectj\aspectjrt\1.7.2\aspectjrt-1.7.2.jar;C:\Users\chq-jamesgl\.m2\repository\org\slf4j\jcl-over-slf4j\1.7.1\jcl-over-slf4j-1.7.1.jar;C:\Users\chq-jamesgl\.m2\repository\org\slf4j\slf4j-api\1.7.5\slf4j-api-1.7.5.jar;C:\Users\chq-jamesgl\.m2\repository\ch\qos\logback\logback-classic\1.0.13\logback-classic-1.0.13.jar;C:\Users\chq-jamesgl\.m2\repository\ch\qos\logback\logback-core\1.0.13\logback-core-1.0.13.jar;C:\Users\chq-jamesgl\.m2\repository\org\hibernate\hibernate-entitymanager\4.2.1.Final\hibernate-entitymanager-4.2.1.Final.jar;C:\Users\chq-jamesgl\.m2\repository\org\jboss\logging\jboss-logging\3.1.0.GA\jboss-logging-3.1.0.GA.jar;C:\Users\chq-jamesgl\.m2\repository\org\hibernate\hibernate-core\4.2.1.Final\hibernate-core-4.2.1.Final.jar;C:\Users\chq-jamesgl\.m2\repository\antlr\antlr\2.7.7\antlr-2.7.7.jar;C:\Users\chq-jamesgl\.m2\repository\dom4j\dom4j\1.6.1\dom4j-1.6.1.jar;C:\Users\chq-jamesgl\.m2\repository\org\jboss\spec\javax\transaction\jboss-transaction-api_1.1_spec\1.0.1.Final\jboss-transaction-api_1.1_spec-1.0.1.Final.jar;C:\Users\chq-jamesgl\.m2\repository\org\hibernate\javax\persistence\hibernate-jpa-2.0-api\1.0.1.Final\hibernate-jpa-2.0-api-1.0.1.Final.jar;C:\Users\chq-jamesgl\.m2\repository\org\javassist\javassist\3.15.0-GA\javassist-3.15.0-GA.jar;C:\Users\chq-jamesgl\.m2\repository\org\hibernate\common\hibernate-commons-annotations\4.0.1.Final\hibernate-commons-annotations-4.0.1.Final.jar;C:\Users\chq-jamesgl\.m2\repository\javax\validation\validation-api\1.1.0.Final\validation-api-1.1.0.Final.jar;C:\Users\chq-jamesgl\.m2\repository\org\hibernate\hibernate-validator\4.2.0.Final\hibernate-validator-4.2.0.Final.jar;C:\Users\chq-jamesgl\.m2\repository\org\hsqldb\hsqldb\2.2.4\hsqldb-2.2.4.jar;C:\Users\chq-jamesgl\.m2\repository\org\dbunit\dbunit\2.5.0\dbunit-2.5.0.jar;C:\Users\chq-jamesgl\.m2\repository\commons-collections\commons-collections\3.2.1\commons-collections-3.2.1.jar;C:\Users\chq-jamesgl\.m2\repository\com\github\springtestdbunit\spring-test-dbunit\1.2.0\spring-test-dbunit-1.2.0.jar;C:\Users\chq-jamesgl\.m2\repository\org\springframework\spring-test\3.2.3.RELEASE\spring-test-3.2.3.RELEASE.jar;C:\Users\chq-jamesgl\.m2\repository\org\hamcrest\hamcrest-all\1.3\hamcrest-all-1.3.jar;C:\Users\chq-jamesgl\.m2\repository\junit\junit\4.11\junit-4.11.jar;C:\Users\chq-jamesgl\.m2\repository\org\hamcrest\hamcrest-core\1.3\hamcrest-core-1.3.jar;C:\Users\chq-jamesgl\.m2\repository\org\mockito\mockito-core\1.9.5\mockito-core-1.9.5.jar;C:\Users\chq-jamesgl\.m2\repository\org\objenesis\objenesis\1.0\objenesis-1.0.jar;C:\Users\chq-jamesgl\.m2\repository\org\apache\derby\derbyclient\10.11.1.1\derbyclient-10.11.1.1.jar;C:\Users\chq-jamesgl\.m2\repository\org\sitemesh\sitemesh\3.0-alpha-2\sitemesh-3.0-alpha-2.jar;, java.io.tmpdir=C:\Users\CHQ-JA~1\AppData\Local\Temp\, java.vendor.url.bug=http://bugreport.sun.com/bugreport/, javax.persistence.sharedCache.mode=UNSPECIFIED, os.arch=amd64, java.awt.graphicsenv=sun.awt.Win32GraphicsEnvironment, java.ext.dirs=C:\Program Files\Java\jdk1.7.0_45\jre\lib\ext;C:\WINDOWS\Sun\Java\lib\ext, user.dir=C:\Users\chq-jamesgl\STS_work2\finalprojectgleixner, line.separator=
, java.vm.name=Java HotSpot(TM) 64-Bit Server VM, basedir=C:\Users\chq-jamesgl\STS_work2\finalprojectgleixner, file.encoding=Cp1252, hibernate.use_identifier_rollback=false, java.specification.version=1.7, hibernate.show_sql=true}
DEBUG DefaultTraversableResolver - Found javax.persistence.Persistence on classpath containing &apos;getPersistenceUtil&apos;. Assuming JPA 2 environment. Trying to instantiate JPA aware TraversableResolver
DEBUG DefaultTraversableResolver - Instantiated JPA aware TraversableResolver of type org.hibernate.validator.engine.resolver.JPATraversableResolver.
DEBUG ValidationXmlParser - Trying to load META-INF/validation.xml for XML based Validator configuration.
DEBUG ValidationXmlParser - No META-INF/validation.xml found. Using annotation based configuration only
DEBUG DefaultTraversableResolver - Found javax.persistence.Persistence on classpath containing &apos;getPersistenceUtil&apos;. Assuming JPA 2 environment. Trying to instantiate JPA aware TraversableResolver
DEBUG DefaultTraversableResolver - Instantiated JPA aware TraversableResolver of type org.hibernate.validator.engine.resolver.JPATraversableResolver.
DEBUG ValidationXmlParser - Trying to load META-INF/validation.xml for XML based Validator configuration.
DEBUG ValidationXmlParser - No META-INF/validation.xml found. Using annotation based configuration only
DEBUG ConstraintDescriptorImpl - Adding composing constraint: ConstraintDescriptorImpl{annotation=javax.validation.constraints.NotNull, payloads=[], hasComposingConstraints=true, isReportAsSingleInvalidConstraint=false, elementType=FIELD, definedOn=DEFINED_LOCALLY, groups=[interface javax.validation.groups.Default], attributes={message={javax.validation.constraints.NotNull.message}, payload=[Ljava.lang.Class;@5b471876, groups=[Ljava.lang.Class;@189719cb}}
DEBUG ConstraintDescriptorImpl - Adding composing constraint: ConstraintDescriptorImpl{annotation=javax.validation.constraints.Size, payloads=[], hasComposingConstraints=true, isReportAsSingleInvalidConstraint=false, elementType=FIELD, definedOn=DEFINED_LOCALLY, groups=[interface javax.validation.groups.Default], attributes={message={javax.validation.constraints.Size.message}, min=1, payload=[Ljava.lang.Class;@25055146, max=2147483647, groups=[Ljava.lang.Class;@1adda7}}
DEBUG ConstraintDescriptorImpl - Adding composing constraint: ConstraintDescriptorImpl{annotation=javax.validation.constraints.NotNull, payloads=[], hasComposingConstraints=true, isReportAsSingleInvalidConstraint=false, elementType=FIELD, definedOn=DEFINED_LOCALLY, groups=[interface javax.validation.groups.Default], attributes={message={javax.validation.constraints.NotNull.message}, payload=[Ljava.lang.Class;@692008e2, groups=[Ljava.lang.Class;@36276359}}
DEBUG ConstraintDescriptorImpl - Adding composing constraint: ConstraintDescriptorImpl{annotation=javax.validation.constraints.Size, payloads=[], hasComposingConstraints=true, isReportAsSingleInvalidConstraint=false, elementType=FIELD, definedOn=DEFINED_LOCALLY, groups=[interface javax.validation.groups.Default], attributes={message={javax.validation.constraints.Size.message}, min=1, payload=[Ljava.lang.Class;@b1c3ffe, max=2147483647, groups=[Ljava.lang.Class;@6bad4264}}
DEBUG ConstraintDescriptorImpl - Adding composing constraint: ConstraintDescriptorImpl{annotation=javax.validation.constraints.NotNull, payloads=[], hasComposingConstraints=true, isReportAsSingleInvalidConstraint=false, elementType=FIELD, definedOn=DEFINED_LOCALLY, groups=[interface javax.validation.groups.Default], attributes={message={javax.validation.constraints.NotNull.message}, payload=[Ljava.lang.Class;@6ce807b0, groups=[Ljava.lang.Class;@7550ebab}}
DEBUG ConstraintDescriptorImpl - Adding composing constraint: ConstraintDescriptorImpl{annotation=javax.validation.constraints.Size, payloads=[], hasComposingConstraints=true, isReportAsSingleInvalidConstraint=false, elementType=FIELD, definedOn=DEFINED_LOCALLY, groups=[interface javax.validation.groups.Default], attributes={message={javax.validation.constraints.Size.message}, min=1, payload=[Ljava.lang.Class;@6f310c0, max=2147483647, groups=[Ljava.lang.Class;@3fd0b0d0}}
DEBUG ConstraintDescriptorImpl - Adding composing constraint: ConstraintDescriptorImpl{annotation=javax.validation.constraints.NotNull, payloads=[], hasComposingConstraints=true, isReportAsSingleInvalidConstraint=false, elementType=FIELD, definedOn=DEFINED_LOCALLY, groups=[interface javax.validation.groups.Default], attributes={message={javax.validation.constraints.NotNull.message}, payload=[Ljava.lang.Class;@608ddc7, groups=[Ljava.lang.Class;@301836e9}}
DEBUG ConstraintDescriptorImpl - Adding composing constraint: ConstraintDescriptorImpl{annotation=javax.validation.constraints.Size, payloads=[], hasComposingConstraints=true, isReportAsSingleInvalidConstraint=false, elementType=FIELD, definedOn=DEFINED_LOCALLY, groups=[interface javax.validation.groups.Default], attributes={message={javax.validation.constraints.Size.message}, min=1, payload=[Ljava.lang.Class;@405600d7, max=2147483647, groups=[Ljava.lang.Class;@4e514440}}
DEBUG ConstraintDescriptorImpl - Adding composing constraint: ConstraintDescriptorImpl{annotation=javax.validation.constraints.NotNull, payloads=[], hasComposingConstraints=true, isReportAsSingleInvalidConstraint=false, elementType=FIELD, definedOn=DEFINED_LOCALLY, groups=[interface javax.validation.groups.Default], attributes={message={javax.validation.constraints.NotNull.message}, payload=[Ljava.lang.Class;@272b811d, groups=[Ljava.lang.Class;@1929ab02}}
DEBUG ConstraintDescriptorImpl - Adding composing constraint: ConstraintDescriptorImpl{annotation=javax.validation.constraints.Size, payloads=[], hasComposingConstraints=true, isReportAsSingleInvalidConstraint=false, elementType=FIELD, definedOn=DEFINED_LOCALLY, groups=[interface javax.validation.groups.Default], attributes={message={javax.validation.constraints.Size.message}, min=1, payload=[Ljava.lang.Class;@37f3c382, max=2147483647, groups=[Ljava.lang.Class;@64a8a880}}
DEBUG ConstraintDescriptorImpl - Adding composing constraint: ConstraintDescriptorImpl{annotation=javax.validation.constraints.NotNull, payloads=[], hasComposingConstraints=true, isReportAsSingleInvalidConstraint=false, elementType=FIELD, definedOn=DEFINED_LOCALLY, groups=[interface javax.validation.groups.Default], attributes={message={javax.validation.constraints.NotNull.message}, payload=[Ljava.lang.Class;@41229eee, groups=[Ljava.lang.Class;@47f03caa}}
DEBUG ConstraintDescriptorImpl - Adding composing constraint: ConstraintDescriptorImpl{annotation=javax.validation.constraints.Size, payloads=[], hasComposingConstraints=true, isReportAsSingleInvalidConstraint=false, elementType=FIELD, definedOn=DEFINED_LOCALLY, groups=[interface javax.validation.groups.Default], attributes={message={javax.validation.constraints.Size.message}, min=1, payload=[Ljava.lang.Class;@67a0e65, max=2147483647, groups=[Ljava.lang.Class;@37470c35}}
DEBUG ConstraintDescriptorImpl - Adding composing constraint: ConstraintDescriptorImpl{annotation=javax.validation.constraints.NotNull, payloads=[], hasComposingConstraints=true, isReportAsSingleInvalidConstraint=false, elementType=FIELD, definedOn=DEFINED_LOCALLY, groups=[interface javax.validation.groups.Default], attributes={message={javax.validation.constraints.NotNull.message}, payload=[Ljava.lang.Class;@2e39e5a8, groups=[Ljava.lang.Class;@5b14904d}}
DEBUG ConstraintDescriptorImpl - Adding composing constraint: ConstraintDescriptorImpl{annotation=javax.validation.constraints.Size, payloads=[], hasComposingConstraints=true, isReportAsSingleInvalidConstraint=false, elementType=FIELD, definedOn=DEFINED_LOCALLY, groups=[interface javax.validation.groups.Default], attributes={message={javax.validation.constraints.Size.message}, min=1, payload=[Ljava.lang.Class;@63664cd8, max=2147483647, groups=[Ljava.lang.Class;@513f2be3}}
DEBUG DefaultIdentifierGeneratorFactory - Setting dialect [org.hibernate.dialect.HSQLDialect]
DEBUG DefaultIdentifierGeneratorFactory - Setting dialect [org.hibernate.dialect.HSQLDialect]
DEBUG DefaultIdentifierGeneratorFactory - Setting dialect [org.hibernate.dialect.HSQLDialect]
DEBUG DefaultIdentifierGeneratorFactory - Setting dialect [org.hibernate.dialect.HSQLDialect]
DEBUG DefaultIdentifierGeneratorFactory - Setting dialect [org.hibernate.dialect.HSQLDialect]
DEBUG DefaultIdentifierGeneratorFactory - Setting dialect [org.hibernate.dialect.HSQLDialect]
DEBUG DefaultIdentifierGeneratorFactory - Setting dialect [org.hibernate.dialect.HSQLDialect]
DEBUG DefaultIdentifierGeneratorFactory - Setting dialect [org.hibernate.dialect.HSQLDialect]
DEBUG DefaultIdentifierGeneratorFactory - Setting dialect [org.hibernate.dialect.HSQLDialect]
DEBUG DefaultIdentifierGeneratorFactory - Setting dialect [org.hibernate.dialect.HSQLDialect]
DEBUG AbstractEntityPersister - Static SQL for entity: com.expeditors.training.course3demo.model.Address
DEBUG AbstractEntityPersister -  Version select: select ADDRESS_ID from ADDRESS where ADDRESS_ID =?
DEBUG AbstractEntityPersister -  Snapshot select: select address_.ADDRESS_ID, address_.city as city2_0_, address_.state as state3_0_, address_.street as street4_0_ from ADDRESS address_ where address_.ADDRESS_ID=?
DEBUG AbstractEntityPersister -  Insert 0: insert into ADDRESS (city, state, street, ADDRESS_ID) values (?, ?, ?, ?)
DEBUG AbstractEntityPersister -  Update 0: update ADDRESS set city=?, state=?, street=? where ADDRESS_ID=?
DEBUG AbstractEntityPersister -  Delete 0: delete from ADDRESS where ADDRESS_ID=?
DEBUG AbstractEntityPersister -  Identity insert: insert into ADDRESS (ADDRESS_ID, city, state, street) values (default, ?, ?, ?)
DEBUG AbstractEntityPersister - Static SQL for entity: com.expeditors.training.course3demo.model.Shipment
DEBUG AbstractEntityPersister -  Version select: select SHIPMENT_ID from Shipment where SHIPMENT_ID =?
DEBUG AbstractEntityPersister -  Snapshot select: select shipment_.SHIPMENT_ID, shipment_.destination as destinat2_7_, shipment_.name as name3_7_, shipment_.origin as origin4_7_, shipment_.OWNER as OWNER6_7_, shipment_.volume as volume5_7_ from Shipment shipment_ where shipment_.SHIPMENT_ID=?
DEBUG AbstractEntityPersister -  Insert 0: insert into Shipment (destination, name, origin, OWNER, volume, SHIPMENT_ID) values (?, ?, ?, ?, ?, ?)
DEBUG AbstractEntityPersister -  Update 0: update Shipment set destination=?, name=?, origin=?, OWNER=?, volume=? where SHIPMENT_ID=?
DEBUG AbstractEntityPersister -  Delete 0: delete from Shipment where SHIPMENT_ID=?
DEBUG AbstractEntityPersister -  Identity insert: insert into Shipment (SHIPMENT_ID, destination, name, origin, OWNER, volume) values (default, ?, ?, ?, ?, ?)
DEBUG AbstractEntityPersister - Static SQL for entity: com.expeditors.training.course3demo.model.PhoneNumber
DEBUG AbstractEntityPersister -  Version select: select PHONE_NUMBER_ID from PHONE_NUMBER where PHONE_NUMBER_ID =?
DEBUG AbstractEntityPersister -  Snapshot select: select phonenumbe_.PHONE_NUMBER_ID, phonenumbe_.CARD_ID as CARD3_4_, phonenumbe_.PHONE_NUMBER as PHONE2_4_ from PHONE_NUMBER phonenumbe_ where phonenumbe_.PHONE_NUMBER_ID=?
DEBUG AbstractEntityPersister -  Insert 0: insert into PHONE_NUMBER (CARD_ID, PHONE_NUMBER, PHONE_NUMBER_ID) values (?, ?, ?)
DEBUG AbstractEntityPersister -  Update 0: update PHONE_NUMBER set CARD_ID=?, PHONE_NUMBER=? where PHONE_NUMBER_ID=?
DEBUG AbstractEntityPersister -  Delete 0: delete from PHONE_NUMBER where PHONE_NUMBER_ID=?
DEBUG AbstractEntityPersister -  Identity insert: insert into PHONE_NUMBER (PHONE_NUMBER_ID, CARD_ID, PHONE_NUMBER) values (default, ?, ?)
DEBUG AbstractEntityPersister - Static SQL for entity: com.expeditors.training.course3demo.model.Container
DEBUG AbstractEntityPersister -  Version select: select CONTAINER_ID from Container where CONTAINER_ID =?
DEBUG AbstractEntityPersister -  Snapshot select: select container_.CONTAINER_ID, container_.capacity as capacity2_3_, container_.destination as destinat3_3_, container_.location as location4_3_, container_.name as name5_3_, container_.status as status6_3_ from Container container_ where container_.CONTAINER_ID=?
DEBUG AbstractEntityPersister -  Insert 0: insert into Container (capacity, destination, location, name, status, CONTAINER_ID) values (?, ?, ?, ?, ?, ?)
DEBUG AbstractEntityPersister -  Update 0: update Container set capacity=?, destination=?, location=?, name=?, status=? where CONTAINER_ID=?
DEBUG AbstractEntityPersister -  Delete 0: delete from Container where CONTAINER_ID=?
DEBUG AbstractEntityPersister -  Identity insert: insert into Container (CONTAINER_ID, capacity, destination, location, name, status) values (default, ?, ?, ?, ?, ?)
DEBUG AbstractEntityPersister - Static SQL for entity: com.expeditors.training.course3demo.model.ShipmentContainerAssociation
DEBUG AbstractEntityPersister -  Version select: select ID from SHIPMENT_CONTAINER_ASSOCIATION where ID =?
DEBUG AbstractEntityPersister -  Snapshot select: select shipmentco_.ID, shipmentco_.CONTAINER_ID as CONTAINE4_6_, shipmentco_.DATE as DATE2_6_, shipmentco_.SHIPMENT_ID as SHIPMENT5_6_, shipmentco_.SHIPMENT_VOLUME as SHIPMENT3_6_ from SHIPMENT_CONTAINER_ASSOCIATION shipmentco_ where shipmentco_.ID=?
DEBUG AbstractEntityPersister -  Insert 0: insert into SHIPMENT_CONTAINER_ASSOCIATION (CONTAINER_ID, DATE, SHIPMENT_ID, SHIPMENT_VOLUME, ID) values (?, ?, ?, ?, ?)
DEBUG AbstractEntityPersister -  Update 0: update SHIPMENT_CONTAINER_ASSOCIATION set CONTAINER_ID=?, DATE=?, SHIPMENT_ID=?, SHIPMENT_VOLUME=? where ID=?
DEBUG AbstractEntityPersister -  Delete 0: delete from SHIPMENT_CONTAINER_ASSOCIATION where ID=?
DEBUG AbstractEntityPersister -  Identity insert: insert into SHIPMENT_CONTAINER_ASSOCIATION (ID, CONTAINER_ID, DATE, SHIPMENT_ID, SHIPMENT_VOLUME) values (default, ?, ?, ?, ?)
DEBUG AbstractEntityPersister - Static SQL for entity: com.expeditors.training.course3demo.model.UserRole
DEBUG AbstractEntityPersister -  Version select: select ROLE_ID from USERROLE where ROLE_ID =?
DEBUG AbstractEntityPersister -  Snapshot select: select userrole_.ROLE_ID, userrole_.ROLE_NAME as ROLE2_9_, userrole_.ROLE_OWNER as ROLE3_9_ from USERROLE userrole_ where userrole_.ROLE_ID=?
DEBUG AbstractEntityPersister -  Insert 0: insert into USERROLE (ROLE_NAME, ROLE_OWNER, ROLE_ID) values (?, ?, ?)
DEBUG AbstractEntityPersister -  Update 0: update USERROLE set ROLE_NAME=?, ROLE_OWNER=? where ROLE_ID=?
DEBUG AbstractEntityPersister -  Delete 0: delete from USERROLE where ROLE_ID=?
DEBUG AbstractEntityPersister -  Identity insert: insert into USERROLE (ROLE_ID, ROLE_NAME, ROLE_OWNER) values (default, ?, ?)
DEBUG AbstractEntityPersister - Static SQL for entity: com.expeditors.training.course3demo.model.UserAccount
DEBUG AbstractEntityPersister -  Version select: select username from USERACCOUNT where username =?
DEBUG AbstractEntityPersister -  Snapshot select: select useraccoun_.username, useraccoun_.enabled as enabled2_8_, useraccoun_.password as password3_8_ from USERACCOUNT useraccoun_ where useraccoun_.username=?
DEBUG AbstractEntityPersister -  Insert 0: insert into USERACCOUNT (enabled, password, username) values (?, ?, ?)
DEBUG AbstractEntityPersister -  Update 0: update USERACCOUNT set enabled=?, password=? where username=?
DEBUG AbstractEntityPersister -  Delete 0: delete from USERACCOUNT where username=?
DEBUG AbstractEntityPersister - Static SQL for entity: com.expeditors.training.course3demo.model.Product
DEBUG AbstractEntityPersister -  Version select: select PRODUCT_ID from PRODUCT where PRODUCT_ID =?
DEBUG AbstractEntityPersister -  Snapshot select: select product_.PRODUCT_ID, product_.description as descript2_5_, product_.name as name3_5_, product_.price as price4_5_ from PRODUCT product_ where product_.PRODUCT_ID=?
DEBUG AbstractEntityPersister -  Insert 0: insert into PRODUCT (description, name, price, PRODUCT_ID) values (?, ?, ?, ?)
DEBUG AbstractEntityPersister -  Update 0: update PRODUCT set description=?, name=?, price=? where PRODUCT_ID=?
DEBUG AbstractEntityPersister -  Delete 0: delete from PRODUCT where PRODUCT_ID=?
DEBUG AbstractEntityPersister -  Identity insert: insert into PRODUCT (PRODUCT_ID, description, name, price) values (default, ?, ?, ?)
DEBUG AbstractEntityPersister - Static SQL for entity: com.expeditors.training.course3demo.model.Card
DEBUG AbstractEntityPersister -  Version select: select CARD_ID from CARD where CARD_ID =?
DEBUG AbstractEntityPersister -  Snapshot select: select card_.CARD_ID, card_.address as address5_1_, card_.amount as amount2_1_, card_.CARD_NUMBER as CARD3_1_, card_.OWNER_NAME as OWNER4_1_ from CARD card_ where card_.CARD_ID=?
DEBUG AbstractEntityPersister -  Insert 0: insert into CARD (address, amount, CARD_NUMBER, OWNER_NAME, CARD_ID) values (?, ?, ?, ?, ?)
DEBUG AbstractEntityPersister -  Update 0: update CARD set address=?, amount=?, CARD_NUMBER=?, OWNER_NAME=? where CARD_ID=?
DEBUG AbstractEntityPersister -  Delete 0: delete from CARD where CARD_ID=?
DEBUG AbstractEntityPersister -  Identity insert: insert into CARD (CARD_ID, address, amount, CARD_NUMBER, OWNER_NAME) values (default, ?, ?, ?, ?)
DEBUG AbstractEntityPersister - Static SQL for entity: com.expeditors.training.course3demo.model.CardProductBuys
DEBUG AbstractEntityPersister -  Version select: select ID from CARD_PRODUCT_BUYS where ID =?
DEBUG AbstractEntityPersister -  Snapshot select: select cardproduc_.ID, cardproduc_.CARD_ID as CARD3_2_, cardproduc_.DATE as DATE2_2_, cardproduc_.Product_ID as Product4_2_ from CARD_PRODUCT_BUYS cardproduc_ where cardproduc_.ID=?
DEBUG AbstractEntityPersister -  Insert 0: insert into CARD_PRODUCT_BUYS (CARD_ID, DATE, Product_ID, ID) values (?, ?, ?, ?)
DEBUG AbstractEntityPersister -  Update 0: update CARD_PRODUCT_BUYS set CARD_ID=?, DATE=?, Product_ID=? where ID=?
DEBUG AbstractEntityPersister -  Delete 0: delete from CARD_PRODUCT_BUYS where ID=?
DEBUG AbstractEntityPersister -  Identity insert: insert into CARD_PRODUCT_BUYS (ID, CARD_ID, DATE, Product_ID) values (default, ?, ?, ?)
DEBUG AbstractCollectionPersister - Static SQL for collection: com.expeditors.training.course3demo.model.UserAccount.userRoles
DEBUG AbstractCollectionPersister -  Row insert: update USERROLE set ROLE_OWNER=? where ROLE_ID=?
DEBUG AbstractCollectionPersister -  Row update: update USERROLE set  where ROLE_ID=?
DEBUG AbstractCollectionPersister -  Row delete: update USERROLE set ROLE_OWNER=null where ROLE_OWNER=? and ROLE_ID=?
DEBUG AbstractCollectionPersister -  One-shot delete: update USERROLE set ROLE_OWNER=null where ROLE_OWNER=?
DEBUG AbstractCollectionPersister - Static SQL for collection: com.expeditors.training.course3demo.model.Card.phoneNumbers
DEBUG AbstractCollectionPersister -  Row insert: update PHONE_NUMBER set CARD_ID=?, index=? where PHONE_NUMBER_ID=?
DEBUG AbstractCollectionPersister -  Row update: update PHONE_NUMBER set index=? where PHONE_NUMBER_ID=?
DEBUG AbstractCollectionPersister -  Row delete: update PHONE_NUMBER set CARD_ID=null, index=null where CARD_ID=? and PHONE_NUMBER_ID=?
DEBUG AbstractCollectionPersister -  One-shot delete: update PHONE_NUMBER set CARD_ID=null, index=null where CARD_ID=?
DEBUG AbstractCollectionPersister - Static SQL for collection: com.expeditors.training.course3demo.model.Container.shipmentContainerAssociations
DEBUG AbstractCollectionPersister -  Row insert: update SHIPMENT_CONTAINER_ASSOCIATION set CONTAINER_ID=? where ID=?
DEBUG AbstractCollectionPersister -  Row update: update SHIPMENT_CONTAINER_ASSOCIATION set  where ID=?
DEBUG AbstractCollectionPersister -  Row delete: update SHIPMENT_CONTAINER_ASSOCIATION set CONTAINER_ID=null where CONTAINER_ID=? and ID=?
DEBUG AbstractCollectionPersister -  One-shot delete: update SHIPMENT_CONTAINER_ASSOCIATION set CONTAINER_ID=null where CONTAINER_ID=?
DEBUG AbstractCollectionPersister - Static SQL for collection: com.expeditors.training.course3demo.model.Card.boughtProducts
DEBUG AbstractCollectionPersister -  Row insert: update CARD_PRODUCT_BUYS set CARD_ID=? where ID=?
DEBUG AbstractCollectionPersister -  Row update: update CARD_PRODUCT_BUYS set  where ID=?
DEBUG AbstractCollectionPersister -  Row delete: update CARD_PRODUCT_BUYS set CARD_ID=null where CARD_ID=? and ID=?
DEBUG AbstractCollectionPersister -  One-shot delete: update CARD_PRODUCT_BUYS set CARD_ID=null where CARD_ID=?
DEBUG AbstractCollectionPersister - Static SQL for collection: com.expeditors.training.course3demo.model.Shipment.shipmentContainerAssociations
DEBUG AbstractCollectionPersister -  Row insert: update SHIPMENT_CONTAINER_ASSOCIATION set SHIPMENT_ID=? where ID=?
DEBUG AbstractCollectionPersister -  Row update: update SHIPMENT_CONTAINER_ASSOCIATION set  where ID=?
DEBUG AbstractCollectionPersister -  Row delete: update SHIPMENT_CONTAINER_ASSOCIATION set SHIPMENT_ID=null where SHIPMENT_ID=? and ID=?
DEBUG AbstractCollectionPersister -  One-shot delete: update SHIPMENT_CONTAINER_ASSOCIATION set SHIPMENT_ID=null where SHIPMENT_ID=?
DEBUG Loader - Static select for entity com.expeditors.training.course3demo.model.Address [NONE]: select address0_.ADDRESS_ID as ADDRESS1_0_0_, address0_.city as city2_0_0_, address0_.state as state3_0_0_, address0_.street as street4_0_0_ from ADDRESS address0_ where address0_.ADDRESS_ID=?
DEBUG Loader - Static select for entity com.expeditors.training.course3demo.model.Address [READ]: select address0_.ADDRESS_ID as ADDRESS1_0_0_, address0_.city as city2_0_0_, address0_.state as state3_0_0_, address0_.street as street4_0_0_ from ADDRESS address0_ where address0_.ADDRESS_ID=?
DEBUG Loader - Static select for entity com.expeditors.training.course3demo.model.Address [UPGRADE]: select address0_.ADDRESS_ID as ADDRESS1_0_0_, address0_.city as city2_0_0_, address0_.state as state3_0_0_, address0_.street as street4_0_0_ from ADDRESS address0_ where address0_.ADDRESS_ID=?
DEBUG Loader - Static select for entity com.expeditors.training.course3demo.model.Address [UPGRADE_NOWAIT]: select address0_.ADDRESS_ID as ADDRESS1_0_0_, address0_.city as city2_0_0_, address0_.state as state3_0_0_, address0_.street as street4_0_0_ from ADDRESS address0_ where address0_.ADDRESS_ID=?
DEBUG Loader - Static select for entity com.expeditors.training.course3demo.model.Address [FORCE]: select address0_.ADDRESS_ID as ADDRESS1_0_0_, address0_.city as city2_0_0_, address0_.state as state3_0_0_, address0_.street as street4_0_0_ from ADDRESS address0_ where address0_.ADDRESS_ID=?
DEBUG Loader - Static select for entity com.expeditors.training.course3demo.model.Address [PESSIMISTIC_READ]: select address0_.ADDRESS_ID as ADDRESS1_0_0_, address0_.city as city2_0_0_, address0_.state as state3_0_0_, address0_.street as street4_0_0_ from ADDRESS address0_ where address0_.ADDRESS_ID=?
DEBUG Loader - Static select for entity com.expeditors.training.course3demo.model.Address [PESSIMISTIC_WRITE]: select address0_.ADDRESS_ID as ADDRESS1_0_0_, address0_.city as city2_0_0_, address0_.state as state3_0_0_, address0_.street as street4_0_0_ from ADDRESS address0_ where address0_.ADDRESS_ID=?
DEBUG Loader - Static select for entity com.expeditors.training.course3demo.model.Address [PESSIMISTIC_FORCE_INCREMENT]: select address0_.ADDRESS_ID as ADDRESS1_0_0_, address0_.city as city2_0_0_, address0_.state as state3_0_0_, address0_.street as street4_0_0_ from ADDRESS address0_ where address0_.ADDRESS_ID=?
DEBUG Loader - Static select for entity com.expeditors.training.course3demo.model.Address [OPTIMISTIC]: select address0_.ADDRESS_ID as ADDRESS1_0_0_, address0_.city as city2_0_0_, address0_.state as state3_0_0_, address0_.street as street4_0_0_ from ADDRESS address0_ where address0_.ADDRESS_ID=?
DEBUG Loader - Static select for entity com.expeditors.training.course3demo.model.Address [OPTIMISTIC_FORCE_INCREMENT]: select address0_.ADDRESS_ID as ADDRESS1_0_0_, address0_.city as city2_0_0_, address0_.state as state3_0_0_, address0_.street as street4_0_0_ from ADDRESS address0_ where address0_.ADDRESS_ID=?
DEBUG Loader - Static select for action ACTION_MERGE on entity com.expeditors.training.course3demo.model.Address: select address0_.ADDRESS_ID as ADDRESS1_0_0_, address0_.city as city2_0_0_, address0_.state as state3_0_0_, address0_.street as street4_0_0_ from ADDRESS address0_ where address0_.ADDRESS_ID=?
DEBUG Loader - Static select for action ACTION_REFRESH on entity com.expeditors.training.course3demo.model.Address: select address0_.ADDRESS_ID as ADDRESS1_0_0_, address0_.city as city2_0_0_, address0_.state as state3_0_0_, address0_.street as street4_0_0_ from ADDRESS address0_ where address0_.ADDRESS_ID=?
DEBUG Loader - Static select for entity com.expeditors.training.course3demo.model.Container [NONE]: select container0_.CONTAINER_ID as CONTAINE1_3_0_, container0_.capacity as capacity2_3_0_, container0_.destination as destinat3_3_0_, container0_.location as location4_3_0_, container0_.name as name5_3_0_, container0_.status as status6_3_0_ from Container container0_ where container0_.CONTAINER_ID=?
DEBUG Loader - Static select for entity com.expeditors.training.course3demo.model.Container [READ]: select container0_.CONTAINER_ID as CONTAINE1_3_0_, container0_.capacity as capacity2_3_0_, container0_.destination as destinat3_3_0_, container0_.location as location4_3_0_, container0_.name as name5_3_0_, container0_.status as status6_3_0_ from Container container0_ where container0_.CONTAINER_ID=?
DEBUG Loader - Static select for entity com.expeditors.training.course3demo.model.Container [UPGRADE]: select container0_.CONTAINER_ID as CONTAINE1_3_0_, container0_.capacity as capacity2_3_0_, container0_.destination as destinat3_3_0_, container0_.location as location4_3_0_, container0_.name as name5_3_0_, container0_.status as status6_3_0_ from Container container0_ where container0_.CONTAINER_ID=?
DEBUG Loader - Static select for entity com.expeditors.training.course3demo.model.Container [UPGRADE_NOWAIT]: select container0_.CONTAINER_ID as CONTAINE1_3_0_, container0_.capacity as capacity2_3_0_, container0_.destination as destinat3_3_0_, container0_.location as location4_3_0_, container0_.name as name5_3_0_, container0_.status as status6_3_0_ from Container container0_ where container0_.CONTAINER_ID=?
DEBUG Loader - Static select for entity com.expeditors.training.course3demo.model.Container [FORCE]: select container0_.CONTAINER_ID as CONTAINE1_3_0_, container0_.capacity as capacity2_3_0_, container0_.destination as destinat3_3_0_, container0_.location as location4_3_0_, container0_.name as name5_3_0_, container0_.status as status6_3_0_ from Container container0_ where container0_.CONTAINER_ID=?
DEBUG Loader - Static select for entity com.expeditors.training.course3demo.model.Container [PESSIMISTIC_READ]: select container0_.CONTAINER_ID as CONTAINE1_3_0_, container0_.capacity as capacity2_3_0_, container0_.destination as destinat3_3_0_, container0_.location as location4_3_0_, container0_.name as name5_3_0_, container0_.status as status6_3_0_ from Container container0_ where container0_.CONTAINER_ID=?
DEBUG Loader - Static select for entity com.expeditors.training.course3demo.model.Container [PESSIMISTIC_WRITE]: select container0_.CONTAINER_ID as CONTAINE1_3_0_, container0_.capacity as capacity2_3_0_, container0_.destination as destinat3_3_0_, container0_.location as location4_3_0_, container0_.name as name5_3_0_, container0_.status as status6_3_0_ from Container container0_ where container0_.CONTAINER_ID=?
DEBUG Loader - Static select for entity com.expeditors.training.course3demo.model.Container [PESSIMISTIC_FORCE_INCREMENT]: select container0_.CONTAINER_ID as CONTAINE1_3_0_, container0_.capacity as capacity2_3_0_, container0_.destination as destinat3_3_0_, container0_.location as location4_3_0_, container0_.name as name5_3_0_, container0_.status as status6_3_0_ from Container container0_ where container0_.CONTAINER_ID=?
DEBUG Loader - Static select for entity com.expeditors.training.course3demo.model.Container [OPTIMISTIC]: select container0_.CONTAINER_ID as CONTAINE1_3_0_, container0_.capacity as capacity2_3_0_, container0_.destination as destinat3_3_0_, container0_.location as location4_3_0_, container0_.name as name5_3_0_, container0_.status as status6_3_0_ from Container container0_ where container0_.CONTAINER_ID=?
DEBUG Loader - Static select for entity com.expeditors.training.course3demo.model.Container [OPTIMISTIC_FORCE_INCREMENT]: select container0_.CONTAINER_ID as CONTAINE1_3_0_, container0_.capacity as capacity2_3_0_, container0_.destination as destinat3_3_0_, container0_.location as location4_3_0_, container0_.name as name5_3_0_, container0_.status as status6_3_0_ from Container container0_ where container0_.CONTAINER_ID=?
DEBUG Loader - Static select for action ACTION_MERGE on entity com.expeditors.training.course3demo.model.Container: select container0_.CONTAINER_ID as CONTAINE1_3_1_, container0_.capacity as capacity2_3_1_, container0_.destination as destinat3_3_1_, container0_.location as location4_3_1_, container0_.name as name5_3_1_, container0_.status as status6_3_1_, shipmentco1_.CONTAINER_ID as CONTAINE4_3_3_, shipmentco1_.ID as ID1_6_3_, shipmentco1_.ID as ID1_6_0_, shipmentco1_.CONTAINER_ID as CONTAINE4_6_0_, shipmentco1_.DATE as DATE2_6_0_, shipmentco1_.SHIPMENT_ID as SHIPMENT5_6_0_, shipmentco1_.SHIPMENT_VOLUME as SHIPMENT3_6_0_ from Container container0_ left outer join SHIPMENT_CONTAINER_ASSOCIATION shipmentco1_ on container0_.CONTAINER_ID=shipmentco1_.CONTAINER_ID where container0_.CONTAINER_ID=?
DEBUG Loader - Static select for action ACTION_REFRESH on entity com.expeditors.training.course3demo.model.Container: select container0_.CONTAINER_ID as CONTAINE1_3_1_, container0_.capacity as capacity2_3_1_, container0_.destination as destinat3_3_1_, container0_.location as location4_3_1_, container0_.name as name5_3_1_, container0_.status as status6_3_1_, shipmentco1_.CONTAINER_ID as CONTAINE4_3_3_, shipmentco1_.ID as ID1_6_3_, shipmentco1_.ID as ID1_6_0_, shipmentco1_.CONTAINER_ID as CONTAINE4_6_0_, shipmentco1_.DATE as DATE2_6_0_, shipmentco1_.SHIPMENT_ID as SHIPMENT5_6_0_, shipmentco1_.SHIPMENT_VOLUME as SHIPMENT3_6_0_ from Container container0_ left outer join SHIPMENT_CONTAINER_ASSOCIATION shipmentco1_ on container0_.CONTAINER_ID=shipmentco1_.CONTAINER_ID where container0_.CONTAINER_ID=?
DEBUG Loader - Static select for entity com.expeditors.training.course3demo.model.PhoneNumber [NONE]: select phonenumbe0_.PHONE_NUMBER_ID as PHONE1_4_0_, phonenumbe0_.CARD_ID as CARD3_4_0_, phonenumbe0_.PHONE_NUMBER as PHONE2_4_0_ from PHONE_NUMBER phonenumbe0_ where phonenumbe0_.PHONE_NUMBER_ID=?
DEBUG Loader - Static select for entity com.expeditors.training.course3demo.model.PhoneNumber [READ]: select phonenumbe0_.PHONE_NUMBER_ID as PHONE1_4_0_, phonenumbe0_.CARD_ID as CARD3_4_0_, phonenumbe0_.PHONE_NUMBER as PHONE2_4_0_ from PHONE_NUMBER phonenumbe0_ where phonenumbe0_.PHONE_NUMBER_ID=?
DEBUG Loader - Static select for entity com.expeditors.training.course3demo.model.PhoneNumber [UPGRADE]: select phonenumbe0_.PHONE_NUMBER_ID as PHONE1_4_0_, phonenumbe0_.CARD_ID as CARD3_4_0_, phonenumbe0_.PHONE_NUMBER as PHONE2_4_0_ from PHONE_NUMBER phonenumbe0_ where phonenumbe0_.PHONE_NUMBER_ID=?
DEBUG Loader - Static select for entity com.expeditors.training.course3demo.model.PhoneNumber [UPGRADE_NOWAIT]: select phonenumbe0_.PHONE_NUMBER_ID as PHONE1_4_0_, phonenumbe0_.CARD_ID as CARD3_4_0_, phonenumbe0_.PHONE_NUMBER as PHONE2_4_0_ from PHONE_NUMBER phonenumbe0_ where phonenumbe0_.PHONE_NUMBER_ID=?
DEBUG Loader - Static select for entity com.expeditors.training.course3demo.model.PhoneNumber [FORCE]: select phonenumbe0_.PHONE_NUMBER_ID as PHONE1_4_0_, phonenumbe0_.CARD_ID as CARD3_4_0_, phonenumbe0_.PHONE_NUMBER as PHONE2_4_0_ from PHONE_NUMBER phonenumbe0_ where phonenumbe0_.PHONE_NUMBER_ID=?
DEBUG Loader - Static select for entity com.expeditors.training.course3demo.model.PhoneNumber [PESSIMISTIC_READ]: select phonenumbe0_.PHONE_NUMBER_ID as PHONE1_4_0_, phonenumbe0_.CARD_ID as CARD3_4_0_, phonenumbe0_.PHONE_NUMBER as PHONE2_4_0_ from PHONE_NUMBER phonenumbe0_ where phonenumbe0_.PHONE_NUMBER_ID=?
DEBUG Loader - Static select for entity com.expeditors.training.course3demo.model.PhoneNumber [PESSIMISTIC_WRITE]: select phonenumbe0_.PHONE_NUMBER_ID as PHONE1_4_0_, phonenumbe0_.CARD_ID as CARD3_4_0_, phonenumbe0_.PHONE_NUMBER as PHONE2_4_0_ from PHONE_NUMBER phonenumbe0_ where phonenumbe0_.PHONE_NUMBER_ID=?
DEBUG Loader - Static select for entity com.expeditors.training.course3demo.model.PhoneNumber [PESSIMISTIC_FORCE_INCREMENT]: select phonenumbe0_.PHONE_NUMBER_ID as PHONE1_4_0_, phonenumbe0_.CARD_ID as CARD3_4_0_, phonenumbe0_.PHONE_NUMBER as PHONE2_4_0_ from PHONE_NUMBER phonenumbe0_ where phonenumbe0_.PHONE_NUMBER_ID=?
DEBUG Loader - Static select for entity com.expeditors.training.course3demo.model.PhoneNumber [OPTIMISTIC]: select phonenumbe0_.PHONE_NUMBER_ID as PHONE1_4_0_, phonenumbe0_.CARD_ID as CARD3_4_0_, phonenumbe0_.PHONE_NUMBER as PHONE2_4_0_ from PHONE_NUMBER phonenumbe0_ where phonenumbe0_.PHONE_NUMBER_ID=?
DEBUG Loader - Static select for entity com.expeditors.training.course3demo.model.PhoneNumber [OPTIMISTIC_FORCE_INCREMENT]: select phonenumbe0_.PHONE_NUMBER_ID as PHONE1_4_0_, phonenumbe0_.CARD_ID as CARD3_4_0_, phonenumbe0_.PHONE_NUMBER as PHONE2_4_0_ from PHONE_NUMBER phonenumbe0_ where phonenumbe0_.PHONE_NUMBER_ID=?
DEBUG Loader - Static select for action ACTION_MERGE on entity com.expeditors.training.course3demo.model.PhoneNumber: select phonenumbe0_.PHONE_NUMBER_ID as PHONE1_4_0_, phonenumbe0_.CARD_ID as CARD3_4_0_, phonenumbe0_.PHONE_NUMBER as PHONE2_4_0_ from PHONE_NUMBER phonenumbe0_ where phonenumbe0_.PHONE_NUMBER_ID=?
DEBUG Loader - Static select for action ACTION_REFRESH on entity com.expeditors.training.course3demo.model.PhoneNumber: select phonenumbe0_.PHONE_NUMBER_ID as PHONE1_4_0_, phonenumbe0_.CARD_ID as CARD3_4_0_, phonenumbe0_.PHONE_NUMBER as PHONE2_4_0_ from PHONE_NUMBER phonenumbe0_ where phonenumbe0_.PHONE_NUMBER_ID=?
DEBUG Loader - Static select for entity com.expeditors.training.course3demo.model.Shipment [NONE]: select shipment0_.SHIPMENT_ID as SHIPMENT1_7_2_, shipment0_.destination as destinat2_7_2_, shipment0_.name as name3_7_2_, shipment0_.origin as origin4_7_2_, shipment0_.OWNER as OWNER6_7_2_, shipment0_.volume as volume5_7_2_, useraccoun1_.username as username1_8_0_, useraccoun1_.enabled as enabled2_8_0_, useraccoun1_.password as password3_8_0_, userroles2_.ROLE_OWNER as ROLE3_8_4_, userroles2_.ROLE_ID as ROLE1_9_4_, userroles2_.ROLE_ID as ROLE1_9_1_, userroles2_.ROLE_NAME as ROLE2_9_1_, userroles2_.ROLE_OWNER as ROLE3_9_1_ from Shipment shipment0_ inner join USERACCOUNT useraccoun1_ on shipment0_.OWNER=useraccoun1_.username left outer join USERROLE userroles2_ on useraccoun1_.username=userroles2_.ROLE_OWNER where shipment0_.SHIPMENT_ID=?
DEBUG Loader - Static select for entity com.expeditors.training.course3demo.model.Shipment [READ]: select shipment0_.SHIPMENT_ID as SHIPMENT1_7_2_, shipment0_.destination as destinat2_7_2_, shipment0_.name as name3_7_2_, shipment0_.origin as origin4_7_2_, shipment0_.OWNER as OWNER6_7_2_, shipment0_.volume as volume5_7_2_, useraccoun1_.username as username1_8_0_, useraccoun1_.enabled as enabled2_8_0_, useraccoun1_.password as password3_8_0_, userroles2_.ROLE_OWNER as ROLE3_8_4_, userroles2_.ROLE_ID as ROLE1_9_4_, userroles2_.ROLE_ID as ROLE1_9_1_, userroles2_.ROLE_NAME as ROLE2_9_1_, userroles2_.ROLE_OWNER as ROLE3_9_1_ from Shipment shipment0_ inner join USERACCOUNT useraccoun1_ on shipment0_.OWNER=useraccoun1_.username left outer join USERROLE userroles2_ on useraccoun1_.username=userroles2_.ROLE_OWNER where shipment0_.SHIPMENT_ID=?
DEBUG Loader - Static select for entity com.expeditors.training.course3demo.model.Shipment [UPGRADE]: select shipment0_.SHIPMENT_ID as SHIPMENT1_7_0_, shipment0_.destination as destinat2_7_0_, shipment0_.name as name3_7_0_, shipment0_.origin as origin4_7_0_, shipment0_.OWNER as OWNER6_7_0_, shipment0_.volume as volume5_7_0_ from Shipment shipment0_ where shipment0_.SHIPMENT_ID=?
DEBUG Loader - Static select for entity com.expeditors.training.course3demo.model.Shipment [UPGRADE_NOWAIT]: select shipment0_.SHIPMENT_ID as SHIPMENT1_7_0_, shipment0_.destination as destinat2_7_0_, shipment0_.name as name3_7_0_, shipment0_.origin as origin4_7_0_, shipment0_.OWNER as OWNER6_7_0_, shipment0_.volume as volume5_7_0_ from Shipment shipment0_ where shipment0_.SHIPMENT_ID=?
DEBUG Loader - Static select for entity com.expeditors.training.course3demo.model.Shipment [FORCE]: select shipment0_.SHIPMENT_ID as SHIPMENT1_7_0_, shipment0_.destination as destinat2_7_0_, shipment0_.name as name3_7_0_, shipment0_.origin as origin4_7_0_, shipment0_.OWNER as OWNER6_7_0_, shipment0_.volume as volume5_7_0_ from Shipment shipment0_ where shipment0_.SHIPMENT_ID=?
DEBUG Loader - Static select for entity com.expeditors.training.course3demo.model.Shipment [PESSIMISTIC_READ]: select shipment0_.SHIPMENT_ID as SHIPMENT1_7_0_, shipment0_.destination as destinat2_7_0_, shipment0_.name as name3_7_0_, shipment0_.origin as origin4_7_0_, shipment0_.OWNER as OWNER6_7_0_, shipment0_.volume as volume5_7_0_ from Shipment shipment0_ where shipment0_.SHIPMENT_ID=?
DEBUG Loader - Static select for entity com.expeditors.training.course3demo.model.Shipment [PESSIMISTIC_WRITE]: select shipment0_.SHIPMENT_ID as SHIPMENT1_7_0_, shipment0_.destination as destinat2_7_0_, shipment0_.name as name3_7_0_, shipment0_.origin as origin4_7_0_, shipment0_.OWNER as OWNER6_7_0_, shipment0_.volume as volume5_7_0_ from Shipment shipment0_ where shipment0_.SHIPMENT_ID=?
DEBUG Loader - Static select for entity com.expeditors.training.course3demo.model.Shipment [PESSIMISTIC_FORCE_INCREMENT]: select shipment0_.SHIPMENT_ID as SHIPMENT1_7_0_, shipment0_.destination as destinat2_7_0_, shipment0_.name as name3_7_0_, shipment0_.origin as origin4_7_0_, shipment0_.OWNER as OWNER6_7_0_, shipment0_.volume as volume5_7_0_ from Shipment shipment0_ where shipment0_.SHIPMENT_ID=?
DEBUG Loader - Static select for entity com.expeditors.training.course3demo.model.Shipment [OPTIMISTIC]: select shipment0_.SHIPMENT_ID as SHIPMENT1_7_0_, shipment0_.destination as destinat2_7_0_, shipment0_.name as name3_7_0_, shipment0_.origin as origin4_7_0_, shipment0_.OWNER as OWNER6_7_0_, shipment0_.volume as volume5_7_0_ from Shipment shipment0_ where shipment0_.SHIPMENT_ID=?
DEBUG Loader - Static select for entity com.expeditors.training.course3demo.model.Shipment [OPTIMISTIC_FORCE_INCREMENT]: select shipment0_.SHIPMENT_ID as SHIPMENT1_7_0_, shipment0_.destination as destinat2_7_0_, shipment0_.name as name3_7_0_, shipment0_.origin as origin4_7_0_, shipment0_.OWNER as OWNER6_7_0_, shipment0_.volume as volume5_7_0_ from Shipment shipment0_ where shipment0_.SHIPMENT_ID=?
DEBUG Loader - Static select for action ACTION_MERGE on entity com.expeditors.training.course3demo.model.Shipment: select shipment0_.SHIPMENT_ID as SHIPMENT1_7_1_, shipment0_.destination as destinat2_7_1_, shipment0_.name as name3_7_1_, shipment0_.origin as origin4_7_1_, shipment0_.OWNER as OWNER6_7_1_, shipment0_.volume as volume5_7_1_, shipmentco1_.SHIPMENT_ID as SHIPMENT5_7_3_, shipmentco1_.ID as ID1_6_3_, shipmentco1_.ID as ID1_6_0_, shipmentco1_.CONTAINER_ID as CONTAINE4_6_0_, shipmentco1_.DATE as DATE2_6_0_, shipmentco1_.SHIPMENT_ID as SHIPMENT5_6_0_, shipmentco1_.SHIPMENT_VOLUME as SHIPMENT3_6_0_ from Shipment shipment0_ left outer join SHIPMENT_CONTAINER_ASSOCIATION shipmentco1_ on shipment0_.SHIPMENT_ID=shipmentco1_.SHIPMENT_ID where shipment0_.SHIPMENT_ID=?
DEBUG Loader - Static select for action ACTION_REFRESH on entity com.expeditors.training.course3demo.model.Shipment: select shipment0_.SHIPMENT_ID as SHIPMENT1_7_1_, shipment0_.destination as destinat2_7_1_, shipment0_.name as name3_7_1_, shipment0_.origin as origin4_7_1_, shipment0_.OWNER as OWNER6_7_1_, shipment0_.volume as volume5_7_1_, shipmentco1_.SHIPMENT_ID as SHIPMENT5_7_3_, shipmentco1_.ID as ID1_6_3_, shipmentco1_.ID as ID1_6_0_, shipmentco1_.CONTAINER_ID as CONTAINE4_6_0_, shipmentco1_.DATE as DATE2_6_0_, shipmentco1_.SHIPMENT_ID as SHIPMENT5_6_0_, shipmentco1_.SHIPMENT_VOLUME as SHIPMENT3_6_0_ from Shipment shipment0_ left outer join SHIPMENT_CONTAINER_ASSOCIATION shipmentco1_ on shipment0_.SHIPMENT_ID=shipmentco1_.SHIPMENT_ID where shipment0_.SHIPMENT_ID=?
DEBUG Loader - Static select for entity com.expeditors.training.course3demo.model.ShipmentContainerAssociation [NONE]: select shipmentco0_.ID as ID1_6_0_, shipmentco0_.CONTAINER_ID as CONTAINE4_6_0_, shipmentco0_.DATE as DATE2_6_0_, shipmentco0_.SHIPMENT_ID as SHIPMENT5_6_0_, shipmentco0_.SHIPMENT_VOLUME as SHIPMENT3_6_0_ from SHIPMENT_CONTAINER_ASSOCIATION shipmentco0_ where shipmentco0_.ID=?
DEBUG Loader - Static select for entity com.expeditors.training.course3demo.model.ShipmentContainerAssociation [READ]: select shipmentco0_.ID as ID1_6_0_, shipmentco0_.CONTAINER_ID as CONTAINE4_6_0_, shipmentco0_.DATE as DATE2_6_0_, shipmentco0_.SHIPMENT_ID as SHIPMENT5_6_0_, shipmentco0_.SHIPMENT_VOLUME as SHIPMENT3_6_0_ from SHIPMENT_CONTAINER_ASSOCIATION shipmentco0_ where shipmentco0_.ID=?
DEBUG Loader - Static select for entity com.expeditors.training.course3demo.model.ShipmentContainerAssociation [UPGRADE]: select shipmentco0_.ID as ID1_6_0_, shipmentco0_.CONTAINER_ID as CONTAINE4_6_0_, shipmentco0_.DATE as DATE2_6_0_, shipmentco0_.SHIPMENT_ID as SHIPMENT5_6_0_, shipmentco0_.SHIPMENT_VOLUME as SHIPMENT3_6_0_ from SHIPMENT_CONTAINER_ASSOCIATION shipmentco0_ where shipmentco0_.ID=?
DEBUG Loader - Static select for entity com.expeditors.training.course3demo.model.ShipmentContainerAssociation [UPGRADE_NOWAIT]: select shipmentco0_.ID as ID1_6_0_, shipmentco0_.CONTAINER_ID as CONTAINE4_6_0_, shipmentco0_.DATE as DATE2_6_0_, shipmentco0_.SHIPMENT_ID as SHIPMENT5_6_0_, shipmentco0_.SHIPMENT_VOLUME as SHIPMENT3_6_0_ from SHIPMENT_CONTAINER_ASSOCIATION shipmentco0_ where shipmentco0_.ID=?
DEBUG Loader - Static select for entity com.expeditors.training.course3demo.model.ShipmentContainerAssociation [FORCE]: select shipmentco0_.ID as ID1_6_0_, shipmentco0_.CONTAINER_ID as CONTAINE4_6_0_, shipmentco0_.DATE as DATE2_6_0_, shipmentco0_.SHIPMENT_ID as SHIPMENT5_6_0_, shipmentco0_.SHIPMENT_VOLUME as SHIPMENT3_6_0_ from SHIPMENT_CONTAINER_ASSOCIATION shipmentco0_ where shipmentco0_.ID=?
DEBUG Loader - Static select for entity com.expeditors.training.course3demo.model.ShipmentContainerAssociation [PESSIMISTIC_READ]: select shipmentco0_.ID as ID1_6_0_, shipmentco0_.CONTAINER_ID as CONTAINE4_6_0_, shipmentco0_.DATE as DATE2_6_0_, shipmentco0_.SHIPMENT_ID as SHIPMENT5_6_0_, shipmentco0_.SHIPMENT_VOLUME as SHIPMENT3_6_0_ from SHIPMENT_CONTAINER_ASSOCIATION shipmentco0_ where shipmentco0_.ID=?
DEBUG Loader - Static select for entity com.expeditors.training.course3demo.model.ShipmentContainerAssociation [PESSIMISTIC_WRITE]: select shipmentco0_.ID as ID1_6_0_, shipmentco0_.CONTAINER_ID as CONTAINE4_6_0_, shipmentco0_.DATE as DATE2_6_0_, shipmentco0_.SHIPMENT_ID as SHIPMENT5_6_0_, shipmentco0_.SHIPMENT_VOLUME as SHIPMENT3_6_0_ from SHIPMENT_CONTAINER_ASSOCIATION shipmentco0_ where shipmentco0_.ID=?
DEBUG Loader - Static select for entity com.expeditors.training.course3demo.model.ShipmentContainerAssociation [PESSIMISTIC_FORCE_INCREMENT]: select shipmentco0_.ID as ID1_6_0_, shipmentco0_.CONTAINER_ID as CONTAINE4_6_0_, shipmentco0_.DATE as DATE2_6_0_, shipmentco0_.SHIPMENT_ID as SHIPMENT5_6_0_, shipmentco0_.SHIPMENT_VOLUME as SHIPMENT3_6_0_ from SHIPMENT_CONTAINER_ASSOCIATION shipmentco0_ where shipmentco0_.ID=?
DEBUG Loader - Static select for entity com.expeditors.training.course3demo.model.ShipmentContainerAssociation [OPTIMISTIC]: select shipmentco0_.ID as ID1_6_0_, shipmentco0_.CONTAINER_ID as CONTAINE4_6_0_, shipmentco0_.DATE as DATE2_6_0_, shipmentco0_.SHIPMENT_ID as SHIPMENT5_6_0_, shipmentco0_.SHIPMENT_VOLUME as SHIPMENT3_6_0_ from SHIPMENT_CONTAINER_ASSOCIATION shipmentco0_ where shipmentco0_.ID=?
DEBUG Loader - Static select for entity com.expeditors.training.course3demo.model.ShipmentContainerAssociation [OPTIMISTIC_FORCE_INCREMENT]: select shipmentco0_.ID as ID1_6_0_, shipmentco0_.CONTAINER_ID as CONTAINE4_6_0_, shipmentco0_.DATE as DATE2_6_0_, shipmentco0_.SHIPMENT_ID as SHIPMENT5_6_0_, shipmentco0_.SHIPMENT_VOLUME as SHIPMENT3_6_0_ from SHIPMENT_CONTAINER_ASSOCIATION shipmentco0_ where shipmentco0_.ID=?
DEBUG Loader - Static select for action ACTION_MERGE on entity com.expeditors.training.course3demo.model.ShipmentContainerAssociation: select shipmentco0_.ID as ID1_6_0_, shipmentco0_.CONTAINER_ID as CONTAINE4_6_0_, shipmentco0_.DATE as DATE2_6_0_, shipmentco0_.SHIPMENT_ID as SHIPMENT5_6_0_, shipmentco0_.SHIPMENT_VOLUME as SHIPMENT3_6_0_ from SHIPMENT_CONTAINER_ASSOCIATION shipmentco0_ where shipmentco0_.ID=?
DEBUG Loader - Static select for action ACTION_REFRESH on entity com.expeditors.training.course3demo.model.ShipmentContainerAssociation: select shipmentco0_.ID as ID1_6_0_, shipmentco0_.CONTAINER_ID as CONTAINE4_6_0_, shipmentco0_.DATE as DATE2_6_0_, shipmentco0_.SHIPMENT_ID as SHIPMENT5_6_0_, shipmentco0_.SHIPMENT_VOLUME as SHIPMENT3_6_0_ from SHIPMENT_CONTAINER_ASSOCIATION shipmentco0_ where shipmentco0_.ID=?
DEBUG Loader - Static select for entity com.expeditors.training.course3demo.model.UserAccount [NONE]: select useraccoun0_.username as username1_8_1_, useraccoun0_.enabled as enabled2_8_1_, useraccoun0_.password as password3_8_1_, userroles1_.ROLE_OWNER as ROLE3_8_3_, userroles1_.ROLE_ID as ROLE1_9_3_, userroles1_.ROLE_ID as ROLE1_9_0_, userroles1_.ROLE_NAME as ROLE2_9_0_, userroles1_.ROLE_OWNER as ROLE3_9_0_ from USERACCOUNT useraccoun0_ left outer join USERROLE userroles1_ on useraccoun0_.username=userroles1_.ROLE_OWNER where useraccoun0_.username=?
DEBUG Loader - Static select for entity com.expeditors.training.course3demo.model.UserAccount [READ]: select useraccoun0_.username as username1_8_1_, useraccoun0_.enabled as enabled2_8_1_, useraccoun0_.password as password3_8_1_, userroles1_.ROLE_OWNER as ROLE3_8_3_, userroles1_.ROLE_ID as ROLE1_9_3_, userroles1_.ROLE_ID as ROLE1_9_0_, userroles1_.ROLE_NAME as ROLE2_9_0_, userroles1_.ROLE_OWNER as ROLE3_9_0_ from USERACCOUNT useraccoun0_ left outer join USERROLE userroles1_ on useraccoun0_.username=userroles1_.ROLE_OWNER where useraccoun0_.username=?
DEBUG Loader - Static select for entity com.expeditors.training.course3demo.model.UserAccount [UPGRADE]: select useraccoun0_.username as username1_8_0_, useraccoun0_.enabled as enabled2_8_0_, useraccoun0_.password as password3_8_0_ from USERACCOUNT useraccoun0_ where useraccoun0_.username=?
DEBUG Loader - Static select for entity com.expeditors.training.course3demo.model.UserAccount [UPGRADE_NOWAIT]: select useraccoun0_.username as username1_8_0_, useraccoun0_.enabled as enabled2_8_0_, useraccoun0_.password as password3_8_0_ from USERACCOUNT useraccoun0_ where useraccoun0_.username=?
DEBUG Loader - Static select for entity com.expeditors.training.course3demo.model.UserAccount [FORCE]: select useraccoun0_.username as username1_8_0_, useraccoun0_.enabled as enabled2_8_0_, useraccoun0_.password as password3_8_0_ from USERACCOUNT useraccoun0_ where useraccoun0_.username=?
DEBUG Loader - Static select for entity com.expeditors.training.course3demo.model.UserAccount [PESSIMISTIC_READ]: select useraccoun0_.username as username1_8_0_, useraccoun0_.enabled as enabled2_8_0_, useraccoun0_.password as password3_8_0_ from USERACCOUNT useraccoun0_ where useraccoun0_.username=?
DEBUG Loader - Static select for entity com.expeditors.training.course3demo.model.UserAccount [PESSIMISTIC_WRITE]: select useraccoun0_.username as username1_8_0_, useraccoun0_.enabled as enabled2_8_0_, useraccoun0_.password as password3_8_0_ from USERACCOUNT useraccoun0_ where useraccoun0_.username=?
DEBUG Loader - Static select for entity com.expeditors.training.course3demo.model.UserAccount [PESSIMISTIC_FORCE_INCREMENT]: select useraccoun0_.username as username1_8_0_, useraccoun0_.enabled as enabled2_8_0_, useraccoun0_.password as password3_8_0_ from USERACCOUNT useraccoun0_ where useraccoun0_.username=?
DEBUG Loader - Static select for entity com.expeditors.training.course3demo.model.UserAccount [OPTIMISTIC]: select useraccoun0_.username as username1_8_0_, useraccoun0_.enabled as enabled2_8_0_, useraccoun0_.password as password3_8_0_ from USERACCOUNT useraccoun0_ where useraccoun0_.username=?
DEBUG Loader - Static select for entity com.expeditors.training.course3demo.model.UserAccount [OPTIMISTIC_FORCE_INCREMENT]: select useraccoun0_.username as username1_8_0_, useraccoun0_.enabled as enabled2_8_0_, useraccoun0_.password as password3_8_0_ from USERACCOUNT useraccoun0_ where useraccoun0_.username=?
DEBUG Loader - Static select for action ACTION_MERGE on entity com.expeditors.training.course3demo.model.UserAccount: select useraccoun0_.username as username1_8_1_, useraccoun0_.enabled as enabled2_8_1_, useraccoun0_.password as password3_8_1_, userroles1_.ROLE_OWNER as ROLE3_8_3_, userroles1_.ROLE_ID as ROLE1_9_3_, userroles1_.ROLE_ID as ROLE1_9_0_, userroles1_.ROLE_NAME as ROLE2_9_0_, userroles1_.ROLE_OWNER as ROLE3_9_0_ from USERACCOUNT useraccoun0_ left outer join USERROLE userroles1_ on useraccoun0_.username=userroles1_.ROLE_OWNER where useraccoun0_.username=?
DEBUG Loader - Static select for action ACTION_REFRESH on entity com.expeditors.training.course3demo.model.UserAccount: select useraccoun0_.username as username1_8_1_, useraccoun0_.enabled as enabled2_8_1_, useraccoun0_.password as password3_8_1_, userroles1_.ROLE_OWNER as ROLE3_8_3_, userroles1_.ROLE_ID as ROLE1_9_3_, userroles1_.ROLE_ID as ROLE1_9_0_, userroles1_.ROLE_NAME as ROLE2_9_0_, userroles1_.ROLE_OWNER as ROLE3_9_0_ from USERACCOUNT useraccoun0_ left outer join USERROLE userroles1_ on useraccoun0_.username=userroles1_.ROLE_OWNER where useraccoun0_.username=?
DEBUG Loader - Static select for entity com.expeditors.training.course3demo.model.UserRole [NONE]: select userrole0_.ROLE_ID as ROLE1_9_0_, userrole0_.ROLE_NAME as ROLE2_9_0_, userrole0_.ROLE_OWNER as ROLE3_9_0_ from USERROLE userrole0_ where userrole0_.ROLE_ID=?
DEBUG Loader - Static select for entity com.expeditors.training.course3demo.model.UserRole [READ]: select userrole0_.ROLE_ID as ROLE1_9_0_, userrole0_.ROLE_NAME as ROLE2_9_0_, userrole0_.ROLE_OWNER as ROLE3_9_0_ from USERROLE userrole0_ where userrole0_.ROLE_ID=?
DEBUG Loader - Static select for entity com.expeditors.training.course3demo.model.UserRole [UPGRADE]: select userrole0_.ROLE_ID as ROLE1_9_0_, userrole0_.ROLE_NAME as ROLE2_9_0_, userrole0_.ROLE_OWNER as ROLE3_9_0_ from USERROLE userrole0_ where userrole0_.ROLE_ID=?
DEBUG Loader - Static select for entity com.expeditors.training.course3demo.model.UserRole [UPGRADE_NOWAIT]: select userrole0_.ROLE_ID as ROLE1_9_0_, userrole0_.ROLE_NAME as ROLE2_9_0_, userrole0_.ROLE_OWNER as ROLE3_9_0_ from USERROLE userrole0_ where userrole0_.ROLE_ID=?
DEBUG Loader - Static select for entity com.expeditors.training.course3demo.model.UserRole [FORCE]: select userrole0_.ROLE_ID as ROLE1_9_0_, userrole0_.ROLE_NAME as ROLE2_9_0_, userrole0_.ROLE_OWNER as ROLE3_9_0_ from USERROLE userrole0_ where userrole0_.ROLE_ID=?
DEBUG Loader - Static select for entity com.expeditors.training.course3demo.model.UserRole [PESSIMISTIC_READ]: select userrole0_.ROLE_ID as ROLE1_9_0_, userrole0_.ROLE_NAME as ROLE2_9_0_, userrole0_.ROLE_OWNER as ROLE3_9_0_ from USERROLE userrole0_ where userrole0_.ROLE_ID=?
DEBUG Loader - Static select for entity com.expeditors.training.course3demo.model.UserRole [PESSIMISTIC_WRITE]: select userrole0_.ROLE_ID as ROLE1_9_0_, userrole0_.ROLE_NAME as ROLE2_9_0_, userrole0_.ROLE_OWNER as ROLE3_9_0_ from USERROLE userrole0_ where userrole0_.ROLE_ID=?
DEBUG Loader - Static select for entity com.expeditors.training.course3demo.model.UserRole [PESSIMISTIC_FORCE_INCREMENT]: select userrole0_.ROLE_ID as ROLE1_9_0_, userrole0_.ROLE_NAME as ROLE2_9_0_, userrole0_.ROLE_OWNER as ROLE3_9_0_ from USERROLE userrole0_ where userrole0_.ROLE_ID=?
DEBUG Loader - Static select for entity com.expeditors.training.course3demo.model.UserRole [OPTIMISTIC]: select userrole0_.ROLE_ID as ROLE1_9_0_, userrole0_.ROLE_NAME as ROLE2_9_0_, userrole0_.ROLE_OWNER as ROLE3_9_0_ from USERROLE userrole0_ where userrole0_.ROLE_ID=?
DEBUG Loader - Static select for entity com.expeditors.training.course3demo.model.UserRole [OPTIMISTIC_FORCE_INCREMENT]: select userrole0_.ROLE_ID as ROLE1_9_0_, userrole0_.ROLE_NAME as ROLE2_9_0_, userrole0_.ROLE_OWNER as ROLE3_9_0_ from USERROLE userrole0_ where userrole0_.ROLE_ID=?
DEBUG Loader - Static select for action ACTION_MERGE on entity com.expeditors.training.course3demo.model.UserRole: select userrole0_.ROLE_ID as ROLE1_9_0_, userrole0_.ROLE_NAME as ROLE2_9_0_, userrole0_.ROLE_OWNER as ROLE3_9_0_ from USERROLE userrole0_ where userrole0_.ROLE_ID=?
DEBUG Loader - Static select for action ACTION_REFRESH on entity com.expeditors.training.course3demo.model.UserRole: select userrole0_.ROLE_ID as ROLE1_9_0_, userrole0_.ROLE_NAME as ROLE2_9_0_, userrole0_.ROLE_OWNER as ROLE3_9_0_ from USERROLE userrole0_ where userrole0_.ROLE_ID=?
DEBUG Loader - Static select for entity com.expeditors.training.course3demo.model.Product [NONE]: select product0_.PRODUCT_ID as PRODUCT1_5_0_, product0_.description as descript2_5_0_, product0_.name as name3_5_0_, product0_.price as price4_5_0_ from PRODUCT product0_ where product0_.PRODUCT_ID=?
DEBUG Loader - Static select for entity com.expeditors.training.course3demo.model.Product [READ]: select product0_.PRODUCT_ID as PRODUCT1_5_0_, product0_.description as descript2_5_0_, product0_.name as name3_5_0_, product0_.price as price4_5_0_ from PRODUCT product0_ where product0_.PRODUCT_ID=?
DEBUG Loader - Static select for entity com.expeditors.training.course3demo.model.Product [UPGRADE]: select product0_.PRODUCT_ID as PRODUCT1_5_0_, product0_.description as descript2_5_0_, product0_.name as name3_5_0_, product0_.price as price4_5_0_ from PRODUCT product0_ where product0_.PRODUCT_ID=?
DEBUG Loader - Static select for entity com.expeditors.training.course3demo.model.Product [UPGRADE_NOWAIT]: select product0_.PRODUCT_ID as PRODUCT1_5_0_, product0_.description as descript2_5_0_, product0_.name as name3_5_0_, product0_.price as price4_5_0_ from PRODUCT product0_ where product0_.PRODUCT_ID=?
DEBUG Loader - Static select for entity com.expeditors.training.course3demo.model.Product [FORCE]: select product0_.PRODUCT_ID as PRODUCT1_5_0_, product0_.description as descript2_5_0_, product0_.name as name3_5_0_, product0_.price as price4_5_0_ from PRODUCT product0_ where product0_.PRODUCT_ID=?
DEBUG Loader - Static select for entity com.expeditors.training.course3demo.model.Product [PESSIMISTIC_READ]: select product0_.PRODUCT_ID as PRODUCT1_5_0_, product0_.description as descript2_5_0_, product0_.name as name3_5_0_, product0_.price as price4_5_0_ from PRODUCT product0_ where product0_.PRODUCT_ID=?
DEBUG Loader - Static select for entity com.expeditors.training.course3demo.model.Product [PESSIMISTIC_WRITE]: select product0_.PRODUCT_ID as PRODUCT1_5_0_, product0_.description as descript2_5_0_, product0_.name as name3_5_0_, product0_.price as price4_5_0_ from PRODUCT product0_ where product0_.PRODUCT_ID=?
DEBUG Loader - Static select for entity com.expeditors.training.course3demo.model.Product [PESSIMISTIC_FORCE_INCREMENT]: select product0_.PRODUCT_ID as PRODUCT1_5_0_, product0_.description as descript2_5_0_, product0_.name as name3_5_0_, product0_.price as price4_5_0_ from PRODUCT product0_ where product0_.PRODUCT_ID=?
DEBUG Loader - Static select for entity com.expeditors.training.course3demo.model.Product [OPTIMISTIC]: select product0_.PRODUCT_ID as PRODUCT1_5_0_, product0_.description as descript2_5_0_, product0_.name as name3_5_0_, product0_.price as price4_5_0_ from PRODUCT product0_ where product0_.PRODUCT_ID=?
DEBUG Loader - Static select for entity com.expeditors.training.course3demo.model.Product [OPTIMISTIC_FORCE_INCREMENT]: select product0_.PRODUCT_ID as PRODUCT1_5_0_, product0_.description as descript2_5_0_, product0_.name as name3_5_0_, product0_.price as price4_5_0_ from PRODUCT product0_ where product0_.PRODUCT_ID=?
DEBUG Loader - Static select for action ACTION_MERGE on entity com.expeditors.training.course3demo.model.Product: select product0_.PRODUCT_ID as PRODUCT1_5_0_, product0_.description as descript2_5_0_, product0_.name as name3_5_0_, product0_.price as price4_5_0_ from PRODUCT product0_ where product0_.PRODUCT_ID=?
DEBUG Loader - Static select for action ACTION_REFRESH on entity com.expeditors.training.course3demo.model.Product: select product0_.PRODUCT_ID as PRODUCT1_5_0_, product0_.description as descript2_5_0_, product0_.name as name3_5_0_, product0_.price as price4_5_0_ from PRODUCT product0_ where product0_.PRODUCT_ID=?
DEBUG Loader - Static select for entity com.expeditors.training.course3demo.model.Card [NONE]: select card0_.CARD_ID as CARD1_1_2_, card0_.address as address5_1_2_, card0_.amount as amount2_1_2_, card0_.CARD_NUMBER as CARD3_1_2_, card0_.OWNER_NAME as OWNER4_1_2_, address1_.ADDRESS_ID as ADDRESS1_0_0_, address1_.city as city2_0_0_, address1_.state as state3_0_0_, address1_.street as street4_0_0_, phonenumbe2_.CARD_ID as CARD3_1_4_, phonenumbe2_.PHONE_NUMBER_ID as PHONE1_4_4_, phonenumbe2_.index as index4_4_, phonenumbe2_.PHONE_NUMBER_ID as PHONE1_4_1_, phonenumbe2_.CARD_ID as CARD3_4_1_, phonenumbe2_.PHONE_NUMBER as PHONE2_4_1_ from CARD card0_ left outer join ADDRESS address1_ on card0_.address=address1_.ADDRESS_ID left outer join PHONE_NUMBER phonenumbe2_ on card0_.CARD_ID=phonenumbe2_.CARD_ID where card0_.CARD_ID=?
DEBUG Loader - Static select for entity com.expeditors.training.course3demo.model.Card [READ]: select card0_.CARD_ID as CARD1_1_2_, card0_.address as address5_1_2_, card0_.amount as amount2_1_2_, card0_.CARD_NUMBER as CARD3_1_2_, card0_.OWNER_NAME as OWNER4_1_2_, address1_.ADDRESS_ID as ADDRESS1_0_0_, address1_.city as city2_0_0_, address1_.state as state3_0_0_, address1_.street as street4_0_0_, phonenumbe2_.CARD_ID as CARD3_1_4_, phonenumbe2_.PHONE_NUMBER_ID as PHONE1_4_4_, phonenumbe2_.index as index4_4_, phonenumbe2_.PHONE_NUMBER_ID as PHONE1_4_1_, phonenumbe2_.CARD_ID as CARD3_4_1_, phonenumbe2_.PHONE_NUMBER as PHONE2_4_1_ from CARD card0_ left outer join ADDRESS address1_ on card0_.address=address1_.ADDRESS_ID left outer join PHONE_NUMBER phonenumbe2_ on card0_.CARD_ID=phonenumbe2_.CARD_ID where card0_.CARD_ID=?
DEBUG Loader - Static select for entity com.expeditors.training.course3demo.model.Card [UPGRADE]: select card0_.CARD_ID as CARD1_1_0_, card0_.address as address5_1_0_, card0_.amount as amount2_1_0_, card0_.CARD_NUMBER as CARD3_1_0_, card0_.OWNER_NAME as OWNER4_1_0_ from CARD card0_ where card0_.CARD_ID=?
DEBUG Loader - Static select for entity com.expeditors.training.course3demo.model.Card [UPGRADE_NOWAIT]: select card0_.CARD_ID as CARD1_1_0_, card0_.address as address5_1_0_, card0_.amount as amount2_1_0_, card0_.CARD_NUMBER as CARD3_1_0_, card0_.OWNER_NAME as OWNER4_1_0_ from CARD card0_ where card0_.CARD_ID=?
DEBUG Loader - Static select for entity com.expeditors.training.course3demo.model.Card [FORCE]: select card0_.CARD_ID as CARD1_1_0_, card0_.address as address5_1_0_, card0_.amount as amount2_1_0_, card0_.CARD_NUMBER as CARD3_1_0_, card0_.OWNER_NAME as OWNER4_1_0_ from CARD card0_ where card0_.CARD_ID=?
DEBUG Loader - Static select for entity com.expeditors.training.course3demo.model.Card [PESSIMISTIC_READ]: select card0_.CARD_ID as CARD1_1_0_, card0_.address as address5_1_0_, card0_.amount as amount2_1_0_, card0_.CARD_NUMBER as CARD3_1_0_, card0_.OWNER_NAME as OWNER4_1_0_ from CARD card0_ where card0_.CARD_ID=?
DEBUG Loader - Static select for entity com.expeditors.training.course3demo.model.Card [PESSIMISTIC_WRITE]: select card0_.CARD_ID as CARD1_1_0_, card0_.address as address5_1_0_, card0_.amount as amount2_1_0_, card0_.CARD_NUMBER as CARD3_1_0_, card0_.OWNER_NAME as OWNER4_1_0_ from CARD card0_ where card0_.CARD_ID=?
DEBUG Loader - Static select for entity com.expeditors.training.course3demo.model.Card [PESSIMISTIC_FORCE_INCREMENT]: select card0_.CARD_ID as CARD1_1_0_, card0_.address as address5_1_0_, card0_.amount as amount2_1_0_, card0_.CARD_NUMBER as CARD3_1_0_, card0_.OWNER_NAME as OWNER4_1_0_ from CARD card0_ where card0_.CARD_ID=?
DEBUG Loader - Static select for entity com.expeditors.training.course3demo.model.Card [OPTIMISTIC]: select card0_.CARD_ID as CARD1_1_0_, card0_.address as address5_1_0_, card0_.amount as amount2_1_0_, card0_.CARD_NUMBER as CARD3_1_0_, card0_.OWNER_NAME as OWNER4_1_0_ from CARD card0_ where card0_.CARD_ID=?
DEBUG Loader - Static select for entity com.expeditors.training.course3demo.model.Card [OPTIMISTIC_FORCE_INCREMENT]: select card0_.CARD_ID as CARD1_1_0_, card0_.address as address5_1_0_, card0_.amount as amount2_1_0_, card0_.CARD_NUMBER as CARD3_1_0_, card0_.OWNER_NAME as OWNER4_1_0_ from CARD card0_ where card0_.CARD_ID=?
DEBUG Loader - Static select for action ACTION_MERGE on entity com.expeditors.training.course3demo.model.Card: select card0_.CARD_ID as CARD1_1_2_, card0_.address as address5_1_2_, card0_.amount as amount2_1_2_, card0_.CARD_NUMBER as CARD3_1_2_, card0_.OWNER_NAME as OWNER4_1_2_, address1_.ADDRESS_ID as ADDRESS1_0_0_, address1_.city as city2_0_0_, address1_.state as state3_0_0_, address1_.street as street4_0_0_, boughtprod2_.CARD_ID as CARD3_1_4_, boughtprod2_.ID as ID1_2_4_, boughtprod2_.ID as ID1_2_1_, boughtprod2_.CARD_ID as CARD3_2_1_, boughtprod2_.DATE as DATE2_2_1_, boughtprod2_.Product_ID as Product4_2_1_ from CARD card0_ left outer join ADDRESS address1_ on card0_.address=address1_.ADDRESS_ID left outer join CARD_PRODUCT_BUYS boughtprod2_ on card0_.CARD_ID=boughtprod2_.CARD_ID where card0_.CARD_ID=?
DEBUG Loader - Static select for action ACTION_REFRESH on entity com.expeditors.training.course3demo.model.Card: select card0_.CARD_ID as CARD1_1_2_, card0_.address as address5_1_2_, card0_.amount as amount2_1_2_, card0_.CARD_NUMBER as CARD3_1_2_, card0_.OWNER_NAME as OWNER4_1_2_, address1_.ADDRESS_ID as ADDRESS1_0_0_, address1_.city as city2_0_0_, address1_.state as state3_0_0_, address1_.street as street4_0_0_, boughtprod2_.CARD_ID as CARD3_1_4_, boughtprod2_.ID as ID1_2_4_, boughtprod2_.ID as ID1_2_1_, boughtprod2_.CARD_ID as CARD3_2_1_, boughtprod2_.DATE as DATE2_2_1_, boughtprod2_.Product_ID as Product4_2_1_ from CARD card0_ left outer join ADDRESS address1_ on card0_.address=address1_.ADDRESS_ID left outer join CARD_PRODUCT_BUYS boughtprod2_ on card0_.CARD_ID=boughtprod2_.CARD_ID where card0_.CARD_ID=?
DEBUG Loader - Static select for entity com.expeditors.training.course3demo.model.CardProductBuys [NONE]: select cardproduc0_.ID as ID1_2_0_, cardproduc0_.CARD_ID as CARD3_2_0_, cardproduc0_.DATE as DATE2_2_0_, cardproduc0_.Product_ID as Product4_2_0_ from CARD_PRODUCT_BUYS cardproduc0_ where cardproduc0_.ID=?
DEBUG Loader - Static select for entity com.expeditors.training.course3demo.model.CardProductBuys [READ]: select cardproduc0_.ID as ID1_2_0_, cardproduc0_.CARD_ID as CARD3_2_0_, cardproduc0_.DATE as DATE2_2_0_, cardproduc0_.Product_ID as Product4_2_0_ from CARD_PRODUCT_BUYS cardproduc0_ where cardproduc0_.ID=?
DEBUG Loader - Static select for entity com.expeditors.training.course3demo.model.CardProductBuys [UPGRADE]: select cardproduc0_.ID as ID1_2_0_, cardproduc0_.CARD_ID as CARD3_2_0_, cardproduc0_.DATE as DATE2_2_0_, cardproduc0_.Product_ID as Product4_2_0_ from CARD_PRODUCT_BUYS cardproduc0_ where cardproduc0_.ID=?
DEBUG Loader - Static select for entity com.expeditors.training.course3demo.model.CardProductBuys [UPGRADE_NOWAIT]: select cardproduc0_.ID as ID1_2_0_, cardproduc0_.CARD_ID as CARD3_2_0_, cardproduc0_.DATE as DATE2_2_0_, cardproduc0_.Product_ID as Product4_2_0_ from CARD_PRODUCT_BUYS cardproduc0_ where cardproduc0_.ID=?
DEBUG Loader - Static select for entity com.expeditors.training.course3demo.model.CardProductBuys [FORCE]: select cardproduc0_.ID as ID1_2_0_, cardproduc0_.CARD_ID as CARD3_2_0_, cardproduc0_.DATE as DATE2_2_0_, cardproduc0_.Product_ID as Product4_2_0_ from CARD_PRODUCT_BUYS cardproduc0_ where cardproduc0_.ID=?
DEBUG Loader - Static select for entity com.expeditors.training.course3demo.model.CardProductBuys [PESSIMISTIC_READ]: select cardproduc0_.ID as ID1_2_0_, cardproduc0_.CARD_ID as CARD3_2_0_, cardproduc0_.DATE as DATE2_2_0_, cardproduc0_.Product_ID as Product4_2_0_ from CARD_PRODUCT_BUYS cardproduc0_ where cardproduc0_.ID=?
DEBUG Loader - Static select for entity com.expeditors.training.course3demo.model.CardProductBuys [PESSIMISTIC_WRITE]: select cardproduc0_.ID as ID1_2_0_, cardproduc0_.CARD_ID as CARD3_2_0_, cardproduc0_.DATE as DATE2_2_0_, cardproduc0_.Product_ID as Product4_2_0_ from CARD_PRODUCT_BUYS cardproduc0_ where cardproduc0_.ID=?
DEBUG Loader - Static select for entity com.expeditors.training.course3demo.model.CardProductBuys [PESSIMISTIC_FORCE_INCREMENT]: select cardproduc0_.ID as ID1_2_0_, cardproduc0_.CARD_ID as CARD3_2_0_, cardproduc0_.DATE as DATE2_2_0_, cardproduc0_.Product_ID as Product4_2_0_ from CARD_PRODUCT_BUYS cardproduc0_ where cardproduc0_.ID=?
DEBUG Loader - Static select for entity com.expeditors.training.course3demo.model.CardProductBuys [OPTIMISTIC]: select cardproduc0_.ID as ID1_2_0_, cardproduc0_.CARD_ID as CARD3_2_0_, cardproduc0_.DATE as DATE2_2_0_, cardproduc0_.Product_ID as Product4_2_0_ from CARD_PRODUCT_BUYS cardproduc0_ where cardproduc0_.ID=?
DEBUG Loader - Static select for entity com.expeditors.training.course3demo.model.CardProductBuys [OPTIMISTIC_FORCE_INCREMENT]: select cardproduc0_.ID as ID1_2_0_, cardproduc0_.CARD_ID as CARD3_2_0_, cardproduc0_.DATE as DATE2_2_0_, cardproduc0_.Product_ID as Product4_2_0_ from CARD_PRODUCT_BUYS cardproduc0_ where cardproduc0_.ID=?
DEBUG Loader - Static select for action ACTION_MERGE on entity com.expeditors.training.course3demo.model.CardProductBuys: select cardproduc0_.ID as ID1_2_0_, cardproduc0_.CARD_ID as CARD3_2_0_, cardproduc0_.DATE as DATE2_2_0_, cardproduc0_.Product_ID as Product4_2_0_ from CARD_PRODUCT_BUYS cardproduc0_ where cardproduc0_.ID=?
DEBUG Loader - Static select for action ACTION_REFRESH on entity com.expeditors.training.course3demo.model.CardProductBuys: select cardproduc0_.ID as ID1_2_0_, cardproduc0_.CARD_ID as CARD3_2_0_, cardproduc0_.DATE as DATE2_2_0_, cardproduc0_.Product_ID as Product4_2_0_ from CARD_PRODUCT_BUYS cardproduc0_ where cardproduc0_.ID=?
DEBUG OneToManyLoader - Static select for one-to-many com.expeditors.training.course3demo.model.UserAccount.userRoles: select userroles0_.ROLE_OWNER as ROLE3_8_1_, userroles0_.ROLE_ID as ROLE1_9_1_, userroles0_.ROLE_ID as ROLE1_9_0_, userroles0_.ROLE_NAME as ROLE2_9_0_, userroles0_.ROLE_OWNER as ROLE3_9_0_ from USERROLE userroles0_ where userroles0_.ROLE_OWNER=?
DEBUG OneToManyLoader - Static select for one-to-many com.expeditors.training.course3demo.model.Card.phoneNumbers: select phonenumbe0_.CARD_ID as CARD3_1_1_, phonenumbe0_.PHONE_NUMBER_ID as PHONE1_4_1_, phonenumbe0_.index as index4_1_, phonenumbe0_.PHONE_NUMBER_ID as PHONE1_4_0_, phonenumbe0_.CARD_ID as CARD3_4_0_, phonenumbe0_.PHONE_NUMBER as PHONE2_4_0_ from PHONE_NUMBER phonenumbe0_ where phonenumbe0_.CARD_ID=?
DEBUG OneToManyLoader - Static select for one-to-many com.expeditors.training.course3demo.model.Card.boughtProducts: select boughtprod0_.CARD_ID as CARD3_1_1_, boughtprod0_.ID as ID1_2_1_, boughtprod0_.ID as ID1_2_0_, boughtprod0_.CARD_ID as CARD3_2_0_, boughtprod0_.DATE as DATE2_2_0_, boughtprod0_.Product_ID as Product4_2_0_ from CARD_PRODUCT_BUYS boughtprod0_ where boughtprod0_.CARD_ID=?
DEBUG OneToManyLoader - Static select for one-to-many com.expeditors.training.course3demo.model.Container.shipmentContainerAssociations: select shipmentco0_.CONTAINER_ID as CONTAINE4_3_1_, shipmentco0_.ID as ID1_6_1_, shipmentco0_.ID as ID1_6_0_, shipmentco0_.CONTAINER_ID as CONTAINE4_6_0_, shipmentco0_.DATE as DATE2_6_0_, shipmentco0_.SHIPMENT_ID as SHIPMENT5_6_0_, shipmentco0_.SHIPMENT_VOLUME as SHIPMENT3_6_0_ from SHIPMENT_CONTAINER_ASSOCIATION shipmentco0_ where shipmentco0_.CONTAINER_ID=?
DEBUG OneToManyLoader - Static select for one-to-many com.expeditors.training.course3demo.model.Shipment.shipmentContainerAssociations: select shipmentco0_.SHIPMENT_ID as SHIPMENT5_7_1_, shipmentco0_.ID as ID1_6_1_, shipmentco0_.ID as ID1_6_0_, shipmentco0_.CONTAINER_ID as CONTAINE4_6_0_, shipmentco0_.DATE as DATE2_6_0_, shipmentco0_.SHIPMENT_ID as SHIPMENT5_6_0_, shipmentco0_.SHIPMENT_VOLUME as SHIPMENT3_6_0_ from SHIPMENT_CONTAINER_ASSOCIATION shipmentco0_ where shipmentco0_.SHIPMENT_ID=?
DEBUG SessionFactoryRegistry - Registering SessionFactory: b2af8a21-ff69-4a13-bf87-a19cd850a6be (&lt;unnamed&gt;)
DEBUG SessionFactoryRegistry - Not binding SessionFactory to JNDI, no JNDI name configured
DEBUG SessionFactoryImpl - Instantiated session factory
DEBUG Configuration - Processing hbm.xml files
DEBUG Configuration - Process annotated classes
DEBUG Configuration - Processing fk mappings (*ToOne and JoinedSubclass)
DEBUG Configuration - Processing extends queue
DEBUG Configuration - Processing extends queue
DEBUG Configuration - Processing collection mappings
DEBUG Configuration - Processing native query and ResultSetMapping mappings
DEBUG Configuration - Processing association property references
DEBUG Configuration - Creating tables&apos; unique integer identifiers
DEBUG Configuration - Processing foreign key constraints
DEBUG Configuration - Resolving reference to class: com.expeditors.training.course3demo.model.Address
DEBUG Configuration - Resolving reference to class: com.expeditors.training.course3demo.model.Card
DEBUG Configuration - Resolving reference to class: com.expeditors.training.course3demo.model.Product
DEBUG Configuration - Resolving reference to class: com.expeditors.training.course3demo.model.Card
DEBUG Configuration - Resolving reference to class: com.expeditors.training.course3demo.model.Container
DEBUG Configuration - Resolving reference to class: com.expeditors.training.course3demo.model.Shipment
DEBUG Configuration - Resolving reference to class: com.expeditors.training.course3demo.model.UserAccount
DEBUG Configuration - Resolving reference to class: com.expeditors.training.course3demo.model.UserAccount
DEBUG DefaultIdentifierGeneratorFactory - Setting dialect [org.hibernate.dialect.HSQLDialect]
DEBUG DefaultIdentifierGeneratorFactory - Setting dialect [org.hibernate.dialect.HSQLDialect]
DEBUG DefaultIdentifierGeneratorFactory - Setting dialect [org.hibernate.dialect.HSQLDialect]
DEBUG DefaultIdentifierGeneratorFactory - Setting dialect [org.hibernate.dialect.HSQLDialect]
DEBUG DefaultIdentifierGeneratorFactory - Setting dialect [org.hibernate.dialect.HSQLDialect]
DEBUG DefaultIdentifierGeneratorFactory - Setting dialect [org.hibernate.dialect.HSQLDialect]
DEBUG DefaultIdentifierGeneratorFactory - Setting dialect [org.hibernate.dialect.HSQLDialect]
DEBUG DefaultIdentifierGeneratorFactory - Setting dialect [org.hibernate.dialect.HSQLDialect]
DEBUG DefaultIdentifierGeneratorFactory - Setting dialect [org.hibernate.dialect.HSQLDialect]
DEBUG DefaultIdentifierGeneratorFactory - Setting dialect [org.hibernate.dialect.HSQLDialect]
DEBUG Configuration - Processing hbm.xml files
DEBUG Configuration - Process annotated classes
DEBUG Configuration - Processing fk mappings (*ToOne and JoinedSubclass)
DEBUG Configuration - Processing extends queue
DEBUG Configuration - Processing extends queue
DEBUG Configuration - Processing collection mappings
DEBUG Configuration - Processing native query and ResultSetMapping mappings
DEBUG Configuration - Processing association property references
DEBUG Configuration - Creating tables&apos; unique integer identifiers
DEBUG Configuration - Processing foreign key constraints
DEBUG Configuration - Resolving reference to class: com.expeditors.training.course3demo.model.Address
DEBUG Configuration - Resolving reference to class: com.expeditors.training.course3demo.model.Card
DEBUG Configuration - Resolving reference to class: com.expeditors.training.course3demo.model.Product
DEBUG Configuration - Resolving reference to class: com.expeditors.training.course3demo.model.Card
DEBUG Configuration - Resolving reference to class: com.expeditors.training.course3demo.model.Container
DEBUG Configuration - Resolving reference to class: com.expeditors.training.course3demo.model.Shipment
DEBUG Configuration - Resolving reference to class: com.expeditors.training.course3demo.model.UserAccount
DEBUG Configuration - Resolving reference to class: com.expeditors.training.course3demo.model.UserAccount
DEBUG DefaultIdentifierGeneratorFactory - Setting dialect [org.hibernate.dialect.HSQLDialect]
DEBUG DefaultIdentifierGeneratorFactory - Setting dialect [org.hibernate.dialect.HSQLDialect]
DEBUG DefaultIdentifierGeneratorFactory - Setting dialect [org.hibernate.dialect.HSQLDialect]
DEBUG DefaultIdentifierGeneratorFactory - Setting dialect [org.hibernate.dialect.HSQLDialect]
DEBUG DefaultIdentifierGeneratorFactory - Setting dialect [org.hibernate.dialect.HSQLDialect]
DEBUG DefaultIdentifierGeneratorFactory - Setting dialect [org.hibernate.dialect.HSQLDialect]
DEBUG DefaultIdentifierGeneratorFactory - Setting dialect [org.hibernate.dialect.HSQLDialect]
DEBUG DefaultIdentifierGeneratorFactory - Setting dialect [org.hibernate.dialect.HSQLDialect]
DEBUG DefaultIdentifierGeneratorFactory - Setting dialect [org.hibernate.dialect.HSQLDialect]
DEBUG DefaultIdentifierGeneratorFactory - Setting dialect [org.hibernate.dialect.HSQLDialect]
DEBUG DefaultIdentifierGeneratorFactory - Setting dialect [org.hibernate.dialect.HSQLDialect]
DEBUG DefaultIdentifierGeneratorFactory - Setting dialect [org.hibernate.dialect.HSQLDialect]
DEBUG DefaultIdentifierGeneratorFactory - Setting dialect [org.hibernate.dialect.HSQLDialect]
DEBUG DefaultIdentifierGeneratorFactory - Setting dialect [org.hibernate.dialect.HSQLDialect]
DEBUG DefaultIdentifierGeneratorFactory - Setting dialect [org.hibernate.dialect.HSQLDialect]
DEBUG DefaultIdentifierGeneratorFactory - Setting dialect [org.hibernate.dialect.HSQLDialect]
DEBUG DefaultIdentifierGeneratorFactory - Setting dialect [org.hibernate.dialect.HSQLDialect]
DEBUG DefaultIdentifierGeneratorFactory - Setting dialect [org.hibernate.dialect.HSQLDialect]
DEBUG DefaultIdentifierGeneratorFactory - Setting dialect [org.hibernate.dialect.HSQLDialect]
DEBUG DefaultIdentifierGeneratorFactory - Setting dialect [org.hibernate.dialect.HSQLDialect]
INFO  SchemaExport - HHH000227: Running hbm2ddl schema export
DEBUG SchemaExport - Import file not found: /import.sql
DEBUG DriverManagerDataSource - Creating new JDBC DriverManager Connection to [jdbc:hsqldb:mem:paging]
DEBUG SQL - alter table CARD drop constraint FK_f0b40f64727c474596cd7c3ce4b
Hibernate: alter table CARD drop constraint FK_f0b40f64727c474596cd7c3ce4b
ERROR SchemaExport - HHH000389: Unsuccessful: alter table CARD drop constraint FK_f0b40f64727c474596cd7c3ce4b
ERROR SchemaExport - user lacks privilege or object not found: PUBLIC.CARD
DEBUG SQL - alter table CARD_PRODUCT_BUYS drop constraint FK_3f91a8ee5efa49a2b5602cefd10
Hibernate: alter table CARD_PRODUCT_BUYS drop constraint FK_3f91a8ee5efa49a2b5602cefd10
ERROR SchemaExport - HHH000389: Unsuccessful: alter table CARD_PRODUCT_BUYS drop constraint FK_3f91a8ee5efa49a2b5602cefd10
ERROR SchemaExport - user lacks privilege or object not found: PUBLIC.CARD_PRODUCT_BUYS
DEBUG SQL - alter table CARD_PRODUCT_BUYS drop constraint FK_0b2362c4cf91472bbe77651fd63
Hibernate: alter table CARD_PRODUCT_BUYS drop constraint FK_0b2362c4cf91472bbe77651fd63
ERROR SchemaExport - HHH000389: Unsuccessful: alter table CARD_PRODUCT_BUYS drop constraint FK_0b2362c4cf91472bbe77651fd63
ERROR SchemaExport - user lacks privilege or object not found: PUBLIC.CARD_PRODUCT_BUYS
DEBUG SQL - alter table PHONE_NUMBER drop constraint FK_ca476b7d9cb1407790b5c212d5e
Hibernate: alter table PHONE_NUMBER drop constraint FK_ca476b7d9cb1407790b5c212d5e
ERROR SchemaExport - HHH000389: Unsuccessful: alter table PHONE_NUMBER drop constraint FK_ca476b7d9cb1407790b5c212d5e
ERROR SchemaExport - user lacks privilege or object not found: PUBLIC.PHONE_NUMBER
DEBUG SQL - alter table SHIPMENT_CONTAINER_ASSOCIATION drop constraint FK_06eb8400c6974de8b602a6e299c
Hibernate: alter table SHIPMENT_CONTAINER_ASSOCIATION drop constraint FK_06eb8400c6974de8b602a6e299c
ERROR SchemaExport - HHH000389: Unsuccessful: alter table SHIPMENT_CONTAINER_ASSOCIATION drop constraint FK_06eb8400c6974de8b602a6e299c
ERROR SchemaExport - user lacks privilege or object not found: PUBLIC.SHIPMENT_CONTAINER_ASSOCIATION
DEBUG SQL - alter table SHIPMENT_CONTAINER_ASSOCIATION drop constraint FK_28d9cfb1fd4f4defbb2fc0246f9
Hibernate: alter table SHIPMENT_CONTAINER_ASSOCIATION drop constraint FK_28d9cfb1fd4f4defbb2fc0246f9
ERROR SchemaExport - HHH000389: Unsuccessful: alter table SHIPMENT_CONTAINER_ASSOCIATION drop constraint FK_28d9cfb1fd4f4defbb2fc0246f9
ERROR SchemaExport - user lacks privilege or object not found: PUBLIC.SHIPMENT_CONTAINER_ASSOCIATION
DEBUG SQL - alter table Shipment drop constraint FK_12de45ca9d0746f48b3f38cb447
Hibernate: alter table Shipment drop constraint FK_12de45ca9d0746f48b3f38cb447
ERROR SchemaExport - HHH000389: Unsuccessful: alter table Shipment drop constraint FK_12de45ca9d0746f48b3f38cb447
ERROR SchemaExport - user lacks privilege or object not found: PUBLIC.SHIPMENT
DEBUG SQL - alter table USERROLE drop constraint FK_46c842d8284b4320804abce9167
Hibernate: alter table USERROLE drop constraint FK_46c842d8284b4320804abce9167
ERROR SchemaExport - HHH000389: Unsuccessful: alter table USERROLE drop constraint FK_46c842d8284b4320804abce9167
ERROR SchemaExport - user lacks privilege or object not found: PUBLIC.USERROLE
DEBUG SQL - drop table ADDRESS if exists
Hibernate: drop table ADDRESS if exists
DEBUG SQL - drop table CARD if exists
Hibernate: drop table CARD if exists
DEBUG SQL - drop table CARD_PRODUCT_BUYS if exists
Hibernate: drop table CARD_PRODUCT_BUYS if exists
DEBUG SQL - drop table Container if exists
Hibernate: drop table Container if exists
DEBUG SQL - drop table PHONE_NUMBER if exists
Hibernate: drop table PHONE_NUMBER if exists
DEBUG SQL - drop table PRODUCT if exists
Hibernate: drop table PRODUCT if exists
DEBUG SQL - drop table SHIPMENT_CONTAINER_ASSOCIATION if exists
Hibernate: drop table SHIPMENT_CONTAINER_ASSOCIATION if exists
DEBUG SQL - drop table Shipment if exists
Hibernate: drop table Shipment if exists
DEBUG SQL - drop table USERACCOUNT if exists
Hibernate: drop table USERACCOUNT if exists
DEBUG SQL - drop table USERROLE if exists
Hibernate: drop table USERROLE if exists
DEBUG SQL - create table ADDRESS (ADDRESS_ID bigint generated by default as identity (start with 1), city varchar(255) not null, state CHAR(2) not null, street varchar(255) not null, primary key (ADDRESS_ID))
Hibernate: create table ADDRESS (ADDRESS_ID bigint generated by default as identity (start with 1), city varchar(255) not null, state CHAR(2) not null, street varchar(255) not null, primary key (ADDRESS_ID))
DEBUG SQL - create table CARD (CARD_ID bigint generated by default as identity (start with 1), amount double, CARD_NUMBER char not null, OWNER_NAME varchar(255) not null, address bigint, primary key (CARD_ID))
Hibernate: create table CARD (CARD_ID bigint generated by default as identity (start with 1), amount double, CARD_NUMBER char not null, OWNER_NAME varchar(255) not null, address bigint, primary key (CARD_ID))
DEBUG SQL - create table CARD_PRODUCT_BUYS (ID bigint generated by default as identity (start with 1), DATE timestamp, CARD_ID bigint not null, Product_ID bigint not null, primary key (ID))
Hibernate: create table CARD_PRODUCT_BUYS (ID bigint generated by default as identity (start with 1), DATE timestamp, CARD_ID bigint not null, Product_ID bigint not null, primary key (ID))
DEBUG SQL - create table Container (CONTAINER_ID bigint generated by default as identity (start with 1), capacity double not null check (capacity&gt;=0), destination varchar(255), location varchar(255), name varchar(40), status varchar(255), primary key (CONTAINER_ID))
Hibernate: create table Container (CONTAINER_ID bigint generated by default as identity (start with 1), capacity double not null check (capacity&gt;=0), destination varchar(255), location varchar(255), name varchar(40), status varchar(255), primary key (CONTAINER_ID))
DEBUG SQL - create table PHONE_NUMBER (PHONE_NUMBER_ID bigint generated by default as identity (start with 1), PHONE_NUMBER char not null, CARD_ID bigint not null, index integer, primary key (PHONE_NUMBER_ID))
Hibernate: create table PHONE_NUMBER (PHONE_NUMBER_ID bigint generated by default as identity (start with 1), PHONE_NUMBER char not null, CARD_ID bigint not null, index integer, primary key (PHONE_NUMBER_ID))
DEBUG SQL - create table PRODUCT (PRODUCT_ID bigint generated by default as identity (start with 1), description varchar(255), name varchar(255), price double, primary key (PRODUCT_ID))
Hibernate: create table PRODUCT (PRODUCT_ID bigint generated by default as identity (start with 1), description varchar(255), name varchar(255), price double, primary key (PRODUCT_ID))
DEBUG SQL - create table SHIPMENT_CONTAINER_ASSOCIATION (ID bigint generated by default as identity (start with 1), DATE timestamp, SHIPMENT_VOLUME double, CONTAINER_ID bigint not null, SHIPMENT_ID bigint not null, primary key (ID))
Hibernate: create table SHIPMENT_CONTAINER_ASSOCIATION (ID bigint generated by default as identity (start with 1), DATE timestamp, SHIPMENT_VOLUME double, CONTAINER_ID bigint not null, SHIPMENT_ID bigint not null, primary key (ID))
DEBUG SQL - create table Shipment (SHIPMENT_ID bigint generated by default as identity (start with 1), destination varchar(255), name varchar(40), origin varchar(255), volume double not null check (volume&gt;=0), OWNER varchar(30) not null, primary key (SHIPMENT_ID))
Hibernate: create table Shipment (SHIPMENT_ID bigint generated by default as identity (start with 1), destination varchar(255), name varchar(40), origin varchar(255), volume double not null check (volume&gt;=0), OWNER varchar(30) not null, primary key (SHIPMENT_ID))
DEBUG SQL - create table USERACCOUNT (username varchar(30) not null, enabled boolean, password varchar(50), primary key (username))
Hibernate: create table USERACCOUNT (username varchar(30) not null, enabled boolean, password varchar(50), primary key (username))
DEBUG SQL - create table USERROLE (ROLE_ID bigint generated by default as identity (start with 1), ROLE_NAME varchar(40) not null, ROLE_OWNER varchar(30) not null, primary key (ROLE_ID))
Hibernate: create table USERROLE (ROLE_ID bigint generated by default as identity (start with 1), ROLE_NAME varchar(40) not null, ROLE_OWNER varchar(30) not null, primary key (ROLE_ID))
DEBUG SQL - alter table CARD add constraint FK_f0b40f64727c474596cd7c3ce4b foreign key (address) references ADDRESS
Hibernate: alter table CARD add constraint FK_f0b40f64727c474596cd7c3ce4b foreign key (address) references ADDRESS
DEBUG SQL - alter table CARD_PRODUCT_BUYS add constraint FK_3f91a8ee5efa49a2b5602cefd10 foreign key (CARD_ID) references CARD
Hibernate: alter table CARD_PRODUCT_BUYS add constraint FK_3f91a8ee5efa49a2b5602cefd10 foreign key (CARD_ID) references CARD
DEBUG SQL - alter table CARD_PRODUCT_BUYS add constraint FK_0b2362c4cf91472bbe77651fd63 foreign key (Product_ID) references PRODUCT
Hibernate: alter table CARD_PRODUCT_BUYS add constraint FK_0b2362c4cf91472bbe77651fd63 foreign key (Product_ID) references PRODUCT
DEBUG SQL - alter table PHONE_NUMBER add constraint FK_ca476b7d9cb1407790b5c212d5e foreign key (CARD_ID) references CARD
Hibernate: alter table PHONE_NUMBER add constraint FK_ca476b7d9cb1407790b5c212d5e foreign key (CARD_ID) references CARD
DEBUG SQL - alter table SHIPMENT_CONTAINER_ASSOCIATION add constraint FK_06eb8400c6974de8b602a6e299c foreign key (CONTAINER_ID) references Container
Hibernate: alter table SHIPMENT_CONTAINER_ASSOCIATION add constraint FK_06eb8400c6974de8b602a6e299c foreign key (CONTAINER_ID) references Container
DEBUG SQL - alter table SHIPMENT_CONTAINER_ASSOCIATION add constraint FK_28d9cfb1fd4f4defbb2fc0246f9 foreign key (SHIPMENT_ID) references Shipment
Hibernate: alter table SHIPMENT_CONTAINER_ASSOCIATION add constraint FK_28d9cfb1fd4f4defbb2fc0246f9 foreign key (SHIPMENT_ID) references Shipment
DEBUG SQL - alter table Shipment add constraint FK_12de45ca9d0746f48b3f38cb447 foreign key (OWNER) references USERACCOUNT
Hibernate: alter table Shipment add constraint FK_12de45ca9d0746f48b3f38cb447 foreign key (OWNER) references USERACCOUNT
DEBUG SQL - alter table USERROLE add constraint FK_46c842d8284b4320804abce9167 foreign key (ROLE_OWNER) references USERACCOUNT
Hibernate: alter table USERROLE add constraint FK_46c842d8284b4320804abce9167 foreign key (ROLE_OWNER) references USERACCOUNT
INFO  SchemaExport - HHH000230: Schema export complete
DEBUG Configuration - Processing hbm.xml files
DEBUG Configuration - Process annotated classes
DEBUG Configuration - Processing fk mappings (*ToOne and JoinedSubclass)
DEBUG Configuration - Processing extends queue
DEBUG Configuration - Processing extends queue
DEBUG Configuration - Processing collection mappings
DEBUG Configuration - Processing native query and ResultSetMapping mappings
DEBUG Configuration - Processing association property references
DEBUG Configuration - Creating tables&apos; unique integer identifiers
DEBUG Configuration - Processing foreign key constraints
DEBUG Configuration - Resolving reference to class: com.expeditors.training.course3demo.model.Address
DEBUG Configuration - Resolving reference to class: com.expeditors.training.course3demo.model.Card
DEBUG Configuration - Resolving reference to class: com.expeditors.training.course3demo.model.Product
DEBUG Configuration - Resolving reference to class: com.expeditors.training.course3demo.model.Card
DEBUG Configuration - Resolving reference to class: com.expeditors.training.course3demo.model.Container
DEBUG Configuration - Resolving reference to class: com.expeditors.training.course3demo.model.Shipment
DEBUG Configuration - Resolving reference to class: com.expeditors.training.course3demo.model.UserAccount
DEBUG Configuration - Resolving reference to class: com.expeditors.training.course3demo.model.UserAccount
DEBUG DefaultIdentifierGeneratorFactory - Setting dialect [org.hibernate.dialect.HSQLDialect]
DEBUG DefaultIdentifierGeneratorFactory - Setting dialect [org.hibernate.dialect.HSQLDialect]
DEBUG DefaultIdentifierGeneratorFactory - Setting dialect [org.hibernate.dialect.HSQLDialect]
DEBUG DefaultIdentifierGeneratorFactory - Setting dialect [org.hibernate.dialect.HSQLDialect]
DEBUG DefaultIdentifierGeneratorFactory - Setting dialect [org.hibernate.dialect.HSQLDialect]
DEBUG DefaultIdentifierGeneratorFactory - Setting dialect [org.hibernate.dialect.HSQLDialect]
DEBUG DefaultIdentifierGeneratorFactory - Setting dialect [org.hibernate.dialect.HSQLDialect]
DEBUG DefaultIdentifierGeneratorFactory - Setting dialect [org.hibernate.dialect.HSQLDialect]
DEBUG DefaultIdentifierGeneratorFactory - Setting dialect [org.hibernate.dialect.HSQLDialect]
DEBUG DefaultIdentifierGeneratorFactory - Setting dialect [org.hibernate.dialect.HSQLDialect]
DEBUG Configuration - Processing hbm.xml files
DEBUG Configuration - Process annotated classes
DEBUG Configuration - Processing fk mappings (*ToOne and JoinedSubclass)
DEBUG Configuration - Processing extends queue
DEBUG Configuration - Processing extends queue
DEBUG Configuration - Processing collection mappings
DEBUG Configuration - Processing native query and ResultSetMapping mappings
DEBUG Configuration - Processing association property references
DEBUG Configuration - Creating tables&apos; unique integer identifiers
DEBUG Configuration - Processing foreign key constraints
DEBUG Configuration - Resolving reference to class: com.expeditors.training.course3demo.model.Address
DEBUG Configuration - Resolving reference to class: com.expeditors.training.course3demo.model.Card
DEBUG Configuration - Resolving reference to class: com.expeditors.training.course3demo.model.Product
DEBUG Configuration - Resolving reference to class: com.expeditors.training.course3demo.model.Card
DEBUG Configuration - Resolving reference to class: com.expeditors.training.course3demo.model.Container
DEBUG Configuration - Resolving reference to class: com.expeditors.training.course3demo.model.Shipment
DEBUG Configuration - Resolving reference to class: com.expeditors.training.course3demo.model.UserAccount
DEBUG Configuration - Resolving reference to class: com.expeditors.training.course3demo.model.UserAccount
DEBUG DefaultIdentifierGeneratorFactory - Setting dialect [org.hibernate.dialect.HSQLDialect]
DEBUG DefaultIdentifierGeneratorFactory - Setting dialect [org.hibernate.dialect.HSQLDialect]
DEBUG DefaultIdentifierGeneratorFactory - Setting dialect [org.hibernate.dialect.HSQLDialect]
DEBUG DefaultIdentifierGeneratorFactory - Setting dialect [org.hibernate.dialect.HSQLDialect]
DEBUG DefaultIdentifierGeneratorFactory - Setting dialect [org.hibernate.dialect.HSQLDialect]
DEBUG DefaultIdentifierGeneratorFactory - Setting dialect [org.hibernate.dialect.HSQLDialect]
DEBUG DefaultIdentifierGeneratorFactory - Setting dialect [org.hibernate.dialect.HSQLDialect]
DEBUG DefaultIdentifierGeneratorFactory - Setting dialect [org.hibernate.dialect.HSQLDialect]
DEBUG DefaultIdentifierGeneratorFactory - Setting dialect [org.hibernate.dialect.HSQLDialect]
DEBUG DefaultIdentifierGeneratorFactory - Setting dialect [org.hibernate.dialect.HSQLDialect]
DEBUG DefaultIdentifierGeneratorFactory - Setting dialect [org.hibernate.dialect.HSQLDialect]
DEBUG DefaultIdentifierGeneratorFactory - Setting dialect [org.hibernate.dialect.HSQLDialect]
DEBUG DefaultIdentifierGeneratorFactory - Setting dialect [org.hibernate.dialect.HSQLDialect]
DEBUG DefaultIdentifierGeneratorFactory - Setting dialect [org.hibernate.dialect.HSQLDialect]
DEBUG DefaultIdentifierGeneratorFactory - Setting dialect [org.hibernate.dialect.HSQLDialect]
DEBUG DefaultIdentifierGeneratorFactory - Setting dialect [org.hibernate.dialect.HSQLDialect]
DEBUG DefaultIdentifierGeneratorFactory - Setting dialect [org.hibernate.dialect.HSQLDialect]
DEBUG DefaultIdentifierGeneratorFactory - Setting dialect [org.hibernate.dialect.HSQLDialect]
DEBUG DefaultIdentifierGeneratorFactory - Setting dialect [org.hibernate.dialect.HSQLDialect]
DEBUG DefaultIdentifierGeneratorFactory - Setting dialect [org.hibernate.dialect.HSQLDialect]
DEBUG SessionFactoryImpl - Checking 0 named HQL queries
DEBUG SessionFactoryImpl - Checking 0 named SQL queries
DEBUG StatisticsInitiator - Statistics initialized [enabled=false]
DEBUG EntityManagerFactoryRegistry - Registering EntityManagerFactory: default 
INFO  GenericWebApplicationContext - Bean &apos;entityManagerFactory&apos; of type [class org.springframework.orm.jpa.LocalContainerEntityManagerFactoryBean] is not eligible for getting processed by all BeanPostProcessors (for example: not eligible for auto-proxying)
DEBUG DefaultListableBeanFactory - Finished creating instance of bean &apos;entityManagerFactory&apos;
DEBUG DefaultListableBeanFactory - Finished creating instance of bean &apos;org.springframework.dao.annotation.PersistenceExceptionTranslationPostProcessor#0&apos;
DEBUG DefaultListableBeanFactory - Creating shared instance of singleton bean &apos;org.springframework.data.repository.core.support.RepositoryInterfaceAwareBeanPostProcessor#0&apos;
DEBUG DefaultListableBeanFactory - Creating instance of bean &apos;org.springframework.data.repository.core.support.RepositoryInterfaceAwareBeanPostProcessor#0&apos;
DEBUG DefaultListableBeanFactory - Eagerly caching bean &apos;org.springframework.data.repository.core.support.RepositoryInterfaceAwareBeanPostProcessor#0&apos; to allow for resolving potential circular references
DEBUG DefaultListableBeanFactory - Finished creating instance of bean &apos;org.springframework.data.repository.core.support.RepositoryInterfaceAwareBeanPostProcessor#0&apos;
DEBUG GenericWebApplicationContext - Unable to locate MessageSource with name &apos;messageSource&apos;: using default [org.springframework.context.support.DelegatingMessageSource@3657fe4f]
DEBUG GenericWebApplicationContext - Unable to locate ApplicationEventMulticaster with name &apos;applicationEventMulticaster&apos;: using default [org.springframework.context.event.SimpleApplicationEventMulticaster@4af91068]
DEBUG UiApplicationContextUtils - Unable to locate ThemeSource with name &apos;themeSource&apos;: using default [org.springframework.ui.context.support.ResourceBundleThemeSource@25a4424c]
DEBUG DefaultListableBeanFactory - Returning cached instance of singleton bean &apos;entityManagerFactory&apos;
INFO  DefaultListableBeanFactory - Pre-instantiating singletons in org.springframework.beans.factory.support.DefaultListableBeanFactory@6b960dca: defining beans [org.springframework.context.annotation.internalConfigurationAnnotationProcessor,org.springframework.context.annotation.internalAutowiredAnnotationProcessor,org.springframework.context.annotation.internalRequiredAnnotationProcessor,org.springframework.context.annotation.internalCommonAnnotationProcessor,org.springframework.context.annotation.internalPersistenceAnnotationProcessor,testConfig,org.springframework.context.annotation.ConfigurationClassPostProcessor.importAwareProcessor,cardController,containerController,errorLoginController,homeController,productController,securityController,shipmentController,org.springframework.data.repository.core.support.RepositoryInterfaceAwareBeanPostProcessor#0,org.springframework.dao.annotation.PersistenceExceptionTranslationPostProcessor#0,containerRepository,org.springframework.web.servlet.config.annotation.DelegatingWebMvcConfiguration,simpleControllerHandlerAdapter,mvcValidator,requestMappingHandlerMapping,mvcContentNegotiationManager,viewControllerHandlerMapping,beanNameHandlerMapping,resourceHandlerMapping,defaultServletHandlerMapping,requestMappingHandlerAdapter,mvcConversionService,httpRequestHandlerAdapter,handlerExceptionResolver,com.expeditors.training.course3demo.config.PersistenceJPATestConfig,entityManagerFactory,dataSource,productService,securityService,shipmentService,containerService,aggregateFactory,viewResolver,cardService]; root of factory hierarchy
DEBUG DefaultListableBeanFactory - Returning cached instance of singleton bean &apos;org.springframework.context.annotation.internalConfigurationAnnotationProcessor&apos;
DEBUG DefaultListableBeanFactory - Returning cached instance of singleton bean &apos;org.springframework.context.annotation.internalAutowiredAnnotationProcessor&apos;
DEBUG DefaultListableBeanFactory - Returning cached instance of singleton bean &apos;org.springframework.context.annotation.internalRequiredAnnotationProcessor&apos;
DEBUG DefaultListableBeanFactory - Returning cached instance of singleton bean &apos;org.springframework.context.annotation.internalCommonAnnotationProcessor&apos;
DEBUG DefaultListableBeanFactory - Returning cached instance of singleton bean &apos;org.springframework.context.annotation.internalPersistenceAnnotationProcessor&apos;
DEBUG DefaultListableBeanFactory - Creating shared instance of singleton bean &apos;testConfig&apos;
DEBUG DefaultListableBeanFactory - Creating instance of bean &apos;testConfig&apos;
DEBUG DefaultListableBeanFactory - Eagerly caching bean &apos;testConfig&apos; to allow for resolving potential circular references
DEBUG DefaultListableBeanFactory - Finished creating instance of bean &apos;testConfig&apos;
DEBUG DefaultListableBeanFactory - Returning cached instance of singleton bean &apos;org.springframework.context.annotation.ConfigurationClassPostProcessor.importAwareProcessor&apos;
DEBUG DefaultListableBeanFactory - Creating shared instance of singleton bean &apos;cardController&apos;
DEBUG DefaultListableBeanFactory - Creating instance of bean &apos;cardController&apos;
DEBUG InjectionMetadata - Registered injected element on class [com.expeditors.training.course3demo.controller.CardController]: AutowiredFieldElement for com.expeditors.training.course3demo.service.CardService com.expeditors.training.course3demo.controller.CardController.cardService
DEBUG DefaultListableBeanFactory - Eagerly caching bean &apos;cardController&apos; to allow for resolving potential circular references
DEBUG InjectionMetadata - Processing injected method of bean &apos;cardController&apos;: AutowiredFieldElement for com.expeditors.training.course3demo.service.CardService com.expeditors.training.course3demo.controller.CardController.cardService
DEBUG DefaultListableBeanFactory - Creating shared instance of singleton bean &apos;cardService&apos;
DEBUG DefaultListableBeanFactory - Creating instance of bean &apos;cardService&apos;
DEBUG DefaultListableBeanFactory - Returning cached instance of singleton bean &apos;testConfig&apos;
DEBUG InjectionMetadata - Registered injected element on class [com.expeditors.training.course3demo.service.CardService$$EnhancerByMockitoWithCGLIB$$8952437f]: PersistenceElement for private javax.persistence.EntityManager com.expeditors.training.course3demo.service.CardService.entityManager
DEBUG DefaultListableBeanFactory - Eagerly caching bean &apos;cardService&apos; to allow for resolving potential circular references
DEBUG InjectionMetadata - Processing injected method of bean &apos;cardService&apos;: PersistenceElement for private javax.persistence.EntityManager com.expeditors.training.course3demo.service.CardService.entityManager
DEBUG DefaultListableBeanFactory - Returning cached instance of singleton bean &apos;entityManagerFactory&apos;
DEBUG JdkDynamicAopProxy - Creating JDK dynamic proxy: target source is SingletonTargetSource for target object [com.expeditors.training.course3demo.service.CardService$$EnhancerByMockitoWithCGLIB$$8952437f@ed82ac2]
DEBUG DefaultListableBeanFactory - Finished creating instance of bean &apos;cardService&apos;
DEBUG AutowiredAnnotationBeanPostProcessor - Autowiring by type from bean name &apos;cardController&apos; to bean named &apos;cardService&apos;
INFO  DefaultListableBeanFactory - Destroying singletons in org.springframework.beans.factory.support.DefaultListableBeanFactory@6b960dca: defining beans [org.springframework.context.annotation.internalConfigurationAnnotationProcessor,org.springframework.context.annotation.internalAutowiredAnnotationProcessor,org.springframework.context.annotation.internalRequiredAnnotationProcessor,org.springframework.context.annotation.internalCommonAnnotationProcessor,org.springframework.context.annotation.internalPersistenceAnnotationProcessor,testConfig,org.springframework.context.annotation.ConfigurationClassPostProcessor.importAwareProcessor,cardController,containerController,errorLoginController,homeController,productController,securityController,shipmentController,org.springframework.data.repository.core.support.RepositoryInterfaceAwareBeanPostProcessor#0,org.springframework.dao.annotation.PersistenceExceptionTranslationPostProcessor#0,containerRepository,org.springframework.web.servlet.config.annotation.DelegatingWebMvcConfiguration,simpleControllerHandlerAdapter,mvcValidator,requestMappingHandlerMapping,mvcContentNegotiationManager,viewControllerHandlerMapping,beanNameHandlerMapping,resourceHandlerMapping,defaultServletHandlerMapping,requestMappingHandlerAdapter,mvcConversionService,httpRequestHandlerAdapter,handlerExceptionResolver,com.expeditors.training.course3demo.config.PersistenceJPATestConfig,entityManagerFactory,dataSource,productService,securityService,shipmentService,containerService,aggregateFactory,viewResolver,cardService]; root of factory hierarchy
DEBUG DisposableBeanAdapter - Invoking destroy() on bean with name &apos;testConfig&apos;
DEBUG DisposableBeanAdapter - Invoking destroy() on bean with name &apos;entityManagerFactory&apos;
INFO  LocalContainerEntityManagerFactoryBean - Closing JPA EntityManagerFactory for persistence unit &apos;default&apos;
DEBUG SessionFactoryImpl - HHH000031: Closing
INFO  SchemaExport - HHH000227: Running hbm2ddl schema export
DEBUG SchemaExport - Import file not found: /import.sql
DEBUG DriverManagerDataSource - Creating new JDBC DriverManager Connection to [jdbc:hsqldb:mem:paging]
DEBUG SQL - alter table CARD drop constraint FK_f0b40f64727c474596cd7c3ce4b
Hibernate: alter table CARD drop constraint FK_f0b40f64727c474596cd7c3ce4b
DEBUG SQL - alter table CARD_PRODUCT_BUYS drop constraint FK_3f91a8ee5efa49a2b5602cefd10
Hibernate: alter table CARD_PRODUCT_BUYS drop constraint FK_3f91a8ee5efa49a2b5602cefd10
DEBUG SQL - alter table CARD_PRODUCT_BUYS drop constraint FK_0b2362c4cf91472bbe77651fd63
Hibernate: alter table CARD_PRODUCT_BUYS drop constraint FK_0b2362c4cf91472bbe77651fd63
DEBUG SQL - alter table PHONE_NUMBER drop constraint FK_ca476b7d9cb1407790b5c212d5e
Hibernate: alter table PHONE_NUMBER drop constraint FK_ca476b7d9cb1407790b5c212d5e
DEBUG SQL - alter table SHIPMENT_CONTAINER_ASSOCIATION drop constraint FK_06eb8400c6974de8b602a6e299c
Hibernate: alter table SHIPMENT_CONTAINER_ASSOCIATION drop constraint FK_06eb8400c6974de8b602a6e299c
DEBUG SQL - alter table SHIPMENT_CONTAINER_ASSOCIATION drop constraint FK_28d9cfb1fd4f4defbb2fc0246f9
Hibernate: alter table SHIPMENT_CONTAINER_ASSOCIATION drop constraint FK_28d9cfb1fd4f4defbb2fc0246f9
DEBUG SQL - alter table Shipment drop constraint FK_12de45ca9d0746f48b3f38cb447
Hibernate: alter table Shipment drop constraint FK_12de45ca9d0746f48b3f38cb447
DEBUG SQL - alter table USERROLE drop constraint FK_46c842d8284b4320804abce9167
Hibernate: alter table USERROLE drop constraint FK_46c842d8284b4320804abce9167
DEBUG SQL - drop table ADDRESS if exists
Hibernate: drop table ADDRESS if exists
DEBUG SQL - drop table CARD if exists
Hibernate: drop table CARD if exists
DEBUG SQL - drop table CARD_PRODUCT_BUYS if exists
Hibernate: drop table CARD_PRODUCT_BUYS if exists
DEBUG SQL - drop table Container if exists
Hibernate: drop table Container if exists
DEBUG SQL - drop table PHONE_NUMBER if exists
Hibernate: drop table PHONE_NUMBER if exists
DEBUG SQL - drop table PRODUCT if exists
Hibernate: drop table PRODUCT if exists
DEBUG SQL - drop table SHIPMENT_CONTAINER_ASSOCIATION if exists
Hibernate: drop table SHIPMENT_CONTAINER_ASSOCIATION if exists
DEBUG SQL - drop table Shipment if exists
Hibernate: drop table Shipment if exists
DEBUG SQL - drop table USERACCOUNT if exists
Hibernate: drop table USERACCOUNT if exists
DEBUG SQL - drop table USERROLE if exists
Hibernate: drop table USERROLE if exists
INFO  SchemaExport - HHH000230: Schema export complete
DEBUG EntityManagerFactoryRegistry - Remove: name=default
DEBUG DisposableBeanAdapter - Invoking destroy() on bean with name &apos;com.expeditors.training.course3demo.config.PersistenceJPATestConfig&apos;
ERROR TestContextManager - Caught exception while allowing TestExecutionListener [org.springframework.test.context.web.ServletTestExecutionListener@608d1c76] to prepare test instance [com.expeditors.training.course3demo.controller.ProductControllerTest@5047b87f]
java.lang.IllegalStateException: Failed to load ApplicationContext
	at org.springframework.test.context.CacheAwareContextLoaderDelegate.loadContext(CacheAwareContextLoaderDelegate.java:99) ~[spring-test-3.2.3.RELEASE.jar:3.2.3.RELEASE]
	at org.springframework.test.context.TestContext.getApplicationContext(TestContext.java:122) ~[spring-test-3.2.3.RELEASE.jar:3.2.3.RELEASE]
	at org.springframework.test.context.web.ServletTestExecutionListener.setUpRequestContextIfNecessary(ServletTestExecutionListener.java:105) ~[spring-test-3.2.3.RELEASE.jar:3.2.3.RELEASE]
	at org.springframework.test.context.web.ServletTestExecutionListener.prepareTestInstance(ServletTestExecutionListener.java:74) ~[spring-test-3.2.3.RELEASE.jar:3.2.3.RELEASE]
	at org.springframework.test.context.TestContextManager.prepareTestInstance(TestContextManager.java:312) ~[spring-test-3.2.3.RELEASE.jar:3.2.3.RELEASE]
	at org.springframework.test.context.junit4.SpringJUnit4ClassRunner.createTest(SpringJUnit4ClassRunner.java:211) [spring-test-3.2.3.RELEASE.jar:3.2.3.RELEASE]
	at org.springframework.test.context.junit4.SpringJUnit4ClassRunner$1.runReflectiveCall(SpringJUnit4ClassRunner.java:288) [spring-test-3.2.3.RELEASE.jar:3.2.3.RELEASE]
	at org.junit.internal.runners.model.ReflectiveCallable.run(ReflectiveCallable.java:12) [junit-4.11.jar:na]
	at org.springframework.test.context.junit4.SpringJUnit4ClassRunner.methodBlock(SpringJUnit4ClassRunner.java:284) [spring-test-3.2.3.RELEASE.jar:3.2.3.RELEASE]
	at org.springframework.test.context.junit4.SpringJUnit4ClassRunner.runChild(SpringJUnit4ClassRunner.java:231) [spring-test-3.2.3.RELEASE.jar:3.2.3.RELEASE]
	at org.springframework.test.context.junit4.SpringJUnit4ClassRunner.runChild(SpringJUnit4ClassRunner.java:88) [spring-test-3.2.3.RELEASE.jar:3.2.3.RELEASE]
	at org.junit.runners.ParentRunner$3.run(ParentRunner.java:238) [junit-4.11.jar:na]
	at org.junit.runners.ParentRunner$1.schedule(ParentRunner.java:63) [junit-4.11.jar:na]
	at org.junit.runners.ParentRunner.runChildren(ParentRunner.java:236) [junit-4.11.jar:na]
	at org.junit.runners.ParentRunner.access$000(ParentRunner.java:53) [junit-4.11.jar:na]
	at org.junit.runners.ParentRunner$2.evaluate(ParentRunner.java:229) [junit-4.11.jar:na]
	at org.springframework.test.context.junit4.statements.RunBeforeTestClassCallbacks.evaluate(RunBeforeTestClassCallbacks.java:61) [spring-test-3.2.3.RELEASE.jar:3.2.3.RELEASE]
	at org.springframework.test.context.junit4.statements.RunAfterTestClassCallbacks.evaluate(RunAfterTestClassCallbacks.java:71) [spring-test-3.2.3.RELEASE.jar:3.2.3.RELEASE]
	at org.junit.runners.ParentRunner.run(ParentRunner.java:309) [junit-4.11.jar:na]
	at org.springframework.test.context.junit4.SpringJUnit4ClassRunner.run(SpringJUnit4ClassRunner.java:174) [spring-test-3.2.3.RELEASE.jar:3.2.3.RELEASE]
	at org.apache.maven.surefire.junit4.JUnit4Provider.execute(JUnit4Provider.java:252) [surefire-junit4-2.12.4.jar:2.12.4]
	at org.apache.maven.surefire.junit4.JUnit4Provider.executeTestSet(JUnit4Provider.java:141) [surefire-junit4-2.12.4.jar:2.12.4]
	at org.apache.maven.surefire.junit4.JUnit4Provider.invoke(JUnit4Provider.java:112) [surefire-junit4-2.12.4.jar:2.12.4]
	at sun.reflect.NativeMethodAccessorImpl.invoke0(Native Method) ~[na:1.7.0_45]
	at sun.reflect.NativeMethodAccessorImpl.invoke(NativeMethodAccessorImpl.java:57) ~[na:1.7.0_45]
	at sun.reflect.DelegatingMethodAccessorImpl.invoke(DelegatingMethodAccessorImpl.java:43) ~[na:1.7.0_45]
	at java.lang.reflect.Method.invoke(Method.java:606) ~[na:1.7.0_45]
	at org.apache.maven.surefire.util.ReflectionUtils.invokeMethodWithArray(ReflectionUtils.java:189) [surefire-api-2.12.4.jar:2.12.4]
	at org.apache.maven.surefire.booter.ProviderFactory$ProviderProxy.invoke(ProviderFactory.java:165) [surefire-booter-2.12.4.jar:2.12.4]
	at org.apache.maven.surefire.booter.ProviderFactory.invokeProvider(ProviderFactory.java:85) [surefire-booter-2.12.4.jar:2.12.4]
	at org.apache.maven.surefire.booter.ForkedBooter.runSuitesInProcess(ForkedBooter.java:115) [surefire-booter-2.12.4.jar:2.12.4]
	at org.apache.maven.surefire.booter.ForkedBooter.main(ForkedBooter.java:75) [surefire-booter-2.12.4.jar:2.12.4]
Caused by: org.springframework.beans.factory.BeanCreationException: Error creating bean with name &apos;cardController&apos;: Injection of autowired dependencies failed; nested exception is org.springframework.beans.factory.BeanCreationException: Could not autowire field: com.expeditors.training.course3demo.service.CardService com.expeditors.training.course3demo.controller.CardController.cardService; nested exception is java.lang.IllegalArgumentException: Can not set com.expeditors.training.course3demo.service.CardService field com.expeditors.training.course3demo.controller.CardController.cardService to com.sun.proxy.$Proxy47
	at org.springframework.beans.factory.annotation.AutowiredAnnotationBeanPostProcessor.postProcessPropertyValues(AutowiredAnnotationBeanPostProcessor.java:288) ~[spring-beans-3.2.3.RELEASE.jar:3.2.3.RELEASE]
	at org.springframework.beans.factory.support.AbstractAutowireCapableBeanFactory.populateBean(AbstractAutowireCapableBeanFactory.java:1116) ~[spring-beans-3.2.3.RELEASE.jar:3.2.3.RELEASE]
	at org.springframework.beans.factory.support.AbstractAutowireCapableBeanFactory.doCreateBean(AbstractAutowireCapableBeanFactory.java:519) ~[spring-beans-3.2.3.RELEASE.jar:3.2.3.RELEASE]
	at org.springframework.beans.factory.support.AbstractAutowireCapableBeanFactory.createBean(AbstractAutowireCapableBeanFactory.java:458) ~[spring-beans-3.2.3.RELEASE.jar:3.2.3.RELEASE]
	at org.springframework.beans.factory.support.AbstractBeanFactory$1.getObject(AbstractBeanFactory.java:295) ~[spring-beans-3.2.3.RELEASE.jar:3.2.3.RELEASE]
	at org.springframework.beans.factory.support.DefaultSingletonBeanRegistry.getSingleton(DefaultSingletonBeanRegistry.java:223) ~[spring-beans-3.2.3.RELEASE.jar:3.2.3.RELEASE]
	at org.springframework.beans.factory.support.AbstractBeanFactory.doGetBean(AbstractBeanFactory.java:292) ~[spring-beans-3.2.3.RELEASE.jar:3.2.3.RELEASE]
	at org.springframework.beans.factory.support.AbstractBeanFactory.getBean(AbstractBeanFactory.java:194) ~[spring-beans-3.2.3.RELEASE.jar:3.2.3.RELEASE]
	at org.springframework.beans.factory.support.DefaultListableBeanFactory.preInstantiateSingletons(DefaultListableBeanFactory.java:626) ~[spring-beans-3.2.3.RELEASE.jar:3.2.3.RELEASE]
	at org.springframework.context.support.AbstractApplicationContext.finishBeanFactoryInitialization(AbstractApplicationContext.java:932) ~[spring-context-3.2.3.RELEASE.jar:3.2.3.RELEASE]
	at org.springframework.context.support.AbstractApplicationContext.refresh(AbstractApplicationContext.java:479) ~[spring-context-3.2.3.RELEASE.jar:3.2.3.RELEASE]
	at org.springframework.test.context.web.AbstractGenericWebContextLoader.loadContext(AbstractGenericWebContextLoader.java:128) ~[spring-test-3.2.3.RELEASE.jar:3.2.3.RELEASE]
	at org.springframework.test.context.web.AbstractGenericWebContextLoader.loadContext(AbstractGenericWebContextLoader.java:60) ~[spring-test-3.2.3.RELEASE.jar:3.2.3.RELEASE]
	at org.springframework.test.context.support.AbstractDelegatingSmartContextLoader.delegateLoading(AbstractDelegatingSmartContextLoader.java:100) ~[spring-test-3.2.3.RELEASE.jar:3.2.3.RELEASE]
	at org.springframework.test.context.support.AbstractDelegatingSmartContextLoader.loadContext(AbstractDelegatingSmartContextLoader.java:248) ~[spring-test-3.2.3.RELEASE.jar:3.2.3.RELEASE]
	at org.springframework.test.context.CacheAwareContextLoaderDelegate.loadContextInternal(CacheAwareContextLoaderDelegate.java:64) ~[spring-test-3.2.3.RELEASE.jar:3.2.3.RELEASE]
	at org.springframework.test.context.CacheAwareContextLoaderDelegate.loadContext(CacheAwareContextLoaderDelegate.java:91) ~[spring-test-3.2.3.RELEASE.jar:3.2.3.RELEASE]
	... 31 common frames omitted
Caused by: org.springframework.beans.factory.BeanCreationException: Could not autowire field: com.expeditors.training.course3demo.service.CardService com.expeditors.training.course3demo.controller.CardController.cardService; nested exception is java.lang.IllegalArgumentException: Can not set com.expeditors.training.course3demo.service.CardService field com.expeditors.training.course3demo.controller.CardController.cardService to com.sun.proxy.$Proxy47
	at org.springframework.beans.factory.annotation.AutowiredAnnotationBeanPostProcessor$AutowiredFieldElement.inject(AutowiredAnnotationBeanPostProcessor.java:514) ~[spring-beans-3.2.3.RELEASE.jar:3.2.3.RELEASE]
	at org.springframework.beans.factory.annotation.InjectionMetadata.inject(InjectionMetadata.java:87) ~[spring-beans-3.2.3.RELEASE.jar:3.2.3.RELEASE]
	at org.springframework.beans.factory.annotation.AutowiredAnnotationBeanPostProcessor.postProcessPropertyValues(AutowiredAnnotationBeanPostProcessor.java:285) ~[spring-beans-3.2.3.RELEASE.jar:3.2.3.RELEASE]
	... 47 common frames omitted
Caused by: java.lang.IllegalArgumentException: Can not set com.expeditors.training.course3demo.service.CardService field com.expeditors.training.course3demo.controller.CardController.cardService to com.sun.proxy.$Proxy47
	at sun.reflect.UnsafeFieldAccessorImpl.throwSetIllegalArgumentException(UnsafeFieldAccessorImpl.java:164) ~[na:1.7.0_45]
	at sun.reflect.UnsafeFieldAccessorImpl.throwSetIllegalArgumentException(UnsafeFieldAccessorImpl.java:168) ~[na:1.7.0_45]
	at sun.reflect.UnsafeObjectFieldAccessorImpl.set(UnsafeObjectFieldAccessorImpl.java:81) ~[na:1.7.0_45]
	at java.lang.reflect.Field.set(Field.java:741) ~[na:1.7.0_45]
	at org.springframework.beans.factory.annotation.AutowiredAnnotationBeanPostProcessor$AutowiredFieldElement.inject(AutowiredAnnotationBeanPostProcessor.java:510) ~[spring-beans-3.2.3.RELEASE.jar:3.2.3.RELEASE]
	... 49 common frames omitted
</system-out>
  </testcase>
</testsuite>