<?xml version="1.0" encoding="UTF-8" ?>
<testsuite tests="7" failures="0" name="com.expeditors.training.course3demo.controller.ContainerControllerTest" time="3.704" errors="7" skipped="0">
  <properties>
    <property name="java.runtime.name" value="Java(TM) SE Runtime Environment"/>
    <property name="sun.boot.library.path" value="C:\Program Files\Java\jdk1.8.0_20\jre\bin"/>
    <property name="java.vm.version" value="25.20-b23"/>
    <property name="java.vm.vendor" value="Oracle Corporation"/>
    <property name="java.vendor.url" value="http://java.oracle.com/"/>
    <property name="path.separator" value=";"/>
    <property name="guice.disable.misplaced.annotation.check" value="true"/>
    <property name="java.vm.name" value="Java HotSpot(TM) 64-Bit Server VM"/>
    <property name="file.encoding.pkg" value="sun.io"/>
    <property name="user.script" value=""/>
    <property name="user.country" value="US"/>
    <property name="sun.java.launcher" value="SUN_STANDARD"/>
    <property name="sun.os.patch.level" value="Service Pack 1"/>
    <property name="java.vm.specification.name" value="Java Virtual Machine Specification"/>
    <property name="user.dir" value="C:\Users\chq-jamesgl\STS_work2\finalprojectgleixner"/>
    <property name="java.runtime.version" value="1.8.0_20-b26"/>
    <property name="java.awt.graphicsenv" value="sun.awt.Win32GraphicsEnvironment"/>
    <property name="java.endorsed.dirs" value="C:\Program Files\Java\jdk1.8.0_20\jre\lib\endorsed"/>
    <property name="os.arch" value="amd64"/>
    <property name="java.io.tmpdir" value="C:\Users\CHQ-JA~1\AppData\Local\Temp\"/>
    <property name="line.separator" value="
"/>
    <property name="java.vm.specification.vendor" value="Oracle Corporation"/>
    <property name="user.variant" value=""/>
    <property name="os.name" value="Windows 7"/>
    <property name="classworlds.conf" value="C:\Users\chq-jamesgl\STS_work2\.metadata\.plugins\org.eclipse.m2e.launching\launches\m2conf4556281351911069785.tmp"/>
    <property name="sun.jnu.encoding" value="Cp1252"/>
    <property name="java.library.path" value="C:\Program Files\Java\jdk1.8.0_20\bin;C:\WINDOWS\Sun\Java\bin;C:\WINDOWS\system32;C:\WINDOWS;C:/Program Files/Java/jdk1.7.0_45/bin/../jre/bin/server;C:/Program Files/Java/jdk1.7.0_45/bin/../jre/bin;C:/Program Files/Java/jdk1.7.0_45/bin/../jre/lib/amd64;C:\Program Files\spring-1.2.1.RELEASE\bin;C:\Maven\apache-maven-3.0.5\bin;C:\Program Files\Java\jdk1.7.0_45\bin;C:\ProgramData\Oracle\Java\javapath;C:\Program Files (x86)\Intel\iCLS Client\;C:\Program Files\Intel\iCLS Client\;C:\WINDOWS\system32;C:\WINDOWS;C:\WINDOWS\System32\Wbem;C:\WINDOWS\System32\WindowsPowerShell\v1.0\;C:\Program Files\Intel\DMIX;C:\WINDOWS\CCM;C:\WINDOWS\CCM;C:\WINDOWS\CCM;C:\WINDOWS\CCM;C:\WINDOWS\CCM;C:\WINDOWS\CCM;C:\WINDOWS\CCM;C:\PROGRA~2\IBM\SQLLIB\BIN;C:\PROGRA~2\IBM\SQLLIB\FUNCTION;C:\PROGRA~2\IBM\SQLLIB\SAMPLES\REPL;C:\Program Files\Intel\Intel(R) Management Engine Components\DAL;C:\Program Files\Intel\Intel(R) Management Engine Components\IPT;C:\Program Files (x86)\Intel\Intel(R) Management Engine Components\DAL;C:\Program Files (x86)\Intel\Intel(R) Management Engine Components\IPT;C:\Program Files\Microsoft\Web Platform Installer\;C:\Program Files\TortoiseSVN\bin;C:\Users\chq-jamesgl\Documents\STS2\sts-bundle\sts-3.6.3.SR1;;."/>
    <property name="java.specification.name" value="Java Platform API Specification"/>
    <property name="java.class.version" value="52.0"/>
    <property name="sun.management.compiler" value="HotSpot 64-Bit Tiered Compilers"/>
    <property name="os.version" value="6.1"/>
    <property name="user.home" value="C:\Users\chq-jamesgl"/>
    <property name="user.timezone" value="America/Los_Angeles"/>
    <property name="java.awt.printerjob" value="sun.awt.windows.WPrinterJob"/>
    <property name="java.specification.version" value="1.8"/>
    <property name="file.encoding" value="Cp1252"/>
    <property name="user.name" value="chq-jamesgl"/>
    <property name="java.class.path" value="/C:/Users/chq-jamesgl/Documents/STS2/sts-bundle/sts-3.6.3.SR1/plugins/org.eclipse.m2e.maven.runtime_1.5.0.20140605-2032/jars/plexus-classworlds-2.5.1.jar"/>
    <property name="org.slf4j.simpleLogger.defaultLogLevel" value="info"/>
    <property name="java.vm.specification.version" value="1.8"/>
    <property name="sun.arch.data.model" value="64"/>
    <property name="java.home" value="C:\Program Files\Java\jdk1.8.0_20\jre"/>
    <property name="sun.java.command" value="org.codehaus.plexus.classworlds.launcher.Launcher -B install"/>
    <property name="java.specification.vendor" value="Oracle Corporation"/>
    <property name="user.language" value="en"/>
    <property name="awt.toolkit" value="sun.awt.windows.WToolkit"/>
    <property name="java.vm.info" value="mixed mode"/>
    <property name="java.version" value="1.8.0_20"/>
    <property name="java.ext.dirs" value="C:\Program Files\Java\jdk1.8.0_20\jre\lib\ext;C:\WINDOWS\Sun\Java\lib\ext"/>
    <property name="sun.boot.class.path" value="C:\Program Files\Java\jdk1.8.0_20\jre\lib\resources.jar;C:\Program Files\Java\jdk1.8.0_20\jre\lib\rt.jar;C:\Program Files\Java\jdk1.8.0_20\jre\lib\sunrsasign.jar;C:\Program Files\Java\jdk1.8.0_20\jre\lib\jsse.jar;C:\Program Files\Java\jdk1.8.0_20\jre\lib\jce.jar;C:\Program Files\Java\jdk1.8.0_20\jre\lib\charsets.jar;C:\Program Files\Java\jdk1.8.0_20\jre\lib\jfr.jar;C:\Program Files\Java\jdk1.8.0_20\jre\classes"/>
    <property name="java.vendor" value="Oracle Corporation"/>
    <property name="maven.home" value="C:\Users\chq-jamesgl\STS_work2\finalprojectgleixner\EMBEDDED"/>
    <property name="file.separator" value="\"/>
    <property name="java.vendor.url.bug" value="http://bugreport.sun.com/bugreport/"/>
    <property name="sun.cpu.endian" value="little"/>
    <property name="sun.io.unicode.encoding" value="UnicodeLittle"/>
    <property name="sun.desktop" value="windows"/>
    <property name="sun.cpu.isalist" value="amd64"/>
  </properties>
  <testcase classname="com.expeditors.training.course3demo.controller.ContainerControllerTest" name="testShowAddContainers" time="2.316">
    <error message="Failed to load ApplicationContext" type="java.lang.IllegalStateException">java.lang.IllegalStateException: Failed to load ApplicationContext
	at org.springframework.test.context.CacheAwareContextLoaderDelegate.loadContext(CacheAwareContextLoaderDelegate.java:99)
	at org.springframework.test.context.TestContext.getApplicationContext(TestContext.java:122)
	at org.springframework.test.context.web.ServletTestExecutionListener.setUpRequestContextIfNecessary(ServletTestExecutionListener.java:105)
	at org.springframework.test.context.web.ServletTestExecutionListener.prepareTestInstance(ServletTestExecutionListener.java:74)
	at org.springframework.test.context.TestContextManager.prepareTestInstance(TestContextManager.java:312)
	at org.springframework.test.context.junit4.SpringJUnit4ClassRunner.createTest(SpringJUnit4ClassRunner.java:211)
	at org.springframework.test.context.junit4.SpringJUnit4ClassRunner$1.runReflectiveCall(SpringJUnit4ClassRunner.java:288)
	at org.junit.internal.runners.model.ReflectiveCallable.run(ReflectiveCallable.java:12)
	at org.springframework.test.context.junit4.SpringJUnit4ClassRunner.methodBlock(SpringJUnit4ClassRunner.java:284)
	at org.springframework.test.context.junit4.SpringJUnit4ClassRunner.runChild(SpringJUnit4ClassRunner.java:231)
	at org.springframework.test.context.junit4.SpringJUnit4ClassRunner.runChild(SpringJUnit4ClassRunner.java:88)
	at org.junit.runners.ParentRunner$3.run(ParentRunner.java:238)
	at org.junit.runners.ParentRunner$1.schedule(ParentRunner.java:63)
	at org.junit.runners.ParentRunner.runChildren(ParentRunner.java:236)
	at org.junit.runners.ParentRunner.access$000(ParentRunner.java:53)
	at org.junit.runners.ParentRunner$2.evaluate(ParentRunner.java:229)
	at org.springframework.test.context.junit4.statements.RunBeforeTestClassCallbacks.evaluate(RunBeforeTestClassCallbacks.java:61)
	at org.springframework.test.context.junit4.statements.RunAfterTestClassCallbacks.evaluate(RunAfterTestClassCallbacks.java:71)
	at org.junit.runners.ParentRunner.run(ParentRunner.java:309)
	at org.springframework.test.context.junit4.SpringJUnit4ClassRunner.run(SpringJUnit4ClassRunner.java:174)
	at org.apache.maven.surefire.junit4.JUnit4Provider.execute(JUnit4Provider.java:252)
	at org.apache.maven.surefire.junit4.JUnit4Provider.executeTestSet(JUnit4Provider.java:141)
	at org.apache.maven.surefire.junit4.JUnit4Provider.invoke(JUnit4Provider.java:112)
	at sun.reflect.NativeMethodAccessorImpl.invoke0(Native Method)
	at sun.reflect.NativeMethodAccessorImpl.invoke(NativeMethodAccessorImpl.java:62)
	at sun.reflect.DelegatingMethodAccessorImpl.invoke(DelegatingMethodAccessorImpl.java:43)
	at java.lang.reflect.Method.invoke(Method.java:483)
	at org.apache.maven.surefire.util.ReflectionUtils.invokeMethodWithArray(ReflectionUtils.java:189)
	at org.apache.maven.surefire.booter.ProviderFactory$ProviderProxy.invoke(ProviderFactory.java:165)
	at org.apache.maven.surefire.booter.ProviderFactory.invokeProvider(ProviderFactory.java:85)
	at org.apache.maven.surefire.booter.ForkedBooter.runSuitesInProcess(ForkedBooter.java:115)
	at org.apache.maven.surefire.booter.ForkedBooter.main(ForkedBooter.java:75)
Caused by: org.springframework.beans.factory.BeanCreationException: Error creating bean with name &apos;cardController&apos;: Injection of autowired dependencies failed; nested exception is org.springframework.beans.factory.BeanCreationException: Could not autowire field: com.expeditors.training.course3demo.service.CardService com.expeditors.training.course3demo.controller.CardController.cardService; nested exception is org.springframework.beans.factory.NoSuchBeanDefinitionException: No qualifying bean of type [com.expeditors.training.course3demo.service.CardService] found for dependency: expected at least 1 bean which qualifies as autowire candidate for this dependency. Dependency annotations: {@org.springframework.beans.factory.annotation.Autowired(required=true)}
	at org.springframework.beans.factory.annotation.AutowiredAnnotationBeanPostProcessor.postProcessPropertyValues(AutowiredAnnotationBeanPostProcessor.java:288)
	at org.springframework.beans.factory.support.AbstractAutowireCapableBeanFactory.populateBean(AbstractAutowireCapableBeanFactory.java:1116)
	at org.springframework.beans.factory.support.AbstractAutowireCapableBeanFactory.doCreateBean(AbstractAutowireCapableBeanFactory.java:519)
	at org.springframework.beans.factory.support.AbstractAutowireCapableBeanFactory.createBean(AbstractAutowireCapableBeanFactory.java:458)
	at org.springframework.beans.factory.support.AbstractBeanFactory$1.getObject(AbstractBeanFactory.java:295)
	at org.springframework.beans.factory.support.DefaultSingletonBeanRegistry.getSingleton(DefaultSingletonBeanRegistry.java:223)
	at org.springframework.beans.factory.support.AbstractBeanFactory.doGetBean(AbstractBeanFactory.java:292)
	at org.springframework.beans.factory.support.AbstractBeanFactory.getBean(AbstractBeanFactory.java:194)
	at org.springframework.beans.factory.support.DefaultListableBeanFactory.preInstantiateSingletons(DefaultListableBeanFactory.java:626)
	at org.springframework.context.support.AbstractApplicationContext.finishBeanFactoryInitialization(AbstractApplicationContext.java:932)
	at org.springframework.context.support.AbstractApplicationContext.refresh(AbstractApplicationContext.java:479)
	at org.springframework.test.context.web.AbstractGenericWebContextLoader.loadContext(AbstractGenericWebContextLoader.java:128)
	at org.springframework.test.context.web.AbstractGenericWebContextLoader.loadContext(AbstractGenericWebContextLoader.java:60)
	at org.springframework.test.context.support.AbstractDelegatingSmartContextLoader.delegateLoading(AbstractDelegatingSmartContextLoader.java:100)
	at org.springframework.test.context.support.AbstractDelegatingSmartContextLoader.loadContext(AbstractDelegatingSmartContextLoader.java:248)
	at org.springframework.test.context.CacheAwareContextLoaderDelegate.loadContextInternal(CacheAwareContextLoaderDelegate.java:64)
	at org.springframework.test.context.CacheAwareContextLoaderDelegate.loadContext(CacheAwareContextLoaderDelegate.java:91)
	... 31 more
Caused by: org.springframework.beans.factory.BeanCreationException: Could not autowire field: com.expeditors.training.course3demo.service.CardService com.expeditors.training.course3demo.controller.CardController.cardService; nested exception is org.springframework.beans.factory.NoSuchBeanDefinitionException: No qualifying bean of type [com.expeditors.training.course3demo.service.CardService] found for dependency: expected at least 1 bean which qualifies as autowire candidate for this dependency. Dependency annotations: {@org.springframework.beans.factory.annotation.Autowired(required=true)}
	at org.springframework.beans.factory.annotation.AutowiredAnnotationBeanPostProcessor$AutowiredFieldElement.inject(AutowiredAnnotationBeanPostProcessor.java:514)
	at org.springframework.beans.factory.annotation.InjectionMetadata.inject(InjectionMetadata.java:87)
	at org.springframework.beans.factory.annotation.AutowiredAnnotationBeanPostProcessor.postProcessPropertyValues(AutowiredAnnotationBeanPostProcessor.java:285)
	... 47 more
Caused by: org.springframework.beans.factory.NoSuchBeanDefinitionException: No qualifying bean of type [com.expeditors.training.course3demo.service.CardService] found for dependency: expected at least 1 bean which qualifies as autowire candidate for this dependency. Dependency annotations: {@org.springframework.beans.factory.annotation.Autowired(required=true)}
	at org.springframework.beans.factory.support.DefaultListableBeanFactory.raiseNoSuchBeanDefinitionException(DefaultListableBeanFactory.java:986)
	at org.springframework.beans.factory.support.DefaultListableBeanFactory.doResolveDependency(DefaultListableBeanFactory.java:856)
	at org.springframework.beans.factory.support.DefaultListableBeanFactory.resolveDependency(DefaultListableBeanFactory.java:768)
	at org.springframework.beans.factory.annotation.AutowiredAnnotationBeanPostProcessor$AutowiredFieldElement.inject(AutowiredAnnotationBeanPostProcessor.java:486)
	... 49 more
</error>
    <system-out>DEBUG logging - Logging Provider: org.jboss.logging.Slf4jLoggerProvider
DEBUG BasicTypeRegistry - Adding type registration boolean -&gt; org.hibernate.type.BooleanType@41a0aa7d
DEBUG BasicTypeRegistry - Adding type registration boolean -&gt; org.hibernate.type.BooleanType@41a0aa7d
DEBUG BasicTypeRegistry - Adding type registration java.lang.Boolean -&gt; org.hibernate.type.BooleanType@41a0aa7d
DEBUG BasicTypeRegistry - Adding type registration numeric_boolean -&gt; org.hibernate.type.NumericBooleanType@1ffaf86
DEBUG BasicTypeRegistry - Adding type registration true_false -&gt; org.hibernate.type.TrueFalseType@368247b9
DEBUG BasicTypeRegistry - Adding type registration yes_no -&gt; org.hibernate.type.YesNoType@55a147cc
DEBUG BasicTypeRegistry - Adding type registration byte -&gt; org.hibernate.type.ByteType@2892d68
DEBUG BasicTypeRegistry - Adding type registration byte -&gt; org.hibernate.type.ByteType@2892d68
DEBUG BasicTypeRegistry - Adding type registration java.lang.Byte -&gt; org.hibernate.type.ByteType@2892d68
DEBUG BasicTypeRegistry - Adding type registration character -&gt; org.hibernate.type.CharacterType@2e385cce
DEBUG BasicTypeRegistry - Adding type registration char -&gt; org.hibernate.type.CharacterType@2e385cce
DEBUG BasicTypeRegistry - Adding type registration java.lang.Character -&gt; org.hibernate.type.CharacterType@2e385cce
DEBUG BasicTypeRegistry - Adding type registration short -&gt; org.hibernate.type.ShortType@26d9b808
DEBUG BasicTypeRegistry - Adding type registration short -&gt; org.hibernate.type.ShortType@26d9b808
DEBUG BasicTypeRegistry - Adding type registration java.lang.Short -&gt; org.hibernate.type.ShortType@26d9b808
DEBUG BasicTypeRegistry - Adding type registration integer -&gt; org.hibernate.type.IntegerType@6d4d66d2
DEBUG BasicTypeRegistry - Adding type registration int -&gt; org.hibernate.type.IntegerType@6d4d66d2
DEBUG BasicTypeRegistry - Adding type registration java.lang.Integer -&gt; org.hibernate.type.IntegerType@6d4d66d2
DEBUG BasicTypeRegistry - Adding type registration long -&gt; org.hibernate.type.LongType@53fe15ff
DEBUG BasicTypeRegistry - Adding type registration long -&gt; org.hibernate.type.LongType@53fe15ff
DEBUG BasicTypeRegistry - Adding type registration java.lang.Long -&gt; org.hibernate.type.LongType@53fe15ff
DEBUG BasicTypeRegistry - Adding type registration float -&gt; org.hibernate.type.FloatType@2eae8e6e
DEBUG BasicTypeRegistry - Adding type registration float -&gt; org.hibernate.type.FloatType@2eae8e6e
DEBUG BasicTypeRegistry - Adding type registration java.lang.Float -&gt; org.hibernate.type.FloatType@2eae8e6e
DEBUG BasicTypeRegistry - Adding type registration double -&gt; org.hibernate.type.DoubleType@25ce9dc4
DEBUG BasicTypeRegistry - Adding type registration double -&gt; org.hibernate.type.DoubleType@25ce9dc4
DEBUG BasicTypeRegistry - Adding type registration java.lang.Double -&gt; org.hibernate.type.DoubleType@25ce9dc4
DEBUG BasicTypeRegistry - Adding type registration big_decimal -&gt; org.hibernate.type.BigDecimalType@3e8c3cb
DEBUG BasicTypeRegistry - Adding type registration java.math.BigDecimal -&gt; org.hibernate.type.BigDecimalType@3e8c3cb
DEBUG BasicTypeRegistry - Adding type registration big_integer -&gt; org.hibernate.type.BigIntegerType@3e27ba32
DEBUG BasicTypeRegistry - Adding type registration java.math.BigInteger -&gt; org.hibernate.type.BigIntegerType@3e27ba32
DEBUG BasicTypeRegistry - Adding type registration string -&gt; org.hibernate.type.StringType@1ca3b418
DEBUG BasicTypeRegistry - Adding type registration java.lang.String -&gt; org.hibernate.type.StringType@1ca3b418
DEBUG BasicTypeRegistry - Adding type registration nstring -&gt; org.hibernate.type.StringNVarcharType@7161d8d1
DEBUG BasicTypeRegistry - Adding type registration ncharacter -&gt; org.hibernate.type.CharacterNCharType@795509d9
DEBUG BasicTypeRegistry - Adding type registration url -&gt; org.hibernate.type.UrlType@4be29ed9
DEBUG BasicTypeRegistry - Adding type registration java.net.URL -&gt; org.hibernate.type.UrlType@4be29ed9
DEBUG BasicTypeRegistry - Adding type registration date -&gt; org.hibernate.type.DateType@75437611
DEBUG BasicTypeRegistry - Adding type registration java.sql.Date -&gt; org.hibernate.type.DateType@75437611
DEBUG BasicTypeRegistry - Adding type registration time -&gt; org.hibernate.type.TimeType@15043a2f
DEBUG BasicTypeRegistry - Adding type registration java.sql.Time -&gt; org.hibernate.type.TimeType@15043a2f
DEBUG BasicTypeRegistry - Adding type registration timestamp -&gt; org.hibernate.type.TimestampType@8519cb4
DEBUG BasicTypeRegistry - Adding type registration java.sql.Timestamp -&gt; org.hibernate.type.TimestampType@8519cb4
DEBUG BasicTypeRegistry - Adding type registration java.util.Date -&gt; org.hibernate.type.TimestampType@8519cb4
DEBUG BasicTypeRegistry - Adding type registration dbtimestamp -&gt; org.hibernate.type.DbTimestampType@3ba987b8
DEBUG BasicTypeRegistry - Adding type registration calendar -&gt; org.hibernate.type.CalendarType@72035809
DEBUG BasicTypeRegistry - Adding type registration java.util.Calendar -&gt; org.hibernate.type.CalendarType@72035809
DEBUG BasicTypeRegistry - Adding type registration java.util.GregorianCalendar -&gt; org.hibernate.type.CalendarType@72035809
DEBUG BasicTypeRegistry - Adding type registration calendar_date -&gt; org.hibernate.type.CalendarDateType@606e4010
DEBUG BasicTypeRegistry - Adding type registration locale -&gt; org.hibernate.type.LocaleType@5e2c3d18
DEBUG BasicTypeRegistry - Adding type registration java.util.Locale -&gt; org.hibernate.type.LocaleType@5e2c3d18
DEBUG BasicTypeRegistry - Adding type registration currency -&gt; org.hibernate.type.CurrencyType@6caf0677
DEBUG BasicTypeRegistry - Adding type registration java.util.Currency -&gt; org.hibernate.type.CurrencyType@6caf0677
DEBUG BasicTypeRegistry - Adding type registration timezone -&gt; org.hibernate.type.TimeZoneType@1a75e76a
DEBUG BasicTypeRegistry - Adding type registration java.util.TimeZone -&gt; org.hibernate.type.TimeZoneType@1a75e76a
DEBUG BasicTypeRegistry - Adding type registration class -&gt; org.hibernate.type.ClassType@4681c175
DEBUG BasicTypeRegistry - Adding type registration java.lang.Class -&gt; org.hibernate.type.ClassType@4681c175
DEBUG BasicTypeRegistry - Adding type registration uuid-binary -&gt; org.hibernate.type.UUIDBinaryType@1caa0244
DEBUG BasicTypeRegistry - Adding type registration java.util.UUID -&gt; org.hibernate.type.UUIDBinaryType@1caa0244
DEBUG BasicTypeRegistry - Adding type registration uuid-char -&gt; org.hibernate.type.UUIDCharType@1750fbeb
DEBUG BasicTypeRegistry - Adding type registration pg-uuid -&gt; org.hibernate.type.PostgresUUIDType@6c284af
DEBUG BasicTypeRegistry - Adding type registration binary -&gt; org.hibernate.type.BinaryType@7c137fd5
DEBUG BasicTypeRegistry - Adding type registration byte[] -&gt; org.hibernate.type.BinaryType@7c137fd5
DEBUG BasicTypeRegistry - Adding type registration [B -&gt; org.hibernate.type.BinaryType@7c137fd5
DEBUG BasicTypeRegistry - Adding type registration wrapper-binary -&gt; org.hibernate.type.WrapperBinaryType@2b40ff9c
DEBUG BasicTypeRegistry - Adding type registration Byte[] -&gt; org.hibernate.type.WrapperBinaryType@2b40ff9c
DEBUG BasicTypeRegistry - Adding type registration [Ljava.lang.Byte; -&gt; org.hibernate.type.WrapperBinaryType@2b40ff9c
DEBUG BasicTypeRegistry - Adding type registration image -&gt; org.hibernate.type.ImageType@5ddeb7cb
DEBUG BasicTypeRegistry - Adding type registration characters -&gt; org.hibernate.type.CharArrayType@6be968ce
DEBUG BasicTypeRegistry - Adding type registration char[] -&gt; org.hibernate.type.CharArrayType@6be968ce
DEBUG BasicTypeRegistry - Adding type registration [C -&gt; org.hibernate.type.CharArrayType@6be968ce
DEBUG BasicTypeRegistry - Adding type registration wrapper-characters -&gt; org.hibernate.type.CharacterArrayType@76494737
DEBUG BasicTypeRegistry - Adding type registration [Ljava.lang.Character; -&gt; org.hibernate.type.CharacterArrayType@76494737
DEBUG BasicTypeRegistry - Adding type registration Character[] -&gt; org.hibernate.type.CharacterArrayType@76494737
DEBUG BasicTypeRegistry - Adding type registration text -&gt; org.hibernate.type.TextType@609e8838
DEBUG BasicTypeRegistry - Adding type registration ntext -&gt; org.hibernate.type.NTextType@23e84203
DEBUG BasicTypeRegistry - Adding type registration blob -&gt; org.hibernate.type.BlobType@c430e6c
DEBUG BasicTypeRegistry - Adding type registration java.sql.Blob -&gt; org.hibernate.type.BlobType@c430e6c
DEBUG BasicTypeRegistry - Adding type registration materialized_blob -&gt; org.hibernate.type.MaterializedBlobType@72bc6553
DEBUG BasicTypeRegistry - Adding type registration clob -&gt; org.hibernate.type.ClobType@2ab4bc72
DEBUG BasicTypeRegistry - Adding type registration java.sql.Clob -&gt; org.hibernate.type.ClobType@2ab4bc72
DEBUG BasicTypeRegistry - Adding type registration nclob -&gt; org.hibernate.type.NClobType@55cb6996
DEBUG BasicTypeRegistry - Adding type registration java.sql.NClob -&gt; org.hibernate.type.NClobType@55cb6996
DEBUG BasicTypeRegistry - Adding type registration materialized_clob -&gt; org.hibernate.type.MaterializedClobType@f1da57d
DEBUG BasicTypeRegistry - Adding type registration materialized_nclob -&gt; org.hibernate.type.MaterializedNClobType@72c8e7b
DEBUG BasicTypeRegistry - Adding type registration serializable -&gt; org.hibernate.type.SerializableType@790da477
DEBUG BasicTypeRegistry - Adding type registration object -&gt; org.hibernate.type.ObjectType@3feb2dda
DEBUG BasicTypeRegistry - Adding type registration java.lang.Object -&gt; org.hibernate.type.ObjectType@3feb2dda
DEBUG BasicTypeRegistry - Adding type registration imm_date -&gt; org.hibernate.type.AdaptedImmutableType@333d4a8c
DEBUG BasicTypeRegistry - Adding type registration imm_time -&gt; org.hibernate.type.AdaptedImmutableType@55de24cc
DEBUG BasicTypeRegistry - Adding type registration imm_timestamp -&gt; org.hibernate.type.AdaptedImmutableType@dc7df28
DEBUG BasicTypeRegistry - Adding type registration imm_dbtimestamp -&gt; org.hibernate.type.AdaptedImmutableType@30f842ca
DEBUG BasicTypeRegistry - Adding type registration imm_calendar -&gt; org.hibernate.type.AdaptedImmutableType@69c81773
DEBUG BasicTypeRegistry - Adding type registration imm_calendar_date -&gt; org.hibernate.type.AdaptedImmutableType@4d14b6c2
DEBUG BasicTypeRegistry - Adding type registration imm_binary -&gt; org.hibernate.type.AdaptedImmutableType@7e990ed7
DEBUG BasicTypeRegistry - Adding type registration imm_serializable -&gt; org.hibernate.type.AdaptedImmutableType@c05fddc
INFO  Version - HCANN000001: Hibernate Commons Annotations {4.0.1.Final}
INFO  Version - HHH000412: Hibernate Core {4.2.1.Final}
INFO  Environment - HHH000206: hibernate.properties not found
INFO  Environment - HHH000021: Bytecode provider name : javassist
DEBUG DefaultIdentifierGeneratorFactory - Registering IdentifierGenerator strategy [uuid2] -&gt; [org.hibernate.id.UUIDGenerator]
DEBUG DefaultIdentifierGeneratorFactory - Registering IdentifierGenerator strategy [guid] -&gt; [org.hibernate.id.GUIDGenerator]
DEBUG DefaultIdentifierGeneratorFactory - Registering IdentifierGenerator strategy [uuid] -&gt; [org.hibernate.id.UUIDHexGenerator]
DEBUG DefaultIdentifierGeneratorFactory - Registering IdentifierGenerator strategy [uuid.hex] -&gt; [org.hibernate.id.UUIDHexGenerator]
DEBUG DefaultIdentifierGeneratorFactory - Registering IdentifierGenerator strategy [hilo] -&gt; [org.hibernate.id.TableHiLoGenerator]
DEBUG DefaultIdentifierGeneratorFactory - Registering IdentifierGenerator strategy [assigned] -&gt; [org.hibernate.id.Assigned]
DEBUG DefaultIdentifierGeneratorFactory - Registering IdentifierGenerator strategy [identity] -&gt; [org.hibernate.id.IdentityGenerator]
DEBUG DefaultIdentifierGeneratorFactory - Registering IdentifierGenerator strategy [select] -&gt; [org.hibernate.id.SelectGenerator]
DEBUG DefaultIdentifierGeneratorFactory - Registering IdentifierGenerator strategy [sequence] -&gt; [org.hibernate.id.SequenceGenerator]
DEBUG DefaultIdentifierGeneratorFactory - Registering IdentifierGenerator strategy [seqhilo] -&gt; [org.hibernate.id.SequenceHiLoGenerator]
DEBUG DefaultIdentifierGeneratorFactory - Registering IdentifierGenerator strategy [increment] -&gt; [org.hibernate.id.IncrementGenerator]
DEBUG DefaultIdentifierGeneratorFactory - Registering IdentifierGenerator strategy [foreign] -&gt; [org.hibernate.id.ForeignGenerator]
DEBUG DefaultIdentifierGeneratorFactory - Registering IdentifierGenerator strategy [sequence-identity] -&gt; [org.hibernate.id.SequenceIdentityGenerator]
DEBUG DefaultIdentifierGeneratorFactory - Registering IdentifierGenerator strategy [enhanced-sequence] -&gt; [org.hibernate.id.enhanced.SequenceStyleGenerator]
DEBUG DefaultIdentifierGeneratorFactory - Registering IdentifierGenerator strategy [enhanced-table] -&gt; [org.hibernate.id.enhanced.TableGenerator]
DEBUG BasicTypeRegistry - Adding type registration boolean -&gt; org.hibernate.type.BooleanType@41a0aa7d
DEBUG BasicTypeRegistry - Adding type registration boolean -&gt; org.hibernate.type.BooleanType@41a0aa7d
DEBUG BasicTypeRegistry - Adding type registration java.lang.Boolean -&gt; org.hibernate.type.BooleanType@41a0aa7d
DEBUG BasicTypeRegistry - Adding type registration numeric_boolean -&gt; org.hibernate.type.NumericBooleanType@1ffaf86
DEBUG BasicTypeRegistry - Adding type registration true_false -&gt; org.hibernate.type.TrueFalseType@368247b9
DEBUG BasicTypeRegistry - Adding type registration yes_no -&gt; org.hibernate.type.YesNoType@55a147cc
DEBUG BasicTypeRegistry - Adding type registration byte -&gt; org.hibernate.type.ByteType@2892d68
DEBUG BasicTypeRegistry - Adding type registration byte -&gt; org.hibernate.type.ByteType@2892d68
DEBUG BasicTypeRegistry - Adding type registration java.lang.Byte -&gt; org.hibernate.type.ByteType@2892d68
DEBUG BasicTypeRegistry - Adding type registration character -&gt; org.hibernate.type.CharacterType@2e385cce
DEBUG BasicTypeRegistry - Adding type registration char -&gt; org.hibernate.type.CharacterType@2e385cce
DEBUG BasicTypeRegistry - Adding type registration java.lang.Character -&gt; org.hibernate.type.CharacterType@2e385cce
DEBUG BasicTypeRegistry - Adding type registration short -&gt; org.hibernate.type.ShortType@26d9b808
DEBUG BasicTypeRegistry - Adding type registration short -&gt; org.hibernate.type.ShortType@26d9b808
DEBUG BasicTypeRegistry - Adding type registration java.lang.Short -&gt; org.hibernate.type.ShortType@26d9b808
DEBUG BasicTypeRegistry - Adding type registration integer -&gt; org.hibernate.type.IntegerType@6d4d66d2
DEBUG BasicTypeRegistry - Adding type registration int -&gt; org.hibernate.type.IntegerType@6d4d66d2
DEBUG BasicTypeRegistry - Adding type registration java.lang.Integer -&gt; org.hibernate.type.IntegerType@6d4d66d2
DEBUG BasicTypeRegistry - Adding type registration long -&gt; org.hibernate.type.LongType@53fe15ff
DEBUG BasicTypeRegistry - Adding type registration long -&gt; org.hibernate.type.LongType@53fe15ff
DEBUG BasicTypeRegistry - Adding type registration java.lang.Long -&gt; org.hibernate.type.LongType@53fe15ff
DEBUG BasicTypeRegistry - Adding type registration float -&gt; org.hibernate.type.FloatType@2eae8e6e
DEBUG BasicTypeRegistry - Adding type registration float -&gt; org.hibernate.type.FloatType@2eae8e6e
DEBUG BasicTypeRegistry - Adding type registration java.lang.Float -&gt; org.hibernate.type.FloatType@2eae8e6e
DEBUG BasicTypeRegistry - Adding type registration double -&gt; org.hibernate.type.DoubleType@25ce9dc4
DEBUG BasicTypeRegistry - Adding type registration double -&gt; org.hibernate.type.DoubleType@25ce9dc4
DEBUG BasicTypeRegistry - Adding type registration java.lang.Double -&gt; org.hibernate.type.DoubleType@25ce9dc4
DEBUG BasicTypeRegistry - Adding type registration big_decimal -&gt; org.hibernate.type.BigDecimalType@3e8c3cb
DEBUG BasicTypeRegistry - Adding type registration java.math.BigDecimal -&gt; org.hibernate.type.BigDecimalType@3e8c3cb
DEBUG BasicTypeRegistry - Adding type registration big_integer -&gt; org.hibernate.type.BigIntegerType@3e27ba32
DEBUG BasicTypeRegistry - Adding type registration java.math.BigInteger -&gt; org.hibernate.type.BigIntegerType@3e27ba32
DEBUG BasicTypeRegistry - Adding type registration string -&gt; org.hibernate.type.StringType@1ca3b418
DEBUG BasicTypeRegistry - Adding type registration java.lang.String -&gt; org.hibernate.type.StringType@1ca3b418
DEBUG BasicTypeRegistry - Adding type registration nstring -&gt; org.hibernate.type.StringNVarcharType@7161d8d1
DEBUG BasicTypeRegistry - Adding type registration ncharacter -&gt; org.hibernate.type.CharacterNCharType@795509d9
DEBUG BasicTypeRegistry - Adding type registration url -&gt; org.hibernate.type.UrlType@4be29ed9
DEBUG BasicTypeRegistry - Adding type registration java.net.URL -&gt; org.hibernate.type.UrlType@4be29ed9
DEBUG BasicTypeRegistry - Adding type registration date -&gt; org.hibernate.type.DateType@75437611
DEBUG BasicTypeRegistry - Adding type registration java.sql.Date -&gt; org.hibernate.type.DateType@75437611
DEBUG BasicTypeRegistry - Adding type registration time -&gt; org.hibernate.type.TimeType@15043a2f
DEBUG BasicTypeRegistry - Adding type registration java.sql.Time -&gt; org.hibernate.type.TimeType@15043a2f
DEBUG BasicTypeRegistry - Adding type registration timestamp -&gt; org.hibernate.type.TimestampType@8519cb4
DEBUG BasicTypeRegistry - Adding type registration java.sql.Timestamp -&gt; org.hibernate.type.TimestampType@8519cb4
DEBUG BasicTypeRegistry - Adding type registration java.util.Date -&gt; org.hibernate.type.TimestampType@8519cb4
DEBUG BasicTypeRegistry - Adding type registration dbtimestamp -&gt; org.hibernate.type.DbTimestampType@3ba987b8
DEBUG BasicTypeRegistry - Adding type registration calendar -&gt; org.hibernate.type.CalendarType@72035809
DEBUG BasicTypeRegistry - Adding type registration java.util.Calendar -&gt; org.hibernate.type.CalendarType@72035809
DEBUG BasicTypeRegistry - Adding type registration java.util.GregorianCalendar -&gt; org.hibernate.type.CalendarType@72035809
DEBUG BasicTypeRegistry - Adding type registration calendar_date -&gt; org.hibernate.type.CalendarDateType@606e4010
DEBUG BasicTypeRegistry - Adding type registration locale -&gt; org.hibernate.type.LocaleType@5e2c3d18
DEBUG BasicTypeRegistry - Adding type registration java.util.Locale -&gt; org.hibernate.type.LocaleType@5e2c3d18
DEBUG BasicTypeRegistry - Adding type registration currency -&gt; org.hibernate.type.CurrencyType@6caf0677
DEBUG BasicTypeRegistry - Adding type registration java.util.Currency -&gt; org.hibernate.type.CurrencyType@6caf0677
DEBUG BasicTypeRegistry - Adding type registration timezone -&gt; org.hibernate.type.TimeZoneType@1a75e76a
DEBUG BasicTypeRegistry - Adding type registration java.util.TimeZone -&gt; org.hibernate.type.TimeZoneType@1a75e76a
DEBUG BasicTypeRegistry - Adding type registration class -&gt; org.hibernate.type.ClassType@4681c175
DEBUG BasicTypeRegistry - Adding type registration java.lang.Class -&gt; org.hibernate.type.ClassType@4681c175
DEBUG BasicTypeRegistry - Adding type registration uuid-binary -&gt; org.hibernate.type.UUIDBinaryType@1caa0244
DEBUG BasicTypeRegistry - Adding type registration java.util.UUID -&gt; org.hibernate.type.UUIDBinaryType@1caa0244
DEBUG BasicTypeRegistry - Adding type registration uuid-char -&gt; org.hibernate.type.UUIDCharType@1750fbeb
DEBUG BasicTypeRegistry - Adding type registration pg-uuid -&gt; org.hibernate.type.PostgresUUIDType@6c284af
DEBUG BasicTypeRegistry - Adding type registration binary -&gt; org.hibernate.type.BinaryType@7c137fd5
DEBUG BasicTypeRegistry - Adding type registration byte[] -&gt; org.hibernate.type.BinaryType@7c137fd5
DEBUG BasicTypeRegistry - Adding type registration [B -&gt; org.hibernate.type.BinaryType@7c137fd5
DEBUG BasicTypeRegistry - Adding type registration wrapper-binary -&gt; org.hibernate.type.WrapperBinaryType@2b40ff9c
DEBUG BasicTypeRegistry - Adding type registration Byte[] -&gt; org.hibernate.type.WrapperBinaryType@2b40ff9c
DEBUG BasicTypeRegistry - Adding type registration [Ljava.lang.Byte; -&gt; org.hibernate.type.WrapperBinaryType@2b40ff9c
DEBUG BasicTypeRegistry - Adding type registration image -&gt; org.hibernate.type.ImageType@5ddeb7cb
DEBUG BasicTypeRegistry - Adding type registration characters -&gt; org.hibernate.type.CharArrayType@6be968ce
DEBUG BasicTypeRegistry - Adding type registration char[] -&gt; org.hibernate.type.CharArrayType@6be968ce
DEBUG BasicTypeRegistry - Adding type registration [C -&gt; org.hibernate.type.CharArrayType@6be968ce
DEBUG BasicTypeRegistry - Adding type registration wrapper-characters -&gt; org.hibernate.type.CharacterArrayType@76494737
DEBUG BasicTypeRegistry - Adding type registration [Ljava.lang.Character; -&gt; org.hibernate.type.CharacterArrayType@76494737
DEBUG BasicTypeRegistry - Adding type registration Character[] -&gt; org.hibernate.type.CharacterArrayType@76494737
DEBUG BasicTypeRegistry - Adding type registration text -&gt; org.hibernate.type.TextType@609e8838
DEBUG BasicTypeRegistry - Adding type registration ntext -&gt; org.hibernate.type.NTextType@23e84203
DEBUG BasicTypeRegistry - Adding type registration blob -&gt; org.hibernate.type.BlobType@c430e6c
DEBUG BasicTypeRegistry - Adding type registration java.sql.Blob -&gt; org.hibernate.type.BlobType@c430e6c
DEBUG BasicTypeRegistry - Adding type registration materialized_blob -&gt; org.hibernate.type.MaterializedBlobType@72bc6553
DEBUG BasicTypeRegistry - Adding type registration clob -&gt; org.hibernate.type.ClobType@2ab4bc72
DEBUG BasicTypeRegistry - Adding type registration java.sql.Clob -&gt; org.hibernate.type.ClobType@2ab4bc72
DEBUG BasicTypeRegistry - Adding type registration nclob -&gt; org.hibernate.type.NClobType@55cb6996
DEBUG BasicTypeRegistry - Adding type registration java.sql.NClob -&gt; org.hibernate.type.NClobType@55cb6996
DEBUG BasicTypeRegistry - Adding type registration materialized_clob -&gt; org.hibernate.type.MaterializedClobType@f1da57d
DEBUG BasicTypeRegistry - Adding type registration materialized_nclob -&gt; org.hibernate.type.MaterializedNClobType@72c8e7b
DEBUG BasicTypeRegistry - Adding type registration serializable -&gt; org.hibernate.type.SerializableType@790da477
DEBUG BasicTypeRegistry - Adding type registration object -&gt; org.hibernate.type.ObjectType@3feb2dda
DEBUG BasicTypeRegistry - Adding type registration java.lang.Object -&gt; org.hibernate.type.ObjectType@3feb2dda
DEBUG BasicTypeRegistry - Adding type registration imm_date -&gt; org.hibernate.type.AdaptedImmutableType@53f3bdbd
DEBUG BasicTypeRegistry - Adding type registration imm_time -&gt; org.hibernate.type.AdaptedImmutableType@34129c78
DEBUG BasicTypeRegistry - Adding type registration imm_timestamp -&gt; org.hibernate.type.AdaptedImmutableType@7d61eb55
DEBUG BasicTypeRegistry - Adding type registration imm_dbtimestamp -&gt; org.hibernate.type.AdaptedImmutableType@222a59e6
DEBUG BasicTypeRegistry - Adding type registration imm_calendar -&gt; org.hibernate.type.AdaptedImmutableType@6c7a164b
DEBUG BasicTypeRegistry - Adding type registration imm_calendar_date -&gt; org.hibernate.type.AdaptedImmutableType@4c2bb6e0
DEBUG BasicTypeRegistry - Adding type registration imm_binary -&gt; org.hibernate.type.AdaptedImmutableType@3e62d773
DEBUG BasicTypeRegistry - Adding type registration imm_serializable -&gt; org.hibernate.type.AdaptedImmutableType@4ef74c30
DEBUG DefaultIdentifierGeneratorFactory - Registering IdentifierGenerator strategy [uuid2] -&gt; [org.hibernate.id.UUIDGenerator]
DEBUG DefaultIdentifierGeneratorFactory - Registering IdentifierGenerator strategy [guid] -&gt; [org.hibernate.id.GUIDGenerator]
DEBUG DefaultIdentifierGeneratorFactory - Registering IdentifierGenerator strategy [uuid] -&gt; [org.hibernate.id.UUIDHexGenerator]
DEBUG DefaultIdentifierGeneratorFactory - Registering IdentifierGenerator strategy [uuid.hex] -&gt; [org.hibernate.id.UUIDHexGenerator]
DEBUG DefaultIdentifierGeneratorFactory - Registering IdentifierGenerator strategy [hilo] -&gt; [org.hibernate.id.TableHiLoGenerator]
DEBUG DefaultIdentifierGeneratorFactory - Registering IdentifierGenerator strategy [assigned] -&gt; [org.hibernate.id.Assigned]
DEBUG DefaultIdentifierGeneratorFactory - Registering IdentifierGenerator strategy [identity] -&gt; [org.hibernate.id.IdentityGenerator]
DEBUG DefaultIdentifierGeneratorFactory - Registering IdentifierGenerator strategy [select] -&gt; [org.hibernate.id.SelectGenerator]
DEBUG DefaultIdentifierGeneratorFactory - Registering IdentifierGenerator strategy [sequence] -&gt; [org.hibernate.id.SequenceGenerator]
DEBUG DefaultIdentifierGeneratorFactory - Registering IdentifierGenerator strategy [seqhilo] -&gt; [org.hibernate.id.SequenceHiLoGenerator]
DEBUG DefaultIdentifierGeneratorFactory - Registering IdentifierGenerator strategy [increment] -&gt; [org.hibernate.id.IncrementGenerator]
DEBUG DefaultIdentifierGeneratorFactory - Registering IdentifierGenerator strategy [foreign] -&gt; [org.hibernate.id.ForeignGenerator]
DEBUG DefaultIdentifierGeneratorFactory - Registering IdentifierGenerator strategy [sequence-identity] -&gt; [org.hibernate.id.SequenceIdentityGenerator]
DEBUG DefaultIdentifierGeneratorFactory - Registering IdentifierGenerator strategy [enhanced-sequence] -&gt; [org.hibernate.id.enhanced.SequenceStyleGenerator]
DEBUG DefaultIdentifierGeneratorFactory - Registering IdentifierGenerator strategy [enhanced-table] -&gt; [org.hibernate.id.enhanced.TableGenerator]
DEBUG Ejb3Configuration - Processing PersistenceUnitInfo [
	name: default
	persistence provider classname: null
	classloader: sun.misc.Launcher$AppClassLoader@6bc7c054
	Temporary classloader: org.springframework.instrument.classloading.SimpleThrowawayClassLoader@3f1d2e23
	excludeUnlistedClasses: true
	JTA datasource: null
	Non JTA datasource: org.springframework.jdbc.datasource.DriverManagerDataSource@536dbea0
	Transaction type: RESOURCE_LOCAL
	PU root URL: file:/C:/Users/chq-jamesgl/STS_work2/finalprojectgleixner/target/test-classes/
	Shared Cache Mode: UNSPECIFIED
	Validation Mode: AUTO
	Jar files URLs []
	Managed classes names [
		com.expeditors.training.course3demo.model.Address
		com.expeditors.training.course3demo.model.Card
		com.expeditors.training.course3demo.model.Container
		com.expeditors.training.course3demo.model.PhoneNumber
		com.expeditors.training.course3demo.model.Product
		com.expeditors.training.course3demo.model.Shipment
		com.expeditors.training.course3demo.model.UserAccount
		com.expeditors.training.course3demo.model.UserRole]
	Mapping files names []
	Properties []
DEBUG Ejb3Configuration - Detect class: true; detect hbm: true
DEBUG AbstractJarVisitor - Searching mapped entities in jar/par: file:/C:/Users/chq-jamesgl/STS_work2/finalprojectgleixner/target/test-classes/
DEBUG AbstractJarVisitor - Filtering: com.expeditors.training.course3demo.config.PersistenceJPATestConfig
DEBUG AbstractJarVisitor - Filtering: com.expeditors.training.course3demo.config.ServiceTestConfig
DEBUG AbstractJarVisitor - Filtering: com.expeditors.training.course3demo.config.TestConfig
DEBUG AbstractJarVisitor - Filtering: com.expeditors.training.course3demo.controller.ContainerControllerTest
DEBUG AbstractJarVisitor - Filtering: com.expeditors.training.course3demo.controller.ProductControllerTest
DEBUG AbstractJarVisitor - Filtering: com.expeditors.training.course3demo.controller.ShipmentControllerTest
DEBUG AbstractJarVisitor - Filtering: com.expeditors.training.course3demo.service.ContainerServiceTest
DEBUG AbstractJarVisitor - Filtering: com.expeditors.training.course3demo.service.ProductServiceTest
DEBUG AbstractJarVisitor - Filtering: com.expeditors.training.course3demo.service.ShipmentServiceTest
DEBUG IntegratorServiceImpl - Adding Integrator [org.hibernate.cfg.beanvalidation.BeanValidationIntegrator].
DEBUG IntegratorServiceImpl - Adding Integrator [org.hibernate.ejb.event.JpaIntegrator].
DEBUG NamingHelper - No JNDI name configured for binding Ejb3Configuration
DEBUG Configuration - Preparing to build session factory with filters : {}
DEBUG Configuration - Processing hbm.xml files
DEBUG Configuration - Process annotated classes
DEBUG AnnotationBinder - Binding entity from annotated class: com.expeditors.training.course3demo.model.Address
DEBUG Ejb3Column - Binding column: Ejb3DiscriminatorColumn{logicalColumnName&apos;DTYPE&apos;, discriminatorTypeName=&apos;string&apos;}
DEBUG EntityBinder - Import with entity name Address
DEBUG EntityBinder - Bind entity com.expeditors.training.course3demo.model.Address on table ADDRESS
DEBUG Ejb3Column - Binding column: Ejb3Column{table=org.hibernate.mapping.Table(ADDRESS), mappingColumn=ADDRESS_ID, insertable=true, updatable=true, unique=false}
DEBUG PropertyBinder - MetadataSourceProcessor property id with lazy=false
DEBUG SimpleValueBinder - building SimpleValue for id
DEBUG PropertyBinder - Building property id
DEBUG Ejb3Column - Binding column: Ejb3Column{table=org.hibernate.mapping.Table(ADDRESS), mappingColumn=city, insertable=true, updatable=true, unique=false}
DEBUG PropertyBinder - MetadataSourceProcessor property city with lazy=false
DEBUG SimpleValueBinder - building SimpleValue for city
DEBUG PropertyBinder - Building property city
DEBUG Ejb3Column - Binding column: Ejb3Column{table=org.hibernate.mapping.Table(ADDRESS), mappingColumn=state, insertable=true, updatable=true, unique=false}
DEBUG PropertyBinder - MetadataSourceProcessor property state with lazy=false
DEBUG SimpleValueBinder - building SimpleValue for state
DEBUG PropertyBinder - Building property state
DEBUG Ejb3Column - Binding column: Ejb3Column{table=org.hibernate.mapping.Table(ADDRESS), mappingColumn=street, insertable=true, updatable=true, unique=false}
DEBUG PropertyBinder - MetadataSourceProcessor property street with lazy=false
DEBUG SimpleValueBinder - building SimpleValue for street
DEBUG PropertyBinder - Building property street
DEBUG AnnotationBinder - Binding entity from annotated class: com.expeditors.training.course3demo.model.Card
DEBUG Ejb3Column - Binding column: Ejb3DiscriminatorColumn{logicalColumnName&apos;DTYPE&apos;, discriminatorTypeName=&apos;string&apos;}
DEBUG EntityBinder - Import with entity name Card
DEBUG EntityBinder - Bind entity com.expeditors.training.course3demo.model.Card on table CARD
DEBUG Ejb3Column - Binding column: Ejb3Column{table=org.hibernate.mapping.Table(CARD), mappingColumn=CARD_ID, insertable=true, updatable=true, unique=false}
DEBUG PropertyBinder - MetadataSourceProcessor property id with lazy=false
DEBUG SimpleValueBinder - building SimpleValue for id
DEBUG PropertyBinder - Building property id
DEBUG Ejb3Column - Binding column: Ejb3JoinColumn{logicalColumnName=&apos;address&apos;, referencedColumn=&apos;&apos;, mappedBy=&apos;&apos;}
DEBUG Ejb3Column - Binding column: Ejb3Column{table=org.hibernate.mapping.Table(CARD), mappingColumn=address, insertable=true, updatable=true, unique=false}
DEBUG PropertyBinder - Building property address
DEBUG Ejb3Column - Binding column: Ejb3Column{table=org.hibernate.mapping.Table(CARD), mappingColumn=amount, insertable=true, updatable=true, unique=false}
DEBUG PropertyBinder - MetadataSourceProcessor property amount with lazy=false
DEBUG SimpleValueBinder - building SimpleValue for amount
DEBUG PropertyBinder - Building property amount
DEBUG Ejb3Column - Binding column: Ejb3Column{table=org.hibernate.mapping.Table(CARD), mappingColumn=CARD_NUMBER, insertable=true, updatable=true, unique=false}
DEBUG PropertyBinder - MetadataSourceProcessor property number with lazy=false
DEBUG SimpleValueBinder - building SimpleValue for number
DEBUG PropertyBinder - Building property number
DEBUG Ejb3Column - Binding column: Ejb3Column{table=org.hibernate.mapping.Table(CARD), mappingColumn=OWNER_NAME, insertable=true, updatable=true, unique=false}
DEBUG PropertyBinder - MetadataSourceProcessor property owner with lazy=false
DEBUG SimpleValueBinder - building SimpleValue for owner
DEBUG PropertyBinder - Building property owner
DEBUG Ejb3Column - Binding column: Ejb3JoinColumn{logicalColumnName=&apos;null&apos;, referencedColumn=&apos;null&apos;, mappedBy=&apos;card&apos;}
DEBUG Ejb3Column - Binding column: Ejb3Column{table=org.hibernate.mapping.Table(CARD), mappingColumn=phoneNumbers, insertable=true, updatable=true, unique=false}
DEBUG Ejb3Column - Binding column: Ejb3Column{table=org.hibernate.mapping.Table(CARD), mappingColumn=index, insertable=true, updatable=true, unique=false}
DEBUG Ejb3Column - Binding column: Ejb3Column{table=org.hibernate.mapping.Table(CARD), mappingColumn=element, insertable=true, updatable=true, unique=false}
DEBUG Ejb3Column - Binding column: Ejb3Column{table=org.hibernate.mapping.Table(CARD), mappingColumn=phoneNumbers_KEY, insertable=true, updatable=true, unique=false}
DEBUG Ejb3Column - Binding column: Ejb3JoinColumn{logicalColumnName=&apos;phoneNumbers_KEY&apos;, referencedColumn=&apos;null&apos;, mappedBy=&apos;null&apos;}
DEBUG Ejb3Column - Binding column: Ejb3JoinColumn{logicalColumnName=&apos;null&apos;, referencedColumn=&apos;null&apos;, mappedBy=&apos;card&apos;}
DEBUG Ejb3Column - Binding column: Ejb3JoinColumn{logicalColumnName=&apos;null&apos;, referencedColumn=&apos;null&apos;, mappedBy=&apos;card&apos;}
DEBUG CollectionBinder - Collection role: com.expeditors.training.course3demo.model.Card.phoneNumbers
DEBUG PropertyBinder - Building property phoneNumbers
DEBUG AnnotationBinder - Binding entity from annotated class: com.expeditors.training.course3demo.model.Container
DEBUG Ejb3Column - Binding column: Ejb3DiscriminatorColumn{logicalColumnName&apos;DTYPE&apos;, discriminatorTypeName=&apos;string&apos;}
DEBUG EntityBinder - Import with entity name Container
DEBUG EntityBinder - Bind entity com.expeditors.training.course3demo.model.Container on table Container
DEBUG Ejb3Column - Binding column: Ejb3Column{table=org.hibernate.mapping.Table(Container), mappingColumn=CONTAINER_ID, insertable=true, updatable=true, unique=false}
DEBUG PropertyBinder - MetadataSourceProcessor property id with lazy=false
DEBUG SimpleValueBinder - building SimpleValue for id
DEBUG PropertyBinder - Building property id
DEBUG Ejb3Column - Binding column: Ejb3Column{table=org.hibernate.mapping.Table(Container), mappingColumn=capacity, insertable=true, updatable=true, unique=false}
DEBUG PropertyBinder - MetadataSourceProcessor property capacity with lazy=false
DEBUG SimpleValueBinder - building SimpleValue for capacity
DEBUG PropertyBinder - Building property capacity
DEBUG Ejb3Column - Binding column: Ejb3Column{table=org.hibernate.mapping.Table(Container), mappingColumn=destination, insertable=true, updatable=true, unique=false}
DEBUG PropertyBinder - MetadataSourceProcessor property destination with lazy=false
DEBUG SimpleValueBinder - building SimpleValue for destination
DEBUG PropertyBinder - Building property destination
DEBUG Ejb3Column - Binding column: Ejb3Column{table=org.hibernate.mapping.Table(Container), mappingColumn=location, insertable=true, updatable=true, unique=false}
DEBUG PropertyBinder - MetadataSourceProcessor property location with lazy=false
DEBUG SimpleValueBinder - building SimpleValue for location
DEBUG PropertyBinder - Building property location
DEBUG Ejb3Column - Binding column: Ejb3Column{table=org.hibernate.mapping.Table(Container), mappingColumn=name, insertable=true, updatable=true, unique=false}
DEBUG PropertyBinder - MetadataSourceProcessor property name with lazy=false
DEBUG SimpleValueBinder - building SimpleValue for name
DEBUG PropertyBinder - Building property name
DEBUG Ejb3Column - Binding column: Ejb3Column{table=org.hibernate.mapping.Table(Container), mappingColumn=status, insertable=true, updatable=true, unique=false}
DEBUG PropertyBinder - MetadataSourceProcessor property status with lazy=false
DEBUG SimpleValueBinder - building SimpleValue for status
DEBUG PropertyBinder - Building property status
DEBUG AnnotationBinder - Binding entity from annotated class: com.expeditors.training.course3demo.model.PhoneNumber
DEBUG Ejb3Column - Binding column: Ejb3DiscriminatorColumn{logicalColumnName&apos;DTYPE&apos;, discriminatorTypeName=&apos;string&apos;}
DEBUG EntityBinder - Import with entity name PhoneNumber
DEBUG EntityBinder - Bind entity com.expeditors.training.course3demo.model.PhoneNumber on table PHONE_NUMBER
DEBUG Ejb3Column - Binding column: Ejb3Column{table=org.hibernate.mapping.Table(PHONE_NUMBER), mappingColumn=PHONE_NUMBER_ID, insertable=true, updatable=true, unique=false}
DEBUG PropertyBinder - MetadataSourceProcessor property id with lazy=false
DEBUG SimpleValueBinder - building SimpleValue for id
DEBUG PropertyBinder - Building property id
DEBUG Ejb3Column - Binding column: Ejb3JoinColumn{logicalColumnName=&apos;CARD_ID&apos;, referencedColumn=&apos;&apos;, mappedBy=&apos;&apos;}
DEBUG Ejb3Column - Binding column: Ejb3Column{table=org.hibernate.mapping.Table(PHONE_NUMBER), mappingColumn=card, insertable=true, updatable=true, unique=false}
DEBUG PropertyBinder - Building property card
DEBUG Ejb3Column - Binding column: Ejb3Column{table=org.hibernate.mapping.Table(PHONE_NUMBER), mappingColumn=PHONE_NUMBER, insertable=true, updatable=true, unique=false}
DEBUG PropertyBinder - MetadataSourceProcessor property number with lazy=false
DEBUG SimpleValueBinder - building SimpleValue for number
DEBUG PropertyBinder - Building property number
DEBUG AnnotationBinder - Binding entity from annotated class: com.expeditors.training.course3demo.model.Product
DEBUG Ejb3Column - Binding column: Ejb3DiscriminatorColumn{logicalColumnName&apos;DTYPE&apos;, discriminatorTypeName=&apos;string&apos;}
DEBUG EntityBinder - Import with entity name Product
DEBUG EntityBinder - Bind entity com.expeditors.training.course3demo.model.Product on table PRODUCT
DEBUG Ejb3Column - Binding column: Ejb3Column{table=org.hibernate.mapping.Table(PRODUCT), mappingColumn=PRODUCT_ID, insertable=true, updatable=true, unique=false}
DEBUG PropertyBinder - MetadataSourceProcessor property id with lazy=false
DEBUG SimpleValueBinder - building SimpleValue for id
DEBUG PropertyBinder - Building property id
DEBUG Ejb3Column - Binding column: Ejb3Column{table=org.hibernate.mapping.Table(PRODUCT), mappingColumn=description, insertable=true, updatable=true, unique=false}
DEBUG PropertyBinder - MetadataSourceProcessor property description with lazy=false
DEBUG SimpleValueBinder - building SimpleValue for description
DEBUG PropertyBinder - Building property description
DEBUG Ejb3Column - Binding column: Ejb3Column{table=org.hibernate.mapping.Table(PRODUCT), mappingColumn=name, insertable=true, updatable=true, unique=false}
DEBUG PropertyBinder - MetadataSourceProcessor property name with lazy=false
DEBUG SimpleValueBinder - building SimpleValue for name
DEBUG PropertyBinder - Building property name
DEBUG Ejb3Column - Binding column: Ejb3Column{table=org.hibernate.mapping.Table(PRODUCT), mappingColumn=price, insertable=true, updatable=true, unique=false}
DEBUG PropertyBinder - MetadataSourceProcessor property price with lazy=false
DEBUG SimpleValueBinder - building SimpleValue for price
DEBUG PropertyBinder - Building property price
DEBUG AnnotationBinder - Binding entity from annotated class: com.expeditors.training.course3demo.model.Shipment
DEBUG Ejb3Column - Binding column: Ejb3DiscriminatorColumn{logicalColumnName&apos;DTYPE&apos;, discriminatorTypeName=&apos;string&apos;}
DEBUG EntityBinder - Import with entity name Shipment
DEBUG EntityBinder - Bind entity com.expeditors.training.course3demo.model.Shipment on table Shipment
DEBUG Ejb3Column - Binding column: Ejb3Column{table=org.hibernate.mapping.Table(Shipment), mappingColumn=SHIPMENT_ID, insertable=true, updatable=true, unique=false}
DEBUG PropertyBinder - MetadataSourceProcessor property id with lazy=false
DEBUG SimpleValueBinder - building SimpleValue for id
DEBUG PropertyBinder - Building property id
DEBUG Ejb3Column - Binding column: Ejb3Column{table=org.hibernate.mapping.Table(Shipment), mappingColumn=destination, insertable=true, updatable=true, unique=false}
DEBUG PropertyBinder - MetadataSourceProcessor property destination with lazy=false
DEBUG SimpleValueBinder - building SimpleValue for destination
DEBUG PropertyBinder - Building property destination
DEBUG Ejb3Column - Binding column: Ejb3Column{table=org.hibernate.mapping.Table(Shipment), mappingColumn=name, insertable=true, updatable=true, unique=false}
DEBUG PropertyBinder - MetadataSourceProcessor property name with lazy=false
DEBUG SimpleValueBinder - building SimpleValue for name
DEBUG PropertyBinder - Building property name
DEBUG Ejb3Column - Binding column: Ejb3Column{table=org.hibernate.mapping.Table(Shipment), mappingColumn=origin, insertable=true, updatable=true, unique=false}
DEBUG PropertyBinder - MetadataSourceProcessor property origin with lazy=false
DEBUG SimpleValueBinder - building SimpleValue for origin
DEBUG PropertyBinder - Building property origin
DEBUG Ejb3Column - Binding column: Ejb3Column{table=org.hibernate.mapping.Table(Shipment), mappingColumn=volume, insertable=true, updatable=true, unique=false}
DEBUG PropertyBinder - MetadataSourceProcessor property volume with lazy=false
DEBUG SimpleValueBinder - building SimpleValue for volume
DEBUG PropertyBinder - Building property volume
DEBUG AnnotationBinder - Binding entity from annotated class: com.expeditors.training.course3demo.model.UserAccount
DEBUG Ejb3Column - Binding column: Ejb3DiscriminatorColumn{logicalColumnName&apos;DTYPE&apos;, discriminatorTypeName=&apos;string&apos;}
DEBUG EntityBinder - Import with entity name UserAccount
DEBUG EntityBinder - Bind entity com.expeditors.training.course3demo.model.UserAccount on table USERACCOUNT
DEBUG Ejb3Column - Binding column: Ejb3Column{table=org.hibernate.mapping.Table(USERACCOUNT), mappingColumn=USER_ID, insertable=true, updatable=true, unique=false}
DEBUG PropertyBinder - MetadataSourceProcessor property id with lazy=false
DEBUG SimpleValueBinder - building SimpleValue for id
DEBUG PropertyBinder - Building property id
DEBUG Ejb3Column - Binding column: Ejb3Column{table=org.hibernate.mapping.Table(USERACCOUNT), mappingColumn=enabled, insertable=true, updatable=true, unique=false}
DEBUG PropertyBinder - MetadataSourceProcessor property enabled with lazy=false
DEBUG SimpleValueBinder - building SimpleValue for enabled
DEBUG PropertyBinder - Building property enabled
DEBUG Ejb3Column - Binding column: Ejb3Column{table=org.hibernate.mapping.Table(USERACCOUNT), mappingColumn=password, insertable=true, updatable=true, unique=false}
DEBUG PropertyBinder - MetadataSourceProcessor property password with lazy=false
DEBUG SimpleValueBinder - building SimpleValue for password
DEBUG PropertyBinder - Building property password
DEBUG Ejb3Column - Binding column: Ejb3JoinColumn{logicalColumnName=&apos;null&apos;, referencedColumn=&apos;null&apos;, mappedBy=&apos;userAccount&apos;}
DEBUG Ejb3Column - Binding column: Ejb3Column{table=org.hibernate.mapping.Table(USERACCOUNT), mappingColumn=userRoles, insertable=true, updatable=true, unique=false}
DEBUG Ejb3Column - Binding column: Ejb3Column{table=org.hibernate.mapping.Table(USERACCOUNT), mappingColumn=null, insertable=true, updatable=true, unique=false}
DEBUG Ejb3Column - Binding column: Ejb3Column{table=org.hibernate.mapping.Table(USERACCOUNT), mappingColumn=element, insertable=true, updatable=true, unique=false}
DEBUG Ejb3Column - Binding column: Ejb3Column{table=org.hibernate.mapping.Table(USERACCOUNT), mappingColumn=userRoles_KEY, insertable=true, updatable=true, unique=false}
DEBUG Ejb3Column - Binding column: Ejb3JoinColumn{logicalColumnName=&apos;userRoles_KEY&apos;, referencedColumn=&apos;null&apos;, mappedBy=&apos;null&apos;}
DEBUG Ejb3Column - Binding column: Ejb3JoinColumn{logicalColumnName=&apos;null&apos;, referencedColumn=&apos;null&apos;, mappedBy=&apos;userAccount&apos;}
DEBUG Ejb3Column - Binding column: Ejb3JoinColumn{logicalColumnName=&apos;null&apos;, referencedColumn=&apos;null&apos;, mappedBy=&apos;userAccount&apos;}
DEBUG CollectionBinder - Collection role: com.expeditors.training.course3demo.model.UserAccount.userRoles
DEBUG PropertyBinder - Building property userRoles
DEBUG Ejb3Column - Binding column: Ejb3Column{table=org.hibernate.mapping.Table(USERACCOUNT), mappingColumn=username, insertable=true, updatable=true, unique=false}
DEBUG PropertyBinder - MetadataSourceProcessor property username with lazy=false
DEBUG SimpleValueBinder - building SimpleValue for username
DEBUG PropertyBinder - Building property username
DEBUG AnnotationBinder - Binding entity from annotated class: com.expeditors.training.course3demo.model.UserRole
DEBUG Ejb3Column - Binding column: Ejb3DiscriminatorColumn{logicalColumnName&apos;DTYPE&apos;, discriminatorTypeName=&apos;string&apos;}
DEBUG EntityBinder - Import with entity name UserRole
DEBUG EntityBinder - Bind entity com.expeditors.training.course3demo.model.UserRole on table USERROLE
DEBUG Ejb3Column - Binding column: Ejb3Column{table=org.hibernate.mapping.Table(USERROLE), mappingColumn=ROLE_ID, insertable=true, updatable=true, unique=false}
DEBUG PropertyBinder - MetadataSourceProcessor property id with lazy=false
DEBUG SimpleValueBinder - building SimpleValue for id
DEBUG PropertyBinder - Building property id
DEBUG Ejb3Column - Binding column: Ejb3Column{table=org.hibernate.mapping.Table(USERROLE), mappingColumn=ROLE_NAME, insertable=true, updatable=true, unique=false}
DEBUG PropertyBinder - MetadataSourceProcessor property role with lazy=false
DEBUG SimpleValueBinder - building SimpleValue for role
DEBUG PropertyBinder - Building property role
DEBUG Ejb3Column - Binding column: Ejb3JoinColumn{logicalColumnName=&apos;ROLE_OWNER&apos;, referencedColumn=&apos;&apos;, mappedBy=&apos;&apos;}
DEBUG Ejb3Column - Binding column: Ejb3Column{table=org.hibernate.mapping.Table(USERROLE), mappingColumn=userAccount, insertable=true, updatable=true, unique=false}
DEBUG PropertyBinder - Building property userAccount
DEBUG SimpleValueBinder - Setting SimpleValue typeName for id
DEBUG SimpleValueBinder - Setting SimpleValue typeName for city
DEBUG SimpleValueBinder - Setting SimpleValue typeName for state
DEBUG SimpleValueBinder - Setting SimpleValue typeName for street
DEBUG SimpleValueBinder - Setting SimpleValue typeName for id
DEBUG SimpleValueBinder - Setting SimpleValue typeName for amount
DEBUG SimpleValueBinder - Setting SimpleValue typeName for number
DEBUG SimpleValueBinder - Setting SimpleValue typeName for owner
DEBUG SimpleValueBinder - Setting SimpleValue typeName for id
DEBUG SimpleValueBinder - Setting SimpleValue typeName for capacity
DEBUG SimpleValueBinder - Setting SimpleValue typeName for destination
DEBUG SimpleValueBinder - Setting SimpleValue typeName for location
DEBUG SimpleValueBinder - Setting SimpleValue typeName for name
DEBUG SimpleValueBinder - Setting SimpleValue typeName for status
DEBUG SimpleValueBinder - Setting SimpleValue typeName for id
DEBUG SimpleValueBinder - Setting SimpleValue typeName for number
DEBUG SimpleValueBinder - Setting SimpleValue typeName for id
DEBUG SimpleValueBinder - Setting SimpleValue typeName for description
DEBUG SimpleValueBinder - Setting SimpleValue typeName for name
DEBUG SimpleValueBinder - Setting SimpleValue typeName for price
DEBUG SimpleValueBinder - Setting SimpleValue typeName for id
DEBUG SimpleValueBinder - Setting SimpleValue typeName for destination
DEBUG SimpleValueBinder - Setting SimpleValue typeName for name
DEBUG SimpleValueBinder - Setting SimpleValue typeName for origin
DEBUG SimpleValueBinder - Setting SimpleValue typeName for volume
DEBUG SimpleValueBinder - Setting SimpleValue typeName for id
DEBUG SimpleValueBinder - Setting SimpleValue typeName for enabled
DEBUG SimpleValueBinder - Setting SimpleValue typeName for password
DEBUG SimpleValueBinder - Setting SimpleValue typeName for username
DEBUG SimpleValueBinder - Setting SimpleValue typeName for id
DEBUG SimpleValueBinder - Setting SimpleValue typeName for role
DEBUG Configuration - Processing fk mappings (*ToOne and JoinedSubclass)
DEBUG Configuration - Processing extends queue
DEBUG Configuration - Processing extends queue
DEBUG Configuration - Processing collection mappings
DEBUG CollectionSecondPass - Second pass for collection: com.expeditors.training.course3demo.model.Card.phoneNumbers
DEBUG CollectionBinder - Binding a OneToMany: com.expeditors.training.course3demo.model.Card.phoneNumbers through a foreign key
DEBUG CollectionBinder - Mapping collection: com.expeditors.training.course3demo.model.Card.phoneNumbers -&gt; PHONE_NUMBER
DEBUG TableBinder - Retrieving property com.expeditors.training.course3demo.model.PhoneNumber.card
DEBUG SimpleValueBinder - building SimpleValue for null
DEBUG SimpleValueBinder - Setting SimpleValue typeName for null
DEBUG CollectionSecondPass - Mapped collection key: CARD_ID, index: index, one-to-many: com.expeditors.training.course3demo.model.PhoneNumber
DEBUG CollectionSecondPass - Second pass for collection: com.expeditors.training.course3demo.model.UserAccount.userRoles
DEBUG CollectionBinder - Binding a OneToMany: com.expeditors.training.course3demo.model.UserAccount.userRoles through a foreign key
DEBUG CollectionBinder - Mapping collection: com.expeditors.training.course3demo.model.UserAccount.userRoles -&gt; USERROLE
DEBUG TableBinder - Retrieving property com.expeditors.training.course3demo.model.UserRole.userAccount
DEBUG CollectionSecondPass - Mapped collection key: ROLE_OWNER, one-to-many: com.expeditors.training.course3demo.model.UserRole
DEBUG Configuration - Processing native query and ResultSetMapping mappings
DEBUG Configuration - Processing association property references
DEBUG Configuration - Creating tables&apos; unique integer identifiers
DEBUG Configuration - Processing foreign key constraints
DEBUG Configuration - Resolving reference to class: com.expeditors.training.course3demo.model.Address
DEBUG Configuration - Resolving reference to class: com.expeditors.training.course3demo.model.Card
DEBUG Configuration - Resolving reference to class: com.expeditors.training.course3demo.model.UserAccount
INFO  ConnectionProviderInitiator - HHH000130: Instantiating explicit connection provider: org.hibernate.ejb.connection.InjectedDataSourceConnectionProvider
DEBUG JdbcServicesImpl - Database -&gt;
       name : HSQL Database Engine
    version : 2.2.4
      major : 2
      minor : 2
DEBUG JdbcServicesImpl - Driver -&gt;
       name : HSQL Database Engine Driver
    version : 2.2.4
      major : 2
      minor : 2
DEBUG JdbcServicesImpl - JDBC version : 4.0
INFO  Dialect - HHH000400: Using dialect: org.hibernate.dialect.HSQLDialect
DEBUG SettingsFactory - Automatic flush during beforeCompletion(): disabled
DEBUG SettingsFactory - Automatic session close at end of transaction: disabled
DEBUG SettingsFactory - JDBC batch size: 15
DEBUG SettingsFactory - JDBC batch updates for versioned data: disabled
DEBUG SettingsFactory - Scrollable result sets: enabled
DEBUG SettingsFactory - Wrap result sets: disabled
DEBUG SettingsFactory - JDBC3 getGeneratedKeys(): enabled
DEBUG SettingsFactory - multi-tenancy strategy : NONE
DEBUG SettingsFactory - Connection release mode: auto
INFO  TransactionFactoryInitiator - HHH000268: Transaction strategy: org.hibernate.engine.transaction.internal.jdbc.JdbcTransactionFactory
DEBUG SettingsFactory - Using BatchFetchStyle : LEGACY
DEBUG SettingsFactory - Default batch fetch size: 1
DEBUG SettingsFactory - Generate SQL with comments: disabled
DEBUG SettingsFactory - Order SQL updates by primary key: disabled
DEBUG SettingsFactory - Order SQL inserts for batching: disabled
DEBUG SettingsFactory - Default null ordering: none
DEBUG SettingsFactory - Query translator: org.hibernate.hql.internal.ast.ASTQueryTranslatorFactory
INFO  ASTQueryTranslatorFactory - HHH000397: Using ASTQueryTranslatorFactory
DEBUG SettingsFactory - Query language substitutions: {}
DEBUG SettingsFactory - JPA-QL strict compliance: enabled
DEBUG SettingsFactory - Second-level cache: enabled
DEBUG SettingsFactory - Query cache: disabled
DEBUG SettingsFactory - Cache region factory : org.hibernate.cache.internal.NoCachingRegionFactory
DEBUG SettingsFactory - org.hibernate.cache.internal.NoCachingRegionFactory did not provide constructor accepting java.util.Properties; attempting no-arg constructor.
DEBUG SettingsFactory - Optimize cache for minimal puts: disabled
DEBUG SettingsFactory - Structured second-level cache entries: disabled
DEBUG SettingsFactory - Second-level cache direct-reference entries: disabled
DEBUG SettingsFactory - Statistics: disabled
DEBUG SettingsFactory - Deleted entity synthetic identifier rollback: disabled
DEBUG SettingsFactory - Default entity-mode: pojo
DEBUG SettingsFactory - Named query checking : enabled
DEBUG SettingsFactory - Check Nullability in Core (should be disabled when Bean Validation is on): enabled
DEBUG SettingsFactory - Allow initialization of lazy state outside session : : disabled
DEBUG SettingsFactory - JTA Track by Thread: enabled
DEBUG SessionFactoryImpl - Building session factory
DEBUG SessionFactoryImpl - Session factory constructed with filter configurations : {}
DEBUG SessionFactoryImpl - Instantiating session factory with properties: {java.vendor=Oracle Corporation, localRepository=C:\Users\chq-jamesgl\.m2\repository, hibernate=org.hibernate.dialect.HSQLDialect, sun.java.launcher=SUN_STANDARD, sun.management.compiler=HotSpot 64-Bit Tiered Compilers, hibernate.ejb.discard_pc_on_close=false, hibernate.transaction.flush_before_completion=false, os.name=Windows 7, sun.boot.class.path=C:\Program Files\Java\jdk1.8.0_20\jre\lib\resources.jar;C:\Program Files\Java\jdk1.8.0_20\jre\lib\rt.jar;C:\Program Files\Java\jdk1.8.0_20\jre\lib\sunrsasign.jar;C:\Program Files\Java\jdk1.8.0_20\jre\lib\jsse.jar;C:\Program Files\Java\jdk1.8.0_20\jre\lib\jce.jar;C:\Program Files\Java\jdk1.8.0_20\jre\lib\charsets.jar;C:\Program Files\Java\jdk1.8.0_20\jre\lib\jfr.jar;C:\Program Files\Java\jdk1.8.0_20\jre\classes, sun.desktop=windows, java.vm.specification.vendor=Oracle Corporation, java.runtime.version=1.8.0_20-b26, hibernate.connection.autocommit=true, user.name=chq-jamesgl, javax.persistence.validation.mode=AUTO, hibernate.connection.release_mode=auto, user.language=en, sun.boot.library.path=C:\Program Files\Java\jdk1.8.0_20\jre\bin, java.version=1.8.0_20, user.timezone=America/Los_Angeles, sun.arch.data.model=64, java.endorsed.dirs=C:\Program Files\Java\jdk1.8.0_20\jre\lib\endorsed, sun.cpu.isalist=amd64, sun.jnu.encoding=Cp1252, file.encoding.pkg=sun.io, file.separator=\, java.specification.name=Java Platform API Specification, java.class.version=52.0, user.country=US, java.home=C:\Program Files\Java\jdk1.8.0_20\jre, java.vm.info=mixed mode, os.version=6.1, hibernate.transaction.factory_class=org.hibernate.engine.transaction.internal.jdbc.JdbcTransactionFactory, hibernate.connection.datasource=org.springframework.jdbc.datasource.DriverManagerDataSource@536dbea0, surefire.real.class.path=C:\Users\chq-jamesgl\STS_work2\finalprojectgleixner\target\surefire\surefirebooter4129056140270613633.jar, hibernate.query.jpaql_strict_compliance=true, path.separator=;, java.vm.version=25.20-b23, user.variant=, java.awt.printerjob=sun.awt.windows.WPrinterJob, sun.io.unicode.encoding=UnicodeLittle, awt.toolkit=sun.awt.windows.WToolkit, user.script=, user.home=C:\Users\chq-jamesgl, java.specification.vendor=Oracle Corporation, hibernate.hbm2ddl.auto=create-drop, java.library.path=C:\Program Files\Java\jdk1.8.0_20\jre\bin;C:\WINDOWS\Sun\Java\bin;C:\WINDOWS\system32;C:\WINDOWS;C:/Program Files/Java/jdk1.7.0_45/bin/../jre/bin/server;C:/Program Files/Java/jdk1.7.0_45/bin/../jre/bin;C:/Program Files/Java/jdk1.7.0_45/bin/../jre/lib/amd64;C:\Program Files\spring-1.2.1.RELEASE\bin;C:\Maven\apache-maven-3.0.5\bin;C:\Program Files\Java\jdk1.7.0_45\bin;C:\ProgramData\Oracle\Java\javapath;C:\Program Files (x86)\Intel\iCLS Client\;C:\Program Files\Intel\iCLS Client\;C:\WINDOWS\system32;C:\WINDOWS;C:\WINDOWS\System32\Wbem;C:\WINDOWS\System32\WindowsPowerShell\v1.0\;C:\Program Files\Intel\DMIX;C:\WINDOWS\CCM;C:\WINDOWS\CCM;C:\WINDOWS\CCM;C:\WINDOWS\CCM;C:\WINDOWS\CCM;C:\WINDOWS\CCM;C:\WINDOWS\CCM;C:\PROGRA~2\IBM\SQLLIB\BIN;C:\PROGRA~2\IBM\SQLLIB\FUNCTION;C:\PROGRA~2\IBM\SQLLIB\SAMPLES\REPL;C:\Program Files\Intel\Intel(R) Management Engine Components\DAL;C:\Program Files\Intel\Intel(R) Management Engine Components\IPT;C:\Program Files (x86)\Intel\Intel(R) Management Engine Components\DAL;C:\Program Files (x86)\Intel\Intel(R) Management Engine Components\IPT;C:\Program Files\Microsoft\Web Platform Installer\;C:\Program Files\TortoiseSVN\bin;C:\Users\chq-jamesgl\Documents\STS2\sts-bundle\sts-3.6.3.SR1;;., java.vendor.url=http://java.oracle.com/, java.vm.vendor=Oracle Corporation, java.runtime.name=Java(TM) SE Runtime Environment, sun.java.command=C:\Users\chq-jamesgl\STS_work2\finalprojectgleixner\target\surefire\surefirebooter4129056140270613633.jar C:\Users\chq-jamesgl\STS_work2\finalprojectgleixner\target\surefire\surefire3891015182998956309tmp C:\Users\chq-jamesgl\STS_work2\finalprojectgleixner\target\surefire\surefire_0694316389834651853tmp, java.class.path=C:\Users\chq-jamesgl\STS_work2\finalprojectgleixner\target\test-classes;C:\Users\chq-jamesgl\STS_work2\finalprojectgleixner\target\classes;C:\Users\chq-jamesgl\.m2\repository\org\springframework\spring-webmvc\3.2.3.RELEASE\spring-webmvc-3.2.3.RELEASE.jar;C:\Users\chq-jamesgl\.m2\repository\org\springframework\spring-beans\3.2.3.RELEASE\spring-beans-3.2.3.RELEASE.jar;C:\Users\chq-jamesgl\.m2\repository\org\springframework\spring-context\3.2.3.RELEASE\spring-context-3.2.3.RELEASE.jar;C:\Users\chq-jamesgl\.m2\repository\org\springframework\spring-core\3.2.3.RELEASE\spring-core-3.2.3.RELEASE.jar;C:\Users\chq-jamesgl\.m2\repository\commons-logging\commons-logging\1.1.1\commons-logging-1.1.1.jar;C:\Users\chq-jamesgl\.m2\repository\org\springframework\spring-expression\3.2.3.RELEASE\spring-expression-3.2.3.RELEASE.jar;C:\Users\chq-jamesgl\.m2\repository\org\springframework\spring-web\3.2.3.RELEASE\spring-web-3.2.3.RELEASE.jar;C:\Users\chq-jamesgl\.m2\repository\org\springframework\security\spring-security-web\3.2.3.RELEASE\spring-security-web-3.2.3.RELEASE.jar;C:\Users\chq-jamesgl\.m2\repository\aopalliance\aopalliance\1.0\aopalliance-1.0.jar;C:\Users\chq-jamesgl\.m2\repository\org\springframework\security\spring-security-core\3.2.3.RELEASE\spring-security-core-3.2.3.RELEASE.jar;C:\Users\chq-jamesgl\.m2\repository\org\springframework\security\spring-security-config\3.2.3.RELEASE\spring-security-config-3.2.3.RELEASE.jar;C:\Users\chq-jamesgl\.m2\repository\org\springframework\security\spring-security-taglibs\3.2.3.RELEASE\spring-security-taglibs-3.2.3.RELEASE.jar;C:\Users\chq-jamesgl\.m2\repository\org\springframework\security\spring-security-acl\3.2.3.RELEASE\spring-security-acl-3.2.3.RELEASE.jar;C:\Users\chq-jamesgl\.m2\repository\javax\servlet\jstl\1.2\jstl-1.2.jar;C:\Users\chq-jamesgl\.m2\repository\javax\servlet\servlet-api\2.5\servlet-api-2.5.jar;C:\Users\chq-jamesgl\.m2\repository\javax\servlet\jsp\jsp-api\2.2\jsp-api-2.2.jar;C:\Users\chq-jamesgl\.m2\repository\org\springframework\spring-tx\3.2.3.RELEASE\spring-tx-3.2.3.RELEASE.jar;C:\Users\chq-jamesgl\.m2\repository\org\springframework\spring-orm\3.2.3.RELEASE\spring-orm-3.2.3.RELEASE.jar;C:\Users\chq-jamesgl\.m2\repository\org\springframework\spring-jdbc\3.2.3.RELEASE\spring-jdbc-3.2.3.RELEASE.jar;C:\Users\chq-jamesgl\.m2\repository\org\springframework\spring-aop\3.2.3.RELEASE\spring-aop-3.2.3.RELEASE.jar;C:\Users\chq-jamesgl\.m2\repository\org\slf4j\slf4j-api\1.7.5\slf4j-api-1.7.5.jar;C:\Users\chq-jamesgl\.m2\repository\ch\qos\logback\logback-classic\1.0.13\logback-classic-1.0.13.jar;C:\Users\chq-jamesgl\.m2\repository\ch\qos\logback\logback-core\1.0.13\logback-core-1.0.13.jar;C:\Users\chq-jamesgl\.m2\repository\org\hibernate\hibernate-entitymanager\4.2.1.Final\hibernate-entitymanager-4.2.1.Final.jar;C:\Users\chq-jamesgl\.m2\repository\org\jboss\logging\jboss-logging\3.1.0.GA\jboss-logging-3.1.0.GA.jar;C:\Users\chq-jamesgl\.m2\repository\org\hibernate\hibernate-core\4.2.1.Final\hibernate-core-4.2.1.Final.jar;C:\Users\chq-jamesgl\.m2\repository\antlr\antlr\2.7.7\antlr-2.7.7.jar;C:\Users\chq-jamesgl\.m2\repository\dom4j\dom4j\1.6.1\dom4j-1.6.1.jar;C:\Users\chq-jamesgl\.m2\repository\org\jboss\spec\javax\transaction\jboss-transaction-api_1.1_spec\1.0.1.Final\jboss-transaction-api_1.1_spec-1.0.1.Final.jar;C:\Users\chq-jamesgl\.m2\repository\org\hibernate\javax\persistence\hibernate-jpa-2.0-api\1.0.1.Final\hibernate-jpa-2.0-api-1.0.1.Final.jar;C:\Users\chq-jamesgl\.m2\repository\org\javassist\javassist\3.15.0-GA\javassist-3.15.0-GA.jar;C:\Users\chq-jamesgl\.m2\repository\org\hibernate\common\hibernate-commons-annotations\4.0.1.Final\hibernate-commons-annotations-4.0.1.Final.jar;C:\Users\chq-jamesgl\.m2\repository\javax\validation\validation-api\1.1.0.Final\validation-api-1.1.0.Final.jar;C:\Users\chq-jamesgl\.m2\repository\org\hibernate\hibernate-validator\4.2.0.Final\hibernate-validator-4.2.0.Final.jar;C:\Users\chq-jamesgl\.m2\repository\org\hsqldb\hsqldb\2.2.4\hsqldb-2.2.4.jar;C:\Users\chq-jamesgl\.m2\repository\org\dbunit\dbunit\2.5.0\dbunit-2.5.0.jar;C:\Users\chq-jamesgl\.m2\repository\commons-collections\commons-collections\3.2.1\commons-collections-3.2.1.jar;C:\Users\chq-jamesgl\.m2\repository\com\github\springtestdbunit\spring-test-dbunit\1.2.0\spring-test-dbunit-1.2.0.jar;C:\Users\chq-jamesgl\.m2\repository\org\springframework\spring-test\3.2.3.RELEASE\spring-test-3.2.3.RELEASE.jar;C:\Users\chq-jamesgl\.m2\repository\org\hamcrest\hamcrest-all\1.3\hamcrest-all-1.3.jar;C:\Users\chq-jamesgl\.m2\repository\junit\junit\4.11\junit-4.11.jar;C:\Users\chq-jamesgl\.m2\repository\org\hamcrest\hamcrest-core\1.3\hamcrest-core-1.3.jar;C:\Users\chq-jamesgl\.m2\repository\org\mockito\mockito-core\1.9.5\mockito-core-1.9.5.jar;C:\Users\chq-jamesgl\.m2\repository\org\objenesis\objenesis\1.0\objenesis-1.0.jar;C:\Users\chq-jamesgl\.m2\repository\org\apache\derby\derbyclient\10.11.1.1\derbyclient-10.11.1.1.jar;C:\Users\chq-jamesgl\.m2\repository\org\sitemesh\sitemesh\3.0-alpha-2\sitemesh-3.0-alpha-2.jar;, hibernate.bytecode.use_reflection_optimizer=false, java.vm.specification.name=Java Virtual Machine Specification, java.vm.specification.version=1.8, sun.cpu.endian=little, sun.os.patch.level=Service Pack 1, hibernate.connection.provider_class=org.hibernate.ejb.connection.InjectedDataSourceConnectionProvider, surefire.test.class.path=C:\Users\chq-jamesgl\STS_work2\finalprojectgleixner\target\test-classes;C:\Users\chq-jamesgl\STS_work2\finalprojectgleixner\target\classes;C:\Users\chq-jamesgl\.m2\repository\org\springframework\spring-webmvc\3.2.3.RELEASE\spring-webmvc-3.2.3.RELEASE.jar;C:\Users\chq-jamesgl\.m2\repository\org\springframework\spring-beans\3.2.3.RELEASE\spring-beans-3.2.3.RELEASE.jar;C:\Users\chq-jamesgl\.m2\repository\org\springframework\spring-context\3.2.3.RELEASE\spring-context-3.2.3.RELEASE.jar;C:\Users\chq-jamesgl\.m2\repository\org\springframework\spring-core\3.2.3.RELEASE\spring-core-3.2.3.RELEASE.jar;C:\Users\chq-jamesgl\.m2\repository\commons-logging\commons-logging\1.1.1\commons-logging-1.1.1.jar;C:\Users\chq-jamesgl\.m2\repository\org\springframework\spring-expression\3.2.3.RELEASE\spring-expression-3.2.3.RELEASE.jar;C:\Users\chq-jamesgl\.m2\repository\org\springframework\spring-web\3.2.3.RELEASE\spring-web-3.2.3.RELEASE.jar;C:\Users\chq-jamesgl\.m2\repository\org\springframework\security\spring-security-web\3.2.3.RELEASE\spring-security-web-3.2.3.RELEASE.jar;C:\Users\chq-jamesgl\.m2\repository\aopalliance\aopalliance\1.0\aopalliance-1.0.jar;C:\Users\chq-jamesgl\.m2\repository\org\springframework\security\spring-security-core\3.2.3.RELEASE\spring-security-core-3.2.3.RELEASE.jar;C:\Users\chq-jamesgl\.m2\repository\org\springframework\security\spring-security-config\3.2.3.RELEASE\spring-security-config-3.2.3.RELEASE.jar;C:\Users\chq-jamesgl\.m2\repository\org\springframework\security\spring-security-taglibs\3.2.3.RELEASE\spring-security-taglibs-3.2.3.RELEASE.jar;C:\Users\chq-jamesgl\.m2\repository\org\springframework\security\spring-security-acl\3.2.3.RELEASE\spring-security-acl-3.2.3.RELEASE.jar;C:\Users\chq-jamesgl\.m2\repository\javax\servlet\jstl\1.2\jstl-1.2.jar;C:\Users\chq-jamesgl\.m2\repository\javax\servlet\servlet-api\2.5\servlet-api-2.5.jar;C:\Users\chq-jamesgl\.m2\repository\javax\servlet\jsp\jsp-api\2.2\jsp-api-2.2.jar;C:\Users\chq-jamesgl\.m2\repository\org\springframework\spring-tx\3.2.3.RELEASE\spring-tx-3.2.3.RELEASE.jar;C:\Users\chq-jamesgl\.m2\repository\org\springframework\spring-orm\3.2.3.RELEASE\spring-orm-3.2.3.RELEASE.jar;C:\Users\chq-jamesgl\.m2\repository\org\springframework\spring-jdbc\3.2.3.RELEASE\spring-jdbc-3.2.3.RELEASE.jar;C:\Users\chq-jamesgl\.m2\repository\org\springframework\spring-aop\3.2.3.RELEASE\spring-aop-3.2.3.RELEASE.jar;C:\Users\chq-jamesgl\.m2\repository\org\slf4j\slf4j-api\1.7.5\slf4j-api-1.7.5.jar;C:\Users\chq-jamesgl\.m2\repository\ch\qos\logback\logback-classic\1.0.13\logback-classic-1.0.13.jar;C:\Users\chq-jamesgl\.m2\repository\ch\qos\logback\logback-core\1.0.13\logback-core-1.0.13.jar;C:\Users\chq-jamesgl\.m2\repository\org\hibernate\hibernate-entitymanager\4.2.1.Final\hibernate-entitymanager-4.2.1.Final.jar;C:\Users\chq-jamesgl\.m2\repository\org\jboss\logging\jboss-logging\3.1.0.GA\jboss-logging-3.1.0.GA.jar;C:\Users\chq-jamesgl\.m2\repository\org\hibernate\hibernate-core\4.2.1.Final\hibernate-core-4.2.1.Final.jar;C:\Users\chq-jamesgl\.m2\repository\antlr\antlr\2.7.7\antlr-2.7.7.jar;C:\Users\chq-jamesgl\.m2\repository\dom4j\dom4j\1.6.1\dom4j-1.6.1.jar;C:\Users\chq-jamesgl\.m2\repository\org\jboss\spec\javax\transaction\jboss-transaction-api_1.1_spec\1.0.1.Final\jboss-transaction-api_1.1_spec-1.0.1.Final.jar;C:\Users\chq-jamesgl\.m2\repository\org\hibernate\javax\persistence\hibernate-jpa-2.0-api\1.0.1.Final\hibernate-jpa-2.0-api-1.0.1.Final.jar;C:\Users\chq-jamesgl\.m2\repository\org\javassist\javassist\3.15.0-GA\javassist-3.15.0-GA.jar;C:\Users\chq-jamesgl\.m2\repository\org\hibernate\common\hibernate-commons-annotations\4.0.1.Final\hibernate-commons-annotations-4.0.1.Final.jar;C:\Users\chq-jamesgl\.m2\repository\javax\validation\validation-api\1.1.0.Final\validation-api-1.1.0.Final.jar;C:\Users\chq-jamesgl\.m2\repository\org\hibernate\hibernate-validator\4.2.0.Final\hibernate-validator-4.2.0.Final.jar;C:\Users\chq-jamesgl\.m2\repository\org\hsqldb\hsqldb\2.2.4\hsqldb-2.2.4.jar;C:\Users\chq-jamesgl\.m2\repository\org\dbunit\dbunit\2.5.0\dbunit-2.5.0.jar;C:\Users\chq-jamesgl\.m2\repository\commons-collections\commons-collections\3.2.1\commons-collections-3.2.1.jar;C:\Users\chq-jamesgl\.m2\repository\com\github\springtestdbunit\spring-test-dbunit\1.2.0\spring-test-dbunit-1.2.0.jar;C:\Users\chq-jamesgl\.m2\repository\org\springframework\spring-test\3.2.3.RELEASE\spring-test-3.2.3.RELEASE.jar;C:\Users\chq-jamesgl\.m2\repository\org\hamcrest\hamcrest-all\1.3\hamcrest-all-1.3.jar;C:\Users\chq-jamesgl\.m2\repository\junit\junit\4.11\junit-4.11.jar;C:\Users\chq-jamesgl\.m2\repository\org\hamcrest\hamcrest-core\1.3\hamcrest-core-1.3.jar;C:\Users\chq-jamesgl\.m2\repository\org\mockito\mockito-core\1.9.5\mockito-core-1.9.5.jar;C:\Users\chq-jamesgl\.m2\repository\org\objenesis\objenesis\1.0\objenesis-1.0.jar;C:\Users\chq-jamesgl\.m2\repository\org\apache\derby\derbyclient\10.11.1.1\derbyclient-10.11.1.1.jar;C:\Users\chq-jamesgl\.m2\repository\org\sitemesh\sitemesh\3.0-alpha-2\sitemesh-3.0-alpha-2.jar;, java.io.tmpdir=C:\Users\CHQ-JA~1\AppData\Local\Temp\, java.vendor.url.bug=http://bugreport.sun.com/bugreport/, javax.persistence.sharedCache.mode=UNSPECIFIED, os.arch=amd64, java.awt.graphicsenv=sun.awt.Win32GraphicsEnvironment, java.ext.dirs=C:\Program Files\Java\jdk1.8.0_20\jre\lib\ext;C:\WINDOWS\Sun\Java\lib\ext, user.dir=C:\Users\chq-jamesgl\STS_work2\finalprojectgleixner, line.separator=
, java.vm.name=Java HotSpot(TM) 64-Bit Server VM, basedir=C:\Users\chq-jamesgl\STS_work2\finalprojectgleixner, file.encoding=Cp1252, hibernate.use_identifier_rollback=false, java.specification.version=1.8, hibernate.show_sql=true}
INFO  Version - Hibernate Validator 4.2.0.Final
DEBUG DefaultTraversableResolver - Found javax.persistence.Persistence on classpath containing &apos;getPersistenceUtil&apos;. Assuming JPA 2 environment. Trying to instantiate JPA aware TraversableResolver
DEBUG DefaultTraversableResolver - Instantiated JPA aware TraversableResolver of type org.hibernate.validator.engine.resolver.JPATraversableResolver.
DEBUG ValidationXmlParser - Trying to load META-INF/validation.xml for XML based Validator configuration.
DEBUG ValidationXmlParser - No META-INF/validation.xml found. Using annotation based configuration only
DEBUG DefaultTraversableResolver - Found javax.persistence.Persistence on classpath containing &apos;getPersistenceUtil&apos;. Assuming JPA 2 environment. Trying to instantiate JPA aware TraversableResolver
DEBUG DefaultTraversableResolver - Instantiated JPA aware TraversableResolver of type org.hibernate.validator.engine.resolver.JPATraversableResolver.
DEBUG ValidationXmlParser - Trying to load META-INF/validation.xml for XML based Validator configuration.
DEBUG ValidationXmlParser - No META-INF/validation.xml found. Using annotation based configuration only
DEBUG ConstraintDescriptorImpl - Adding composing constraint: ConstraintDescriptorImpl{annotation=javax.validation.constraints.NotNull, payloads=[], hasComposingConstraints=true, isReportAsSingleInvalidConstraint=false, elementType=FIELD, definedOn=DEFINED_LOCALLY, groups=[interface javax.validation.groups.Default], attributes={message={javax.validation.constraints.NotNull.message}, groups=[Ljava.lang.Class;@3bffddff, payload=[Ljava.lang.Class;@66971f6b}}
DEBUG ConstraintDescriptorImpl - Adding composing constraint: ConstraintDescriptorImpl{annotation=javax.validation.constraints.Size, payloads=[], hasComposingConstraints=true, isReportAsSingleInvalidConstraint=false, elementType=FIELD, definedOn=DEFINED_LOCALLY, groups=[interface javax.validation.groups.Default], attributes={groups=[Ljava.lang.Class;@517bd097, min=1, message={javax.validation.constraints.Size.message}, max=2147483647, payload=[Ljava.lang.Class;@142eef62}}
DEBUG ConstraintDescriptorImpl - Adding composing constraint: ConstraintDescriptorImpl{annotation=javax.validation.constraints.NotNull, payloads=[], hasComposingConstraints=true, isReportAsSingleInvalidConstraint=false, elementType=FIELD, definedOn=DEFINED_LOCALLY, groups=[interface javax.validation.groups.Default], attributes={message={javax.validation.constraints.NotNull.message}, groups=[Ljava.lang.Class;@7eb01b12, payload=[Ljava.lang.Class;@2f4854d6}}
DEBUG ConstraintDescriptorImpl - Adding composing constraint: ConstraintDescriptorImpl{annotation=javax.validation.constraints.Size, payloads=[], hasComposingConstraints=true, isReportAsSingleInvalidConstraint=false, elementType=FIELD, definedOn=DEFINED_LOCALLY, groups=[interface javax.validation.groups.Default], attributes={groups=[Ljava.lang.Class;@7e70bd39, min=1, message={javax.validation.constraints.Size.message}, max=2147483647, payload=[Ljava.lang.Class;@e6516e}}
DEBUG ConstraintDescriptorImpl - Adding composing constraint: ConstraintDescriptorImpl{annotation=javax.validation.constraints.NotNull, payloads=[], hasComposingConstraints=true, isReportAsSingleInvalidConstraint=false, elementType=FIELD, definedOn=DEFINED_LOCALLY, groups=[interface javax.validation.groups.Default], attributes={message={javax.validation.constraints.NotNull.message}, groups=[Ljava.lang.Class;@43ed0ff3, payload=[Ljava.lang.Class;@388ffbc2}}
DEBUG ConstraintDescriptorImpl - Adding composing constraint: ConstraintDescriptorImpl{annotation=javax.validation.constraints.Size, payloads=[], hasComposingConstraints=true, isReportAsSingleInvalidConstraint=false, elementType=FIELD, definedOn=DEFINED_LOCALLY, groups=[interface javax.validation.groups.Default], attributes={groups=[Ljava.lang.Class;@4da855dd, min=1, message={javax.validation.constraints.Size.message}, max=2147483647, payload=[Ljava.lang.Class;@6691490c}}
DEBUG ConstraintDescriptorImpl - Adding composing constraint: ConstraintDescriptorImpl{annotation=javax.validation.constraints.NotNull, payloads=[], hasComposingConstraints=true, isReportAsSingleInvalidConstraint=false, elementType=FIELD, definedOn=DEFINED_LOCALLY, groups=[interface javax.validation.groups.Default], attributes={message={javax.validation.constraints.NotNull.message}, groups=[Ljava.lang.Class;@61a002b1, payload=[Ljava.lang.Class;@4eeea57d}}
DEBUG ConstraintDescriptorImpl - Adding composing constraint: ConstraintDescriptorImpl{annotation=javax.validation.constraints.Size, payloads=[], hasComposingConstraints=true, isReportAsSingleInvalidConstraint=false, elementType=FIELD, definedOn=DEFINED_LOCALLY, groups=[interface javax.validation.groups.Default], attributes={groups=[Ljava.lang.Class;@6f70f32f, min=1, message={javax.validation.constraints.Size.message}, max=2147483647, payload=[Ljava.lang.Class;@548e76f1}}
DEBUG ConstraintDescriptorImpl - Adding composing constraint: ConstraintDescriptorImpl{annotation=javax.validation.constraints.NotNull, payloads=[], hasComposingConstraints=true, isReportAsSingleInvalidConstraint=false, elementType=FIELD, definedOn=DEFINED_LOCALLY, groups=[interface javax.validation.groups.Default], attributes={message={javax.validation.constraints.NotNull.message}, groups=[Ljava.lang.Class;@1b822fcc, payload=[Ljava.lang.Class;@24a1c17f}}
DEBUG ConstraintDescriptorImpl - Adding composing constraint: ConstraintDescriptorImpl{annotation=javax.validation.constraints.Size, payloads=[], hasComposingConstraints=true, isReportAsSingleInvalidConstraint=false, elementType=FIELD, definedOn=DEFINED_LOCALLY, groups=[interface javax.validation.groups.Default], attributes={groups=[Ljava.lang.Class;@73511076, min=1, message={javax.validation.constraints.Size.message}, max=2147483647, payload=[Ljava.lang.Class;@7927bd9f}}
DEBUG ConstraintDescriptorImpl - Adding composing constraint: ConstraintDescriptorImpl{annotation=javax.validation.constraints.NotNull, payloads=[], hasComposingConstraints=true, isReportAsSingleInvalidConstraint=false, elementType=FIELD, definedOn=DEFINED_LOCALLY, groups=[interface javax.validation.groups.Default], attributes={message={javax.validation.constraints.NotNull.message}, groups=[Ljava.lang.Class;@410954b, payload=[Ljava.lang.Class;@7fb9f71f}}
DEBUG ConstraintDescriptorImpl - Adding composing constraint: ConstraintDescriptorImpl{annotation=javax.validation.constraints.Size, payloads=[], hasComposingConstraints=true, isReportAsSingleInvalidConstraint=false, elementType=FIELD, definedOn=DEFINED_LOCALLY, groups=[interface javax.validation.groups.Default], attributes={groups=[Ljava.lang.Class;@3af4e0bf, min=1, message={javax.validation.constraints.Size.message}, max=2147483647, payload=[Ljava.lang.Class;@245a26e1}}
DEBUG ConstraintDescriptorImpl - Adding composing constraint: ConstraintDescriptorImpl{annotation=javax.validation.constraints.NotNull, payloads=[], hasComposingConstraints=true, isReportAsSingleInvalidConstraint=false, elementType=FIELD, definedOn=DEFINED_LOCALLY, groups=[interface javax.validation.groups.Default], attributes={message={javax.validation.constraints.NotNull.message}, groups=[Ljava.lang.Class;@7e1a1da6, payload=[Ljava.lang.Class;@5f7f2382}}
DEBUG ConstraintDescriptorImpl - Adding composing constraint: ConstraintDescriptorImpl{annotation=javax.validation.constraints.Size, payloads=[], hasComposingConstraints=true, isReportAsSingleInvalidConstraint=false, elementType=FIELD, definedOn=DEFINED_LOCALLY, groups=[interface javax.validation.groups.Default], attributes={groups=[Ljava.lang.Class;@6815c5f2, min=1, message={javax.validation.constraints.Size.message}, max=2147483647, payload=[Ljava.lang.Class;@46cc127b}}
DEBUG DefaultIdentifierGeneratorFactory - Setting dialect [org.hibernate.dialect.HSQLDialect]
DEBUG DefaultIdentifierGeneratorFactory - Setting dialect [org.hibernate.dialect.HSQLDialect]
DEBUG DefaultIdentifierGeneratorFactory - Setting dialect [org.hibernate.dialect.HSQLDialect]
DEBUG DefaultIdentifierGeneratorFactory - Setting dialect [org.hibernate.dialect.HSQLDialect]
DEBUG DefaultIdentifierGeneratorFactory - Setting dialect [org.hibernate.dialect.HSQLDialect]
DEBUG DefaultIdentifierGeneratorFactory - Setting dialect [org.hibernate.dialect.HSQLDialect]
DEBUG DefaultIdentifierGeneratorFactory - Setting dialect [org.hibernate.dialect.HSQLDialect]
DEBUG DefaultIdentifierGeneratorFactory - Setting dialect [org.hibernate.dialect.HSQLDialect]
DEBUG AbstractEntityPersister - Static SQL for entity: com.expeditors.training.course3demo.model.PhoneNumber
DEBUG AbstractEntityPersister -  Version select: select PHONE_NUMBER_ID from PHONE_NUMBER where PHONE_NUMBER_ID =?
DEBUG AbstractEntityPersister -  Snapshot select: select phonenumbe_.PHONE_NUMBER_ID, phonenumbe_.CARD_ID as CARD3_3_, phonenumbe_.PHONE_NUMBER as PHONE2_3_ from PHONE_NUMBER phonenumbe_ where phonenumbe_.PHONE_NUMBER_ID=?
DEBUG AbstractEntityPersister -  Insert 0: insert into PHONE_NUMBER (CARD_ID, PHONE_NUMBER, PHONE_NUMBER_ID) values (?, ?, ?)
DEBUG AbstractEntityPersister -  Update 0: update PHONE_NUMBER set CARD_ID=?, PHONE_NUMBER=? where PHONE_NUMBER_ID=?
DEBUG AbstractEntityPersister -  Delete 0: delete from PHONE_NUMBER where PHONE_NUMBER_ID=?
DEBUG AbstractEntityPersister -  Identity insert: insert into PHONE_NUMBER (PHONE_NUMBER_ID, CARD_ID, PHONE_NUMBER) values (default, ?, ?)
DEBUG AbstractEntityPersister - Static SQL for entity: com.expeditors.training.course3demo.model.Shipment
DEBUG AbstractEntityPersister -  Version select: select SHIPMENT_ID from Shipment where SHIPMENT_ID =?
DEBUG AbstractEntityPersister -  Snapshot select: select shipment_.SHIPMENT_ID, shipment_.destination as destinat2_5_, shipment_.name as name3_5_, shipment_.origin as origin4_5_, shipment_.volume as volume5_5_ from Shipment shipment_ where shipment_.SHIPMENT_ID=?
DEBUG AbstractEntityPersister -  Insert 0: insert into Shipment (destination, name, origin, volume, SHIPMENT_ID) values (?, ?, ?, ?, ?)
DEBUG AbstractEntityPersister -  Update 0: update Shipment set destination=?, name=?, origin=?, volume=? where SHIPMENT_ID=?
DEBUG AbstractEntityPersister -  Delete 0: delete from Shipment where SHIPMENT_ID=?
DEBUG AbstractEntityPersister -  Identity insert: insert into Shipment (SHIPMENT_ID, destination, name, origin, volume) values (default, ?, ?, ?, ?)
DEBUG AbstractEntityPersister - Static SQL for entity: com.expeditors.training.course3demo.model.Card
DEBUG AbstractEntityPersister -  Version select: select CARD_ID from CARD where CARD_ID =?
DEBUG AbstractEntityPersister -  Snapshot select: select card_.CARD_ID, card_.address as address5_1_, card_.amount as amount2_1_, card_.CARD_NUMBER as CARD3_1_, card_.OWNER_NAME as OWNER4_1_ from CARD card_ where card_.CARD_ID=?
DEBUG AbstractEntityPersister -  Insert 0: insert into CARD (address, amount, CARD_NUMBER, OWNER_NAME, CARD_ID) values (?, ?, ?, ?, ?)
DEBUG AbstractEntityPersister -  Update 0: update CARD set address=?, amount=?, CARD_NUMBER=?, OWNER_NAME=? where CARD_ID=?
DEBUG AbstractEntityPersister -  Delete 0: delete from CARD where CARD_ID=?
DEBUG AbstractEntityPersister -  Identity insert: insert into CARD (CARD_ID, address, amount, CARD_NUMBER, OWNER_NAME) values (default, ?, ?, ?, ?)
DEBUG AbstractEntityPersister - Static SQL for entity: com.expeditors.training.course3demo.model.Container
DEBUG AbstractEntityPersister -  Version select: select CONTAINER_ID from Container where CONTAINER_ID =?
DEBUG AbstractEntityPersister -  Snapshot select: select container_.CONTAINER_ID, container_.capacity as capacity2_2_, container_.destination as destinat3_2_, container_.location as location4_2_, container_.name as name5_2_, container_.status as status6_2_ from Container container_ where container_.CONTAINER_ID=?
DEBUG AbstractEntityPersister -  Insert 0: insert into Container (capacity, destination, location, name, status, CONTAINER_ID) values (?, ?, ?, ?, ?, ?)
DEBUG AbstractEntityPersister -  Update 0: update Container set capacity=?, destination=?, location=?, name=?, status=? where CONTAINER_ID=?
DEBUG AbstractEntityPersister -  Delete 0: delete from Container where CONTAINER_ID=?
DEBUG AbstractEntityPersister -  Identity insert: insert into Container (CONTAINER_ID, capacity, destination, location, name, status) values (default, ?, ?, ?, ?, ?)
DEBUG AbstractEntityPersister - Static SQL for entity: com.expeditors.training.course3demo.model.UserRole
DEBUG AbstractEntityPersister -  Version select: select ROLE_ID from USERROLE where ROLE_ID =?
DEBUG AbstractEntityPersister -  Snapshot select: select userrole_.ROLE_ID, userrole_.ROLE_NAME as ROLE2_7_, userrole_.ROLE_OWNER as ROLE3_7_ from USERROLE userrole_ where userrole_.ROLE_ID=?
DEBUG AbstractEntityPersister -  Insert 0: insert into USERROLE (ROLE_NAME, ROLE_OWNER, ROLE_ID) values (?, ?, ?)
DEBUG AbstractEntityPersister -  Update 0: update USERROLE set ROLE_NAME=?, ROLE_OWNER=? where ROLE_ID=?
DEBUG AbstractEntityPersister -  Delete 0: delete from USERROLE where ROLE_ID=?
DEBUG AbstractEntityPersister -  Identity insert: insert into USERROLE (ROLE_ID, ROLE_NAME, ROLE_OWNER) values (default, ?, ?)
DEBUG AbstractEntityPersister - Static SQL for entity: com.expeditors.training.course3demo.model.Address
DEBUG AbstractEntityPersister -  Version select: select ADDRESS_ID from ADDRESS where ADDRESS_ID =?
DEBUG AbstractEntityPersister -  Snapshot select: select address_.ADDRESS_ID, address_.city as city2_0_, address_.state as state3_0_, address_.street as street4_0_ from ADDRESS address_ where address_.ADDRESS_ID=?
DEBUG AbstractEntityPersister -  Insert 0: insert into ADDRESS (city, state, street, ADDRESS_ID) values (?, ?, ?, ?)
DEBUG AbstractEntityPersister -  Update 0: update ADDRESS set city=?, state=?, street=? where ADDRESS_ID=?
DEBUG AbstractEntityPersister -  Delete 0: delete from ADDRESS where ADDRESS_ID=?
DEBUG AbstractEntityPersister -  Identity insert: insert into ADDRESS (ADDRESS_ID, city, state, street) values (default, ?, ?, ?)
DEBUG AbstractEntityPersister - Static SQL for entity: com.expeditors.training.course3demo.model.UserAccount
DEBUG AbstractEntityPersister -  Version select: select USER_ID from USERACCOUNT where USER_ID =?
DEBUG AbstractEntityPersister -  Snapshot select: select useraccoun_.USER_ID, useraccoun_.enabled as enabled2_6_, useraccoun_.password as password3_6_, useraccoun_.username as username4_6_ from USERACCOUNT useraccoun_ where useraccoun_.USER_ID=?
DEBUG AbstractEntityPersister -  Insert 0: insert into USERACCOUNT (enabled, password, username, USER_ID) values (?, ?, ?, ?)
DEBUG AbstractEntityPersister -  Update 0: update USERACCOUNT set enabled=?, password=?, username=? where USER_ID=?
DEBUG AbstractEntityPersister -  Delete 0: delete from USERACCOUNT where USER_ID=?
DEBUG AbstractEntityPersister -  Identity insert: insert into USERACCOUNT (USER_ID, enabled, password, username) values (default, ?, ?, ?)
DEBUG AbstractEntityPersister - Static SQL for entity: com.expeditors.training.course3demo.model.Product
DEBUG AbstractEntityPersister -  Version select: select PRODUCT_ID from PRODUCT where PRODUCT_ID =?
DEBUG AbstractEntityPersister -  Snapshot select: select product_.PRODUCT_ID, product_.description as descript2_4_, product_.name as name3_4_, product_.price as price4_4_ from PRODUCT product_ where product_.PRODUCT_ID=?
DEBUG AbstractEntityPersister -  Insert 0: insert into PRODUCT (description, name, price, PRODUCT_ID) values (?, ?, ?, ?)
DEBUG AbstractEntityPersister -  Update 0: update PRODUCT set description=?, name=?, price=? where PRODUCT_ID=?
DEBUG AbstractEntityPersister -  Delete 0: delete from PRODUCT where PRODUCT_ID=?
DEBUG AbstractEntityPersister -  Identity insert: insert into PRODUCT (PRODUCT_ID, description, name, price) values (default, ?, ?, ?)
DEBUG AbstractCollectionPersister - Static SQL for collection: com.expeditors.training.course3demo.model.Card.phoneNumbers
DEBUG AbstractCollectionPersister -  Row insert: update PHONE_NUMBER set CARD_ID=?, index=? where PHONE_NUMBER_ID=?
DEBUG AbstractCollectionPersister -  Row update: update PHONE_NUMBER set index=? where PHONE_NUMBER_ID=?
DEBUG AbstractCollectionPersister -  Row delete: update PHONE_NUMBER set CARD_ID=null, index=null where CARD_ID=? and PHONE_NUMBER_ID=?
DEBUG AbstractCollectionPersister -  One-shot delete: update PHONE_NUMBER set CARD_ID=null, index=null where CARD_ID=?
DEBUG AbstractCollectionPersister - Static SQL for collection: com.expeditors.training.course3demo.model.UserAccount.userRoles
DEBUG AbstractCollectionPersister -  Row insert: update USERROLE set ROLE_OWNER=? where ROLE_ID=?
DEBUG AbstractCollectionPersister -  Row update: update USERROLE set  where ROLE_ID=?
DEBUG AbstractCollectionPersister -  Row delete: update USERROLE set ROLE_OWNER=null where ROLE_OWNER=? and ROLE_ID=?
DEBUG AbstractCollectionPersister -  One-shot delete: update USERROLE set ROLE_OWNER=null where ROLE_OWNER=?
DEBUG Loader - Static select for entity com.expeditors.training.course3demo.model.PhoneNumber [NONE]: select phonenumbe0_.PHONE_NUMBER_ID as PHONE1_3_0_, phonenumbe0_.CARD_ID as CARD3_3_0_, phonenumbe0_.PHONE_NUMBER as PHONE2_3_0_ from PHONE_NUMBER phonenumbe0_ where phonenumbe0_.PHONE_NUMBER_ID=?
DEBUG Loader - Static select for entity com.expeditors.training.course3demo.model.PhoneNumber [READ]: select phonenumbe0_.PHONE_NUMBER_ID as PHONE1_3_0_, phonenumbe0_.CARD_ID as CARD3_3_0_, phonenumbe0_.PHONE_NUMBER as PHONE2_3_0_ from PHONE_NUMBER phonenumbe0_ where phonenumbe0_.PHONE_NUMBER_ID=?
DEBUG Loader - Static select for entity com.expeditors.training.course3demo.model.PhoneNumber [UPGRADE]: select phonenumbe0_.PHONE_NUMBER_ID as PHONE1_3_0_, phonenumbe0_.CARD_ID as CARD3_3_0_, phonenumbe0_.PHONE_NUMBER as PHONE2_3_0_ from PHONE_NUMBER phonenumbe0_ where phonenumbe0_.PHONE_NUMBER_ID=?
DEBUG Loader - Static select for entity com.expeditors.training.course3demo.model.PhoneNumber [UPGRADE_NOWAIT]: select phonenumbe0_.PHONE_NUMBER_ID as PHONE1_3_0_, phonenumbe0_.CARD_ID as CARD3_3_0_, phonenumbe0_.PHONE_NUMBER as PHONE2_3_0_ from PHONE_NUMBER phonenumbe0_ where phonenumbe0_.PHONE_NUMBER_ID=?
DEBUG Loader - Static select for entity com.expeditors.training.course3demo.model.PhoneNumber [FORCE]: select phonenumbe0_.PHONE_NUMBER_ID as PHONE1_3_0_, phonenumbe0_.CARD_ID as CARD3_3_0_, phonenumbe0_.PHONE_NUMBER as PHONE2_3_0_ from PHONE_NUMBER phonenumbe0_ where phonenumbe0_.PHONE_NUMBER_ID=?
DEBUG Loader - Static select for entity com.expeditors.training.course3demo.model.PhoneNumber [PESSIMISTIC_READ]: select phonenumbe0_.PHONE_NUMBER_ID as PHONE1_3_0_, phonenumbe0_.CARD_ID as CARD3_3_0_, phonenumbe0_.PHONE_NUMBER as PHONE2_3_0_ from PHONE_NUMBER phonenumbe0_ where phonenumbe0_.PHONE_NUMBER_ID=?
DEBUG Loader - Static select for entity com.expeditors.training.course3demo.model.PhoneNumber [PESSIMISTIC_WRITE]: select phonenumbe0_.PHONE_NUMBER_ID as PHONE1_3_0_, phonenumbe0_.CARD_ID as CARD3_3_0_, phonenumbe0_.PHONE_NUMBER as PHONE2_3_0_ from PHONE_NUMBER phonenumbe0_ where phonenumbe0_.PHONE_NUMBER_ID=?
DEBUG Loader - Static select for entity com.expeditors.training.course3demo.model.PhoneNumber [PESSIMISTIC_FORCE_INCREMENT]: select phonenumbe0_.PHONE_NUMBER_ID as PHONE1_3_0_, phonenumbe0_.CARD_ID as CARD3_3_0_, phonenumbe0_.PHONE_NUMBER as PHONE2_3_0_ from PHONE_NUMBER phonenumbe0_ where phonenumbe0_.PHONE_NUMBER_ID=?
DEBUG Loader - Static select for entity com.expeditors.training.course3demo.model.PhoneNumber [OPTIMISTIC]: select phonenumbe0_.PHONE_NUMBER_ID as PHONE1_3_0_, phonenumbe0_.CARD_ID as CARD3_3_0_, phonenumbe0_.PHONE_NUMBER as PHONE2_3_0_ from PHONE_NUMBER phonenumbe0_ where phonenumbe0_.PHONE_NUMBER_ID=?
DEBUG Loader - Static select for entity com.expeditors.training.course3demo.model.PhoneNumber [OPTIMISTIC_FORCE_INCREMENT]: select phonenumbe0_.PHONE_NUMBER_ID as PHONE1_3_0_, phonenumbe0_.CARD_ID as CARD3_3_0_, phonenumbe0_.PHONE_NUMBER as PHONE2_3_0_ from PHONE_NUMBER phonenumbe0_ where phonenumbe0_.PHONE_NUMBER_ID=?
DEBUG Loader - Static select for action ACTION_MERGE on entity com.expeditors.training.course3demo.model.PhoneNumber: select phonenumbe0_.PHONE_NUMBER_ID as PHONE1_3_0_, phonenumbe0_.CARD_ID as CARD3_3_0_, phonenumbe0_.PHONE_NUMBER as PHONE2_3_0_ from PHONE_NUMBER phonenumbe0_ where phonenumbe0_.PHONE_NUMBER_ID=?
DEBUG Loader - Static select for action ACTION_REFRESH on entity com.expeditors.training.course3demo.model.PhoneNumber: select phonenumbe0_.PHONE_NUMBER_ID as PHONE1_3_0_, phonenumbe0_.CARD_ID as CARD3_3_0_, phonenumbe0_.PHONE_NUMBER as PHONE2_3_0_ from PHONE_NUMBER phonenumbe0_ where phonenumbe0_.PHONE_NUMBER_ID=?
DEBUG Loader - Static select for entity com.expeditors.training.course3demo.model.Shipment [NONE]: select shipment0_.SHIPMENT_ID as SHIPMENT1_5_0_, shipment0_.destination as destinat2_5_0_, shipment0_.name as name3_5_0_, shipment0_.origin as origin4_5_0_, shipment0_.volume as volume5_5_0_ from Shipment shipment0_ where shipment0_.SHIPMENT_ID=?
DEBUG Loader - Static select for entity com.expeditors.training.course3demo.model.Shipment [READ]: select shipment0_.SHIPMENT_ID as SHIPMENT1_5_0_, shipment0_.destination as destinat2_5_0_, shipment0_.name as name3_5_0_, shipment0_.origin as origin4_5_0_, shipment0_.volume as volume5_5_0_ from Shipment shipment0_ where shipment0_.SHIPMENT_ID=?
DEBUG Loader - Static select for entity com.expeditors.training.course3demo.model.Shipment [UPGRADE]: select shipment0_.SHIPMENT_ID as SHIPMENT1_5_0_, shipment0_.destination as destinat2_5_0_, shipment0_.name as name3_5_0_, shipment0_.origin as origin4_5_0_, shipment0_.volume as volume5_5_0_ from Shipment shipment0_ where shipment0_.SHIPMENT_ID=?
DEBUG Loader - Static select for entity com.expeditors.training.course3demo.model.Shipment [UPGRADE_NOWAIT]: select shipment0_.SHIPMENT_ID as SHIPMENT1_5_0_, shipment0_.destination as destinat2_5_0_, shipment0_.name as name3_5_0_, shipment0_.origin as origin4_5_0_, shipment0_.volume as volume5_5_0_ from Shipment shipment0_ where shipment0_.SHIPMENT_ID=?
DEBUG Loader - Static select for entity com.expeditors.training.course3demo.model.Shipment [FORCE]: select shipment0_.SHIPMENT_ID as SHIPMENT1_5_0_, shipment0_.destination as destinat2_5_0_, shipment0_.name as name3_5_0_, shipment0_.origin as origin4_5_0_, shipment0_.volume as volume5_5_0_ from Shipment shipment0_ where shipment0_.SHIPMENT_ID=?
DEBUG Loader - Static select for entity com.expeditors.training.course3demo.model.Shipment [PESSIMISTIC_READ]: select shipment0_.SHIPMENT_ID as SHIPMENT1_5_0_, shipment0_.destination as destinat2_5_0_, shipment0_.name as name3_5_0_, shipment0_.origin as origin4_5_0_, shipment0_.volume as volume5_5_0_ from Shipment shipment0_ where shipment0_.SHIPMENT_ID=?
DEBUG Loader - Static select for entity com.expeditors.training.course3demo.model.Shipment [PESSIMISTIC_WRITE]: select shipment0_.SHIPMENT_ID as SHIPMENT1_5_0_, shipment0_.destination as destinat2_5_0_, shipment0_.name as name3_5_0_, shipment0_.origin as origin4_5_0_, shipment0_.volume as volume5_5_0_ from Shipment shipment0_ where shipment0_.SHIPMENT_ID=?
DEBUG Loader - Static select for entity com.expeditors.training.course3demo.model.Shipment [PESSIMISTIC_FORCE_INCREMENT]: select shipment0_.SHIPMENT_ID as SHIPMENT1_5_0_, shipment0_.destination as destinat2_5_0_, shipment0_.name as name3_5_0_, shipment0_.origin as origin4_5_0_, shipment0_.volume as volume5_5_0_ from Shipment shipment0_ where shipment0_.SHIPMENT_ID=?
DEBUG Loader - Static select for entity com.expeditors.training.course3demo.model.Shipment [OPTIMISTIC]: select shipment0_.SHIPMENT_ID as SHIPMENT1_5_0_, shipment0_.destination as destinat2_5_0_, shipment0_.name as name3_5_0_, shipment0_.origin as origin4_5_0_, shipment0_.volume as volume5_5_0_ from Shipment shipment0_ where shipment0_.SHIPMENT_ID=?
DEBUG Loader - Static select for entity com.expeditors.training.course3demo.model.Shipment [OPTIMISTIC_FORCE_INCREMENT]: select shipment0_.SHIPMENT_ID as SHIPMENT1_5_0_, shipment0_.destination as destinat2_5_0_, shipment0_.name as name3_5_0_, shipment0_.origin as origin4_5_0_, shipment0_.volume as volume5_5_0_ from Shipment shipment0_ where shipment0_.SHIPMENT_ID=?
DEBUG Loader - Static select for action ACTION_MERGE on entity com.expeditors.training.course3demo.model.Shipment: select shipment0_.SHIPMENT_ID as SHIPMENT1_5_0_, shipment0_.destination as destinat2_5_0_, shipment0_.name as name3_5_0_, shipment0_.origin as origin4_5_0_, shipment0_.volume as volume5_5_0_ from Shipment shipment0_ where shipment0_.SHIPMENT_ID=?
DEBUG Loader - Static select for action ACTION_REFRESH on entity com.expeditors.training.course3demo.model.Shipment: select shipment0_.SHIPMENT_ID as SHIPMENT1_5_0_, shipment0_.destination as destinat2_5_0_, shipment0_.name as name3_5_0_, shipment0_.origin as origin4_5_0_, shipment0_.volume as volume5_5_0_ from Shipment shipment0_ where shipment0_.SHIPMENT_ID=?
DEBUG Loader - Static select for entity com.expeditors.training.course3demo.model.Card [NONE]: select card0_.CARD_ID as CARD1_1_2_, card0_.address as address5_1_2_, card0_.amount as amount2_1_2_, card0_.CARD_NUMBER as CARD3_1_2_, card0_.OWNER_NAME as OWNER4_1_2_, address1_.ADDRESS_ID as ADDRESS1_0_0_, address1_.city as city2_0_0_, address1_.state as state3_0_0_, address1_.street as street4_0_0_, phonenumbe2_.CARD_ID as CARD3_1_4_, phonenumbe2_.PHONE_NUMBER_ID as PHONE1_3_4_, phonenumbe2_.index as index4_4_, phonenumbe2_.PHONE_NUMBER_ID as PHONE1_3_1_, phonenumbe2_.CARD_ID as CARD3_3_1_, phonenumbe2_.PHONE_NUMBER as PHONE2_3_1_ from CARD card0_ left outer join ADDRESS address1_ on card0_.address=address1_.ADDRESS_ID left outer join PHONE_NUMBER phonenumbe2_ on card0_.CARD_ID=phonenumbe2_.CARD_ID where card0_.CARD_ID=?
DEBUG Loader - Static select for entity com.expeditors.training.course3demo.model.Card [READ]: select card0_.CARD_ID as CARD1_1_2_, card0_.address as address5_1_2_, card0_.amount as amount2_1_2_, card0_.CARD_NUMBER as CARD3_1_2_, card0_.OWNER_NAME as OWNER4_1_2_, address1_.ADDRESS_ID as ADDRESS1_0_0_, address1_.city as city2_0_0_, address1_.state as state3_0_0_, address1_.street as street4_0_0_, phonenumbe2_.CARD_ID as CARD3_1_4_, phonenumbe2_.PHONE_NUMBER_ID as PHONE1_3_4_, phonenumbe2_.index as index4_4_, phonenumbe2_.PHONE_NUMBER_ID as PHONE1_3_1_, phonenumbe2_.CARD_ID as CARD3_3_1_, phonenumbe2_.PHONE_NUMBER as PHONE2_3_1_ from CARD card0_ left outer join ADDRESS address1_ on card0_.address=address1_.ADDRESS_ID left outer join PHONE_NUMBER phonenumbe2_ on card0_.CARD_ID=phonenumbe2_.CARD_ID where card0_.CARD_ID=?
DEBUG Loader - Static select for entity com.expeditors.training.course3demo.model.Card [UPGRADE]: select card0_.CARD_ID as CARD1_1_0_, card0_.address as address5_1_0_, card0_.amount as amount2_1_0_, card0_.CARD_NUMBER as CARD3_1_0_, card0_.OWNER_NAME as OWNER4_1_0_ from CARD card0_ where card0_.CARD_ID=?
DEBUG Loader - Static select for entity com.expeditors.training.course3demo.model.Card [UPGRADE_NOWAIT]: select card0_.CARD_ID as CARD1_1_0_, card0_.address as address5_1_0_, card0_.amount as amount2_1_0_, card0_.CARD_NUMBER as CARD3_1_0_, card0_.OWNER_NAME as OWNER4_1_0_ from CARD card0_ where card0_.CARD_ID=?
DEBUG Loader - Static select for entity com.expeditors.training.course3demo.model.Card [FORCE]: select card0_.CARD_ID as CARD1_1_0_, card0_.address as address5_1_0_, card0_.amount as amount2_1_0_, card0_.CARD_NUMBER as CARD3_1_0_, card0_.OWNER_NAME as OWNER4_1_0_ from CARD card0_ where card0_.CARD_ID=?
DEBUG Loader - Static select for entity com.expeditors.training.course3demo.model.Card [PESSIMISTIC_READ]: select card0_.CARD_ID as CARD1_1_0_, card0_.address as address5_1_0_, card0_.amount as amount2_1_0_, card0_.CARD_NUMBER as CARD3_1_0_, card0_.OWNER_NAME as OWNER4_1_0_ from CARD card0_ where card0_.CARD_ID=?
DEBUG Loader - Static select for entity com.expeditors.training.course3demo.model.Card [PESSIMISTIC_WRITE]: select card0_.CARD_ID as CARD1_1_0_, card0_.address as address5_1_0_, card0_.amount as amount2_1_0_, card0_.CARD_NUMBER as CARD3_1_0_, card0_.OWNER_NAME as OWNER4_1_0_ from CARD card0_ where card0_.CARD_ID=?
DEBUG Loader - Static select for entity com.expeditors.training.course3demo.model.Card [PESSIMISTIC_FORCE_INCREMENT]: select card0_.CARD_ID as CARD1_1_0_, card0_.address as address5_1_0_, card0_.amount as amount2_1_0_, card0_.CARD_NUMBER as CARD3_1_0_, card0_.OWNER_NAME as OWNER4_1_0_ from CARD card0_ where card0_.CARD_ID=?
DEBUG Loader - Static select for entity com.expeditors.training.course3demo.model.Card [OPTIMISTIC]: select card0_.CARD_ID as CARD1_1_0_, card0_.address as address5_1_0_, card0_.amount as amount2_1_0_, card0_.CARD_NUMBER as CARD3_1_0_, card0_.OWNER_NAME as OWNER4_1_0_ from CARD card0_ where card0_.CARD_ID=?
DEBUG Loader - Static select for entity com.expeditors.training.course3demo.model.Card [OPTIMISTIC_FORCE_INCREMENT]: select card0_.CARD_ID as CARD1_1_0_, card0_.address as address5_1_0_, card0_.amount as amount2_1_0_, card0_.CARD_NUMBER as CARD3_1_0_, card0_.OWNER_NAME as OWNER4_1_0_ from CARD card0_ where card0_.CARD_ID=?
DEBUG Loader - Static select for action ACTION_MERGE on entity com.expeditors.training.course3demo.model.Card: select card0_.CARD_ID as CARD1_1_2_, card0_.address as address5_1_2_, card0_.amount as amount2_1_2_, card0_.CARD_NUMBER as CARD3_1_2_, card0_.OWNER_NAME as OWNER4_1_2_, address1_.ADDRESS_ID as ADDRESS1_0_0_, address1_.city as city2_0_0_, address1_.state as state3_0_0_, address1_.street as street4_0_0_, phonenumbe2_.CARD_ID as CARD3_1_4_, phonenumbe2_.PHONE_NUMBER_ID as PHONE1_3_4_, phonenumbe2_.index as index4_4_, phonenumbe2_.PHONE_NUMBER_ID as PHONE1_3_1_, phonenumbe2_.CARD_ID as CARD3_3_1_, phonenumbe2_.PHONE_NUMBER as PHONE2_3_1_ from CARD card0_ left outer join ADDRESS address1_ on card0_.address=address1_.ADDRESS_ID left outer join PHONE_NUMBER phonenumbe2_ on card0_.CARD_ID=phonenumbe2_.CARD_ID where card0_.CARD_ID=?
DEBUG Loader - Static select for action ACTION_REFRESH on entity com.expeditors.training.course3demo.model.Card: select card0_.CARD_ID as CARD1_1_2_, card0_.address as address5_1_2_, card0_.amount as amount2_1_2_, card0_.CARD_NUMBER as CARD3_1_2_, card0_.OWNER_NAME as OWNER4_1_2_, address1_.ADDRESS_ID as ADDRESS1_0_0_, address1_.city as city2_0_0_, address1_.state as state3_0_0_, address1_.street as street4_0_0_, phonenumbe2_.CARD_ID as CARD3_1_4_, phonenumbe2_.PHONE_NUMBER_ID as PHONE1_3_4_, phonenumbe2_.index as index4_4_, phonenumbe2_.PHONE_NUMBER_ID as PHONE1_3_1_, phonenumbe2_.CARD_ID as CARD3_3_1_, phonenumbe2_.PHONE_NUMBER as PHONE2_3_1_ from CARD card0_ left outer join ADDRESS address1_ on card0_.address=address1_.ADDRESS_ID left outer join PHONE_NUMBER phonenumbe2_ on card0_.CARD_ID=phonenumbe2_.CARD_ID where card0_.CARD_ID=?
DEBUG Loader - Static select for entity com.expeditors.training.course3demo.model.Container [NONE]: select container0_.CONTAINER_ID as CONTAINE1_2_0_, container0_.capacity as capacity2_2_0_, container0_.destination as destinat3_2_0_, container0_.location as location4_2_0_, container0_.name as name5_2_0_, container0_.status as status6_2_0_ from Container container0_ where container0_.CONTAINER_ID=?
DEBUG Loader - Static select for entity com.expeditors.training.course3demo.model.Container [READ]: select container0_.CONTAINER_ID as CONTAINE1_2_0_, container0_.capacity as capacity2_2_0_, container0_.destination as destinat3_2_0_, container0_.location as location4_2_0_, container0_.name as name5_2_0_, container0_.status as status6_2_0_ from Container container0_ where container0_.CONTAINER_ID=?
DEBUG Loader - Static select for entity com.expeditors.training.course3demo.model.Container [UPGRADE]: select container0_.CONTAINER_ID as CONTAINE1_2_0_, container0_.capacity as capacity2_2_0_, container0_.destination as destinat3_2_0_, container0_.location as location4_2_0_, container0_.name as name5_2_0_, container0_.status as status6_2_0_ from Container container0_ where container0_.CONTAINER_ID=?
DEBUG Loader - Static select for entity com.expeditors.training.course3demo.model.Container [UPGRADE_NOWAIT]: select container0_.CONTAINER_ID as CONTAINE1_2_0_, container0_.capacity as capacity2_2_0_, container0_.destination as destinat3_2_0_, container0_.location as location4_2_0_, container0_.name as name5_2_0_, container0_.status as status6_2_0_ from Container container0_ where container0_.CONTAINER_ID=?
DEBUG Loader - Static select for entity com.expeditors.training.course3demo.model.Container [FORCE]: select container0_.CONTAINER_ID as CONTAINE1_2_0_, container0_.capacity as capacity2_2_0_, container0_.destination as destinat3_2_0_, container0_.location as location4_2_0_, container0_.name as name5_2_0_, container0_.status as status6_2_0_ from Container container0_ where container0_.CONTAINER_ID=?
DEBUG Loader - Static select for entity com.expeditors.training.course3demo.model.Container [PESSIMISTIC_READ]: select container0_.CONTAINER_ID as CONTAINE1_2_0_, container0_.capacity as capacity2_2_0_, container0_.destination as destinat3_2_0_, container0_.location as location4_2_0_, container0_.name as name5_2_0_, container0_.status as status6_2_0_ from Container container0_ where container0_.CONTAINER_ID=?
DEBUG Loader - Static select for entity com.expeditors.training.course3demo.model.Container [PESSIMISTIC_WRITE]: select container0_.CONTAINER_ID as CONTAINE1_2_0_, container0_.capacity as capacity2_2_0_, container0_.destination as destinat3_2_0_, container0_.location as location4_2_0_, container0_.name as name5_2_0_, container0_.status as status6_2_0_ from Container container0_ where container0_.CONTAINER_ID=?
DEBUG Loader - Static select for entity com.expeditors.training.course3demo.model.Container [PESSIMISTIC_FORCE_INCREMENT]: select container0_.CONTAINER_ID as CONTAINE1_2_0_, container0_.capacity as capacity2_2_0_, container0_.destination as destinat3_2_0_, container0_.location as location4_2_0_, container0_.name as name5_2_0_, container0_.status as status6_2_0_ from Container container0_ where container0_.CONTAINER_ID=?
DEBUG Loader - Static select for entity com.expeditors.training.course3demo.model.Container [OPTIMISTIC]: select container0_.CONTAINER_ID as CONTAINE1_2_0_, container0_.capacity as capacity2_2_0_, container0_.destination as destinat3_2_0_, container0_.location as location4_2_0_, container0_.name as name5_2_0_, container0_.status as status6_2_0_ from Container container0_ where container0_.CONTAINER_ID=?
DEBUG Loader - Static select for entity com.expeditors.training.course3demo.model.Container [OPTIMISTIC_FORCE_INCREMENT]: select container0_.CONTAINER_ID as CONTAINE1_2_0_, container0_.capacity as capacity2_2_0_, container0_.destination as destinat3_2_0_, container0_.location as location4_2_0_, container0_.name as name5_2_0_, container0_.status as status6_2_0_ from Container container0_ where container0_.CONTAINER_ID=?
DEBUG Loader - Static select for action ACTION_MERGE on entity com.expeditors.training.course3demo.model.Container: select container0_.CONTAINER_ID as CONTAINE1_2_0_, container0_.capacity as capacity2_2_0_, container0_.destination as destinat3_2_0_, container0_.location as location4_2_0_, container0_.name as name5_2_0_, container0_.status as status6_2_0_ from Container container0_ where container0_.CONTAINER_ID=?
DEBUG Loader - Static select for action ACTION_REFRESH on entity com.expeditors.training.course3demo.model.Container: select container0_.CONTAINER_ID as CONTAINE1_2_0_, container0_.capacity as capacity2_2_0_, container0_.destination as destinat3_2_0_, container0_.location as location4_2_0_, container0_.name as name5_2_0_, container0_.status as status6_2_0_ from Container container0_ where container0_.CONTAINER_ID=?
DEBUG Loader - Static select for entity com.expeditors.training.course3demo.model.UserRole [NONE]: select userrole0_.ROLE_ID as ROLE1_7_0_, userrole0_.ROLE_NAME as ROLE2_7_0_, userrole0_.ROLE_OWNER as ROLE3_7_0_ from USERROLE userrole0_ where userrole0_.ROLE_ID=?
DEBUG Loader - Static select for entity com.expeditors.training.course3demo.model.UserRole [READ]: select userrole0_.ROLE_ID as ROLE1_7_0_, userrole0_.ROLE_NAME as ROLE2_7_0_, userrole0_.ROLE_OWNER as ROLE3_7_0_ from USERROLE userrole0_ where userrole0_.ROLE_ID=?
DEBUG Loader - Static select for entity com.expeditors.training.course3demo.model.UserRole [UPGRADE]: select userrole0_.ROLE_ID as ROLE1_7_0_, userrole0_.ROLE_NAME as ROLE2_7_0_, userrole0_.ROLE_OWNER as ROLE3_7_0_ from USERROLE userrole0_ where userrole0_.ROLE_ID=?
DEBUG Loader - Static select for entity com.expeditors.training.course3demo.model.UserRole [UPGRADE_NOWAIT]: select userrole0_.ROLE_ID as ROLE1_7_0_, userrole0_.ROLE_NAME as ROLE2_7_0_, userrole0_.ROLE_OWNER as ROLE3_7_0_ from USERROLE userrole0_ where userrole0_.ROLE_ID=?
DEBUG Loader - Static select for entity com.expeditors.training.course3demo.model.UserRole [FORCE]: select userrole0_.ROLE_ID as ROLE1_7_0_, userrole0_.ROLE_NAME as ROLE2_7_0_, userrole0_.ROLE_OWNER as ROLE3_7_0_ from USERROLE userrole0_ where userrole0_.ROLE_ID=?
DEBUG Loader - Static select for entity com.expeditors.training.course3demo.model.UserRole [PESSIMISTIC_READ]: select userrole0_.ROLE_ID as ROLE1_7_0_, userrole0_.ROLE_NAME as ROLE2_7_0_, userrole0_.ROLE_OWNER as ROLE3_7_0_ from USERROLE userrole0_ where userrole0_.ROLE_ID=?
DEBUG Loader - Static select for entity com.expeditors.training.course3demo.model.UserRole [PESSIMISTIC_WRITE]: select userrole0_.ROLE_ID as ROLE1_7_0_, userrole0_.ROLE_NAME as ROLE2_7_0_, userrole0_.ROLE_OWNER as ROLE3_7_0_ from USERROLE userrole0_ where userrole0_.ROLE_ID=?
DEBUG Loader - Static select for entity com.expeditors.training.course3demo.model.UserRole [PESSIMISTIC_FORCE_INCREMENT]: select userrole0_.ROLE_ID as ROLE1_7_0_, userrole0_.ROLE_NAME as ROLE2_7_0_, userrole0_.ROLE_OWNER as ROLE3_7_0_ from USERROLE userrole0_ where userrole0_.ROLE_ID=?
DEBUG Loader - Static select for entity com.expeditors.training.course3demo.model.UserRole [OPTIMISTIC]: select userrole0_.ROLE_ID as ROLE1_7_0_, userrole0_.ROLE_NAME as ROLE2_7_0_, userrole0_.ROLE_OWNER as ROLE3_7_0_ from USERROLE userrole0_ where userrole0_.ROLE_ID=?
DEBUG Loader - Static select for entity com.expeditors.training.course3demo.model.UserRole [OPTIMISTIC_FORCE_INCREMENT]: select userrole0_.ROLE_ID as ROLE1_7_0_, userrole0_.ROLE_NAME as ROLE2_7_0_, userrole0_.ROLE_OWNER as ROLE3_7_0_ from USERROLE userrole0_ where userrole0_.ROLE_ID=?
DEBUG Loader - Static select for action ACTION_MERGE on entity com.expeditors.training.course3demo.model.UserRole: select userrole0_.ROLE_ID as ROLE1_7_0_, userrole0_.ROLE_NAME as ROLE2_7_0_, userrole0_.ROLE_OWNER as ROLE3_7_0_ from USERROLE userrole0_ where userrole0_.ROLE_ID=?
DEBUG Loader - Static select for action ACTION_REFRESH on entity com.expeditors.training.course3demo.model.UserRole: select userrole0_.ROLE_ID as ROLE1_7_0_, userrole0_.ROLE_NAME as ROLE2_7_0_, userrole0_.ROLE_OWNER as ROLE3_7_0_ from USERROLE userrole0_ where userrole0_.ROLE_ID=?
DEBUG Loader - Static select for entity com.expeditors.training.course3demo.model.Address [NONE]: select address0_.ADDRESS_ID as ADDRESS1_0_0_, address0_.city as city2_0_0_, address0_.state as state3_0_0_, address0_.street as street4_0_0_ from ADDRESS address0_ where address0_.ADDRESS_ID=?
DEBUG Loader - Static select for entity com.expeditors.training.course3demo.model.Address [READ]: select address0_.ADDRESS_ID as ADDRESS1_0_0_, address0_.city as city2_0_0_, address0_.state as state3_0_0_, address0_.street as street4_0_0_ from ADDRESS address0_ where address0_.ADDRESS_ID=?
DEBUG Loader - Static select for entity com.expeditors.training.course3demo.model.Address [UPGRADE]: select address0_.ADDRESS_ID as ADDRESS1_0_0_, address0_.city as city2_0_0_, address0_.state as state3_0_0_, address0_.street as street4_0_0_ from ADDRESS address0_ where address0_.ADDRESS_ID=?
DEBUG Loader - Static select for entity com.expeditors.training.course3demo.model.Address [UPGRADE_NOWAIT]: select address0_.ADDRESS_ID as ADDRESS1_0_0_, address0_.city as city2_0_0_, address0_.state as state3_0_0_, address0_.street as street4_0_0_ from ADDRESS address0_ where address0_.ADDRESS_ID=?
DEBUG Loader - Static select for entity com.expeditors.training.course3demo.model.Address [FORCE]: select address0_.ADDRESS_ID as ADDRESS1_0_0_, address0_.city as city2_0_0_, address0_.state as state3_0_0_, address0_.street as street4_0_0_ from ADDRESS address0_ where address0_.ADDRESS_ID=?
DEBUG Loader - Static select for entity com.expeditors.training.course3demo.model.Address [PESSIMISTIC_READ]: select address0_.ADDRESS_ID as ADDRESS1_0_0_, address0_.city as city2_0_0_, address0_.state as state3_0_0_, address0_.street as street4_0_0_ from ADDRESS address0_ where address0_.ADDRESS_ID=?
DEBUG Loader - Static select for entity com.expeditors.training.course3demo.model.Address [PESSIMISTIC_WRITE]: select address0_.ADDRESS_ID as ADDRESS1_0_0_, address0_.city as city2_0_0_, address0_.state as state3_0_0_, address0_.street as street4_0_0_ from ADDRESS address0_ where address0_.ADDRESS_ID=?
DEBUG Loader - Static select for entity com.expeditors.training.course3demo.model.Address [PESSIMISTIC_FORCE_INCREMENT]: select address0_.ADDRESS_ID as ADDRESS1_0_0_, address0_.city as city2_0_0_, address0_.state as state3_0_0_, address0_.street as street4_0_0_ from ADDRESS address0_ where address0_.ADDRESS_ID=?
DEBUG Loader - Static select for entity com.expeditors.training.course3demo.model.Address [OPTIMISTIC]: select address0_.ADDRESS_ID as ADDRESS1_0_0_, address0_.city as city2_0_0_, address0_.state as state3_0_0_, address0_.street as street4_0_0_ from ADDRESS address0_ where address0_.ADDRESS_ID=?
DEBUG Loader - Static select for entity com.expeditors.training.course3demo.model.Address [OPTIMISTIC_FORCE_INCREMENT]: select address0_.ADDRESS_ID as ADDRESS1_0_0_, address0_.city as city2_0_0_, address0_.state as state3_0_0_, address0_.street as street4_0_0_ from ADDRESS address0_ where address0_.ADDRESS_ID=?
DEBUG Loader - Static select for action ACTION_MERGE on entity com.expeditors.training.course3demo.model.Address: select address0_.ADDRESS_ID as ADDRESS1_0_0_, address0_.city as city2_0_0_, address0_.state as state3_0_0_, address0_.street as street4_0_0_ from ADDRESS address0_ where address0_.ADDRESS_ID=?
DEBUG Loader - Static select for action ACTION_REFRESH on entity com.expeditors.training.course3demo.model.Address: select address0_.ADDRESS_ID as ADDRESS1_0_0_, address0_.city as city2_0_0_, address0_.state as state3_0_0_, address0_.street as street4_0_0_ from ADDRESS address0_ where address0_.ADDRESS_ID=?
DEBUG Loader - Static select for entity com.expeditors.training.course3demo.model.UserAccount [NONE]: select useraccoun0_.USER_ID as USER1_6_1_, useraccoun0_.enabled as enabled2_6_1_, useraccoun0_.password as password3_6_1_, useraccoun0_.username as username4_6_1_, userroles1_.ROLE_OWNER as ROLE3_6_3_, userroles1_.ROLE_ID as ROLE1_7_3_, userroles1_.ROLE_ID as ROLE1_7_0_, userroles1_.ROLE_NAME as ROLE2_7_0_, userroles1_.ROLE_OWNER as ROLE3_7_0_ from USERACCOUNT useraccoun0_ left outer join USERROLE userroles1_ on useraccoun0_.USER_ID=userroles1_.ROLE_OWNER where useraccoun0_.USER_ID=?
DEBUG Loader - Static select for entity com.expeditors.training.course3demo.model.UserAccount [READ]: select useraccoun0_.USER_ID as USER1_6_1_, useraccoun0_.enabled as enabled2_6_1_, useraccoun0_.password as password3_6_1_, useraccoun0_.username as username4_6_1_, userroles1_.ROLE_OWNER as ROLE3_6_3_, userroles1_.ROLE_ID as ROLE1_7_3_, userroles1_.ROLE_ID as ROLE1_7_0_, userroles1_.ROLE_NAME as ROLE2_7_0_, userroles1_.ROLE_OWNER as ROLE3_7_0_ from USERACCOUNT useraccoun0_ left outer join USERROLE userroles1_ on useraccoun0_.USER_ID=userroles1_.ROLE_OWNER where useraccoun0_.USER_ID=?
DEBUG Loader - Static select for entity com.expeditors.training.course3demo.model.UserAccount [UPGRADE]: select useraccoun0_.USER_ID as USER1_6_0_, useraccoun0_.enabled as enabled2_6_0_, useraccoun0_.password as password3_6_0_, useraccoun0_.username as username4_6_0_ from USERACCOUNT useraccoun0_ where useraccoun0_.USER_ID=?
DEBUG Loader - Static select for entity com.expeditors.training.course3demo.model.UserAccount [UPGRADE_NOWAIT]: select useraccoun0_.USER_ID as USER1_6_0_, useraccoun0_.enabled as enabled2_6_0_, useraccoun0_.password as password3_6_0_, useraccoun0_.username as username4_6_0_ from USERACCOUNT useraccoun0_ where useraccoun0_.USER_ID=?
DEBUG Loader - Static select for entity com.expeditors.training.course3demo.model.UserAccount [FORCE]: select useraccoun0_.USER_ID as USER1_6_0_, useraccoun0_.enabled as enabled2_6_0_, useraccoun0_.password as password3_6_0_, useraccoun0_.username as username4_6_0_ from USERACCOUNT useraccoun0_ where useraccoun0_.USER_ID=?
DEBUG Loader - Static select for entity com.expeditors.training.course3demo.model.UserAccount [PESSIMISTIC_READ]: select useraccoun0_.USER_ID as USER1_6_0_, useraccoun0_.enabled as enabled2_6_0_, useraccoun0_.password as password3_6_0_, useraccoun0_.username as username4_6_0_ from USERACCOUNT useraccoun0_ where useraccoun0_.USER_ID=?
DEBUG Loader - Static select for entity com.expeditors.training.course3demo.model.UserAccount [PESSIMISTIC_WRITE]: select useraccoun0_.USER_ID as USER1_6_0_, useraccoun0_.enabled as enabled2_6_0_, useraccoun0_.password as password3_6_0_, useraccoun0_.username as username4_6_0_ from USERACCOUNT useraccoun0_ where useraccoun0_.USER_ID=?
DEBUG Loader - Static select for entity com.expeditors.training.course3demo.model.UserAccount [PESSIMISTIC_FORCE_INCREMENT]: select useraccoun0_.USER_ID as USER1_6_0_, useraccoun0_.enabled as enabled2_6_0_, useraccoun0_.password as password3_6_0_, useraccoun0_.username as username4_6_0_ from USERACCOUNT useraccoun0_ where useraccoun0_.USER_ID=?
DEBUG Loader - Static select for entity com.expeditors.training.course3demo.model.UserAccount [OPTIMISTIC]: select useraccoun0_.USER_ID as USER1_6_0_, useraccoun0_.enabled as enabled2_6_0_, useraccoun0_.password as password3_6_0_, useraccoun0_.username as username4_6_0_ from USERACCOUNT useraccoun0_ where useraccoun0_.USER_ID=?
DEBUG Loader - Static select for entity com.expeditors.training.course3demo.model.UserAccount [OPTIMISTIC_FORCE_INCREMENT]: select useraccoun0_.USER_ID as USER1_6_0_, useraccoun0_.enabled as enabled2_6_0_, useraccoun0_.password as password3_6_0_, useraccoun0_.username as username4_6_0_ from USERACCOUNT useraccoun0_ where useraccoun0_.USER_ID=?
DEBUG Loader - Static select for action ACTION_MERGE on entity com.expeditors.training.course3demo.model.UserAccount: select useraccoun0_.USER_ID as USER1_6_1_, useraccoun0_.enabled as enabled2_6_1_, useraccoun0_.password as password3_6_1_, useraccoun0_.username as username4_6_1_, userroles1_.ROLE_OWNER as ROLE3_6_3_, userroles1_.ROLE_ID as ROLE1_7_3_, userroles1_.ROLE_ID as ROLE1_7_0_, userroles1_.ROLE_NAME as ROLE2_7_0_, userroles1_.ROLE_OWNER as ROLE3_7_0_ from USERACCOUNT useraccoun0_ left outer join USERROLE userroles1_ on useraccoun0_.USER_ID=userroles1_.ROLE_OWNER where useraccoun0_.USER_ID=?
DEBUG Loader - Static select for action ACTION_REFRESH on entity com.expeditors.training.course3demo.model.UserAccount: select useraccoun0_.USER_ID as USER1_6_1_, useraccoun0_.enabled as enabled2_6_1_, useraccoun0_.password as password3_6_1_, useraccoun0_.username as username4_6_1_, userroles1_.ROLE_OWNER as ROLE3_6_3_, userroles1_.ROLE_ID as ROLE1_7_3_, userroles1_.ROLE_ID as ROLE1_7_0_, userroles1_.ROLE_NAME as ROLE2_7_0_, userroles1_.ROLE_OWNER as ROLE3_7_0_ from USERACCOUNT useraccoun0_ left outer join USERROLE userroles1_ on useraccoun0_.USER_ID=userroles1_.ROLE_OWNER where useraccoun0_.USER_ID=?
DEBUG Loader - Static select for entity com.expeditors.training.course3demo.model.Product [NONE]: select product0_.PRODUCT_ID as PRODUCT1_4_0_, product0_.description as descript2_4_0_, product0_.name as name3_4_0_, product0_.price as price4_4_0_ from PRODUCT product0_ where product0_.PRODUCT_ID=?
DEBUG Loader - Static select for entity com.expeditors.training.course3demo.model.Product [READ]: select product0_.PRODUCT_ID as PRODUCT1_4_0_, product0_.description as descript2_4_0_, product0_.name as name3_4_0_, product0_.price as price4_4_0_ from PRODUCT product0_ where product0_.PRODUCT_ID=?
DEBUG Loader - Static select for entity com.expeditors.training.course3demo.model.Product [UPGRADE]: select product0_.PRODUCT_ID as PRODUCT1_4_0_, product0_.description as descript2_4_0_, product0_.name as name3_4_0_, product0_.price as price4_4_0_ from PRODUCT product0_ where product0_.PRODUCT_ID=?
DEBUG Loader - Static select for entity com.expeditors.training.course3demo.model.Product [UPGRADE_NOWAIT]: select product0_.PRODUCT_ID as PRODUCT1_4_0_, product0_.description as descript2_4_0_, product0_.name as name3_4_0_, product0_.price as price4_4_0_ from PRODUCT product0_ where product0_.PRODUCT_ID=?
DEBUG Loader - Static select for entity com.expeditors.training.course3demo.model.Product [FORCE]: select product0_.PRODUCT_ID as PRODUCT1_4_0_, product0_.description as descript2_4_0_, product0_.name as name3_4_0_, product0_.price as price4_4_0_ from PRODUCT product0_ where product0_.PRODUCT_ID=?
DEBUG Loader - Static select for entity com.expeditors.training.course3demo.model.Product [PESSIMISTIC_READ]: select product0_.PRODUCT_ID as PRODUCT1_4_0_, product0_.description as descript2_4_0_, product0_.name as name3_4_0_, product0_.price as price4_4_0_ from PRODUCT product0_ where product0_.PRODUCT_ID=?
DEBUG Loader - Static select for entity com.expeditors.training.course3demo.model.Product [PESSIMISTIC_WRITE]: select product0_.PRODUCT_ID as PRODUCT1_4_0_, product0_.description as descript2_4_0_, product0_.name as name3_4_0_, product0_.price as price4_4_0_ from PRODUCT product0_ where product0_.PRODUCT_ID=?
DEBUG Loader - Static select for entity com.expeditors.training.course3demo.model.Product [PESSIMISTIC_FORCE_INCREMENT]: select product0_.PRODUCT_ID as PRODUCT1_4_0_, product0_.description as descript2_4_0_, product0_.name as name3_4_0_, product0_.price as price4_4_0_ from PRODUCT product0_ where product0_.PRODUCT_ID=?
DEBUG Loader - Static select for entity com.expeditors.training.course3demo.model.Product [OPTIMISTIC]: select product0_.PRODUCT_ID as PRODUCT1_4_0_, product0_.description as descript2_4_0_, product0_.name as name3_4_0_, product0_.price as price4_4_0_ from PRODUCT product0_ where product0_.PRODUCT_ID=?
DEBUG Loader - Static select for entity com.expeditors.training.course3demo.model.Product [OPTIMISTIC_FORCE_INCREMENT]: select product0_.PRODUCT_ID as PRODUCT1_4_0_, product0_.description as descript2_4_0_, product0_.name as name3_4_0_, product0_.price as price4_4_0_ from PRODUCT product0_ where product0_.PRODUCT_ID=?
DEBUG Loader - Static select for action ACTION_MERGE on entity com.expeditors.training.course3demo.model.Product: select product0_.PRODUCT_ID as PRODUCT1_4_0_, product0_.description as descript2_4_0_, product0_.name as name3_4_0_, product0_.price as price4_4_0_ from PRODUCT product0_ where product0_.PRODUCT_ID=?
DEBUG Loader - Static select for action ACTION_REFRESH on entity com.expeditors.training.course3demo.model.Product: select product0_.PRODUCT_ID as PRODUCT1_4_0_, product0_.description as descript2_4_0_, product0_.name as name3_4_0_, product0_.price as price4_4_0_ from PRODUCT product0_ where product0_.PRODUCT_ID=?
DEBUG OneToManyLoader - Static select for one-to-many com.expeditors.training.course3demo.model.Card.phoneNumbers: select phonenumbe0_.CARD_ID as CARD3_1_1_, phonenumbe0_.PHONE_NUMBER_ID as PHONE1_3_1_, phonenumbe0_.index as index4_1_, phonenumbe0_.PHONE_NUMBER_ID as PHONE1_3_0_, phonenumbe0_.CARD_ID as CARD3_3_0_, phonenumbe0_.PHONE_NUMBER as PHONE2_3_0_ from PHONE_NUMBER phonenumbe0_ where phonenumbe0_.CARD_ID=?
DEBUG OneToManyLoader - Static select for one-to-many com.expeditors.training.course3demo.model.UserAccount.userRoles: select userroles0_.ROLE_OWNER as ROLE3_6_1_, userroles0_.ROLE_ID as ROLE1_7_1_, userroles0_.ROLE_ID as ROLE1_7_0_, userroles0_.ROLE_NAME as ROLE2_7_0_, userroles0_.ROLE_OWNER as ROLE3_7_0_ from USERROLE userroles0_ where userroles0_.ROLE_OWNER=?
DEBUG SessionFactoryRegistry - Initializing SessionFactoryRegistry : org.hibernate.internal.SessionFactoryRegistry@77e80a5e
DEBUG SessionFactoryRegistry - Registering SessionFactory: 1f282eb8-8383-44ac-8497-984878d6df4f (&lt;unnamed&gt;)
DEBUG SessionFactoryRegistry - Not binding SessionFactory to JNDI, no JNDI name configured
DEBUG SessionFactoryImpl - Instantiated session factory
DEBUG Configuration - Processing hbm.xml files
DEBUG Configuration - Process annotated classes
DEBUG Configuration - Processing fk mappings (*ToOne and JoinedSubclass)
DEBUG Configuration - Processing extends queue
DEBUG Configuration - Processing extends queue
DEBUG Configuration - Processing collection mappings
DEBUG Configuration - Processing native query and ResultSetMapping mappings
DEBUG Configuration - Processing association property references
DEBUG Configuration - Creating tables&apos; unique integer identifiers
DEBUG Configuration - Processing foreign key constraints
DEBUG Configuration - Resolving reference to class: com.expeditors.training.course3demo.model.Address
DEBUG Configuration - Resolving reference to class: com.expeditors.training.course3demo.model.Card
DEBUG Configuration - Resolving reference to class: com.expeditors.training.course3demo.model.UserAccount
DEBUG DefaultIdentifierGeneratorFactory - Setting dialect [org.hibernate.dialect.HSQLDialect]
DEBUG DefaultIdentifierGeneratorFactory - Setting dialect [org.hibernate.dialect.HSQLDialect]
DEBUG DefaultIdentifierGeneratorFactory - Setting dialect [org.hibernate.dialect.HSQLDialect]
DEBUG DefaultIdentifierGeneratorFactory - Setting dialect [org.hibernate.dialect.HSQLDialect]
DEBUG DefaultIdentifierGeneratorFactory - Setting dialect [org.hibernate.dialect.HSQLDialect]
DEBUG DefaultIdentifierGeneratorFactory - Setting dialect [org.hibernate.dialect.HSQLDialect]
DEBUG DefaultIdentifierGeneratorFactory - Setting dialect [org.hibernate.dialect.HSQLDialect]
DEBUG DefaultIdentifierGeneratorFactory - Setting dialect [org.hibernate.dialect.HSQLDialect]
DEBUG Configuration - Processing hbm.xml files
DEBUG Configuration - Process annotated classes
DEBUG Configuration - Processing fk mappings (*ToOne and JoinedSubclass)
DEBUG Configuration - Processing extends queue
DEBUG Configuration - Processing extends queue
DEBUG Configuration - Processing collection mappings
DEBUG Configuration - Processing native query and ResultSetMapping mappings
DEBUG Configuration - Processing association property references
DEBUG Configuration - Creating tables&apos; unique integer identifiers
DEBUG Configuration - Processing foreign key constraints
DEBUG Configuration - Resolving reference to class: com.expeditors.training.course3demo.model.Address
DEBUG Configuration - Resolving reference to class: com.expeditors.training.course3demo.model.Card
DEBUG Configuration - Resolving reference to class: com.expeditors.training.course3demo.model.UserAccount
DEBUG DefaultIdentifierGeneratorFactory - Setting dialect [org.hibernate.dialect.HSQLDialect]
DEBUG DefaultIdentifierGeneratorFactory - Setting dialect [org.hibernate.dialect.HSQLDialect]
DEBUG DefaultIdentifierGeneratorFactory - Setting dialect [org.hibernate.dialect.HSQLDialect]
DEBUG DefaultIdentifierGeneratorFactory - Setting dialect [org.hibernate.dialect.HSQLDialect]
DEBUG DefaultIdentifierGeneratorFactory - Setting dialect [org.hibernate.dialect.HSQLDialect]
DEBUG DefaultIdentifierGeneratorFactory - Setting dialect [org.hibernate.dialect.HSQLDialect]
DEBUG DefaultIdentifierGeneratorFactory - Setting dialect [org.hibernate.dialect.HSQLDialect]
DEBUG DefaultIdentifierGeneratorFactory - Setting dialect [org.hibernate.dialect.HSQLDialect]
DEBUG DefaultIdentifierGeneratorFactory - Setting dialect [org.hibernate.dialect.HSQLDialect]
DEBUG DefaultIdentifierGeneratorFactory - Setting dialect [org.hibernate.dialect.HSQLDialect]
DEBUG DefaultIdentifierGeneratorFactory - Setting dialect [org.hibernate.dialect.HSQLDialect]
DEBUG DefaultIdentifierGeneratorFactory - Setting dialect [org.hibernate.dialect.HSQLDialect]
DEBUG DefaultIdentifierGeneratorFactory - Setting dialect [org.hibernate.dialect.HSQLDialect]
DEBUG DefaultIdentifierGeneratorFactory - Setting dialect [org.hibernate.dialect.HSQLDialect]
DEBUG DefaultIdentifierGeneratorFactory - Setting dialect [org.hibernate.dialect.HSQLDialect]
DEBUG DefaultIdentifierGeneratorFactory - Setting dialect [org.hibernate.dialect.HSQLDialect]
INFO  SchemaExport - HHH000227: Running hbm2ddl schema export
DEBUG SchemaExport - Import file not found: /import.sql
DEBUG SQL - alter table CARD drop constraint FK_8e5b620854644b409b180b59935
Hibernate: alter table CARD drop constraint FK_8e5b620854644b409b180b59935
ERROR SchemaExport - HHH000389: Unsuccessful: alter table CARD drop constraint FK_8e5b620854644b409b180b59935
ERROR SchemaExport - user lacks privilege or object not found: PUBLIC.CARD
DEBUG SQL - alter table PHONE_NUMBER drop constraint FK_af6b89d998f64636b6bb21e9341
Hibernate: alter table PHONE_NUMBER drop constraint FK_af6b89d998f64636b6bb21e9341
ERROR SchemaExport - HHH000389: Unsuccessful: alter table PHONE_NUMBER drop constraint FK_af6b89d998f64636b6bb21e9341
ERROR SchemaExport - user lacks privilege or object not found: PUBLIC.PHONE_NUMBER
DEBUG SQL - alter table USERROLE drop constraint FK_d353f6e9c5234760b48e7eb1226
Hibernate: alter table USERROLE drop constraint FK_d353f6e9c5234760b48e7eb1226
ERROR SchemaExport - HHH000389: Unsuccessful: alter table USERROLE drop constraint FK_d353f6e9c5234760b48e7eb1226
ERROR SchemaExport - user lacks privilege or object not found: PUBLIC.USERROLE
DEBUG SQL - drop table ADDRESS if exists
Hibernate: drop table ADDRESS if exists
DEBUG SQL - drop table CARD if exists
Hibernate: drop table CARD if exists
DEBUG SQL - drop table Container if exists
Hibernate: drop table Container if exists
DEBUG SQL - drop table PHONE_NUMBER if exists
Hibernate: drop table PHONE_NUMBER if exists
DEBUG SQL - drop table PRODUCT if exists
Hibernate: drop table PRODUCT if exists
DEBUG SQL - drop table Shipment if exists
Hibernate: drop table Shipment if exists
DEBUG SQL - drop table USERACCOUNT if exists
Hibernate: drop table USERACCOUNT if exists
DEBUG SQL - drop table USERROLE if exists
Hibernate: drop table USERROLE if exists
DEBUG SQL - create table ADDRESS (ADDRESS_ID bigint generated by default as identity (start with 1), city varchar(255) not null, state CHAR(2) not null, street varchar(255) not null, primary key (ADDRESS_ID))
Hibernate: create table ADDRESS (ADDRESS_ID bigint generated by default as identity (start with 1), city varchar(255) not null, state CHAR(2) not null, street varchar(255) not null, primary key (ADDRESS_ID))
DEBUG SQL - create table CARD (CARD_ID bigint generated by default as identity (start with 1), amount double, CARD_NUMBER char not null, OWNER_NAME varchar(255) not null, address bigint, primary key (CARD_ID))
Hibernate: create table CARD (CARD_ID bigint generated by default as identity (start with 1), amount double, CARD_NUMBER char not null, OWNER_NAME varchar(255) not null, address bigint, primary key (CARD_ID))
DEBUG SQL - create table Container (CONTAINER_ID bigint generated by default as identity (start with 1), capacity double not null check (capacity&gt;=0), destination varchar(255), location varchar(255), name varchar(40), status varchar(255), primary key (CONTAINER_ID))
Hibernate: create table Container (CONTAINER_ID bigint generated by default as identity (start with 1), capacity double not null check (capacity&gt;=0), destination varchar(255), location varchar(255), name varchar(40), status varchar(255), primary key (CONTAINER_ID))
DEBUG SQL - create table PHONE_NUMBER (PHONE_NUMBER_ID bigint generated by default as identity (start with 1), PHONE_NUMBER char not null, CARD_ID bigint not null, index integer, primary key (PHONE_NUMBER_ID))
Hibernate: create table PHONE_NUMBER (PHONE_NUMBER_ID bigint generated by default as identity (start with 1), PHONE_NUMBER char not null, CARD_ID bigint not null, index integer, primary key (PHONE_NUMBER_ID))
DEBUG SQL - create table PRODUCT (PRODUCT_ID bigint generated by default as identity (start with 1), description varchar(255), name varchar(255), price double, primary key (PRODUCT_ID))
Hibernate: create table PRODUCT (PRODUCT_ID bigint generated by default as identity (start with 1), description varchar(255), name varchar(255), price double, primary key (PRODUCT_ID))
DEBUG SQL - create table Shipment (SHIPMENT_ID bigint generated by default as identity (start with 1), destination varchar(255), name varchar(40), origin varchar(255), volume double not null check (volume&gt;=0), primary key (SHIPMENT_ID))
Hibernate: create table Shipment (SHIPMENT_ID bigint generated by default as identity (start with 1), destination varchar(255), name varchar(40), origin varchar(255), volume double not null check (volume&gt;=0), primary key (SHIPMENT_ID))
DEBUG SQL - create table USERACCOUNT (USER_ID bigint generated by default as identity (start with 1), enabled boolean, password varchar(50), username varchar(255), primary key (USER_ID))
Hibernate: create table USERACCOUNT (USER_ID bigint generated by default as identity (start with 1), enabled boolean, password varchar(50), username varchar(255), primary key (USER_ID))
DEBUG SQL - create table USERROLE (ROLE_ID bigint generated by default as identity (start with 1), ROLE_NAME varchar(40) not null, ROLE_OWNER bigint not null, primary key (ROLE_ID))
Hibernate: create table USERROLE (ROLE_ID bigint generated by default as identity (start with 1), ROLE_NAME varchar(40) not null, ROLE_OWNER bigint not null, primary key (ROLE_ID))
DEBUG SQL - alter table CARD add constraint FK_8e5b620854644b409b180b59935 foreign key (address) references ADDRESS
Hibernate: alter table CARD add constraint FK_8e5b620854644b409b180b59935 foreign key (address) references ADDRESS
DEBUG SQL - alter table PHONE_NUMBER add constraint FK_af6b89d998f64636b6bb21e9341 foreign key (CARD_ID) references CARD
Hibernate: alter table PHONE_NUMBER add constraint FK_af6b89d998f64636b6bb21e9341 foreign key (CARD_ID) references CARD
DEBUG SQL - alter table USERROLE add constraint FK_d353f6e9c5234760b48e7eb1226 foreign key (ROLE_OWNER) references USERACCOUNT
Hibernate: alter table USERROLE add constraint FK_d353f6e9c5234760b48e7eb1226 foreign key (ROLE_OWNER) references USERACCOUNT
INFO  SchemaExport - HHH000230: Schema export complete
DEBUG Configuration - Processing hbm.xml files
DEBUG Configuration - Process annotated classes
DEBUG Configuration - Processing fk mappings (*ToOne and JoinedSubclass)
DEBUG Configuration - Processing extends queue
DEBUG Configuration - Processing extends queue
DEBUG Configuration - Processing collection mappings
DEBUG Configuration - Processing native query and ResultSetMapping mappings
DEBUG Configuration - Processing association property references
DEBUG Configuration - Creating tables&apos; unique integer identifiers
DEBUG Configuration - Processing foreign key constraints
DEBUG Configuration - Resolving reference to class: com.expeditors.training.course3demo.model.Address
DEBUG Configuration - Resolving reference to class: com.expeditors.training.course3demo.model.Card
DEBUG Configuration - Resolving reference to class: com.expeditors.training.course3demo.model.UserAccount
DEBUG DefaultIdentifierGeneratorFactory - Setting dialect [org.hibernate.dialect.HSQLDialect]
DEBUG DefaultIdentifierGeneratorFactory - Setting dialect [org.hibernate.dialect.HSQLDialect]
DEBUG DefaultIdentifierGeneratorFactory - Setting dialect [org.hibernate.dialect.HSQLDialect]
DEBUG DefaultIdentifierGeneratorFactory - Setting dialect [org.hibernate.dialect.HSQLDialect]
DEBUG DefaultIdentifierGeneratorFactory - Setting dialect [org.hibernate.dialect.HSQLDialect]
DEBUG DefaultIdentifierGeneratorFactory - Setting dialect [org.hibernate.dialect.HSQLDialect]
DEBUG DefaultIdentifierGeneratorFactory - Setting dialect [org.hibernate.dialect.HSQLDialect]
DEBUG DefaultIdentifierGeneratorFactory - Setting dialect [org.hibernate.dialect.HSQLDialect]
DEBUG Configuration - Processing hbm.xml files
DEBUG Configuration - Process annotated classes
DEBUG Configuration - Processing fk mappings (*ToOne and JoinedSubclass)
DEBUG Configuration - Processing extends queue
DEBUG Configuration - Processing extends queue
DEBUG Configuration - Processing collection mappings
DEBUG Configuration - Processing native query and ResultSetMapping mappings
DEBUG Configuration - Processing association property references
DEBUG Configuration - Creating tables&apos; unique integer identifiers
DEBUG Configuration - Processing foreign key constraints
DEBUG Configuration - Resolving reference to class: com.expeditors.training.course3demo.model.Address
DEBUG Configuration - Resolving reference to class: com.expeditors.training.course3demo.model.Card
DEBUG Configuration - Resolving reference to class: com.expeditors.training.course3demo.model.UserAccount
DEBUG DefaultIdentifierGeneratorFactory - Setting dialect [org.hibernate.dialect.HSQLDialect]
DEBUG DefaultIdentifierGeneratorFactory - Setting dialect [org.hibernate.dialect.HSQLDialect]
DEBUG DefaultIdentifierGeneratorFactory - Setting dialect [org.hibernate.dialect.HSQLDialect]
DEBUG DefaultIdentifierGeneratorFactory - Setting dialect [org.hibernate.dialect.HSQLDialect]
DEBUG DefaultIdentifierGeneratorFactory - Setting dialect [org.hibernate.dialect.HSQLDialect]
DEBUG DefaultIdentifierGeneratorFactory - Setting dialect [org.hibernate.dialect.HSQLDialect]
DEBUG DefaultIdentifierGeneratorFactory - Setting dialect [org.hibernate.dialect.HSQLDialect]
DEBUG DefaultIdentifierGeneratorFactory - Setting dialect [org.hibernate.dialect.HSQLDialect]
DEBUG DefaultIdentifierGeneratorFactory - Setting dialect [org.hibernate.dialect.HSQLDialect]
DEBUG DefaultIdentifierGeneratorFactory - Setting dialect [org.hibernate.dialect.HSQLDialect]
DEBUG DefaultIdentifierGeneratorFactory - Setting dialect [org.hibernate.dialect.HSQLDialect]
DEBUG DefaultIdentifierGeneratorFactory - Setting dialect [org.hibernate.dialect.HSQLDialect]
DEBUG DefaultIdentifierGeneratorFactory - Setting dialect [org.hibernate.dialect.HSQLDialect]
DEBUG DefaultIdentifierGeneratorFactory - Setting dialect [org.hibernate.dialect.HSQLDialect]
DEBUG DefaultIdentifierGeneratorFactory - Setting dialect [org.hibernate.dialect.HSQLDialect]
DEBUG DefaultIdentifierGeneratorFactory - Setting dialect [org.hibernate.dialect.HSQLDialect]
DEBUG SessionFactoryImpl - Checking 0 named HQL queries
DEBUG SessionFactoryImpl - Checking 0 named SQL queries
DEBUG StatisticsInitiator - Statistics initialized [enabled=false]
DEBUG EntityManagerFactoryRegistry - Initializing EntityManagerFactoryRegistry : org.hibernate.ejb.internal.EntityManagerFactoryRegistry@127d7908
DEBUG EntityManagerFactoryRegistry - Registering EntityManagerFactory: default 
DEBUG SessionFactoryImpl - HHH000031: Closing
INFO  SchemaExport - HHH000227: Running hbm2ddl schema export
DEBUG SchemaExport - Import file not found: /import.sql
DEBUG SQL - alter table CARD drop constraint FK_8e5b620854644b409b180b59935
Hibernate: alter table CARD drop constraint FK_8e5b620854644b409b180b59935
DEBUG SQL - alter table PHONE_NUMBER drop constraint FK_af6b89d998f64636b6bb21e9341
Hibernate: alter table PHONE_NUMBER drop constraint FK_af6b89d998f64636b6bb21e9341
DEBUG SQL - alter table USERROLE drop constraint FK_d353f6e9c5234760b48e7eb1226
Hibernate: alter table USERROLE drop constraint FK_d353f6e9c5234760b48e7eb1226
DEBUG SQL - drop table ADDRESS if exists
Hibernate: drop table ADDRESS if exists
DEBUG SQL - drop table CARD if exists
Hibernate: drop table CARD if exists
DEBUG SQL - drop table Container if exists
Hibernate: drop table Container if exists
DEBUG SQL - drop table PHONE_NUMBER if exists
Hibernate: drop table PHONE_NUMBER if exists
DEBUG SQL - drop table PRODUCT if exists
Hibernate: drop table PRODUCT if exists
DEBUG SQL - drop table Shipment if exists
Hibernate: drop table Shipment if exists
DEBUG SQL - drop table USERACCOUNT if exists
Hibernate: drop table USERACCOUNT if exists
DEBUG SQL - drop table USERROLE if exists
Hibernate: drop table USERROLE if exists
INFO  SchemaExport - HHH000230: Schema export complete
DEBUG EntityManagerFactoryRegistry - Remove: name=default
</system-out>
    <system-err>Mar 02, 2015 10:04:14 AM org.springframework.context.support.AbstractApplicationContext prepareRefresh
INFO: Refreshing org.springframework.web.context.support.GenericWebApplicationContext@62ee68d8: startup date [Mon Mar 02 10:04:14 PST 2015]; root of context hierarchy
Mar 02, 2015 10:04:15 AM org.springframework.jdbc.datasource.DriverManagerDataSource setDriverClassName
INFO: Loaded JDBC driver: org.hsqldb.jdbcDriver
Mar 02, 2015 10:04:15 AM org.springframework.orm.jpa.LocalContainerEntityManagerFactoryBean createNativeEntityManagerFactory
INFO: Building JPA container EntityManagerFactory for persistence unit &apos;default&apos;
Mar 02, 2015 10:04:16 AM org.springframework.beans.factory.support.DefaultListableBeanFactory preInstantiateSingletons
INFO: Pre-instantiating singletons in org.springframework.beans.factory.support.DefaultListableBeanFactory@8646db9: defining beans [org.springframework.context.annotation.internalConfigurationAnnotationProcessor,org.springframework.context.annotation.internalAutowiredAnnotationProcessor,org.springframework.context.annotation.internalRequiredAnnotationProcessor,org.springframework.context.annotation.internalCommonAnnotationProcessor,org.springframework.context.annotation.internalPersistenceAnnotationProcessor,testConfig,org.springframework.context.annotation.ConfigurationClassPostProcessor.importAwareProcessor,cardController,containerController,errorLoginController,homeController,productController,securityController,shipmentController,org.springframework.web.servlet.config.annotation.DelegatingWebMvcConfiguration,requestMappingHandlerMapping,mvcContentNegotiationManager,viewControllerHandlerMapping,beanNameHandlerMapping,resourceHandlerMapping,defaultServletHandlerMapping,requestMappingHandlerAdapter,mvcConversionService,httpRequestHandlerAdapter,simpleControllerHandlerAdapter,handlerExceptionResolver,mvcValidator,com.expeditors.training.course3demo.config.PersistenceJPATestConfig,dataSource,entityManagerFactory,viewResolver,shipmentService,productService,containerService]; root of factory hierarchy
Mar 02, 2015 10:04:16 AM org.springframework.beans.factory.support.DefaultSingletonBeanRegistry destroySingletons
INFO: Destroying singletons in org.springframework.beans.factory.support.DefaultListableBeanFactory@8646db9: defining beans [org.springframework.context.annotation.internalConfigurationAnnotationProcessor,org.springframework.context.annotation.internalAutowiredAnnotationProcessor,org.springframework.context.annotation.internalRequiredAnnotationProcessor,org.springframework.context.annotation.internalCommonAnnotationProcessor,org.springframework.context.annotation.internalPersistenceAnnotationProcessor,testConfig,org.springframework.context.annotation.ConfigurationClassPostProcessor.importAwareProcessor,cardController,containerController,errorLoginController,homeController,productController,securityController,shipmentController,org.springframework.web.servlet.config.annotation.DelegatingWebMvcConfiguration,requestMappingHandlerMapping,mvcContentNegotiationManager,viewControllerHandlerMapping,beanNameHandlerMapping,resourceHandlerMapping,defaultServletHandlerMapping,requestMappingHandlerAdapter,mvcConversionService,httpRequestHandlerAdapter,simpleControllerHandlerAdapter,handlerExceptionResolver,mvcValidator,com.expeditors.training.course3demo.config.PersistenceJPATestConfig,dataSource,entityManagerFactory,viewResolver,shipmentService,productService,containerService]; root of factory hierarchy
Mar 02, 2015 10:04:16 AM org.springframework.orm.jpa.AbstractEntityManagerFactoryBean destroy
INFO: Closing JPA EntityManagerFactory for persistence unit &apos;default&apos;
Mar 02, 2015 10:04:16 AM org.springframework.test.context.TestContextManager prepareTestInstance
SEVERE: Caught exception while allowing TestExecutionListener [org.springframework.test.context.web.ServletTestExecutionListener@6f8d7714] to prepare test instance [com.expeditors.training.course3demo.controller.ContainerControllerTest@1e6b9a95]
java.lang.IllegalStateException: Failed to load ApplicationContext
	at org.springframework.test.context.CacheAwareContextLoaderDelegate.loadContext(CacheAwareContextLoaderDelegate.java:99)
	at org.springframework.test.context.TestContext.getApplicationContext(TestContext.java:122)
	at org.springframework.test.context.web.ServletTestExecutionListener.setUpRequestContextIfNecessary(ServletTestExecutionListener.java:105)
	at org.springframework.test.context.web.ServletTestExecutionListener.prepareTestInstance(ServletTestExecutionListener.java:74)
	at org.springframework.test.context.TestContextManager.prepareTestInstance(TestContextManager.java:312)
	at org.springframework.test.context.junit4.SpringJUnit4ClassRunner.createTest(SpringJUnit4ClassRunner.java:211)
	at org.springframework.test.context.junit4.SpringJUnit4ClassRunner$1.runReflectiveCall(SpringJUnit4ClassRunner.java:288)
	at org.junit.internal.runners.model.ReflectiveCallable.run(ReflectiveCallable.java:12)
	at org.springframework.test.context.junit4.SpringJUnit4ClassRunner.methodBlock(SpringJUnit4ClassRunner.java:284)
	at org.springframework.test.context.junit4.SpringJUnit4ClassRunner.runChild(SpringJUnit4ClassRunner.java:231)
	at org.springframework.test.context.junit4.SpringJUnit4ClassRunner.runChild(SpringJUnit4ClassRunner.java:88)
	at org.junit.runners.ParentRunner$3.run(ParentRunner.java:238)
	at org.junit.runners.ParentRunner$1.schedule(ParentRunner.java:63)
	at org.junit.runners.ParentRunner.runChildren(ParentRunner.java:236)
	at org.junit.runners.ParentRunner.access$000(ParentRunner.java:53)
	at org.junit.runners.ParentRunner$2.evaluate(ParentRunner.java:229)
	at org.springframework.test.context.junit4.statements.RunBeforeTestClassCallbacks.evaluate(RunBeforeTestClassCallbacks.java:61)
	at org.springframework.test.context.junit4.statements.RunAfterTestClassCallbacks.evaluate(RunAfterTestClassCallbacks.java:71)
	at org.junit.runners.ParentRunner.run(ParentRunner.java:309)
	at org.springframework.test.context.junit4.SpringJUnit4ClassRunner.run(SpringJUnit4ClassRunner.java:174)
	at org.apache.maven.surefire.junit4.JUnit4Provider.execute(JUnit4Provider.java:252)
	at org.apache.maven.surefire.junit4.JUnit4Provider.executeTestSet(JUnit4Provider.java:141)
	at org.apache.maven.surefire.junit4.JUnit4Provider.invoke(JUnit4Provider.java:112)
	at sun.reflect.NativeMethodAccessorImpl.invoke0(Native Method)
	at sun.reflect.NativeMethodAccessorImpl.invoke(NativeMethodAccessorImpl.java:62)
	at sun.reflect.DelegatingMethodAccessorImpl.invoke(DelegatingMethodAccessorImpl.java:43)
	at java.lang.reflect.Method.invoke(Method.java:483)
	at org.apache.maven.surefire.util.ReflectionUtils.invokeMethodWithArray(ReflectionUtils.java:189)
	at org.apache.maven.surefire.booter.ProviderFactory$ProviderProxy.invoke(ProviderFactory.java:165)
	at org.apache.maven.surefire.booter.ProviderFactory.invokeProvider(ProviderFactory.java:85)
	at org.apache.maven.surefire.booter.ForkedBooter.runSuitesInProcess(ForkedBooter.java:115)
	at org.apache.maven.surefire.booter.ForkedBooter.main(ForkedBooter.java:75)
Caused by: org.springframework.beans.factory.BeanCreationException: Error creating bean with name &apos;cardController&apos;: Injection of autowired dependencies failed; nested exception is org.springframework.beans.factory.BeanCreationException: Could not autowire field: com.expeditors.training.course3demo.service.CardService com.expeditors.training.course3demo.controller.CardController.cardService; nested exception is org.springframework.beans.factory.NoSuchBeanDefinitionException: No qualifying bean of type [com.expeditors.training.course3demo.service.CardService] found for dependency: expected at least 1 bean which qualifies as autowire candidate for this dependency. Dependency annotations: {@org.springframework.beans.factory.annotation.Autowired(required=true)}
	at org.springframework.beans.factory.annotation.AutowiredAnnotationBeanPostProcessor.postProcessPropertyValues(AutowiredAnnotationBeanPostProcessor.java:288)
	at org.springframework.beans.factory.support.AbstractAutowireCapableBeanFactory.populateBean(AbstractAutowireCapableBeanFactory.java:1116)
	at org.springframework.beans.factory.support.AbstractAutowireCapableBeanFactory.doCreateBean(AbstractAutowireCapableBeanFactory.java:519)
	at org.springframework.beans.factory.support.AbstractAutowireCapableBeanFactory.createBean(AbstractAutowireCapableBeanFactory.java:458)
	at org.springframework.beans.factory.support.AbstractBeanFactory$1.getObject(AbstractBeanFactory.java:295)
	at org.springframework.beans.factory.support.DefaultSingletonBeanRegistry.getSingleton(DefaultSingletonBeanRegistry.java:223)
	at org.springframework.beans.factory.support.AbstractBeanFactory.doGetBean(AbstractBeanFactory.java:292)
	at org.springframework.beans.factory.support.AbstractBeanFactory.getBean(AbstractBeanFactory.java:194)
	at org.springframework.beans.factory.support.DefaultListableBeanFactory.preInstantiateSingletons(DefaultListableBeanFactory.java:626)
	at org.springframework.context.support.AbstractApplicationContext.finishBeanFactoryInitialization(AbstractApplicationContext.java:932)
	at org.springframework.context.support.AbstractApplicationContext.refresh(AbstractApplicationContext.java:479)
	at org.springframework.test.context.web.AbstractGenericWebContextLoader.loadContext(AbstractGenericWebContextLoader.java:128)
	at org.springframework.test.context.web.AbstractGenericWebContextLoader.loadContext(AbstractGenericWebContextLoader.java:60)
	at org.springframework.test.context.support.AbstractDelegatingSmartContextLoader.delegateLoading(AbstractDelegatingSmartContextLoader.java:100)
	at org.springframework.test.context.support.AbstractDelegatingSmartContextLoader.loadContext(AbstractDelegatingSmartContextLoader.java:248)
	at org.springframework.test.context.CacheAwareContextLoaderDelegate.loadContextInternal(CacheAwareContextLoaderDelegate.java:64)
	at org.springframework.test.context.CacheAwareContextLoaderDelegate.loadContext(CacheAwareContextLoaderDelegate.java:91)
	... 31 more
Caused by: org.springframework.beans.factory.BeanCreationException: Could not autowire field: com.expeditors.training.course3demo.service.CardService com.expeditors.training.course3demo.controller.CardController.cardService; nested exception is org.springframework.beans.factory.NoSuchBeanDefinitionException: No qualifying bean of type [com.expeditors.training.course3demo.service.CardService] found for dependency: expected at least 1 bean which qualifies as autowire candidate for this dependency. Dependency annotations: {@org.springframework.beans.factory.annotation.Autowired(required=true)}
	at org.springframework.beans.factory.annotation.AutowiredAnnotationBeanPostProcessor$AutowiredFieldElement.inject(AutowiredAnnotationBeanPostProcessor.java:514)
	at org.springframework.beans.factory.annotation.InjectionMetadata.inject(InjectionMetadata.java:87)
	at org.springframework.beans.factory.annotation.AutowiredAnnotationBeanPostProcessor.postProcessPropertyValues(AutowiredAnnotationBeanPostProcessor.java:285)
	... 47 more
Caused by: org.springframework.beans.factory.NoSuchBeanDefinitionException: No qualifying bean of type [com.expeditors.training.course3demo.service.CardService] found for dependency: expected at least 1 bean which qualifies as autowire candidate for this dependency. Dependency annotations: {@org.springframework.beans.factory.annotation.Autowired(required=true)}
	at org.springframework.beans.factory.support.DefaultListableBeanFactory.raiseNoSuchBeanDefinitionException(DefaultListableBeanFactory.java:986)
	at org.springframework.beans.factory.support.DefaultListableBeanFactory.doResolveDependency(DefaultListableBeanFactory.java:856)
	at org.springframework.beans.factory.support.DefaultListableBeanFactory.resolveDependency(DefaultListableBeanFactory.java:768)
	at org.springframework.beans.factory.annotation.AutowiredAnnotationBeanPostProcessor$AutowiredFieldElement.inject(AutowiredAnnotationBeanPostProcessor.java:486)
	... 49 more

</system-err>
  </testcase>
  <testcase classname="com.expeditors.training.course3demo.controller.ContainerControllerTest" name="testAddContainerSuccess" time="0.218">
    <error message="Failed to load ApplicationContext" type="java.lang.IllegalStateException">java.lang.IllegalStateException: Failed to load ApplicationContext
	at org.springframework.test.context.CacheAwareContextLoaderDelegate.loadContext(CacheAwareContextLoaderDelegate.java:99)
	at org.springframework.test.context.TestContext.getApplicationContext(TestContext.java:122)
	at org.springframework.test.context.web.ServletTestExecutionListener.setUpRequestContextIfNecessary(ServletTestExecutionListener.java:105)
	at org.springframework.test.context.web.ServletTestExecutionListener.prepareTestInstance(ServletTestExecutionListener.java:74)
	at org.springframework.test.context.TestContextManager.prepareTestInstance(TestContextManager.java:312)
	at org.springframework.test.context.junit4.SpringJUnit4ClassRunner.createTest(SpringJUnit4ClassRunner.java:211)
	at org.springframework.test.context.junit4.SpringJUnit4ClassRunner$1.runReflectiveCall(SpringJUnit4ClassRunner.java:288)
	at org.junit.internal.runners.model.ReflectiveCallable.run(ReflectiveCallable.java:12)
	at org.springframework.test.context.junit4.SpringJUnit4ClassRunner.methodBlock(SpringJUnit4ClassRunner.java:284)
	at org.springframework.test.context.junit4.SpringJUnit4ClassRunner.runChild(SpringJUnit4ClassRunner.java:231)
	at org.springframework.test.context.junit4.SpringJUnit4ClassRunner.runChild(SpringJUnit4ClassRunner.java:88)
	at org.junit.runners.ParentRunner$3.run(ParentRunner.java:238)
	at org.junit.runners.ParentRunner$1.schedule(ParentRunner.java:63)
	at org.junit.runners.ParentRunner.runChildren(ParentRunner.java:236)
	at org.junit.runners.ParentRunner.access$000(ParentRunner.java:53)
	at org.junit.runners.ParentRunner$2.evaluate(ParentRunner.java:229)
	at org.springframework.test.context.junit4.statements.RunBeforeTestClassCallbacks.evaluate(RunBeforeTestClassCallbacks.java:61)
	at org.springframework.test.context.junit4.statements.RunAfterTestClassCallbacks.evaluate(RunAfterTestClassCallbacks.java:71)
	at org.junit.runners.ParentRunner.run(ParentRunner.java:309)
	at org.springframework.test.context.junit4.SpringJUnit4ClassRunner.run(SpringJUnit4ClassRunner.java:174)
	at org.apache.maven.surefire.junit4.JUnit4Provider.execute(JUnit4Provider.java:252)
	at org.apache.maven.surefire.junit4.JUnit4Provider.executeTestSet(JUnit4Provider.java:141)
	at org.apache.maven.surefire.junit4.JUnit4Provider.invoke(JUnit4Provider.java:112)
	at sun.reflect.NativeMethodAccessorImpl.invoke0(Native Method)
	at sun.reflect.NativeMethodAccessorImpl.invoke(NativeMethodAccessorImpl.java:62)
	at sun.reflect.DelegatingMethodAccessorImpl.invoke(DelegatingMethodAccessorImpl.java:43)
	at java.lang.reflect.Method.invoke(Method.java:483)
	at org.apache.maven.surefire.util.ReflectionUtils.invokeMethodWithArray(ReflectionUtils.java:189)
	at org.apache.maven.surefire.booter.ProviderFactory$ProviderProxy.invoke(ProviderFactory.java:165)
	at org.apache.maven.surefire.booter.ProviderFactory.invokeProvider(ProviderFactory.java:85)
	at org.apache.maven.surefire.booter.ForkedBooter.runSuitesInProcess(ForkedBooter.java:115)
	at org.apache.maven.surefire.booter.ForkedBooter.main(ForkedBooter.java:75)
Caused by: org.springframework.beans.factory.BeanCreationException: Error creating bean with name &apos;cardController&apos;: Injection of autowired dependencies failed; nested exception is org.springframework.beans.factory.BeanCreationException: Could not autowire field: com.expeditors.training.course3demo.service.CardService com.expeditors.training.course3demo.controller.CardController.cardService; nested exception is org.springframework.beans.factory.NoSuchBeanDefinitionException: No qualifying bean of type [com.expeditors.training.course3demo.service.CardService] found for dependency: expected at least 1 bean which qualifies as autowire candidate for this dependency. Dependency annotations: {@org.springframework.beans.factory.annotation.Autowired(required=true)}
	at org.springframework.beans.factory.annotation.AutowiredAnnotationBeanPostProcessor.postProcessPropertyValues(AutowiredAnnotationBeanPostProcessor.java:288)
	at org.springframework.beans.factory.support.AbstractAutowireCapableBeanFactory.populateBean(AbstractAutowireCapableBeanFactory.java:1116)
	at org.springframework.beans.factory.support.AbstractAutowireCapableBeanFactory.doCreateBean(AbstractAutowireCapableBeanFactory.java:519)
	at org.springframework.beans.factory.support.AbstractAutowireCapableBeanFactory.createBean(AbstractAutowireCapableBeanFactory.java:458)
	at org.springframework.beans.factory.support.AbstractBeanFactory$1.getObject(AbstractBeanFactory.java:295)
	at org.springframework.beans.factory.support.DefaultSingletonBeanRegistry.getSingleton(DefaultSingletonBeanRegistry.java:223)
	at org.springframework.beans.factory.support.AbstractBeanFactory.doGetBean(AbstractBeanFactory.java:292)
	at org.springframework.beans.factory.support.AbstractBeanFactory.getBean(AbstractBeanFactory.java:194)
	at org.springframework.beans.factory.support.DefaultListableBeanFactory.preInstantiateSingletons(DefaultListableBeanFactory.java:626)
	at org.springframework.context.support.AbstractApplicationContext.finishBeanFactoryInitialization(AbstractApplicationContext.java:932)
	at org.springframework.context.support.AbstractApplicationContext.refresh(AbstractApplicationContext.java:479)
	at org.springframework.test.context.web.AbstractGenericWebContextLoader.loadContext(AbstractGenericWebContextLoader.java:128)
	at org.springframework.test.context.web.AbstractGenericWebContextLoader.loadContext(AbstractGenericWebContextLoader.java:60)
	at org.springframework.test.context.support.AbstractDelegatingSmartContextLoader.delegateLoading(AbstractDelegatingSmartContextLoader.java:100)
	at org.springframework.test.context.support.AbstractDelegatingSmartContextLoader.loadContext(AbstractDelegatingSmartContextLoader.java:248)
	at org.springframework.test.context.CacheAwareContextLoaderDelegate.loadContextInternal(CacheAwareContextLoaderDelegate.java:64)
	at org.springframework.test.context.CacheAwareContextLoaderDelegate.loadContext(CacheAwareContextLoaderDelegate.java:91)
	... 31 more
Caused by: org.springframework.beans.factory.BeanCreationException: Could not autowire field: com.expeditors.training.course3demo.service.CardService com.expeditors.training.course3demo.controller.CardController.cardService; nested exception is org.springframework.beans.factory.NoSuchBeanDefinitionException: No qualifying bean of type [com.expeditors.training.course3demo.service.CardService] found for dependency: expected at least 1 bean which qualifies as autowire candidate for this dependency. Dependency annotations: {@org.springframework.beans.factory.annotation.Autowired(required=true)}
	at org.springframework.beans.factory.annotation.AutowiredAnnotationBeanPostProcessor$AutowiredFieldElement.inject(AutowiredAnnotationBeanPostProcessor.java:514)
	at org.springframework.beans.factory.annotation.InjectionMetadata.inject(InjectionMetadata.java:87)
	at org.springframework.beans.factory.annotation.AutowiredAnnotationBeanPostProcessor.postProcessPropertyValues(AutowiredAnnotationBeanPostProcessor.java:285)
	... 47 more
Caused by: org.springframework.beans.factory.NoSuchBeanDefinitionException: No qualifying bean of type [com.expeditors.training.course3demo.service.CardService] found for dependency: expected at least 1 bean which qualifies as autowire candidate for this dependency. Dependency annotations: {@org.springframework.beans.factory.annotation.Autowired(required=true)}
	at org.springframework.beans.factory.support.DefaultListableBeanFactory.raiseNoSuchBeanDefinitionException(DefaultListableBeanFactory.java:986)
	at org.springframework.beans.factory.support.DefaultListableBeanFactory.doResolveDependency(DefaultListableBeanFactory.java:856)
	at org.springframework.beans.factory.support.DefaultListableBeanFactory.resolveDependency(DefaultListableBeanFactory.java:768)
	at org.springframework.beans.factory.annotation.AutowiredAnnotationBeanPostProcessor$AutowiredFieldElement.inject(AutowiredAnnotationBeanPostProcessor.java:486)
	... 49 more
</error>
    <system-out>DEBUG BasicTypeRegistry - Adding type registration boolean -&gt; org.hibernate.type.BooleanType@41a0aa7d
DEBUG BasicTypeRegistry - Adding type registration boolean -&gt; org.hibernate.type.BooleanType@41a0aa7d
DEBUG BasicTypeRegistry - Adding type registration java.lang.Boolean -&gt; org.hibernate.type.BooleanType@41a0aa7d
DEBUG BasicTypeRegistry - Adding type registration numeric_boolean -&gt; org.hibernate.type.NumericBooleanType@1ffaf86
DEBUG BasicTypeRegistry - Adding type registration true_false -&gt; org.hibernate.type.TrueFalseType@368247b9
DEBUG BasicTypeRegistry - Adding type registration yes_no -&gt; org.hibernate.type.YesNoType@55a147cc
DEBUG BasicTypeRegistry - Adding type registration byte -&gt; org.hibernate.type.ByteType@2892d68
DEBUG BasicTypeRegistry - Adding type registration byte -&gt; org.hibernate.type.ByteType@2892d68
DEBUG BasicTypeRegistry - Adding type registration java.lang.Byte -&gt; org.hibernate.type.ByteType@2892d68
DEBUG BasicTypeRegistry - Adding type registration character -&gt; org.hibernate.type.CharacterType@2e385cce
DEBUG BasicTypeRegistry - Adding type registration char -&gt; org.hibernate.type.CharacterType@2e385cce
DEBUG BasicTypeRegistry - Adding type registration java.lang.Character -&gt; org.hibernate.type.CharacterType@2e385cce
DEBUG BasicTypeRegistry - Adding type registration short -&gt; org.hibernate.type.ShortType@26d9b808
DEBUG BasicTypeRegistry - Adding type registration short -&gt; org.hibernate.type.ShortType@26d9b808
DEBUG BasicTypeRegistry - Adding type registration java.lang.Short -&gt; org.hibernate.type.ShortType@26d9b808
DEBUG BasicTypeRegistry - Adding type registration integer -&gt; org.hibernate.type.IntegerType@6d4d66d2
DEBUG BasicTypeRegistry - Adding type registration int -&gt; org.hibernate.type.IntegerType@6d4d66d2
DEBUG BasicTypeRegistry - Adding type registration java.lang.Integer -&gt; org.hibernate.type.IntegerType@6d4d66d2
DEBUG BasicTypeRegistry - Adding type registration long -&gt; org.hibernate.type.LongType@53fe15ff
DEBUG BasicTypeRegistry - Adding type registration long -&gt; org.hibernate.type.LongType@53fe15ff
DEBUG BasicTypeRegistry - Adding type registration java.lang.Long -&gt; org.hibernate.type.LongType@53fe15ff
DEBUG BasicTypeRegistry - Adding type registration float -&gt; org.hibernate.type.FloatType@2eae8e6e
DEBUG BasicTypeRegistry - Adding type registration float -&gt; org.hibernate.type.FloatType@2eae8e6e
DEBUG BasicTypeRegistry - Adding type registration java.lang.Float -&gt; org.hibernate.type.FloatType@2eae8e6e
DEBUG BasicTypeRegistry - Adding type registration double -&gt; org.hibernate.type.DoubleType@25ce9dc4
DEBUG BasicTypeRegistry - Adding type registration double -&gt; org.hibernate.type.DoubleType@25ce9dc4
DEBUG BasicTypeRegistry - Adding type registration java.lang.Double -&gt; org.hibernate.type.DoubleType@25ce9dc4
DEBUG BasicTypeRegistry - Adding type registration big_decimal -&gt; org.hibernate.type.BigDecimalType@3e8c3cb
DEBUG BasicTypeRegistry - Adding type registration java.math.BigDecimal -&gt; org.hibernate.type.BigDecimalType@3e8c3cb
DEBUG BasicTypeRegistry - Adding type registration big_integer -&gt; org.hibernate.type.BigIntegerType@3e27ba32
DEBUG BasicTypeRegistry - Adding type registration java.math.BigInteger -&gt; org.hibernate.type.BigIntegerType@3e27ba32
DEBUG BasicTypeRegistry - Adding type registration string -&gt; org.hibernate.type.StringType@1ca3b418
DEBUG BasicTypeRegistry - Adding type registration java.lang.String -&gt; org.hibernate.type.StringType@1ca3b418
DEBUG BasicTypeRegistry - Adding type registration nstring -&gt; org.hibernate.type.StringNVarcharType@7161d8d1
DEBUG BasicTypeRegistry - Adding type registration ncharacter -&gt; org.hibernate.type.CharacterNCharType@795509d9
DEBUG BasicTypeRegistry - Adding type registration url -&gt; org.hibernate.type.UrlType@4be29ed9
DEBUG BasicTypeRegistry - Adding type registration java.net.URL -&gt; org.hibernate.type.UrlType@4be29ed9
DEBUG BasicTypeRegistry - Adding type registration date -&gt; org.hibernate.type.DateType@75437611
DEBUG BasicTypeRegistry - Adding type registration java.sql.Date -&gt; org.hibernate.type.DateType@75437611
DEBUG BasicTypeRegistry - Adding type registration time -&gt; org.hibernate.type.TimeType@15043a2f
DEBUG BasicTypeRegistry - Adding type registration java.sql.Time -&gt; org.hibernate.type.TimeType@15043a2f
DEBUG BasicTypeRegistry - Adding type registration timestamp -&gt; org.hibernate.type.TimestampType@8519cb4
DEBUG BasicTypeRegistry - Adding type registration java.sql.Timestamp -&gt; org.hibernate.type.TimestampType@8519cb4
DEBUG BasicTypeRegistry - Adding type registration java.util.Date -&gt; org.hibernate.type.TimestampType@8519cb4
DEBUG BasicTypeRegistry - Adding type registration dbtimestamp -&gt; org.hibernate.type.DbTimestampType@3ba987b8
DEBUG BasicTypeRegistry - Adding type registration calendar -&gt; org.hibernate.type.CalendarType@72035809
DEBUG BasicTypeRegistry - Adding type registration java.util.Calendar -&gt; org.hibernate.type.CalendarType@72035809
DEBUG BasicTypeRegistry - Adding type registration java.util.GregorianCalendar -&gt; org.hibernate.type.CalendarType@72035809
DEBUG BasicTypeRegistry - Adding type registration calendar_date -&gt; org.hibernate.type.CalendarDateType@606e4010
DEBUG BasicTypeRegistry - Adding type registration locale -&gt; org.hibernate.type.LocaleType@5e2c3d18
DEBUG BasicTypeRegistry - Adding type registration java.util.Locale -&gt; org.hibernate.type.LocaleType@5e2c3d18
DEBUG BasicTypeRegistry - Adding type registration currency -&gt; org.hibernate.type.CurrencyType@6caf0677
DEBUG BasicTypeRegistry - Adding type registration java.util.Currency -&gt; org.hibernate.type.CurrencyType@6caf0677
DEBUG BasicTypeRegistry - Adding type registration timezone -&gt; org.hibernate.type.TimeZoneType@1a75e76a
DEBUG BasicTypeRegistry - Adding type registration java.util.TimeZone -&gt; org.hibernate.type.TimeZoneType@1a75e76a
DEBUG BasicTypeRegistry - Adding type registration class -&gt; org.hibernate.type.ClassType@4681c175
DEBUG BasicTypeRegistry - Adding type registration java.lang.Class -&gt; org.hibernate.type.ClassType@4681c175
DEBUG BasicTypeRegistry - Adding type registration uuid-binary -&gt; org.hibernate.type.UUIDBinaryType@1caa0244
DEBUG BasicTypeRegistry - Adding type registration java.util.UUID -&gt; org.hibernate.type.UUIDBinaryType@1caa0244
DEBUG BasicTypeRegistry - Adding type registration uuid-char -&gt; org.hibernate.type.UUIDCharType@1750fbeb
DEBUG BasicTypeRegistry - Adding type registration pg-uuid -&gt; org.hibernate.type.PostgresUUIDType@6c284af
DEBUG BasicTypeRegistry - Adding type registration binary -&gt; org.hibernate.type.BinaryType@7c137fd5
DEBUG BasicTypeRegistry - Adding type registration byte[] -&gt; org.hibernate.type.BinaryType@7c137fd5
DEBUG BasicTypeRegistry - Adding type registration [B -&gt; org.hibernate.type.BinaryType@7c137fd5
DEBUG BasicTypeRegistry - Adding type registration wrapper-binary -&gt; org.hibernate.type.WrapperBinaryType@2b40ff9c
DEBUG BasicTypeRegistry - Adding type registration Byte[] -&gt; org.hibernate.type.WrapperBinaryType@2b40ff9c
DEBUG BasicTypeRegistry - Adding type registration [Ljava.lang.Byte; -&gt; org.hibernate.type.WrapperBinaryType@2b40ff9c
DEBUG BasicTypeRegistry - Adding type registration image -&gt; org.hibernate.type.ImageType@5ddeb7cb
DEBUG BasicTypeRegistry - Adding type registration characters -&gt; org.hibernate.type.CharArrayType@6be968ce
DEBUG BasicTypeRegistry - Adding type registration char[] -&gt; org.hibernate.type.CharArrayType@6be968ce
DEBUG BasicTypeRegistry - Adding type registration [C -&gt; org.hibernate.type.CharArrayType@6be968ce
DEBUG BasicTypeRegistry - Adding type registration wrapper-characters -&gt; org.hibernate.type.CharacterArrayType@76494737
DEBUG BasicTypeRegistry - Adding type registration [Ljava.lang.Character; -&gt; org.hibernate.type.CharacterArrayType@76494737
DEBUG BasicTypeRegistry - Adding type registration Character[] -&gt; org.hibernate.type.CharacterArrayType@76494737
DEBUG BasicTypeRegistry - Adding type registration text -&gt; org.hibernate.type.TextType@609e8838
DEBUG BasicTypeRegistry - Adding type registration ntext -&gt; org.hibernate.type.NTextType@23e84203
DEBUG BasicTypeRegistry - Adding type registration blob -&gt; org.hibernate.type.BlobType@c430e6c
DEBUG BasicTypeRegistry - Adding type registration java.sql.Blob -&gt; org.hibernate.type.BlobType@c430e6c
DEBUG BasicTypeRegistry - Adding type registration materialized_blob -&gt; org.hibernate.type.MaterializedBlobType@72bc6553
DEBUG BasicTypeRegistry - Adding type registration clob -&gt; org.hibernate.type.ClobType@2ab4bc72
DEBUG BasicTypeRegistry - Adding type registration java.sql.Clob -&gt; org.hibernate.type.ClobType@2ab4bc72
DEBUG BasicTypeRegistry - Adding type registration nclob -&gt; org.hibernate.type.NClobType@55cb6996
DEBUG BasicTypeRegistry - Adding type registration java.sql.NClob -&gt; org.hibernate.type.NClobType@55cb6996
DEBUG BasicTypeRegistry - Adding type registration materialized_clob -&gt; org.hibernate.type.MaterializedClobType@f1da57d
DEBUG BasicTypeRegistry - Adding type registration materialized_nclob -&gt; org.hibernate.type.MaterializedNClobType@72c8e7b
DEBUG BasicTypeRegistry - Adding type registration serializable -&gt; org.hibernate.type.SerializableType@790da477
DEBUG BasicTypeRegistry - Adding type registration object -&gt; org.hibernate.type.ObjectType@3feb2dda
DEBUG BasicTypeRegistry - Adding type registration java.lang.Object -&gt; org.hibernate.type.ObjectType@3feb2dda
DEBUG BasicTypeRegistry - Adding type registration imm_date -&gt; org.hibernate.type.AdaptedImmutableType@759d81f3
DEBUG BasicTypeRegistry - Adding type registration imm_time -&gt; org.hibernate.type.AdaptedImmutableType@781a9412
DEBUG BasicTypeRegistry - Adding type registration imm_timestamp -&gt; org.hibernate.type.AdaptedImmutableType@5a4c638d
DEBUG BasicTypeRegistry - Adding type registration imm_dbtimestamp -&gt; org.hibernate.type.AdaptedImmutableType@13e698c7
DEBUG BasicTypeRegistry - Adding type registration imm_calendar -&gt; org.hibernate.type.AdaptedImmutableType@aed0151
DEBUG BasicTypeRegistry - Adding type registration imm_calendar_date -&gt; org.hibernate.type.AdaptedImmutableType@267bbe1a
DEBUG BasicTypeRegistry - Adding type registration imm_binary -&gt; org.hibernate.type.AdaptedImmutableType@1f12e153
DEBUG BasicTypeRegistry - Adding type registration imm_serializable -&gt; org.hibernate.type.AdaptedImmutableType@389562d6
DEBUG DefaultIdentifierGeneratorFactory - Registering IdentifierGenerator strategy [uuid2] -&gt; [org.hibernate.id.UUIDGenerator]
DEBUG DefaultIdentifierGeneratorFactory - Registering IdentifierGenerator strategy [guid] -&gt; [org.hibernate.id.GUIDGenerator]
DEBUG DefaultIdentifierGeneratorFactory - Registering IdentifierGenerator strategy [uuid] -&gt; [org.hibernate.id.UUIDHexGenerator]
DEBUG DefaultIdentifierGeneratorFactory - Registering IdentifierGenerator strategy [uuid.hex] -&gt; [org.hibernate.id.UUIDHexGenerator]
DEBUG DefaultIdentifierGeneratorFactory - Registering IdentifierGenerator strategy [hilo] -&gt; [org.hibernate.id.TableHiLoGenerator]
DEBUG DefaultIdentifierGeneratorFactory - Registering IdentifierGenerator strategy [assigned] -&gt; [org.hibernate.id.Assigned]
DEBUG DefaultIdentifierGeneratorFactory - Registering IdentifierGenerator strategy [identity] -&gt; [org.hibernate.id.IdentityGenerator]
DEBUG DefaultIdentifierGeneratorFactory - Registering IdentifierGenerator strategy [select] -&gt; [org.hibernate.id.SelectGenerator]
DEBUG DefaultIdentifierGeneratorFactory - Registering IdentifierGenerator strategy [sequence] -&gt; [org.hibernate.id.SequenceGenerator]
DEBUG DefaultIdentifierGeneratorFactory - Registering IdentifierGenerator strategy [seqhilo] -&gt; [org.hibernate.id.SequenceHiLoGenerator]
DEBUG DefaultIdentifierGeneratorFactory - Registering IdentifierGenerator strategy [increment] -&gt; [org.hibernate.id.IncrementGenerator]
DEBUG DefaultIdentifierGeneratorFactory - Registering IdentifierGenerator strategy [foreign] -&gt; [org.hibernate.id.ForeignGenerator]
DEBUG DefaultIdentifierGeneratorFactory - Registering IdentifierGenerator strategy [sequence-identity] -&gt; [org.hibernate.id.SequenceIdentityGenerator]
DEBUG DefaultIdentifierGeneratorFactory - Registering IdentifierGenerator strategy [enhanced-sequence] -&gt; [org.hibernate.id.enhanced.SequenceStyleGenerator]
DEBUG DefaultIdentifierGeneratorFactory - Registering IdentifierGenerator strategy [enhanced-table] -&gt; [org.hibernate.id.enhanced.TableGenerator]
DEBUG Ejb3Configuration - Processing PersistenceUnitInfo [
	name: default
	persistence provider classname: null
	classloader: sun.misc.Launcher$AppClassLoader@6bc7c054
	Temporary classloader: org.springframework.instrument.classloading.SimpleThrowawayClassLoader@5a101b1c
	excludeUnlistedClasses: true
	JTA datasource: null
	Non JTA datasource: org.springframework.jdbc.datasource.DriverManagerDataSource@2160e52a
	Transaction type: RESOURCE_LOCAL
	PU root URL: file:/C:/Users/chq-jamesgl/STS_work2/finalprojectgleixner/target/test-classes/
	Shared Cache Mode: UNSPECIFIED
	Validation Mode: AUTO
	Jar files URLs []
	Managed classes names [
		com.expeditors.training.course3demo.model.Address
		com.expeditors.training.course3demo.model.Card
		com.expeditors.training.course3demo.model.Container
		com.expeditors.training.course3demo.model.PhoneNumber
		com.expeditors.training.course3demo.model.Product
		com.expeditors.training.course3demo.model.Shipment
		com.expeditors.training.course3demo.model.UserAccount
		com.expeditors.training.course3demo.model.UserRole]
	Mapping files names []
	Properties []
DEBUG Ejb3Configuration - Detect class: true; detect hbm: true
DEBUG AbstractJarVisitor - Searching mapped entities in jar/par: file:/C:/Users/chq-jamesgl/STS_work2/finalprojectgleixner/target/test-classes/
DEBUG AbstractJarVisitor - Filtering: com.expeditors.training.course3demo.config.PersistenceJPATestConfig
DEBUG AbstractJarVisitor - Filtering: com.expeditors.training.course3demo.config.ServiceTestConfig
DEBUG AbstractJarVisitor - Filtering: com.expeditors.training.course3demo.config.TestConfig
DEBUG AbstractJarVisitor - Filtering: com.expeditors.training.course3demo.controller.ContainerControllerTest
DEBUG AbstractJarVisitor - Filtering: com.expeditors.training.course3demo.controller.ProductControllerTest
DEBUG AbstractJarVisitor - Filtering: com.expeditors.training.course3demo.controller.ShipmentControllerTest
DEBUG AbstractJarVisitor - Filtering: com.expeditors.training.course3demo.service.ContainerServiceTest
DEBUG AbstractJarVisitor - Filtering: com.expeditors.training.course3demo.service.ProductServiceTest
DEBUG AbstractJarVisitor - Filtering: com.expeditors.training.course3demo.service.ShipmentServiceTest
DEBUG IntegratorServiceImpl - Adding Integrator [org.hibernate.cfg.beanvalidation.BeanValidationIntegrator].
DEBUG IntegratorServiceImpl - Adding Integrator [org.hibernate.ejb.event.JpaIntegrator].
DEBUG NamingHelper - No JNDI name configured for binding Ejb3Configuration
DEBUG Configuration - Preparing to build session factory with filters : {}
DEBUG Configuration - Processing hbm.xml files
DEBUG Configuration - Process annotated classes
DEBUG AnnotationBinder - Binding entity from annotated class: com.expeditors.training.course3demo.model.Address
DEBUG Ejb3Column - Binding column: Ejb3DiscriminatorColumn{logicalColumnName&apos;DTYPE&apos;, discriminatorTypeName=&apos;string&apos;}
DEBUG EntityBinder - Import with entity name Address
DEBUG EntityBinder - Bind entity com.expeditors.training.course3demo.model.Address on table ADDRESS
DEBUG Ejb3Column - Binding column: Ejb3Column{table=org.hibernate.mapping.Table(ADDRESS), mappingColumn=ADDRESS_ID, insertable=true, updatable=true, unique=false}
DEBUG PropertyBinder - MetadataSourceProcessor property id with lazy=false
DEBUG SimpleValueBinder - building SimpleValue for id
DEBUG PropertyBinder - Building property id
DEBUG Ejb3Column - Binding column: Ejb3Column{table=org.hibernate.mapping.Table(ADDRESS), mappingColumn=city, insertable=true, updatable=true, unique=false}
DEBUG PropertyBinder - MetadataSourceProcessor property city with lazy=false
DEBUG SimpleValueBinder - building SimpleValue for city
DEBUG PropertyBinder - Building property city
DEBUG Ejb3Column - Binding column: Ejb3Column{table=org.hibernate.mapping.Table(ADDRESS), mappingColumn=state, insertable=true, updatable=true, unique=false}
DEBUG PropertyBinder - MetadataSourceProcessor property state with lazy=false
DEBUG SimpleValueBinder - building SimpleValue for state
DEBUG PropertyBinder - Building property state
DEBUG Ejb3Column - Binding column: Ejb3Column{table=org.hibernate.mapping.Table(ADDRESS), mappingColumn=street, insertable=true, updatable=true, unique=false}
DEBUG PropertyBinder - MetadataSourceProcessor property street with lazy=false
DEBUG SimpleValueBinder - building SimpleValue for street
DEBUG PropertyBinder - Building property street
DEBUG AnnotationBinder - Binding entity from annotated class: com.expeditors.training.course3demo.model.Card
DEBUG Ejb3Column - Binding column: Ejb3DiscriminatorColumn{logicalColumnName&apos;DTYPE&apos;, discriminatorTypeName=&apos;string&apos;}
DEBUG EntityBinder - Import with entity name Card
DEBUG EntityBinder - Bind entity com.expeditors.training.course3demo.model.Card on table CARD
DEBUG Ejb3Column - Binding column: Ejb3Column{table=org.hibernate.mapping.Table(CARD), mappingColumn=CARD_ID, insertable=true, updatable=true, unique=false}
DEBUG PropertyBinder - MetadataSourceProcessor property id with lazy=false
DEBUG SimpleValueBinder - building SimpleValue for id
DEBUG PropertyBinder - Building property id
DEBUG Ejb3Column - Binding column: Ejb3JoinColumn{logicalColumnName=&apos;address&apos;, referencedColumn=&apos;&apos;, mappedBy=&apos;&apos;}
DEBUG Ejb3Column - Binding column: Ejb3Column{table=org.hibernate.mapping.Table(CARD), mappingColumn=address, insertable=true, updatable=true, unique=false}
DEBUG PropertyBinder - Building property address
DEBUG Ejb3Column - Binding column: Ejb3Column{table=org.hibernate.mapping.Table(CARD), mappingColumn=amount, insertable=true, updatable=true, unique=false}
DEBUG PropertyBinder - MetadataSourceProcessor property amount with lazy=false
DEBUG SimpleValueBinder - building SimpleValue for amount
DEBUG PropertyBinder - Building property amount
DEBUG Ejb3Column - Binding column: Ejb3Column{table=org.hibernate.mapping.Table(CARD), mappingColumn=CARD_NUMBER, insertable=true, updatable=true, unique=false}
DEBUG PropertyBinder - MetadataSourceProcessor property number with lazy=false
DEBUG SimpleValueBinder - building SimpleValue for number
DEBUG PropertyBinder - Building property number
DEBUG Ejb3Column - Binding column: Ejb3Column{table=org.hibernate.mapping.Table(CARD), mappingColumn=OWNER_NAME, insertable=true, updatable=true, unique=false}
DEBUG PropertyBinder - MetadataSourceProcessor property owner with lazy=false
DEBUG SimpleValueBinder - building SimpleValue for owner
DEBUG PropertyBinder - Building property owner
DEBUG Ejb3Column - Binding column: Ejb3JoinColumn{logicalColumnName=&apos;null&apos;, referencedColumn=&apos;null&apos;, mappedBy=&apos;card&apos;}
DEBUG Ejb3Column - Binding column: Ejb3Column{table=org.hibernate.mapping.Table(CARD), mappingColumn=phoneNumbers, insertable=true, updatable=true, unique=false}
DEBUG Ejb3Column - Binding column: Ejb3Column{table=org.hibernate.mapping.Table(CARD), mappingColumn=index, insertable=true, updatable=true, unique=false}
DEBUG Ejb3Column - Binding column: Ejb3Column{table=org.hibernate.mapping.Table(CARD), mappingColumn=element, insertable=true, updatable=true, unique=false}
DEBUG Ejb3Column - Binding column: Ejb3Column{table=org.hibernate.mapping.Table(CARD), mappingColumn=phoneNumbers_KEY, insertable=true, updatable=true, unique=false}
DEBUG Ejb3Column - Binding column: Ejb3JoinColumn{logicalColumnName=&apos;phoneNumbers_KEY&apos;, referencedColumn=&apos;null&apos;, mappedBy=&apos;null&apos;}
DEBUG Ejb3Column - Binding column: Ejb3JoinColumn{logicalColumnName=&apos;null&apos;, referencedColumn=&apos;null&apos;, mappedBy=&apos;card&apos;}
DEBUG Ejb3Column - Binding column: Ejb3JoinColumn{logicalColumnName=&apos;null&apos;, referencedColumn=&apos;null&apos;, mappedBy=&apos;card&apos;}
DEBUG CollectionBinder - Collection role: com.expeditors.training.course3demo.model.Card.phoneNumbers
DEBUG PropertyBinder - Building property phoneNumbers
DEBUG AnnotationBinder - Binding entity from annotated class: com.expeditors.training.course3demo.model.Container
DEBUG Ejb3Column - Binding column: Ejb3DiscriminatorColumn{logicalColumnName&apos;DTYPE&apos;, discriminatorTypeName=&apos;string&apos;}
DEBUG EntityBinder - Import with entity name Container
DEBUG EntityBinder - Bind entity com.expeditors.training.course3demo.model.Container on table Container
DEBUG Ejb3Column - Binding column: Ejb3Column{table=org.hibernate.mapping.Table(Container), mappingColumn=CONTAINER_ID, insertable=true, updatable=true, unique=false}
DEBUG PropertyBinder - MetadataSourceProcessor property id with lazy=false
DEBUG SimpleValueBinder - building SimpleValue for id
DEBUG PropertyBinder - Building property id
DEBUG Ejb3Column - Binding column: Ejb3Column{table=org.hibernate.mapping.Table(Container), mappingColumn=capacity, insertable=true, updatable=true, unique=false}
DEBUG PropertyBinder - MetadataSourceProcessor property capacity with lazy=false
DEBUG SimpleValueBinder - building SimpleValue for capacity
DEBUG PropertyBinder - Building property capacity
DEBUG Ejb3Column - Binding column: Ejb3Column{table=org.hibernate.mapping.Table(Container), mappingColumn=destination, insertable=true, updatable=true, unique=false}
DEBUG PropertyBinder - MetadataSourceProcessor property destination with lazy=false
DEBUG SimpleValueBinder - building SimpleValue for destination
DEBUG PropertyBinder - Building property destination
DEBUG Ejb3Column - Binding column: Ejb3Column{table=org.hibernate.mapping.Table(Container), mappingColumn=location, insertable=true, updatable=true, unique=false}
DEBUG PropertyBinder - MetadataSourceProcessor property location with lazy=false
DEBUG SimpleValueBinder - building SimpleValue for location
DEBUG PropertyBinder - Building property location
DEBUG Ejb3Column - Binding column: Ejb3Column{table=org.hibernate.mapping.Table(Container), mappingColumn=name, insertable=true, updatable=true, unique=false}
DEBUG PropertyBinder - MetadataSourceProcessor property name with lazy=false
DEBUG SimpleValueBinder - building SimpleValue for name
DEBUG PropertyBinder - Building property name
DEBUG Ejb3Column - Binding column: Ejb3Column{table=org.hibernate.mapping.Table(Container), mappingColumn=status, insertable=true, updatable=true, unique=false}
DEBUG PropertyBinder - MetadataSourceProcessor property status with lazy=false
DEBUG SimpleValueBinder - building SimpleValue for status
DEBUG PropertyBinder - Building property status
DEBUG AnnotationBinder - Binding entity from annotated class: com.expeditors.training.course3demo.model.PhoneNumber
DEBUG Ejb3Column - Binding column: Ejb3DiscriminatorColumn{logicalColumnName&apos;DTYPE&apos;, discriminatorTypeName=&apos;string&apos;}
DEBUG EntityBinder - Import with entity name PhoneNumber
DEBUG EntityBinder - Bind entity com.expeditors.training.course3demo.model.PhoneNumber on table PHONE_NUMBER
DEBUG Ejb3Column - Binding column: Ejb3Column{table=org.hibernate.mapping.Table(PHONE_NUMBER), mappingColumn=PHONE_NUMBER_ID, insertable=true, updatable=true, unique=false}
DEBUG PropertyBinder - MetadataSourceProcessor property id with lazy=false
DEBUG SimpleValueBinder - building SimpleValue for id
DEBUG PropertyBinder - Building property id
DEBUG Ejb3Column - Binding column: Ejb3JoinColumn{logicalColumnName=&apos;CARD_ID&apos;, referencedColumn=&apos;&apos;, mappedBy=&apos;&apos;}
DEBUG Ejb3Column - Binding column: Ejb3Column{table=org.hibernate.mapping.Table(PHONE_NUMBER), mappingColumn=card, insertable=true, updatable=true, unique=false}
DEBUG PropertyBinder - Building property card
DEBUG Ejb3Column - Binding column: Ejb3Column{table=org.hibernate.mapping.Table(PHONE_NUMBER), mappingColumn=PHONE_NUMBER, insertable=true, updatable=true, unique=false}
DEBUG PropertyBinder - MetadataSourceProcessor property number with lazy=false
DEBUG SimpleValueBinder - building SimpleValue for number
DEBUG PropertyBinder - Building property number
DEBUG AnnotationBinder - Binding entity from annotated class: com.expeditors.training.course3demo.model.Product
DEBUG Ejb3Column - Binding column: Ejb3DiscriminatorColumn{logicalColumnName&apos;DTYPE&apos;, discriminatorTypeName=&apos;string&apos;}
DEBUG EntityBinder - Import with entity name Product
DEBUG EntityBinder - Bind entity com.expeditors.training.course3demo.model.Product on table PRODUCT
DEBUG Ejb3Column - Binding column: Ejb3Column{table=org.hibernate.mapping.Table(PRODUCT), mappingColumn=PRODUCT_ID, insertable=true, updatable=true, unique=false}
DEBUG PropertyBinder - MetadataSourceProcessor property id with lazy=false
DEBUG SimpleValueBinder - building SimpleValue for id
DEBUG PropertyBinder - Building property id
DEBUG Ejb3Column - Binding column: Ejb3Column{table=org.hibernate.mapping.Table(PRODUCT), mappingColumn=description, insertable=true, updatable=true, unique=false}
DEBUG PropertyBinder - MetadataSourceProcessor property description with lazy=false
DEBUG SimpleValueBinder - building SimpleValue for description
DEBUG PropertyBinder - Building property description
DEBUG Ejb3Column - Binding column: Ejb3Column{table=org.hibernate.mapping.Table(PRODUCT), mappingColumn=name, insertable=true, updatable=true, unique=false}
DEBUG PropertyBinder - MetadataSourceProcessor property name with lazy=false
DEBUG SimpleValueBinder - building SimpleValue for name
DEBUG PropertyBinder - Building property name
DEBUG Ejb3Column - Binding column: Ejb3Column{table=org.hibernate.mapping.Table(PRODUCT), mappingColumn=price, insertable=true, updatable=true, unique=false}
DEBUG PropertyBinder - MetadataSourceProcessor property price with lazy=false
DEBUG SimpleValueBinder - building SimpleValue for price
DEBUG PropertyBinder - Building property price
DEBUG AnnotationBinder - Binding entity from annotated class: com.expeditors.training.course3demo.model.Shipment
DEBUG Ejb3Column - Binding column: Ejb3DiscriminatorColumn{logicalColumnName&apos;DTYPE&apos;, discriminatorTypeName=&apos;string&apos;}
DEBUG EntityBinder - Import with entity name Shipment
DEBUG EntityBinder - Bind entity com.expeditors.training.course3demo.model.Shipment on table Shipment
DEBUG Ejb3Column - Binding column: Ejb3Column{table=org.hibernate.mapping.Table(Shipment), mappingColumn=SHIPMENT_ID, insertable=true, updatable=true, unique=false}
DEBUG PropertyBinder - MetadataSourceProcessor property id with lazy=false
DEBUG SimpleValueBinder - building SimpleValue for id
DEBUG PropertyBinder - Building property id
DEBUG Ejb3Column - Binding column: Ejb3Column{table=org.hibernate.mapping.Table(Shipment), mappingColumn=destination, insertable=true, updatable=true, unique=false}
DEBUG PropertyBinder - MetadataSourceProcessor property destination with lazy=false
DEBUG SimpleValueBinder - building SimpleValue for destination
DEBUG PropertyBinder - Building property destination
DEBUG Ejb3Column - Binding column: Ejb3Column{table=org.hibernate.mapping.Table(Shipment), mappingColumn=name, insertable=true, updatable=true, unique=false}
DEBUG PropertyBinder - MetadataSourceProcessor property name with lazy=false
DEBUG SimpleValueBinder - building SimpleValue for name
DEBUG PropertyBinder - Building property name
DEBUG Ejb3Column - Binding column: Ejb3Column{table=org.hibernate.mapping.Table(Shipment), mappingColumn=origin, insertable=true, updatable=true, unique=false}
DEBUG PropertyBinder - MetadataSourceProcessor property origin with lazy=false
DEBUG SimpleValueBinder - building SimpleValue for origin
DEBUG PropertyBinder - Building property origin
DEBUG Ejb3Column - Binding column: Ejb3Column{table=org.hibernate.mapping.Table(Shipment), mappingColumn=volume, insertable=true, updatable=true, unique=false}
DEBUG PropertyBinder - MetadataSourceProcessor property volume with lazy=false
DEBUG SimpleValueBinder - building SimpleValue for volume
DEBUG PropertyBinder - Building property volume
DEBUG AnnotationBinder - Binding entity from annotated class: com.expeditors.training.course3demo.model.UserAccount
DEBUG Ejb3Column - Binding column: Ejb3DiscriminatorColumn{logicalColumnName&apos;DTYPE&apos;, discriminatorTypeName=&apos;string&apos;}
DEBUG EntityBinder - Import with entity name UserAccount
DEBUG EntityBinder - Bind entity com.expeditors.training.course3demo.model.UserAccount on table USERACCOUNT
DEBUG Ejb3Column - Binding column: Ejb3Column{table=org.hibernate.mapping.Table(USERACCOUNT), mappingColumn=USER_ID, insertable=true, updatable=true, unique=false}
DEBUG PropertyBinder - MetadataSourceProcessor property id with lazy=false
DEBUG SimpleValueBinder - building SimpleValue for id
DEBUG PropertyBinder - Building property id
DEBUG Ejb3Column - Binding column: Ejb3Column{table=org.hibernate.mapping.Table(USERACCOUNT), mappingColumn=enabled, insertable=true, updatable=true, unique=false}
DEBUG PropertyBinder - MetadataSourceProcessor property enabled with lazy=false
DEBUG SimpleValueBinder - building SimpleValue for enabled
DEBUG PropertyBinder - Building property enabled
DEBUG Ejb3Column - Binding column: Ejb3Column{table=org.hibernate.mapping.Table(USERACCOUNT), mappingColumn=password, insertable=true, updatable=true, unique=false}
DEBUG PropertyBinder - MetadataSourceProcessor property password with lazy=false
DEBUG SimpleValueBinder - building SimpleValue for password
DEBUG PropertyBinder - Building property password
DEBUG Ejb3Column - Binding column: Ejb3JoinColumn{logicalColumnName=&apos;null&apos;, referencedColumn=&apos;null&apos;, mappedBy=&apos;userAccount&apos;}
DEBUG Ejb3Column - Binding column: Ejb3Column{table=org.hibernate.mapping.Table(USERACCOUNT), mappingColumn=userRoles, insertable=true, updatable=true, unique=false}
DEBUG Ejb3Column - Binding column: Ejb3Column{table=org.hibernate.mapping.Table(USERACCOUNT), mappingColumn=null, insertable=true, updatable=true, unique=false}
DEBUG Ejb3Column - Binding column: Ejb3Column{table=org.hibernate.mapping.Table(USERACCOUNT), mappingColumn=element, insertable=true, updatable=true, unique=false}
DEBUG Ejb3Column - Binding column: Ejb3Column{table=org.hibernate.mapping.Table(USERACCOUNT), mappingColumn=userRoles_KEY, insertable=true, updatable=true, unique=false}
DEBUG Ejb3Column - Binding column: Ejb3JoinColumn{logicalColumnName=&apos;userRoles_KEY&apos;, referencedColumn=&apos;null&apos;, mappedBy=&apos;null&apos;}
DEBUG Ejb3Column - Binding column: Ejb3JoinColumn{logicalColumnName=&apos;null&apos;, referencedColumn=&apos;null&apos;, mappedBy=&apos;userAccount&apos;}
DEBUG Ejb3Column - Binding column: Ejb3JoinColumn{logicalColumnName=&apos;null&apos;, referencedColumn=&apos;null&apos;, mappedBy=&apos;userAccount&apos;}
DEBUG CollectionBinder - Collection role: com.expeditors.training.course3demo.model.UserAccount.userRoles
DEBUG PropertyBinder - Building property userRoles
DEBUG Ejb3Column - Binding column: Ejb3Column{table=org.hibernate.mapping.Table(USERACCOUNT), mappingColumn=username, insertable=true, updatable=true, unique=false}
DEBUG PropertyBinder - MetadataSourceProcessor property username with lazy=false
DEBUG SimpleValueBinder - building SimpleValue for username
DEBUG PropertyBinder - Building property username
DEBUG AnnotationBinder - Binding entity from annotated class: com.expeditors.training.course3demo.model.UserRole
DEBUG Ejb3Column - Binding column: Ejb3DiscriminatorColumn{logicalColumnName&apos;DTYPE&apos;, discriminatorTypeName=&apos;string&apos;}
DEBUG EntityBinder - Import with entity name UserRole
DEBUG EntityBinder - Bind entity com.expeditors.training.course3demo.model.UserRole on table USERROLE
DEBUG Ejb3Column - Binding column: Ejb3Column{table=org.hibernate.mapping.Table(USERROLE), mappingColumn=ROLE_ID, insertable=true, updatable=true, unique=false}
DEBUG PropertyBinder - MetadataSourceProcessor property id with lazy=false
DEBUG SimpleValueBinder - building SimpleValue for id
DEBUG PropertyBinder - Building property id
DEBUG Ejb3Column - Binding column: Ejb3Column{table=org.hibernate.mapping.Table(USERROLE), mappingColumn=ROLE_NAME, insertable=true, updatable=true, unique=false}
DEBUG PropertyBinder - MetadataSourceProcessor property role with lazy=false
DEBUG SimpleValueBinder - building SimpleValue for role
DEBUG PropertyBinder - Building property role
DEBUG Ejb3Column - Binding column: Ejb3JoinColumn{logicalColumnName=&apos;ROLE_OWNER&apos;, referencedColumn=&apos;&apos;, mappedBy=&apos;&apos;}
DEBUG Ejb3Column - Binding column: Ejb3Column{table=org.hibernate.mapping.Table(USERROLE), mappingColumn=userAccount, insertable=true, updatable=true, unique=false}
DEBUG PropertyBinder - Building property userAccount
DEBUG SimpleValueBinder - Setting SimpleValue typeName for id
DEBUG SimpleValueBinder - Setting SimpleValue typeName for city
DEBUG SimpleValueBinder - Setting SimpleValue typeName for state
DEBUG SimpleValueBinder - Setting SimpleValue typeName for street
DEBUG SimpleValueBinder - Setting SimpleValue typeName for id
DEBUG SimpleValueBinder - Setting SimpleValue typeName for amount
DEBUG SimpleValueBinder - Setting SimpleValue typeName for number
DEBUG SimpleValueBinder - Setting SimpleValue typeName for owner
DEBUG SimpleValueBinder - Setting SimpleValue typeName for id
DEBUG SimpleValueBinder - Setting SimpleValue typeName for capacity
DEBUG SimpleValueBinder - Setting SimpleValue typeName for destination
DEBUG SimpleValueBinder - Setting SimpleValue typeName for location
DEBUG SimpleValueBinder - Setting SimpleValue typeName for name
DEBUG SimpleValueBinder - Setting SimpleValue typeName for status
DEBUG SimpleValueBinder - Setting SimpleValue typeName for id
DEBUG SimpleValueBinder - Setting SimpleValue typeName for number
DEBUG SimpleValueBinder - Setting SimpleValue typeName for id
DEBUG SimpleValueBinder - Setting SimpleValue typeName for description
DEBUG SimpleValueBinder - Setting SimpleValue typeName for name
DEBUG SimpleValueBinder - Setting SimpleValue typeName for price
DEBUG SimpleValueBinder - Setting SimpleValue typeName for id
DEBUG SimpleValueBinder - Setting SimpleValue typeName for destination
DEBUG SimpleValueBinder - Setting SimpleValue typeName for name
DEBUG SimpleValueBinder - Setting SimpleValue typeName for origin
DEBUG SimpleValueBinder - Setting SimpleValue typeName for volume
DEBUG SimpleValueBinder - Setting SimpleValue typeName for id
DEBUG SimpleValueBinder - Setting SimpleValue typeName for enabled
DEBUG SimpleValueBinder - Setting SimpleValue typeName for password
DEBUG SimpleValueBinder - Setting SimpleValue typeName for username
DEBUG SimpleValueBinder - Setting SimpleValue typeName for id
DEBUG SimpleValueBinder - Setting SimpleValue typeName for role
DEBUG Configuration - Processing fk mappings (*ToOne and JoinedSubclass)
DEBUG Configuration - Processing extends queue
DEBUG Configuration - Processing extends queue
DEBUG Configuration - Processing collection mappings
DEBUG CollectionSecondPass - Second pass for collection: com.expeditors.training.course3demo.model.Card.phoneNumbers
DEBUG CollectionBinder - Binding a OneToMany: com.expeditors.training.course3demo.model.Card.phoneNumbers through a foreign key
DEBUG CollectionBinder - Mapping collection: com.expeditors.training.course3demo.model.Card.phoneNumbers -&gt; PHONE_NUMBER
DEBUG TableBinder - Retrieving property com.expeditors.training.course3demo.model.PhoneNumber.card
DEBUG SimpleValueBinder - building SimpleValue for null
DEBUG SimpleValueBinder - Setting SimpleValue typeName for null
DEBUG CollectionSecondPass - Mapped collection key: CARD_ID, index: index, one-to-many: com.expeditors.training.course3demo.model.PhoneNumber
DEBUG CollectionSecondPass - Second pass for collection: com.expeditors.training.course3demo.model.UserAccount.userRoles
DEBUG CollectionBinder - Binding a OneToMany: com.expeditors.training.course3demo.model.UserAccount.userRoles through a foreign key
DEBUG CollectionBinder - Mapping collection: com.expeditors.training.course3demo.model.UserAccount.userRoles -&gt; USERROLE
DEBUG TableBinder - Retrieving property com.expeditors.training.course3demo.model.UserRole.userAccount
DEBUG CollectionSecondPass - Mapped collection key: ROLE_OWNER, one-to-many: com.expeditors.training.course3demo.model.UserRole
DEBUG Configuration - Processing native query and ResultSetMapping mappings
DEBUG Configuration - Processing association property references
DEBUG Configuration - Creating tables&apos; unique integer identifiers
DEBUG Configuration - Processing foreign key constraints
DEBUG Configuration - Resolving reference to class: com.expeditors.training.course3demo.model.Address
DEBUG Configuration - Resolving reference to class: com.expeditors.training.course3demo.model.Card
DEBUG Configuration - Resolving reference to class: com.expeditors.training.course3demo.model.UserAccount
INFO  ConnectionProviderInitiator - HHH000130: Instantiating explicit connection provider: org.hibernate.ejb.connection.InjectedDataSourceConnectionProvider
DEBUG JdbcServicesImpl - Database -&gt;
       name : HSQL Database Engine
    version : 2.2.4
      major : 2
      minor : 2
DEBUG JdbcServicesImpl - Driver -&gt;
       name : HSQL Database Engine Driver
    version : 2.2.4
      major : 2
      minor : 2
DEBUG JdbcServicesImpl - JDBC version : 4.0
INFO  Dialect - HHH000400: Using dialect: org.hibernate.dialect.HSQLDialect
DEBUG SettingsFactory - Automatic flush during beforeCompletion(): disabled
DEBUG SettingsFactory - Automatic session close at end of transaction: disabled
DEBUG SettingsFactory - JDBC batch size: 15
DEBUG SettingsFactory - JDBC batch updates for versioned data: disabled
DEBUG SettingsFactory - Scrollable result sets: enabled
DEBUG SettingsFactory - Wrap result sets: disabled
DEBUG SettingsFactory - JDBC3 getGeneratedKeys(): enabled
DEBUG SettingsFactory - multi-tenancy strategy : NONE
DEBUG SettingsFactory - Connection release mode: auto
INFO  TransactionFactoryInitiator - HHH000268: Transaction strategy: org.hibernate.engine.transaction.internal.jdbc.JdbcTransactionFactory
DEBUG SettingsFactory - Using BatchFetchStyle : LEGACY
DEBUG SettingsFactory - Default batch fetch size: 1
DEBUG SettingsFactory - Generate SQL with comments: disabled
DEBUG SettingsFactory - Order SQL updates by primary key: disabled
DEBUG SettingsFactory - Order SQL inserts for batching: disabled
DEBUG SettingsFactory - Default null ordering: none
DEBUG SettingsFactory - Query translator: org.hibernate.hql.internal.ast.ASTQueryTranslatorFactory
INFO  ASTQueryTranslatorFactory - HHH000397: Using ASTQueryTranslatorFactory
DEBUG SettingsFactory - Query language substitutions: {}
DEBUG SettingsFactory - JPA-QL strict compliance: enabled
DEBUG SettingsFactory - Second-level cache: enabled
DEBUG SettingsFactory - Query cache: disabled
DEBUG SettingsFactory - Cache region factory : org.hibernate.cache.internal.NoCachingRegionFactory
DEBUG SettingsFactory - org.hibernate.cache.internal.NoCachingRegionFactory did not provide constructor accepting java.util.Properties; attempting no-arg constructor.
DEBUG SettingsFactory - Optimize cache for minimal puts: disabled
DEBUG SettingsFactory - Structured second-level cache entries: disabled
DEBUG SettingsFactory - Second-level cache direct-reference entries: disabled
DEBUG SettingsFactory - Statistics: disabled
DEBUG SettingsFactory - Deleted entity synthetic identifier rollback: disabled
DEBUG SettingsFactory - Default entity-mode: pojo
DEBUG SettingsFactory - Named query checking : enabled
DEBUG SettingsFactory - Check Nullability in Core (should be disabled when Bean Validation is on): enabled
DEBUG SettingsFactory - Allow initialization of lazy state outside session : : disabled
DEBUG SettingsFactory - JTA Track by Thread: enabled
DEBUG SessionFactoryImpl - Building session factory
DEBUG SessionFactoryImpl - Session factory constructed with filter configurations : {}
DEBUG SessionFactoryImpl - Instantiating session factory with properties: {java.vendor=Oracle Corporation, localRepository=C:\Users\chq-jamesgl\.m2\repository, hibernate=org.hibernate.dialect.HSQLDialect, sun.java.launcher=SUN_STANDARD, sun.management.compiler=HotSpot 64-Bit Tiered Compilers, hibernate.ejb.discard_pc_on_close=false, hibernate.transaction.flush_before_completion=false, os.name=Windows 7, sun.boot.class.path=C:\Program Files\Java\jdk1.8.0_20\jre\lib\resources.jar;C:\Program Files\Java\jdk1.8.0_20\jre\lib\rt.jar;C:\Program Files\Java\jdk1.8.0_20\jre\lib\sunrsasign.jar;C:\Program Files\Java\jdk1.8.0_20\jre\lib\jsse.jar;C:\Program Files\Java\jdk1.8.0_20\jre\lib\jce.jar;C:\Program Files\Java\jdk1.8.0_20\jre\lib\charsets.jar;C:\Program Files\Java\jdk1.8.0_20\jre\lib\jfr.jar;C:\Program Files\Java\jdk1.8.0_20\jre\classes, sun.desktop=windows, java.vm.specification.vendor=Oracle Corporation, java.runtime.version=1.8.0_20-b26, hibernate.connection.autocommit=true, user.name=chq-jamesgl, javax.persistence.validation.mode=AUTO, hibernate.connection.release_mode=auto, user.language=en, sun.boot.library.path=C:\Program Files\Java\jdk1.8.0_20\jre\bin, java.version=1.8.0_20, user.timezone=America/Los_Angeles, sun.arch.data.model=64, java.endorsed.dirs=C:\Program Files\Java\jdk1.8.0_20\jre\lib\endorsed, sun.cpu.isalist=amd64, sun.jnu.encoding=Cp1252, file.encoding.pkg=sun.io, file.separator=\, java.specification.name=Java Platform API Specification, java.class.version=52.0, user.country=US, java.home=C:\Program Files\Java\jdk1.8.0_20\jre, java.vm.info=mixed mode, os.version=6.1, hibernate.transaction.factory_class=org.hibernate.engine.transaction.internal.jdbc.JdbcTransactionFactory, hibernate.connection.datasource=org.springframework.jdbc.datasource.DriverManagerDataSource@2160e52a, surefire.real.class.path=C:\Users\chq-jamesgl\STS_work2\finalprojectgleixner\target\surefire\surefirebooter4129056140270613633.jar, hibernate.query.jpaql_strict_compliance=true, path.separator=;, java.vm.version=25.20-b23, user.variant=, java.awt.printerjob=sun.awt.windows.WPrinterJob, sun.io.unicode.encoding=UnicodeLittle, awt.toolkit=sun.awt.windows.WToolkit, user.script=, user.home=C:\Users\chq-jamesgl, java.specification.vendor=Oracle Corporation, hibernate.hbm2ddl.auto=create-drop, java.library.path=C:\Program Files\Java\jdk1.8.0_20\jre\bin;C:\WINDOWS\Sun\Java\bin;C:\WINDOWS\system32;C:\WINDOWS;C:/Program Files/Java/jdk1.7.0_45/bin/../jre/bin/server;C:/Program Files/Java/jdk1.7.0_45/bin/../jre/bin;C:/Program Files/Java/jdk1.7.0_45/bin/../jre/lib/amd64;C:\Program Files\spring-1.2.1.RELEASE\bin;C:\Maven\apache-maven-3.0.5\bin;C:\Program Files\Java\jdk1.7.0_45\bin;C:\ProgramData\Oracle\Java\javapath;C:\Program Files (x86)\Intel\iCLS Client\;C:\Program Files\Intel\iCLS Client\;C:\WINDOWS\system32;C:\WINDOWS;C:\WINDOWS\System32\Wbem;C:\WINDOWS\System32\WindowsPowerShell\v1.0\;C:\Program Files\Intel\DMIX;C:\WINDOWS\CCM;C:\WINDOWS\CCM;C:\WINDOWS\CCM;C:\WINDOWS\CCM;C:\WINDOWS\CCM;C:\WINDOWS\CCM;C:\WINDOWS\CCM;C:\PROGRA~2\IBM\SQLLIB\BIN;C:\PROGRA~2\IBM\SQLLIB\FUNCTION;C:\PROGRA~2\IBM\SQLLIB\SAMPLES\REPL;C:\Program Files\Intel\Intel(R) Management Engine Components\DAL;C:\Program Files\Intel\Intel(R) Management Engine Components\IPT;C:\Program Files (x86)\Intel\Intel(R) Management Engine Components\DAL;C:\Program Files (x86)\Intel\Intel(R) Management Engine Components\IPT;C:\Program Files\Microsoft\Web Platform Installer\;C:\Program Files\TortoiseSVN\bin;C:\Users\chq-jamesgl\Documents\STS2\sts-bundle\sts-3.6.3.SR1;;., java.vendor.url=http://java.oracle.com/, java.vm.vendor=Oracle Corporation, java.runtime.name=Java(TM) SE Runtime Environment, sun.java.command=C:\Users\chq-jamesgl\STS_work2\finalprojectgleixner\target\surefire\surefirebooter4129056140270613633.jar C:\Users\chq-jamesgl\STS_work2\finalprojectgleixner\target\surefire\surefire3891015182998956309tmp C:\Users\chq-jamesgl\STS_work2\finalprojectgleixner\target\surefire\surefire_0694316389834651853tmp, java.class.path=C:\Users\chq-jamesgl\STS_work2\finalprojectgleixner\target\test-classes;C:\Users\chq-jamesgl\STS_work2\finalprojectgleixner\target\classes;C:\Users\chq-jamesgl\.m2\repository\org\springframework\spring-webmvc\3.2.3.RELEASE\spring-webmvc-3.2.3.RELEASE.jar;C:\Users\chq-jamesgl\.m2\repository\org\springframework\spring-beans\3.2.3.RELEASE\spring-beans-3.2.3.RELEASE.jar;C:\Users\chq-jamesgl\.m2\repository\org\springframework\spring-context\3.2.3.RELEASE\spring-context-3.2.3.RELEASE.jar;C:\Users\chq-jamesgl\.m2\repository\org\springframework\spring-core\3.2.3.RELEASE\spring-core-3.2.3.RELEASE.jar;C:\Users\chq-jamesgl\.m2\repository\commons-logging\commons-logging\1.1.1\commons-logging-1.1.1.jar;C:\Users\chq-jamesgl\.m2\repository\org\springframework\spring-expression\3.2.3.RELEASE\spring-expression-3.2.3.RELEASE.jar;C:\Users\chq-jamesgl\.m2\repository\org\springframework\spring-web\3.2.3.RELEASE\spring-web-3.2.3.RELEASE.jar;C:\Users\chq-jamesgl\.m2\repository\org\springframework\security\spring-security-web\3.2.3.RELEASE\spring-security-web-3.2.3.RELEASE.jar;C:\Users\chq-jamesgl\.m2\repository\aopalliance\aopalliance\1.0\aopalliance-1.0.jar;C:\Users\chq-jamesgl\.m2\repository\org\springframework\security\spring-security-core\3.2.3.RELEASE\spring-security-core-3.2.3.RELEASE.jar;C:\Users\chq-jamesgl\.m2\repository\org\springframework\security\spring-security-config\3.2.3.RELEASE\spring-security-config-3.2.3.RELEASE.jar;C:\Users\chq-jamesgl\.m2\repository\org\springframework\security\spring-security-taglibs\3.2.3.RELEASE\spring-security-taglibs-3.2.3.RELEASE.jar;C:\Users\chq-jamesgl\.m2\repository\org\springframework\security\spring-security-acl\3.2.3.RELEASE\spring-security-acl-3.2.3.RELEASE.jar;C:\Users\chq-jamesgl\.m2\repository\javax\servlet\jstl\1.2\jstl-1.2.jar;C:\Users\chq-jamesgl\.m2\repository\javax\servlet\servlet-api\2.5\servlet-api-2.5.jar;C:\Users\chq-jamesgl\.m2\repository\javax\servlet\jsp\jsp-api\2.2\jsp-api-2.2.jar;C:\Users\chq-jamesgl\.m2\repository\org\springframework\spring-tx\3.2.3.RELEASE\spring-tx-3.2.3.RELEASE.jar;C:\Users\chq-jamesgl\.m2\repository\org\springframework\spring-orm\3.2.3.RELEASE\spring-orm-3.2.3.RELEASE.jar;C:\Users\chq-jamesgl\.m2\repository\org\springframework\spring-jdbc\3.2.3.RELEASE\spring-jdbc-3.2.3.RELEASE.jar;C:\Users\chq-jamesgl\.m2\repository\org\springframework\spring-aop\3.2.3.RELEASE\spring-aop-3.2.3.RELEASE.jar;C:\Users\chq-jamesgl\.m2\repository\org\slf4j\slf4j-api\1.7.5\slf4j-api-1.7.5.jar;C:\Users\chq-jamesgl\.m2\repository\ch\qos\logback\logback-classic\1.0.13\logback-classic-1.0.13.jar;C:\Users\chq-jamesgl\.m2\repository\ch\qos\logback\logback-core\1.0.13\logback-core-1.0.13.jar;C:\Users\chq-jamesgl\.m2\repository\org\hibernate\hibernate-entitymanager\4.2.1.Final\hibernate-entitymanager-4.2.1.Final.jar;C:\Users\chq-jamesgl\.m2\repository\org\jboss\logging\jboss-logging\3.1.0.GA\jboss-logging-3.1.0.GA.jar;C:\Users\chq-jamesgl\.m2\repository\org\hibernate\hibernate-core\4.2.1.Final\hibernate-core-4.2.1.Final.jar;C:\Users\chq-jamesgl\.m2\repository\antlr\antlr\2.7.7\antlr-2.7.7.jar;C:\Users\chq-jamesgl\.m2\repository\dom4j\dom4j\1.6.1\dom4j-1.6.1.jar;C:\Users\chq-jamesgl\.m2\repository\org\jboss\spec\javax\transaction\jboss-transaction-api_1.1_spec\1.0.1.Final\jboss-transaction-api_1.1_spec-1.0.1.Final.jar;C:\Users\chq-jamesgl\.m2\repository\org\hibernate\javax\persistence\hibernate-jpa-2.0-api\1.0.1.Final\hibernate-jpa-2.0-api-1.0.1.Final.jar;C:\Users\chq-jamesgl\.m2\repository\org\javassist\javassist\3.15.0-GA\javassist-3.15.0-GA.jar;C:\Users\chq-jamesgl\.m2\repository\org\hibernate\common\hibernate-commons-annotations\4.0.1.Final\hibernate-commons-annotations-4.0.1.Final.jar;C:\Users\chq-jamesgl\.m2\repository\javax\validation\validation-api\1.1.0.Final\validation-api-1.1.0.Final.jar;C:\Users\chq-jamesgl\.m2\repository\org\hibernate\hibernate-validator\4.2.0.Final\hibernate-validator-4.2.0.Final.jar;C:\Users\chq-jamesgl\.m2\repository\org\hsqldb\hsqldb\2.2.4\hsqldb-2.2.4.jar;C:\Users\chq-jamesgl\.m2\repository\org\dbunit\dbunit\2.5.0\dbunit-2.5.0.jar;C:\Users\chq-jamesgl\.m2\repository\commons-collections\commons-collections\3.2.1\commons-collections-3.2.1.jar;C:\Users\chq-jamesgl\.m2\repository\com\github\springtestdbunit\spring-test-dbunit\1.2.0\spring-test-dbunit-1.2.0.jar;C:\Users\chq-jamesgl\.m2\repository\org\springframework\spring-test\3.2.3.RELEASE\spring-test-3.2.3.RELEASE.jar;C:\Users\chq-jamesgl\.m2\repository\org\hamcrest\hamcrest-all\1.3\hamcrest-all-1.3.jar;C:\Users\chq-jamesgl\.m2\repository\junit\junit\4.11\junit-4.11.jar;C:\Users\chq-jamesgl\.m2\repository\org\hamcrest\hamcrest-core\1.3\hamcrest-core-1.3.jar;C:\Users\chq-jamesgl\.m2\repository\org\mockito\mockito-core\1.9.5\mockito-core-1.9.5.jar;C:\Users\chq-jamesgl\.m2\repository\org\objenesis\objenesis\1.0\objenesis-1.0.jar;C:\Users\chq-jamesgl\.m2\repository\org\apache\derby\derbyclient\10.11.1.1\derbyclient-10.11.1.1.jar;C:\Users\chq-jamesgl\.m2\repository\org\sitemesh\sitemesh\3.0-alpha-2\sitemesh-3.0-alpha-2.jar;, hibernate.bytecode.use_reflection_optimizer=false, java.vm.specification.name=Java Virtual Machine Specification, java.vm.specification.version=1.8, sun.cpu.endian=little, sun.os.patch.level=Service Pack 1, hibernate.connection.provider_class=org.hibernate.ejb.connection.InjectedDataSourceConnectionProvider, surefire.test.class.path=C:\Users\chq-jamesgl\STS_work2\finalprojectgleixner\target\test-classes;C:\Users\chq-jamesgl\STS_work2\finalprojectgleixner\target\classes;C:\Users\chq-jamesgl\.m2\repository\org\springframework\spring-webmvc\3.2.3.RELEASE\spring-webmvc-3.2.3.RELEASE.jar;C:\Users\chq-jamesgl\.m2\repository\org\springframework\spring-beans\3.2.3.RELEASE\spring-beans-3.2.3.RELEASE.jar;C:\Users\chq-jamesgl\.m2\repository\org\springframework\spring-context\3.2.3.RELEASE\spring-context-3.2.3.RELEASE.jar;C:\Users\chq-jamesgl\.m2\repository\org\springframework\spring-core\3.2.3.RELEASE\spring-core-3.2.3.RELEASE.jar;C:\Users\chq-jamesgl\.m2\repository\commons-logging\commons-logging\1.1.1\commons-logging-1.1.1.jar;C:\Users\chq-jamesgl\.m2\repository\org\springframework\spring-expression\3.2.3.RELEASE\spring-expression-3.2.3.RELEASE.jar;C:\Users\chq-jamesgl\.m2\repository\org\springframework\spring-web\3.2.3.RELEASE\spring-web-3.2.3.RELEASE.jar;C:\Users\chq-jamesgl\.m2\repository\org\springframework\security\spring-security-web\3.2.3.RELEASE\spring-security-web-3.2.3.RELEASE.jar;C:\Users\chq-jamesgl\.m2\repository\aopalliance\aopalliance\1.0\aopalliance-1.0.jar;C:\Users\chq-jamesgl\.m2\repository\org\springframework\security\spring-security-core\3.2.3.RELEASE\spring-security-core-3.2.3.RELEASE.jar;C:\Users\chq-jamesgl\.m2\repository\org\springframework\security\spring-security-config\3.2.3.RELEASE\spring-security-config-3.2.3.RELEASE.jar;C:\Users\chq-jamesgl\.m2\repository\org\springframework\security\spring-security-taglibs\3.2.3.RELEASE\spring-security-taglibs-3.2.3.RELEASE.jar;C:\Users\chq-jamesgl\.m2\repository\org\springframework\security\spring-security-acl\3.2.3.RELEASE\spring-security-acl-3.2.3.RELEASE.jar;C:\Users\chq-jamesgl\.m2\repository\javax\servlet\jstl\1.2\jstl-1.2.jar;C:\Users\chq-jamesgl\.m2\repository\javax\servlet\servlet-api\2.5\servlet-api-2.5.jar;C:\Users\chq-jamesgl\.m2\repository\javax\servlet\jsp\jsp-api\2.2\jsp-api-2.2.jar;C:\Users\chq-jamesgl\.m2\repository\org\springframework\spring-tx\3.2.3.RELEASE\spring-tx-3.2.3.RELEASE.jar;C:\Users\chq-jamesgl\.m2\repository\org\springframework\spring-orm\3.2.3.RELEASE\spring-orm-3.2.3.RELEASE.jar;C:\Users\chq-jamesgl\.m2\repository\org\springframework\spring-jdbc\3.2.3.RELEASE\spring-jdbc-3.2.3.RELEASE.jar;C:\Users\chq-jamesgl\.m2\repository\org\springframework\spring-aop\3.2.3.RELEASE\spring-aop-3.2.3.RELEASE.jar;C:\Users\chq-jamesgl\.m2\repository\org\slf4j\slf4j-api\1.7.5\slf4j-api-1.7.5.jar;C:\Users\chq-jamesgl\.m2\repository\ch\qos\logback\logback-classic\1.0.13\logback-classic-1.0.13.jar;C:\Users\chq-jamesgl\.m2\repository\ch\qos\logback\logback-core\1.0.13\logback-core-1.0.13.jar;C:\Users\chq-jamesgl\.m2\repository\org\hibernate\hibernate-entitymanager\4.2.1.Final\hibernate-entitymanager-4.2.1.Final.jar;C:\Users\chq-jamesgl\.m2\repository\org\jboss\logging\jboss-logging\3.1.0.GA\jboss-logging-3.1.0.GA.jar;C:\Users\chq-jamesgl\.m2\repository\org\hibernate\hibernate-core\4.2.1.Final\hibernate-core-4.2.1.Final.jar;C:\Users\chq-jamesgl\.m2\repository\antlr\antlr\2.7.7\antlr-2.7.7.jar;C:\Users\chq-jamesgl\.m2\repository\dom4j\dom4j\1.6.1\dom4j-1.6.1.jar;C:\Users\chq-jamesgl\.m2\repository\org\jboss\spec\javax\transaction\jboss-transaction-api_1.1_spec\1.0.1.Final\jboss-transaction-api_1.1_spec-1.0.1.Final.jar;C:\Users\chq-jamesgl\.m2\repository\org\hibernate\javax\persistence\hibernate-jpa-2.0-api\1.0.1.Final\hibernate-jpa-2.0-api-1.0.1.Final.jar;C:\Users\chq-jamesgl\.m2\repository\org\javassist\javassist\3.15.0-GA\javassist-3.15.0-GA.jar;C:\Users\chq-jamesgl\.m2\repository\org\hibernate\common\hibernate-commons-annotations\4.0.1.Final\hibernate-commons-annotations-4.0.1.Final.jar;C:\Users\chq-jamesgl\.m2\repository\javax\validation\validation-api\1.1.0.Final\validation-api-1.1.0.Final.jar;C:\Users\chq-jamesgl\.m2\repository\org\hibernate\hibernate-validator\4.2.0.Final\hibernate-validator-4.2.0.Final.jar;C:\Users\chq-jamesgl\.m2\repository\org\hsqldb\hsqldb\2.2.4\hsqldb-2.2.4.jar;C:\Users\chq-jamesgl\.m2\repository\org\dbunit\dbunit\2.5.0\dbunit-2.5.0.jar;C:\Users\chq-jamesgl\.m2\repository\commons-collections\commons-collections\3.2.1\commons-collections-3.2.1.jar;C:\Users\chq-jamesgl\.m2\repository\com\github\springtestdbunit\spring-test-dbunit\1.2.0\spring-test-dbunit-1.2.0.jar;C:\Users\chq-jamesgl\.m2\repository\org\springframework\spring-test\3.2.3.RELEASE\spring-test-3.2.3.RELEASE.jar;C:\Users\chq-jamesgl\.m2\repository\org\hamcrest\hamcrest-all\1.3\hamcrest-all-1.3.jar;C:\Users\chq-jamesgl\.m2\repository\junit\junit\4.11\junit-4.11.jar;C:\Users\chq-jamesgl\.m2\repository\org\hamcrest\hamcrest-core\1.3\hamcrest-core-1.3.jar;C:\Users\chq-jamesgl\.m2\repository\org\mockito\mockito-core\1.9.5\mockito-core-1.9.5.jar;C:\Users\chq-jamesgl\.m2\repository\org\objenesis\objenesis\1.0\objenesis-1.0.jar;C:\Users\chq-jamesgl\.m2\repository\org\apache\derby\derbyclient\10.11.1.1\derbyclient-10.11.1.1.jar;C:\Users\chq-jamesgl\.m2\repository\org\sitemesh\sitemesh\3.0-alpha-2\sitemesh-3.0-alpha-2.jar;, java.io.tmpdir=C:\Users\CHQ-JA~1\AppData\Local\Temp\, java.vendor.url.bug=http://bugreport.sun.com/bugreport/, javax.persistence.sharedCache.mode=UNSPECIFIED, os.arch=amd64, java.awt.graphicsenv=sun.awt.Win32GraphicsEnvironment, java.ext.dirs=C:\Program Files\Java\jdk1.8.0_20\jre\lib\ext;C:\WINDOWS\Sun\Java\lib\ext, user.dir=C:\Users\chq-jamesgl\STS_work2\finalprojectgleixner, line.separator=
, java.vm.name=Java HotSpot(TM) 64-Bit Server VM, basedir=C:\Users\chq-jamesgl\STS_work2\finalprojectgleixner, file.encoding=Cp1252, hibernate.use_identifier_rollback=false, java.specification.version=1.8, hibernate.show_sql=true}
DEBUG DefaultTraversableResolver - Found javax.persistence.Persistence on classpath containing &apos;getPersistenceUtil&apos;. Assuming JPA 2 environment. Trying to instantiate JPA aware TraversableResolver
DEBUG DefaultTraversableResolver - Instantiated JPA aware TraversableResolver of type org.hibernate.validator.engine.resolver.JPATraversableResolver.
DEBUG ValidationXmlParser - Trying to load META-INF/validation.xml for XML based Validator configuration.
DEBUG ValidationXmlParser - No META-INF/validation.xml found. Using annotation based configuration only
DEBUG DefaultTraversableResolver - Found javax.persistence.Persistence on classpath containing &apos;getPersistenceUtil&apos;. Assuming JPA 2 environment. Trying to instantiate JPA aware TraversableResolver
DEBUG DefaultTraversableResolver - Instantiated JPA aware TraversableResolver of type org.hibernate.validator.engine.resolver.JPATraversableResolver.
DEBUG ValidationXmlParser - Trying to load META-INF/validation.xml for XML based Validator configuration.
DEBUG ValidationXmlParser - No META-INF/validation.xml found. Using annotation based configuration only
DEBUG ConstraintDescriptorImpl - Adding composing constraint: ConstraintDescriptorImpl{annotation=javax.validation.constraints.NotNull, payloads=[], hasComposingConstraints=true, isReportAsSingleInvalidConstraint=false, elementType=FIELD, definedOn=DEFINED_LOCALLY, groups=[interface javax.validation.groups.Default], attributes={message={javax.validation.constraints.NotNull.message}, groups=[Ljava.lang.Class;@7ed9ae94, payload=[Ljava.lang.Class;@66908383}}
DEBUG ConstraintDescriptorImpl - Adding composing constraint: ConstraintDescriptorImpl{annotation=javax.validation.constraints.Size, payloads=[], hasComposingConstraints=true, isReportAsSingleInvalidConstraint=false, elementType=FIELD, definedOn=DEFINED_LOCALLY, groups=[interface javax.validation.groups.Default], attributes={groups=[Ljava.lang.Class;@2bc12da, min=1, message={javax.validation.constraints.Size.message}, max=2147483647, payload=[Ljava.lang.Class;@3122b117}}
DEBUG ConstraintDescriptorImpl - Adding composing constraint: ConstraintDescriptorImpl{annotation=javax.validation.constraints.NotNull, payloads=[], hasComposingConstraints=true, isReportAsSingleInvalidConstraint=false, elementType=FIELD, definedOn=DEFINED_LOCALLY, groups=[interface javax.validation.groups.Default], attributes={message={javax.validation.constraints.NotNull.message}, groups=[Ljava.lang.Class;@58065f0c, payload=[Ljava.lang.Class;@3605c4d3}}
DEBUG ConstraintDescriptorImpl - Adding composing constraint: ConstraintDescriptorImpl{annotation=javax.validation.constraints.Size, payloads=[], hasComposingConstraints=true, isReportAsSingleInvalidConstraint=false, elementType=FIELD, definedOn=DEFINED_LOCALLY, groups=[interface javax.validation.groups.Default], attributes={groups=[Ljava.lang.Class;@187eb9a8, min=1, message={javax.validation.constraints.Size.message}, max=2147483647, payload=[Ljava.lang.Class;@726a6b94}}
DEBUG ConstraintDescriptorImpl - Adding composing constraint: ConstraintDescriptorImpl{annotation=javax.validation.constraints.NotNull, payloads=[], hasComposingConstraints=true, isReportAsSingleInvalidConstraint=false, elementType=FIELD, definedOn=DEFINED_LOCALLY, groups=[interface javax.validation.groups.Default], attributes={message={javax.validation.constraints.NotNull.message}, groups=[Ljava.lang.Class;@522b2631, payload=[Ljava.lang.Class;@3ff57625}}
DEBUG ConstraintDescriptorImpl - Adding composing constraint: ConstraintDescriptorImpl{annotation=javax.validation.constraints.Size, payloads=[], hasComposingConstraints=true, isReportAsSingleInvalidConstraint=false, elementType=FIELD, definedOn=DEFINED_LOCALLY, groups=[interface javax.validation.groups.Default], attributes={groups=[Ljava.lang.Class;@7c8326a4, min=1, message={javax.validation.constraints.Size.message}, max=2147483647, payload=[Ljava.lang.Class;@77128dab}}
DEBUG ConstraintDescriptorImpl - Adding composing constraint: ConstraintDescriptorImpl{annotation=javax.validation.constraints.NotNull, payloads=[], hasComposingConstraints=true, isReportAsSingleInvalidConstraint=false, elementType=FIELD, definedOn=DEFINED_LOCALLY, groups=[interface javax.validation.groups.Default], attributes={message={javax.validation.constraints.NotNull.message}, groups=[Ljava.lang.Class;@c3fa05a, payload=[Ljava.lang.Class;@7b44b63d}}
DEBUG ConstraintDescriptorImpl - Adding composing constraint: ConstraintDescriptorImpl{annotation=javax.validation.constraints.Size, payloads=[], hasComposingConstraints=true, isReportAsSingleInvalidConstraint=false, elementType=FIELD, definedOn=DEFINED_LOCALLY, groups=[interface javax.validation.groups.Default], attributes={groups=[Ljava.lang.Class;@38499e48, min=1, message={javax.validation.constraints.Size.message}, max=2147483647, payload=[Ljava.lang.Class;@4905c46b}}
DEBUG ConstraintDescriptorImpl - Adding composing constraint: ConstraintDescriptorImpl{annotation=javax.validation.constraints.NotNull, payloads=[], hasComposingConstraints=true, isReportAsSingleInvalidConstraint=false, elementType=FIELD, definedOn=DEFINED_LOCALLY, groups=[interface javax.validation.groups.Default], attributes={message={javax.validation.constraints.NotNull.message}, groups=[Ljava.lang.Class;@5b78fdb1, payload=[Ljava.lang.Class;@48bfb884}}
DEBUG ConstraintDescriptorImpl - Adding composing constraint: ConstraintDescriptorImpl{annotation=javax.validation.constraints.Size, payloads=[], hasComposingConstraints=true, isReportAsSingleInvalidConstraint=false, elementType=FIELD, definedOn=DEFINED_LOCALLY, groups=[interface javax.validation.groups.Default], attributes={groups=[Ljava.lang.Class;@715fb77, min=1, message={javax.validation.constraints.Size.message}, max=2147483647, payload=[Ljava.lang.Class;@1b9c1b51}}
DEBUG ConstraintDescriptorImpl - Adding composing constraint: ConstraintDescriptorImpl{annotation=javax.validation.constraints.NotNull, payloads=[], hasComposingConstraints=true, isReportAsSingleInvalidConstraint=false, elementType=FIELD, definedOn=DEFINED_LOCALLY, groups=[interface javax.validation.groups.Default], attributes={message={javax.validation.constraints.NotNull.message}, groups=[Ljava.lang.Class;@16fe9c29, payload=[Ljava.lang.Class;@3e9803c2}}
DEBUG ConstraintDescriptorImpl - Adding composing constraint: ConstraintDescriptorImpl{annotation=javax.validation.constraints.Size, payloads=[], hasComposingConstraints=true, isReportAsSingleInvalidConstraint=false, elementType=FIELD, definedOn=DEFINED_LOCALLY, groups=[interface javax.validation.groups.Default], attributes={groups=[Ljava.lang.Class;@7c974942, min=1, message={javax.validation.constraints.Size.message}, max=2147483647, payload=[Ljava.lang.Class;@1eea9d2d}}
DEBUG ConstraintDescriptorImpl - Adding composing constraint: ConstraintDescriptorImpl{annotation=javax.validation.constraints.NotNull, payloads=[], hasComposingConstraints=true, isReportAsSingleInvalidConstraint=false, elementType=FIELD, definedOn=DEFINED_LOCALLY, groups=[interface javax.validation.groups.Default], attributes={message={javax.validation.constraints.NotNull.message}, groups=[Ljava.lang.Class;@bd2f5a9, payload=[Ljava.lang.Class;@4d4960c8}}
DEBUG ConstraintDescriptorImpl - Adding composing constraint: ConstraintDescriptorImpl{annotation=javax.validation.constraints.Size, payloads=[], hasComposingConstraints=true, isReportAsSingleInvalidConstraint=false, elementType=FIELD, definedOn=DEFINED_LOCALLY, groups=[interface javax.validation.groups.Default], attributes={groups=[Ljava.lang.Class;@773bd77b, min=1, message={javax.validation.constraints.Size.message}, max=2147483647, payload=[Ljava.lang.Class;@6b580b88}}
DEBUG DefaultIdentifierGeneratorFactory - Setting dialect [org.hibernate.dialect.HSQLDialect]
DEBUG DefaultIdentifierGeneratorFactory - Setting dialect [org.hibernate.dialect.HSQLDialect]
DEBUG DefaultIdentifierGeneratorFactory - Setting dialect [org.hibernate.dialect.HSQLDialect]
DEBUG DefaultIdentifierGeneratorFactory - Setting dialect [org.hibernate.dialect.HSQLDialect]
DEBUG DefaultIdentifierGeneratorFactory - Setting dialect [org.hibernate.dialect.HSQLDialect]
DEBUG DefaultIdentifierGeneratorFactory - Setting dialect [org.hibernate.dialect.HSQLDialect]
DEBUG DefaultIdentifierGeneratorFactory - Setting dialect [org.hibernate.dialect.HSQLDialect]
DEBUG DefaultIdentifierGeneratorFactory - Setting dialect [org.hibernate.dialect.HSQLDialect]
DEBUG AbstractEntityPersister - Static SQL for entity: com.expeditors.training.course3demo.model.PhoneNumber
DEBUG AbstractEntityPersister -  Version select: select PHONE_NUMBER_ID from PHONE_NUMBER where PHONE_NUMBER_ID =?
DEBUG AbstractEntityPersister -  Snapshot select: select phonenumbe_.PHONE_NUMBER_ID, phonenumbe_.CARD_ID as CARD3_3_, phonenumbe_.PHONE_NUMBER as PHONE2_3_ from PHONE_NUMBER phonenumbe_ where phonenumbe_.PHONE_NUMBER_ID=?
DEBUG AbstractEntityPersister -  Insert 0: insert into PHONE_NUMBER (CARD_ID, PHONE_NUMBER, PHONE_NUMBER_ID) values (?, ?, ?)
DEBUG AbstractEntityPersister -  Update 0: update PHONE_NUMBER set CARD_ID=?, PHONE_NUMBER=? where PHONE_NUMBER_ID=?
DEBUG AbstractEntityPersister -  Delete 0: delete from PHONE_NUMBER where PHONE_NUMBER_ID=?
DEBUG AbstractEntityPersister -  Identity insert: insert into PHONE_NUMBER (PHONE_NUMBER_ID, CARD_ID, PHONE_NUMBER) values (default, ?, ?)
DEBUG AbstractEntityPersister - Static SQL for entity: com.expeditors.training.course3demo.model.Shipment
DEBUG AbstractEntityPersister -  Version select: select SHIPMENT_ID from Shipment where SHIPMENT_ID =?
DEBUG AbstractEntityPersister -  Snapshot select: select shipment_.SHIPMENT_ID, shipment_.destination as destinat2_5_, shipment_.name as name3_5_, shipment_.origin as origin4_5_, shipment_.volume as volume5_5_ from Shipment shipment_ where shipment_.SHIPMENT_ID=?
DEBUG AbstractEntityPersister -  Insert 0: insert into Shipment (destination, name, origin, volume, SHIPMENT_ID) values (?, ?, ?, ?, ?)
DEBUG AbstractEntityPersister -  Update 0: update Shipment set destination=?, name=?, origin=?, volume=? where SHIPMENT_ID=?
DEBUG AbstractEntityPersister -  Delete 0: delete from Shipment where SHIPMENT_ID=?
DEBUG AbstractEntityPersister -  Identity insert: insert into Shipment (SHIPMENT_ID, destination, name, origin, volume) values (default, ?, ?, ?, ?)
DEBUG AbstractEntityPersister - Static SQL for entity: com.expeditors.training.course3demo.model.Card
DEBUG AbstractEntityPersister -  Version select: select CARD_ID from CARD where CARD_ID =?
DEBUG AbstractEntityPersister -  Snapshot select: select card_.CARD_ID, card_.address as address5_1_, card_.amount as amount2_1_, card_.CARD_NUMBER as CARD3_1_, card_.OWNER_NAME as OWNER4_1_ from CARD card_ where card_.CARD_ID=?
DEBUG AbstractEntityPersister -  Insert 0: insert into CARD (address, amount, CARD_NUMBER, OWNER_NAME, CARD_ID) values (?, ?, ?, ?, ?)
DEBUG AbstractEntityPersister -  Update 0: update CARD set address=?, amount=?, CARD_NUMBER=?, OWNER_NAME=? where CARD_ID=?
DEBUG AbstractEntityPersister -  Delete 0: delete from CARD where CARD_ID=?
DEBUG AbstractEntityPersister -  Identity insert: insert into CARD (CARD_ID, address, amount, CARD_NUMBER, OWNER_NAME) values (default, ?, ?, ?, ?)
DEBUG AbstractEntityPersister - Static SQL for entity: com.expeditors.training.course3demo.model.Container
DEBUG AbstractEntityPersister -  Version select: select CONTAINER_ID from Container where CONTAINER_ID =?
DEBUG AbstractEntityPersister -  Snapshot select: select container_.CONTAINER_ID, container_.capacity as capacity2_2_, container_.destination as destinat3_2_, container_.location as location4_2_, container_.name as name5_2_, container_.status as status6_2_ from Container container_ where container_.CONTAINER_ID=?
DEBUG AbstractEntityPersister -  Insert 0: insert into Container (capacity, destination, location, name, status, CONTAINER_ID) values (?, ?, ?, ?, ?, ?)
DEBUG AbstractEntityPersister -  Update 0: update Container set capacity=?, destination=?, location=?, name=?, status=? where CONTAINER_ID=?
DEBUG AbstractEntityPersister -  Delete 0: delete from Container where CONTAINER_ID=?
DEBUG AbstractEntityPersister -  Identity insert: insert into Container (CONTAINER_ID, capacity, destination, location, name, status) values (default, ?, ?, ?, ?, ?)
DEBUG AbstractEntityPersister - Static SQL for entity: com.expeditors.training.course3demo.model.UserRole
DEBUG AbstractEntityPersister -  Version select: select ROLE_ID from USERROLE where ROLE_ID =?
DEBUG AbstractEntityPersister -  Snapshot select: select userrole_.ROLE_ID, userrole_.ROLE_NAME as ROLE2_7_, userrole_.ROLE_OWNER as ROLE3_7_ from USERROLE userrole_ where userrole_.ROLE_ID=?
DEBUG AbstractEntityPersister -  Insert 0: insert into USERROLE (ROLE_NAME, ROLE_OWNER, ROLE_ID) values (?, ?, ?)
DEBUG AbstractEntityPersister -  Update 0: update USERROLE set ROLE_NAME=?, ROLE_OWNER=? where ROLE_ID=?
DEBUG AbstractEntityPersister -  Delete 0: delete from USERROLE where ROLE_ID=?
DEBUG AbstractEntityPersister -  Identity insert: insert into USERROLE (ROLE_ID, ROLE_NAME, ROLE_OWNER) values (default, ?, ?)
DEBUG AbstractEntityPersister - Static SQL for entity: com.expeditors.training.course3demo.model.Address
DEBUG AbstractEntityPersister -  Version select: select ADDRESS_ID from ADDRESS where ADDRESS_ID =?
DEBUG AbstractEntityPersister -  Snapshot select: select address_.ADDRESS_ID, address_.city as city2_0_, address_.state as state3_0_, address_.street as street4_0_ from ADDRESS address_ where address_.ADDRESS_ID=?
DEBUG AbstractEntityPersister -  Insert 0: insert into ADDRESS (city, state, street, ADDRESS_ID) values (?, ?, ?, ?)
DEBUG AbstractEntityPersister -  Update 0: update ADDRESS set city=?, state=?, street=? where ADDRESS_ID=?
DEBUG AbstractEntityPersister -  Delete 0: delete from ADDRESS where ADDRESS_ID=?
DEBUG AbstractEntityPersister -  Identity insert: insert into ADDRESS (ADDRESS_ID, city, state, street) values (default, ?, ?, ?)
DEBUG AbstractEntityPersister - Static SQL for entity: com.expeditors.training.course3demo.model.UserAccount
DEBUG AbstractEntityPersister -  Version select: select USER_ID from USERACCOUNT where USER_ID =?
DEBUG AbstractEntityPersister -  Snapshot select: select useraccoun_.USER_ID, useraccoun_.enabled as enabled2_6_, useraccoun_.password as password3_6_, useraccoun_.username as username4_6_ from USERACCOUNT useraccoun_ where useraccoun_.USER_ID=?
DEBUG AbstractEntityPersister -  Insert 0: insert into USERACCOUNT (enabled, password, username, USER_ID) values (?, ?, ?, ?)
DEBUG AbstractEntityPersister -  Update 0: update USERACCOUNT set enabled=?, password=?, username=? where USER_ID=?
DEBUG AbstractEntityPersister -  Delete 0: delete from USERACCOUNT where USER_ID=?
DEBUG AbstractEntityPersister -  Identity insert: insert into USERACCOUNT (USER_ID, enabled, password, username) values (default, ?, ?, ?)
DEBUG AbstractEntityPersister - Static SQL for entity: com.expeditors.training.course3demo.model.Product
DEBUG AbstractEntityPersister -  Version select: select PRODUCT_ID from PRODUCT where PRODUCT_ID =?
DEBUG AbstractEntityPersister -  Snapshot select: select product_.PRODUCT_ID, product_.description as descript2_4_, product_.name as name3_4_, product_.price as price4_4_ from PRODUCT product_ where product_.PRODUCT_ID=?
DEBUG AbstractEntityPersister -  Insert 0: insert into PRODUCT (description, name, price, PRODUCT_ID) values (?, ?, ?, ?)
DEBUG AbstractEntityPersister -  Update 0: update PRODUCT set description=?, name=?, price=? where PRODUCT_ID=?
DEBUG AbstractEntityPersister -  Delete 0: delete from PRODUCT where PRODUCT_ID=?
DEBUG AbstractEntityPersister -  Identity insert: insert into PRODUCT (PRODUCT_ID, description, name, price) values (default, ?, ?, ?)
DEBUG AbstractCollectionPersister - Static SQL for collection: com.expeditors.training.course3demo.model.Card.phoneNumbers
DEBUG AbstractCollectionPersister -  Row insert: update PHONE_NUMBER set CARD_ID=?, index=? where PHONE_NUMBER_ID=?
DEBUG AbstractCollectionPersister -  Row update: update PHONE_NUMBER set index=? where PHONE_NUMBER_ID=?
DEBUG AbstractCollectionPersister -  Row delete: update PHONE_NUMBER set CARD_ID=null, index=null where CARD_ID=? and PHONE_NUMBER_ID=?
DEBUG AbstractCollectionPersister -  One-shot delete: update PHONE_NUMBER set CARD_ID=null, index=null where CARD_ID=?
DEBUG AbstractCollectionPersister - Static SQL for collection: com.expeditors.training.course3demo.model.UserAccount.userRoles
DEBUG AbstractCollectionPersister -  Row insert: update USERROLE set ROLE_OWNER=? where ROLE_ID=?
DEBUG AbstractCollectionPersister -  Row update: update USERROLE set  where ROLE_ID=?
DEBUG AbstractCollectionPersister -  Row delete: update USERROLE set ROLE_OWNER=null where ROLE_OWNER=? and ROLE_ID=?
DEBUG AbstractCollectionPersister -  One-shot delete: update USERROLE set ROLE_OWNER=null where ROLE_OWNER=?
DEBUG Loader - Static select for entity com.expeditors.training.course3demo.model.PhoneNumber [NONE]: select phonenumbe0_.PHONE_NUMBER_ID as PHONE1_3_0_, phonenumbe0_.CARD_ID as CARD3_3_0_, phonenumbe0_.PHONE_NUMBER as PHONE2_3_0_ from PHONE_NUMBER phonenumbe0_ where phonenumbe0_.PHONE_NUMBER_ID=?
DEBUG Loader - Static select for entity com.expeditors.training.course3demo.model.PhoneNumber [READ]: select phonenumbe0_.PHONE_NUMBER_ID as PHONE1_3_0_, phonenumbe0_.CARD_ID as CARD3_3_0_, phonenumbe0_.PHONE_NUMBER as PHONE2_3_0_ from PHONE_NUMBER phonenumbe0_ where phonenumbe0_.PHONE_NUMBER_ID=?
DEBUG Loader - Static select for entity com.expeditors.training.course3demo.model.PhoneNumber [UPGRADE]: select phonenumbe0_.PHONE_NUMBER_ID as PHONE1_3_0_, phonenumbe0_.CARD_ID as CARD3_3_0_, phonenumbe0_.PHONE_NUMBER as PHONE2_3_0_ from PHONE_NUMBER phonenumbe0_ where phonenumbe0_.PHONE_NUMBER_ID=?
DEBUG Loader - Static select for entity com.expeditors.training.course3demo.model.PhoneNumber [UPGRADE_NOWAIT]: select phonenumbe0_.PHONE_NUMBER_ID as PHONE1_3_0_, phonenumbe0_.CARD_ID as CARD3_3_0_, phonenumbe0_.PHONE_NUMBER as PHONE2_3_0_ from PHONE_NUMBER phonenumbe0_ where phonenumbe0_.PHONE_NUMBER_ID=?
DEBUG Loader - Static select for entity com.expeditors.training.course3demo.model.PhoneNumber [FORCE]: select phonenumbe0_.PHONE_NUMBER_ID as PHONE1_3_0_, phonenumbe0_.CARD_ID as CARD3_3_0_, phonenumbe0_.PHONE_NUMBER as PHONE2_3_0_ from PHONE_NUMBER phonenumbe0_ where phonenumbe0_.PHONE_NUMBER_ID=?
DEBUG Loader - Static select for entity com.expeditors.training.course3demo.model.PhoneNumber [PESSIMISTIC_READ]: select phonenumbe0_.PHONE_NUMBER_ID as PHONE1_3_0_, phonenumbe0_.CARD_ID as CARD3_3_0_, phonenumbe0_.PHONE_NUMBER as PHONE2_3_0_ from PHONE_NUMBER phonenumbe0_ where phonenumbe0_.PHONE_NUMBER_ID=?
DEBUG Loader - Static select for entity com.expeditors.training.course3demo.model.PhoneNumber [PESSIMISTIC_WRITE]: select phonenumbe0_.PHONE_NUMBER_ID as PHONE1_3_0_, phonenumbe0_.CARD_ID as CARD3_3_0_, phonenumbe0_.PHONE_NUMBER as PHONE2_3_0_ from PHONE_NUMBER phonenumbe0_ where phonenumbe0_.PHONE_NUMBER_ID=?
DEBUG Loader - Static select for entity com.expeditors.training.course3demo.model.PhoneNumber [PESSIMISTIC_FORCE_INCREMENT]: select phonenumbe0_.PHONE_NUMBER_ID as PHONE1_3_0_, phonenumbe0_.CARD_ID as CARD3_3_0_, phonenumbe0_.PHONE_NUMBER as PHONE2_3_0_ from PHONE_NUMBER phonenumbe0_ where phonenumbe0_.PHONE_NUMBER_ID=?
DEBUG Loader - Static select for entity com.expeditors.training.course3demo.model.PhoneNumber [OPTIMISTIC]: select phonenumbe0_.PHONE_NUMBER_ID as PHONE1_3_0_, phonenumbe0_.CARD_ID as CARD3_3_0_, phonenumbe0_.PHONE_NUMBER as PHONE2_3_0_ from PHONE_NUMBER phonenumbe0_ where phonenumbe0_.PHONE_NUMBER_ID=?
DEBUG Loader - Static select for entity com.expeditors.training.course3demo.model.PhoneNumber [OPTIMISTIC_FORCE_INCREMENT]: select phonenumbe0_.PHONE_NUMBER_ID as PHONE1_3_0_, phonenumbe0_.CARD_ID as CARD3_3_0_, phonenumbe0_.PHONE_NUMBER as PHONE2_3_0_ from PHONE_NUMBER phonenumbe0_ where phonenumbe0_.PHONE_NUMBER_ID=?
DEBUG Loader - Static select for action ACTION_MERGE on entity com.expeditors.training.course3demo.model.PhoneNumber: select phonenumbe0_.PHONE_NUMBER_ID as PHONE1_3_0_, phonenumbe0_.CARD_ID as CARD3_3_0_, phonenumbe0_.PHONE_NUMBER as PHONE2_3_0_ from PHONE_NUMBER phonenumbe0_ where phonenumbe0_.PHONE_NUMBER_ID=?
DEBUG Loader - Static select for action ACTION_REFRESH on entity com.expeditors.training.course3demo.model.PhoneNumber: select phonenumbe0_.PHONE_NUMBER_ID as PHONE1_3_0_, phonenumbe0_.CARD_ID as CARD3_3_0_, phonenumbe0_.PHONE_NUMBER as PHONE2_3_0_ from PHONE_NUMBER phonenumbe0_ where phonenumbe0_.PHONE_NUMBER_ID=?
DEBUG Loader - Static select for entity com.expeditors.training.course3demo.model.Shipment [NONE]: select shipment0_.SHIPMENT_ID as SHIPMENT1_5_0_, shipment0_.destination as destinat2_5_0_, shipment0_.name as name3_5_0_, shipment0_.origin as origin4_5_0_, shipment0_.volume as volume5_5_0_ from Shipment shipment0_ where shipment0_.SHIPMENT_ID=?
DEBUG Loader - Static select for entity com.expeditors.training.course3demo.model.Shipment [READ]: select shipment0_.SHIPMENT_ID as SHIPMENT1_5_0_, shipment0_.destination as destinat2_5_0_, shipment0_.name as name3_5_0_, shipment0_.origin as origin4_5_0_, shipment0_.volume as volume5_5_0_ from Shipment shipment0_ where shipment0_.SHIPMENT_ID=?
DEBUG Loader - Static select for entity com.expeditors.training.course3demo.model.Shipment [UPGRADE]: select shipment0_.SHIPMENT_ID as SHIPMENT1_5_0_, shipment0_.destination as destinat2_5_0_, shipment0_.name as name3_5_0_, shipment0_.origin as origin4_5_0_, shipment0_.volume as volume5_5_0_ from Shipment shipment0_ where shipment0_.SHIPMENT_ID=?
DEBUG Loader - Static select for entity com.expeditors.training.course3demo.model.Shipment [UPGRADE_NOWAIT]: select shipment0_.SHIPMENT_ID as SHIPMENT1_5_0_, shipment0_.destination as destinat2_5_0_, shipment0_.name as name3_5_0_, shipment0_.origin as origin4_5_0_, shipment0_.volume as volume5_5_0_ from Shipment shipment0_ where shipment0_.SHIPMENT_ID=?
DEBUG Loader - Static select for entity com.expeditors.training.course3demo.model.Shipment [FORCE]: select shipment0_.SHIPMENT_ID as SHIPMENT1_5_0_, shipment0_.destination as destinat2_5_0_, shipment0_.name as name3_5_0_, shipment0_.origin as origin4_5_0_, shipment0_.volume as volume5_5_0_ from Shipment shipment0_ where shipment0_.SHIPMENT_ID=?
DEBUG Loader - Static select for entity com.expeditors.training.course3demo.model.Shipment [PESSIMISTIC_READ]: select shipment0_.SHIPMENT_ID as SHIPMENT1_5_0_, shipment0_.destination as destinat2_5_0_, shipment0_.name as name3_5_0_, shipment0_.origin as origin4_5_0_, shipment0_.volume as volume5_5_0_ from Shipment shipment0_ where shipment0_.SHIPMENT_ID=?
DEBUG Loader - Static select for entity com.expeditors.training.course3demo.model.Shipment [PESSIMISTIC_WRITE]: select shipment0_.SHIPMENT_ID as SHIPMENT1_5_0_, shipment0_.destination as destinat2_5_0_, shipment0_.name as name3_5_0_, shipment0_.origin as origin4_5_0_, shipment0_.volume as volume5_5_0_ from Shipment shipment0_ where shipment0_.SHIPMENT_ID=?
DEBUG Loader - Static select for entity com.expeditors.training.course3demo.model.Shipment [PESSIMISTIC_FORCE_INCREMENT]: select shipment0_.SHIPMENT_ID as SHIPMENT1_5_0_, shipment0_.destination as destinat2_5_0_, shipment0_.name as name3_5_0_, shipment0_.origin as origin4_5_0_, shipment0_.volume as volume5_5_0_ from Shipment shipment0_ where shipment0_.SHIPMENT_ID=?
DEBUG Loader - Static select for entity com.expeditors.training.course3demo.model.Shipment [OPTIMISTIC]: select shipment0_.SHIPMENT_ID as SHIPMENT1_5_0_, shipment0_.destination as destinat2_5_0_, shipment0_.name as name3_5_0_, shipment0_.origin as origin4_5_0_, shipment0_.volume as volume5_5_0_ from Shipment shipment0_ where shipment0_.SHIPMENT_ID=?
DEBUG Loader - Static select for entity com.expeditors.training.course3demo.model.Shipment [OPTIMISTIC_FORCE_INCREMENT]: select shipment0_.SHIPMENT_ID as SHIPMENT1_5_0_, shipment0_.destination as destinat2_5_0_, shipment0_.name as name3_5_0_, shipment0_.origin as origin4_5_0_, shipment0_.volume as volume5_5_0_ from Shipment shipment0_ where shipment0_.SHIPMENT_ID=?
DEBUG Loader - Static select for action ACTION_MERGE on entity com.expeditors.training.course3demo.model.Shipment: select shipment0_.SHIPMENT_ID as SHIPMENT1_5_0_, shipment0_.destination as destinat2_5_0_, shipment0_.name as name3_5_0_, shipment0_.origin as origin4_5_0_, shipment0_.volume as volume5_5_0_ from Shipment shipment0_ where shipment0_.SHIPMENT_ID=?
DEBUG Loader - Static select for action ACTION_REFRESH on entity com.expeditors.training.course3demo.model.Shipment: select shipment0_.SHIPMENT_ID as SHIPMENT1_5_0_, shipment0_.destination as destinat2_5_0_, shipment0_.name as name3_5_0_, shipment0_.origin as origin4_5_0_, shipment0_.volume as volume5_5_0_ from Shipment shipment0_ where shipment0_.SHIPMENT_ID=?
DEBUG Loader - Static select for entity com.expeditors.training.course3demo.model.Card [NONE]: select card0_.CARD_ID as CARD1_1_2_, card0_.address as address5_1_2_, card0_.amount as amount2_1_2_, card0_.CARD_NUMBER as CARD3_1_2_, card0_.OWNER_NAME as OWNER4_1_2_, address1_.ADDRESS_ID as ADDRESS1_0_0_, address1_.city as city2_0_0_, address1_.state as state3_0_0_, address1_.street as street4_0_0_, phonenumbe2_.CARD_ID as CARD3_1_4_, phonenumbe2_.PHONE_NUMBER_ID as PHONE1_3_4_, phonenumbe2_.index as index4_4_, phonenumbe2_.PHONE_NUMBER_ID as PHONE1_3_1_, phonenumbe2_.CARD_ID as CARD3_3_1_, phonenumbe2_.PHONE_NUMBER as PHONE2_3_1_ from CARD card0_ left outer join ADDRESS address1_ on card0_.address=address1_.ADDRESS_ID left outer join PHONE_NUMBER phonenumbe2_ on card0_.CARD_ID=phonenumbe2_.CARD_ID where card0_.CARD_ID=?
DEBUG Loader - Static select for entity com.expeditors.training.course3demo.model.Card [READ]: select card0_.CARD_ID as CARD1_1_2_, card0_.address as address5_1_2_, card0_.amount as amount2_1_2_, card0_.CARD_NUMBER as CARD3_1_2_, card0_.OWNER_NAME as OWNER4_1_2_, address1_.ADDRESS_ID as ADDRESS1_0_0_, address1_.city as city2_0_0_, address1_.state as state3_0_0_, address1_.street as street4_0_0_, phonenumbe2_.CARD_ID as CARD3_1_4_, phonenumbe2_.PHONE_NUMBER_ID as PHONE1_3_4_, phonenumbe2_.index as index4_4_, phonenumbe2_.PHONE_NUMBER_ID as PHONE1_3_1_, phonenumbe2_.CARD_ID as CARD3_3_1_, phonenumbe2_.PHONE_NUMBER as PHONE2_3_1_ from CARD card0_ left outer join ADDRESS address1_ on card0_.address=address1_.ADDRESS_ID left outer join PHONE_NUMBER phonenumbe2_ on card0_.CARD_ID=phonenumbe2_.CARD_ID where card0_.CARD_ID=?
DEBUG Loader - Static select for entity com.expeditors.training.course3demo.model.Card [UPGRADE]: select card0_.CARD_ID as CARD1_1_0_, card0_.address as address5_1_0_, card0_.amount as amount2_1_0_, card0_.CARD_NUMBER as CARD3_1_0_, card0_.OWNER_NAME as OWNER4_1_0_ from CARD card0_ where card0_.CARD_ID=?
DEBUG Loader - Static select for entity com.expeditors.training.course3demo.model.Card [UPGRADE_NOWAIT]: select card0_.CARD_ID as CARD1_1_0_, card0_.address as address5_1_0_, card0_.amount as amount2_1_0_, card0_.CARD_NUMBER as CARD3_1_0_, card0_.OWNER_NAME as OWNER4_1_0_ from CARD card0_ where card0_.CARD_ID=?
DEBUG Loader - Static select for entity com.expeditors.training.course3demo.model.Card [FORCE]: select card0_.CARD_ID as CARD1_1_0_, card0_.address as address5_1_0_, card0_.amount as amount2_1_0_, card0_.CARD_NUMBER as CARD3_1_0_, card0_.OWNER_NAME as OWNER4_1_0_ from CARD card0_ where card0_.CARD_ID=?
DEBUG Loader - Static select for entity com.expeditors.training.course3demo.model.Card [PESSIMISTIC_READ]: select card0_.CARD_ID as CARD1_1_0_, card0_.address as address5_1_0_, card0_.amount as amount2_1_0_, card0_.CARD_NUMBER as CARD3_1_0_, card0_.OWNER_NAME as OWNER4_1_0_ from CARD card0_ where card0_.CARD_ID=?
DEBUG Loader - Static select for entity com.expeditors.training.course3demo.model.Card [PESSIMISTIC_WRITE]: select card0_.CARD_ID as CARD1_1_0_, card0_.address as address5_1_0_, card0_.amount as amount2_1_0_, card0_.CARD_NUMBER as CARD3_1_0_, card0_.OWNER_NAME as OWNER4_1_0_ from CARD card0_ where card0_.CARD_ID=?
DEBUG Loader - Static select for entity com.expeditors.training.course3demo.model.Card [PESSIMISTIC_FORCE_INCREMENT]: select card0_.CARD_ID as CARD1_1_0_, card0_.address as address5_1_0_, card0_.amount as amount2_1_0_, card0_.CARD_NUMBER as CARD3_1_0_, card0_.OWNER_NAME as OWNER4_1_0_ from CARD card0_ where card0_.CARD_ID=?
DEBUG Loader - Static select for entity com.expeditors.training.course3demo.model.Card [OPTIMISTIC]: select card0_.CARD_ID as CARD1_1_0_, card0_.address as address5_1_0_, card0_.amount as amount2_1_0_, card0_.CARD_NUMBER as CARD3_1_0_, card0_.OWNER_NAME as OWNER4_1_0_ from CARD card0_ where card0_.CARD_ID=?
DEBUG Loader - Static select for entity com.expeditors.training.course3demo.model.Card [OPTIMISTIC_FORCE_INCREMENT]: select card0_.CARD_ID as CARD1_1_0_, card0_.address as address5_1_0_, card0_.amount as amount2_1_0_, card0_.CARD_NUMBER as CARD3_1_0_, card0_.OWNER_NAME as OWNER4_1_0_ from CARD card0_ where card0_.CARD_ID=?
DEBUG Loader - Static select for action ACTION_MERGE on entity com.expeditors.training.course3demo.model.Card: select card0_.CARD_ID as CARD1_1_2_, card0_.address as address5_1_2_, card0_.amount as amount2_1_2_, card0_.CARD_NUMBER as CARD3_1_2_, card0_.OWNER_NAME as OWNER4_1_2_, address1_.ADDRESS_ID as ADDRESS1_0_0_, address1_.city as city2_0_0_, address1_.state as state3_0_0_, address1_.street as street4_0_0_, phonenumbe2_.CARD_ID as CARD3_1_4_, phonenumbe2_.PHONE_NUMBER_ID as PHONE1_3_4_, phonenumbe2_.index as index4_4_, phonenumbe2_.PHONE_NUMBER_ID as PHONE1_3_1_, phonenumbe2_.CARD_ID as CARD3_3_1_, phonenumbe2_.PHONE_NUMBER as PHONE2_3_1_ from CARD card0_ left outer join ADDRESS address1_ on card0_.address=address1_.ADDRESS_ID left outer join PHONE_NUMBER phonenumbe2_ on card0_.CARD_ID=phonenumbe2_.CARD_ID where card0_.CARD_ID=?
DEBUG Loader - Static select for action ACTION_REFRESH on entity com.expeditors.training.course3demo.model.Card: select card0_.CARD_ID as CARD1_1_2_, card0_.address as address5_1_2_, card0_.amount as amount2_1_2_, card0_.CARD_NUMBER as CARD3_1_2_, card0_.OWNER_NAME as OWNER4_1_2_, address1_.ADDRESS_ID as ADDRESS1_0_0_, address1_.city as city2_0_0_, address1_.state as state3_0_0_, address1_.street as street4_0_0_, phonenumbe2_.CARD_ID as CARD3_1_4_, phonenumbe2_.PHONE_NUMBER_ID as PHONE1_3_4_, phonenumbe2_.index as index4_4_, phonenumbe2_.PHONE_NUMBER_ID as PHONE1_3_1_, phonenumbe2_.CARD_ID as CARD3_3_1_, phonenumbe2_.PHONE_NUMBER as PHONE2_3_1_ from CARD card0_ left outer join ADDRESS address1_ on card0_.address=address1_.ADDRESS_ID left outer join PHONE_NUMBER phonenumbe2_ on card0_.CARD_ID=phonenumbe2_.CARD_ID where card0_.CARD_ID=?
DEBUG Loader - Static select for entity com.expeditors.training.course3demo.model.Container [NONE]: select container0_.CONTAINER_ID as CONTAINE1_2_0_, container0_.capacity as capacity2_2_0_, container0_.destination as destinat3_2_0_, container0_.location as location4_2_0_, container0_.name as name5_2_0_, container0_.status as status6_2_0_ from Container container0_ where container0_.CONTAINER_ID=?
DEBUG Loader - Static select for entity com.expeditors.training.course3demo.model.Container [READ]: select container0_.CONTAINER_ID as CONTAINE1_2_0_, container0_.capacity as capacity2_2_0_, container0_.destination as destinat3_2_0_, container0_.location as location4_2_0_, container0_.name as name5_2_0_, container0_.status as status6_2_0_ from Container container0_ where container0_.CONTAINER_ID=?
DEBUG Loader - Static select for entity com.expeditors.training.course3demo.model.Container [UPGRADE]: select container0_.CONTAINER_ID as CONTAINE1_2_0_, container0_.capacity as capacity2_2_0_, container0_.destination as destinat3_2_0_, container0_.location as location4_2_0_, container0_.name as name5_2_0_, container0_.status as status6_2_0_ from Container container0_ where container0_.CONTAINER_ID=?
DEBUG Loader - Static select for entity com.expeditors.training.course3demo.model.Container [UPGRADE_NOWAIT]: select container0_.CONTAINER_ID as CONTAINE1_2_0_, container0_.capacity as capacity2_2_0_, container0_.destination as destinat3_2_0_, container0_.location as location4_2_0_, container0_.name as name5_2_0_, container0_.status as status6_2_0_ from Container container0_ where container0_.CONTAINER_ID=?
DEBUG Loader - Static select for entity com.expeditors.training.course3demo.model.Container [FORCE]: select container0_.CONTAINER_ID as CONTAINE1_2_0_, container0_.capacity as capacity2_2_0_, container0_.destination as destinat3_2_0_, container0_.location as location4_2_0_, container0_.name as name5_2_0_, container0_.status as status6_2_0_ from Container container0_ where container0_.CONTAINER_ID=?
DEBUG Loader - Static select for entity com.expeditors.training.course3demo.model.Container [PESSIMISTIC_READ]: select container0_.CONTAINER_ID as CONTAINE1_2_0_, container0_.capacity as capacity2_2_0_, container0_.destination as destinat3_2_0_, container0_.location as location4_2_0_, container0_.name as name5_2_0_, container0_.status as status6_2_0_ from Container container0_ where container0_.CONTAINER_ID=?
DEBUG Loader - Static select for entity com.expeditors.training.course3demo.model.Container [PESSIMISTIC_WRITE]: select container0_.CONTAINER_ID as CONTAINE1_2_0_, container0_.capacity as capacity2_2_0_, container0_.destination as destinat3_2_0_, container0_.location as location4_2_0_, container0_.name as name5_2_0_, container0_.status as status6_2_0_ from Container container0_ where container0_.CONTAINER_ID=?
DEBUG Loader - Static select for entity com.expeditors.training.course3demo.model.Container [PESSIMISTIC_FORCE_INCREMENT]: select container0_.CONTAINER_ID as CONTAINE1_2_0_, container0_.capacity as capacity2_2_0_, container0_.destination as destinat3_2_0_, container0_.location as location4_2_0_, container0_.name as name5_2_0_, container0_.status as status6_2_0_ from Container container0_ where container0_.CONTAINER_ID=?
DEBUG Loader - Static select for entity com.expeditors.training.course3demo.model.Container [OPTIMISTIC]: select container0_.CONTAINER_ID as CONTAINE1_2_0_, container0_.capacity as capacity2_2_0_, container0_.destination as destinat3_2_0_, container0_.location as location4_2_0_, container0_.name as name5_2_0_, container0_.status as status6_2_0_ from Container container0_ where container0_.CONTAINER_ID=?
DEBUG Loader - Static select for entity com.expeditors.training.course3demo.model.Container [OPTIMISTIC_FORCE_INCREMENT]: select container0_.CONTAINER_ID as CONTAINE1_2_0_, container0_.capacity as capacity2_2_0_, container0_.destination as destinat3_2_0_, container0_.location as location4_2_0_, container0_.name as name5_2_0_, container0_.status as status6_2_0_ from Container container0_ where container0_.CONTAINER_ID=?
DEBUG Loader - Static select for action ACTION_MERGE on entity com.expeditors.training.course3demo.model.Container: select container0_.CONTAINER_ID as CONTAINE1_2_0_, container0_.capacity as capacity2_2_0_, container0_.destination as destinat3_2_0_, container0_.location as location4_2_0_, container0_.name as name5_2_0_, container0_.status as status6_2_0_ from Container container0_ where container0_.CONTAINER_ID=?
DEBUG Loader - Static select for action ACTION_REFRESH on entity com.expeditors.training.course3demo.model.Container: select container0_.CONTAINER_ID as CONTAINE1_2_0_, container0_.capacity as capacity2_2_0_, container0_.destination as destinat3_2_0_, container0_.location as location4_2_0_, container0_.name as name5_2_0_, container0_.status as status6_2_0_ from Container container0_ where container0_.CONTAINER_ID=?
DEBUG Loader - Static select for entity com.expeditors.training.course3demo.model.UserRole [NONE]: select userrole0_.ROLE_ID as ROLE1_7_0_, userrole0_.ROLE_NAME as ROLE2_7_0_, userrole0_.ROLE_OWNER as ROLE3_7_0_ from USERROLE userrole0_ where userrole0_.ROLE_ID=?
DEBUG Loader - Static select for entity com.expeditors.training.course3demo.model.UserRole [READ]: select userrole0_.ROLE_ID as ROLE1_7_0_, userrole0_.ROLE_NAME as ROLE2_7_0_, userrole0_.ROLE_OWNER as ROLE3_7_0_ from USERROLE userrole0_ where userrole0_.ROLE_ID=?
DEBUG Loader - Static select for entity com.expeditors.training.course3demo.model.UserRole [UPGRADE]: select userrole0_.ROLE_ID as ROLE1_7_0_, userrole0_.ROLE_NAME as ROLE2_7_0_, userrole0_.ROLE_OWNER as ROLE3_7_0_ from USERROLE userrole0_ where userrole0_.ROLE_ID=?
DEBUG Loader - Static select for entity com.expeditors.training.course3demo.model.UserRole [UPGRADE_NOWAIT]: select userrole0_.ROLE_ID as ROLE1_7_0_, userrole0_.ROLE_NAME as ROLE2_7_0_, userrole0_.ROLE_OWNER as ROLE3_7_0_ from USERROLE userrole0_ where userrole0_.ROLE_ID=?
DEBUG Loader - Static select for entity com.expeditors.training.course3demo.model.UserRole [FORCE]: select userrole0_.ROLE_ID as ROLE1_7_0_, userrole0_.ROLE_NAME as ROLE2_7_0_, userrole0_.ROLE_OWNER as ROLE3_7_0_ from USERROLE userrole0_ where userrole0_.ROLE_ID=?
DEBUG Loader - Static select for entity com.expeditors.training.course3demo.model.UserRole [PESSIMISTIC_READ]: select userrole0_.ROLE_ID as ROLE1_7_0_, userrole0_.ROLE_NAME as ROLE2_7_0_, userrole0_.ROLE_OWNER as ROLE3_7_0_ from USERROLE userrole0_ where userrole0_.ROLE_ID=?
DEBUG Loader - Static select for entity com.expeditors.training.course3demo.model.UserRole [PESSIMISTIC_WRITE]: select userrole0_.ROLE_ID as ROLE1_7_0_, userrole0_.ROLE_NAME as ROLE2_7_0_, userrole0_.ROLE_OWNER as ROLE3_7_0_ from USERROLE userrole0_ where userrole0_.ROLE_ID=?
DEBUG Loader - Static select for entity com.expeditors.training.course3demo.model.UserRole [PESSIMISTIC_FORCE_INCREMENT]: select userrole0_.ROLE_ID as ROLE1_7_0_, userrole0_.ROLE_NAME as ROLE2_7_0_, userrole0_.ROLE_OWNER as ROLE3_7_0_ from USERROLE userrole0_ where userrole0_.ROLE_ID=?
DEBUG Loader - Static select for entity com.expeditors.training.course3demo.model.UserRole [OPTIMISTIC]: select userrole0_.ROLE_ID as ROLE1_7_0_, userrole0_.ROLE_NAME as ROLE2_7_0_, userrole0_.ROLE_OWNER as ROLE3_7_0_ from USERROLE userrole0_ where userrole0_.ROLE_ID=?
DEBUG Loader - Static select for entity com.expeditors.training.course3demo.model.UserRole [OPTIMISTIC_FORCE_INCREMENT]: select userrole0_.ROLE_ID as ROLE1_7_0_, userrole0_.ROLE_NAME as ROLE2_7_0_, userrole0_.ROLE_OWNER as ROLE3_7_0_ from USERROLE userrole0_ where userrole0_.ROLE_ID=?
DEBUG Loader - Static select for action ACTION_MERGE on entity com.expeditors.training.course3demo.model.UserRole: select userrole0_.ROLE_ID as ROLE1_7_0_, userrole0_.ROLE_NAME as ROLE2_7_0_, userrole0_.ROLE_OWNER as ROLE3_7_0_ from USERROLE userrole0_ where userrole0_.ROLE_ID=?
DEBUG Loader - Static select for action ACTION_REFRESH on entity com.expeditors.training.course3demo.model.UserRole: select userrole0_.ROLE_ID as ROLE1_7_0_, userrole0_.ROLE_NAME as ROLE2_7_0_, userrole0_.ROLE_OWNER as ROLE3_7_0_ from USERROLE userrole0_ where userrole0_.ROLE_ID=?
DEBUG Loader - Static select for entity com.expeditors.training.course3demo.model.Address [NONE]: select address0_.ADDRESS_ID as ADDRESS1_0_0_, address0_.city as city2_0_0_, address0_.state as state3_0_0_, address0_.street as street4_0_0_ from ADDRESS address0_ where address0_.ADDRESS_ID=?
DEBUG Loader - Static select for entity com.expeditors.training.course3demo.model.Address [READ]: select address0_.ADDRESS_ID as ADDRESS1_0_0_, address0_.city as city2_0_0_, address0_.state as state3_0_0_, address0_.street as street4_0_0_ from ADDRESS address0_ where address0_.ADDRESS_ID=?
DEBUG Loader - Static select for entity com.expeditors.training.course3demo.model.Address [UPGRADE]: select address0_.ADDRESS_ID as ADDRESS1_0_0_, address0_.city as city2_0_0_, address0_.state as state3_0_0_, address0_.street as street4_0_0_ from ADDRESS address0_ where address0_.ADDRESS_ID=?
DEBUG Loader - Static select for entity com.expeditors.training.course3demo.model.Address [UPGRADE_NOWAIT]: select address0_.ADDRESS_ID as ADDRESS1_0_0_, address0_.city as city2_0_0_, address0_.state as state3_0_0_, address0_.street as street4_0_0_ from ADDRESS address0_ where address0_.ADDRESS_ID=?
DEBUG Loader - Static select for entity com.expeditors.training.course3demo.model.Address [FORCE]: select address0_.ADDRESS_ID as ADDRESS1_0_0_, address0_.city as city2_0_0_, address0_.state as state3_0_0_, address0_.street as street4_0_0_ from ADDRESS address0_ where address0_.ADDRESS_ID=?
DEBUG Loader - Static select for entity com.expeditors.training.course3demo.model.Address [PESSIMISTIC_READ]: select address0_.ADDRESS_ID as ADDRESS1_0_0_, address0_.city as city2_0_0_, address0_.state as state3_0_0_, address0_.street as street4_0_0_ from ADDRESS address0_ where address0_.ADDRESS_ID=?
DEBUG Loader - Static select for entity com.expeditors.training.course3demo.model.Address [PESSIMISTIC_WRITE]: select address0_.ADDRESS_ID as ADDRESS1_0_0_, address0_.city as city2_0_0_, address0_.state as state3_0_0_, address0_.street as street4_0_0_ from ADDRESS address0_ where address0_.ADDRESS_ID=?
DEBUG Loader - Static select for entity com.expeditors.training.course3demo.model.Address [PESSIMISTIC_FORCE_INCREMENT]: select address0_.ADDRESS_ID as ADDRESS1_0_0_, address0_.city as city2_0_0_, address0_.state as state3_0_0_, address0_.street as street4_0_0_ from ADDRESS address0_ where address0_.ADDRESS_ID=?
DEBUG Loader - Static select for entity com.expeditors.training.course3demo.model.Address [OPTIMISTIC]: select address0_.ADDRESS_ID as ADDRESS1_0_0_, address0_.city as city2_0_0_, address0_.state as state3_0_0_, address0_.street as street4_0_0_ from ADDRESS address0_ where address0_.ADDRESS_ID=?
DEBUG Loader - Static select for entity com.expeditors.training.course3demo.model.Address [OPTIMISTIC_FORCE_INCREMENT]: select address0_.ADDRESS_ID as ADDRESS1_0_0_, address0_.city as city2_0_0_, address0_.state as state3_0_0_, address0_.street as street4_0_0_ from ADDRESS address0_ where address0_.ADDRESS_ID=?
DEBUG Loader - Static select for action ACTION_MERGE on entity com.expeditors.training.course3demo.model.Address: select address0_.ADDRESS_ID as ADDRESS1_0_0_, address0_.city as city2_0_0_, address0_.state as state3_0_0_, address0_.street as street4_0_0_ from ADDRESS address0_ where address0_.ADDRESS_ID=?
DEBUG Loader - Static select for action ACTION_REFRESH on entity com.expeditors.training.course3demo.model.Address: select address0_.ADDRESS_ID as ADDRESS1_0_0_, address0_.city as city2_0_0_, address0_.state as state3_0_0_, address0_.street as street4_0_0_ from ADDRESS address0_ where address0_.ADDRESS_ID=?
DEBUG Loader - Static select for entity com.expeditors.training.course3demo.model.UserAccount [NONE]: select useraccoun0_.USER_ID as USER1_6_1_, useraccoun0_.enabled as enabled2_6_1_, useraccoun0_.password as password3_6_1_, useraccoun0_.username as username4_6_1_, userroles1_.ROLE_OWNER as ROLE3_6_3_, userroles1_.ROLE_ID as ROLE1_7_3_, userroles1_.ROLE_ID as ROLE1_7_0_, userroles1_.ROLE_NAME as ROLE2_7_0_, userroles1_.ROLE_OWNER as ROLE3_7_0_ from USERACCOUNT useraccoun0_ left outer join USERROLE userroles1_ on useraccoun0_.USER_ID=userroles1_.ROLE_OWNER where useraccoun0_.USER_ID=?
DEBUG Loader - Static select for entity com.expeditors.training.course3demo.model.UserAccount [READ]: select useraccoun0_.USER_ID as USER1_6_1_, useraccoun0_.enabled as enabled2_6_1_, useraccoun0_.password as password3_6_1_, useraccoun0_.username as username4_6_1_, userroles1_.ROLE_OWNER as ROLE3_6_3_, userroles1_.ROLE_ID as ROLE1_7_3_, userroles1_.ROLE_ID as ROLE1_7_0_, userroles1_.ROLE_NAME as ROLE2_7_0_, userroles1_.ROLE_OWNER as ROLE3_7_0_ from USERACCOUNT useraccoun0_ left outer join USERROLE userroles1_ on useraccoun0_.USER_ID=userroles1_.ROLE_OWNER where useraccoun0_.USER_ID=?
DEBUG Loader - Static select for entity com.expeditors.training.course3demo.model.UserAccount [UPGRADE]: select useraccoun0_.USER_ID as USER1_6_0_, useraccoun0_.enabled as enabled2_6_0_, useraccoun0_.password as password3_6_0_, useraccoun0_.username as username4_6_0_ from USERACCOUNT useraccoun0_ where useraccoun0_.USER_ID=?
DEBUG Loader - Static select for entity com.expeditors.training.course3demo.model.UserAccount [UPGRADE_NOWAIT]: select useraccoun0_.USER_ID as USER1_6_0_, useraccoun0_.enabled as enabled2_6_0_, useraccoun0_.password as password3_6_0_, useraccoun0_.username as username4_6_0_ from USERACCOUNT useraccoun0_ where useraccoun0_.USER_ID=?
DEBUG Loader - Static select for entity com.expeditors.training.course3demo.model.UserAccount [FORCE]: select useraccoun0_.USER_ID as USER1_6_0_, useraccoun0_.enabled as enabled2_6_0_, useraccoun0_.password as password3_6_0_, useraccoun0_.username as username4_6_0_ from USERACCOUNT useraccoun0_ where useraccoun0_.USER_ID=?
DEBUG Loader - Static select for entity com.expeditors.training.course3demo.model.UserAccount [PESSIMISTIC_READ]: select useraccoun0_.USER_ID as USER1_6_0_, useraccoun0_.enabled as enabled2_6_0_, useraccoun0_.password as password3_6_0_, useraccoun0_.username as username4_6_0_ from USERACCOUNT useraccoun0_ where useraccoun0_.USER_ID=?
DEBUG Loader - Static select for entity com.expeditors.training.course3demo.model.UserAccount [PESSIMISTIC_WRITE]: select useraccoun0_.USER_ID as USER1_6_0_, useraccoun0_.enabled as enabled2_6_0_, useraccoun0_.password as password3_6_0_, useraccoun0_.username as username4_6_0_ from USERACCOUNT useraccoun0_ where useraccoun0_.USER_ID=?
DEBUG Loader - Static select for entity com.expeditors.training.course3demo.model.UserAccount [PESSIMISTIC_FORCE_INCREMENT]: select useraccoun0_.USER_ID as USER1_6_0_, useraccoun0_.enabled as enabled2_6_0_, useraccoun0_.password as password3_6_0_, useraccoun0_.username as username4_6_0_ from USERACCOUNT useraccoun0_ where useraccoun0_.USER_ID=?
DEBUG Loader - Static select for entity com.expeditors.training.course3demo.model.UserAccount [OPTIMISTIC]: select useraccoun0_.USER_ID as USER1_6_0_, useraccoun0_.enabled as enabled2_6_0_, useraccoun0_.password as password3_6_0_, useraccoun0_.username as username4_6_0_ from USERACCOUNT useraccoun0_ where useraccoun0_.USER_ID=?
DEBUG Loader - Static select for entity com.expeditors.training.course3demo.model.UserAccount [OPTIMISTIC_FORCE_INCREMENT]: select useraccoun0_.USER_ID as USER1_6_0_, useraccoun0_.enabled as enabled2_6_0_, useraccoun0_.password as password3_6_0_, useraccoun0_.username as username4_6_0_ from USERACCOUNT useraccoun0_ where useraccoun0_.USER_ID=?
DEBUG Loader - Static select for action ACTION_MERGE on entity com.expeditors.training.course3demo.model.UserAccount: select useraccoun0_.USER_ID as USER1_6_1_, useraccoun0_.enabled as enabled2_6_1_, useraccoun0_.password as password3_6_1_, useraccoun0_.username as username4_6_1_, userroles1_.ROLE_OWNER as ROLE3_6_3_, userroles1_.ROLE_ID as ROLE1_7_3_, userroles1_.ROLE_ID as ROLE1_7_0_, userroles1_.ROLE_NAME as ROLE2_7_0_, userroles1_.ROLE_OWNER as ROLE3_7_0_ from USERACCOUNT useraccoun0_ left outer join USERROLE userroles1_ on useraccoun0_.USER_ID=userroles1_.ROLE_OWNER where useraccoun0_.USER_ID=?
DEBUG Loader - Static select for action ACTION_REFRESH on entity com.expeditors.training.course3demo.model.UserAccount: select useraccoun0_.USER_ID as USER1_6_1_, useraccoun0_.enabled as enabled2_6_1_, useraccoun0_.password as password3_6_1_, useraccoun0_.username as username4_6_1_, userroles1_.ROLE_OWNER as ROLE3_6_3_, userroles1_.ROLE_ID as ROLE1_7_3_, userroles1_.ROLE_ID as ROLE1_7_0_, userroles1_.ROLE_NAME as ROLE2_7_0_, userroles1_.ROLE_OWNER as ROLE3_7_0_ from USERACCOUNT useraccoun0_ left outer join USERROLE userroles1_ on useraccoun0_.USER_ID=userroles1_.ROLE_OWNER where useraccoun0_.USER_ID=?
DEBUG Loader - Static select for entity com.expeditors.training.course3demo.model.Product [NONE]: select product0_.PRODUCT_ID as PRODUCT1_4_0_, product0_.description as descript2_4_0_, product0_.name as name3_4_0_, product0_.price as price4_4_0_ from PRODUCT product0_ where product0_.PRODUCT_ID=?
DEBUG Loader - Static select for entity com.expeditors.training.course3demo.model.Product [READ]: select product0_.PRODUCT_ID as PRODUCT1_4_0_, product0_.description as descript2_4_0_, product0_.name as name3_4_0_, product0_.price as price4_4_0_ from PRODUCT product0_ where product0_.PRODUCT_ID=?
DEBUG Loader - Static select for entity com.expeditors.training.course3demo.model.Product [UPGRADE]: select product0_.PRODUCT_ID as PRODUCT1_4_0_, product0_.description as descript2_4_0_, product0_.name as name3_4_0_, product0_.price as price4_4_0_ from PRODUCT product0_ where product0_.PRODUCT_ID=?
DEBUG Loader - Static select for entity com.expeditors.training.course3demo.model.Product [UPGRADE_NOWAIT]: select product0_.PRODUCT_ID as PRODUCT1_4_0_, product0_.description as descript2_4_0_, product0_.name as name3_4_0_, product0_.price as price4_4_0_ from PRODUCT product0_ where product0_.PRODUCT_ID=?
DEBUG Loader - Static select for entity com.expeditors.training.course3demo.model.Product [FORCE]: select product0_.PRODUCT_ID as PRODUCT1_4_0_, product0_.description as descript2_4_0_, product0_.name as name3_4_0_, product0_.price as price4_4_0_ from PRODUCT product0_ where product0_.PRODUCT_ID=?
DEBUG Loader - Static select for entity com.expeditors.training.course3demo.model.Product [PESSIMISTIC_READ]: select product0_.PRODUCT_ID as PRODUCT1_4_0_, product0_.description as descript2_4_0_, product0_.name as name3_4_0_, product0_.price as price4_4_0_ from PRODUCT product0_ where product0_.PRODUCT_ID=?
DEBUG Loader - Static select for entity com.expeditors.training.course3demo.model.Product [PESSIMISTIC_WRITE]: select product0_.PRODUCT_ID as PRODUCT1_4_0_, product0_.description as descript2_4_0_, product0_.name as name3_4_0_, product0_.price as price4_4_0_ from PRODUCT product0_ where product0_.PRODUCT_ID=?
DEBUG Loader - Static select for entity com.expeditors.training.course3demo.model.Product [PESSIMISTIC_FORCE_INCREMENT]: select product0_.PRODUCT_ID as PRODUCT1_4_0_, product0_.description as descript2_4_0_, product0_.name as name3_4_0_, product0_.price as price4_4_0_ from PRODUCT product0_ where product0_.PRODUCT_ID=?
DEBUG Loader - Static select for entity com.expeditors.training.course3demo.model.Product [OPTIMISTIC]: select product0_.PRODUCT_ID as PRODUCT1_4_0_, product0_.description as descript2_4_0_, product0_.name as name3_4_0_, product0_.price as price4_4_0_ from PRODUCT product0_ where product0_.PRODUCT_ID=?
DEBUG Loader - Static select for entity com.expeditors.training.course3demo.model.Product [OPTIMISTIC_FORCE_INCREMENT]: select product0_.PRODUCT_ID as PRODUCT1_4_0_, product0_.description as descript2_4_0_, product0_.name as name3_4_0_, product0_.price as price4_4_0_ from PRODUCT product0_ where product0_.PRODUCT_ID=?
DEBUG Loader - Static select for action ACTION_MERGE on entity com.expeditors.training.course3demo.model.Product: select product0_.PRODUCT_ID as PRODUCT1_4_0_, product0_.description as descript2_4_0_, product0_.name as name3_4_0_, product0_.price as price4_4_0_ from PRODUCT product0_ where product0_.PRODUCT_ID=?
DEBUG Loader - Static select for action ACTION_REFRESH on entity com.expeditors.training.course3demo.model.Product: select product0_.PRODUCT_ID as PRODUCT1_4_0_, product0_.description as descript2_4_0_, product0_.name as name3_4_0_, product0_.price as price4_4_0_ from PRODUCT product0_ where product0_.PRODUCT_ID=?
DEBUG OneToManyLoader - Static select for one-to-many com.expeditors.training.course3demo.model.Card.phoneNumbers: select phonenumbe0_.CARD_ID as CARD3_1_1_, phonenumbe0_.PHONE_NUMBER_ID as PHONE1_3_1_, phonenumbe0_.index as index4_1_, phonenumbe0_.PHONE_NUMBER_ID as PHONE1_3_0_, phonenumbe0_.CARD_ID as CARD3_3_0_, phonenumbe0_.PHONE_NUMBER as PHONE2_3_0_ from PHONE_NUMBER phonenumbe0_ where phonenumbe0_.CARD_ID=?
DEBUG OneToManyLoader - Static select for one-to-many com.expeditors.training.course3demo.model.UserAccount.userRoles: select userroles0_.ROLE_OWNER as ROLE3_6_1_, userroles0_.ROLE_ID as ROLE1_7_1_, userroles0_.ROLE_ID as ROLE1_7_0_, userroles0_.ROLE_NAME as ROLE2_7_0_, userroles0_.ROLE_OWNER as ROLE3_7_0_ from USERROLE userroles0_ where userroles0_.ROLE_OWNER=?
DEBUG SessionFactoryRegistry - Registering SessionFactory: d19fc72f-0971-467c-88ff-f8a067c8a782 (&lt;unnamed&gt;)
DEBUG SessionFactoryRegistry - Not binding SessionFactory to JNDI, no JNDI name configured
DEBUG SessionFactoryImpl - Instantiated session factory
DEBUG Configuration - Processing hbm.xml files
DEBUG Configuration - Process annotated classes
DEBUG Configuration - Processing fk mappings (*ToOne and JoinedSubclass)
DEBUG Configuration - Processing extends queue
DEBUG Configuration - Processing extends queue
DEBUG Configuration - Processing collection mappings
DEBUG Configuration - Processing native query and ResultSetMapping mappings
DEBUG Configuration - Processing association property references
DEBUG Configuration - Creating tables&apos; unique integer identifiers
DEBUG Configuration - Processing foreign key constraints
DEBUG Configuration - Resolving reference to class: com.expeditors.training.course3demo.model.Address
DEBUG Configuration - Resolving reference to class: com.expeditors.training.course3demo.model.Card
DEBUG Configuration - Resolving reference to class: com.expeditors.training.course3demo.model.UserAccount
DEBUG DefaultIdentifierGeneratorFactory - Setting dialect [org.hibernate.dialect.HSQLDialect]
DEBUG DefaultIdentifierGeneratorFactory - Setting dialect [org.hibernate.dialect.HSQLDialect]
DEBUG DefaultIdentifierGeneratorFactory - Setting dialect [org.hibernate.dialect.HSQLDialect]
DEBUG DefaultIdentifierGeneratorFactory - Setting dialect [org.hibernate.dialect.HSQLDialect]
DEBUG DefaultIdentifierGeneratorFactory - Setting dialect [org.hibernate.dialect.HSQLDialect]
DEBUG DefaultIdentifierGeneratorFactory - Setting dialect [org.hibernate.dialect.HSQLDialect]
DEBUG DefaultIdentifierGeneratorFactory - Setting dialect [org.hibernate.dialect.HSQLDialect]
DEBUG DefaultIdentifierGeneratorFactory - Setting dialect [org.hibernate.dialect.HSQLDialect]
DEBUG Configuration - Processing hbm.xml files
DEBUG Configuration - Process annotated classes
DEBUG Configuration - Processing fk mappings (*ToOne and JoinedSubclass)
DEBUG Configuration - Processing extends queue
DEBUG Configuration - Processing extends queue
DEBUG Configuration - Processing collection mappings
DEBUG Configuration - Processing native query and ResultSetMapping mappings
DEBUG Configuration - Processing association property references
DEBUG Configuration - Creating tables&apos; unique integer identifiers
DEBUG Configuration - Processing foreign key constraints
DEBUG Configuration - Resolving reference to class: com.expeditors.training.course3demo.model.Address
DEBUG Configuration - Resolving reference to class: com.expeditors.training.course3demo.model.Card
DEBUG Configuration - Resolving reference to class: com.expeditors.training.course3demo.model.UserAccount
DEBUG DefaultIdentifierGeneratorFactory - Setting dialect [org.hibernate.dialect.HSQLDialect]
DEBUG DefaultIdentifierGeneratorFactory - Setting dialect [org.hibernate.dialect.HSQLDialect]
DEBUG DefaultIdentifierGeneratorFactory - Setting dialect [org.hibernate.dialect.HSQLDialect]
DEBUG DefaultIdentifierGeneratorFactory - Setting dialect [org.hibernate.dialect.HSQLDialect]
DEBUG DefaultIdentifierGeneratorFactory - Setting dialect [org.hibernate.dialect.HSQLDialect]
DEBUG DefaultIdentifierGeneratorFactory - Setting dialect [org.hibernate.dialect.HSQLDialect]
DEBUG DefaultIdentifierGeneratorFactory - Setting dialect [org.hibernate.dialect.HSQLDialect]
DEBUG DefaultIdentifierGeneratorFactory - Setting dialect [org.hibernate.dialect.HSQLDialect]
DEBUG DefaultIdentifierGeneratorFactory - Setting dialect [org.hibernate.dialect.HSQLDialect]
DEBUG DefaultIdentifierGeneratorFactory - Setting dialect [org.hibernate.dialect.HSQLDialect]
DEBUG DefaultIdentifierGeneratorFactory - Setting dialect [org.hibernate.dialect.HSQLDialect]
DEBUG DefaultIdentifierGeneratorFactory - Setting dialect [org.hibernate.dialect.HSQLDialect]
DEBUG DefaultIdentifierGeneratorFactory - Setting dialect [org.hibernate.dialect.HSQLDialect]
DEBUG DefaultIdentifierGeneratorFactory - Setting dialect [org.hibernate.dialect.HSQLDialect]
DEBUG DefaultIdentifierGeneratorFactory - Setting dialect [org.hibernate.dialect.HSQLDialect]
DEBUG DefaultIdentifierGeneratorFactory - Setting dialect [org.hibernate.dialect.HSQLDialect]
INFO  SchemaExport - HHH000227: Running hbm2ddl schema export
DEBUG SchemaExport - Import file not found: /import.sql
DEBUG SQL - alter table CARD drop constraint FK_d6c79e9871c740808b1c24ffea7
Hibernate: alter table CARD drop constraint FK_d6c79e9871c740808b1c24ffea7
ERROR SchemaExport - HHH000389: Unsuccessful: alter table CARD drop constraint FK_d6c79e9871c740808b1c24ffea7
ERROR SchemaExport - user lacks privilege or object not found: PUBLIC.CARD
DEBUG SQL - alter table PHONE_NUMBER drop constraint FK_90c9a170f6b9420187e2a4c688d
Hibernate: alter table PHONE_NUMBER drop constraint FK_90c9a170f6b9420187e2a4c688d
ERROR SchemaExport - HHH000389: Unsuccessful: alter table PHONE_NUMBER drop constraint FK_90c9a170f6b9420187e2a4c688d
ERROR SchemaExport - user lacks privilege or object not found: PUBLIC.PHONE_NUMBER
DEBUG SQL - alter table USERROLE drop constraint FK_23f4ce36313d4228ae646b16100
Hibernate: alter table USERROLE drop constraint FK_23f4ce36313d4228ae646b16100
ERROR SchemaExport - HHH000389: Unsuccessful: alter table USERROLE drop constraint FK_23f4ce36313d4228ae646b16100
ERROR SchemaExport - user lacks privilege or object not found: PUBLIC.USERROLE
DEBUG SQL - drop table ADDRESS if exists
Hibernate: drop table ADDRESS if exists
DEBUG SQL - drop table CARD if exists
Hibernate: drop table CARD if exists
DEBUG SQL - drop table Container if exists
Hibernate: drop table Container if exists
DEBUG SQL - drop table PHONE_NUMBER if exists
Hibernate: drop table PHONE_NUMBER if exists
DEBUG SQL - drop table PRODUCT if exists
Hibernate: drop table PRODUCT if exists
DEBUG SQL - drop table Shipment if exists
Hibernate: drop table Shipment if exists
DEBUG SQL - drop table USERACCOUNT if exists
Hibernate: drop table USERACCOUNT if exists
DEBUG SQL - drop table USERROLE if exists
Hibernate: drop table USERROLE if exists
DEBUG SQL - create table ADDRESS (ADDRESS_ID bigint generated by default as identity (start with 1), city varchar(255) not null, state CHAR(2) not null, street varchar(255) not null, primary key (ADDRESS_ID))
Hibernate: create table ADDRESS (ADDRESS_ID bigint generated by default as identity (start with 1), city varchar(255) not null, state CHAR(2) not null, street varchar(255) not null, primary key (ADDRESS_ID))
DEBUG SQL - create table CARD (CARD_ID bigint generated by default as identity (start with 1), amount double, CARD_NUMBER char not null, OWNER_NAME varchar(255) not null, address bigint, primary key (CARD_ID))
Hibernate: create table CARD (CARD_ID bigint generated by default as identity (start with 1), amount double, CARD_NUMBER char not null, OWNER_NAME varchar(255) not null, address bigint, primary key (CARD_ID))
DEBUG SQL - create table Container (CONTAINER_ID bigint generated by default as identity (start with 1), capacity double not null check (capacity&gt;=0), destination varchar(255), location varchar(255), name varchar(40), status varchar(255), primary key (CONTAINER_ID))
Hibernate: create table Container (CONTAINER_ID bigint generated by default as identity (start with 1), capacity double not null check (capacity&gt;=0), destination varchar(255), location varchar(255), name varchar(40), status varchar(255), primary key (CONTAINER_ID))
DEBUG SQL - create table PHONE_NUMBER (PHONE_NUMBER_ID bigint generated by default as identity (start with 1), PHONE_NUMBER char not null, CARD_ID bigint not null, index integer, primary key (PHONE_NUMBER_ID))
Hibernate: create table PHONE_NUMBER (PHONE_NUMBER_ID bigint generated by default as identity (start with 1), PHONE_NUMBER char not null, CARD_ID bigint not null, index integer, primary key (PHONE_NUMBER_ID))
DEBUG SQL - create table PRODUCT (PRODUCT_ID bigint generated by default as identity (start with 1), description varchar(255), name varchar(255), price double, primary key (PRODUCT_ID))
Hibernate: create table PRODUCT (PRODUCT_ID bigint generated by default as identity (start with 1), description varchar(255), name varchar(255), price double, primary key (PRODUCT_ID))
DEBUG SQL - create table Shipment (SHIPMENT_ID bigint generated by default as identity (start with 1), destination varchar(255), name varchar(40), origin varchar(255), volume double not null check (volume&gt;=0), primary key (SHIPMENT_ID))
Hibernate: create table Shipment (SHIPMENT_ID bigint generated by default as identity (start with 1), destination varchar(255), name varchar(40), origin varchar(255), volume double not null check (volume&gt;=0), primary key (SHIPMENT_ID))
DEBUG SQL - create table USERACCOUNT (USER_ID bigint generated by default as identity (start with 1), enabled boolean, password varchar(50), username varchar(255), primary key (USER_ID))
Hibernate: create table USERACCOUNT (USER_ID bigint generated by default as identity (start with 1), enabled boolean, password varchar(50), username varchar(255), primary key (USER_ID))
DEBUG SQL - create table USERROLE (ROLE_ID bigint generated by default as identity (start with 1), ROLE_NAME varchar(40) not null, ROLE_OWNER bigint not null, primary key (ROLE_ID))
Hibernate: create table USERROLE (ROLE_ID bigint generated by default as identity (start with 1), ROLE_NAME varchar(40) not null, ROLE_OWNER bigint not null, primary key (ROLE_ID))
DEBUG SQL - alter table CARD add constraint FK_d6c79e9871c740808b1c24ffea7 foreign key (address) references ADDRESS
Hibernate: alter table CARD add constraint FK_d6c79e9871c740808b1c24ffea7 foreign key (address) references ADDRESS
DEBUG SQL - alter table PHONE_NUMBER add constraint FK_90c9a170f6b9420187e2a4c688d foreign key (CARD_ID) references CARD
Hibernate: alter table PHONE_NUMBER add constraint FK_90c9a170f6b9420187e2a4c688d foreign key (CARD_ID) references CARD
DEBUG SQL - alter table USERROLE add constraint FK_23f4ce36313d4228ae646b16100 foreign key (ROLE_OWNER) references USERACCOUNT
Hibernate: alter table USERROLE add constraint FK_23f4ce36313d4228ae646b16100 foreign key (ROLE_OWNER) references USERACCOUNT
INFO  SchemaExport - HHH000230: Schema export complete
DEBUG Configuration - Processing hbm.xml files
DEBUG Configuration - Process annotated classes
DEBUG Configuration - Processing fk mappings (*ToOne and JoinedSubclass)
DEBUG Configuration - Processing extends queue
DEBUG Configuration - Processing extends queue
DEBUG Configuration - Processing collection mappings
DEBUG Configuration - Processing native query and ResultSetMapping mappings
DEBUG Configuration - Processing association property references
DEBUG Configuration - Creating tables&apos; unique integer identifiers
DEBUG Configuration - Processing foreign key constraints
DEBUG Configuration - Resolving reference to class: com.expeditors.training.course3demo.model.Address
DEBUG Configuration - Resolving reference to class: com.expeditors.training.course3demo.model.Card
DEBUG Configuration - Resolving reference to class: com.expeditors.training.course3demo.model.UserAccount
DEBUG DefaultIdentifierGeneratorFactory - Setting dialect [org.hibernate.dialect.HSQLDialect]
DEBUG DefaultIdentifierGeneratorFactory - Setting dialect [org.hibernate.dialect.HSQLDialect]
DEBUG DefaultIdentifierGeneratorFactory - Setting dialect [org.hibernate.dialect.HSQLDialect]
DEBUG DefaultIdentifierGeneratorFactory - Setting dialect [org.hibernate.dialect.HSQLDialect]
DEBUG DefaultIdentifierGeneratorFactory - Setting dialect [org.hibernate.dialect.HSQLDialect]
DEBUG DefaultIdentifierGeneratorFactory - Setting dialect [org.hibernate.dialect.HSQLDialect]
DEBUG DefaultIdentifierGeneratorFactory - Setting dialect [org.hibernate.dialect.HSQLDialect]
DEBUG DefaultIdentifierGeneratorFactory - Setting dialect [org.hibernate.dialect.HSQLDialect]
DEBUG Configuration - Processing hbm.xml files
DEBUG Configuration - Process annotated classes
DEBUG Configuration - Processing fk mappings (*ToOne and JoinedSubclass)
DEBUG Configuration - Processing extends queue
DEBUG Configuration - Processing extends queue
DEBUG Configuration - Processing collection mappings
DEBUG Configuration - Processing native query and ResultSetMapping mappings
DEBUG Configuration - Processing association property references
DEBUG Configuration - Creating tables&apos; unique integer identifiers
DEBUG Configuration - Processing foreign key constraints
DEBUG Configuration - Resolving reference to class: com.expeditors.training.course3demo.model.Address
DEBUG Configuration - Resolving reference to class: com.expeditors.training.course3demo.model.Card
DEBUG Configuration - Resolving reference to class: com.expeditors.training.course3demo.model.UserAccount
DEBUG DefaultIdentifierGeneratorFactory - Setting dialect [org.hibernate.dialect.HSQLDialect]
DEBUG DefaultIdentifierGeneratorFactory - Setting dialect [org.hibernate.dialect.HSQLDialect]
DEBUG DefaultIdentifierGeneratorFactory - Setting dialect [org.hibernate.dialect.HSQLDialect]
DEBUG DefaultIdentifierGeneratorFactory - Setting dialect [org.hibernate.dialect.HSQLDialect]
DEBUG DefaultIdentifierGeneratorFactory - Setting dialect [org.hibernate.dialect.HSQLDialect]
DEBUG DefaultIdentifierGeneratorFactory - Setting dialect [org.hibernate.dialect.HSQLDialect]
DEBUG DefaultIdentifierGeneratorFactory - Setting dialect [org.hibernate.dialect.HSQLDialect]
DEBUG DefaultIdentifierGeneratorFactory - Setting dialect [org.hibernate.dialect.HSQLDialect]
DEBUG DefaultIdentifierGeneratorFactory - Setting dialect [org.hibernate.dialect.HSQLDialect]
DEBUG DefaultIdentifierGeneratorFactory - Setting dialect [org.hibernate.dialect.HSQLDialect]
DEBUG DefaultIdentifierGeneratorFactory - Setting dialect [org.hibernate.dialect.HSQLDialect]
DEBUG DefaultIdentifierGeneratorFactory - Setting dialect [org.hibernate.dialect.HSQLDialect]
DEBUG DefaultIdentifierGeneratorFactory - Setting dialect [org.hibernate.dialect.HSQLDialect]
DEBUG DefaultIdentifierGeneratorFactory - Setting dialect [org.hibernate.dialect.HSQLDialect]
DEBUG DefaultIdentifierGeneratorFactory - Setting dialect [org.hibernate.dialect.HSQLDialect]
DEBUG DefaultIdentifierGeneratorFactory - Setting dialect [org.hibernate.dialect.HSQLDialect]
DEBUG SessionFactoryImpl - Checking 0 named HQL queries
DEBUG SessionFactoryImpl - Checking 0 named SQL queries
DEBUG StatisticsInitiator - Statistics initialized [enabled=false]
DEBUG EntityManagerFactoryRegistry - Registering EntityManagerFactory: default 
DEBUG SessionFactoryImpl - HHH000031: Closing
INFO  SchemaExport - HHH000227: Running hbm2ddl schema export
DEBUG SchemaExport - Import file not found: /import.sql
DEBUG SQL - alter table CARD drop constraint FK_d6c79e9871c740808b1c24ffea7
Hibernate: alter table CARD drop constraint FK_d6c79e9871c740808b1c24ffea7
DEBUG SQL - alter table PHONE_NUMBER drop constraint FK_90c9a170f6b9420187e2a4c688d
Hibernate: alter table PHONE_NUMBER drop constraint FK_90c9a170f6b9420187e2a4c688d
DEBUG SQL - alter table USERROLE drop constraint FK_23f4ce36313d4228ae646b16100
Hibernate: alter table USERROLE drop constraint FK_23f4ce36313d4228ae646b16100
DEBUG SQL - drop table ADDRESS if exists
Hibernate: drop table ADDRESS if exists
DEBUG SQL - drop table CARD if exists
Hibernate: drop table CARD if exists
DEBUG SQL - drop table Container if exists
Hibernate: drop table Container if exists
DEBUG SQL - drop table PHONE_NUMBER if exists
Hibernate: drop table PHONE_NUMBER if exists
DEBUG SQL - drop table PRODUCT if exists
Hibernate: drop table PRODUCT if exists
DEBUG SQL - drop table Shipment if exists
Hibernate: drop table Shipment if exists
DEBUG SQL - drop table USERACCOUNT if exists
Hibernate: drop table USERACCOUNT if exists
DEBUG SQL - drop table USERROLE if exists
Hibernate: drop table USERROLE if exists
INFO  SchemaExport - HHH000230: Schema export complete
DEBUG EntityManagerFactoryRegistry - Remove: name=default
</system-out>
    <system-err>Mar 02, 2015 10:04:16 AM org.springframework.context.support.AbstractApplicationContext prepareRefresh
INFO: Refreshing org.springframework.web.context.support.GenericWebApplicationContext@14faa38c: startup date [Mon Mar 02 10:04:16 PST 2015]; root of context hierarchy
Mar 02, 2015 10:04:16 AM org.springframework.jdbc.datasource.DriverManagerDataSource setDriverClassName
INFO: Loaded JDBC driver: org.hsqldb.jdbcDriver
Mar 02, 2015 10:04:16 AM org.springframework.orm.jpa.LocalContainerEntityManagerFactoryBean createNativeEntityManagerFactory
INFO: Building JPA container EntityManagerFactory for persistence unit &apos;default&apos;
Mar 02, 2015 10:04:17 AM org.springframework.beans.factory.support.DefaultListableBeanFactory preInstantiateSingletons
INFO: Pre-instantiating singletons in org.springframework.beans.factory.support.DefaultListableBeanFactory@7ff2b8d2: defining beans [org.springframework.context.annotation.internalConfigurationAnnotationProcessor,org.springframework.context.annotation.internalAutowiredAnnotationProcessor,org.springframework.context.annotation.internalRequiredAnnotationProcessor,org.springframework.context.annotation.internalCommonAnnotationProcessor,org.springframework.context.annotation.internalPersistenceAnnotationProcessor,testConfig,org.springframework.context.annotation.ConfigurationClassPostProcessor.importAwareProcessor,cardController,containerController,errorLoginController,homeController,productController,securityController,shipmentController,org.springframework.web.servlet.config.annotation.DelegatingWebMvcConfiguration,requestMappingHandlerMapping,mvcContentNegotiationManager,viewControllerHandlerMapping,beanNameHandlerMapping,resourceHandlerMapping,defaultServletHandlerMapping,requestMappingHandlerAdapter,mvcConversionService,httpRequestHandlerAdapter,simpleControllerHandlerAdapter,handlerExceptionResolver,mvcValidator,com.expeditors.training.course3demo.config.PersistenceJPATestConfig,dataSource,entityManagerFactory,viewResolver,shipmentService,productService,containerService]; root of factory hierarchy
Mar 02, 2015 10:04:17 AM org.springframework.beans.factory.support.DefaultSingletonBeanRegistry destroySingletons
INFO: Destroying singletons in org.springframework.beans.factory.support.DefaultListableBeanFactory@7ff2b8d2: defining beans [org.springframework.context.annotation.internalConfigurationAnnotationProcessor,org.springframework.context.annotation.internalAutowiredAnnotationProcessor,org.springframework.context.annotation.internalRequiredAnnotationProcessor,org.springframework.context.annotation.internalCommonAnnotationProcessor,org.springframework.context.annotation.internalPersistenceAnnotationProcessor,testConfig,org.springframework.context.annotation.ConfigurationClassPostProcessor.importAwareProcessor,cardController,containerController,errorLoginController,homeController,productController,securityController,shipmentController,org.springframework.web.servlet.config.annotation.DelegatingWebMvcConfiguration,requestMappingHandlerMapping,mvcContentNegotiationManager,viewControllerHandlerMapping,beanNameHandlerMapping,resourceHandlerMapping,defaultServletHandlerMapping,requestMappingHandlerAdapter,mvcConversionService,httpRequestHandlerAdapter,simpleControllerHandlerAdapter,handlerExceptionResolver,mvcValidator,com.expeditors.training.course3demo.config.PersistenceJPATestConfig,dataSource,entityManagerFactory,viewResolver,shipmentService,productService,containerService]; root of factory hierarchy
Mar 02, 2015 10:04:17 AM org.springframework.orm.jpa.AbstractEntityManagerFactoryBean destroy
INFO: Closing JPA EntityManagerFactory for persistence unit &apos;default&apos;
Mar 02, 2015 10:04:17 AM org.springframework.test.context.TestContextManager prepareTestInstance
SEVERE: Caught exception while allowing TestExecutionListener [org.springframework.test.context.web.ServletTestExecutionListener@6f8d7714] to prepare test instance [com.expeditors.training.course3demo.controller.ContainerControllerTest@a50ae65]
java.lang.IllegalStateException: Failed to load ApplicationContext
	at org.springframework.test.context.CacheAwareContextLoaderDelegate.loadContext(CacheAwareContextLoaderDelegate.java:99)
	at org.springframework.test.context.TestContext.getApplicationContext(TestContext.java:122)
	at org.springframework.test.context.web.ServletTestExecutionListener.setUpRequestContextIfNecessary(ServletTestExecutionListener.java:105)
	at org.springframework.test.context.web.ServletTestExecutionListener.prepareTestInstance(ServletTestExecutionListener.java:74)
	at org.springframework.test.context.TestContextManager.prepareTestInstance(TestContextManager.java:312)
	at org.springframework.test.context.junit4.SpringJUnit4ClassRunner.createTest(SpringJUnit4ClassRunner.java:211)
	at org.springframework.test.context.junit4.SpringJUnit4ClassRunner$1.runReflectiveCall(SpringJUnit4ClassRunner.java:288)
	at org.junit.internal.runners.model.ReflectiveCallable.run(ReflectiveCallable.java:12)
	at org.springframework.test.context.junit4.SpringJUnit4ClassRunner.methodBlock(SpringJUnit4ClassRunner.java:284)
	at org.springframework.test.context.junit4.SpringJUnit4ClassRunner.runChild(SpringJUnit4ClassRunner.java:231)
	at org.springframework.test.context.junit4.SpringJUnit4ClassRunner.runChild(SpringJUnit4ClassRunner.java:88)
	at org.junit.runners.ParentRunner$3.run(ParentRunner.java:238)
	at org.junit.runners.ParentRunner$1.schedule(ParentRunner.java:63)
	at org.junit.runners.ParentRunner.runChildren(ParentRunner.java:236)
	at org.junit.runners.ParentRunner.access$000(ParentRunner.java:53)
	at org.junit.runners.ParentRunner$2.evaluate(ParentRunner.java:229)
	at org.springframework.test.context.junit4.statements.RunBeforeTestClassCallbacks.evaluate(RunBeforeTestClassCallbacks.java:61)
	at org.springframework.test.context.junit4.statements.RunAfterTestClassCallbacks.evaluate(RunAfterTestClassCallbacks.java:71)
	at org.junit.runners.ParentRunner.run(ParentRunner.java:309)
	at org.springframework.test.context.junit4.SpringJUnit4ClassRunner.run(SpringJUnit4ClassRunner.java:174)
	at org.apache.maven.surefire.junit4.JUnit4Provider.execute(JUnit4Provider.java:252)
	at org.apache.maven.surefire.junit4.JUnit4Provider.executeTestSet(JUnit4Provider.java:141)
	at org.apache.maven.surefire.junit4.JUnit4Provider.invoke(JUnit4Provider.java:112)
	at sun.reflect.NativeMethodAccessorImpl.invoke0(Native Method)
	at sun.reflect.NativeMethodAccessorImpl.invoke(NativeMethodAccessorImpl.java:62)
	at sun.reflect.DelegatingMethodAccessorImpl.invoke(DelegatingMethodAccessorImpl.java:43)
	at java.lang.reflect.Method.invoke(Method.java:483)
	at org.apache.maven.surefire.util.ReflectionUtils.invokeMethodWithArray(ReflectionUtils.java:189)
	at org.apache.maven.surefire.booter.ProviderFactory$ProviderProxy.invoke(ProviderFactory.java:165)
	at org.apache.maven.surefire.booter.ProviderFactory.invokeProvider(ProviderFactory.java:85)
	at org.apache.maven.surefire.booter.ForkedBooter.runSuitesInProcess(ForkedBooter.java:115)
	at org.apache.maven.surefire.booter.ForkedBooter.main(ForkedBooter.java:75)
Caused by: org.springframework.beans.factory.BeanCreationException: Error creating bean with name &apos;cardController&apos;: Injection of autowired dependencies failed; nested exception is org.springframework.beans.factory.BeanCreationException: Could not autowire field: com.expeditors.training.course3demo.service.CardService com.expeditors.training.course3demo.controller.CardController.cardService; nested exception is org.springframework.beans.factory.NoSuchBeanDefinitionException: No qualifying bean of type [com.expeditors.training.course3demo.service.CardService] found for dependency: expected at least 1 bean which qualifies as autowire candidate for this dependency. Dependency annotations: {@org.springframework.beans.factory.annotation.Autowired(required=true)}
	at org.springframework.beans.factory.annotation.AutowiredAnnotationBeanPostProcessor.postProcessPropertyValues(AutowiredAnnotationBeanPostProcessor.java:288)
	at org.springframework.beans.factory.support.AbstractAutowireCapableBeanFactory.populateBean(AbstractAutowireCapableBeanFactory.java:1116)
	at org.springframework.beans.factory.support.AbstractAutowireCapableBeanFactory.doCreateBean(AbstractAutowireCapableBeanFactory.java:519)
	at org.springframework.beans.factory.support.AbstractAutowireCapableBeanFactory.createBean(AbstractAutowireCapableBeanFactory.java:458)
	at org.springframework.beans.factory.support.AbstractBeanFactory$1.getObject(AbstractBeanFactory.java:295)
	at org.springframework.beans.factory.support.DefaultSingletonBeanRegistry.getSingleton(DefaultSingletonBeanRegistry.java:223)
	at org.springframework.beans.factory.support.AbstractBeanFactory.doGetBean(AbstractBeanFactory.java:292)
	at org.springframework.beans.factory.support.AbstractBeanFactory.getBean(AbstractBeanFactory.java:194)
	at org.springframework.beans.factory.support.DefaultListableBeanFactory.preInstantiateSingletons(DefaultListableBeanFactory.java:626)
	at org.springframework.context.support.AbstractApplicationContext.finishBeanFactoryInitialization(AbstractApplicationContext.java:932)
	at org.springframework.context.support.AbstractApplicationContext.refresh(AbstractApplicationContext.java:479)
	at org.springframework.test.context.web.AbstractGenericWebContextLoader.loadContext(AbstractGenericWebContextLoader.java:128)
	at org.springframework.test.context.web.AbstractGenericWebContextLoader.loadContext(AbstractGenericWebContextLoader.java:60)
	at org.springframework.test.context.support.AbstractDelegatingSmartContextLoader.delegateLoading(AbstractDelegatingSmartContextLoader.java:100)
	at org.springframework.test.context.support.AbstractDelegatingSmartContextLoader.loadContext(AbstractDelegatingSmartContextLoader.java:248)
	at org.springframework.test.context.CacheAwareContextLoaderDelegate.loadContextInternal(CacheAwareContextLoaderDelegate.java:64)
	at org.springframework.test.context.CacheAwareContextLoaderDelegate.loadContext(CacheAwareContextLoaderDelegate.java:91)
	... 31 more
Caused by: org.springframework.beans.factory.BeanCreationException: Could not autowire field: com.expeditors.training.course3demo.service.CardService com.expeditors.training.course3demo.controller.CardController.cardService; nested exception is org.springframework.beans.factory.NoSuchBeanDefinitionException: No qualifying bean of type [com.expeditors.training.course3demo.service.CardService] found for dependency: expected at least 1 bean which qualifies as autowire candidate for this dependency. Dependency annotations: {@org.springframework.beans.factory.annotation.Autowired(required=true)}
	at org.springframework.beans.factory.annotation.AutowiredAnnotationBeanPostProcessor$AutowiredFieldElement.inject(AutowiredAnnotationBeanPostProcessor.java:514)
	at org.springframework.beans.factory.annotation.InjectionMetadata.inject(InjectionMetadata.java:87)
	at org.springframework.beans.factory.annotation.AutowiredAnnotationBeanPostProcessor.postProcessPropertyValues(AutowiredAnnotationBeanPostProcessor.java:285)
	... 47 more
Caused by: org.springframework.beans.factory.NoSuchBeanDefinitionException: No qualifying bean of type [com.expeditors.training.course3demo.service.CardService] found for dependency: expected at least 1 bean which qualifies as autowire candidate for this dependency. Dependency annotations: {@org.springframework.beans.factory.annotation.Autowired(required=true)}
	at org.springframework.beans.factory.support.DefaultListableBeanFactory.raiseNoSuchBeanDefinitionException(DefaultListableBeanFactory.java:986)
	at org.springframework.beans.factory.support.DefaultListableBeanFactory.doResolveDependency(DefaultListableBeanFactory.java:856)
	at org.springframework.beans.factory.support.DefaultListableBeanFactory.resolveDependency(DefaultListableBeanFactory.java:768)
	at org.springframework.beans.factory.annotation.AutowiredAnnotationBeanPostProcessor$AutowiredFieldElement.inject(AutowiredAnnotationBeanPostProcessor.java:486)
	... 49 more

</system-err>
  </testcase>
  <testcase classname="com.expeditors.training.course3demo.controller.ContainerControllerTest" name="testAddContainerNameError" time="0.119">
    <error message="Failed to load ApplicationContext" type="java.lang.IllegalStateException">java.lang.IllegalStateException: Failed to load ApplicationContext
	at org.springframework.test.context.CacheAwareContextLoaderDelegate.loadContext(CacheAwareContextLoaderDelegate.java:99)
	at org.springframework.test.context.TestContext.getApplicationContext(TestContext.java:122)
	at org.springframework.test.context.web.ServletTestExecutionListener.setUpRequestContextIfNecessary(ServletTestExecutionListener.java:105)
	at org.springframework.test.context.web.ServletTestExecutionListener.prepareTestInstance(ServletTestExecutionListener.java:74)
	at org.springframework.test.context.TestContextManager.prepareTestInstance(TestContextManager.java:312)
	at org.springframework.test.context.junit4.SpringJUnit4ClassRunner.createTest(SpringJUnit4ClassRunner.java:211)
	at org.springframework.test.context.junit4.SpringJUnit4ClassRunner$1.runReflectiveCall(SpringJUnit4ClassRunner.java:288)
	at org.junit.internal.runners.model.ReflectiveCallable.run(ReflectiveCallable.java:12)
	at org.springframework.test.context.junit4.SpringJUnit4ClassRunner.methodBlock(SpringJUnit4ClassRunner.java:284)
	at org.springframework.test.context.junit4.SpringJUnit4ClassRunner.runChild(SpringJUnit4ClassRunner.java:231)
	at org.springframework.test.context.junit4.SpringJUnit4ClassRunner.runChild(SpringJUnit4ClassRunner.java:88)
	at org.junit.runners.ParentRunner$3.run(ParentRunner.java:238)
	at org.junit.runners.ParentRunner$1.schedule(ParentRunner.java:63)
	at org.junit.runners.ParentRunner.runChildren(ParentRunner.java:236)
	at org.junit.runners.ParentRunner.access$000(ParentRunner.java:53)
	at org.junit.runners.ParentRunner$2.evaluate(ParentRunner.java:229)
	at org.springframework.test.context.junit4.statements.RunBeforeTestClassCallbacks.evaluate(RunBeforeTestClassCallbacks.java:61)
	at org.springframework.test.context.junit4.statements.RunAfterTestClassCallbacks.evaluate(RunAfterTestClassCallbacks.java:71)
	at org.junit.runners.ParentRunner.run(ParentRunner.java:309)
	at org.springframework.test.context.junit4.SpringJUnit4ClassRunner.run(SpringJUnit4ClassRunner.java:174)
	at org.apache.maven.surefire.junit4.JUnit4Provider.execute(JUnit4Provider.java:252)
	at org.apache.maven.surefire.junit4.JUnit4Provider.executeTestSet(JUnit4Provider.java:141)
	at org.apache.maven.surefire.junit4.JUnit4Provider.invoke(JUnit4Provider.java:112)
	at sun.reflect.NativeMethodAccessorImpl.invoke0(Native Method)
	at sun.reflect.NativeMethodAccessorImpl.invoke(NativeMethodAccessorImpl.java:62)
	at sun.reflect.DelegatingMethodAccessorImpl.invoke(DelegatingMethodAccessorImpl.java:43)
	at java.lang.reflect.Method.invoke(Method.java:483)
	at org.apache.maven.surefire.util.ReflectionUtils.invokeMethodWithArray(ReflectionUtils.java:189)
	at org.apache.maven.surefire.booter.ProviderFactory$ProviderProxy.invoke(ProviderFactory.java:165)
	at org.apache.maven.surefire.booter.ProviderFactory.invokeProvider(ProviderFactory.java:85)
	at org.apache.maven.surefire.booter.ForkedBooter.runSuitesInProcess(ForkedBooter.java:115)
	at org.apache.maven.surefire.booter.ForkedBooter.main(ForkedBooter.java:75)
Caused by: org.springframework.beans.factory.BeanCreationException: Error creating bean with name &apos;cardController&apos;: Injection of autowired dependencies failed; nested exception is org.springframework.beans.factory.BeanCreationException: Could not autowire field: com.expeditors.training.course3demo.service.CardService com.expeditors.training.course3demo.controller.CardController.cardService; nested exception is org.springframework.beans.factory.NoSuchBeanDefinitionException: No qualifying bean of type [com.expeditors.training.course3demo.service.CardService] found for dependency: expected at least 1 bean which qualifies as autowire candidate for this dependency. Dependency annotations: {@org.springframework.beans.factory.annotation.Autowired(required=true)}
	at org.springframework.beans.factory.annotation.AutowiredAnnotationBeanPostProcessor.postProcessPropertyValues(AutowiredAnnotationBeanPostProcessor.java:288)
	at org.springframework.beans.factory.support.AbstractAutowireCapableBeanFactory.populateBean(AbstractAutowireCapableBeanFactory.java:1116)
	at org.springframework.beans.factory.support.AbstractAutowireCapableBeanFactory.doCreateBean(AbstractAutowireCapableBeanFactory.java:519)
	at org.springframework.beans.factory.support.AbstractAutowireCapableBeanFactory.createBean(AbstractAutowireCapableBeanFactory.java:458)
	at org.springframework.beans.factory.support.AbstractBeanFactory$1.getObject(AbstractBeanFactory.java:295)
	at org.springframework.beans.factory.support.DefaultSingletonBeanRegistry.getSingleton(DefaultSingletonBeanRegistry.java:223)
	at org.springframework.beans.factory.support.AbstractBeanFactory.doGetBean(AbstractBeanFactory.java:292)
	at org.springframework.beans.factory.support.AbstractBeanFactory.getBean(AbstractBeanFactory.java:194)
	at org.springframework.beans.factory.support.DefaultListableBeanFactory.preInstantiateSingletons(DefaultListableBeanFactory.java:626)
	at org.springframework.context.support.AbstractApplicationContext.finishBeanFactoryInitialization(AbstractApplicationContext.java:932)
	at org.springframework.context.support.AbstractApplicationContext.refresh(AbstractApplicationContext.java:479)
	at org.springframework.test.context.web.AbstractGenericWebContextLoader.loadContext(AbstractGenericWebContextLoader.java:128)
	at org.springframework.test.context.web.AbstractGenericWebContextLoader.loadContext(AbstractGenericWebContextLoader.java:60)
	at org.springframework.test.context.support.AbstractDelegatingSmartContextLoader.delegateLoading(AbstractDelegatingSmartContextLoader.java:100)
	at org.springframework.test.context.support.AbstractDelegatingSmartContextLoader.loadContext(AbstractDelegatingSmartContextLoader.java:248)
	at org.springframework.test.context.CacheAwareContextLoaderDelegate.loadContextInternal(CacheAwareContextLoaderDelegate.java:64)
	at org.springframework.test.context.CacheAwareContextLoaderDelegate.loadContext(CacheAwareContextLoaderDelegate.java:91)
	... 31 more
Caused by: org.springframework.beans.factory.BeanCreationException: Could not autowire field: com.expeditors.training.course3demo.service.CardService com.expeditors.training.course3demo.controller.CardController.cardService; nested exception is org.springframework.beans.factory.NoSuchBeanDefinitionException: No qualifying bean of type [com.expeditors.training.course3demo.service.CardService] found for dependency: expected at least 1 bean which qualifies as autowire candidate for this dependency. Dependency annotations: {@org.springframework.beans.factory.annotation.Autowired(required=true)}
	at org.springframework.beans.factory.annotation.AutowiredAnnotationBeanPostProcessor$AutowiredFieldElement.inject(AutowiredAnnotationBeanPostProcessor.java:514)
	at org.springframework.beans.factory.annotation.InjectionMetadata.inject(InjectionMetadata.java:87)
	at org.springframework.beans.factory.annotation.AutowiredAnnotationBeanPostProcessor.postProcessPropertyValues(AutowiredAnnotationBeanPostProcessor.java:285)
	... 47 more
Caused by: org.springframework.beans.factory.NoSuchBeanDefinitionException: No qualifying bean of type [com.expeditors.training.course3demo.service.CardService] found for dependency: expected at least 1 bean which qualifies as autowire candidate for this dependency. Dependency annotations: {@org.springframework.beans.factory.annotation.Autowired(required=true)}
	at org.springframework.beans.factory.support.DefaultListableBeanFactory.raiseNoSuchBeanDefinitionException(DefaultListableBeanFactory.java:986)
	at org.springframework.beans.factory.support.DefaultListableBeanFactory.doResolveDependency(DefaultListableBeanFactory.java:856)
	at org.springframework.beans.factory.support.DefaultListableBeanFactory.resolveDependency(DefaultListableBeanFactory.java:768)
	at org.springframework.beans.factory.annotation.AutowiredAnnotationBeanPostProcessor$AutowiredFieldElement.inject(AutowiredAnnotationBeanPostProcessor.java:486)
	... 49 more
</error>
    <system-out>DEBUG BasicTypeRegistry - Adding type registration boolean -&gt; org.hibernate.type.BooleanType@41a0aa7d
DEBUG BasicTypeRegistry - Adding type registration boolean -&gt; org.hibernate.type.BooleanType@41a0aa7d
DEBUG BasicTypeRegistry - Adding type registration java.lang.Boolean -&gt; org.hibernate.type.BooleanType@41a0aa7d
DEBUG BasicTypeRegistry - Adding type registration numeric_boolean -&gt; org.hibernate.type.NumericBooleanType@1ffaf86
DEBUG BasicTypeRegistry - Adding type registration true_false -&gt; org.hibernate.type.TrueFalseType@368247b9
DEBUG BasicTypeRegistry - Adding type registration yes_no -&gt; org.hibernate.type.YesNoType@55a147cc
DEBUG BasicTypeRegistry - Adding type registration byte -&gt; org.hibernate.type.ByteType@2892d68
DEBUG BasicTypeRegistry - Adding type registration byte -&gt; org.hibernate.type.ByteType@2892d68
DEBUG BasicTypeRegistry - Adding type registration java.lang.Byte -&gt; org.hibernate.type.ByteType@2892d68
DEBUG BasicTypeRegistry - Adding type registration character -&gt; org.hibernate.type.CharacterType@2e385cce
DEBUG BasicTypeRegistry - Adding type registration char -&gt; org.hibernate.type.CharacterType@2e385cce
DEBUG BasicTypeRegistry - Adding type registration java.lang.Character -&gt; org.hibernate.type.CharacterType@2e385cce
DEBUG BasicTypeRegistry - Adding type registration short -&gt; org.hibernate.type.ShortType@26d9b808
DEBUG BasicTypeRegistry - Adding type registration short -&gt; org.hibernate.type.ShortType@26d9b808
DEBUG BasicTypeRegistry - Adding type registration java.lang.Short -&gt; org.hibernate.type.ShortType@26d9b808
DEBUG BasicTypeRegistry - Adding type registration integer -&gt; org.hibernate.type.IntegerType@6d4d66d2
DEBUG BasicTypeRegistry - Adding type registration int -&gt; org.hibernate.type.IntegerType@6d4d66d2
DEBUG BasicTypeRegistry - Adding type registration java.lang.Integer -&gt; org.hibernate.type.IntegerType@6d4d66d2
DEBUG BasicTypeRegistry - Adding type registration long -&gt; org.hibernate.type.LongType@53fe15ff
DEBUG BasicTypeRegistry - Adding type registration long -&gt; org.hibernate.type.LongType@53fe15ff
DEBUG BasicTypeRegistry - Adding type registration java.lang.Long -&gt; org.hibernate.type.LongType@53fe15ff
DEBUG BasicTypeRegistry - Adding type registration float -&gt; org.hibernate.type.FloatType@2eae8e6e
DEBUG BasicTypeRegistry - Adding type registration float -&gt; org.hibernate.type.FloatType@2eae8e6e
DEBUG BasicTypeRegistry - Adding type registration java.lang.Float -&gt; org.hibernate.type.FloatType@2eae8e6e
DEBUG BasicTypeRegistry - Adding type registration double -&gt; org.hibernate.type.DoubleType@25ce9dc4
DEBUG BasicTypeRegistry - Adding type registration double -&gt; org.hibernate.type.DoubleType@25ce9dc4
DEBUG BasicTypeRegistry - Adding type registration java.lang.Double -&gt; org.hibernate.type.DoubleType@25ce9dc4
DEBUG BasicTypeRegistry - Adding type registration big_decimal -&gt; org.hibernate.type.BigDecimalType@3e8c3cb
DEBUG BasicTypeRegistry - Adding type registration java.math.BigDecimal -&gt; org.hibernate.type.BigDecimalType@3e8c3cb
DEBUG BasicTypeRegistry - Adding type registration big_integer -&gt; org.hibernate.type.BigIntegerType@3e27ba32
DEBUG BasicTypeRegistry - Adding type registration java.math.BigInteger -&gt; org.hibernate.type.BigIntegerType@3e27ba32
DEBUG BasicTypeRegistry - Adding type registration string -&gt; org.hibernate.type.StringType@1ca3b418
DEBUG BasicTypeRegistry - Adding type registration java.lang.String -&gt; org.hibernate.type.StringType@1ca3b418
DEBUG BasicTypeRegistry - Adding type registration nstring -&gt; org.hibernate.type.StringNVarcharType@7161d8d1
DEBUG BasicTypeRegistry - Adding type registration ncharacter -&gt; org.hibernate.type.CharacterNCharType@795509d9
DEBUG BasicTypeRegistry - Adding type registration url -&gt; org.hibernate.type.UrlType@4be29ed9
DEBUG BasicTypeRegistry - Adding type registration java.net.URL -&gt; org.hibernate.type.UrlType@4be29ed9
DEBUG BasicTypeRegistry - Adding type registration date -&gt; org.hibernate.type.DateType@75437611
DEBUG BasicTypeRegistry - Adding type registration java.sql.Date -&gt; org.hibernate.type.DateType@75437611
DEBUG BasicTypeRegistry - Adding type registration time -&gt; org.hibernate.type.TimeType@15043a2f
DEBUG BasicTypeRegistry - Adding type registration java.sql.Time -&gt; org.hibernate.type.TimeType@15043a2f
DEBUG BasicTypeRegistry - Adding type registration timestamp -&gt; org.hibernate.type.TimestampType@8519cb4
DEBUG BasicTypeRegistry - Adding type registration java.sql.Timestamp -&gt; org.hibernate.type.TimestampType@8519cb4
DEBUG BasicTypeRegistry - Adding type registration java.util.Date -&gt; org.hibernate.type.TimestampType@8519cb4
DEBUG BasicTypeRegistry - Adding type registration dbtimestamp -&gt; org.hibernate.type.DbTimestampType@3ba987b8
DEBUG BasicTypeRegistry - Adding type registration calendar -&gt; org.hibernate.type.CalendarType@72035809
DEBUG BasicTypeRegistry - Adding type registration java.util.Calendar -&gt; org.hibernate.type.CalendarType@72035809
DEBUG BasicTypeRegistry - Adding type registration java.util.GregorianCalendar -&gt; org.hibernate.type.CalendarType@72035809
DEBUG BasicTypeRegistry - Adding type registration calendar_date -&gt; org.hibernate.type.CalendarDateType@606e4010
DEBUG BasicTypeRegistry - Adding type registration locale -&gt; org.hibernate.type.LocaleType@5e2c3d18
DEBUG BasicTypeRegistry - Adding type registration java.util.Locale -&gt; org.hibernate.type.LocaleType@5e2c3d18
DEBUG BasicTypeRegistry - Adding type registration currency -&gt; org.hibernate.type.CurrencyType@6caf0677
DEBUG BasicTypeRegistry - Adding type registration java.util.Currency -&gt; org.hibernate.type.CurrencyType@6caf0677
DEBUG BasicTypeRegistry - Adding type registration timezone -&gt; org.hibernate.type.TimeZoneType@1a75e76a
DEBUG BasicTypeRegistry - Adding type registration java.util.TimeZone -&gt; org.hibernate.type.TimeZoneType@1a75e76a
DEBUG BasicTypeRegistry - Adding type registration class -&gt; org.hibernate.type.ClassType@4681c175
DEBUG BasicTypeRegistry - Adding type registration java.lang.Class -&gt; org.hibernate.type.ClassType@4681c175
DEBUG BasicTypeRegistry - Adding type registration uuid-binary -&gt; org.hibernate.type.UUIDBinaryType@1caa0244
DEBUG BasicTypeRegistry - Adding type registration java.util.UUID -&gt; org.hibernate.type.UUIDBinaryType@1caa0244
DEBUG BasicTypeRegistry - Adding type registration uuid-char -&gt; org.hibernate.type.UUIDCharType@1750fbeb
DEBUG BasicTypeRegistry - Adding type registration pg-uuid -&gt; org.hibernate.type.PostgresUUIDType@6c284af
DEBUG BasicTypeRegistry - Adding type registration binary -&gt; org.hibernate.type.BinaryType@7c137fd5
DEBUG BasicTypeRegistry - Adding type registration byte[] -&gt; org.hibernate.type.BinaryType@7c137fd5
DEBUG BasicTypeRegistry - Adding type registration [B -&gt; org.hibernate.type.BinaryType@7c137fd5
DEBUG BasicTypeRegistry - Adding type registration wrapper-binary -&gt; org.hibernate.type.WrapperBinaryType@2b40ff9c
DEBUG BasicTypeRegistry - Adding type registration Byte[] -&gt; org.hibernate.type.WrapperBinaryType@2b40ff9c
DEBUG BasicTypeRegistry - Adding type registration [Ljava.lang.Byte; -&gt; org.hibernate.type.WrapperBinaryType@2b40ff9c
DEBUG BasicTypeRegistry - Adding type registration image -&gt; org.hibernate.type.ImageType@5ddeb7cb
DEBUG BasicTypeRegistry - Adding type registration characters -&gt; org.hibernate.type.CharArrayType@6be968ce
DEBUG BasicTypeRegistry - Adding type registration char[] -&gt; org.hibernate.type.CharArrayType@6be968ce
DEBUG BasicTypeRegistry - Adding type registration [C -&gt; org.hibernate.type.CharArrayType@6be968ce
DEBUG BasicTypeRegistry - Adding type registration wrapper-characters -&gt; org.hibernate.type.CharacterArrayType@76494737
DEBUG BasicTypeRegistry - Adding type registration [Ljava.lang.Character; -&gt; org.hibernate.type.CharacterArrayType@76494737
DEBUG BasicTypeRegistry - Adding type registration Character[] -&gt; org.hibernate.type.CharacterArrayType@76494737
DEBUG BasicTypeRegistry - Adding type registration text -&gt; org.hibernate.type.TextType@609e8838
DEBUG BasicTypeRegistry - Adding type registration ntext -&gt; org.hibernate.type.NTextType@23e84203
DEBUG BasicTypeRegistry - Adding type registration blob -&gt; org.hibernate.type.BlobType@c430e6c
DEBUG BasicTypeRegistry - Adding type registration java.sql.Blob -&gt; org.hibernate.type.BlobType@c430e6c
DEBUG BasicTypeRegistry - Adding type registration materialized_blob -&gt; org.hibernate.type.MaterializedBlobType@72bc6553
DEBUG BasicTypeRegistry - Adding type registration clob -&gt; org.hibernate.type.ClobType@2ab4bc72
DEBUG BasicTypeRegistry - Adding type registration java.sql.Clob -&gt; org.hibernate.type.ClobType@2ab4bc72
DEBUG BasicTypeRegistry - Adding type registration nclob -&gt; org.hibernate.type.NClobType@55cb6996
DEBUG BasicTypeRegistry - Adding type registration java.sql.NClob -&gt; org.hibernate.type.NClobType@55cb6996
DEBUG BasicTypeRegistry - Adding type registration materialized_clob -&gt; org.hibernate.type.MaterializedClobType@f1da57d
DEBUG BasicTypeRegistry - Adding type registration materialized_nclob -&gt; org.hibernate.type.MaterializedNClobType@72c8e7b
DEBUG BasicTypeRegistry - Adding type registration serializable -&gt; org.hibernate.type.SerializableType@790da477
DEBUG BasicTypeRegistry - Adding type registration object -&gt; org.hibernate.type.ObjectType@3feb2dda
DEBUG BasicTypeRegistry - Adding type registration java.lang.Object -&gt; org.hibernate.type.ObjectType@3feb2dda
DEBUG BasicTypeRegistry - Adding type registration imm_date -&gt; org.hibernate.type.AdaptedImmutableType@7923f5b3
DEBUG BasicTypeRegistry - Adding type registration imm_time -&gt; org.hibernate.type.AdaptedImmutableType@6b63d445
DEBUG BasicTypeRegistry - Adding type registration imm_timestamp -&gt; org.hibernate.type.AdaptedImmutableType@7578e06a
DEBUG BasicTypeRegistry - Adding type registration imm_dbtimestamp -&gt; org.hibernate.type.AdaptedImmutableType@30b2b76f
DEBUG BasicTypeRegistry - Adding type registration imm_calendar -&gt; org.hibernate.type.AdaptedImmutableType@56da52a7
DEBUG BasicTypeRegistry - Adding type registration imm_calendar_date -&gt; org.hibernate.type.AdaptedImmutableType@23ee75c5
DEBUG BasicTypeRegistry - Adding type registration imm_binary -&gt; org.hibernate.type.AdaptedImmutableType@11a7ba62
DEBUG BasicTypeRegistry - Adding type registration imm_serializable -&gt; org.hibernate.type.AdaptedImmutableType@340b7ef6
DEBUG DefaultIdentifierGeneratorFactory - Registering IdentifierGenerator strategy [uuid2] -&gt; [org.hibernate.id.UUIDGenerator]
DEBUG DefaultIdentifierGeneratorFactory - Registering IdentifierGenerator strategy [guid] -&gt; [org.hibernate.id.GUIDGenerator]
DEBUG DefaultIdentifierGeneratorFactory - Registering IdentifierGenerator strategy [uuid] -&gt; [org.hibernate.id.UUIDHexGenerator]
DEBUG DefaultIdentifierGeneratorFactory - Registering IdentifierGenerator strategy [uuid.hex] -&gt; [org.hibernate.id.UUIDHexGenerator]
DEBUG DefaultIdentifierGeneratorFactory - Registering IdentifierGenerator strategy [hilo] -&gt; [org.hibernate.id.TableHiLoGenerator]
DEBUG DefaultIdentifierGeneratorFactory - Registering IdentifierGenerator strategy [assigned] -&gt; [org.hibernate.id.Assigned]
DEBUG DefaultIdentifierGeneratorFactory - Registering IdentifierGenerator strategy [identity] -&gt; [org.hibernate.id.IdentityGenerator]
DEBUG DefaultIdentifierGeneratorFactory - Registering IdentifierGenerator strategy [select] -&gt; [org.hibernate.id.SelectGenerator]
DEBUG DefaultIdentifierGeneratorFactory - Registering IdentifierGenerator strategy [sequence] -&gt; [org.hibernate.id.SequenceGenerator]
DEBUG DefaultIdentifierGeneratorFactory - Registering IdentifierGenerator strategy [seqhilo] -&gt; [org.hibernate.id.SequenceHiLoGenerator]
DEBUG DefaultIdentifierGeneratorFactory - Registering IdentifierGenerator strategy [increment] -&gt; [org.hibernate.id.IncrementGenerator]
DEBUG DefaultIdentifierGeneratorFactory - Registering IdentifierGenerator strategy [foreign] -&gt; [org.hibernate.id.ForeignGenerator]
DEBUG DefaultIdentifierGeneratorFactory - Registering IdentifierGenerator strategy [sequence-identity] -&gt; [org.hibernate.id.SequenceIdentityGenerator]
DEBUG DefaultIdentifierGeneratorFactory - Registering IdentifierGenerator strategy [enhanced-sequence] -&gt; [org.hibernate.id.enhanced.SequenceStyleGenerator]
DEBUG DefaultIdentifierGeneratorFactory - Registering IdentifierGenerator strategy [enhanced-table] -&gt; [org.hibernate.id.enhanced.TableGenerator]
DEBUG Ejb3Configuration - Processing PersistenceUnitInfo [
	name: default
	persistence provider classname: null
	classloader: sun.misc.Launcher$AppClassLoader@6bc7c054
	Temporary classloader: org.springframework.instrument.classloading.SimpleThrowawayClassLoader@30404dba
	excludeUnlistedClasses: true
	JTA datasource: null
	Non JTA datasource: org.springframework.jdbc.datasource.DriverManagerDataSource@6050462a
	Transaction type: RESOURCE_LOCAL
	PU root URL: file:/C:/Users/chq-jamesgl/STS_work2/finalprojectgleixner/target/test-classes/
	Shared Cache Mode: UNSPECIFIED
	Validation Mode: AUTO
	Jar files URLs []
	Managed classes names [
		com.expeditors.training.course3demo.model.Address
		com.expeditors.training.course3demo.model.Card
		com.expeditors.training.course3demo.model.Container
		com.expeditors.training.course3demo.model.PhoneNumber
		com.expeditors.training.course3demo.model.Product
		com.expeditors.training.course3demo.model.Shipment
		com.expeditors.training.course3demo.model.UserAccount
		com.expeditors.training.course3demo.model.UserRole]
	Mapping files names []
	Properties []
DEBUG Ejb3Configuration - Detect class: true; detect hbm: true
DEBUG AbstractJarVisitor - Searching mapped entities in jar/par: file:/C:/Users/chq-jamesgl/STS_work2/finalprojectgleixner/target/test-classes/
DEBUG AbstractJarVisitor - Filtering: com.expeditors.training.course3demo.config.PersistenceJPATestConfig
DEBUG AbstractJarVisitor - Filtering: com.expeditors.training.course3demo.config.ServiceTestConfig
DEBUG AbstractJarVisitor - Filtering: com.expeditors.training.course3demo.config.TestConfig
DEBUG AbstractJarVisitor - Filtering: com.expeditors.training.course3demo.controller.ContainerControllerTest
DEBUG AbstractJarVisitor - Filtering: com.expeditors.training.course3demo.controller.ProductControllerTest
DEBUG AbstractJarVisitor - Filtering: com.expeditors.training.course3demo.controller.ShipmentControllerTest
DEBUG AbstractJarVisitor - Filtering: com.expeditors.training.course3demo.service.ContainerServiceTest
DEBUG AbstractJarVisitor - Filtering: com.expeditors.training.course3demo.service.ProductServiceTest
DEBUG AbstractJarVisitor - Filtering: com.expeditors.training.course3demo.service.ShipmentServiceTest
DEBUG IntegratorServiceImpl - Adding Integrator [org.hibernate.cfg.beanvalidation.BeanValidationIntegrator].
DEBUG IntegratorServiceImpl - Adding Integrator [org.hibernate.ejb.event.JpaIntegrator].
DEBUG NamingHelper - No JNDI name configured for binding Ejb3Configuration
DEBUG Configuration - Preparing to build session factory with filters : {}
DEBUG Configuration - Processing hbm.xml files
DEBUG Configuration - Process annotated classes
DEBUG AnnotationBinder - Binding entity from annotated class: com.expeditors.training.course3demo.model.Address
DEBUG Ejb3Column - Binding column: Ejb3DiscriminatorColumn{logicalColumnName&apos;DTYPE&apos;, discriminatorTypeName=&apos;string&apos;}
DEBUG EntityBinder - Import with entity name Address
DEBUG EntityBinder - Bind entity com.expeditors.training.course3demo.model.Address on table ADDRESS
DEBUG Ejb3Column - Binding column: Ejb3Column{table=org.hibernate.mapping.Table(ADDRESS), mappingColumn=ADDRESS_ID, insertable=true, updatable=true, unique=false}
DEBUG PropertyBinder - MetadataSourceProcessor property id with lazy=false
DEBUG SimpleValueBinder - building SimpleValue for id
DEBUG PropertyBinder - Building property id
DEBUG Ejb3Column - Binding column: Ejb3Column{table=org.hibernate.mapping.Table(ADDRESS), mappingColumn=city, insertable=true, updatable=true, unique=false}
DEBUG PropertyBinder - MetadataSourceProcessor property city with lazy=false
DEBUG SimpleValueBinder - building SimpleValue for city
DEBUG PropertyBinder - Building property city
DEBUG Ejb3Column - Binding column: Ejb3Column{table=org.hibernate.mapping.Table(ADDRESS), mappingColumn=state, insertable=true, updatable=true, unique=false}
DEBUG PropertyBinder - MetadataSourceProcessor property state with lazy=false
DEBUG SimpleValueBinder - building SimpleValue for state
DEBUG PropertyBinder - Building property state
DEBUG Ejb3Column - Binding column: Ejb3Column{table=org.hibernate.mapping.Table(ADDRESS), mappingColumn=street, insertable=true, updatable=true, unique=false}
DEBUG PropertyBinder - MetadataSourceProcessor property street with lazy=false
DEBUG SimpleValueBinder - building SimpleValue for street
DEBUG PropertyBinder - Building property street
DEBUG AnnotationBinder - Binding entity from annotated class: com.expeditors.training.course3demo.model.Card
DEBUG Ejb3Column - Binding column: Ejb3DiscriminatorColumn{logicalColumnName&apos;DTYPE&apos;, discriminatorTypeName=&apos;string&apos;}
DEBUG EntityBinder - Import with entity name Card
DEBUG EntityBinder - Bind entity com.expeditors.training.course3demo.model.Card on table CARD
DEBUG Ejb3Column - Binding column: Ejb3Column{table=org.hibernate.mapping.Table(CARD), mappingColumn=CARD_ID, insertable=true, updatable=true, unique=false}
DEBUG PropertyBinder - MetadataSourceProcessor property id with lazy=false
DEBUG SimpleValueBinder - building SimpleValue for id
DEBUG PropertyBinder - Building property id
DEBUG Ejb3Column - Binding column: Ejb3JoinColumn{logicalColumnName=&apos;address&apos;, referencedColumn=&apos;&apos;, mappedBy=&apos;&apos;}
DEBUG Ejb3Column - Binding column: Ejb3Column{table=org.hibernate.mapping.Table(CARD), mappingColumn=address, insertable=true, updatable=true, unique=false}
DEBUG PropertyBinder - Building property address
DEBUG Ejb3Column - Binding column: Ejb3Column{table=org.hibernate.mapping.Table(CARD), mappingColumn=amount, insertable=true, updatable=true, unique=false}
DEBUG PropertyBinder - MetadataSourceProcessor property amount with lazy=false
DEBUG SimpleValueBinder - building SimpleValue for amount
DEBUG PropertyBinder - Building property amount
DEBUG Ejb3Column - Binding column: Ejb3Column{table=org.hibernate.mapping.Table(CARD), mappingColumn=CARD_NUMBER, insertable=true, updatable=true, unique=false}
DEBUG PropertyBinder - MetadataSourceProcessor property number with lazy=false
DEBUG SimpleValueBinder - building SimpleValue for number
DEBUG PropertyBinder - Building property number
DEBUG Ejb3Column - Binding column: Ejb3Column{table=org.hibernate.mapping.Table(CARD), mappingColumn=OWNER_NAME, insertable=true, updatable=true, unique=false}
DEBUG PropertyBinder - MetadataSourceProcessor property owner with lazy=false
DEBUG SimpleValueBinder - building SimpleValue for owner
DEBUG PropertyBinder - Building property owner
DEBUG Ejb3Column - Binding column: Ejb3JoinColumn{logicalColumnName=&apos;null&apos;, referencedColumn=&apos;null&apos;, mappedBy=&apos;card&apos;}
DEBUG Ejb3Column - Binding column: Ejb3Column{table=org.hibernate.mapping.Table(CARD), mappingColumn=phoneNumbers, insertable=true, updatable=true, unique=false}
DEBUG Ejb3Column - Binding column: Ejb3Column{table=org.hibernate.mapping.Table(CARD), mappingColumn=index, insertable=true, updatable=true, unique=false}
DEBUG Ejb3Column - Binding column: Ejb3Column{table=org.hibernate.mapping.Table(CARD), mappingColumn=element, insertable=true, updatable=true, unique=false}
DEBUG Ejb3Column - Binding column: Ejb3Column{table=org.hibernate.mapping.Table(CARD), mappingColumn=phoneNumbers_KEY, insertable=true, updatable=true, unique=false}
DEBUG Ejb3Column - Binding column: Ejb3JoinColumn{logicalColumnName=&apos;phoneNumbers_KEY&apos;, referencedColumn=&apos;null&apos;, mappedBy=&apos;null&apos;}
DEBUG Ejb3Column - Binding column: Ejb3JoinColumn{logicalColumnName=&apos;null&apos;, referencedColumn=&apos;null&apos;, mappedBy=&apos;card&apos;}
DEBUG Ejb3Column - Binding column: Ejb3JoinColumn{logicalColumnName=&apos;null&apos;, referencedColumn=&apos;null&apos;, mappedBy=&apos;card&apos;}
DEBUG CollectionBinder - Collection role: com.expeditors.training.course3demo.model.Card.phoneNumbers
DEBUG PropertyBinder - Building property phoneNumbers
DEBUG AnnotationBinder - Binding entity from annotated class: com.expeditors.training.course3demo.model.Container
DEBUG Ejb3Column - Binding column: Ejb3DiscriminatorColumn{logicalColumnName&apos;DTYPE&apos;, discriminatorTypeName=&apos;string&apos;}
DEBUG EntityBinder - Import with entity name Container
DEBUG EntityBinder - Bind entity com.expeditors.training.course3demo.model.Container on table Container
DEBUG Ejb3Column - Binding column: Ejb3Column{table=org.hibernate.mapping.Table(Container), mappingColumn=CONTAINER_ID, insertable=true, updatable=true, unique=false}
DEBUG PropertyBinder - MetadataSourceProcessor property id with lazy=false
DEBUG SimpleValueBinder - building SimpleValue for id
DEBUG PropertyBinder - Building property id
DEBUG Ejb3Column - Binding column: Ejb3Column{table=org.hibernate.mapping.Table(Container), mappingColumn=capacity, insertable=true, updatable=true, unique=false}
DEBUG PropertyBinder - MetadataSourceProcessor property capacity with lazy=false
DEBUG SimpleValueBinder - building SimpleValue for capacity
DEBUG PropertyBinder - Building property capacity
DEBUG Ejb3Column - Binding column: Ejb3Column{table=org.hibernate.mapping.Table(Container), mappingColumn=destination, insertable=true, updatable=true, unique=false}
DEBUG PropertyBinder - MetadataSourceProcessor property destination with lazy=false
DEBUG SimpleValueBinder - building SimpleValue for destination
DEBUG PropertyBinder - Building property destination
DEBUG Ejb3Column - Binding column: Ejb3Column{table=org.hibernate.mapping.Table(Container), mappingColumn=location, insertable=true, updatable=true, unique=false}
DEBUG PropertyBinder - MetadataSourceProcessor property location with lazy=false
DEBUG SimpleValueBinder - building SimpleValue for location
DEBUG PropertyBinder - Building property location
DEBUG Ejb3Column - Binding column: Ejb3Column{table=org.hibernate.mapping.Table(Container), mappingColumn=name, insertable=true, updatable=true, unique=false}
DEBUG PropertyBinder - MetadataSourceProcessor property name with lazy=false
DEBUG SimpleValueBinder - building SimpleValue for name
DEBUG PropertyBinder - Building property name
DEBUG Ejb3Column - Binding column: Ejb3Column{table=org.hibernate.mapping.Table(Container), mappingColumn=status, insertable=true, updatable=true, unique=false}
DEBUG PropertyBinder - MetadataSourceProcessor property status with lazy=false
DEBUG SimpleValueBinder - building SimpleValue for status
DEBUG PropertyBinder - Building property status
DEBUG AnnotationBinder - Binding entity from annotated class: com.expeditors.training.course3demo.model.PhoneNumber
DEBUG Ejb3Column - Binding column: Ejb3DiscriminatorColumn{logicalColumnName&apos;DTYPE&apos;, discriminatorTypeName=&apos;string&apos;}
DEBUG EntityBinder - Import with entity name PhoneNumber
DEBUG EntityBinder - Bind entity com.expeditors.training.course3demo.model.PhoneNumber on table PHONE_NUMBER
DEBUG Ejb3Column - Binding column: Ejb3Column{table=org.hibernate.mapping.Table(PHONE_NUMBER), mappingColumn=PHONE_NUMBER_ID, insertable=true, updatable=true, unique=false}
DEBUG PropertyBinder - MetadataSourceProcessor property id with lazy=false
DEBUG SimpleValueBinder - building SimpleValue for id
DEBUG PropertyBinder - Building property id
DEBUG Ejb3Column - Binding column: Ejb3JoinColumn{logicalColumnName=&apos;CARD_ID&apos;, referencedColumn=&apos;&apos;, mappedBy=&apos;&apos;}
DEBUG Ejb3Column - Binding column: Ejb3Column{table=org.hibernate.mapping.Table(PHONE_NUMBER), mappingColumn=card, insertable=true, updatable=true, unique=false}
DEBUG PropertyBinder - Building property card
DEBUG Ejb3Column - Binding column: Ejb3Column{table=org.hibernate.mapping.Table(PHONE_NUMBER), mappingColumn=PHONE_NUMBER, insertable=true, updatable=true, unique=false}
DEBUG PropertyBinder - MetadataSourceProcessor property number with lazy=false
DEBUG SimpleValueBinder - building SimpleValue for number
DEBUG PropertyBinder - Building property number
DEBUG AnnotationBinder - Binding entity from annotated class: com.expeditors.training.course3demo.model.Product
DEBUG Ejb3Column - Binding column: Ejb3DiscriminatorColumn{logicalColumnName&apos;DTYPE&apos;, discriminatorTypeName=&apos;string&apos;}
DEBUG EntityBinder - Import with entity name Product
DEBUG EntityBinder - Bind entity com.expeditors.training.course3demo.model.Product on table PRODUCT
DEBUG Ejb3Column - Binding column: Ejb3Column{table=org.hibernate.mapping.Table(PRODUCT), mappingColumn=PRODUCT_ID, insertable=true, updatable=true, unique=false}
DEBUG PropertyBinder - MetadataSourceProcessor property id with lazy=false
DEBUG SimpleValueBinder - building SimpleValue for id
DEBUG PropertyBinder - Building property id
DEBUG Ejb3Column - Binding column: Ejb3Column{table=org.hibernate.mapping.Table(PRODUCT), mappingColumn=description, insertable=true, updatable=true, unique=false}
DEBUG PropertyBinder - MetadataSourceProcessor property description with lazy=false
DEBUG SimpleValueBinder - building SimpleValue for description
DEBUG PropertyBinder - Building property description
DEBUG Ejb3Column - Binding column: Ejb3Column{table=org.hibernate.mapping.Table(PRODUCT), mappingColumn=name, insertable=true, updatable=true, unique=false}
DEBUG PropertyBinder - MetadataSourceProcessor property name with lazy=false
DEBUG SimpleValueBinder - building SimpleValue for name
DEBUG PropertyBinder - Building property name
DEBUG Ejb3Column - Binding column: Ejb3Column{table=org.hibernate.mapping.Table(PRODUCT), mappingColumn=price, insertable=true, updatable=true, unique=false}
DEBUG PropertyBinder - MetadataSourceProcessor property price with lazy=false
DEBUG SimpleValueBinder - building SimpleValue for price
DEBUG PropertyBinder - Building property price
DEBUG AnnotationBinder - Binding entity from annotated class: com.expeditors.training.course3demo.model.Shipment
DEBUG Ejb3Column - Binding column: Ejb3DiscriminatorColumn{logicalColumnName&apos;DTYPE&apos;, discriminatorTypeName=&apos;string&apos;}
DEBUG EntityBinder - Import with entity name Shipment
DEBUG EntityBinder - Bind entity com.expeditors.training.course3demo.model.Shipment on table Shipment
DEBUG Ejb3Column - Binding column: Ejb3Column{table=org.hibernate.mapping.Table(Shipment), mappingColumn=SHIPMENT_ID, insertable=true, updatable=true, unique=false}
DEBUG PropertyBinder - MetadataSourceProcessor property id with lazy=false
DEBUG SimpleValueBinder - building SimpleValue for id
DEBUG PropertyBinder - Building property id
DEBUG Ejb3Column - Binding column: Ejb3Column{table=org.hibernate.mapping.Table(Shipment), mappingColumn=destination, insertable=true, updatable=true, unique=false}
DEBUG PropertyBinder - MetadataSourceProcessor property destination with lazy=false
DEBUG SimpleValueBinder - building SimpleValue for destination
DEBUG PropertyBinder - Building property destination
DEBUG Ejb3Column - Binding column: Ejb3Column{table=org.hibernate.mapping.Table(Shipment), mappingColumn=name, insertable=true, updatable=true, unique=false}
DEBUG PropertyBinder - MetadataSourceProcessor property name with lazy=false
DEBUG SimpleValueBinder - building SimpleValue for name
DEBUG PropertyBinder - Building property name
DEBUG Ejb3Column - Binding column: Ejb3Column{table=org.hibernate.mapping.Table(Shipment), mappingColumn=origin, insertable=true, updatable=true, unique=false}
DEBUG PropertyBinder - MetadataSourceProcessor property origin with lazy=false
DEBUG SimpleValueBinder - building SimpleValue for origin
DEBUG PropertyBinder - Building property origin
DEBUG Ejb3Column - Binding column: Ejb3Column{table=org.hibernate.mapping.Table(Shipment), mappingColumn=volume, insertable=true, updatable=true, unique=false}
DEBUG PropertyBinder - MetadataSourceProcessor property volume with lazy=false
DEBUG SimpleValueBinder - building SimpleValue for volume
DEBUG PropertyBinder - Building property volume
DEBUG AnnotationBinder - Binding entity from annotated class: com.expeditors.training.course3demo.model.UserAccount
DEBUG Ejb3Column - Binding column: Ejb3DiscriminatorColumn{logicalColumnName&apos;DTYPE&apos;, discriminatorTypeName=&apos;string&apos;}
DEBUG EntityBinder - Import with entity name UserAccount
DEBUG EntityBinder - Bind entity com.expeditors.training.course3demo.model.UserAccount on table USERACCOUNT
DEBUG Ejb3Column - Binding column: Ejb3Column{table=org.hibernate.mapping.Table(USERACCOUNT), mappingColumn=USER_ID, insertable=true, updatable=true, unique=false}
DEBUG PropertyBinder - MetadataSourceProcessor property id with lazy=false
DEBUG SimpleValueBinder - building SimpleValue for id
DEBUG PropertyBinder - Building property id
DEBUG Ejb3Column - Binding column: Ejb3Column{table=org.hibernate.mapping.Table(USERACCOUNT), mappingColumn=enabled, insertable=true, updatable=true, unique=false}
DEBUG PropertyBinder - MetadataSourceProcessor property enabled with lazy=false
DEBUG SimpleValueBinder - building SimpleValue for enabled
DEBUG PropertyBinder - Building property enabled
DEBUG Ejb3Column - Binding column: Ejb3Column{table=org.hibernate.mapping.Table(USERACCOUNT), mappingColumn=password, insertable=true, updatable=true, unique=false}
DEBUG PropertyBinder - MetadataSourceProcessor property password with lazy=false
DEBUG SimpleValueBinder - building SimpleValue for password
DEBUG PropertyBinder - Building property password
DEBUG Ejb3Column - Binding column: Ejb3JoinColumn{logicalColumnName=&apos;null&apos;, referencedColumn=&apos;null&apos;, mappedBy=&apos;userAccount&apos;}
DEBUG Ejb3Column - Binding column: Ejb3Column{table=org.hibernate.mapping.Table(USERACCOUNT), mappingColumn=userRoles, insertable=true, updatable=true, unique=false}
DEBUG Ejb3Column - Binding column: Ejb3Column{table=org.hibernate.mapping.Table(USERACCOUNT), mappingColumn=null, insertable=true, updatable=true, unique=false}
DEBUG Ejb3Column - Binding column: Ejb3Column{table=org.hibernate.mapping.Table(USERACCOUNT), mappingColumn=element, insertable=true, updatable=true, unique=false}
DEBUG Ejb3Column - Binding column: Ejb3Column{table=org.hibernate.mapping.Table(USERACCOUNT), mappingColumn=userRoles_KEY, insertable=true, updatable=true, unique=false}
DEBUG Ejb3Column - Binding column: Ejb3JoinColumn{logicalColumnName=&apos;userRoles_KEY&apos;, referencedColumn=&apos;null&apos;, mappedBy=&apos;null&apos;}
DEBUG Ejb3Column - Binding column: Ejb3JoinColumn{logicalColumnName=&apos;null&apos;, referencedColumn=&apos;null&apos;, mappedBy=&apos;userAccount&apos;}
DEBUG Ejb3Column - Binding column: Ejb3JoinColumn{logicalColumnName=&apos;null&apos;, referencedColumn=&apos;null&apos;, mappedBy=&apos;userAccount&apos;}
DEBUG CollectionBinder - Collection role: com.expeditors.training.course3demo.model.UserAccount.userRoles
DEBUG PropertyBinder - Building property userRoles
DEBUG Ejb3Column - Binding column: Ejb3Column{table=org.hibernate.mapping.Table(USERACCOUNT), mappingColumn=username, insertable=true, updatable=true, unique=false}
DEBUG PropertyBinder - MetadataSourceProcessor property username with lazy=false
DEBUG SimpleValueBinder - building SimpleValue for username
DEBUG PropertyBinder - Building property username
DEBUG AnnotationBinder - Binding entity from annotated class: com.expeditors.training.course3demo.model.UserRole
DEBUG Ejb3Column - Binding column: Ejb3DiscriminatorColumn{logicalColumnName&apos;DTYPE&apos;, discriminatorTypeName=&apos;string&apos;}
DEBUG EntityBinder - Import with entity name UserRole
DEBUG EntityBinder - Bind entity com.expeditors.training.course3demo.model.UserRole on table USERROLE
DEBUG Ejb3Column - Binding column: Ejb3Column{table=org.hibernate.mapping.Table(USERROLE), mappingColumn=ROLE_ID, insertable=true, updatable=true, unique=false}
DEBUG PropertyBinder - MetadataSourceProcessor property id with lazy=false
DEBUG SimpleValueBinder - building SimpleValue for id
DEBUG PropertyBinder - Building property id
DEBUG Ejb3Column - Binding column: Ejb3Column{table=org.hibernate.mapping.Table(USERROLE), mappingColumn=ROLE_NAME, insertable=true, updatable=true, unique=false}
DEBUG PropertyBinder - MetadataSourceProcessor property role with lazy=false
DEBUG SimpleValueBinder - building SimpleValue for role
DEBUG PropertyBinder - Building property role
DEBUG Ejb3Column - Binding column: Ejb3JoinColumn{logicalColumnName=&apos;ROLE_OWNER&apos;, referencedColumn=&apos;&apos;, mappedBy=&apos;&apos;}
DEBUG Ejb3Column - Binding column: Ejb3Column{table=org.hibernate.mapping.Table(USERROLE), mappingColumn=userAccount, insertable=true, updatable=true, unique=false}
DEBUG PropertyBinder - Building property userAccount
DEBUG SimpleValueBinder - Setting SimpleValue typeName for id
DEBUG SimpleValueBinder - Setting SimpleValue typeName for city
DEBUG SimpleValueBinder - Setting SimpleValue typeName for state
DEBUG SimpleValueBinder - Setting SimpleValue typeName for street
DEBUG SimpleValueBinder - Setting SimpleValue typeName for id
DEBUG SimpleValueBinder - Setting SimpleValue typeName for amount
DEBUG SimpleValueBinder - Setting SimpleValue typeName for number
DEBUG SimpleValueBinder - Setting SimpleValue typeName for owner
DEBUG SimpleValueBinder - Setting SimpleValue typeName for id
DEBUG SimpleValueBinder - Setting SimpleValue typeName for capacity
DEBUG SimpleValueBinder - Setting SimpleValue typeName for destination
DEBUG SimpleValueBinder - Setting SimpleValue typeName for location
DEBUG SimpleValueBinder - Setting SimpleValue typeName for name
DEBUG SimpleValueBinder - Setting SimpleValue typeName for status
DEBUG SimpleValueBinder - Setting SimpleValue typeName for id
DEBUG SimpleValueBinder - Setting SimpleValue typeName for number
DEBUG SimpleValueBinder - Setting SimpleValue typeName for id
DEBUG SimpleValueBinder - Setting SimpleValue typeName for description
DEBUG SimpleValueBinder - Setting SimpleValue typeName for name
DEBUG SimpleValueBinder - Setting SimpleValue typeName for price
DEBUG SimpleValueBinder - Setting SimpleValue typeName for id
DEBUG SimpleValueBinder - Setting SimpleValue typeName for destination
DEBUG SimpleValueBinder - Setting SimpleValue typeName for name
DEBUG SimpleValueBinder - Setting SimpleValue typeName for origin
DEBUG SimpleValueBinder - Setting SimpleValue typeName for volume
DEBUG SimpleValueBinder - Setting SimpleValue typeName for id
DEBUG SimpleValueBinder - Setting SimpleValue typeName for enabled
DEBUG SimpleValueBinder - Setting SimpleValue typeName for password
DEBUG SimpleValueBinder - Setting SimpleValue typeName for username
DEBUG SimpleValueBinder - Setting SimpleValue typeName for id
DEBUG SimpleValueBinder - Setting SimpleValue typeName for role
DEBUG Configuration - Processing fk mappings (*ToOne and JoinedSubclass)
DEBUG Configuration - Processing extends queue
DEBUG Configuration - Processing extends queue
DEBUG Configuration - Processing collection mappings
DEBUG CollectionSecondPass - Second pass for collection: com.expeditors.training.course3demo.model.Card.phoneNumbers
DEBUG CollectionBinder - Binding a OneToMany: com.expeditors.training.course3demo.model.Card.phoneNumbers through a foreign key
DEBUG CollectionBinder - Mapping collection: com.expeditors.training.course3demo.model.Card.phoneNumbers -&gt; PHONE_NUMBER
DEBUG TableBinder - Retrieving property com.expeditors.training.course3demo.model.PhoneNumber.card
DEBUG SimpleValueBinder - building SimpleValue for null
DEBUG SimpleValueBinder - Setting SimpleValue typeName for null
DEBUG CollectionSecondPass - Mapped collection key: CARD_ID, index: index, one-to-many: com.expeditors.training.course3demo.model.PhoneNumber
DEBUG CollectionSecondPass - Second pass for collection: com.expeditors.training.course3demo.model.UserAccount.userRoles
DEBUG CollectionBinder - Binding a OneToMany: com.expeditors.training.course3demo.model.UserAccount.userRoles through a foreign key
DEBUG CollectionBinder - Mapping collection: com.expeditors.training.course3demo.model.UserAccount.userRoles -&gt; USERROLE
DEBUG TableBinder - Retrieving property com.expeditors.training.course3demo.model.UserRole.userAccount
DEBUG CollectionSecondPass - Mapped collection key: ROLE_OWNER, one-to-many: com.expeditors.training.course3demo.model.UserRole
DEBUG Configuration - Processing native query and ResultSetMapping mappings
DEBUG Configuration - Processing association property references
DEBUG Configuration - Creating tables&apos; unique integer identifiers
DEBUG Configuration - Processing foreign key constraints
DEBUG Configuration - Resolving reference to class: com.expeditors.training.course3demo.model.Address
DEBUG Configuration - Resolving reference to class: com.expeditors.training.course3demo.model.Card
DEBUG Configuration - Resolving reference to class: com.expeditors.training.course3demo.model.UserAccount
INFO  ConnectionProviderInitiator - HHH000130: Instantiating explicit connection provider: org.hibernate.ejb.connection.InjectedDataSourceConnectionProvider
DEBUG JdbcServicesImpl - Database -&gt;
       name : HSQL Database Engine
    version : 2.2.4
      major : 2
      minor : 2
DEBUG JdbcServicesImpl - Driver -&gt;
       name : HSQL Database Engine Driver
    version : 2.2.4
      major : 2
      minor : 2
DEBUG JdbcServicesImpl - JDBC version : 4.0
INFO  Dialect - HHH000400: Using dialect: org.hibernate.dialect.HSQLDialect
DEBUG SettingsFactory - Automatic flush during beforeCompletion(): disabled
DEBUG SettingsFactory - Automatic session close at end of transaction: disabled
DEBUG SettingsFactory - JDBC batch size: 15
DEBUG SettingsFactory - JDBC batch updates for versioned data: disabled
DEBUG SettingsFactory - Scrollable result sets: enabled
DEBUG SettingsFactory - Wrap result sets: disabled
DEBUG SettingsFactory - JDBC3 getGeneratedKeys(): enabled
DEBUG SettingsFactory - multi-tenancy strategy : NONE
DEBUG SettingsFactory - Connection release mode: auto
INFO  TransactionFactoryInitiator - HHH000268: Transaction strategy: org.hibernate.engine.transaction.internal.jdbc.JdbcTransactionFactory
DEBUG SettingsFactory - Using BatchFetchStyle : LEGACY
DEBUG SettingsFactory - Default batch fetch size: 1
DEBUG SettingsFactory - Generate SQL with comments: disabled
DEBUG SettingsFactory - Order SQL updates by primary key: disabled
DEBUG SettingsFactory - Order SQL inserts for batching: disabled
DEBUG SettingsFactory - Default null ordering: none
DEBUG SettingsFactory - Query translator: org.hibernate.hql.internal.ast.ASTQueryTranslatorFactory
INFO  ASTQueryTranslatorFactory - HHH000397: Using ASTQueryTranslatorFactory
DEBUG SettingsFactory - Query language substitutions: {}
DEBUG SettingsFactory - JPA-QL strict compliance: enabled
DEBUG SettingsFactory - Second-level cache: enabled
DEBUG SettingsFactory - Query cache: disabled
DEBUG SettingsFactory - Cache region factory : org.hibernate.cache.internal.NoCachingRegionFactory
DEBUG SettingsFactory - org.hibernate.cache.internal.NoCachingRegionFactory did not provide constructor accepting java.util.Properties; attempting no-arg constructor.
DEBUG SettingsFactory - Optimize cache for minimal puts: disabled
DEBUG SettingsFactory - Structured second-level cache entries: disabled
DEBUG SettingsFactory - Second-level cache direct-reference entries: disabled
DEBUG SettingsFactory - Statistics: disabled
DEBUG SettingsFactory - Deleted entity synthetic identifier rollback: disabled
DEBUG SettingsFactory - Default entity-mode: pojo
DEBUG SettingsFactory - Named query checking : enabled
DEBUG SettingsFactory - Check Nullability in Core (should be disabled when Bean Validation is on): enabled
DEBUG SettingsFactory - Allow initialization of lazy state outside session : : disabled
DEBUG SettingsFactory - JTA Track by Thread: enabled
DEBUG SessionFactoryImpl - Building session factory
DEBUG SessionFactoryImpl - Session factory constructed with filter configurations : {}
DEBUG SessionFactoryImpl - Instantiating session factory with properties: {java.vendor=Oracle Corporation, localRepository=C:\Users\chq-jamesgl\.m2\repository, hibernate=org.hibernate.dialect.HSQLDialect, sun.java.launcher=SUN_STANDARD, sun.management.compiler=HotSpot 64-Bit Tiered Compilers, hibernate.ejb.discard_pc_on_close=false, hibernate.transaction.flush_before_completion=false, os.name=Windows 7, sun.boot.class.path=C:\Program Files\Java\jdk1.8.0_20\jre\lib\resources.jar;C:\Program Files\Java\jdk1.8.0_20\jre\lib\rt.jar;C:\Program Files\Java\jdk1.8.0_20\jre\lib\sunrsasign.jar;C:\Program Files\Java\jdk1.8.0_20\jre\lib\jsse.jar;C:\Program Files\Java\jdk1.8.0_20\jre\lib\jce.jar;C:\Program Files\Java\jdk1.8.0_20\jre\lib\charsets.jar;C:\Program Files\Java\jdk1.8.0_20\jre\lib\jfr.jar;C:\Program Files\Java\jdk1.8.0_20\jre\classes, sun.desktop=windows, java.vm.specification.vendor=Oracle Corporation, java.runtime.version=1.8.0_20-b26, hibernate.connection.autocommit=true, user.name=chq-jamesgl, javax.persistence.validation.mode=AUTO, hibernate.connection.release_mode=auto, user.language=en, sun.boot.library.path=C:\Program Files\Java\jdk1.8.0_20\jre\bin, java.version=1.8.0_20, user.timezone=America/Los_Angeles, sun.arch.data.model=64, java.endorsed.dirs=C:\Program Files\Java\jdk1.8.0_20\jre\lib\endorsed, sun.cpu.isalist=amd64, sun.jnu.encoding=Cp1252, file.encoding.pkg=sun.io, file.separator=\, java.specification.name=Java Platform API Specification, java.class.version=52.0, user.country=US, java.home=C:\Program Files\Java\jdk1.8.0_20\jre, java.vm.info=mixed mode, os.version=6.1, hibernate.transaction.factory_class=org.hibernate.engine.transaction.internal.jdbc.JdbcTransactionFactory, hibernate.connection.datasource=org.springframework.jdbc.datasource.DriverManagerDataSource@6050462a, surefire.real.class.path=C:\Users\chq-jamesgl\STS_work2\finalprojectgleixner\target\surefire\surefirebooter4129056140270613633.jar, hibernate.query.jpaql_strict_compliance=true, path.separator=;, java.vm.version=25.20-b23, user.variant=, java.awt.printerjob=sun.awt.windows.WPrinterJob, sun.io.unicode.encoding=UnicodeLittle, awt.toolkit=sun.awt.windows.WToolkit, user.script=, user.home=C:\Users\chq-jamesgl, java.specification.vendor=Oracle Corporation, hibernate.hbm2ddl.auto=create-drop, java.library.path=C:\Program Files\Java\jdk1.8.0_20\jre\bin;C:\WINDOWS\Sun\Java\bin;C:\WINDOWS\system32;C:\WINDOWS;C:/Program Files/Java/jdk1.7.0_45/bin/../jre/bin/server;C:/Program Files/Java/jdk1.7.0_45/bin/../jre/bin;C:/Program Files/Java/jdk1.7.0_45/bin/../jre/lib/amd64;C:\Program Files\spring-1.2.1.RELEASE\bin;C:\Maven\apache-maven-3.0.5\bin;C:\Program Files\Java\jdk1.7.0_45\bin;C:\ProgramData\Oracle\Java\javapath;C:\Program Files (x86)\Intel\iCLS Client\;C:\Program Files\Intel\iCLS Client\;C:\WINDOWS\system32;C:\WINDOWS;C:\WINDOWS\System32\Wbem;C:\WINDOWS\System32\WindowsPowerShell\v1.0\;C:\Program Files\Intel\DMIX;C:\WINDOWS\CCM;C:\WINDOWS\CCM;C:\WINDOWS\CCM;C:\WINDOWS\CCM;C:\WINDOWS\CCM;C:\WINDOWS\CCM;C:\WINDOWS\CCM;C:\PROGRA~2\IBM\SQLLIB\BIN;C:\PROGRA~2\IBM\SQLLIB\FUNCTION;C:\PROGRA~2\IBM\SQLLIB\SAMPLES\REPL;C:\Program Files\Intel\Intel(R) Management Engine Components\DAL;C:\Program Files\Intel\Intel(R) Management Engine Components\IPT;C:\Program Files (x86)\Intel\Intel(R) Management Engine Components\DAL;C:\Program Files (x86)\Intel\Intel(R) Management Engine Components\IPT;C:\Program Files\Microsoft\Web Platform Installer\;C:\Program Files\TortoiseSVN\bin;C:\Users\chq-jamesgl\Documents\STS2\sts-bundle\sts-3.6.3.SR1;;., java.vendor.url=http://java.oracle.com/, java.vm.vendor=Oracle Corporation, java.runtime.name=Java(TM) SE Runtime Environment, sun.java.command=C:\Users\chq-jamesgl\STS_work2\finalprojectgleixner\target\surefire\surefirebooter4129056140270613633.jar C:\Users\chq-jamesgl\STS_work2\finalprojectgleixner\target\surefire\surefire3891015182998956309tmp C:\Users\chq-jamesgl\STS_work2\finalprojectgleixner\target\surefire\surefire_0694316389834651853tmp, java.class.path=C:\Users\chq-jamesgl\STS_work2\finalprojectgleixner\target\test-classes;C:\Users\chq-jamesgl\STS_work2\finalprojectgleixner\target\classes;C:\Users\chq-jamesgl\.m2\repository\org\springframework\spring-webmvc\3.2.3.RELEASE\spring-webmvc-3.2.3.RELEASE.jar;C:\Users\chq-jamesgl\.m2\repository\org\springframework\spring-beans\3.2.3.RELEASE\spring-beans-3.2.3.RELEASE.jar;C:\Users\chq-jamesgl\.m2\repository\org\springframework\spring-context\3.2.3.RELEASE\spring-context-3.2.3.RELEASE.jar;C:\Users\chq-jamesgl\.m2\repository\org\springframework\spring-core\3.2.3.RELEASE\spring-core-3.2.3.RELEASE.jar;C:\Users\chq-jamesgl\.m2\repository\commons-logging\commons-logging\1.1.1\commons-logging-1.1.1.jar;C:\Users\chq-jamesgl\.m2\repository\org\springframework\spring-expression\3.2.3.RELEASE\spring-expression-3.2.3.RELEASE.jar;C:\Users\chq-jamesgl\.m2\repository\org\springframework\spring-web\3.2.3.RELEASE\spring-web-3.2.3.RELEASE.jar;C:\Users\chq-jamesgl\.m2\repository\org\springframework\security\spring-security-web\3.2.3.RELEASE\spring-security-web-3.2.3.RELEASE.jar;C:\Users\chq-jamesgl\.m2\repository\aopalliance\aopalliance\1.0\aopalliance-1.0.jar;C:\Users\chq-jamesgl\.m2\repository\org\springframework\security\spring-security-core\3.2.3.RELEASE\spring-security-core-3.2.3.RELEASE.jar;C:\Users\chq-jamesgl\.m2\repository\org\springframework\security\spring-security-config\3.2.3.RELEASE\spring-security-config-3.2.3.RELEASE.jar;C:\Users\chq-jamesgl\.m2\repository\org\springframework\security\spring-security-taglibs\3.2.3.RELEASE\spring-security-taglibs-3.2.3.RELEASE.jar;C:\Users\chq-jamesgl\.m2\repository\org\springframework\security\spring-security-acl\3.2.3.RELEASE\spring-security-acl-3.2.3.RELEASE.jar;C:\Users\chq-jamesgl\.m2\repository\javax\servlet\jstl\1.2\jstl-1.2.jar;C:\Users\chq-jamesgl\.m2\repository\javax\servlet\servlet-api\2.5\servlet-api-2.5.jar;C:\Users\chq-jamesgl\.m2\repository\javax\servlet\jsp\jsp-api\2.2\jsp-api-2.2.jar;C:\Users\chq-jamesgl\.m2\repository\org\springframework\spring-tx\3.2.3.RELEASE\spring-tx-3.2.3.RELEASE.jar;C:\Users\chq-jamesgl\.m2\repository\org\springframework\spring-orm\3.2.3.RELEASE\spring-orm-3.2.3.RELEASE.jar;C:\Users\chq-jamesgl\.m2\repository\org\springframework\spring-jdbc\3.2.3.RELEASE\spring-jdbc-3.2.3.RELEASE.jar;C:\Users\chq-jamesgl\.m2\repository\org\springframework\spring-aop\3.2.3.RELEASE\spring-aop-3.2.3.RELEASE.jar;C:\Users\chq-jamesgl\.m2\repository\org\slf4j\slf4j-api\1.7.5\slf4j-api-1.7.5.jar;C:\Users\chq-jamesgl\.m2\repository\ch\qos\logback\logback-classic\1.0.13\logback-classic-1.0.13.jar;C:\Users\chq-jamesgl\.m2\repository\ch\qos\logback\logback-core\1.0.13\logback-core-1.0.13.jar;C:\Users\chq-jamesgl\.m2\repository\org\hibernate\hibernate-entitymanager\4.2.1.Final\hibernate-entitymanager-4.2.1.Final.jar;C:\Users\chq-jamesgl\.m2\repository\org\jboss\logging\jboss-logging\3.1.0.GA\jboss-logging-3.1.0.GA.jar;C:\Users\chq-jamesgl\.m2\repository\org\hibernate\hibernate-core\4.2.1.Final\hibernate-core-4.2.1.Final.jar;C:\Users\chq-jamesgl\.m2\repository\antlr\antlr\2.7.7\antlr-2.7.7.jar;C:\Users\chq-jamesgl\.m2\repository\dom4j\dom4j\1.6.1\dom4j-1.6.1.jar;C:\Users\chq-jamesgl\.m2\repository\org\jboss\spec\javax\transaction\jboss-transaction-api_1.1_spec\1.0.1.Final\jboss-transaction-api_1.1_spec-1.0.1.Final.jar;C:\Users\chq-jamesgl\.m2\repository\org\hibernate\javax\persistence\hibernate-jpa-2.0-api\1.0.1.Final\hibernate-jpa-2.0-api-1.0.1.Final.jar;C:\Users\chq-jamesgl\.m2\repository\org\javassist\javassist\3.15.0-GA\javassist-3.15.0-GA.jar;C:\Users\chq-jamesgl\.m2\repository\org\hibernate\common\hibernate-commons-annotations\4.0.1.Final\hibernate-commons-annotations-4.0.1.Final.jar;C:\Users\chq-jamesgl\.m2\repository\javax\validation\validation-api\1.1.0.Final\validation-api-1.1.0.Final.jar;C:\Users\chq-jamesgl\.m2\repository\org\hibernate\hibernate-validator\4.2.0.Final\hibernate-validator-4.2.0.Final.jar;C:\Users\chq-jamesgl\.m2\repository\org\hsqldb\hsqldb\2.2.4\hsqldb-2.2.4.jar;C:\Users\chq-jamesgl\.m2\repository\org\dbunit\dbunit\2.5.0\dbunit-2.5.0.jar;C:\Users\chq-jamesgl\.m2\repository\commons-collections\commons-collections\3.2.1\commons-collections-3.2.1.jar;C:\Users\chq-jamesgl\.m2\repository\com\github\springtestdbunit\spring-test-dbunit\1.2.0\spring-test-dbunit-1.2.0.jar;C:\Users\chq-jamesgl\.m2\repository\org\springframework\spring-test\3.2.3.RELEASE\spring-test-3.2.3.RELEASE.jar;C:\Users\chq-jamesgl\.m2\repository\org\hamcrest\hamcrest-all\1.3\hamcrest-all-1.3.jar;C:\Users\chq-jamesgl\.m2\repository\junit\junit\4.11\junit-4.11.jar;C:\Users\chq-jamesgl\.m2\repository\org\hamcrest\hamcrest-core\1.3\hamcrest-core-1.3.jar;C:\Users\chq-jamesgl\.m2\repository\org\mockito\mockito-core\1.9.5\mockito-core-1.9.5.jar;C:\Users\chq-jamesgl\.m2\repository\org\objenesis\objenesis\1.0\objenesis-1.0.jar;C:\Users\chq-jamesgl\.m2\repository\org\apache\derby\derbyclient\10.11.1.1\derbyclient-10.11.1.1.jar;C:\Users\chq-jamesgl\.m2\repository\org\sitemesh\sitemesh\3.0-alpha-2\sitemesh-3.0-alpha-2.jar;, hibernate.bytecode.use_reflection_optimizer=false, java.vm.specification.name=Java Virtual Machine Specification, java.vm.specification.version=1.8, sun.cpu.endian=little, sun.os.patch.level=Service Pack 1, hibernate.connection.provider_class=org.hibernate.ejb.connection.InjectedDataSourceConnectionProvider, surefire.test.class.path=C:\Users\chq-jamesgl\STS_work2\finalprojectgleixner\target\test-classes;C:\Users\chq-jamesgl\STS_work2\finalprojectgleixner\target\classes;C:\Users\chq-jamesgl\.m2\repository\org\springframework\spring-webmvc\3.2.3.RELEASE\spring-webmvc-3.2.3.RELEASE.jar;C:\Users\chq-jamesgl\.m2\repository\org\springframework\spring-beans\3.2.3.RELEASE\spring-beans-3.2.3.RELEASE.jar;C:\Users\chq-jamesgl\.m2\repository\org\springframework\spring-context\3.2.3.RELEASE\spring-context-3.2.3.RELEASE.jar;C:\Users\chq-jamesgl\.m2\repository\org\springframework\spring-core\3.2.3.RELEASE\spring-core-3.2.3.RELEASE.jar;C:\Users\chq-jamesgl\.m2\repository\commons-logging\commons-logging\1.1.1\commons-logging-1.1.1.jar;C:\Users\chq-jamesgl\.m2\repository\org\springframework\spring-expression\3.2.3.RELEASE\spring-expression-3.2.3.RELEASE.jar;C:\Users\chq-jamesgl\.m2\repository\org\springframework\spring-web\3.2.3.RELEASE\spring-web-3.2.3.RELEASE.jar;C:\Users\chq-jamesgl\.m2\repository\org\springframework\security\spring-security-web\3.2.3.RELEASE\spring-security-web-3.2.3.RELEASE.jar;C:\Users\chq-jamesgl\.m2\repository\aopalliance\aopalliance\1.0\aopalliance-1.0.jar;C:\Users\chq-jamesgl\.m2\repository\org\springframework\security\spring-security-core\3.2.3.RELEASE\spring-security-core-3.2.3.RELEASE.jar;C:\Users\chq-jamesgl\.m2\repository\org\springframework\security\spring-security-config\3.2.3.RELEASE\spring-security-config-3.2.3.RELEASE.jar;C:\Users\chq-jamesgl\.m2\repository\org\springframework\security\spring-security-taglibs\3.2.3.RELEASE\spring-security-taglibs-3.2.3.RELEASE.jar;C:\Users\chq-jamesgl\.m2\repository\org\springframework\security\spring-security-acl\3.2.3.RELEASE\spring-security-acl-3.2.3.RELEASE.jar;C:\Users\chq-jamesgl\.m2\repository\javax\servlet\jstl\1.2\jstl-1.2.jar;C:\Users\chq-jamesgl\.m2\repository\javax\servlet\servlet-api\2.5\servlet-api-2.5.jar;C:\Users\chq-jamesgl\.m2\repository\javax\servlet\jsp\jsp-api\2.2\jsp-api-2.2.jar;C:\Users\chq-jamesgl\.m2\repository\org\springframework\spring-tx\3.2.3.RELEASE\spring-tx-3.2.3.RELEASE.jar;C:\Users\chq-jamesgl\.m2\repository\org\springframework\spring-orm\3.2.3.RELEASE\spring-orm-3.2.3.RELEASE.jar;C:\Users\chq-jamesgl\.m2\repository\org\springframework\spring-jdbc\3.2.3.RELEASE\spring-jdbc-3.2.3.RELEASE.jar;C:\Users\chq-jamesgl\.m2\repository\org\springframework\spring-aop\3.2.3.RELEASE\spring-aop-3.2.3.RELEASE.jar;C:\Users\chq-jamesgl\.m2\repository\org\slf4j\slf4j-api\1.7.5\slf4j-api-1.7.5.jar;C:\Users\chq-jamesgl\.m2\repository\ch\qos\logback\logback-classic\1.0.13\logback-classic-1.0.13.jar;C:\Users\chq-jamesgl\.m2\repository\ch\qos\logback\logback-core\1.0.13\logback-core-1.0.13.jar;C:\Users\chq-jamesgl\.m2\repository\org\hibernate\hibernate-entitymanager\4.2.1.Final\hibernate-entitymanager-4.2.1.Final.jar;C:\Users\chq-jamesgl\.m2\repository\org\jboss\logging\jboss-logging\3.1.0.GA\jboss-logging-3.1.0.GA.jar;C:\Users\chq-jamesgl\.m2\repository\org\hibernate\hibernate-core\4.2.1.Final\hibernate-core-4.2.1.Final.jar;C:\Users\chq-jamesgl\.m2\repository\antlr\antlr\2.7.7\antlr-2.7.7.jar;C:\Users\chq-jamesgl\.m2\repository\dom4j\dom4j\1.6.1\dom4j-1.6.1.jar;C:\Users\chq-jamesgl\.m2\repository\org\jboss\spec\javax\transaction\jboss-transaction-api_1.1_spec\1.0.1.Final\jboss-transaction-api_1.1_spec-1.0.1.Final.jar;C:\Users\chq-jamesgl\.m2\repository\org\hibernate\javax\persistence\hibernate-jpa-2.0-api\1.0.1.Final\hibernate-jpa-2.0-api-1.0.1.Final.jar;C:\Users\chq-jamesgl\.m2\repository\org\javassist\javassist\3.15.0-GA\javassist-3.15.0-GA.jar;C:\Users\chq-jamesgl\.m2\repository\org\hibernate\common\hibernate-commons-annotations\4.0.1.Final\hibernate-commons-annotations-4.0.1.Final.jar;C:\Users\chq-jamesgl\.m2\repository\javax\validation\validation-api\1.1.0.Final\validation-api-1.1.0.Final.jar;C:\Users\chq-jamesgl\.m2\repository\org\hibernate\hibernate-validator\4.2.0.Final\hibernate-validator-4.2.0.Final.jar;C:\Users\chq-jamesgl\.m2\repository\org\hsqldb\hsqldb\2.2.4\hsqldb-2.2.4.jar;C:\Users\chq-jamesgl\.m2\repository\org\dbunit\dbunit\2.5.0\dbunit-2.5.0.jar;C:\Users\chq-jamesgl\.m2\repository\commons-collections\commons-collections\3.2.1\commons-collections-3.2.1.jar;C:\Users\chq-jamesgl\.m2\repository\com\github\springtestdbunit\spring-test-dbunit\1.2.0\spring-test-dbunit-1.2.0.jar;C:\Users\chq-jamesgl\.m2\repository\org\springframework\spring-test\3.2.3.RELEASE\spring-test-3.2.3.RELEASE.jar;C:\Users\chq-jamesgl\.m2\repository\org\hamcrest\hamcrest-all\1.3\hamcrest-all-1.3.jar;C:\Users\chq-jamesgl\.m2\repository\junit\junit\4.11\junit-4.11.jar;C:\Users\chq-jamesgl\.m2\repository\org\hamcrest\hamcrest-core\1.3\hamcrest-core-1.3.jar;C:\Users\chq-jamesgl\.m2\repository\org\mockito\mockito-core\1.9.5\mockito-core-1.9.5.jar;C:\Users\chq-jamesgl\.m2\repository\org\objenesis\objenesis\1.0\objenesis-1.0.jar;C:\Users\chq-jamesgl\.m2\repository\org\apache\derby\derbyclient\10.11.1.1\derbyclient-10.11.1.1.jar;C:\Users\chq-jamesgl\.m2\repository\org\sitemesh\sitemesh\3.0-alpha-2\sitemesh-3.0-alpha-2.jar;, java.io.tmpdir=C:\Users\CHQ-JA~1\AppData\Local\Temp\, java.vendor.url.bug=http://bugreport.sun.com/bugreport/, javax.persistence.sharedCache.mode=UNSPECIFIED, os.arch=amd64, java.awt.graphicsenv=sun.awt.Win32GraphicsEnvironment, java.ext.dirs=C:\Program Files\Java\jdk1.8.0_20\jre\lib\ext;C:\WINDOWS\Sun\Java\lib\ext, user.dir=C:\Users\chq-jamesgl\STS_work2\finalprojectgleixner, line.separator=
, java.vm.name=Java HotSpot(TM) 64-Bit Server VM, basedir=C:\Users\chq-jamesgl\STS_work2\finalprojectgleixner, file.encoding=Cp1252, hibernate.use_identifier_rollback=false, java.specification.version=1.8, hibernate.show_sql=true}
DEBUG DefaultTraversableResolver - Found javax.persistence.Persistence on classpath containing &apos;getPersistenceUtil&apos;. Assuming JPA 2 environment. Trying to instantiate JPA aware TraversableResolver
DEBUG DefaultTraversableResolver - Instantiated JPA aware TraversableResolver of type org.hibernate.validator.engine.resolver.JPATraversableResolver.
DEBUG ValidationXmlParser - Trying to load META-INF/validation.xml for XML based Validator configuration.
DEBUG ValidationXmlParser - No META-INF/validation.xml found. Using annotation based configuration only
DEBUG DefaultTraversableResolver - Found javax.persistence.Persistence on classpath containing &apos;getPersistenceUtil&apos;. Assuming JPA 2 environment. Trying to instantiate JPA aware TraversableResolver
DEBUG DefaultTraversableResolver - Instantiated JPA aware TraversableResolver of type org.hibernate.validator.engine.resolver.JPATraversableResolver.
DEBUG ValidationXmlParser - Trying to load META-INF/validation.xml for XML based Validator configuration.
DEBUG ValidationXmlParser - No META-INF/validation.xml found. Using annotation based configuration only
DEBUG ConstraintDescriptorImpl - Adding composing constraint: ConstraintDescriptorImpl{annotation=javax.validation.constraints.NotNull, payloads=[], hasComposingConstraints=true, isReportAsSingleInvalidConstraint=false, elementType=FIELD, definedOn=DEFINED_LOCALLY, groups=[interface javax.validation.groups.Default], attributes={message={javax.validation.constraints.NotNull.message}, groups=[Ljava.lang.Class;@14151bc5, payload=[Ljava.lang.Class;@3013909b}}
DEBUG ConstraintDescriptorImpl - Adding composing constraint: ConstraintDescriptorImpl{annotation=javax.validation.constraints.Size, payloads=[], hasComposingConstraints=true, isReportAsSingleInvalidConstraint=false, elementType=FIELD, definedOn=DEFINED_LOCALLY, groups=[interface javax.validation.groups.Default], attributes={groups=[Ljava.lang.Class;@66596a88, min=1, message={javax.validation.constraints.Size.message}, max=2147483647, payload=[Ljava.lang.Class;@5aae8eb5}}
DEBUG ConstraintDescriptorImpl - Adding composing constraint: ConstraintDescriptorImpl{annotation=javax.validation.constraints.NotNull, payloads=[], hasComposingConstraints=true, isReportAsSingleInvalidConstraint=false, elementType=FIELD, definedOn=DEFINED_LOCALLY, groups=[interface javax.validation.groups.Default], attributes={message={javax.validation.constraints.NotNull.message}, groups=[Ljava.lang.Class;@dffa30b, payload=[Ljava.lang.Class;@4d8126f}}
DEBUG ConstraintDescriptorImpl - Adding composing constraint: ConstraintDescriptorImpl{annotation=javax.validation.constraints.Size, payloads=[], hasComposingConstraints=true, isReportAsSingleInvalidConstraint=false, elementType=FIELD, definedOn=DEFINED_LOCALLY, groups=[interface javax.validation.groups.Default], attributes={groups=[Ljava.lang.Class;@6b587673, min=1, message={javax.validation.constraints.Size.message}, max=2147483647, payload=[Ljava.lang.Class;@1bcf67e8}}
DEBUG ConstraintDescriptorImpl - Adding composing constraint: ConstraintDescriptorImpl{annotation=javax.validation.constraints.NotNull, payloads=[], hasComposingConstraints=true, isReportAsSingleInvalidConstraint=false, elementType=FIELD, definedOn=DEFINED_LOCALLY, groups=[interface javax.validation.groups.Default], attributes={message={javax.validation.constraints.NotNull.message}, groups=[Ljava.lang.Class;@53692008, payload=[Ljava.lang.Class;@7b2a3ff8}}
DEBUG ConstraintDescriptorImpl - Adding composing constraint: ConstraintDescriptorImpl{annotation=javax.validation.constraints.Size, payloads=[], hasComposingConstraints=true, isReportAsSingleInvalidConstraint=false, elementType=FIELD, definedOn=DEFINED_LOCALLY, groups=[interface javax.validation.groups.Default], attributes={groups=[Ljava.lang.Class;@460b6d54, min=1, message={javax.validation.constraints.Size.message}, max=2147483647, payload=[Ljava.lang.Class;@5cf87cfd}}
DEBUG ConstraintDescriptorImpl - Adding composing constraint: ConstraintDescriptorImpl{annotation=javax.validation.constraints.NotNull, payloads=[], hasComposingConstraints=true, isReportAsSingleInvalidConstraint=false, elementType=FIELD, definedOn=DEFINED_LOCALLY, groups=[interface javax.validation.groups.Default], attributes={message={javax.validation.constraints.NotNull.message}, groups=[Ljava.lang.Class;@55b8dbda, payload=[Ljava.lang.Class;@3b569985}}
DEBUG ConstraintDescriptorImpl - Adding composing constraint: ConstraintDescriptorImpl{annotation=javax.validation.constraints.Size, payloads=[], hasComposingConstraints=true, isReportAsSingleInvalidConstraint=false, elementType=FIELD, definedOn=DEFINED_LOCALLY, groups=[interface javax.validation.groups.Default], attributes={groups=[Ljava.lang.Class;@2dbd803f, min=1, message={javax.validation.constraints.Size.message}, max=2147483647, payload=[Ljava.lang.Class;@3e48e859}}
DEBUG ConstraintDescriptorImpl - Adding composing constraint: ConstraintDescriptorImpl{annotation=javax.validation.constraints.NotNull, payloads=[], hasComposingConstraints=true, isReportAsSingleInvalidConstraint=false, elementType=FIELD, definedOn=DEFINED_LOCALLY, groups=[interface javax.validation.groups.Default], attributes={message={javax.validation.constraints.NotNull.message}, groups=[Ljava.lang.Class;@4a55a6e8, payload=[Ljava.lang.Class;@8c46918}}
DEBUG ConstraintDescriptorImpl - Adding composing constraint: ConstraintDescriptorImpl{annotation=javax.validation.constraints.Size, payloads=[], hasComposingConstraints=true, isReportAsSingleInvalidConstraint=false, elementType=FIELD, definedOn=DEFINED_LOCALLY, groups=[interface javax.validation.groups.Default], attributes={groups=[Ljava.lang.Class;@682bd3c4, min=1, message={javax.validation.constraints.Size.message}, max=2147483647, payload=[Ljava.lang.Class;@f2e4acf}}
DEBUG ConstraintDescriptorImpl - Adding composing constraint: ConstraintDescriptorImpl{annotation=javax.validation.constraints.NotNull, payloads=[], hasComposingConstraints=true, isReportAsSingleInvalidConstraint=false, elementType=FIELD, definedOn=DEFINED_LOCALLY, groups=[interface javax.validation.groups.Default], attributes={message={javax.validation.constraints.NotNull.message}, groups=[Ljava.lang.Class;@5eb97ced, payload=[Ljava.lang.Class;@68ba310d}}
DEBUG ConstraintDescriptorImpl - Adding composing constraint: ConstraintDescriptorImpl{annotation=javax.validation.constraints.Size, payloads=[], hasComposingConstraints=true, isReportAsSingleInvalidConstraint=false, elementType=FIELD, definedOn=DEFINED_LOCALLY, groups=[interface javax.validation.groups.Default], attributes={groups=[Ljava.lang.Class;@7aad3f7d, min=1, message={javax.validation.constraints.Size.message}, max=2147483647, payload=[Ljava.lang.Class;@6f667ad1}}
DEBUG ConstraintDescriptorImpl - Adding composing constraint: ConstraintDescriptorImpl{annotation=javax.validation.constraints.NotNull, payloads=[], hasComposingConstraints=true, isReportAsSingleInvalidConstraint=false, elementType=FIELD, definedOn=DEFINED_LOCALLY, groups=[interface javax.validation.groups.Default], attributes={message={javax.validation.constraints.NotNull.message}, groups=[Ljava.lang.Class;@388b401d, payload=[Ljava.lang.Class;@2bcec6a6}}
DEBUG ConstraintDescriptorImpl - Adding composing constraint: ConstraintDescriptorImpl{annotation=javax.validation.constraints.Size, payloads=[], hasComposingConstraints=true, isReportAsSingleInvalidConstraint=false, elementType=FIELD, definedOn=DEFINED_LOCALLY, groups=[interface javax.validation.groups.Default], attributes={groups=[Ljava.lang.Class;@4912d525, min=1, message={javax.validation.constraints.Size.message}, max=2147483647, payload=[Ljava.lang.Class;@2bfbffb2}}
DEBUG DefaultIdentifierGeneratorFactory - Setting dialect [org.hibernate.dialect.HSQLDialect]
DEBUG DefaultIdentifierGeneratorFactory - Setting dialect [org.hibernate.dialect.HSQLDialect]
DEBUG DefaultIdentifierGeneratorFactory - Setting dialect [org.hibernate.dialect.HSQLDialect]
DEBUG DefaultIdentifierGeneratorFactory - Setting dialect [org.hibernate.dialect.HSQLDialect]
DEBUG DefaultIdentifierGeneratorFactory - Setting dialect [org.hibernate.dialect.HSQLDialect]
DEBUG DefaultIdentifierGeneratorFactory - Setting dialect [org.hibernate.dialect.HSQLDialect]
DEBUG DefaultIdentifierGeneratorFactory - Setting dialect [org.hibernate.dialect.HSQLDialect]
DEBUG DefaultIdentifierGeneratorFactory - Setting dialect [org.hibernate.dialect.HSQLDialect]
DEBUG AbstractEntityPersister - Static SQL for entity: com.expeditors.training.course3demo.model.PhoneNumber
DEBUG AbstractEntityPersister -  Version select: select PHONE_NUMBER_ID from PHONE_NUMBER where PHONE_NUMBER_ID =?
DEBUG AbstractEntityPersister -  Snapshot select: select phonenumbe_.PHONE_NUMBER_ID, phonenumbe_.CARD_ID as CARD3_3_, phonenumbe_.PHONE_NUMBER as PHONE2_3_ from PHONE_NUMBER phonenumbe_ where phonenumbe_.PHONE_NUMBER_ID=?
DEBUG AbstractEntityPersister -  Insert 0: insert into PHONE_NUMBER (CARD_ID, PHONE_NUMBER, PHONE_NUMBER_ID) values (?, ?, ?)
DEBUG AbstractEntityPersister -  Update 0: update PHONE_NUMBER set CARD_ID=?, PHONE_NUMBER=? where PHONE_NUMBER_ID=?
DEBUG AbstractEntityPersister -  Delete 0: delete from PHONE_NUMBER where PHONE_NUMBER_ID=?
DEBUG AbstractEntityPersister -  Identity insert: insert into PHONE_NUMBER (PHONE_NUMBER_ID, CARD_ID, PHONE_NUMBER) values (default, ?, ?)
DEBUG AbstractEntityPersister - Static SQL for entity: com.expeditors.training.course3demo.model.Shipment
DEBUG AbstractEntityPersister -  Version select: select SHIPMENT_ID from Shipment where SHIPMENT_ID =?
DEBUG AbstractEntityPersister -  Snapshot select: select shipment_.SHIPMENT_ID, shipment_.destination as destinat2_5_, shipment_.name as name3_5_, shipment_.origin as origin4_5_, shipment_.volume as volume5_5_ from Shipment shipment_ where shipment_.SHIPMENT_ID=?
DEBUG AbstractEntityPersister -  Insert 0: insert into Shipment (destination, name, origin, volume, SHIPMENT_ID) values (?, ?, ?, ?, ?)
DEBUG AbstractEntityPersister -  Update 0: update Shipment set destination=?, name=?, origin=?, volume=? where SHIPMENT_ID=?
DEBUG AbstractEntityPersister -  Delete 0: delete from Shipment where SHIPMENT_ID=?
DEBUG AbstractEntityPersister -  Identity insert: insert into Shipment (SHIPMENT_ID, destination, name, origin, volume) values (default, ?, ?, ?, ?)
DEBUG AbstractEntityPersister - Static SQL for entity: com.expeditors.training.course3demo.model.Card
DEBUG AbstractEntityPersister -  Version select: select CARD_ID from CARD where CARD_ID =?
DEBUG AbstractEntityPersister -  Snapshot select: select card_.CARD_ID, card_.address as address5_1_, card_.amount as amount2_1_, card_.CARD_NUMBER as CARD3_1_, card_.OWNER_NAME as OWNER4_1_ from CARD card_ where card_.CARD_ID=?
DEBUG AbstractEntityPersister -  Insert 0: insert into CARD (address, amount, CARD_NUMBER, OWNER_NAME, CARD_ID) values (?, ?, ?, ?, ?)
DEBUG AbstractEntityPersister -  Update 0: update CARD set address=?, amount=?, CARD_NUMBER=?, OWNER_NAME=? where CARD_ID=?
DEBUG AbstractEntityPersister -  Delete 0: delete from CARD where CARD_ID=?
DEBUG AbstractEntityPersister -  Identity insert: insert into CARD (CARD_ID, address, amount, CARD_NUMBER, OWNER_NAME) values (default, ?, ?, ?, ?)
DEBUG AbstractEntityPersister - Static SQL for entity: com.expeditors.training.course3demo.model.Container
DEBUG AbstractEntityPersister -  Version select: select CONTAINER_ID from Container where CONTAINER_ID =?
DEBUG AbstractEntityPersister -  Snapshot select: select container_.CONTAINER_ID, container_.capacity as capacity2_2_, container_.destination as destinat3_2_, container_.location as location4_2_, container_.name as name5_2_, container_.status as status6_2_ from Container container_ where container_.CONTAINER_ID=?
DEBUG AbstractEntityPersister -  Insert 0: insert into Container (capacity, destination, location, name, status, CONTAINER_ID) values (?, ?, ?, ?, ?, ?)
DEBUG AbstractEntityPersister -  Update 0: update Container set capacity=?, destination=?, location=?, name=?, status=? where CONTAINER_ID=?
DEBUG AbstractEntityPersister -  Delete 0: delete from Container where CONTAINER_ID=?
DEBUG AbstractEntityPersister -  Identity insert: insert into Container (CONTAINER_ID, capacity, destination, location, name, status) values (default, ?, ?, ?, ?, ?)
DEBUG AbstractEntityPersister - Static SQL for entity: com.expeditors.training.course3demo.model.UserRole
DEBUG AbstractEntityPersister -  Version select: select ROLE_ID from USERROLE where ROLE_ID =?
DEBUG AbstractEntityPersister -  Snapshot select: select userrole_.ROLE_ID, userrole_.ROLE_NAME as ROLE2_7_, userrole_.ROLE_OWNER as ROLE3_7_ from USERROLE userrole_ where userrole_.ROLE_ID=?
DEBUG AbstractEntityPersister -  Insert 0: insert into USERROLE (ROLE_NAME, ROLE_OWNER, ROLE_ID) values (?, ?, ?)
DEBUG AbstractEntityPersister -  Update 0: update USERROLE set ROLE_NAME=?, ROLE_OWNER=? where ROLE_ID=?
DEBUG AbstractEntityPersister -  Delete 0: delete from USERROLE where ROLE_ID=?
DEBUG AbstractEntityPersister -  Identity insert: insert into USERROLE (ROLE_ID, ROLE_NAME, ROLE_OWNER) values (default, ?, ?)
DEBUG AbstractEntityPersister - Static SQL for entity: com.expeditors.training.course3demo.model.Address
DEBUG AbstractEntityPersister -  Version select: select ADDRESS_ID from ADDRESS where ADDRESS_ID =?
DEBUG AbstractEntityPersister -  Snapshot select: select address_.ADDRESS_ID, address_.city as city2_0_, address_.state as state3_0_, address_.street as street4_0_ from ADDRESS address_ where address_.ADDRESS_ID=?
DEBUG AbstractEntityPersister -  Insert 0: insert into ADDRESS (city, state, street, ADDRESS_ID) values (?, ?, ?, ?)
DEBUG AbstractEntityPersister -  Update 0: update ADDRESS set city=?, state=?, street=? where ADDRESS_ID=?
DEBUG AbstractEntityPersister -  Delete 0: delete from ADDRESS where ADDRESS_ID=?
DEBUG AbstractEntityPersister -  Identity insert: insert into ADDRESS (ADDRESS_ID, city, state, street) values (default, ?, ?, ?)
DEBUG AbstractEntityPersister - Static SQL for entity: com.expeditors.training.course3demo.model.UserAccount
DEBUG AbstractEntityPersister -  Version select: select USER_ID from USERACCOUNT where USER_ID =?
DEBUG AbstractEntityPersister -  Snapshot select: select useraccoun_.USER_ID, useraccoun_.enabled as enabled2_6_, useraccoun_.password as password3_6_, useraccoun_.username as username4_6_ from USERACCOUNT useraccoun_ where useraccoun_.USER_ID=?
DEBUG AbstractEntityPersister -  Insert 0: insert into USERACCOUNT (enabled, password, username, USER_ID) values (?, ?, ?, ?)
DEBUG AbstractEntityPersister -  Update 0: update USERACCOUNT set enabled=?, password=?, username=? where USER_ID=?
DEBUG AbstractEntityPersister -  Delete 0: delete from USERACCOUNT where USER_ID=?
DEBUG AbstractEntityPersister -  Identity insert: insert into USERACCOUNT (USER_ID, enabled, password, username) values (default, ?, ?, ?)
DEBUG AbstractEntityPersister - Static SQL for entity: com.expeditors.training.course3demo.model.Product
DEBUG AbstractEntityPersister -  Version select: select PRODUCT_ID from PRODUCT where PRODUCT_ID =?
DEBUG AbstractEntityPersister -  Snapshot select: select product_.PRODUCT_ID, product_.description as descript2_4_, product_.name as name3_4_, product_.price as price4_4_ from PRODUCT product_ where product_.PRODUCT_ID=?
DEBUG AbstractEntityPersister -  Insert 0: insert into PRODUCT (description, name, price, PRODUCT_ID) values (?, ?, ?, ?)
DEBUG AbstractEntityPersister -  Update 0: update PRODUCT set description=?, name=?, price=? where PRODUCT_ID=?
DEBUG AbstractEntityPersister -  Delete 0: delete from PRODUCT where PRODUCT_ID=?
DEBUG AbstractEntityPersister -  Identity insert: insert into PRODUCT (PRODUCT_ID, description, name, price) values (default, ?, ?, ?)
DEBUG AbstractCollectionPersister - Static SQL for collection: com.expeditors.training.course3demo.model.Card.phoneNumbers
DEBUG AbstractCollectionPersister -  Row insert: update PHONE_NUMBER set CARD_ID=?, index=? where PHONE_NUMBER_ID=?
DEBUG AbstractCollectionPersister -  Row update: update PHONE_NUMBER set index=? where PHONE_NUMBER_ID=?
DEBUG AbstractCollectionPersister -  Row delete: update PHONE_NUMBER set CARD_ID=null, index=null where CARD_ID=? and PHONE_NUMBER_ID=?
DEBUG AbstractCollectionPersister -  One-shot delete: update PHONE_NUMBER set CARD_ID=null, index=null where CARD_ID=?
DEBUG AbstractCollectionPersister - Static SQL for collection: com.expeditors.training.course3demo.model.UserAccount.userRoles
DEBUG AbstractCollectionPersister -  Row insert: update USERROLE set ROLE_OWNER=? where ROLE_ID=?
DEBUG AbstractCollectionPersister -  Row update: update USERROLE set  where ROLE_ID=?
DEBUG AbstractCollectionPersister -  Row delete: update USERROLE set ROLE_OWNER=null where ROLE_OWNER=? and ROLE_ID=?
DEBUG AbstractCollectionPersister -  One-shot delete: update USERROLE set ROLE_OWNER=null where ROLE_OWNER=?
DEBUG Loader - Static select for entity com.expeditors.training.course3demo.model.PhoneNumber [NONE]: select phonenumbe0_.PHONE_NUMBER_ID as PHONE1_3_0_, phonenumbe0_.CARD_ID as CARD3_3_0_, phonenumbe0_.PHONE_NUMBER as PHONE2_3_0_ from PHONE_NUMBER phonenumbe0_ where phonenumbe0_.PHONE_NUMBER_ID=?
DEBUG Loader - Static select for entity com.expeditors.training.course3demo.model.PhoneNumber [READ]: select phonenumbe0_.PHONE_NUMBER_ID as PHONE1_3_0_, phonenumbe0_.CARD_ID as CARD3_3_0_, phonenumbe0_.PHONE_NUMBER as PHONE2_3_0_ from PHONE_NUMBER phonenumbe0_ where phonenumbe0_.PHONE_NUMBER_ID=?
DEBUG Loader - Static select for entity com.expeditors.training.course3demo.model.PhoneNumber [UPGRADE]: select phonenumbe0_.PHONE_NUMBER_ID as PHONE1_3_0_, phonenumbe0_.CARD_ID as CARD3_3_0_, phonenumbe0_.PHONE_NUMBER as PHONE2_3_0_ from PHONE_NUMBER phonenumbe0_ where phonenumbe0_.PHONE_NUMBER_ID=?
DEBUG Loader - Static select for entity com.expeditors.training.course3demo.model.PhoneNumber [UPGRADE_NOWAIT]: select phonenumbe0_.PHONE_NUMBER_ID as PHONE1_3_0_, phonenumbe0_.CARD_ID as CARD3_3_0_, phonenumbe0_.PHONE_NUMBER as PHONE2_3_0_ from PHONE_NUMBER phonenumbe0_ where phonenumbe0_.PHONE_NUMBER_ID=?
DEBUG Loader - Static select for entity com.expeditors.training.course3demo.model.PhoneNumber [FORCE]: select phonenumbe0_.PHONE_NUMBER_ID as PHONE1_3_0_, phonenumbe0_.CARD_ID as CARD3_3_0_, phonenumbe0_.PHONE_NUMBER as PHONE2_3_0_ from PHONE_NUMBER phonenumbe0_ where phonenumbe0_.PHONE_NUMBER_ID=?
DEBUG Loader - Static select for entity com.expeditors.training.course3demo.model.PhoneNumber [PESSIMISTIC_READ]: select phonenumbe0_.PHONE_NUMBER_ID as PHONE1_3_0_, phonenumbe0_.CARD_ID as CARD3_3_0_, phonenumbe0_.PHONE_NUMBER as PHONE2_3_0_ from PHONE_NUMBER phonenumbe0_ where phonenumbe0_.PHONE_NUMBER_ID=?
DEBUG Loader - Static select for entity com.expeditors.training.course3demo.model.PhoneNumber [PESSIMISTIC_WRITE]: select phonenumbe0_.PHONE_NUMBER_ID as PHONE1_3_0_, phonenumbe0_.CARD_ID as CARD3_3_0_, phonenumbe0_.PHONE_NUMBER as PHONE2_3_0_ from PHONE_NUMBER phonenumbe0_ where phonenumbe0_.PHONE_NUMBER_ID=?
DEBUG Loader - Static select for entity com.expeditors.training.course3demo.model.PhoneNumber [PESSIMISTIC_FORCE_INCREMENT]: select phonenumbe0_.PHONE_NUMBER_ID as PHONE1_3_0_, phonenumbe0_.CARD_ID as CARD3_3_0_, phonenumbe0_.PHONE_NUMBER as PHONE2_3_0_ from PHONE_NUMBER phonenumbe0_ where phonenumbe0_.PHONE_NUMBER_ID=?
DEBUG Loader - Static select for entity com.expeditors.training.course3demo.model.PhoneNumber [OPTIMISTIC]: select phonenumbe0_.PHONE_NUMBER_ID as PHONE1_3_0_, phonenumbe0_.CARD_ID as CARD3_3_0_, phonenumbe0_.PHONE_NUMBER as PHONE2_3_0_ from PHONE_NUMBER phonenumbe0_ where phonenumbe0_.PHONE_NUMBER_ID=?
DEBUG Loader - Static select for entity com.expeditors.training.course3demo.model.PhoneNumber [OPTIMISTIC_FORCE_INCREMENT]: select phonenumbe0_.PHONE_NUMBER_ID as PHONE1_3_0_, phonenumbe0_.CARD_ID as CARD3_3_0_, phonenumbe0_.PHONE_NUMBER as PHONE2_3_0_ from PHONE_NUMBER phonenumbe0_ where phonenumbe0_.PHONE_NUMBER_ID=?
DEBUG Loader - Static select for action ACTION_MERGE on entity com.expeditors.training.course3demo.model.PhoneNumber: select phonenumbe0_.PHONE_NUMBER_ID as PHONE1_3_0_, phonenumbe0_.CARD_ID as CARD3_3_0_, phonenumbe0_.PHONE_NUMBER as PHONE2_3_0_ from PHONE_NUMBER phonenumbe0_ where phonenumbe0_.PHONE_NUMBER_ID=?
DEBUG Loader - Static select for action ACTION_REFRESH on entity com.expeditors.training.course3demo.model.PhoneNumber: select phonenumbe0_.PHONE_NUMBER_ID as PHONE1_3_0_, phonenumbe0_.CARD_ID as CARD3_3_0_, phonenumbe0_.PHONE_NUMBER as PHONE2_3_0_ from PHONE_NUMBER phonenumbe0_ where phonenumbe0_.PHONE_NUMBER_ID=?
DEBUG Loader - Static select for entity com.expeditors.training.course3demo.model.Shipment [NONE]: select shipment0_.SHIPMENT_ID as SHIPMENT1_5_0_, shipment0_.destination as destinat2_5_0_, shipment0_.name as name3_5_0_, shipment0_.origin as origin4_5_0_, shipment0_.volume as volume5_5_0_ from Shipment shipment0_ where shipment0_.SHIPMENT_ID=?
DEBUG Loader - Static select for entity com.expeditors.training.course3demo.model.Shipment [READ]: select shipment0_.SHIPMENT_ID as SHIPMENT1_5_0_, shipment0_.destination as destinat2_5_0_, shipment0_.name as name3_5_0_, shipment0_.origin as origin4_5_0_, shipment0_.volume as volume5_5_0_ from Shipment shipment0_ where shipment0_.SHIPMENT_ID=?
DEBUG Loader - Static select for entity com.expeditors.training.course3demo.model.Shipment [UPGRADE]: select shipment0_.SHIPMENT_ID as SHIPMENT1_5_0_, shipment0_.destination as destinat2_5_0_, shipment0_.name as name3_5_0_, shipment0_.origin as origin4_5_0_, shipment0_.volume as volume5_5_0_ from Shipment shipment0_ where shipment0_.SHIPMENT_ID=?
DEBUG Loader - Static select for entity com.expeditors.training.course3demo.model.Shipment [UPGRADE_NOWAIT]: select shipment0_.SHIPMENT_ID as SHIPMENT1_5_0_, shipment0_.destination as destinat2_5_0_, shipment0_.name as name3_5_0_, shipment0_.origin as origin4_5_0_, shipment0_.volume as volume5_5_0_ from Shipment shipment0_ where shipment0_.SHIPMENT_ID=?
DEBUG Loader - Static select for entity com.expeditors.training.course3demo.model.Shipment [FORCE]: select shipment0_.SHIPMENT_ID as SHIPMENT1_5_0_, shipment0_.destination as destinat2_5_0_, shipment0_.name as name3_5_0_, shipment0_.origin as origin4_5_0_, shipment0_.volume as volume5_5_0_ from Shipment shipment0_ where shipment0_.SHIPMENT_ID=?
DEBUG Loader - Static select for entity com.expeditors.training.course3demo.model.Shipment [PESSIMISTIC_READ]: select shipment0_.SHIPMENT_ID as SHIPMENT1_5_0_, shipment0_.destination as destinat2_5_0_, shipment0_.name as name3_5_0_, shipment0_.origin as origin4_5_0_, shipment0_.volume as volume5_5_0_ from Shipment shipment0_ where shipment0_.SHIPMENT_ID=?
DEBUG Loader - Static select for entity com.expeditors.training.course3demo.model.Shipment [PESSIMISTIC_WRITE]: select shipment0_.SHIPMENT_ID as SHIPMENT1_5_0_, shipment0_.destination as destinat2_5_0_, shipment0_.name as name3_5_0_, shipment0_.origin as origin4_5_0_, shipment0_.volume as volume5_5_0_ from Shipment shipment0_ where shipment0_.SHIPMENT_ID=?
DEBUG Loader - Static select for entity com.expeditors.training.course3demo.model.Shipment [PESSIMISTIC_FORCE_INCREMENT]: select shipment0_.SHIPMENT_ID as SHIPMENT1_5_0_, shipment0_.destination as destinat2_5_0_, shipment0_.name as name3_5_0_, shipment0_.origin as origin4_5_0_, shipment0_.volume as volume5_5_0_ from Shipment shipment0_ where shipment0_.SHIPMENT_ID=?
DEBUG Loader - Static select for entity com.expeditors.training.course3demo.model.Shipment [OPTIMISTIC]: select shipment0_.SHIPMENT_ID as SHIPMENT1_5_0_, shipment0_.destination as destinat2_5_0_, shipment0_.name as name3_5_0_, shipment0_.origin as origin4_5_0_, shipment0_.volume as volume5_5_0_ from Shipment shipment0_ where shipment0_.SHIPMENT_ID=?
DEBUG Loader - Static select for entity com.expeditors.training.course3demo.model.Shipment [OPTIMISTIC_FORCE_INCREMENT]: select shipment0_.SHIPMENT_ID as SHIPMENT1_5_0_, shipment0_.destination as destinat2_5_0_, shipment0_.name as name3_5_0_, shipment0_.origin as origin4_5_0_, shipment0_.volume as volume5_5_0_ from Shipment shipment0_ where shipment0_.SHIPMENT_ID=?
DEBUG Loader - Static select for action ACTION_MERGE on entity com.expeditors.training.course3demo.model.Shipment: select shipment0_.SHIPMENT_ID as SHIPMENT1_5_0_, shipment0_.destination as destinat2_5_0_, shipment0_.name as name3_5_0_, shipment0_.origin as origin4_5_0_, shipment0_.volume as volume5_5_0_ from Shipment shipment0_ where shipment0_.SHIPMENT_ID=?
DEBUG Loader - Static select for action ACTION_REFRESH on entity com.expeditors.training.course3demo.model.Shipment: select shipment0_.SHIPMENT_ID as SHIPMENT1_5_0_, shipment0_.destination as destinat2_5_0_, shipment0_.name as name3_5_0_, shipment0_.origin as origin4_5_0_, shipment0_.volume as volume5_5_0_ from Shipment shipment0_ where shipment0_.SHIPMENT_ID=?
DEBUG Loader - Static select for entity com.expeditors.training.course3demo.model.Card [NONE]: select card0_.CARD_ID as CARD1_1_2_, card0_.address as address5_1_2_, card0_.amount as amount2_1_2_, card0_.CARD_NUMBER as CARD3_1_2_, card0_.OWNER_NAME as OWNER4_1_2_, address1_.ADDRESS_ID as ADDRESS1_0_0_, address1_.city as city2_0_0_, address1_.state as state3_0_0_, address1_.street as street4_0_0_, phonenumbe2_.CARD_ID as CARD3_1_4_, phonenumbe2_.PHONE_NUMBER_ID as PHONE1_3_4_, phonenumbe2_.index as index4_4_, phonenumbe2_.PHONE_NUMBER_ID as PHONE1_3_1_, phonenumbe2_.CARD_ID as CARD3_3_1_, phonenumbe2_.PHONE_NUMBER as PHONE2_3_1_ from CARD card0_ left outer join ADDRESS address1_ on card0_.address=address1_.ADDRESS_ID left outer join PHONE_NUMBER phonenumbe2_ on card0_.CARD_ID=phonenumbe2_.CARD_ID where card0_.CARD_ID=?
DEBUG Loader - Static select for entity com.expeditors.training.course3demo.model.Card [READ]: select card0_.CARD_ID as CARD1_1_2_, card0_.address as address5_1_2_, card0_.amount as amount2_1_2_, card0_.CARD_NUMBER as CARD3_1_2_, card0_.OWNER_NAME as OWNER4_1_2_, address1_.ADDRESS_ID as ADDRESS1_0_0_, address1_.city as city2_0_0_, address1_.state as state3_0_0_, address1_.street as street4_0_0_, phonenumbe2_.CARD_ID as CARD3_1_4_, phonenumbe2_.PHONE_NUMBER_ID as PHONE1_3_4_, phonenumbe2_.index as index4_4_, phonenumbe2_.PHONE_NUMBER_ID as PHONE1_3_1_, phonenumbe2_.CARD_ID as CARD3_3_1_, phonenumbe2_.PHONE_NUMBER as PHONE2_3_1_ from CARD card0_ left outer join ADDRESS address1_ on card0_.address=address1_.ADDRESS_ID left outer join PHONE_NUMBER phonenumbe2_ on card0_.CARD_ID=phonenumbe2_.CARD_ID where card0_.CARD_ID=?
DEBUG Loader - Static select for entity com.expeditors.training.course3demo.model.Card [UPGRADE]: select card0_.CARD_ID as CARD1_1_0_, card0_.address as address5_1_0_, card0_.amount as amount2_1_0_, card0_.CARD_NUMBER as CARD3_1_0_, card0_.OWNER_NAME as OWNER4_1_0_ from CARD card0_ where card0_.CARD_ID=?
DEBUG Loader - Static select for entity com.expeditors.training.course3demo.model.Card [UPGRADE_NOWAIT]: select card0_.CARD_ID as CARD1_1_0_, card0_.address as address5_1_0_, card0_.amount as amount2_1_0_, card0_.CARD_NUMBER as CARD3_1_0_, card0_.OWNER_NAME as OWNER4_1_0_ from CARD card0_ where card0_.CARD_ID=?
DEBUG Loader - Static select for entity com.expeditors.training.course3demo.model.Card [FORCE]: select card0_.CARD_ID as CARD1_1_0_, card0_.address as address5_1_0_, card0_.amount as amount2_1_0_, card0_.CARD_NUMBER as CARD3_1_0_, card0_.OWNER_NAME as OWNER4_1_0_ from CARD card0_ where card0_.CARD_ID=?
DEBUG Loader - Static select for entity com.expeditors.training.course3demo.model.Card [PESSIMISTIC_READ]: select card0_.CARD_ID as CARD1_1_0_, card0_.address as address5_1_0_, card0_.amount as amount2_1_0_, card0_.CARD_NUMBER as CARD3_1_0_, card0_.OWNER_NAME as OWNER4_1_0_ from CARD card0_ where card0_.CARD_ID=?
DEBUG Loader - Static select for entity com.expeditors.training.course3demo.model.Card [PESSIMISTIC_WRITE]: select card0_.CARD_ID as CARD1_1_0_, card0_.address as address5_1_0_, card0_.amount as amount2_1_0_, card0_.CARD_NUMBER as CARD3_1_0_, card0_.OWNER_NAME as OWNER4_1_0_ from CARD card0_ where card0_.CARD_ID=?
DEBUG Loader - Static select for entity com.expeditors.training.course3demo.model.Card [PESSIMISTIC_FORCE_INCREMENT]: select card0_.CARD_ID as CARD1_1_0_, card0_.address as address5_1_0_, card0_.amount as amount2_1_0_, card0_.CARD_NUMBER as CARD3_1_0_, card0_.OWNER_NAME as OWNER4_1_0_ from CARD card0_ where card0_.CARD_ID=?
DEBUG Loader - Static select for entity com.expeditors.training.course3demo.model.Card [OPTIMISTIC]: select card0_.CARD_ID as CARD1_1_0_, card0_.address as address5_1_0_, card0_.amount as amount2_1_0_, card0_.CARD_NUMBER as CARD3_1_0_, card0_.OWNER_NAME as OWNER4_1_0_ from CARD card0_ where card0_.CARD_ID=?
DEBUG Loader - Static select for entity com.expeditors.training.course3demo.model.Card [OPTIMISTIC_FORCE_INCREMENT]: select card0_.CARD_ID as CARD1_1_0_, card0_.address as address5_1_0_, card0_.amount as amount2_1_0_, card0_.CARD_NUMBER as CARD3_1_0_, card0_.OWNER_NAME as OWNER4_1_0_ from CARD card0_ where card0_.CARD_ID=?
DEBUG Loader - Static select for action ACTION_MERGE on entity com.expeditors.training.course3demo.model.Card: select card0_.CARD_ID as CARD1_1_2_, card0_.address as address5_1_2_, card0_.amount as amount2_1_2_, card0_.CARD_NUMBER as CARD3_1_2_, card0_.OWNER_NAME as OWNER4_1_2_, address1_.ADDRESS_ID as ADDRESS1_0_0_, address1_.city as city2_0_0_, address1_.state as state3_0_0_, address1_.street as street4_0_0_, phonenumbe2_.CARD_ID as CARD3_1_4_, phonenumbe2_.PHONE_NUMBER_ID as PHONE1_3_4_, phonenumbe2_.index as index4_4_, phonenumbe2_.PHONE_NUMBER_ID as PHONE1_3_1_, phonenumbe2_.CARD_ID as CARD3_3_1_, phonenumbe2_.PHONE_NUMBER as PHONE2_3_1_ from CARD card0_ left outer join ADDRESS address1_ on card0_.address=address1_.ADDRESS_ID left outer join PHONE_NUMBER phonenumbe2_ on card0_.CARD_ID=phonenumbe2_.CARD_ID where card0_.CARD_ID=?
DEBUG Loader - Static select for action ACTION_REFRESH on entity com.expeditors.training.course3demo.model.Card: select card0_.CARD_ID as CARD1_1_2_, card0_.address as address5_1_2_, card0_.amount as amount2_1_2_, card0_.CARD_NUMBER as CARD3_1_2_, card0_.OWNER_NAME as OWNER4_1_2_, address1_.ADDRESS_ID as ADDRESS1_0_0_, address1_.city as city2_0_0_, address1_.state as state3_0_0_, address1_.street as street4_0_0_, phonenumbe2_.CARD_ID as CARD3_1_4_, phonenumbe2_.PHONE_NUMBER_ID as PHONE1_3_4_, phonenumbe2_.index as index4_4_, phonenumbe2_.PHONE_NUMBER_ID as PHONE1_3_1_, phonenumbe2_.CARD_ID as CARD3_3_1_, phonenumbe2_.PHONE_NUMBER as PHONE2_3_1_ from CARD card0_ left outer join ADDRESS address1_ on card0_.address=address1_.ADDRESS_ID left outer join PHONE_NUMBER phonenumbe2_ on card0_.CARD_ID=phonenumbe2_.CARD_ID where card0_.CARD_ID=?
DEBUG Loader - Static select for entity com.expeditors.training.course3demo.model.Container [NONE]: select container0_.CONTAINER_ID as CONTAINE1_2_0_, container0_.capacity as capacity2_2_0_, container0_.destination as destinat3_2_0_, container0_.location as location4_2_0_, container0_.name as name5_2_0_, container0_.status as status6_2_0_ from Container container0_ where container0_.CONTAINER_ID=?
DEBUG Loader - Static select for entity com.expeditors.training.course3demo.model.Container [READ]: select container0_.CONTAINER_ID as CONTAINE1_2_0_, container0_.capacity as capacity2_2_0_, container0_.destination as destinat3_2_0_, container0_.location as location4_2_0_, container0_.name as name5_2_0_, container0_.status as status6_2_0_ from Container container0_ where container0_.CONTAINER_ID=?
DEBUG Loader - Static select for entity com.expeditors.training.course3demo.model.Container [UPGRADE]: select container0_.CONTAINER_ID as CONTAINE1_2_0_, container0_.capacity as capacity2_2_0_, container0_.destination as destinat3_2_0_, container0_.location as location4_2_0_, container0_.name as name5_2_0_, container0_.status as status6_2_0_ from Container container0_ where container0_.CONTAINER_ID=?
DEBUG Loader - Static select for entity com.expeditors.training.course3demo.model.Container [UPGRADE_NOWAIT]: select container0_.CONTAINER_ID as CONTAINE1_2_0_, container0_.capacity as capacity2_2_0_, container0_.destination as destinat3_2_0_, container0_.location as location4_2_0_, container0_.name as name5_2_0_, container0_.status as status6_2_0_ from Container container0_ where container0_.CONTAINER_ID=?
DEBUG Loader - Static select for entity com.expeditors.training.course3demo.model.Container [FORCE]: select container0_.CONTAINER_ID as CONTAINE1_2_0_, container0_.capacity as capacity2_2_0_, container0_.destination as destinat3_2_0_, container0_.location as location4_2_0_, container0_.name as name5_2_0_, container0_.status as status6_2_0_ from Container container0_ where container0_.CONTAINER_ID=?
DEBUG Loader - Static select for entity com.expeditors.training.course3demo.model.Container [PESSIMISTIC_READ]: select container0_.CONTAINER_ID as CONTAINE1_2_0_, container0_.capacity as capacity2_2_0_, container0_.destination as destinat3_2_0_, container0_.location as location4_2_0_, container0_.name as name5_2_0_, container0_.status as status6_2_0_ from Container container0_ where container0_.CONTAINER_ID=?
DEBUG Loader - Static select for entity com.expeditors.training.course3demo.model.Container [PESSIMISTIC_WRITE]: select container0_.CONTAINER_ID as CONTAINE1_2_0_, container0_.capacity as capacity2_2_0_, container0_.destination as destinat3_2_0_, container0_.location as location4_2_0_, container0_.name as name5_2_0_, container0_.status as status6_2_0_ from Container container0_ where container0_.CONTAINER_ID=?
DEBUG Loader - Static select for entity com.expeditors.training.course3demo.model.Container [PESSIMISTIC_FORCE_INCREMENT]: select container0_.CONTAINER_ID as CONTAINE1_2_0_, container0_.capacity as capacity2_2_0_, container0_.destination as destinat3_2_0_, container0_.location as location4_2_0_, container0_.name as name5_2_0_, container0_.status as status6_2_0_ from Container container0_ where container0_.CONTAINER_ID=?
DEBUG Loader - Static select for entity com.expeditors.training.course3demo.model.Container [OPTIMISTIC]: select container0_.CONTAINER_ID as CONTAINE1_2_0_, container0_.capacity as capacity2_2_0_, container0_.destination as destinat3_2_0_, container0_.location as location4_2_0_, container0_.name as name5_2_0_, container0_.status as status6_2_0_ from Container container0_ where container0_.CONTAINER_ID=?
DEBUG Loader - Static select for entity com.expeditors.training.course3demo.model.Container [OPTIMISTIC_FORCE_INCREMENT]: select container0_.CONTAINER_ID as CONTAINE1_2_0_, container0_.capacity as capacity2_2_0_, container0_.destination as destinat3_2_0_, container0_.location as location4_2_0_, container0_.name as name5_2_0_, container0_.status as status6_2_0_ from Container container0_ where container0_.CONTAINER_ID=?
DEBUG Loader - Static select for action ACTION_MERGE on entity com.expeditors.training.course3demo.model.Container: select container0_.CONTAINER_ID as CONTAINE1_2_0_, container0_.capacity as capacity2_2_0_, container0_.destination as destinat3_2_0_, container0_.location as location4_2_0_, container0_.name as name5_2_0_, container0_.status as status6_2_0_ from Container container0_ where container0_.CONTAINER_ID=?
DEBUG Loader - Static select for action ACTION_REFRESH on entity com.expeditors.training.course3demo.model.Container: select container0_.CONTAINER_ID as CONTAINE1_2_0_, container0_.capacity as capacity2_2_0_, container0_.destination as destinat3_2_0_, container0_.location as location4_2_0_, container0_.name as name5_2_0_, container0_.status as status6_2_0_ from Container container0_ where container0_.CONTAINER_ID=?
DEBUG Loader - Static select for entity com.expeditors.training.course3demo.model.UserRole [NONE]: select userrole0_.ROLE_ID as ROLE1_7_0_, userrole0_.ROLE_NAME as ROLE2_7_0_, userrole0_.ROLE_OWNER as ROLE3_7_0_ from USERROLE userrole0_ where userrole0_.ROLE_ID=?
DEBUG Loader - Static select for entity com.expeditors.training.course3demo.model.UserRole [READ]: select userrole0_.ROLE_ID as ROLE1_7_0_, userrole0_.ROLE_NAME as ROLE2_7_0_, userrole0_.ROLE_OWNER as ROLE3_7_0_ from USERROLE userrole0_ where userrole0_.ROLE_ID=?
DEBUG Loader - Static select for entity com.expeditors.training.course3demo.model.UserRole [UPGRADE]: select userrole0_.ROLE_ID as ROLE1_7_0_, userrole0_.ROLE_NAME as ROLE2_7_0_, userrole0_.ROLE_OWNER as ROLE3_7_0_ from USERROLE userrole0_ where userrole0_.ROLE_ID=?
DEBUG Loader - Static select for entity com.expeditors.training.course3demo.model.UserRole [UPGRADE_NOWAIT]: select userrole0_.ROLE_ID as ROLE1_7_0_, userrole0_.ROLE_NAME as ROLE2_7_0_, userrole0_.ROLE_OWNER as ROLE3_7_0_ from USERROLE userrole0_ where userrole0_.ROLE_ID=?
DEBUG Loader - Static select for entity com.expeditors.training.course3demo.model.UserRole [FORCE]: select userrole0_.ROLE_ID as ROLE1_7_0_, userrole0_.ROLE_NAME as ROLE2_7_0_, userrole0_.ROLE_OWNER as ROLE3_7_0_ from USERROLE userrole0_ where userrole0_.ROLE_ID=?
DEBUG Loader - Static select for entity com.expeditors.training.course3demo.model.UserRole [PESSIMISTIC_READ]: select userrole0_.ROLE_ID as ROLE1_7_0_, userrole0_.ROLE_NAME as ROLE2_7_0_, userrole0_.ROLE_OWNER as ROLE3_7_0_ from USERROLE userrole0_ where userrole0_.ROLE_ID=?
DEBUG Loader - Static select for entity com.expeditors.training.course3demo.model.UserRole [PESSIMISTIC_WRITE]: select userrole0_.ROLE_ID as ROLE1_7_0_, userrole0_.ROLE_NAME as ROLE2_7_0_, userrole0_.ROLE_OWNER as ROLE3_7_0_ from USERROLE userrole0_ where userrole0_.ROLE_ID=?
DEBUG Loader - Static select for entity com.expeditors.training.course3demo.model.UserRole [PESSIMISTIC_FORCE_INCREMENT]: select userrole0_.ROLE_ID as ROLE1_7_0_, userrole0_.ROLE_NAME as ROLE2_7_0_, userrole0_.ROLE_OWNER as ROLE3_7_0_ from USERROLE userrole0_ where userrole0_.ROLE_ID=?
DEBUG Loader - Static select for entity com.expeditors.training.course3demo.model.UserRole [OPTIMISTIC]: select userrole0_.ROLE_ID as ROLE1_7_0_, userrole0_.ROLE_NAME as ROLE2_7_0_, userrole0_.ROLE_OWNER as ROLE3_7_0_ from USERROLE userrole0_ where userrole0_.ROLE_ID=?
DEBUG Loader - Static select for entity com.expeditors.training.course3demo.model.UserRole [OPTIMISTIC_FORCE_INCREMENT]: select userrole0_.ROLE_ID as ROLE1_7_0_, userrole0_.ROLE_NAME as ROLE2_7_0_, userrole0_.ROLE_OWNER as ROLE3_7_0_ from USERROLE userrole0_ where userrole0_.ROLE_ID=?
DEBUG Loader - Static select for action ACTION_MERGE on entity com.expeditors.training.course3demo.model.UserRole: select userrole0_.ROLE_ID as ROLE1_7_0_, userrole0_.ROLE_NAME as ROLE2_7_0_, userrole0_.ROLE_OWNER as ROLE3_7_0_ from USERROLE userrole0_ where userrole0_.ROLE_ID=?
DEBUG Loader - Static select for action ACTION_REFRESH on entity com.expeditors.training.course3demo.model.UserRole: select userrole0_.ROLE_ID as ROLE1_7_0_, userrole0_.ROLE_NAME as ROLE2_7_0_, userrole0_.ROLE_OWNER as ROLE3_7_0_ from USERROLE userrole0_ where userrole0_.ROLE_ID=?
DEBUG Loader - Static select for entity com.expeditors.training.course3demo.model.Address [NONE]: select address0_.ADDRESS_ID as ADDRESS1_0_0_, address0_.city as city2_0_0_, address0_.state as state3_0_0_, address0_.street as street4_0_0_ from ADDRESS address0_ where address0_.ADDRESS_ID=?
DEBUG Loader - Static select for entity com.expeditors.training.course3demo.model.Address [READ]: select address0_.ADDRESS_ID as ADDRESS1_0_0_, address0_.city as city2_0_0_, address0_.state as state3_0_0_, address0_.street as street4_0_0_ from ADDRESS address0_ where address0_.ADDRESS_ID=?
DEBUG Loader - Static select for entity com.expeditors.training.course3demo.model.Address [UPGRADE]: select address0_.ADDRESS_ID as ADDRESS1_0_0_, address0_.city as city2_0_0_, address0_.state as state3_0_0_, address0_.street as street4_0_0_ from ADDRESS address0_ where address0_.ADDRESS_ID=?
DEBUG Loader - Static select for entity com.expeditors.training.course3demo.model.Address [UPGRADE_NOWAIT]: select address0_.ADDRESS_ID as ADDRESS1_0_0_, address0_.city as city2_0_0_, address0_.state as state3_0_0_, address0_.street as street4_0_0_ from ADDRESS address0_ where address0_.ADDRESS_ID=?
DEBUG Loader - Static select for entity com.expeditors.training.course3demo.model.Address [FORCE]: select address0_.ADDRESS_ID as ADDRESS1_0_0_, address0_.city as city2_0_0_, address0_.state as state3_0_0_, address0_.street as street4_0_0_ from ADDRESS address0_ where address0_.ADDRESS_ID=?
DEBUG Loader - Static select for entity com.expeditors.training.course3demo.model.Address [PESSIMISTIC_READ]: select address0_.ADDRESS_ID as ADDRESS1_0_0_, address0_.city as city2_0_0_, address0_.state as state3_0_0_, address0_.street as street4_0_0_ from ADDRESS address0_ where address0_.ADDRESS_ID=?
DEBUG Loader - Static select for entity com.expeditors.training.course3demo.model.Address [PESSIMISTIC_WRITE]: select address0_.ADDRESS_ID as ADDRESS1_0_0_, address0_.city as city2_0_0_, address0_.state as state3_0_0_, address0_.street as street4_0_0_ from ADDRESS address0_ where address0_.ADDRESS_ID=?
DEBUG Loader - Static select for entity com.expeditors.training.course3demo.model.Address [PESSIMISTIC_FORCE_INCREMENT]: select address0_.ADDRESS_ID as ADDRESS1_0_0_, address0_.city as city2_0_0_, address0_.state as state3_0_0_, address0_.street as street4_0_0_ from ADDRESS address0_ where address0_.ADDRESS_ID=?
DEBUG Loader - Static select for entity com.expeditors.training.course3demo.model.Address [OPTIMISTIC]: select address0_.ADDRESS_ID as ADDRESS1_0_0_, address0_.city as city2_0_0_, address0_.state as state3_0_0_, address0_.street as street4_0_0_ from ADDRESS address0_ where address0_.ADDRESS_ID=?
DEBUG Loader - Static select for entity com.expeditors.training.course3demo.model.Address [OPTIMISTIC_FORCE_INCREMENT]: select address0_.ADDRESS_ID as ADDRESS1_0_0_, address0_.city as city2_0_0_, address0_.state as state3_0_0_, address0_.street as street4_0_0_ from ADDRESS address0_ where address0_.ADDRESS_ID=?
DEBUG Loader - Static select for action ACTION_MERGE on entity com.expeditors.training.course3demo.model.Address: select address0_.ADDRESS_ID as ADDRESS1_0_0_, address0_.city as city2_0_0_, address0_.state as state3_0_0_, address0_.street as street4_0_0_ from ADDRESS address0_ where address0_.ADDRESS_ID=?
DEBUG Loader - Static select for action ACTION_REFRESH on entity com.expeditors.training.course3demo.model.Address: select address0_.ADDRESS_ID as ADDRESS1_0_0_, address0_.city as city2_0_0_, address0_.state as state3_0_0_, address0_.street as street4_0_0_ from ADDRESS address0_ where address0_.ADDRESS_ID=?
DEBUG Loader - Static select for entity com.expeditors.training.course3demo.model.UserAccount [NONE]: select useraccoun0_.USER_ID as USER1_6_1_, useraccoun0_.enabled as enabled2_6_1_, useraccoun0_.password as password3_6_1_, useraccoun0_.username as username4_6_1_, userroles1_.ROLE_OWNER as ROLE3_6_3_, userroles1_.ROLE_ID as ROLE1_7_3_, userroles1_.ROLE_ID as ROLE1_7_0_, userroles1_.ROLE_NAME as ROLE2_7_0_, userroles1_.ROLE_OWNER as ROLE3_7_0_ from USERACCOUNT useraccoun0_ left outer join USERROLE userroles1_ on useraccoun0_.USER_ID=userroles1_.ROLE_OWNER where useraccoun0_.USER_ID=?
DEBUG Loader - Static select for entity com.expeditors.training.course3demo.model.UserAccount [READ]: select useraccoun0_.USER_ID as USER1_6_1_, useraccoun0_.enabled as enabled2_6_1_, useraccoun0_.password as password3_6_1_, useraccoun0_.username as username4_6_1_, userroles1_.ROLE_OWNER as ROLE3_6_3_, userroles1_.ROLE_ID as ROLE1_7_3_, userroles1_.ROLE_ID as ROLE1_7_0_, userroles1_.ROLE_NAME as ROLE2_7_0_, userroles1_.ROLE_OWNER as ROLE3_7_0_ from USERACCOUNT useraccoun0_ left outer join USERROLE userroles1_ on useraccoun0_.USER_ID=userroles1_.ROLE_OWNER where useraccoun0_.USER_ID=?
DEBUG Loader - Static select for entity com.expeditors.training.course3demo.model.UserAccount [UPGRADE]: select useraccoun0_.USER_ID as USER1_6_0_, useraccoun0_.enabled as enabled2_6_0_, useraccoun0_.password as password3_6_0_, useraccoun0_.username as username4_6_0_ from USERACCOUNT useraccoun0_ where useraccoun0_.USER_ID=?
DEBUG Loader - Static select for entity com.expeditors.training.course3demo.model.UserAccount [UPGRADE_NOWAIT]: select useraccoun0_.USER_ID as USER1_6_0_, useraccoun0_.enabled as enabled2_6_0_, useraccoun0_.password as password3_6_0_, useraccoun0_.username as username4_6_0_ from USERACCOUNT useraccoun0_ where useraccoun0_.USER_ID=?
DEBUG Loader - Static select for entity com.expeditors.training.course3demo.model.UserAccount [FORCE]: select useraccoun0_.USER_ID as USER1_6_0_, useraccoun0_.enabled as enabled2_6_0_, useraccoun0_.password as password3_6_0_, useraccoun0_.username as username4_6_0_ from USERACCOUNT useraccoun0_ where useraccoun0_.USER_ID=?
DEBUG Loader - Static select for entity com.expeditors.training.course3demo.model.UserAccount [PESSIMISTIC_READ]: select useraccoun0_.USER_ID as USER1_6_0_, useraccoun0_.enabled as enabled2_6_0_, useraccoun0_.password as password3_6_0_, useraccoun0_.username as username4_6_0_ from USERACCOUNT useraccoun0_ where useraccoun0_.USER_ID=?
DEBUG Loader - Static select for entity com.expeditors.training.course3demo.model.UserAccount [PESSIMISTIC_WRITE]: select useraccoun0_.USER_ID as USER1_6_0_, useraccoun0_.enabled as enabled2_6_0_, useraccoun0_.password as password3_6_0_, useraccoun0_.username as username4_6_0_ from USERACCOUNT useraccoun0_ where useraccoun0_.USER_ID=?
DEBUG Loader - Static select for entity com.expeditors.training.course3demo.model.UserAccount [PESSIMISTIC_FORCE_INCREMENT]: select useraccoun0_.USER_ID as USER1_6_0_, useraccoun0_.enabled as enabled2_6_0_, useraccoun0_.password as password3_6_0_, useraccoun0_.username as username4_6_0_ from USERACCOUNT useraccoun0_ where useraccoun0_.USER_ID=?
DEBUG Loader - Static select for entity com.expeditors.training.course3demo.model.UserAccount [OPTIMISTIC]: select useraccoun0_.USER_ID as USER1_6_0_, useraccoun0_.enabled as enabled2_6_0_, useraccoun0_.password as password3_6_0_, useraccoun0_.username as username4_6_0_ from USERACCOUNT useraccoun0_ where useraccoun0_.USER_ID=?
DEBUG Loader - Static select for entity com.expeditors.training.course3demo.model.UserAccount [OPTIMISTIC_FORCE_INCREMENT]: select useraccoun0_.USER_ID as USER1_6_0_, useraccoun0_.enabled as enabled2_6_0_, useraccoun0_.password as password3_6_0_, useraccoun0_.username as username4_6_0_ from USERACCOUNT useraccoun0_ where useraccoun0_.USER_ID=?
DEBUG Loader - Static select for action ACTION_MERGE on entity com.expeditors.training.course3demo.model.UserAccount: select useraccoun0_.USER_ID as USER1_6_1_, useraccoun0_.enabled as enabled2_6_1_, useraccoun0_.password as password3_6_1_, useraccoun0_.username as username4_6_1_, userroles1_.ROLE_OWNER as ROLE3_6_3_, userroles1_.ROLE_ID as ROLE1_7_3_, userroles1_.ROLE_ID as ROLE1_7_0_, userroles1_.ROLE_NAME as ROLE2_7_0_, userroles1_.ROLE_OWNER as ROLE3_7_0_ from USERACCOUNT useraccoun0_ left outer join USERROLE userroles1_ on useraccoun0_.USER_ID=userroles1_.ROLE_OWNER where useraccoun0_.USER_ID=?
DEBUG Loader - Static select for action ACTION_REFRESH on entity com.expeditors.training.course3demo.model.UserAccount: select useraccoun0_.USER_ID as USER1_6_1_, useraccoun0_.enabled as enabled2_6_1_, useraccoun0_.password as password3_6_1_, useraccoun0_.username as username4_6_1_, userroles1_.ROLE_OWNER as ROLE3_6_3_, userroles1_.ROLE_ID as ROLE1_7_3_, userroles1_.ROLE_ID as ROLE1_7_0_, userroles1_.ROLE_NAME as ROLE2_7_0_, userroles1_.ROLE_OWNER as ROLE3_7_0_ from USERACCOUNT useraccoun0_ left outer join USERROLE userroles1_ on useraccoun0_.USER_ID=userroles1_.ROLE_OWNER where useraccoun0_.USER_ID=?
DEBUG Loader - Static select for entity com.expeditors.training.course3demo.model.Product [NONE]: select product0_.PRODUCT_ID as PRODUCT1_4_0_, product0_.description as descript2_4_0_, product0_.name as name3_4_0_, product0_.price as price4_4_0_ from PRODUCT product0_ where product0_.PRODUCT_ID=?
DEBUG Loader - Static select for entity com.expeditors.training.course3demo.model.Product [READ]: select product0_.PRODUCT_ID as PRODUCT1_4_0_, product0_.description as descript2_4_0_, product0_.name as name3_4_0_, product0_.price as price4_4_0_ from PRODUCT product0_ where product0_.PRODUCT_ID=?
DEBUG Loader - Static select for entity com.expeditors.training.course3demo.model.Product [UPGRADE]: select product0_.PRODUCT_ID as PRODUCT1_4_0_, product0_.description as descript2_4_0_, product0_.name as name3_4_0_, product0_.price as price4_4_0_ from PRODUCT product0_ where product0_.PRODUCT_ID=?
DEBUG Loader - Static select for entity com.expeditors.training.course3demo.model.Product [UPGRADE_NOWAIT]: select product0_.PRODUCT_ID as PRODUCT1_4_0_, product0_.description as descript2_4_0_, product0_.name as name3_4_0_, product0_.price as price4_4_0_ from PRODUCT product0_ where product0_.PRODUCT_ID=?
DEBUG Loader - Static select for entity com.expeditors.training.course3demo.model.Product [FORCE]: select product0_.PRODUCT_ID as PRODUCT1_4_0_, product0_.description as descript2_4_0_, product0_.name as name3_4_0_, product0_.price as price4_4_0_ from PRODUCT product0_ where product0_.PRODUCT_ID=?
DEBUG Loader - Static select for entity com.expeditors.training.course3demo.model.Product [PESSIMISTIC_READ]: select product0_.PRODUCT_ID as PRODUCT1_4_0_, product0_.description as descript2_4_0_, product0_.name as name3_4_0_, product0_.price as price4_4_0_ from PRODUCT product0_ where product0_.PRODUCT_ID=?
DEBUG Loader - Static select for entity com.expeditors.training.course3demo.model.Product [PESSIMISTIC_WRITE]: select product0_.PRODUCT_ID as PRODUCT1_4_0_, product0_.description as descript2_4_0_, product0_.name as name3_4_0_, product0_.price as price4_4_0_ from PRODUCT product0_ where product0_.PRODUCT_ID=?
DEBUG Loader - Static select for entity com.expeditors.training.course3demo.model.Product [PESSIMISTIC_FORCE_INCREMENT]: select product0_.PRODUCT_ID as PRODUCT1_4_0_, product0_.description as descript2_4_0_, product0_.name as name3_4_0_, product0_.price as price4_4_0_ from PRODUCT product0_ where product0_.PRODUCT_ID=?
DEBUG Loader - Static select for entity com.expeditors.training.course3demo.model.Product [OPTIMISTIC]: select product0_.PRODUCT_ID as PRODUCT1_4_0_, product0_.description as descript2_4_0_, product0_.name as name3_4_0_, product0_.price as price4_4_0_ from PRODUCT product0_ where product0_.PRODUCT_ID=?
DEBUG Loader - Static select for entity com.expeditors.training.course3demo.model.Product [OPTIMISTIC_FORCE_INCREMENT]: select product0_.PRODUCT_ID as PRODUCT1_4_0_, product0_.description as descript2_4_0_, product0_.name as name3_4_0_, product0_.price as price4_4_0_ from PRODUCT product0_ where product0_.PRODUCT_ID=?
DEBUG Loader - Static select for action ACTION_MERGE on entity com.expeditors.training.course3demo.model.Product: select product0_.PRODUCT_ID as PRODUCT1_4_0_, product0_.description as descript2_4_0_, product0_.name as name3_4_0_, product0_.price as price4_4_0_ from PRODUCT product0_ where product0_.PRODUCT_ID=?
DEBUG Loader - Static select for action ACTION_REFRESH on entity com.expeditors.training.course3demo.model.Product: select product0_.PRODUCT_ID as PRODUCT1_4_0_, product0_.description as descript2_4_0_, product0_.name as name3_4_0_, product0_.price as price4_4_0_ from PRODUCT product0_ where product0_.PRODUCT_ID=?
DEBUG OneToManyLoader - Static select for one-to-many com.expeditors.training.course3demo.model.Card.phoneNumbers: select phonenumbe0_.CARD_ID as CARD3_1_1_, phonenumbe0_.PHONE_NUMBER_ID as PHONE1_3_1_, phonenumbe0_.index as index4_1_, phonenumbe0_.PHONE_NUMBER_ID as PHONE1_3_0_, phonenumbe0_.CARD_ID as CARD3_3_0_, phonenumbe0_.PHONE_NUMBER as PHONE2_3_0_ from PHONE_NUMBER phonenumbe0_ where phonenumbe0_.CARD_ID=?
DEBUG OneToManyLoader - Static select for one-to-many com.expeditors.training.course3demo.model.UserAccount.userRoles: select userroles0_.ROLE_OWNER as ROLE3_6_1_, userroles0_.ROLE_ID as ROLE1_7_1_, userroles0_.ROLE_ID as ROLE1_7_0_, userroles0_.ROLE_NAME as ROLE2_7_0_, userroles0_.ROLE_OWNER as ROLE3_7_0_ from USERROLE userroles0_ where userroles0_.ROLE_OWNER=?
DEBUG SessionFactoryRegistry - Registering SessionFactory: ba97af90-3507-413e-908a-a10df403243a (&lt;unnamed&gt;)
DEBUG SessionFactoryRegistry - Not binding SessionFactory to JNDI, no JNDI name configured
DEBUG SessionFactoryImpl - Instantiated session factory
DEBUG Configuration - Processing hbm.xml files
DEBUG Configuration - Process annotated classes
DEBUG Configuration - Processing fk mappings (*ToOne and JoinedSubclass)
DEBUG Configuration - Processing extends queue
DEBUG Configuration - Processing extends queue
DEBUG Configuration - Processing collection mappings
DEBUG Configuration - Processing native query and ResultSetMapping mappings
DEBUG Configuration - Processing association property references
DEBUG Configuration - Creating tables&apos; unique integer identifiers
DEBUG Configuration - Processing foreign key constraints
DEBUG Configuration - Resolving reference to class: com.expeditors.training.course3demo.model.Address
DEBUG Configuration - Resolving reference to class: com.expeditors.training.course3demo.model.Card
DEBUG Configuration - Resolving reference to class: com.expeditors.training.course3demo.model.UserAccount
DEBUG DefaultIdentifierGeneratorFactory - Setting dialect [org.hibernate.dialect.HSQLDialect]
DEBUG DefaultIdentifierGeneratorFactory - Setting dialect [org.hibernate.dialect.HSQLDialect]
DEBUG DefaultIdentifierGeneratorFactory - Setting dialect [org.hibernate.dialect.HSQLDialect]
DEBUG DefaultIdentifierGeneratorFactory - Setting dialect [org.hibernate.dialect.HSQLDialect]
DEBUG DefaultIdentifierGeneratorFactory - Setting dialect [org.hibernate.dialect.HSQLDialect]
DEBUG DefaultIdentifierGeneratorFactory - Setting dialect [org.hibernate.dialect.HSQLDialect]
DEBUG DefaultIdentifierGeneratorFactory - Setting dialect [org.hibernate.dialect.HSQLDialect]
DEBUG DefaultIdentifierGeneratorFactory - Setting dialect [org.hibernate.dialect.HSQLDialect]
DEBUG Configuration - Processing hbm.xml files
DEBUG Configuration - Process annotated classes
DEBUG Configuration - Processing fk mappings (*ToOne and JoinedSubclass)
DEBUG Configuration - Processing extends queue
DEBUG Configuration - Processing extends queue
DEBUG Configuration - Processing collection mappings
DEBUG Configuration - Processing native query and ResultSetMapping mappings
DEBUG Configuration - Processing association property references
DEBUG Configuration - Creating tables&apos; unique integer identifiers
DEBUG Configuration - Processing foreign key constraints
DEBUG Configuration - Resolving reference to class: com.expeditors.training.course3demo.model.Address
DEBUG Configuration - Resolving reference to class: com.expeditors.training.course3demo.model.Card
DEBUG Configuration - Resolving reference to class: com.expeditors.training.course3demo.model.UserAccount
DEBUG DefaultIdentifierGeneratorFactory - Setting dialect [org.hibernate.dialect.HSQLDialect]
DEBUG DefaultIdentifierGeneratorFactory - Setting dialect [org.hibernate.dialect.HSQLDialect]
DEBUG DefaultIdentifierGeneratorFactory - Setting dialect [org.hibernate.dialect.HSQLDialect]
DEBUG DefaultIdentifierGeneratorFactory - Setting dialect [org.hibernate.dialect.HSQLDialect]
DEBUG DefaultIdentifierGeneratorFactory - Setting dialect [org.hibernate.dialect.HSQLDialect]
DEBUG DefaultIdentifierGeneratorFactory - Setting dialect [org.hibernate.dialect.HSQLDialect]
DEBUG DefaultIdentifierGeneratorFactory - Setting dialect [org.hibernate.dialect.HSQLDialect]
DEBUG DefaultIdentifierGeneratorFactory - Setting dialect [org.hibernate.dialect.HSQLDialect]
DEBUG DefaultIdentifierGeneratorFactory - Setting dialect [org.hibernate.dialect.HSQLDialect]
DEBUG DefaultIdentifierGeneratorFactory - Setting dialect [org.hibernate.dialect.HSQLDialect]
DEBUG DefaultIdentifierGeneratorFactory - Setting dialect [org.hibernate.dialect.HSQLDialect]
DEBUG DefaultIdentifierGeneratorFactory - Setting dialect [org.hibernate.dialect.HSQLDialect]
DEBUG DefaultIdentifierGeneratorFactory - Setting dialect [org.hibernate.dialect.HSQLDialect]
DEBUG DefaultIdentifierGeneratorFactory - Setting dialect [org.hibernate.dialect.HSQLDialect]
DEBUG DefaultIdentifierGeneratorFactory - Setting dialect [org.hibernate.dialect.HSQLDialect]
DEBUG DefaultIdentifierGeneratorFactory - Setting dialect [org.hibernate.dialect.HSQLDialect]
INFO  SchemaExport - HHH000227: Running hbm2ddl schema export
DEBUG SchemaExport - Import file not found: /import.sql
DEBUG SQL - alter table CARD drop constraint FK_4fd82c3ea6044275ae56eb76452
Hibernate: alter table CARD drop constraint FK_4fd82c3ea6044275ae56eb76452
ERROR SchemaExport - HHH000389: Unsuccessful: alter table CARD drop constraint FK_4fd82c3ea6044275ae56eb76452
ERROR SchemaExport - user lacks privilege or object not found: PUBLIC.CARD
DEBUG SQL - alter table PHONE_NUMBER drop constraint FK_7f7a91f1d7894006b51e4bc3ca4
Hibernate: alter table PHONE_NUMBER drop constraint FK_7f7a91f1d7894006b51e4bc3ca4
ERROR SchemaExport - HHH000389: Unsuccessful: alter table PHONE_NUMBER drop constraint FK_7f7a91f1d7894006b51e4bc3ca4
ERROR SchemaExport - user lacks privilege or object not found: PUBLIC.PHONE_NUMBER
DEBUG SQL - alter table USERROLE drop constraint FK_de2c429c0f4c4871a19eb0ef17f
Hibernate: alter table USERROLE drop constraint FK_de2c429c0f4c4871a19eb0ef17f
ERROR SchemaExport - HHH000389: Unsuccessful: alter table USERROLE drop constraint FK_de2c429c0f4c4871a19eb0ef17f
ERROR SchemaExport - user lacks privilege or object not found: PUBLIC.USERROLE
DEBUG SQL - drop table ADDRESS if exists
Hibernate: drop table ADDRESS if exists
DEBUG SQL - drop table CARD if exists
Hibernate: drop table CARD if exists
DEBUG SQL - drop table Container if exists
Hibernate: drop table Container if exists
DEBUG SQL - drop table PHONE_NUMBER if exists
Hibernate: drop table PHONE_NUMBER if exists
DEBUG SQL - drop table PRODUCT if exists
Hibernate: drop table PRODUCT if exists
DEBUG SQL - drop table Shipment if exists
Hibernate: drop table Shipment if exists
DEBUG SQL - drop table USERACCOUNT if exists
Hibernate: drop table USERACCOUNT if exists
DEBUG SQL - drop table USERROLE if exists
Hibernate: drop table USERROLE if exists
DEBUG SQL - create table ADDRESS (ADDRESS_ID bigint generated by default as identity (start with 1), city varchar(255) not null, state CHAR(2) not null, street varchar(255) not null, primary key (ADDRESS_ID))
Hibernate: create table ADDRESS (ADDRESS_ID bigint generated by default as identity (start with 1), city varchar(255) not null, state CHAR(2) not null, street varchar(255) not null, primary key (ADDRESS_ID))
DEBUG SQL - create table CARD (CARD_ID bigint generated by default as identity (start with 1), amount double, CARD_NUMBER char not null, OWNER_NAME varchar(255) not null, address bigint, primary key (CARD_ID))
Hibernate: create table CARD (CARD_ID bigint generated by default as identity (start with 1), amount double, CARD_NUMBER char not null, OWNER_NAME varchar(255) not null, address bigint, primary key (CARD_ID))
DEBUG SQL - create table Container (CONTAINER_ID bigint generated by default as identity (start with 1), capacity double not null check (capacity&gt;=0), destination varchar(255), location varchar(255), name varchar(40), status varchar(255), primary key (CONTAINER_ID))
Hibernate: create table Container (CONTAINER_ID bigint generated by default as identity (start with 1), capacity double not null check (capacity&gt;=0), destination varchar(255), location varchar(255), name varchar(40), status varchar(255), primary key (CONTAINER_ID))
DEBUG SQL - create table PHONE_NUMBER (PHONE_NUMBER_ID bigint generated by default as identity (start with 1), PHONE_NUMBER char not null, CARD_ID bigint not null, index integer, primary key (PHONE_NUMBER_ID))
Hibernate: create table PHONE_NUMBER (PHONE_NUMBER_ID bigint generated by default as identity (start with 1), PHONE_NUMBER char not null, CARD_ID bigint not null, index integer, primary key (PHONE_NUMBER_ID))
DEBUG SQL - create table PRODUCT (PRODUCT_ID bigint generated by default as identity (start with 1), description varchar(255), name varchar(255), price double, primary key (PRODUCT_ID))
Hibernate: create table PRODUCT (PRODUCT_ID bigint generated by default as identity (start with 1), description varchar(255), name varchar(255), price double, primary key (PRODUCT_ID))
DEBUG SQL - create table Shipment (SHIPMENT_ID bigint generated by default as identity (start with 1), destination varchar(255), name varchar(40), origin varchar(255), volume double not null check (volume&gt;=0), primary key (SHIPMENT_ID))
Hibernate: create table Shipment (SHIPMENT_ID bigint generated by default as identity (start with 1), destination varchar(255), name varchar(40), origin varchar(255), volume double not null check (volume&gt;=0), primary key (SHIPMENT_ID))
DEBUG SQL - create table USERACCOUNT (USER_ID bigint generated by default as identity (start with 1), enabled boolean, password varchar(50), username varchar(255), primary key (USER_ID))
Hibernate: create table USERACCOUNT (USER_ID bigint generated by default as identity (start with 1), enabled boolean, password varchar(50), username varchar(255), primary key (USER_ID))
DEBUG SQL - create table USERROLE (ROLE_ID bigint generated by default as identity (start with 1), ROLE_NAME varchar(40) not null, ROLE_OWNER bigint not null, primary key (ROLE_ID))
Hibernate: create table USERROLE (ROLE_ID bigint generated by default as identity (start with 1), ROLE_NAME varchar(40) not null, ROLE_OWNER bigint not null, primary key (ROLE_ID))
DEBUG SQL - alter table CARD add constraint FK_4fd82c3ea6044275ae56eb76452 foreign key (address) references ADDRESS
Hibernate: alter table CARD add constraint FK_4fd82c3ea6044275ae56eb76452 foreign key (address) references ADDRESS
DEBUG SQL - alter table PHONE_NUMBER add constraint FK_7f7a91f1d7894006b51e4bc3ca4 foreign key (CARD_ID) references CARD
Hibernate: alter table PHONE_NUMBER add constraint FK_7f7a91f1d7894006b51e4bc3ca4 foreign key (CARD_ID) references CARD
DEBUG SQL - alter table USERROLE add constraint FK_de2c429c0f4c4871a19eb0ef17f foreign key (ROLE_OWNER) references USERACCOUNT
Hibernate: alter table USERROLE add constraint FK_de2c429c0f4c4871a19eb0ef17f foreign key (ROLE_OWNER) references USERACCOUNT
INFO  SchemaExport - HHH000230: Schema export complete
DEBUG Configuration - Processing hbm.xml files
DEBUG Configuration - Process annotated classes
DEBUG Configuration - Processing fk mappings (*ToOne and JoinedSubclass)
DEBUG Configuration - Processing extends queue
DEBUG Configuration - Processing extends queue
DEBUG Configuration - Processing collection mappings
DEBUG Configuration - Processing native query and ResultSetMapping mappings
DEBUG Configuration - Processing association property references
DEBUG Configuration - Creating tables&apos; unique integer identifiers
DEBUG Configuration - Processing foreign key constraints
DEBUG Configuration - Resolving reference to class: com.expeditors.training.course3demo.model.Address
DEBUG Configuration - Resolving reference to class: com.expeditors.training.course3demo.model.Card
DEBUG Configuration - Resolving reference to class: com.expeditors.training.course3demo.model.UserAccount
DEBUG DefaultIdentifierGeneratorFactory - Setting dialect [org.hibernate.dialect.HSQLDialect]
DEBUG DefaultIdentifierGeneratorFactory - Setting dialect [org.hibernate.dialect.HSQLDialect]
DEBUG DefaultIdentifierGeneratorFactory - Setting dialect [org.hibernate.dialect.HSQLDialect]
DEBUG DefaultIdentifierGeneratorFactory - Setting dialect [org.hibernate.dialect.HSQLDialect]
DEBUG DefaultIdentifierGeneratorFactory - Setting dialect [org.hibernate.dialect.HSQLDialect]
DEBUG DefaultIdentifierGeneratorFactory - Setting dialect [org.hibernate.dialect.HSQLDialect]
DEBUG DefaultIdentifierGeneratorFactory - Setting dialect [org.hibernate.dialect.HSQLDialect]
DEBUG DefaultIdentifierGeneratorFactory - Setting dialect [org.hibernate.dialect.HSQLDialect]
DEBUG Configuration - Processing hbm.xml files
DEBUG Configuration - Process annotated classes
DEBUG Configuration - Processing fk mappings (*ToOne and JoinedSubclass)
DEBUG Configuration - Processing extends queue
DEBUG Configuration - Processing extends queue
DEBUG Configuration - Processing collection mappings
DEBUG Configuration - Processing native query and ResultSetMapping mappings
DEBUG Configuration - Processing association property references
DEBUG Configuration - Creating tables&apos; unique integer identifiers
DEBUG Configuration - Processing foreign key constraints
DEBUG Configuration - Resolving reference to class: com.expeditors.training.course3demo.model.Address
DEBUG Configuration - Resolving reference to class: com.expeditors.training.course3demo.model.Card
DEBUG Configuration - Resolving reference to class: com.expeditors.training.course3demo.model.UserAccount
DEBUG DefaultIdentifierGeneratorFactory - Setting dialect [org.hibernate.dialect.HSQLDialect]
DEBUG DefaultIdentifierGeneratorFactory - Setting dialect [org.hibernate.dialect.HSQLDialect]
DEBUG DefaultIdentifierGeneratorFactory - Setting dialect [org.hibernate.dialect.HSQLDialect]
DEBUG DefaultIdentifierGeneratorFactory - Setting dialect [org.hibernate.dialect.HSQLDialect]
DEBUG DefaultIdentifierGeneratorFactory - Setting dialect [org.hibernate.dialect.HSQLDialect]
DEBUG DefaultIdentifierGeneratorFactory - Setting dialect [org.hibernate.dialect.HSQLDialect]
DEBUG DefaultIdentifierGeneratorFactory - Setting dialect [org.hibernate.dialect.HSQLDialect]
DEBUG DefaultIdentifierGeneratorFactory - Setting dialect [org.hibernate.dialect.HSQLDialect]
DEBUG DefaultIdentifierGeneratorFactory - Setting dialect [org.hibernate.dialect.HSQLDialect]
DEBUG DefaultIdentifierGeneratorFactory - Setting dialect [org.hibernate.dialect.HSQLDialect]
DEBUG DefaultIdentifierGeneratorFactory - Setting dialect [org.hibernate.dialect.HSQLDialect]
DEBUG DefaultIdentifierGeneratorFactory - Setting dialect [org.hibernate.dialect.HSQLDialect]
DEBUG DefaultIdentifierGeneratorFactory - Setting dialect [org.hibernate.dialect.HSQLDialect]
DEBUG DefaultIdentifierGeneratorFactory - Setting dialect [org.hibernate.dialect.HSQLDialect]
DEBUG DefaultIdentifierGeneratorFactory - Setting dialect [org.hibernate.dialect.HSQLDialect]
DEBUG DefaultIdentifierGeneratorFactory - Setting dialect [org.hibernate.dialect.HSQLDialect]
DEBUG SessionFactoryImpl - Checking 0 named HQL queries
DEBUG SessionFactoryImpl - Checking 0 named SQL queries
DEBUG StatisticsInitiator - Statistics initialized [enabled=false]
DEBUG EntityManagerFactoryRegistry - Registering EntityManagerFactory: default 
DEBUG SessionFactoryImpl - HHH000031: Closing
INFO  SchemaExport - HHH000227: Running hbm2ddl schema export
DEBUG SchemaExport - Import file not found: /import.sql
DEBUG SQL - alter table CARD drop constraint FK_4fd82c3ea6044275ae56eb76452
Hibernate: alter table CARD drop constraint FK_4fd82c3ea6044275ae56eb76452
DEBUG SQL - alter table PHONE_NUMBER drop constraint FK_7f7a91f1d7894006b51e4bc3ca4
Hibernate: alter table PHONE_NUMBER drop constraint FK_7f7a91f1d7894006b51e4bc3ca4
DEBUG SQL - alter table USERROLE drop constraint FK_de2c429c0f4c4871a19eb0ef17f
Hibernate: alter table USERROLE drop constraint FK_de2c429c0f4c4871a19eb0ef17f
DEBUG SQL - drop table ADDRESS if exists
Hibernate: drop table ADDRESS if exists
DEBUG SQL - drop table CARD if exists
Hibernate: drop table CARD if exists
DEBUG SQL - drop table Container if exists
Hibernate: drop table Container if exists
DEBUG SQL - drop table PHONE_NUMBER if exists
Hibernate: drop table PHONE_NUMBER if exists
DEBUG SQL - drop table PRODUCT if exists
Hibernate: drop table PRODUCT if exists
DEBUG SQL - drop table Shipment if exists
Hibernate: drop table Shipment if exists
DEBUG SQL - drop table USERACCOUNT if exists
Hibernate: drop table USERACCOUNT if exists
DEBUG SQL - drop table USERROLE if exists
Hibernate: drop table USERROLE if exists
INFO  SchemaExport - HHH000230: Schema export complete
DEBUG EntityManagerFactoryRegistry - Remove: name=default
</system-out>
    <system-err>Mar 02, 2015 10:04:17 AM org.springframework.context.support.AbstractApplicationContext prepareRefresh
INFO: Refreshing org.springframework.web.context.support.GenericWebApplicationContext@4fcc0416: startup date [Mon Mar 02 10:04:17 PST 2015]; root of context hierarchy
Mar 02, 2015 10:04:17 AM org.springframework.jdbc.datasource.DriverManagerDataSource setDriverClassName
INFO: Loaded JDBC driver: org.hsqldb.jdbcDriver
Mar 02, 2015 10:04:17 AM org.springframework.orm.jpa.LocalContainerEntityManagerFactoryBean createNativeEntityManagerFactory
INFO: Building JPA container EntityManagerFactory for persistence unit &apos;default&apos;
Mar 02, 2015 10:04:17 AM org.springframework.beans.factory.support.DefaultListableBeanFactory preInstantiateSingletons
INFO: Pre-instantiating singletons in org.springframework.beans.factory.support.DefaultListableBeanFactory@31e32ea2: defining beans [org.springframework.context.annotation.internalConfigurationAnnotationProcessor,org.springframework.context.annotation.internalAutowiredAnnotationProcessor,org.springframework.context.annotation.internalRequiredAnnotationProcessor,org.springframework.context.annotation.internalCommonAnnotationProcessor,org.springframework.context.annotation.internalPersistenceAnnotationProcessor,testConfig,org.springframework.context.annotation.ConfigurationClassPostProcessor.importAwareProcessor,cardController,containerController,errorLoginController,homeController,productController,securityController,shipmentController,org.springframework.web.servlet.config.annotation.DelegatingWebMvcConfiguration,requestMappingHandlerMapping,mvcContentNegotiationManager,viewControllerHandlerMapping,beanNameHandlerMapping,resourceHandlerMapping,defaultServletHandlerMapping,requestMappingHandlerAdapter,mvcConversionService,httpRequestHandlerAdapter,simpleControllerHandlerAdapter,handlerExceptionResolver,mvcValidator,com.expeditors.training.course3demo.config.PersistenceJPATestConfig,dataSource,entityManagerFactory,viewResolver,shipmentService,productService,containerService]; root of factory hierarchy
Mar 02, 2015 10:04:17 AM org.springframework.beans.factory.support.DefaultSingletonBeanRegistry destroySingletons
INFO: Destroying singletons in org.springframework.beans.factory.support.DefaultListableBeanFactory@31e32ea2: defining beans [org.springframework.context.annotation.internalConfigurationAnnotationProcessor,org.springframework.context.annotation.internalAutowiredAnnotationProcessor,org.springframework.context.annotation.internalRequiredAnnotationProcessor,org.springframework.context.annotation.internalCommonAnnotationProcessor,org.springframework.context.annotation.internalPersistenceAnnotationProcessor,testConfig,org.springframework.context.annotation.ConfigurationClassPostProcessor.importAwareProcessor,cardController,containerController,errorLoginController,homeController,productController,securityController,shipmentController,org.springframework.web.servlet.config.annotation.DelegatingWebMvcConfiguration,requestMappingHandlerMapping,mvcContentNegotiationManager,viewControllerHandlerMapping,beanNameHandlerMapping,resourceHandlerMapping,defaultServletHandlerMapping,requestMappingHandlerAdapter,mvcConversionService,httpRequestHandlerAdapter,simpleControllerHandlerAdapter,handlerExceptionResolver,mvcValidator,com.expeditors.training.course3demo.config.PersistenceJPATestConfig,dataSource,entityManagerFactory,viewResolver,shipmentService,productService,containerService]; root of factory hierarchy
Mar 02, 2015 10:04:17 AM org.springframework.orm.jpa.AbstractEntityManagerFactoryBean destroy
INFO: Closing JPA EntityManagerFactory for persistence unit &apos;default&apos;
Mar 02, 2015 10:04:17 AM org.springframework.test.context.TestContextManager prepareTestInstance
SEVERE: Caught exception while allowing TestExecutionListener [org.springframework.test.context.web.ServletTestExecutionListener@6f8d7714] to prepare test instance [com.expeditors.training.course3demo.controller.ContainerControllerTest@3104351d]
java.lang.IllegalStateException: Failed to load ApplicationContext
	at org.springframework.test.context.CacheAwareContextLoaderDelegate.loadContext(CacheAwareContextLoaderDelegate.java:99)
	at org.springframework.test.context.TestContext.getApplicationContext(TestContext.java:122)
	at org.springframework.test.context.web.ServletTestExecutionListener.setUpRequestContextIfNecessary(ServletTestExecutionListener.java:105)
	at org.springframework.test.context.web.ServletTestExecutionListener.prepareTestInstance(ServletTestExecutionListener.java:74)
	at org.springframework.test.context.TestContextManager.prepareTestInstance(TestContextManager.java:312)
	at org.springframework.test.context.junit4.SpringJUnit4ClassRunner.createTest(SpringJUnit4ClassRunner.java:211)
	at org.springframework.test.context.junit4.SpringJUnit4ClassRunner$1.runReflectiveCall(SpringJUnit4ClassRunner.java:288)
	at org.junit.internal.runners.model.ReflectiveCallable.run(ReflectiveCallable.java:12)
	at org.springframework.test.context.junit4.SpringJUnit4ClassRunner.methodBlock(SpringJUnit4ClassRunner.java:284)
	at org.springframework.test.context.junit4.SpringJUnit4ClassRunner.runChild(SpringJUnit4ClassRunner.java:231)
	at org.springframework.test.context.junit4.SpringJUnit4ClassRunner.runChild(SpringJUnit4ClassRunner.java:88)
	at org.junit.runners.ParentRunner$3.run(ParentRunner.java:238)
	at org.junit.runners.ParentRunner$1.schedule(ParentRunner.java:63)
	at org.junit.runners.ParentRunner.runChildren(ParentRunner.java:236)
	at org.junit.runners.ParentRunner.access$000(ParentRunner.java:53)
	at org.junit.runners.ParentRunner$2.evaluate(ParentRunner.java:229)
	at org.springframework.test.context.junit4.statements.RunBeforeTestClassCallbacks.evaluate(RunBeforeTestClassCallbacks.java:61)
	at org.springframework.test.context.junit4.statements.RunAfterTestClassCallbacks.evaluate(RunAfterTestClassCallbacks.java:71)
	at org.junit.runners.ParentRunner.run(ParentRunner.java:309)
	at org.springframework.test.context.junit4.SpringJUnit4ClassRunner.run(SpringJUnit4ClassRunner.java:174)
	at org.apache.maven.surefire.junit4.JUnit4Provider.execute(JUnit4Provider.java:252)
	at org.apache.maven.surefire.junit4.JUnit4Provider.executeTestSet(JUnit4Provider.java:141)
	at org.apache.maven.surefire.junit4.JUnit4Provider.invoke(JUnit4Provider.java:112)
	at sun.reflect.NativeMethodAccessorImpl.invoke0(Native Method)
	at sun.reflect.NativeMethodAccessorImpl.invoke(NativeMethodAccessorImpl.java:62)
	at sun.reflect.DelegatingMethodAccessorImpl.invoke(DelegatingMethodAccessorImpl.java:43)
	at java.lang.reflect.Method.invoke(Method.java:483)
	at org.apache.maven.surefire.util.ReflectionUtils.invokeMethodWithArray(ReflectionUtils.java:189)
	at org.apache.maven.surefire.booter.ProviderFactory$ProviderProxy.invoke(ProviderFactory.java:165)
	at org.apache.maven.surefire.booter.ProviderFactory.invokeProvider(ProviderFactory.java:85)
	at org.apache.maven.surefire.booter.ForkedBooter.runSuitesInProcess(ForkedBooter.java:115)
	at org.apache.maven.surefire.booter.ForkedBooter.main(ForkedBooter.java:75)
Caused by: org.springframework.beans.factory.BeanCreationException: Error creating bean with name &apos;cardController&apos;: Injection of autowired dependencies failed; nested exception is org.springframework.beans.factory.BeanCreationException: Could not autowire field: com.expeditors.training.course3demo.service.CardService com.expeditors.training.course3demo.controller.CardController.cardService; nested exception is org.springframework.beans.factory.NoSuchBeanDefinitionException: No qualifying bean of type [com.expeditors.training.course3demo.service.CardService] found for dependency: expected at least 1 bean which qualifies as autowire candidate for this dependency. Dependency annotations: {@org.springframework.beans.factory.annotation.Autowired(required=true)}
	at org.springframework.beans.factory.annotation.AutowiredAnnotationBeanPostProcessor.postProcessPropertyValues(AutowiredAnnotationBeanPostProcessor.java:288)
	at org.springframework.beans.factory.support.AbstractAutowireCapableBeanFactory.populateBean(AbstractAutowireCapableBeanFactory.java:1116)
	at org.springframework.beans.factory.support.AbstractAutowireCapableBeanFactory.doCreateBean(AbstractAutowireCapableBeanFactory.java:519)
	at org.springframework.beans.factory.support.AbstractAutowireCapableBeanFactory.createBean(AbstractAutowireCapableBeanFactory.java:458)
	at org.springframework.beans.factory.support.AbstractBeanFactory$1.getObject(AbstractBeanFactory.java:295)
	at org.springframework.beans.factory.support.DefaultSingletonBeanRegistry.getSingleton(DefaultSingletonBeanRegistry.java:223)
	at org.springframework.beans.factory.support.AbstractBeanFactory.doGetBean(AbstractBeanFactory.java:292)
	at org.springframework.beans.factory.support.AbstractBeanFactory.getBean(AbstractBeanFactory.java:194)
	at org.springframework.beans.factory.support.DefaultListableBeanFactory.preInstantiateSingletons(DefaultListableBeanFactory.java:626)
	at org.springframework.context.support.AbstractApplicationContext.finishBeanFactoryInitialization(AbstractApplicationContext.java:932)
	at org.springframework.context.support.AbstractApplicationContext.refresh(AbstractApplicationContext.java:479)
	at org.springframework.test.context.web.AbstractGenericWebContextLoader.loadContext(AbstractGenericWebContextLoader.java:128)
	at org.springframework.test.context.web.AbstractGenericWebContextLoader.loadContext(AbstractGenericWebContextLoader.java:60)
	at org.springframework.test.context.support.AbstractDelegatingSmartContextLoader.delegateLoading(AbstractDelegatingSmartContextLoader.java:100)
	at org.springframework.test.context.support.AbstractDelegatingSmartContextLoader.loadContext(AbstractDelegatingSmartContextLoader.java:248)
	at org.springframework.test.context.CacheAwareContextLoaderDelegate.loadContextInternal(CacheAwareContextLoaderDelegate.java:64)
	at org.springframework.test.context.CacheAwareContextLoaderDelegate.loadContext(CacheAwareContextLoaderDelegate.java:91)
	... 31 more
Caused by: org.springframework.beans.factory.BeanCreationException: Could not autowire field: com.expeditors.training.course3demo.service.CardService com.expeditors.training.course3demo.controller.CardController.cardService; nested exception is org.springframework.beans.factory.NoSuchBeanDefinitionException: No qualifying bean of type [com.expeditors.training.course3demo.service.CardService] found for dependency: expected at least 1 bean which qualifies as autowire candidate for this dependency. Dependency annotations: {@org.springframework.beans.factory.annotation.Autowired(required=true)}
	at org.springframework.beans.factory.annotation.AutowiredAnnotationBeanPostProcessor$AutowiredFieldElement.inject(AutowiredAnnotationBeanPostProcessor.java:514)
	at org.springframework.beans.factory.annotation.InjectionMetadata.inject(InjectionMetadata.java:87)
	at org.springframework.beans.factory.annotation.AutowiredAnnotationBeanPostProcessor.postProcessPropertyValues(AutowiredAnnotationBeanPostProcessor.java:285)
	... 47 more
Caused by: org.springframework.beans.factory.NoSuchBeanDefinitionException: No qualifying bean of type [com.expeditors.training.course3demo.service.CardService] found for dependency: expected at least 1 bean which qualifies as autowire candidate for this dependency. Dependency annotations: {@org.springframework.beans.factory.annotation.Autowired(required=true)}
	at org.springframework.beans.factory.support.DefaultListableBeanFactory.raiseNoSuchBeanDefinitionException(DefaultListableBeanFactory.java:986)
	at org.springframework.beans.factory.support.DefaultListableBeanFactory.doResolveDependency(DefaultListableBeanFactory.java:856)
	at org.springframework.beans.factory.support.DefaultListableBeanFactory.resolveDependency(DefaultListableBeanFactory.java:768)
	at org.springframework.beans.factory.annotation.AutowiredAnnotationBeanPostProcessor$AutowiredFieldElement.inject(AutowiredAnnotationBeanPostProcessor.java:486)
	... 49 more

</system-err>
  </testcase>
  <testcase classname="com.expeditors.training.course3demo.controller.ContainerControllerTest" name="testAddContainerDestinationFailure" time="0.211">
    <error message="Failed to load ApplicationContext" type="java.lang.IllegalStateException">java.lang.IllegalStateException: Failed to load ApplicationContext
	at org.springframework.test.context.CacheAwareContextLoaderDelegate.loadContext(CacheAwareContextLoaderDelegate.java:99)
	at org.springframework.test.context.TestContext.getApplicationContext(TestContext.java:122)
	at org.springframework.test.context.web.ServletTestExecutionListener.setUpRequestContextIfNecessary(ServletTestExecutionListener.java:105)
	at org.springframework.test.context.web.ServletTestExecutionListener.prepareTestInstance(ServletTestExecutionListener.java:74)
	at org.springframework.test.context.TestContextManager.prepareTestInstance(TestContextManager.java:312)
	at org.springframework.test.context.junit4.SpringJUnit4ClassRunner.createTest(SpringJUnit4ClassRunner.java:211)
	at org.springframework.test.context.junit4.SpringJUnit4ClassRunner$1.runReflectiveCall(SpringJUnit4ClassRunner.java:288)
	at org.junit.internal.runners.model.ReflectiveCallable.run(ReflectiveCallable.java:12)
	at org.springframework.test.context.junit4.SpringJUnit4ClassRunner.methodBlock(SpringJUnit4ClassRunner.java:284)
	at org.springframework.test.context.junit4.SpringJUnit4ClassRunner.runChild(SpringJUnit4ClassRunner.java:231)
	at org.springframework.test.context.junit4.SpringJUnit4ClassRunner.runChild(SpringJUnit4ClassRunner.java:88)
	at org.junit.runners.ParentRunner$3.run(ParentRunner.java:238)
	at org.junit.runners.ParentRunner$1.schedule(ParentRunner.java:63)
	at org.junit.runners.ParentRunner.runChildren(ParentRunner.java:236)
	at org.junit.runners.ParentRunner.access$000(ParentRunner.java:53)
	at org.junit.runners.ParentRunner$2.evaluate(ParentRunner.java:229)
	at org.springframework.test.context.junit4.statements.RunBeforeTestClassCallbacks.evaluate(RunBeforeTestClassCallbacks.java:61)
	at org.springframework.test.context.junit4.statements.RunAfterTestClassCallbacks.evaluate(RunAfterTestClassCallbacks.java:71)
	at org.junit.runners.ParentRunner.run(ParentRunner.java:309)
	at org.springframework.test.context.junit4.SpringJUnit4ClassRunner.run(SpringJUnit4ClassRunner.java:174)
	at org.apache.maven.surefire.junit4.JUnit4Provider.execute(JUnit4Provider.java:252)
	at org.apache.maven.surefire.junit4.JUnit4Provider.executeTestSet(JUnit4Provider.java:141)
	at org.apache.maven.surefire.junit4.JUnit4Provider.invoke(JUnit4Provider.java:112)
	at sun.reflect.NativeMethodAccessorImpl.invoke0(Native Method)
	at sun.reflect.NativeMethodAccessorImpl.invoke(NativeMethodAccessorImpl.java:62)
	at sun.reflect.DelegatingMethodAccessorImpl.invoke(DelegatingMethodAccessorImpl.java:43)
	at java.lang.reflect.Method.invoke(Method.java:483)
	at org.apache.maven.surefire.util.ReflectionUtils.invokeMethodWithArray(ReflectionUtils.java:189)
	at org.apache.maven.surefire.booter.ProviderFactory$ProviderProxy.invoke(ProviderFactory.java:165)
	at org.apache.maven.surefire.booter.ProviderFactory.invokeProvider(ProviderFactory.java:85)
	at org.apache.maven.surefire.booter.ForkedBooter.runSuitesInProcess(ForkedBooter.java:115)
	at org.apache.maven.surefire.booter.ForkedBooter.main(ForkedBooter.java:75)
Caused by: org.springframework.beans.factory.BeanCreationException: Error creating bean with name &apos;cardController&apos;: Injection of autowired dependencies failed; nested exception is org.springframework.beans.factory.BeanCreationException: Could not autowire field: com.expeditors.training.course3demo.service.CardService com.expeditors.training.course3demo.controller.CardController.cardService; nested exception is org.springframework.beans.factory.NoSuchBeanDefinitionException: No qualifying bean of type [com.expeditors.training.course3demo.service.CardService] found for dependency: expected at least 1 bean which qualifies as autowire candidate for this dependency. Dependency annotations: {@org.springframework.beans.factory.annotation.Autowired(required=true)}
	at org.springframework.beans.factory.annotation.AutowiredAnnotationBeanPostProcessor.postProcessPropertyValues(AutowiredAnnotationBeanPostProcessor.java:288)
	at org.springframework.beans.factory.support.AbstractAutowireCapableBeanFactory.populateBean(AbstractAutowireCapableBeanFactory.java:1116)
	at org.springframework.beans.factory.support.AbstractAutowireCapableBeanFactory.doCreateBean(AbstractAutowireCapableBeanFactory.java:519)
	at org.springframework.beans.factory.support.AbstractAutowireCapableBeanFactory.createBean(AbstractAutowireCapableBeanFactory.java:458)
	at org.springframework.beans.factory.support.AbstractBeanFactory$1.getObject(AbstractBeanFactory.java:295)
	at org.springframework.beans.factory.support.DefaultSingletonBeanRegistry.getSingleton(DefaultSingletonBeanRegistry.java:223)
	at org.springframework.beans.factory.support.AbstractBeanFactory.doGetBean(AbstractBeanFactory.java:292)
	at org.springframework.beans.factory.support.AbstractBeanFactory.getBean(AbstractBeanFactory.java:194)
	at org.springframework.beans.factory.support.DefaultListableBeanFactory.preInstantiateSingletons(DefaultListableBeanFactory.java:626)
	at org.springframework.context.support.AbstractApplicationContext.finishBeanFactoryInitialization(AbstractApplicationContext.java:932)
	at org.springframework.context.support.AbstractApplicationContext.refresh(AbstractApplicationContext.java:479)
	at org.springframework.test.context.web.AbstractGenericWebContextLoader.loadContext(AbstractGenericWebContextLoader.java:128)
	at org.springframework.test.context.web.AbstractGenericWebContextLoader.loadContext(AbstractGenericWebContextLoader.java:60)
	at org.springframework.test.context.support.AbstractDelegatingSmartContextLoader.delegateLoading(AbstractDelegatingSmartContextLoader.java:100)
	at org.springframework.test.context.support.AbstractDelegatingSmartContextLoader.loadContext(AbstractDelegatingSmartContextLoader.java:248)
	at org.springframework.test.context.CacheAwareContextLoaderDelegate.loadContextInternal(CacheAwareContextLoaderDelegate.java:64)
	at org.springframework.test.context.CacheAwareContextLoaderDelegate.loadContext(CacheAwareContextLoaderDelegate.java:91)
	... 31 more
Caused by: org.springframework.beans.factory.BeanCreationException: Could not autowire field: com.expeditors.training.course3demo.service.CardService com.expeditors.training.course3demo.controller.CardController.cardService; nested exception is org.springframework.beans.factory.NoSuchBeanDefinitionException: No qualifying bean of type [com.expeditors.training.course3demo.service.CardService] found for dependency: expected at least 1 bean which qualifies as autowire candidate for this dependency. Dependency annotations: {@org.springframework.beans.factory.annotation.Autowired(required=true)}
	at org.springframework.beans.factory.annotation.AutowiredAnnotationBeanPostProcessor$AutowiredFieldElement.inject(AutowiredAnnotationBeanPostProcessor.java:514)
	at org.springframework.beans.factory.annotation.InjectionMetadata.inject(InjectionMetadata.java:87)
	at org.springframework.beans.factory.annotation.AutowiredAnnotationBeanPostProcessor.postProcessPropertyValues(AutowiredAnnotationBeanPostProcessor.java:285)
	... 47 more
Caused by: org.springframework.beans.factory.NoSuchBeanDefinitionException: No qualifying bean of type [com.expeditors.training.course3demo.service.CardService] found for dependency: expected at least 1 bean which qualifies as autowire candidate for this dependency. Dependency annotations: {@org.springframework.beans.factory.annotation.Autowired(required=true)}
	at org.springframework.beans.factory.support.DefaultListableBeanFactory.raiseNoSuchBeanDefinitionException(DefaultListableBeanFactory.java:986)
	at org.springframework.beans.factory.support.DefaultListableBeanFactory.doResolveDependency(DefaultListableBeanFactory.java:856)
	at org.springframework.beans.factory.support.DefaultListableBeanFactory.resolveDependency(DefaultListableBeanFactory.java:768)
	at org.springframework.beans.factory.annotation.AutowiredAnnotationBeanPostProcessor$AutowiredFieldElement.inject(AutowiredAnnotationBeanPostProcessor.java:486)
	... 49 more
</error>
    <system-out>DEBUG BasicTypeRegistry - Adding type registration boolean -&gt; org.hibernate.type.BooleanType@41a0aa7d
DEBUG BasicTypeRegistry - Adding type registration boolean -&gt; org.hibernate.type.BooleanType@41a0aa7d
DEBUG BasicTypeRegistry - Adding type registration java.lang.Boolean -&gt; org.hibernate.type.BooleanType@41a0aa7d
DEBUG BasicTypeRegistry - Adding type registration numeric_boolean -&gt; org.hibernate.type.NumericBooleanType@1ffaf86
DEBUG BasicTypeRegistry - Adding type registration true_false -&gt; org.hibernate.type.TrueFalseType@368247b9
DEBUG BasicTypeRegistry - Adding type registration yes_no -&gt; org.hibernate.type.YesNoType@55a147cc
DEBUG BasicTypeRegistry - Adding type registration byte -&gt; org.hibernate.type.ByteType@2892d68
DEBUG BasicTypeRegistry - Adding type registration byte -&gt; org.hibernate.type.ByteType@2892d68
DEBUG BasicTypeRegistry - Adding type registration java.lang.Byte -&gt; org.hibernate.type.ByteType@2892d68
DEBUG BasicTypeRegistry - Adding type registration character -&gt; org.hibernate.type.CharacterType@2e385cce
DEBUG BasicTypeRegistry - Adding type registration char -&gt; org.hibernate.type.CharacterType@2e385cce
DEBUG BasicTypeRegistry - Adding type registration java.lang.Character -&gt; org.hibernate.type.CharacterType@2e385cce
DEBUG BasicTypeRegistry - Adding type registration short -&gt; org.hibernate.type.ShortType@26d9b808
DEBUG BasicTypeRegistry - Adding type registration short -&gt; org.hibernate.type.ShortType@26d9b808
DEBUG BasicTypeRegistry - Adding type registration java.lang.Short -&gt; org.hibernate.type.ShortType@26d9b808
DEBUG BasicTypeRegistry - Adding type registration integer -&gt; org.hibernate.type.IntegerType@6d4d66d2
DEBUG BasicTypeRegistry - Adding type registration int -&gt; org.hibernate.type.IntegerType@6d4d66d2
DEBUG BasicTypeRegistry - Adding type registration java.lang.Integer -&gt; org.hibernate.type.IntegerType@6d4d66d2
DEBUG BasicTypeRegistry - Adding type registration long -&gt; org.hibernate.type.LongType@53fe15ff
DEBUG BasicTypeRegistry - Adding type registration long -&gt; org.hibernate.type.LongType@53fe15ff
DEBUG BasicTypeRegistry - Adding type registration java.lang.Long -&gt; org.hibernate.type.LongType@53fe15ff
DEBUG BasicTypeRegistry - Adding type registration float -&gt; org.hibernate.type.FloatType@2eae8e6e
DEBUG BasicTypeRegistry - Adding type registration float -&gt; org.hibernate.type.FloatType@2eae8e6e
DEBUG BasicTypeRegistry - Adding type registration java.lang.Float -&gt; org.hibernate.type.FloatType@2eae8e6e
DEBUG BasicTypeRegistry - Adding type registration double -&gt; org.hibernate.type.DoubleType@25ce9dc4
DEBUG BasicTypeRegistry - Adding type registration double -&gt; org.hibernate.type.DoubleType@25ce9dc4
DEBUG BasicTypeRegistry - Adding type registration java.lang.Double -&gt; org.hibernate.type.DoubleType@25ce9dc4
DEBUG BasicTypeRegistry - Adding type registration big_decimal -&gt; org.hibernate.type.BigDecimalType@3e8c3cb
DEBUG BasicTypeRegistry - Adding type registration java.math.BigDecimal -&gt; org.hibernate.type.BigDecimalType@3e8c3cb
DEBUG BasicTypeRegistry - Adding type registration big_integer -&gt; org.hibernate.type.BigIntegerType@3e27ba32
DEBUG BasicTypeRegistry - Adding type registration java.math.BigInteger -&gt; org.hibernate.type.BigIntegerType@3e27ba32
DEBUG BasicTypeRegistry - Adding type registration string -&gt; org.hibernate.type.StringType@1ca3b418
DEBUG BasicTypeRegistry - Adding type registration java.lang.String -&gt; org.hibernate.type.StringType@1ca3b418
DEBUG BasicTypeRegistry - Adding type registration nstring -&gt; org.hibernate.type.StringNVarcharType@7161d8d1
DEBUG BasicTypeRegistry - Adding type registration ncharacter -&gt; org.hibernate.type.CharacterNCharType@795509d9
DEBUG BasicTypeRegistry - Adding type registration url -&gt; org.hibernate.type.UrlType@4be29ed9
DEBUG BasicTypeRegistry - Adding type registration java.net.URL -&gt; org.hibernate.type.UrlType@4be29ed9
DEBUG BasicTypeRegistry - Adding type registration date -&gt; org.hibernate.type.DateType@75437611
DEBUG BasicTypeRegistry - Adding type registration java.sql.Date -&gt; org.hibernate.type.DateType@75437611
DEBUG BasicTypeRegistry - Adding type registration time -&gt; org.hibernate.type.TimeType@15043a2f
DEBUG BasicTypeRegistry - Adding type registration java.sql.Time -&gt; org.hibernate.type.TimeType@15043a2f
DEBUG BasicTypeRegistry - Adding type registration timestamp -&gt; org.hibernate.type.TimestampType@8519cb4
DEBUG BasicTypeRegistry - Adding type registration java.sql.Timestamp -&gt; org.hibernate.type.TimestampType@8519cb4
DEBUG BasicTypeRegistry - Adding type registration java.util.Date -&gt; org.hibernate.type.TimestampType@8519cb4
DEBUG BasicTypeRegistry - Adding type registration dbtimestamp -&gt; org.hibernate.type.DbTimestampType@3ba987b8
DEBUG BasicTypeRegistry - Adding type registration calendar -&gt; org.hibernate.type.CalendarType@72035809
DEBUG BasicTypeRegistry - Adding type registration java.util.Calendar -&gt; org.hibernate.type.CalendarType@72035809
DEBUG BasicTypeRegistry - Adding type registration java.util.GregorianCalendar -&gt; org.hibernate.type.CalendarType@72035809
DEBUG BasicTypeRegistry - Adding type registration calendar_date -&gt; org.hibernate.type.CalendarDateType@606e4010
DEBUG BasicTypeRegistry - Adding type registration locale -&gt; org.hibernate.type.LocaleType@5e2c3d18
DEBUG BasicTypeRegistry - Adding type registration java.util.Locale -&gt; org.hibernate.type.LocaleType@5e2c3d18
DEBUG BasicTypeRegistry - Adding type registration currency -&gt; org.hibernate.type.CurrencyType@6caf0677
DEBUG BasicTypeRegistry - Adding type registration java.util.Currency -&gt; org.hibernate.type.CurrencyType@6caf0677
DEBUG BasicTypeRegistry - Adding type registration timezone -&gt; org.hibernate.type.TimeZoneType@1a75e76a
DEBUG BasicTypeRegistry - Adding type registration java.util.TimeZone -&gt; org.hibernate.type.TimeZoneType@1a75e76a
DEBUG BasicTypeRegistry - Adding type registration class -&gt; org.hibernate.type.ClassType@4681c175
DEBUG BasicTypeRegistry - Adding type registration java.lang.Class -&gt; org.hibernate.type.ClassType@4681c175
DEBUG BasicTypeRegistry - Adding type registration uuid-binary -&gt; org.hibernate.type.UUIDBinaryType@1caa0244
DEBUG BasicTypeRegistry - Adding type registration java.util.UUID -&gt; org.hibernate.type.UUIDBinaryType@1caa0244
DEBUG BasicTypeRegistry - Adding type registration uuid-char -&gt; org.hibernate.type.UUIDCharType@1750fbeb
DEBUG BasicTypeRegistry - Adding type registration pg-uuid -&gt; org.hibernate.type.PostgresUUIDType@6c284af
DEBUG BasicTypeRegistry - Adding type registration binary -&gt; org.hibernate.type.BinaryType@7c137fd5
DEBUG BasicTypeRegistry - Adding type registration byte[] -&gt; org.hibernate.type.BinaryType@7c137fd5
DEBUG BasicTypeRegistry - Adding type registration [B -&gt; org.hibernate.type.BinaryType@7c137fd5
DEBUG BasicTypeRegistry - Adding type registration wrapper-binary -&gt; org.hibernate.type.WrapperBinaryType@2b40ff9c
DEBUG BasicTypeRegistry - Adding type registration Byte[] -&gt; org.hibernate.type.WrapperBinaryType@2b40ff9c
DEBUG BasicTypeRegistry - Adding type registration [Ljava.lang.Byte; -&gt; org.hibernate.type.WrapperBinaryType@2b40ff9c
DEBUG BasicTypeRegistry - Adding type registration image -&gt; org.hibernate.type.ImageType@5ddeb7cb
DEBUG BasicTypeRegistry - Adding type registration characters -&gt; org.hibernate.type.CharArrayType@6be968ce
DEBUG BasicTypeRegistry - Adding type registration char[] -&gt; org.hibernate.type.CharArrayType@6be968ce
DEBUG BasicTypeRegistry - Adding type registration [C -&gt; org.hibernate.type.CharArrayType@6be968ce
DEBUG BasicTypeRegistry - Adding type registration wrapper-characters -&gt; org.hibernate.type.CharacterArrayType@76494737
DEBUG BasicTypeRegistry - Adding type registration [Ljava.lang.Character; -&gt; org.hibernate.type.CharacterArrayType@76494737
DEBUG BasicTypeRegistry - Adding type registration Character[] -&gt; org.hibernate.type.CharacterArrayType@76494737
DEBUG BasicTypeRegistry - Adding type registration text -&gt; org.hibernate.type.TextType@609e8838
DEBUG BasicTypeRegistry - Adding type registration ntext -&gt; org.hibernate.type.NTextType@23e84203
DEBUG BasicTypeRegistry - Adding type registration blob -&gt; org.hibernate.type.BlobType@c430e6c
DEBUG BasicTypeRegistry - Adding type registration java.sql.Blob -&gt; org.hibernate.type.BlobType@c430e6c
DEBUG BasicTypeRegistry - Adding type registration materialized_blob -&gt; org.hibernate.type.MaterializedBlobType@72bc6553
DEBUG BasicTypeRegistry - Adding type registration clob -&gt; org.hibernate.type.ClobType@2ab4bc72
DEBUG BasicTypeRegistry - Adding type registration java.sql.Clob -&gt; org.hibernate.type.ClobType@2ab4bc72
DEBUG BasicTypeRegistry - Adding type registration nclob -&gt; org.hibernate.type.NClobType@55cb6996
DEBUG BasicTypeRegistry - Adding type registration java.sql.NClob -&gt; org.hibernate.type.NClobType@55cb6996
DEBUG BasicTypeRegistry - Adding type registration materialized_clob -&gt; org.hibernate.type.MaterializedClobType@f1da57d
DEBUG BasicTypeRegistry - Adding type registration materialized_nclob -&gt; org.hibernate.type.MaterializedNClobType@72c8e7b
DEBUG BasicTypeRegistry - Adding type registration serializable -&gt; org.hibernate.type.SerializableType@790da477
DEBUG BasicTypeRegistry - Adding type registration object -&gt; org.hibernate.type.ObjectType@3feb2dda
DEBUG BasicTypeRegistry - Adding type registration java.lang.Object -&gt; org.hibernate.type.ObjectType@3feb2dda
DEBUG BasicTypeRegistry - Adding type registration imm_date -&gt; org.hibernate.type.AdaptedImmutableType@42e22a53
DEBUG BasicTypeRegistry - Adding type registration imm_time -&gt; org.hibernate.type.AdaptedImmutableType@57adfab0
DEBUG BasicTypeRegistry - Adding type registration imm_timestamp -&gt; org.hibernate.type.AdaptedImmutableType@1949309d
DEBUG BasicTypeRegistry - Adding type registration imm_dbtimestamp -&gt; org.hibernate.type.AdaptedImmutableType@5af97169
DEBUG BasicTypeRegistry - Adding type registration imm_calendar -&gt; org.hibernate.type.AdaptedImmutableType@99a78d7
DEBUG BasicTypeRegistry - Adding type registration imm_calendar_date -&gt; org.hibernate.type.AdaptedImmutableType@31da6b2e
DEBUG BasicTypeRegistry - Adding type registration imm_binary -&gt; org.hibernate.type.AdaptedImmutableType@61c76850
DEBUG BasicTypeRegistry - Adding type registration imm_serializable -&gt; org.hibernate.type.AdaptedImmutableType@70242f38
DEBUG DefaultIdentifierGeneratorFactory - Registering IdentifierGenerator strategy [uuid2] -&gt; [org.hibernate.id.UUIDGenerator]
DEBUG DefaultIdentifierGeneratorFactory - Registering IdentifierGenerator strategy [guid] -&gt; [org.hibernate.id.GUIDGenerator]
DEBUG DefaultIdentifierGeneratorFactory - Registering IdentifierGenerator strategy [uuid] -&gt; [org.hibernate.id.UUIDHexGenerator]
DEBUG DefaultIdentifierGeneratorFactory - Registering IdentifierGenerator strategy [uuid.hex] -&gt; [org.hibernate.id.UUIDHexGenerator]
DEBUG DefaultIdentifierGeneratorFactory - Registering IdentifierGenerator strategy [hilo] -&gt; [org.hibernate.id.TableHiLoGenerator]
DEBUG DefaultIdentifierGeneratorFactory - Registering IdentifierGenerator strategy [assigned] -&gt; [org.hibernate.id.Assigned]
DEBUG DefaultIdentifierGeneratorFactory - Registering IdentifierGenerator strategy [identity] -&gt; [org.hibernate.id.IdentityGenerator]
DEBUG DefaultIdentifierGeneratorFactory - Registering IdentifierGenerator strategy [select] -&gt; [org.hibernate.id.SelectGenerator]
DEBUG DefaultIdentifierGeneratorFactory - Registering IdentifierGenerator strategy [sequence] -&gt; [org.hibernate.id.SequenceGenerator]
DEBUG DefaultIdentifierGeneratorFactory - Registering IdentifierGenerator strategy [seqhilo] -&gt; [org.hibernate.id.SequenceHiLoGenerator]
DEBUG DefaultIdentifierGeneratorFactory - Registering IdentifierGenerator strategy [increment] -&gt; [org.hibernate.id.IncrementGenerator]
DEBUG DefaultIdentifierGeneratorFactory - Registering IdentifierGenerator strategy [foreign] -&gt; [org.hibernate.id.ForeignGenerator]
DEBUG DefaultIdentifierGeneratorFactory - Registering IdentifierGenerator strategy [sequence-identity] -&gt; [org.hibernate.id.SequenceIdentityGenerator]
DEBUG DefaultIdentifierGeneratorFactory - Registering IdentifierGenerator strategy [enhanced-sequence] -&gt; [org.hibernate.id.enhanced.SequenceStyleGenerator]
DEBUG DefaultIdentifierGeneratorFactory - Registering IdentifierGenerator strategy [enhanced-table] -&gt; [org.hibernate.id.enhanced.TableGenerator]
DEBUG Ejb3Configuration - Processing PersistenceUnitInfo [
	name: default
	persistence provider classname: null
	classloader: sun.misc.Launcher$AppClassLoader@6bc7c054
	Temporary classloader: org.springframework.instrument.classloading.SimpleThrowawayClassLoader@2a22ad2b
	excludeUnlistedClasses: true
	JTA datasource: null
	Non JTA datasource: org.springframework.jdbc.datasource.DriverManagerDataSource@48c3205a
	Transaction type: RESOURCE_LOCAL
	PU root URL: file:/C:/Users/chq-jamesgl/STS_work2/finalprojectgleixner/target/test-classes/
	Shared Cache Mode: UNSPECIFIED
	Validation Mode: AUTO
	Jar files URLs []
	Managed classes names [
		com.expeditors.training.course3demo.model.Address
		com.expeditors.training.course3demo.model.Card
		com.expeditors.training.course3demo.model.Container
		com.expeditors.training.course3demo.model.PhoneNumber
		com.expeditors.training.course3demo.model.Product
		com.expeditors.training.course3demo.model.Shipment
		com.expeditors.training.course3demo.model.UserAccount
		com.expeditors.training.course3demo.model.UserRole]
	Mapping files names []
	Properties []
DEBUG Ejb3Configuration - Detect class: true; detect hbm: true
DEBUG AbstractJarVisitor - Searching mapped entities in jar/par: file:/C:/Users/chq-jamesgl/STS_work2/finalprojectgleixner/target/test-classes/
DEBUG AbstractJarVisitor - Filtering: com.expeditors.training.course3demo.config.PersistenceJPATestConfig
DEBUG AbstractJarVisitor - Filtering: com.expeditors.training.course3demo.config.ServiceTestConfig
DEBUG AbstractJarVisitor - Filtering: com.expeditors.training.course3demo.config.TestConfig
DEBUG AbstractJarVisitor - Filtering: com.expeditors.training.course3demo.controller.ContainerControllerTest
DEBUG AbstractJarVisitor - Filtering: com.expeditors.training.course3demo.controller.ProductControllerTest
DEBUG AbstractJarVisitor - Filtering: com.expeditors.training.course3demo.controller.ShipmentControllerTest
DEBUG AbstractJarVisitor - Filtering: com.expeditors.training.course3demo.service.ContainerServiceTest
DEBUG AbstractJarVisitor - Filtering: com.expeditors.training.course3demo.service.ProductServiceTest
DEBUG AbstractJarVisitor - Filtering: com.expeditors.training.course3demo.service.ShipmentServiceTest
DEBUG IntegratorServiceImpl - Adding Integrator [org.hibernate.cfg.beanvalidation.BeanValidationIntegrator].
DEBUG IntegratorServiceImpl - Adding Integrator [org.hibernate.ejb.event.JpaIntegrator].
DEBUG NamingHelper - No JNDI name configured for binding Ejb3Configuration
DEBUG Configuration - Preparing to build session factory with filters : {}
DEBUG Configuration - Processing hbm.xml files
DEBUG Configuration - Process annotated classes
DEBUG AnnotationBinder - Binding entity from annotated class: com.expeditors.training.course3demo.model.Address
DEBUG Ejb3Column - Binding column: Ejb3DiscriminatorColumn{logicalColumnName&apos;DTYPE&apos;, discriminatorTypeName=&apos;string&apos;}
DEBUG EntityBinder - Import with entity name Address
DEBUG EntityBinder - Bind entity com.expeditors.training.course3demo.model.Address on table ADDRESS
DEBUG Ejb3Column - Binding column: Ejb3Column{table=org.hibernate.mapping.Table(ADDRESS), mappingColumn=ADDRESS_ID, insertable=true, updatable=true, unique=false}
DEBUG PropertyBinder - MetadataSourceProcessor property id with lazy=false
DEBUG SimpleValueBinder - building SimpleValue for id
DEBUG PropertyBinder - Building property id
DEBUG Ejb3Column - Binding column: Ejb3Column{table=org.hibernate.mapping.Table(ADDRESS), mappingColumn=city, insertable=true, updatable=true, unique=false}
DEBUG PropertyBinder - MetadataSourceProcessor property city with lazy=false
DEBUG SimpleValueBinder - building SimpleValue for city
DEBUG PropertyBinder - Building property city
DEBUG Ejb3Column - Binding column: Ejb3Column{table=org.hibernate.mapping.Table(ADDRESS), mappingColumn=state, insertable=true, updatable=true, unique=false}
DEBUG PropertyBinder - MetadataSourceProcessor property state with lazy=false
DEBUG SimpleValueBinder - building SimpleValue for state
DEBUG PropertyBinder - Building property state
DEBUG Ejb3Column - Binding column: Ejb3Column{table=org.hibernate.mapping.Table(ADDRESS), mappingColumn=street, insertable=true, updatable=true, unique=false}
DEBUG PropertyBinder - MetadataSourceProcessor property street with lazy=false
DEBUG SimpleValueBinder - building SimpleValue for street
DEBUG PropertyBinder - Building property street
DEBUG AnnotationBinder - Binding entity from annotated class: com.expeditors.training.course3demo.model.Card
DEBUG Ejb3Column - Binding column: Ejb3DiscriminatorColumn{logicalColumnName&apos;DTYPE&apos;, discriminatorTypeName=&apos;string&apos;}
DEBUG EntityBinder - Import with entity name Card
DEBUG EntityBinder - Bind entity com.expeditors.training.course3demo.model.Card on table CARD
DEBUG Ejb3Column - Binding column: Ejb3Column{table=org.hibernate.mapping.Table(CARD), mappingColumn=CARD_ID, insertable=true, updatable=true, unique=false}
DEBUG PropertyBinder - MetadataSourceProcessor property id with lazy=false
DEBUG SimpleValueBinder - building SimpleValue for id
DEBUG PropertyBinder - Building property id
DEBUG Ejb3Column - Binding column: Ejb3JoinColumn{logicalColumnName=&apos;address&apos;, referencedColumn=&apos;&apos;, mappedBy=&apos;&apos;}
DEBUG Ejb3Column - Binding column: Ejb3Column{table=org.hibernate.mapping.Table(CARD), mappingColumn=address, insertable=true, updatable=true, unique=false}
DEBUG PropertyBinder - Building property address
DEBUG Ejb3Column - Binding column: Ejb3Column{table=org.hibernate.mapping.Table(CARD), mappingColumn=amount, insertable=true, updatable=true, unique=false}
DEBUG PropertyBinder - MetadataSourceProcessor property amount with lazy=false
DEBUG SimpleValueBinder - building SimpleValue for amount
DEBUG PropertyBinder - Building property amount
DEBUG Ejb3Column - Binding column: Ejb3Column{table=org.hibernate.mapping.Table(CARD), mappingColumn=CARD_NUMBER, insertable=true, updatable=true, unique=false}
DEBUG PropertyBinder - MetadataSourceProcessor property number with lazy=false
DEBUG SimpleValueBinder - building SimpleValue for number
DEBUG PropertyBinder - Building property number
DEBUG Ejb3Column - Binding column: Ejb3Column{table=org.hibernate.mapping.Table(CARD), mappingColumn=OWNER_NAME, insertable=true, updatable=true, unique=false}
DEBUG PropertyBinder - MetadataSourceProcessor property owner with lazy=false
DEBUG SimpleValueBinder - building SimpleValue for owner
DEBUG PropertyBinder - Building property owner
DEBUG Ejb3Column - Binding column: Ejb3JoinColumn{logicalColumnName=&apos;null&apos;, referencedColumn=&apos;null&apos;, mappedBy=&apos;card&apos;}
DEBUG Ejb3Column - Binding column: Ejb3Column{table=org.hibernate.mapping.Table(CARD), mappingColumn=phoneNumbers, insertable=true, updatable=true, unique=false}
DEBUG Ejb3Column - Binding column: Ejb3Column{table=org.hibernate.mapping.Table(CARD), mappingColumn=index, insertable=true, updatable=true, unique=false}
DEBUG Ejb3Column - Binding column: Ejb3Column{table=org.hibernate.mapping.Table(CARD), mappingColumn=element, insertable=true, updatable=true, unique=false}
DEBUG Ejb3Column - Binding column: Ejb3Column{table=org.hibernate.mapping.Table(CARD), mappingColumn=phoneNumbers_KEY, insertable=true, updatable=true, unique=false}
DEBUG Ejb3Column - Binding column: Ejb3JoinColumn{logicalColumnName=&apos;phoneNumbers_KEY&apos;, referencedColumn=&apos;null&apos;, mappedBy=&apos;null&apos;}
DEBUG Ejb3Column - Binding column: Ejb3JoinColumn{logicalColumnName=&apos;null&apos;, referencedColumn=&apos;null&apos;, mappedBy=&apos;card&apos;}
DEBUG Ejb3Column - Binding column: Ejb3JoinColumn{logicalColumnName=&apos;null&apos;, referencedColumn=&apos;null&apos;, mappedBy=&apos;card&apos;}
DEBUG CollectionBinder - Collection role: com.expeditors.training.course3demo.model.Card.phoneNumbers
DEBUG PropertyBinder - Building property phoneNumbers
DEBUG AnnotationBinder - Binding entity from annotated class: com.expeditors.training.course3demo.model.Container
DEBUG Ejb3Column - Binding column: Ejb3DiscriminatorColumn{logicalColumnName&apos;DTYPE&apos;, discriminatorTypeName=&apos;string&apos;}
DEBUG EntityBinder - Import with entity name Container
DEBUG EntityBinder - Bind entity com.expeditors.training.course3demo.model.Container on table Container
DEBUG Ejb3Column - Binding column: Ejb3Column{table=org.hibernate.mapping.Table(Container), mappingColumn=CONTAINER_ID, insertable=true, updatable=true, unique=false}
DEBUG PropertyBinder - MetadataSourceProcessor property id with lazy=false
DEBUG SimpleValueBinder - building SimpleValue for id
DEBUG PropertyBinder - Building property id
DEBUG Ejb3Column - Binding column: Ejb3Column{table=org.hibernate.mapping.Table(Container), mappingColumn=capacity, insertable=true, updatable=true, unique=false}
DEBUG PropertyBinder - MetadataSourceProcessor property capacity with lazy=false
DEBUG SimpleValueBinder - building SimpleValue for capacity
DEBUG PropertyBinder - Building property capacity
DEBUG Ejb3Column - Binding column: Ejb3Column{table=org.hibernate.mapping.Table(Container), mappingColumn=destination, insertable=true, updatable=true, unique=false}
DEBUG PropertyBinder - MetadataSourceProcessor property destination with lazy=false
DEBUG SimpleValueBinder - building SimpleValue for destination
DEBUG PropertyBinder - Building property destination
DEBUG Ejb3Column - Binding column: Ejb3Column{table=org.hibernate.mapping.Table(Container), mappingColumn=location, insertable=true, updatable=true, unique=false}
DEBUG PropertyBinder - MetadataSourceProcessor property location with lazy=false
DEBUG SimpleValueBinder - building SimpleValue for location
DEBUG PropertyBinder - Building property location
DEBUG Ejb3Column - Binding column: Ejb3Column{table=org.hibernate.mapping.Table(Container), mappingColumn=name, insertable=true, updatable=true, unique=false}
DEBUG PropertyBinder - MetadataSourceProcessor property name with lazy=false
DEBUG SimpleValueBinder - building SimpleValue for name
DEBUG PropertyBinder - Building property name
DEBUG Ejb3Column - Binding column: Ejb3Column{table=org.hibernate.mapping.Table(Container), mappingColumn=status, insertable=true, updatable=true, unique=false}
DEBUG PropertyBinder - MetadataSourceProcessor property status with lazy=false
DEBUG SimpleValueBinder - building SimpleValue for status
DEBUG PropertyBinder - Building property status
DEBUG AnnotationBinder - Binding entity from annotated class: com.expeditors.training.course3demo.model.PhoneNumber
DEBUG Ejb3Column - Binding column: Ejb3DiscriminatorColumn{logicalColumnName&apos;DTYPE&apos;, discriminatorTypeName=&apos;string&apos;}
DEBUG EntityBinder - Import with entity name PhoneNumber
DEBUG EntityBinder - Bind entity com.expeditors.training.course3demo.model.PhoneNumber on table PHONE_NUMBER
DEBUG Ejb3Column - Binding column: Ejb3Column{table=org.hibernate.mapping.Table(PHONE_NUMBER), mappingColumn=PHONE_NUMBER_ID, insertable=true, updatable=true, unique=false}
DEBUG PropertyBinder - MetadataSourceProcessor property id with lazy=false
DEBUG SimpleValueBinder - building SimpleValue for id
DEBUG PropertyBinder - Building property id
DEBUG Ejb3Column - Binding column: Ejb3JoinColumn{logicalColumnName=&apos;CARD_ID&apos;, referencedColumn=&apos;&apos;, mappedBy=&apos;&apos;}
DEBUG Ejb3Column - Binding column: Ejb3Column{table=org.hibernate.mapping.Table(PHONE_NUMBER), mappingColumn=card, insertable=true, updatable=true, unique=false}
DEBUG PropertyBinder - Building property card
DEBUG Ejb3Column - Binding column: Ejb3Column{table=org.hibernate.mapping.Table(PHONE_NUMBER), mappingColumn=PHONE_NUMBER, insertable=true, updatable=true, unique=false}
DEBUG PropertyBinder - MetadataSourceProcessor property number with lazy=false
DEBUG SimpleValueBinder - building SimpleValue for number
DEBUG PropertyBinder - Building property number
DEBUG AnnotationBinder - Binding entity from annotated class: com.expeditors.training.course3demo.model.Product
DEBUG Ejb3Column - Binding column: Ejb3DiscriminatorColumn{logicalColumnName&apos;DTYPE&apos;, discriminatorTypeName=&apos;string&apos;}
DEBUG EntityBinder - Import with entity name Product
DEBUG EntityBinder - Bind entity com.expeditors.training.course3demo.model.Product on table PRODUCT
DEBUG Ejb3Column - Binding column: Ejb3Column{table=org.hibernate.mapping.Table(PRODUCT), mappingColumn=PRODUCT_ID, insertable=true, updatable=true, unique=false}
DEBUG PropertyBinder - MetadataSourceProcessor property id with lazy=false
DEBUG SimpleValueBinder - building SimpleValue for id
DEBUG PropertyBinder - Building property id
DEBUG Ejb3Column - Binding column: Ejb3Column{table=org.hibernate.mapping.Table(PRODUCT), mappingColumn=description, insertable=true, updatable=true, unique=false}
DEBUG PropertyBinder - MetadataSourceProcessor property description with lazy=false
DEBUG SimpleValueBinder - building SimpleValue for description
DEBUG PropertyBinder - Building property description
DEBUG Ejb3Column - Binding column: Ejb3Column{table=org.hibernate.mapping.Table(PRODUCT), mappingColumn=name, insertable=true, updatable=true, unique=false}
DEBUG PropertyBinder - MetadataSourceProcessor property name with lazy=false
DEBUG SimpleValueBinder - building SimpleValue for name
DEBUG PropertyBinder - Building property name
DEBUG Ejb3Column - Binding column: Ejb3Column{table=org.hibernate.mapping.Table(PRODUCT), mappingColumn=price, insertable=true, updatable=true, unique=false}
DEBUG PropertyBinder - MetadataSourceProcessor property price with lazy=false
DEBUG SimpleValueBinder - building SimpleValue for price
DEBUG PropertyBinder - Building property price
DEBUG AnnotationBinder - Binding entity from annotated class: com.expeditors.training.course3demo.model.Shipment
DEBUG Ejb3Column - Binding column: Ejb3DiscriminatorColumn{logicalColumnName&apos;DTYPE&apos;, discriminatorTypeName=&apos;string&apos;}
DEBUG EntityBinder - Import with entity name Shipment
DEBUG EntityBinder - Bind entity com.expeditors.training.course3demo.model.Shipment on table Shipment
DEBUG Ejb3Column - Binding column: Ejb3Column{table=org.hibernate.mapping.Table(Shipment), mappingColumn=SHIPMENT_ID, insertable=true, updatable=true, unique=false}
DEBUG PropertyBinder - MetadataSourceProcessor property id with lazy=false
DEBUG SimpleValueBinder - building SimpleValue for id
DEBUG PropertyBinder - Building property id
DEBUG Ejb3Column - Binding column: Ejb3Column{table=org.hibernate.mapping.Table(Shipment), mappingColumn=destination, insertable=true, updatable=true, unique=false}
DEBUG PropertyBinder - MetadataSourceProcessor property destination with lazy=false
DEBUG SimpleValueBinder - building SimpleValue for destination
DEBUG PropertyBinder - Building property destination
DEBUG Ejb3Column - Binding column: Ejb3Column{table=org.hibernate.mapping.Table(Shipment), mappingColumn=name, insertable=true, updatable=true, unique=false}
DEBUG PropertyBinder - MetadataSourceProcessor property name with lazy=false
DEBUG SimpleValueBinder - building SimpleValue for name
DEBUG PropertyBinder - Building property name
DEBUG Ejb3Column - Binding column: Ejb3Column{table=org.hibernate.mapping.Table(Shipment), mappingColumn=origin, insertable=true, updatable=true, unique=false}
DEBUG PropertyBinder - MetadataSourceProcessor property origin with lazy=false
DEBUG SimpleValueBinder - building SimpleValue for origin
DEBUG PropertyBinder - Building property origin
DEBUG Ejb3Column - Binding column: Ejb3Column{table=org.hibernate.mapping.Table(Shipment), mappingColumn=volume, insertable=true, updatable=true, unique=false}
DEBUG PropertyBinder - MetadataSourceProcessor property volume with lazy=false
DEBUG SimpleValueBinder - building SimpleValue for volume
DEBUG PropertyBinder - Building property volume
DEBUG AnnotationBinder - Binding entity from annotated class: com.expeditors.training.course3demo.model.UserAccount
DEBUG Ejb3Column - Binding column: Ejb3DiscriminatorColumn{logicalColumnName&apos;DTYPE&apos;, discriminatorTypeName=&apos;string&apos;}
DEBUG EntityBinder - Import with entity name UserAccount
DEBUG EntityBinder - Bind entity com.expeditors.training.course3demo.model.UserAccount on table USERACCOUNT
DEBUG Ejb3Column - Binding column: Ejb3Column{table=org.hibernate.mapping.Table(USERACCOUNT), mappingColumn=USER_ID, insertable=true, updatable=true, unique=false}
DEBUG PropertyBinder - MetadataSourceProcessor property id with lazy=false
DEBUG SimpleValueBinder - building SimpleValue for id
DEBUG PropertyBinder - Building property id
DEBUG Ejb3Column - Binding column: Ejb3Column{table=org.hibernate.mapping.Table(USERACCOUNT), mappingColumn=enabled, insertable=true, updatable=true, unique=false}
DEBUG PropertyBinder - MetadataSourceProcessor property enabled with lazy=false
DEBUG SimpleValueBinder - building SimpleValue for enabled
DEBUG PropertyBinder - Building property enabled
DEBUG Ejb3Column - Binding column: Ejb3Column{table=org.hibernate.mapping.Table(USERACCOUNT), mappingColumn=password, insertable=true, updatable=true, unique=false}
DEBUG PropertyBinder - MetadataSourceProcessor property password with lazy=false
DEBUG SimpleValueBinder - building SimpleValue for password
DEBUG PropertyBinder - Building property password
DEBUG Ejb3Column - Binding column: Ejb3JoinColumn{logicalColumnName=&apos;null&apos;, referencedColumn=&apos;null&apos;, mappedBy=&apos;userAccount&apos;}
DEBUG Ejb3Column - Binding column: Ejb3Column{table=org.hibernate.mapping.Table(USERACCOUNT), mappingColumn=userRoles, insertable=true, updatable=true, unique=false}
DEBUG Ejb3Column - Binding column: Ejb3Column{table=org.hibernate.mapping.Table(USERACCOUNT), mappingColumn=null, insertable=true, updatable=true, unique=false}
DEBUG Ejb3Column - Binding column: Ejb3Column{table=org.hibernate.mapping.Table(USERACCOUNT), mappingColumn=element, insertable=true, updatable=true, unique=false}
DEBUG Ejb3Column - Binding column: Ejb3Column{table=org.hibernate.mapping.Table(USERACCOUNT), mappingColumn=userRoles_KEY, insertable=true, updatable=true, unique=false}
DEBUG Ejb3Column - Binding column: Ejb3JoinColumn{logicalColumnName=&apos;userRoles_KEY&apos;, referencedColumn=&apos;null&apos;, mappedBy=&apos;null&apos;}
DEBUG Ejb3Column - Binding column: Ejb3JoinColumn{logicalColumnName=&apos;null&apos;, referencedColumn=&apos;null&apos;, mappedBy=&apos;userAccount&apos;}
DEBUG Ejb3Column - Binding column: Ejb3JoinColumn{logicalColumnName=&apos;null&apos;, referencedColumn=&apos;null&apos;, mappedBy=&apos;userAccount&apos;}
DEBUG CollectionBinder - Collection role: com.expeditors.training.course3demo.model.UserAccount.userRoles
DEBUG PropertyBinder - Building property userRoles
DEBUG Ejb3Column - Binding column: Ejb3Column{table=org.hibernate.mapping.Table(USERACCOUNT), mappingColumn=username, insertable=true, updatable=true, unique=false}
DEBUG PropertyBinder - MetadataSourceProcessor property username with lazy=false
DEBUG SimpleValueBinder - building SimpleValue for username
DEBUG PropertyBinder - Building property username
DEBUG AnnotationBinder - Binding entity from annotated class: com.expeditors.training.course3demo.model.UserRole
DEBUG Ejb3Column - Binding column: Ejb3DiscriminatorColumn{logicalColumnName&apos;DTYPE&apos;, discriminatorTypeName=&apos;string&apos;}
DEBUG EntityBinder - Import with entity name UserRole
DEBUG EntityBinder - Bind entity com.expeditors.training.course3demo.model.UserRole on table USERROLE
DEBUG Ejb3Column - Binding column: Ejb3Column{table=org.hibernate.mapping.Table(USERROLE), mappingColumn=ROLE_ID, insertable=true, updatable=true, unique=false}
DEBUG PropertyBinder - MetadataSourceProcessor property id with lazy=false
DEBUG SimpleValueBinder - building SimpleValue for id
DEBUG PropertyBinder - Building property id
DEBUG Ejb3Column - Binding column: Ejb3Column{table=org.hibernate.mapping.Table(USERROLE), mappingColumn=ROLE_NAME, insertable=true, updatable=true, unique=false}
DEBUG PropertyBinder - MetadataSourceProcessor property role with lazy=false
DEBUG SimpleValueBinder - building SimpleValue for role
DEBUG PropertyBinder - Building property role
DEBUG Ejb3Column - Binding column: Ejb3JoinColumn{logicalColumnName=&apos;ROLE_OWNER&apos;, referencedColumn=&apos;&apos;, mappedBy=&apos;&apos;}
DEBUG Ejb3Column - Binding column: Ejb3Column{table=org.hibernate.mapping.Table(USERROLE), mappingColumn=userAccount, insertable=true, updatable=true, unique=false}
DEBUG PropertyBinder - Building property userAccount
DEBUG SimpleValueBinder - Setting SimpleValue typeName for id
DEBUG SimpleValueBinder - Setting SimpleValue typeName for city
DEBUG SimpleValueBinder - Setting SimpleValue typeName for state
DEBUG SimpleValueBinder - Setting SimpleValue typeName for street
DEBUG SimpleValueBinder - Setting SimpleValue typeName for id
DEBUG SimpleValueBinder - Setting SimpleValue typeName for amount
DEBUG SimpleValueBinder - Setting SimpleValue typeName for number
DEBUG SimpleValueBinder - Setting SimpleValue typeName for owner
DEBUG SimpleValueBinder - Setting SimpleValue typeName for id
DEBUG SimpleValueBinder - Setting SimpleValue typeName for capacity
DEBUG SimpleValueBinder - Setting SimpleValue typeName for destination
DEBUG SimpleValueBinder - Setting SimpleValue typeName for location
DEBUG SimpleValueBinder - Setting SimpleValue typeName for name
DEBUG SimpleValueBinder - Setting SimpleValue typeName for status
DEBUG SimpleValueBinder - Setting SimpleValue typeName for id
DEBUG SimpleValueBinder - Setting SimpleValue typeName for number
DEBUG SimpleValueBinder - Setting SimpleValue typeName for id
DEBUG SimpleValueBinder - Setting SimpleValue typeName for description
DEBUG SimpleValueBinder - Setting SimpleValue typeName for name
DEBUG SimpleValueBinder - Setting SimpleValue typeName for price
DEBUG SimpleValueBinder - Setting SimpleValue typeName for id
DEBUG SimpleValueBinder - Setting SimpleValue typeName for destination
DEBUG SimpleValueBinder - Setting SimpleValue typeName for name
DEBUG SimpleValueBinder - Setting SimpleValue typeName for origin
DEBUG SimpleValueBinder - Setting SimpleValue typeName for volume
DEBUG SimpleValueBinder - Setting SimpleValue typeName for id
DEBUG SimpleValueBinder - Setting SimpleValue typeName for enabled
DEBUG SimpleValueBinder - Setting SimpleValue typeName for password
DEBUG SimpleValueBinder - Setting SimpleValue typeName for username
DEBUG SimpleValueBinder - Setting SimpleValue typeName for id
DEBUG SimpleValueBinder - Setting SimpleValue typeName for role
DEBUG Configuration - Processing fk mappings (*ToOne and JoinedSubclass)
DEBUG Configuration - Processing extends queue
DEBUG Configuration - Processing extends queue
DEBUG Configuration - Processing collection mappings
DEBUG CollectionSecondPass - Second pass for collection: com.expeditors.training.course3demo.model.Card.phoneNumbers
DEBUG CollectionBinder - Binding a OneToMany: com.expeditors.training.course3demo.model.Card.phoneNumbers through a foreign key
DEBUG CollectionBinder - Mapping collection: com.expeditors.training.course3demo.model.Card.phoneNumbers -&gt; PHONE_NUMBER
DEBUG TableBinder - Retrieving property com.expeditors.training.course3demo.model.PhoneNumber.card
DEBUG SimpleValueBinder - building SimpleValue for null
DEBUG SimpleValueBinder - Setting SimpleValue typeName for null
DEBUG CollectionSecondPass - Mapped collection key: CARD_ID, index: index, one-to-many: com.expeditors.training.course3demo.model.PhoneNumber
DEBUG CollectionSecondPass - Second pass for collection: com.expeditors.training.course3demo.model.UserAccount.userRoles
DEBUG CollectionBinder - Binding a OneToMany: com.expeditors.training.course3demo.model.UserAccount.userRoles through a foreign key
DEBUG CollectionBinder - Mapping collection: com.expeditors.training.course3demo.model.UserAccount.userRoles -&gt; USERROLE
DEBUG TableBinder - Retrieving property com.expeditors.training.course3demo.model.UserRole.userAccount
DEBUG CollectionSecondPass - Mapped collection key: ROLE_OWNER, one-to-many: com.expeditors.training.course3demo.model.UserRole
DEBUG Configuration - Processing native query and ResultSetMapping mappings
DEBUG Configuration - Processing association property references
DEBUG Configuration - Creating tables&apos; unique integer identifiers
DEBUG Configuration - Processing foreign key constraints
DEBUG Configuration - Resolving reference to class: com.expeditors.training.course3demo.model.Address
DEBUG Configuration - Resolving reference to class: com.expeditors.training.course3demo.model.Card
DEBUG Configuration - Resolving reference to class: com.expeditors.training.course3demo.model.UserAccount
INFO  ConnectionProviderInitiator - HHH000130: Instantiating explicit connection provider: org.hibernate.ejb.connection.InjectedDataSourceConnectionProvider
DEBUG JdbcServicesImpl - Database -&gt;
       name : HSQL Database Engine
    version : 2.2.4
      major : 2
      minor : 2
DEBUG JdbcServicesImpl - Driver -&gt;
       name : HSQL Database Engine Driver
    version : 2.2.4
      major : 2
      minor : 2
DEBUG JdbcServicesImpl - JDBC version : 4.0
INFO  Dialect - HHH000400: Using dialect: org.hibernate.dialect.HSQLDialect
DEBUG SettingsFactory - Automatic flush during beforeCompletion(): disabled
DEBUG SettingsFactory - Automatic session close at end of transaction: disabled
DEBUG SettingsFactory - JDBC batch size: 15
DEBUG SettingsFactory - JDBC batch updates for versioned data: disabled
DEBUG SettingsFactory - Scrollable result sets: enabled
DEBUG SettingsFactory - Wrap result sets: disabled
DEBUG SettingsFactory - JDBC3 getGeneratedKeys(): enabled
DEBUG SettingsFactory - multi-tenancy strategy : NONE
DEBUG SettingsFactory - Connection release mode: auto
INFO  TransactionFactoryInitiator - HHH000268: Transaction strategy: org.hibernate.engine.transaction.internal.jdbc.JdbcTransactionFactory
DEBUG SettingsFactory - Using BatchFetchStyle : LEGACY
DEBUG SettingsFactory - Default batch fetch size: 1
DEBUG SettingsFactory - Generate SQL with comments: disabled
DEBUG SettingsFactory - Order SQL updates by primary key: disabled
DEBUG SettingsFactory - Order SQL inserts for batching: disabled
DEBUG SettingsFactory - Default null ordering: none
DEBUG SettingsFactory - Query translator: org.hibernate.hql.internal.ast.ASTQueryTranslatorFactory
INFO  ASTQueryTranslatorFactory - HHH000397: Using ASTQueryTranslatorFactory
DEBUG SettingsFactory - Query language substitutions: {}
DEBUG SettingsFactory - JPA-QL strict compliance: enabled
DEBUG SettingsFactory - Second-level cache: enabled
DEBUG SettingsFactory - Query cache: disabled
DEBUG SettingsFactory - Cache region factory : org.hibernate.cache.internal.NoCachingRegionFactory
DEBUG SettingsFactory - org.hibernate.cache.internal.NoCachingRegionFactory did not provide constructor accepting java.util.Properties; attempting no-arg constructor.
DEBUG SettingsFactory - Optimize cache for minimal puts: disabled
DEBUG SettingsFactory - Structured second-level cache entries: disabled
DEBUG SettingsFactory - Second-level cache direct-reference entries: disabled
DEBUG SettingsFactory - Statistics: disabled
DEBUG SettingsFactory - Deleted entity synthetic identifier rollback: disabled
DEBUG SettingsFactory - Default entity-mode: pojo
DEBUG SettingsFactory - Named query checking : enabled
DEBUG SettingsFactory - Check Nullability in Core (should be disabled when Bean Validation is on): enabled
DEBUG SettingsFactory - Allow initialization of lazy state outside session : : disabled
DEBUG SettingsFactory - JTA Track by Thread: enabled
DEBUG SessionFactoryImpl - Building session factory
DEBUG SessionFactoryImpl - Session factory constructed with filter configurations : {}
DEBUG SessionFactoryImpl - Instantiating session factory with properties: {java.vendor=Oracle Corporation, localRepository=C:\Users\chq-jamesgl\.m2\repository, hibernate=org.hibernate.dialect.HSQLDialect, sun.java.launcher=SUN_STANDARD, sun.management.compiler=HotSpot 64-Bit Tiered Compilers, hibernate.ejb.discard_pc_on_close=false, hibernate.transaction.flush_before_completion=false, os.name=Windows 7, sun.boot.class.path=C:\Program Files\Java\jdk1.8.0_20\jre\lib\resources.jar;C:\Program Files\Java\jdk1.8.0_20\jre\lib\rt.jar;C:\Program Files\Java\jdk1.8.0_20\jre\lib\sunrsasign.jar;C:\Program Files\Java\jdk1.8.0_20\jre\lib\jsse.jar;C:\Program Files\Java\jdk1.8.0_20\jre\lib\jce.jar;C:\Program Files\Java\jdk1.8.0_20\jre\lib\charsets.jar;C:\Program Files\Java\jdk1.8.0_20\jre\lib\jfr.jar;C:\Program Files\Java\jdk1.8.0_20\jre\classes, sun.desktop=windows, java.vm.specification.vendor=Oracle Corporation, java.runtime.version=1.8.0_20-b26, hibernate.connection.autocommit=true, user.name=chq-jamesgl, javax.persistence.validation.mode=AUTO, hibernate.connection.release_mode=auto, user.language=en, sun.boot.library.path=C:\Program Files\Java\jdk1.8.0_20\jre\bin, java.version=1.8.0_20, user.timezone=America/Los_Angeles, sun.arch.data.model=64, java.endorsed.dirs=C:\Program Files\Java\jdk1.8.0_20\jre\lib\endorsed, sun.cpu.isalist=amd64, sun.jnu.encoding=Cp1252, file.encoding.pkg=sun.io, file.separator=\, java.specification.name=Java Platform API Specification, java.class.version=52.0, user.country=US, java.home=C:\Program Files\Java\jdk1.8.0_20\jre, java.vm.info=mixed mode, os.version=6.1, hibernate.transaction.factory_class=org.hibernate.engine.transaction.internal.jdbc.JdbcTransactionFactory, hibernate.connection.datasource=org.springframework.jdbc.datasource.DriverManagerDataSource@48c3205a, surefire.real.class.path=C:\Users\chq-jamesgl\STS_work2\finalprojectgleixner\target\surefire\surefirebooter4129056140270613633.jar, hibernate.query.jpaql_strict_compliance=true, path.separator=;, java.vm.version=25.20-b23, user.variant=, java.awt.printerjob=sun.awt.windows.WPrinterJob, sun.io.unicode.encoding=UnicodeLittle, awt.toolkit=sun.awt.windows.WToolkit, user.script=, user.home=C:\Users\chq-jamesgl, java.specification.vendor=Oracle Corporation, hibernate.hbm2ddl.auto=create-drop, java.library.path=C:\Program Files\Java\jdk1.8.0_20\jre\bin;C:\WINDOWS\Sun\Java\bin;C:\WINDOWS\system32;C:\WINDOWS;C:/Program Files/Java/jdk1.7.0_45/bin/../jre/bin/server;C:/Program Files/Java/jdk1.7.0_45/bin/../jre/bin;C:/Program Files/Java/jdk1.7.0_45/bin/../jre/lib/amd64;C:\Program Files\spring-1.2.1.RELEASE\bin;C:\Maven\apache-maven-3.0.5\bin;C:\Program Files\Java\jdk1.7.0_45\bin;C:\ProgramData\Oracle\Java\javapath;C:\Program Files (x86)\Intel\iCLS Client\;C:\Program Files\Intel\iCLS Client\;C:\WINDOWS\system32;C:\WINDOWS;C:\WINDOWS\System32\Wbem;C:\WINDOWS\System32\WindowsPowerShell\v1.0\;C:\Program Files\Intel\DMIX;C:\WINDOWS\CCM;C:\WINDOWS\CCM;C:\WINDOWS\CCM;C:\WINDOWS\CCM;C:\WINDOWS\CCM;C:\WINDOWS\CCM;C:\WINDOWS\CCM;C:\PROGRA~2\IBM\SQLLIB\BIN;C:\PROGRA~2\IBM\SQLLIB\FUNCTION;C:\PROGRA~2\IBM\SQLLIB\SAMPLES\REPL;C:\Program Files\Intel\Intel(R) Management Engine Components\DAL;C:\Program Files\Intel\Intel(R) Management Engine Components\IPT;C:\Program Files (x86)\Intel\Intel(R) Management Engine Components\DAL;C:\Program Files (x86)\Intel\Intel(R) Management Engine Components\IPT;C:\Program Files\Microsoft\Web Platform Installer\;C:\Program Files\TortoiseSVN\bin;C:\Users\chq-jamesgl\Documents\STS2\sts-bundle\sts-3.6.3.SR1;;., java.vendor.url=http://java.oracle.com/, java.vm.vendor=Oracle Corporation, java.runtime.name=Java(TM) SE Runtime Environment, sun.java.command=C:\Users\chq-jamesgl\STS_work2\finalprojectgleixner\target\surefire\surefirebooter4129056140270613633.jar C:\Users\chq-jamesgl\STS_work2\finalprojectgleixner\target\surefire\surefire3891015182998956309tmp C:\Users\chq-jamesgl\STS_work2\finalprojectgleixner\target\surefire\surefire_0694316389834651853tmp, java.class.path=C:\Users\chq-jamesgl\STS_work2\finalprojectgleixner\target\test-classes;C:\Users\chq-jamesgl\STS_work2\finalprojectgleixner\target\classes;C:\Users\chq-jamesgl\.m2\repository\org\springframework\spring-webmvc\3.2.3.RELEASE\spring-webmvc-3.2.3.RELEASE.jar;C:\Users\chq-jamesgl\.m2\repository\org\springframework\spring-beans\3.2.3.RELEASE\spring-beans-3.2.3.RELEASE.jar;C:\Users\chq-jamesgl\.m2\repository\org\springframework\spring-context\3.2.3.RELEASE\spring-context-3.2.3.RELEASE.jar;C:\Users\chq-jamesgl\.m2\repository\org\springframework\spring-core\3.2.3.RELEASE\spring-core-3.2.3.RELEASE.jar;C:\Users\chq-jamesgl\.m2\repository\commons-logging\commons-logging\1.1.1\commons-logging-1.1.1.jar;C:\Users\chq-jamesgl\.m2\repository\org\springframework\spring-expression\3.2.3.RELEASE\spring-expression-3.2.3.RELEASE.jar;C:\Users\chq-jamesgl\.m2\repository\org\springframework\spring-web\3.2.3.RELEASE\spring-web-3.2.3.RELEASE.jar;C:\Users\chq-jamesgl\.m2\repository\org\springframework\security\spring-security-web\3.2.3.RELEASE\spring-security-web-3.2.3.RELEASE.jar;C:\Users\chq-jamesgl\.m2\repository\aopalliance\aopalliance\1.0\aopalliance-1.0.jar;C:\Users\chq-jamesgl\.m2\repository\org\springframework\security\spring-security-core\3.2.3.RELEASE\spring-security-core-3.2.3.RELEASE.jar;C:\Users\chq-jamesgl\.m2\repository\org\springframework\security\spring-security-config\3.2.3.RELEASE\spring-security-config-3.2.3.RELEASE.jar;C:\Users\chq-jamesgl\.m2\repository\org\springframework\security\spring-security-taglibs\3.2.3.RELEASE\spring-security-taglibs-3.2.3.RELEASE.jar;C:\Users\chq-jamesgl\.m2\repository\org\springframework\security\spring-security-acl\3.2.3.RELEASE\spring-security-acl-3.2.3.RELEASE.jar;C:\Users\chq-jamesgl\.m2\repository\javax\servlet\jstl\1.2\jstl-1.2.jar;C:\Users\chq-jamesgl\.m2\repository\javax\servlet\servlet-api\2.5\servlet-api-2.5.jar;C:\Users\chq-jamesgl\.m2\repository\javax\servlet\jsp\jsp-api\2.2\jsp-api-2.2.jar;C:\Users\chq-jamesgl\.m2\repository\org\springframework\spring-tx\3.2.3.RELEASE\spring-tx-3.2.3.RELEASE.jar;C:\Users\chq-jamesgl\.m2\repository\org\springframework\spring-orm\3.2.3.RELEASE\spring-orm-3.2.3.RELEASE.jar;C:\Users\chq-jamesgl\.m2\repository\org\springframework\spring-jdbc\3.2.3.RELEASE\spring-jdbc-3.2.3.RELEASE.jar;C:\Users\chq-jamesgl\.m2\repository\org\springframework\spring-aop\3.2.3.RELEASE\spring-aop-3.2.3.RELEASE.jar;C:\Users\chq-jamesgl\.m2\repository\org\slf4j\slf4j-api\1.7.5\slf4j-api-1.7.5.jar;C:\Users\chq-jamesgl\.m2\repository\ch\qos\logback\logback-classic\1.0.13\logback-classic-1.0.13.jar;C:\Users\chq-jamesgl\.m2\repository\ch\qos\logback\logback-core\1.0.13\logback-core-1.0.13.jar;C:\Users\chq-jamesgl\.m2\repository\org\hibernate\hibernate-entitymanager\4.2.1.Final\hibernate-entitymanager-4.2.1.Final.jar;C:\Users\chq-jamesgl\.m2\repository\org\jboss\logging\jboss-logging\3.1.0.GA\jboss-logging-3.1.0.GA.jar;C:\Users\chq-jamesgl\.m2\repository\org\hibernate\hibernate-core\4.2.1.Final\hibernate-core-4.2.1.Final.jar;C:\Users\chq-jamesgl\.m2\repository\antlr\antlr\2.7.7\antlr-2.7.7.jar;C:\Users\chq-jamesgl\.m2\repository\dom4j\dom4j\1.6.1\dom4j-1.6.1.jar;C:\Users\chq-jamesgl\.m2\repository\org\jboss\spec\javax\transaction\jboss-transaction-api_1.1_spec\1.0.1.Final\jboss-transaction-api_1.1_spec-1.0.1.Final.jar;C:\Users\chq-jamesgl\.m2\repository\org\hibernate\javax\persistence\hibernate-jpa-2.0-api\1.0.1.Final\hibernate-jpa-2.0-api-1.0.1.Final.jar;C:\Users\chq-jamesgl\.m2\repository\org\javassist\javassist\3.15.0-GA\javassist-3.15.0-GA.jar;C:\Users\chq-jamesgl\.m2\repository\org\hibernate\common\hibernate-commons-annotations\4.0.1.Final\hibernate-commons-annotations-4.0.1.Final.jar;C:\Users\chq-jamesgl\.m2\repository\javax\validation\validation-api\1.1.0.Final\validation-api-1.1.0.Final.jar;C:\Users\chq-jamesgl\.m2\repository\org\hibernate\hibernate-validator\4.2.0.Final\hibernate-validator-4.2.0.Final.jar;C:\Users\chq-jamesgl\.m2\repository\org\hsqldb\hsqldb\2.2.4\hsqldb-2.2.4.jar;C:\Users\chq-jamesgl\.m2\repository\org\dbunit\dbunit\2.5.0\dbunit-2.5.0.jar;C:\Users\chq-jamesgl\.m2\repository\commons-collections\commons-collections\3.2.1\commons-collections-3.2.1.jar;C:\Users\chq-jamesgl\.m2\repository\com\github\springtestdbunit\spring-test-dbunit\1.2.0\spring-test-dbunit-1.2.0.jar;C:\Users\chq-jamesgl\.m2\repository\org\springframework\spring-test\3.2.3.RELEASE\spring-test-3.2.3.RELEASE.jar;C:\Users\chq-jamesgl\.m2\repository\org\hamcrest\hamcrest-all\1.3\hamcrest-all-1.3.jar;C:\Users\chq-jamesgl\.m2\repository\junit\junit\4.11\junit-4.11.jar;C:\Users\chq-jamesgl\.m2\repository\org\hamcrest\hamcrest-core\1.3\hamcrest-core-1.3.jar;C:\Users\chq-jamesgl\.m2\repository\org\mockito\mockito-core\1.9.5\mockito-core-1.9.5.jar;C:\Users\chq-jamesgl\.m2\repository\org\objenesis\objenesis\1.0\objenesis-1.0.jar;C:\Users\chq-jamesgl\.m2\repository\org\apache\derby\derbyclient\10.11.1.1\derbyclient-10.11.1.1.jar;C:\Users\chq-jamesgl\.m2\repository\org\sitemesh\sitemesh\3.0-alpha-2\sitemesh-3.0-alpha-2.jar;, hibernate.bytecode.use_reflection_optimizer=false, java.vm.specification.name=Java Virtual Machine Specification, java.vm.specification.version=1.8, sun.cpu.endian=little, sun.os.patch.level=Service Pack 1, hibernate.connection.provider_class=org.hibernate.ejb.connection.InjectedDataSourceConnectionProvider, surefire.test.class.path=C:\Users\chq-jamesgl\STS_work2\finalprojectgleixner\target\test-classes;C:\Users\chq-jamesgl\STS_work2\finalprojectgleixner\target\classes;C:\Users\chq-jamesgl\.m2\repository\org\springframework\spring-webmvc\3.2.3.RELEASE\spring-webmvc-3.2.3.RELEASE.jar;C:\Users\chq-jamesgl\.m2\repository\org\springframework\spring-beans\3.2.3.RELEASE\spring-beans-3.2.3.RELEASE.jar;C:\Users\chq-jamesgl\.m2\repository\org\springframework\spring-context\3.2.3.RELEASE\spring-context-3.2.3.RELEASE.jar;C:\Users\chq-jamesgl\.m2\repository\org\springframework\spring-core\3.2.3.RELEASE\spring-core-3.2.3.RELEASE.jar;C:\Users\chq-jamesgl\.m2\repository\commons-logging\commons-logging\1.1.1\commons-logging-1.1.1.jar;C:\Users\chq-jamesgl\.m2\repository\org\springframework\spring-expression\3.2.3.RELEASE\spring-expression-3.2.3.RELEASE.jar;C:\Users\chq-jamesgl\.m2\repository\org\springframework\spring-web\3.2.3.RELEASE\spring-web-3.2.3.RELEASE.jar;C:\Users\chq-jamesgl\.m2\repository\org\springframework\security\spring-security-web\3.2.3.RELEASE\spring-security-web-3.2.3.RELEASE.jar;C:\Users\chq-jamesgl\.m2\repository\aopalliance\aopalliance\1.0\aopalliance-1.0.jar;C:\Users\chq-jamesgl\.m2\repository\org\springframework\security\spring-security-core\3.2.3.RELEASE\spring-security-core-3.2.3.RELEASE.jar;C:\Users\chq-jamesgl\.m2\repository\org\springframework\security\spring-security-config\3.2.3.RELEASE\spring-security-config-3.2.3.RELEASE.jar;C:\Users\chq-jamesgl\.m2\repository\org\springframework\security\spring-security-taglibs\3.2.3.RELEASE\spring-security-taglibs-3.2.3.RELEASE.jar;C:\Users\chq-jamesgl\.m2\repository\org\springframework\security\spring-security-acl\3.2.3.RELEASE\spring-security-acl-3.2.3.RELEASE.jar;C:\Users\chq-jamesgl\.m2\repository\javax\servlet\jstl\1.2\jstl-1.2.jar;C:\Users\chq-jamesgl\.m2\repository\javax\servlet\servlet-api\2.5\servlet-api-2.5.jar;C:\Users\chq-jamesgl\.m2\repository\javax\servlet\jsp\jsp-api\2.2\jsp-api-2.2.jar;C:\Users\chq-jamesgl\.m2\repository\org\springframework\spring-tx\3.2.3.RELEASE\spring-tx-3.2.3.RELEASE.jar;C:\Users\chq-jamesgl\.m2\repository\org\springframework\spring-orm\3.2.3.RELEASE\spring-orm-3.2.3.RELEASE.jar;C:\Users\chq-jamesgl\.m2\repository\org\springframework\spring-jdbc\3.2.3.RELEASE\spring-jdbc-3.2.3.RELEASE.jar;C:\Users\chq-jamesgl\.m2\repository\org\springframework\spring-aop\3.2.3.RELEASE\spring-aop-3.2.3.RELEASE.jar;C:\Users\chq-jamesgl\.m2\repository\org\slf4j\slf4j-api\1.7.5\slf4j-api-1.7.5.jar;C:\Users\chq-jamesgl\.m2\repository\ch\qos\logback\logback-classic\1.0.13\logback-classic-1.0.13.jar;C:\Users\chq-jamesgl\.m2\repository\ch\qos\logback\logback-core\1.0.13\logback-core-1.0.13.jar;C:\Users\chq-jamesgl\.m2\repository\org\hibernate\hibernate-entitymanager\4.2.1.Final\hibernate-entitymanager-4.2.1.Final.jar;C:\Users\chq-jamesgl\.m2\repository\org\jboss\logging\jboss-logging\3.1.0.GA\jboss-logging-3.1.0.GA.jar;C:\Users\chq-jamesgl\.m2\repository\org\hibernate\hibernate-core\4.2.1.Final\hibernate-core-4.2.1.Final.jar;C:\Users\chq-jamesgl\.m2\repository\antlr\antlr\2.7.7\antlr-2.7.7.jar;C:\Users\chq-jamesgl\.m2\repository\dom4j\dom4j\1.6.1\dom4j-1.6.1.jar;C:\Users\chq-jamesgl\.m2\repository\org\jboss\spec\javax\transaction\jboss-transaction-api_1.1_spec\1.0.1.Final\jboss-transaction-api_1.1_spec-1.0.1.Final.jar;C:\Users\chq-jamesgl\.m2\repository\org\hibernate\javax\persistence\hibernate-jpa-2.0-api\1.0.1.Final\hibernate-jpa-2.0-api-1.0.1.Final.jar;C:\Users\chq-jamesgl\.m2\repository\org\javassist\javassist\3.15.0-GA\javassist-3.15.0-GA.jar;C:\Users\chq-jamesgl\.m2\repository\org\hibernate\common\hibernate-commons-annotations\4.0.1.Final\hibernate-commons-annotations-4.0.1.Final.jar;C:\Users\chq-jamesgl\.m2\repository\javax\validation\validation-api\1.1.0.Final\validation-api-1.1.0.Final.jar;C:\Users\chq-jamesgl\.m2\repository\org\hibernate\hibernate-validator\4.2.0.Final\hibernate-validator-4.2.0.Final.jar;C:\Users\chq-jamesgl\.m2\repository\org\hsqldb\hsqldb\2.2.4\hsqldb-2.2.4.jar;C:\Users\chq-jamesgl\.m2\repository\org\dbunit\dbunit\2.5.0\dbunit-2.5.0.jar;C:\Users\chq-jamesgl\.m2\repository\commons-collections\commons-collections\3.2.1\commons-collections-3.2.1.jar;C:\Users\chq-jamesgl\.m2\repository\com\github\springtestdbunit\spring-test-dbunit\1.2.0\spring-test-dbunit-1.2.0.jar;C:\Users\chq-jamesgl\.m2\repository\org\springframework\spring-test\3.2.3.RELEASE\spring-test-3.2.3.RELEASE.jar;C:\Users\chq-jamesgl\.m2\repository\org\hamcrest\hamcrest-all\1.3\hamcrest-all-1.3.jar;C:\Users\chq-jamesgl\.m2\repository\junit\junit\4.11\junit-4.11.jar;C:\Users\chq-jamesgl\.m2\repository\org\hamcrest\hamcrest-core\1.3\hamcrest-core-1.3.jar;C:\Users\chq-jamesgl\.m2\repository\org\mockito\mockito-core\1.9.5\mockito-core-1.9.5.jar;C:\Users\chq-jamesgl\.m2\repository\org\objenesis\objenesis\1.0\objenesis-1.0.jar;C:\Users\chq-jamesgl\.m2\repository\org\apache\derby\derbyclient\10.11.1.1\derbyclient-10.11.1.1.jar;C:\Users\chq-jamesgl\.m2\repository\org\sitemesh\sitemesh\3.0-alpha-2\sitemesh-3.0-alpha-2.jar;, java.io.tmpdir=C:\Users\CHQ-JA~1\AppData\Local\Temp\, java.vendor.url.bug=http://bugreport.sun.com/bugreport/, javax.persistence.sharedCache.mode=UNSPECIFIED, os.arch=amd64, java.awt.graphicsenv=sun.awt.Win32GraphicsEnvironment, java.ext.dirs=C:\Program Files\Java\jdk1.8.0_20\jre\lib\ext;C:\WINDOWS\Sun\Java\lib\ext, user.dir=C:\Users\chq-jamesgl\STS_work2\finalprojectgleixner, line.separator=
, java.vm.name=Java HotSpot(TM) 64-Bit Server VM, basedir=C:\Users\chq-jamesgl\STS_work2\finalprojectgleixner, file.encoding=Cp1252, hibernate.use_identifier_rollback=false, java.specification.version=1.8, hibernate.show_sql=true}
DEBUG DefaultTraversableResolver - Found javax.persistence.Persistence on classpath containing &apos;getPersistenceUtil&apos;. Assuming JPA 2 environment. Trying to instantiate JPA aware TraversableResolver
DEBUG DefaultTraversableResolver - Instantiated JPA aware TraversableResolver of type org.hibernate.validator.engine.resolver.JPATraversableResolver.
DEBUG ValidationXmlParser - Trying to load META-INF/validation.xml for XML based Validator configuration.
DEBUG ValidationXmlParser - No META-INF/validation.xml found. Using annotation based configuration only
DEBUG DefaultTraversableResolver - Found javax.persistence.Persistence on classpath containing &apos;getPersistenceUtil&apos;. Assuming JPA 2 environment. Trying to instantiate JPA aware TraversableResolver
DEBUG DefaultTraversableResolver - Instantiated JPA aware TraversableResolver of type org.hibernate.validator.engine.resolver.JPATraversableResolver.
DEBUG ValidationXmlParser - Trying to load META-INF/validation.xml for XML based Validator configuration.
DEBUG ValidationXmlParser - No META-INF/validation.xml found. Using annotation based configuration only
DEBUG ConstraintDescriptorImpl - Adding composing constraint: ConstraintDescriptorImpl{annotation=javax.validation.constraints.NotNull, payloads=[], hasComposingConstraints=true, isReportAsSingleInvalidConstraint=false, elementType=FIELD, definedOn=DEFINED_LOCALLY, groups=[interface javax.validation.groups.Default], attributes={message={javax.validation.constraints.NotNull.message}, groups=[Ljava.lang.Class;@773e2eb5, payload=[Ljava.lang.Class;@d8948cd}}
DEBUG ConstraintDescriptorImpl - Adding composing constraint: ConstraintDescriptorImpl{annotation=javax.validation.constraints.Size, payloads=[], hasComposingConstraints=true, isReportAsSingleInvalidConstraint=false, elementType=FIELD, definedOn=DEFINED_LOCALLY, groups=[interface javax.validation.groups.Default], attributes={groups=[Ljava.lang.Class;@3b7b05a8, min=1, message={javax.validation.constraints.Size.message}, max=2147483647, payload=[Ljava.lang.Class;@3d36dff4}}
DEBUG ConstraintDescriptorImpl - Adding composing constraint: ConstraintDescriptorImpl{annotation=javax.validation.constraints.NotNull, payloads=[], hasComposingConstraints=true, isReportAsSingleInvalidConstraint=false, elementType=FIELD, definedOn=DEFINED_LOCALLY, groups=[interface javax.validation.groups.Default], attributes={message={javax.validation.constraints.NotNull.message}, groups=[Ljava.lang.Class;@5e8604bf, payload=[Ljava.lang.Class;@20095ab4}}
DEBUG ConstraintDescriptorImpl - Adding composing constraint: ConstraintDescriptorImpl{annotation=javax.validation.constraints.Size, payloads=[], hasComposingConstraints=true, isReportAsSingleInvalidConstraint=false, elementType=FIELD, definedOn=DEFINED_LOCALLY, groups=[interface javax.validation.groups.Default], attributes={groups=[Ljava.lang.Class;@64aad6db, min=1, message={javax.validation.constraints.Size.message}, max=2147483647, payload=[Ljava.lang.Class;@ae7950d}}
DEBUG ConstraintDescriptorImpl - Adding composing constraint: ConstraintDescriptorImpl{annotation=javax.validation.constraints.NotNull, payloads=[], hasComposingConstraints=true, isReportAsSingleInvalidConstraint=false, elementType=FIELD, definedOn=DEFINED_LOCALLY, groups=[interface javax.validation.groups.Default], attributes={message={javax.validation.constraints.NotNull.message}, groups=[Ljava.lang.Class;@66c83fc8, payload=[Ljava.lang.Class;@546621c4}}
DEBUG ConstraintDescriptorImpl - Adding composing constraint: ConstraintDescriptorImpl{annotation=javax.validation.constraints.Size, payloads=[], hasComposingConstraints=true, isReportAsSingleInvalidConstraint=false, elementType=FIELD, definedOn=DEFINED_LOCALLY, groups=[interface javax.validation.groups.Default], attributes={groups=[Ljava.lang.Class;@f339eae, min=1, message={javax.validation.constraints.Size.message}, max=2147483647, payload=[Ljava.lang.Class;@2822c6ff}}
DEBUG ConstraintDescriptorImpl - Adding composing constraint: ConstraintDescriptorImpl{annotation=javax.validation.constraints.NotNull, payloads=[], hasComposingConstraints=true, isReportAsSingleInvalidConstraint=false, elementType=FIELD, definedOn=DEFINED_LOCALLY, groups=[interface javax.validation.groups.Default], attributes={message={javax.validation.constraints.NotNull.message}, groups=[Ljava.lang.Class;@256a1825, payload=[Ljava.lang.Class;@29a4f594}}
DEBUG ConstraintDescriptorImpl - Adding composing constraint: ConstraintDescriptorImpl{annotation=javax.validation.constraints.Size, payloads=[], hasComposingConstraints=true, isReportAsSingleInvalidConstraint=false, elementType=FIELD, definedOn=DEFINED_LOCALLY, groups=[interface javax.validation.groups.Default], attributes={groups=[Ljava.lang.Class;@5327a06e, min=1, message={javax.validation.constraints.Size.message}, max=2147483647, payload=[Ljava.lang.Class;@2679311f}}
DEBUG ConstraintDescriptorImpl - Adding composing constraint: ConstraintDescriptorImpl{annotation=javax.validation.constraints.NotNull, payloads=[], hasComposingConstraints=true, isReportAsSingleInvalidConstraint=false, elementType=FIELD, definedOn=DEFINED_LOCALLY, groups=[interface javax.validation.groups.Default], attributes={message={javax.validation.constraints.NotNull.message}, groups=[Ljava.lang.Class;@8ed9cf, payload=[Ljava.lang.Class;@f72203}}
DEBUG ConstraintDescriptorImpl - Adding composing constraint: ConstraintDescriptorImpl{annotation=javax.validation.constraints.Size, payloads=[], hasComposingConstraints=true, isReportAsSingleInvalidConstraint=false, elementType=FIELD, definedOn=DEFINED_LOCALLY, groups=[interface javax.validation.groups.Default], attributes={groups=[Ljava.lang.Class;@540dbda9, min=1, message={javax.validation.constraints.Size.message}, max=2147483647, payload=[Ljava.lang.Class;@22bb5646}}
DEBUG ConstraintDescriptorImpl - Adding composing constraint: ConstraintDescriptorImpl{annotation=javax.validation.constraints.NotNull, payloads=[], hasComposingConstraints=true, isReportAsSingleInvalidConstraint=false, elementType=FIELD, definedOn=DEFINED_LOCALLY, groups=[interface javax.validation.groups.Default], attributes={message={javax.validation.constraints.NotNull.message}, groups=[Ljava.lang.Class;@2ce45a7b, payload=[Ljava.lang.Class;@153d4abb}}
DEBUG ConstraintDescriptorImpl - Adding composing constraint: ConstraintDescriptorImpl{annotation=javax.validation.constraints.Size, payloads=[], hasComposingConstraints=true, isReportAsSingleInvalidConstraint=false, elementType=FIELD, definedOn=DEFINED_LOCALLY, groups=[interface javax.validation.groups.Default], attributes={groups=[Ljava.lang.Class;@5a67e962, min=1, message={javax.validation.constraints.Size.message}, max=2147483647, payload=[Ljava.lang.Class;@545e57d7}}
DEBUG ConstraintDescriptorImpl - Adding composing constraint: ConstraintDescriptorImpl{annotation=javax.validation.constraints.NotNull, payloads=[], hasComposingConstraints=true, isReportAsSingleInvalidConstraint=false, elementType=FIELD, definedOn=DEFINED_LOCALLY, groups=[interface javax.validation.groups.Default], attributes={message={javax.validation.constraints.NotNull.message}, groups=[Ljava.lang.Class;@27b000f7, payload=[Ljava.lang.Class;@42f9c19a}}
DEBUG ConstraintDescriptorImpl - Adding composing constraint: ConstraintDescriptorImpl{annotation=javax.validation.constraints.Size, payloads=[], hasComposingConstraints=true, isReportAsSingleInvalidConstraint=false, elementType=FIELD, definedOn=DEFINED_LOCALLY, groups=[interface javax.validation.groups.Default], attributes={groups=[Ljava.lang.Class;@2ab2710, min=1, message={javax.validation.constraints.Size.message}, max=2147483647, payload=[Ljava.lang.Class;@253b380a}}
DEBUG DefaultIdentifierGeneratorFactory - Setting dialect [org.hibernate.dialect.HSQLDialect]
DEBUG DefaultIdentifierGeneratorFactory - Setting dialect [org.hibernate.dialect.HSQLDialect]
DEBUG DefaultIdentifierGeneratorFactory - Setting dialect [org.hibernate.dialect.HSQLDialect]
DEBUG DefaultIdentifierGeneratorFactory - Setting dialect [org.hibernate.dialect.HSQLDialect]
DEBUG DefaultIdentifierGeneratorFactory - Setting dialect [org.hibernate.dialect.HSQLDialect]
DEBUG DefaultIdentifierGeneratorFactory - Setting dialect [org.hibernate.dialect.HSQLDialect]
DEBUG DefaultIdentifierGeneratorFactory - Setting dialect [org.hibernate.dialect.HSQLDialect]
DEBUG DefaultIdentifierGeneratorFactory - Setting dialect [org.hibernate.dialect.HSQLDialect]
DEBUG AbstractEntityPersister - Static SQL for entity: com.expeditors.training.course3demo.model.PhoneNumber
DEBUG AbstractEntityPersister -  Version select: select PHONE_NUMBER_ID from PHONE_NUMBER where PHONE_NUMBER_ID =?
DEBUG AbstractEntityPersister -  Snapshot select: select phonenumbe_.PHONE_NUMBER_ID, phonenumbe_.CARD_ID as CARD3_3_, phonenumbe_.PHONE_NUMBER as PHONE2_3_ from PHONE_NUMBER phonenumbe_ where phonenumbe_.PHONE_NUMBER_ID=?
DEBUG AbstractEntityPersister -  Insert 0: insert into PHONE_NUMBER (CARD_ID, PHONE_NUMBER, PHONE_NUMBER_ID) values (?, ?, ?)
DEBUG AbstractEntityPersister -  Update 0: update PHONE_NUMBER set CARD_ID=?, PHONE_NUMBER=? where PHONE_NUMBER_ID=?
DEBUG AbstractEntityPersister -  Delete 0: delete from PHONE_NUMBER where PHONE_NUMBER_ID=?
DEBUG AbstractEntityPersister -  Identity insert: insert into PHONE_NUMBER (PHONE_NUMBER_ID, CARD_ID, PHONE_NUMBER) values (default, ?, ?)
DEBUG AbstractEntityPersister - Static SQL for entity: com.expeditors.training.course3demo.model.Shipment
DEBUG AbstractEntityPersister -  Version select: select SHIPMENT_ID from Shipment where SHIPMENT_ID =?
DEBUG AbstractEntityPersister -  Snapshot select: select shipment_.SHIPMENT_ID, shipment_.destination as destinat2_5_, shipment_.name as name3_5_, shipment_.origin as origin4_5_, shipment_.volume as volume5_5_ from Shipment shipment_ where shipment_.SHIPMENT_ID=?
DEBUG AbstractEntityPersister -  Insert 0: insert into Shipment (destination, name, origin, volume, SHIPMENT_ID) values (?, ?, ?, ?, ?)
DEBUG AbstractEntityPersister -  Update 0: update Shipment set destination=?, name=?, origin=?, volume=? where SHIPMENT_ID=?
DEBUG AbstractEntityPersister -  Delete 0: delete from Shipment where SHIPMENT_ID=?
DEBUG AbstractEntityPersister -  Identity insert: insert into Shipment (SHIPMENT_ID, destination, name, origin, volume) values (default, ?, ?, ?, ?)
DEBUG AbstractEntityPersister - Static SQL for entity: com.expeditors.training.course3demo.model.Card
DEBUG AbstractEntityPersister -  Version select: select CARD_ID from CARD where CARD_ID =?
DEBUG AbstractEntityPersister -  Snapshot select: select card_.CARD_ID, card_.address as address5_1_, card_.amount as amount2_1_, card_.CARD_NUMBER as CARD3_1_, card_.OWNER_NAME as OWNER4_1_ from CARD card_ where card_.CARD_ID=?
DEBUG AbstractEntityPersister -  Insert 0: insert into CARD (address, amount, CARD_NUMBER, OWNER_NAME, CARD_ID) values (?, ?, ?, ?, ?)
DEBUG AbstractEntityPersister -  Update 0: update CARD set address=?, amount=?, CARD_NUMBER=?, OWNER_NAME=? where CARD_ID=?
DEBUG AbstractEntityPersister -  Delete 0: delete from CARD where CARD_ID=?
DEBUG AbstractEntityPersister -  Identity insert: insert into CARD (CARD_ID, address, amount, CARD_NUMBER, OWNER_NAME) values (default, ?, ?, ?, ?)
DEBUG AbstractEntityPersister - Static SQL for entity: com.expeditors.training.course3demo.model.Container
DEBUG AbstractEntityPersister -  Version select: select CONTAINER_ID from Container where CONTAINER_ID =?
DEBUG AbstractEntityPersister -  Snapshot select: select container_.CONTAINER_ID, container_.capacity as capacity2_2_, container_.destination as destinat3_2_, container_.location as location4_2_, container_.name as name5_2_, container_.status as status6_2_ from Container container_ where container_.CONTAINER_ID=?
DEBUG AbstractEntityPersister -  Insert 0: insert into Container (capacity, destination, location, name, status, CONTAINER_ID) values (?, ?, ?, ?, ?, ?)
DEBUG AbstractEntityPersister -  Update 0: update Container set capacity=?, destination=?, location=?, name=?, status=? where CONTAINER_ID=?
DEBUG AbstractEntityPersister -  Delete 0: delete from Container where CONTAINER_ID=?
DEBUG AbstractEntityPersister -  Identity insert: insert into Container (CONTAINER_ID, capacity, destination, location, name, status) values (default, ?, ?, ?, ?, ?)
DEBUG AbstractEntityPersister - Static SQL for entity: com.expeditors.training.course3demo.model.UserRole
DEBUG AbstractEntityPersister -  Version select: select ROLE_ID from USERROLE where ROLE_ID =?
DEBUG AbstractEntityPersister -  Snapshot select: select userrole_.ROLE_ID, userrole_.ROLE_NAME as ROLE2_7_, userrole_.ROLE_OWNER as ROLE3_7_ from USERROLE userrole_ where userrole_.ROLE_ID=?
DEBUG AbstractEntityPersister -  Insert 0: insert into USERROLE (ROLE_NAME, ROLE_OWNER, ROLE_ID) values (?, ?, ?)
DEBUG AbstractEntityPersister -  Update 0: update USERROLE set ROLE_NAME=?, ROLE_OWNER=? where ROLE_ID=?
DEBUG AbstractEntityPersister -  Delete 0: delete from USERROLE where ROLE_ID=?
DEBUG AbstractEntityPersister -  Identity insert: insert into USERROLE (ROLE_ID, ROLE_NAME, ROLE_OWNER) values (default, ?, ?)
DEBUG AbstractEntityPersister - Static SQL for entity: com.expeditors.training.course3demo.model.Address
DEBUG AbstractEntityPersister -  Version select: select ADDRESS_ID from ADDRESS where ADDRESS_ID =?
DEBUG AbstractEntityPersister -  Snapshot select: select address_.ADDRESS_ID, address_.city as city2_0_, address_.state as state3_0_, address_.street as street4_0_ from ADDRESS address_ where address_.ADDRESS_ID=?
DEBUG AbstractEntityPersister -  Insert 0: insert into ADDRESS (city, state, street, ADDRESS_ID) values (?, ?, ?, ?)
DEBUG AbstractEntityPersister -  Update 0: update ADDRESS set city=?, state=?, street=? where ADDRESS_ID=?
DEBUG AbstractEntityPersister -  Delete 0: delete from ADDRESS where ADDRESS_ID=?
DEBUG AbstractEntityPersister -  Identity insert: insert into ADDRESS (ADDRESS_ID, city, state, street) values (default, ?, ?, ?)
DEBUG AbstractEntityPersister - Static SQL for entity: com.expeditors.training.course3demo.model.UserAccount
DEBUG AbstractEntityPersister -  Version select: select USER_ID from USERACCOUNT where USER_ID =?
DEBUG AbstractEntityPersister -  Snapshot select: select useraccoun_.USER_ID, useraccoun_.enabled as enabled2_6_, useraccoun_.password as password3_6_, useraccoun_.username as username4_6_ from USERACCOUNT useraccoun_ where useraccoun_.USER_ID=?
DEBUG AbstractEntityPersister -  Insert 0: insert into USERACCOUNT (enabled, password, username, USER_ID) values (?, ?, ?, ?)
DEBUG AbstractEntityPersister -  Update 0: update USERACCOUNT set enabled=?, password=?, username=? where USER_ID=?
DEBUG AbstractEntityPersister -  Delete 0: delete from USERACCOUNT where USER_ID=?
DEBUG AbstractEntityPersister -  Identity insert: insert into USERACCOUNT (USER_ID, enabled, password, username) values (default, ?, ?, ?)
DEBUG AbstractEntityPersister - Static SQL for entity: com.expeditors.training.course3demo.model.Product
DEBUG AbstractEntityPersister -  Version select: select PRODUCT_ID from PRODUCT where PRODUCT_ID =?
DEBUG AbstractEntityPersister -  Snapshot select: select product_.PRODUCT_ID, product_.description as descript2_4_, product_.name as name3_4_, product_.price as price4_4_ from PRODUCT product_ where product_.PRODUCT_ID=?
DEBUG AbstractEntityPersister -  Insert 0: insert into PRODUCT (description, name, price, PRODUCT_ID) values (?, ?, ?, ?)
DEBUG AbstractEntityPersister -  Update 0: update PRODUCT set description=?, name=?, price=? where PRODUCT_ID=?
DEBUG AbstractEntityPersister -  Delete 0: delete from PRODUCT where PRODUCT_ID=?
DEBUG AbstractEntityPersister -  Identity insert: insert into PRODUCT (PRODUCT_ID, description, name, price) values (default, ?, ?, ?)
DEBUG AbstractCollectionPersister - Static SQL for collection: com.expeditors.training.course3demo.model.Card.phoneNumbers
DEBUG AbstractCollectionPersister -  Row insert: update PHONE_NUMBER set CARD_ID=?, index=? where PHONE_NUMBER_ID=?
DEBUG AbstractCollectionPersister -  Row update: update PHONE_NUMBER set index=? where PHONE_NUMBER_ID=?
DEBUG AbstractCollectionPersister -  Row delete: update PHONE_NUMBER set CARD_ID=null, index=null where CARD_ID=? and PHONE_NUMBER_ID=?
DEBUG AbstractCollectionPersister -  One-shot delete: update PHONE_NUMBER set CARD_ID=null, index=null where CARD_ID=?
DEBUG AbstractCollectionPersister - Static SQL for collection: com.expeditors.training.course3demo.model.UserAccount.userRoles
DEBUG AbstractCollectionPersister -  Row insert: update USERROLE set ROLE_OWNER=? where ROLE_ID=?
DEBUG AbstractCollectionPersister -  Row update: update USERROLE set  where ROLE_ID=?
DEBUG AbstractCollectionPersister -  Row delete: update USERROLE set ROLE_OWNER=null where ROLE_OWNER=? and ROLE_ID=?
DEBUG AbstractCollectionPersister -  One-shot delete: update USERROLE set ROLE_OWNER=null where ROLE_OWNER=?
DEBUG Loader - Static select for entity com.expeditors.training.course3demo.model.PhoneNumber [NONE]: select phonenumbe0_.PHONE_NUMBER_ID as PHONE1_3_0_, phonenumbe0_.CARD_ID as CARD3_3_0_, phonenumbe0_.PHONE_NUMBER as PHONE2_3_0_ from PHONE_NUMBER phonenumbe0_ where phonenumbe0_.PHONE_NUMBER_ID=?
DEBUG Loader - Static select for entity com.expeditors.training.course3demo.model.PhoneNumber [READ]: select phonenumbe0_.PHONE_NUMBER_ID as PHONE1_3_0_, phonenumbe0_.CARD_ID as CARD3_3_0_, phonenumbe0_.PHONE_NUMBER as PHONE2_3_0_ from PHONE_NUMBER phonenumbe0_ where phonenumbe0_.PHONE_NUMBER_ID=?
DEBUG Loader - Static select for entity com.expeditors.training.course3demo.model.PhoneNumber [UPGRADE]: select phonenumbe0_.PHONE_NUMBER_ID as PHONE1_3_0_, phonenumbe0_.CARD_ID as CARD3_3_0_, phonenumbe0_.PHONE_NUMBER as PHONE2_3_0_ from PHONE_NUMBER phonenumbe0_ where phonenumbe0_.PHONE_NUMBER_ID=?
DEBUG Loader - Static select for entity com.expeditors.training.course3demo.model.PhoneNumber [UPGRADE_NOWAIT]: select phonenumbe0_.PHONE_NUMBER_ID as PHONE1_3_0_, phonenumbe0_.CARD_ID as CARD3_3_0_, phonenumbe0_.PHONE_NUMBER as PHONE2_3_0_ from PHONE_NUMBER phonenumbe0_ where phonenumbe0_.PHONE_NUMBER_ID=?
DEBUG Loader - Static select for entity com.expeditors.training.course3demo.model.PhoneNumber [FORCE]: select phonenumbe0_.PHONE_NUMBER_ID as PHONE1_3_0_, phonenumbe0_.CARD_ID as CARD3_3_0_, phonenumbe0_.PHONE_NUMBER as PHONE2_3_0_ from PHONE_NUMBER phonenumbe0_ where phonenumbe0_.PHONE_NUMBER_ID=?
DEBUG Loader - Static select for entity com.expeditors.training.course3demo.model.PhoneNumber [PESSIMISTIC_READ]: select phonenumbe0_.PHONE_NUMBER_ID as PHONE1_3_0_, phonenumbe0_.CARD_ID as CARD3_3_0_, phonenumbe0_.PHONE_NUMBER as PHONE2_3_0_ from PHONE_NUMBER phonenumbe0_ where phonenumbe0_.PHONE_NUMBER_ID=?
DEBUG Loader - Static select for entity com.expeditors.training.course3demo.model.PhoneNumber [PESSIMISTIC_WRITE]: select phonenumbe0_.PHONE_NUMBER_ID as PHONE1_3_0_, phonenumbe0_.CARD_ID as CARD3_3_0_, phonenumbe0_.PHONE_NUMBER as PHONE2_3_0_ from PHONE_NUMBER phonenumbe0_ where phonenumbe0_.PHONE_NUMBER_ID=?
DEBUG Loader - Static select for entity com.expeditors.training.course3demo.model.PhoneNumber [PESSIMISTIC_FORCE_INCREMENT]: select phonenumbe0_.PHONE_NUMBER_ID as PHONE1_3_0_, phonenumbe0_.CARD_ID as CARD3_3_0_, phonenumbe0_.PHONE_NUMBER as PHONE2_3_0_ from PHONE_NUMBER phonenumbe0_ where phonenumbe0_.PHONE_NUMBER_ID=?
DEBUG Loader - Static select for entity com.expeditors.training.course3demo.model.PhoneNumber [OPTIMISTIC]: select phonenumbe0_.PHONE_NUMBER_ID as PHONE1_3_0_, phonenumbe0_.CARD_ID as CARD3_3_0_, phonenumbe0_.PHONE_NUMBER as PHONE2_3_0_ from PHONE_NUMBER phonenumbe0_ where phonenumbe0_.PHONE_NUMBER_ID=?
DEBUG Loader - Static select for entity com.expeditors.training.course3demo.model.PhoneNumber [OPTIMISTIC_FORCE_INCREMENT]: select phonenumbe0_.PHONE_NUMBER_ID as PHONE1_3_0_, phonenumbe0_.CARD_ID as CARD3_3_0_, phonenumbe0_.PHONE_NUMBER as PHONE2_3_0_ from PHONE_NUMBER phonenumbe0_ where phonenumbe0_.PHONE_NUMBER_ID=?
DEBUG Loader - Static select for action ACTION_MERGE on entity com.expeditors.training.course3demo.model.PhoneNumber: select phonenumbe0_.PHONE_NUMBER_ID as PHONE1_3_0_, phonenumbe0_.CARD_ID as CARD3_3_0_, phonenumbe0_.PHONE_NUMBER as PHONE2_3_0_ from PHONE_NUMBER phonenumbe0_ where phonenumbe0_.PHONE_NUMBER_ID=?
DEBUG Loader - Static select for action ACTION_REFRESH on entity com.expeditors.training.course3demo.model.PhoneNumber: select phonenumbe0_.PHONE_NUMBER_ID as PHONE1_3_0_, phonenumbe0_.CARD_ID as CARD3_3_0_, phonenumbe0_.PHONE_NUMBER as PHONE2_3_0_ from PHONE_NUMBER phonenumbe0_ where phonenumbe0_.PHONE_NUMBER_ID=?
DEBUG Loader - Static select for entity com.expeditors.training.course3demo.model.Shipment [NONE]: select shipment0_.SHIPMENT_ID as SHIPMENT1_5_0_, shipment0_.destination as destinat2_5_0_, shipment0_.name as name3_5_0_, shipment0_.origin as origin4_5_0_, shipment0_.volume as volume5_5_0_ from Shipment shipment0_ where shipment0_.SHIPMENT_ID=?
DEBUG Loader - Static select for entity com.expeditors.training.course3demo.model.Shipment [READ]: select shipment0_.SHIPMENT_ID as SHIPMENT1_5_0_, shipment0_.destination as destinat2_5_0_, shipment0_.name as name3_5_0_, shipment0_.origin as origin4_5_0_, shipment0_.volume as volume5_5_0_ from Shipment shipment0_ where shipment0_.SHIPMENT_ID=?
DEBUG Loader - Static select for entity com.expeditors.training.course3demo.model.Shipment [UPGRADE]: select shipment0_.SHIPMENT_ID as SHIPMENT1_5_0_, shipment0_.destination as destinat2_5_0_, shipment0_.name as name3_5_0_, shipment0_.origin as origin4_5_0_, shipment0_.volume as volume5_5_0_ from Shipment shipment0_ where shipment0_.SHIPMENT_ID=?
DEBUG Loader - Static select for entity com.expeditors.training.course3demo.model.Shipment [UPGRADE_NOWAIT]: select shipment0_.SHIPMENT_ID as SHIPMENT1_5_0_, shipment0_.destination as destinat2_5_0_, shipment0_.name as name3_5_0_, shipment0_.origin as origin4_5_0_, shipment0_.volume as volume5_5_0_ from Shipment shipment0_ where shipment0_.SHIPMENT_ID=?
DEBUG Loader - Static select for entity com.expeditors.training.course3demo.model.Shipment [FORCE]: select shipment0_.SHIPMENT_ID as SHIPMENT1_5_0_, shipment0_.destination as destinat2_5_0_, shipment0_.name as name3_5_0_, shipment0_.origin as origin4_5_0_, shipment0_.volume as volume5_5_0_ from Shipment shipment0_ where shipment0_.SHIPMENT_ID=?
DEBUG Loader - Static select for entity com.expeditors.training.course3demo.model.Shipment [PESSIMISTIC_READ]: select shipment0_.SHIPMENT_ID as SHIPMENT1_5_0_, shipment0_.destination as destinat2_5_0_, shipment0_.name as name3_5_0_, shipment0_.origin as origin4_5_0_, shipment0_.volume as volume5_5_0_ from Shipment shipment0_ where shipment0_.SHIPMENT_ID=?
DEBUG Loader - Static select for entity com.expeditors.training.course3demo.model.Shipment [PESSIMISTIC_WRITE]: select shipment0_.SHIPMENT_ID as SHIPMENT1_5_0_, shipment0_.destination as destinat2_5_0_, shipment0_.name as name3_5_0_, shipment0_.origin as origin4_5_0_, shipment0_.volume as volume5_5_0_ from Shipment shipment0_ where shipment0_.SHIPMENT_ID=?
DEBUG Loader - Static select for entity com.expeditors.training.course3demo.model.Shipment [PESSIMISTIC_FORCE_INCREMENT]: select shipment0_.SHIPMENT_ID as SHIPMENT1_5_0_, shipment0_.destination as destinat2_5_0_, shipment0_.name as name3_5_0_, shipment0_.origin as origin4_5_0_, shipment0_.volume as volume5_5_0_ from Shipment shipment0_ where shipment0_.SHIPMENT_ID=?
DEBUG Loader - Static select for entity com.expeditors.training.course3demo.model.Shipment [OPTIMISTIC]: select shipment0_.SHIPMENT_ID as SHIPMENT1_5_0_, shipment0_.destination as destinat2_5_0_, shipment0_.name as name3_5_0_, shipment0_.origin as origin4_5_0_, shipment0_.volume as volume5_5_0_ from Shipment shipment0_ where shipment0_.SHIPMENT_ID=?
DEBUG Loader - Static select for entity com.expeditors.training.course3demo.model.Shipment [OPTIMISTIC_FORCE_INCREMENT]: select shipment0_.SHIPMENT_ID as SHIPMENT1_5_0_, shipment0_.destination as destinat2_5_0_, shipment0_.name as name3_5_0_, shipment0_.origin as origin4_5_0_, shipment0_.volume as volume5_5_0_ from Shipment shipment0_ where shipment0_.SHIPMENT_ID=?
DEBUG Loader - Static select for action ACTION_MERGE on entity com.expeditors.training.course3demo.model.Shipment: select shipment0_.SHIPMENT_ID as SHIPMENT1_5_0_, shipment0_.destination as destinat2_5_0_, shipment0_.name as name3_5_0_, shipment0_.origin as origin4_5_0_, shipment0_.volume as volume5_5_0_ from Shipment shipment0_ where shipment0_.SHIPMENT_ID=?
DEBUG Loader - Static select for action ACTION_REFRESH on entity com.expeditors.training.course3demo.model.Shipment: select shipment0_.SHIPMENT_ID as SHIPMENT1_5_0_, shipment0_.destination as destinat2_5_0_, shipment0_.name as name3_5_0_, shipment0_.origin as origin4_5_0_, shipment0_.volume as volume5_5_0_ from Shipment shipment0_ where shipment0_.SHIPMENT_ID=?
DEBUG Loader - Static select for entity com.expeditors.training.course3demo.model.Card [NONE]: select card0_.CARD_ID as CARD1_1_2_, card0_.address as address5_1_2_, card0_.amount as amount2_1_2_, card0_.CARD_NUMBER as CARD3_1_2_, card0_.OWNER_NAME as OWNER4_1_2_, address1_.ADDRESS_ID as ADDRESS1_0_0_, address1_.city as city2_0_0_, address1_.state as state3_0_0_, address1_.street as street4_0_0_, phonenumbe2_.CARD_ID as CARD3_1_4_, phonenumbe2_.PHONE_NUMBER_ID as PHONE1_3_4_, phonenumbe2_.index as index4_4_, phonenumbe2_.PHONE_NUMBER_ID as PHONE1_3_1_, phonenumbe2_.CARD_ID as CARD3_3_1_, phonenumbe2_.PHONE_NUMBER as PHONE2_3_1_ from CARD card0_ left outer join ADDRESS address1_ on card0_.address=address1_.ADDRESS_ID left outer join PHONE_NUMBER phonenumbe2_ on card0_.CARD_ID=phonenumbe2_.CARD_ID where card0_.CARD_ID=?
DEBUG Loader - Static select for entity com.expeditors.training.course3demo.model.Card [READ]: select card0_.CARD_ID as CARD1_1_2_, card0_.address as address5_1_2_, card0_.amount as amount2_1_2_, card0_.CARD_NUMBER as CARD3_1_2_, card0_.OWNER_NAME as OWNER4_1_2_, address1_.ADDRESS_ID as ADDRESS1_0_0_, address1_.city as city2_0_0_, address1_.state as state3_0_0_, address1_.street as street4_0_0_, phonenumbe2_.CARD_ID as CARD3_1_4_, phonenumbe2_.PHONE_NUMBER_ID as PHONE1_3_4_, phonenumbe2_.index as index4_4_, phonenumbe2_.PHONE_NUMBER_ID as PHONE1_3_1_, phonenumbe2_.CARD_ID as CARD3_3_1_, phonenumbe2_.PHONE_NUMBER as PHONE2_3_1_ from CARD card0_ left outer join ADDRESS address1_ on card0_.address=address1_.ADDRESS_ID left outer join PHONE_NUMBER phonenumbe2_ on card0_.CARD_ID=phonenumbe2_.CARD_ID where card0_.CARD_ID=?
DEBUG Loader - Static select for entity com.expeditors.training.course3demo.model.Card [UPGRADE]: select card0_.CARD_ID as CARD1_1_0_, card0_.address as address5_1_0_, card0_.amount as amount2_1_0_, card0_.CARD_NUMBER as CARD3_1_0_, card0_.OWNER_NAME as OWNER4_1_0_ from CARD card0_ where card0_.CARD_ID=?
DEBUG Loader - Static select for entity com.expeditors.training.course3demo.model.Card [UPGRADE_NOWAIT]: select card0_.CARD_ID as CARD1_1_0_, card0_.address as address5_1_0_, card0_.amount as amount2_1_0_, card0_.CARD_NUMBER as CARD3_1_0_, card0_.OWNER_NAME as OWNER4_1_0_ from CARD card0_ where card0_.CARD_ID=?
DEBUG Loader - Static select for entity com.expeditors.training.course3demo.model.Card [FORCE]: select card0_.CARD_ID as CARD1_1_0_, card0_.address as address5_1_0_, card0_.amount as amount2_1_0_, card0_.CARD_NUMBER as CARD3_1_0_, card0_.OWNER_NAME as OWNER4_1_0_ from CARD card0_ where card0_.CARD_ID=?
DEBUG Loader - Static select for entity com.expeditors.training.course3demo.model.Card [PESSIMISTIC_READ]: select card0_.CARD_ID as CARD1_1_0_, card0_.address as address5_1_0_, card0_.amount as amount2_1_0_, card0_.CARD_NUMBER as CARD3_1_0_, card0_.OWNER_NAME as OWNER4_1_0_ from CARD card0_ where card0_.CARD_ID=?
DEBUG Loader - Static select for entity com.expeditors.training.course3demo.model.Card [PESSIMISTIC_WRITE]: select card0_.CARD_ID as CARD1_1_0_, card0_.address as address5_1_0_, card0_.amount as amount2_1_0_, card0_.CARD_NUMBER as CARD3_1_0_, card0_.OWNER_NAME as OWNER4_1_0_ from CARD card0_ where card0_.CARD_ID=?
DEBUG Loader - Static select for entity com.expeditors.training.course3demo.model.Card [PESSIMISTIC_FORCE_INCREMENT]: select card0_.CARD_ID as CARD1_1_0_, card0_.address as address5_1_0_, card0_.amount as amount2_1_0_, card0_.CARD_NUMBER as CARD3_1_0_, card0_.OWNER_NAME as OWNER4_1_0_ from CARD card0_ where card0_.CARD_ID=?
DEBUG Loader - Static select for entity com.expeditors.training.course3demo.model.Card [OPTIMISTIC]: select card0_.CARD_ID as CARD1_1_0_, card0_.address as address5_1_0_, card0_.amount as amount2_1_0_, card0_.CARD_NUMBER as CARD3_1_0_, card0_.OWNER_NAME as OWNER4_1_0_ from CARD card0_ where card0_.CARD_ID=?
DEBUG Loader - Static select for entity com.expeditors.training.course3demo.model.Card [OPTIMISTIC_FORCE_INCREMENT]: select card0_.CARD_ID as CARD1_1_0_, card0_.address as address5_1_0_, card0_.amount as amount2_1_0_, card0_.CARD_NUMBER as CARD3_1_0_, card0_.OWNER_NAME as OWNER4_1_0_ from CARD card0_ where card0_.CARD_ID=?
DEBUG Loader - Static select for action ACTION_MERGE on entity com.expeditors.training.course3demo.model.Card: select card0_.CARD_ID as CARD1_1_2_, card0_.address as address5_1_2_, card0_.amount as amount2_1_2_, card0_.CARD_NUMBER as CARD3_1_2_, card0_.OWNER_NAME as OWNER4_1_2_, address1_.ADDRESS_ID as ADDRESS1_0_0_, address1_.city as city2_0_0_, address1_.state as state3_0_0_, address1_.street as street4_0_0_, phonenumbe2_.CARD_ID as CARD3_1_4_, phonenumbe2_.PHONE_NUMBER_ID as PHONE1_3_4_, phonenumbe2_.index as index4_4_, phonenumbe2_.PHONE_NUMBER_ID as PHONE1_3_1_, phonenumbe2_.CARD_ID as CARD3_3_1_, phonenumbe2_.PHONE_NUMBER as PHONE2_3_1_ from CARD card0_ left outer join ADDRESS address1_ on card0_.address=address1_.ADDRESS_ID left outer join PHONE_NUMBER phonenumbe2_ on card0_.CARD_ID=phonenumbe2_.CARD_ID where card0_.CARD_ID=?
DEBUG Loader - Static select for action ACTION_REFRESH on entity com.expeditors.training.course3demo.model.Card: select card0_.CARD_ID as CARD1_1_2_, card0_.address as address5_1_2_, card0_.amount as amount2_1_2_, card0_.CARD_NUMBER as CARD3_1_2_, card0_.OWNER_NAME as OWNER4_1_2_, address1_.ADDRESS_ID as ADDRESS1_0_0_, address1_.city as city2_0_0_, address1_.state as state3_0_0_, address1_.street as street4_0_0_, phonenumbe2_.CARD_ID as CARD3_1_4_, phonenumbe2_.PHONE_NUMBER_ID as PHONE1_3_4_, phonenumbe2_.index as index4_4_, phonenumbe2_.PHONE_NUMBER_ID as PHONE1_3_1_, phonenumbe2_.CARD_ID as CARD3_3_1_, phonenumbe2_.PHONE_NUMBER as PHONE2_3_1_ from CARD card0_ left outer join ADDRESS address1_ on card0_.address=address1_.ADDRESS_ID left outer join PHONE_NUMBER phonenumbe2_ on card0_.CARD_ID=phonenumbe2_.CARD_ID where card0_.CARD_ID=?
DEBUG Loader - Static select for entity com.expeditors.training.course3demo.model.Container [NONE]: select container0_.CONTAINER_ID as CONTAINE1_2_0_, container0_.capacity as capacity2_2_0_, container0_.destination as destinat3_2_0_, container0_.location as location4_2_0_, container0_.name as name5_2_0_, container0_.status as status6_2_0_ from Container container0_ where container0_.CONTAINER_ID=?
DEBUG Loader - Static select for entity com.expeditors.training.course3demo.model.Container [READ]: select container0_.CONTAINER_ID as CONTAINE1_2_0_, container0_.capacity as capacity2_2_0_, container0_.destination as destinat3_2_0_, container0_.location as location4_2_0_, container0_.name as name5_2_0_, container0_.status as status6_2_0_ from Container container0_ where container0_.CONTAINER_ID=?
DEBUG Loader - Static select for entity com.expeditors.training.course3demo.model.Container [UPGRADE]: select container0_.CONTAINER_ID as CONTAINE1_2_0_, container0_.capacity as capacity2_2_0_, container0_.destination as destinat3_2_0_, container0_.location as location4_2_0_, container0_.name as name5_2_0_, container0_.status as status6_2_0_ from Container container0_ where container0_.CONTAINER_ID=?
DEBUG Loader - Static select for entity com.expeditors.training.course3demo.model.Container [UPGRADE_NOWAIT]: select container0_.CONTAINER_ID as CONTAINE1_2_0_, container0_.capacity as capacity2_2_0_, container0_.destination as destinat3_2_0_, container0_.location as location4_2_0_, container0_.name as name5_2_0_, container0_.status as status6_2_0_ from Container container0_ where container0_.CONTAINER_ID=?
DEBUG Loader - Static select for entity com.expeditors.training.course3demo.model.Container [FORCE]: select container0_.CONTAINER_ID as CONTAINE1_2_0_, container0_.capacity as capacity2_2_0_, container0_.destination as destinat3_2_0_, container0_.location as location4_2_0_, container0_.name as name5_2_0_, container0_.status as status6_2_0_ from Container container0_ where container0_.CONTAINER_ID=?
DEBUG Loader - Static select for entity com.expeditors.training.course3demo.model.Container [PESSIMISTIC_READ]: select container0_.CONTAINER_ID as CONTAINE1_2_0_, container0_.capacity as capacity2_2_0_, container0_.destination as destinat3_2_0_, container0_.location as location4_2_0_, container0_.name as name5_2_0_, container0_.status as status6_2_0_ from Container container0_ where container0_.CONTAINER_ID=?
DEBUG Loader - Static select for entity com.expeditors.training.course3demo.model.Container [PESSIMISTIC_WRITE]: select container0_.CONTAINER_ID as CONTAINE1_2_0_, container0_.capacity as capacity2_2_0_, container0_.destination as destinat3_2_0_, container0_.location as location4_2_0_, container0_.name as name5_2_0_, container0_.status as status6_2_0_ from Container container0_ where container0_.CONTAINER_ID=?
DEBUG Loader - Static select for entity com.expeditors.training.course3demo.model.Container [PESSIMISTIC_FORCE_INCREMENT]: select container0_.CONTAINER_ID as CONTAINE1_2_0_, container0_.capacity as capacity2_2_0_, container0_.destination as destinat3_2_0_, container0_.location as location4_2_0_, container0_.name as name5_2_0_, container0_.status as status6_2_0_ from Container container0_ where container0_.CONTAINER_ID=?
DEBUG Loader - Static select for entity com.expeditors.training.course3demo.model.Container [OPTIMISTIC]: select container0_.CONTAINER_ID as CONTAINE1_2_0_, container0_.capacity as capacity2_2_0_, container0_.destination as destinat3_2_0_, container0_.location as location4_2_0_, container0_.name as name5_2_0_, container0_.status as status6_2_0_ from Container container0_ where container0_.CONTAINER_ID=?
DEBUG Loader - Static select for entity com.expeditors.training.course3demo.model.Container [OPTIMISTIC_FORCE_INCREMENT]: select container0_.CONTAINER_ID as CONTAINE1_2_0_, container0_.capacity as capacity2_2_0_, container0_.destination as destinat3_2_0_, container0_.location as location4_2_0_, container0_.name as name5_2_0_, container0_.status as status6_2_0_ from Container container0_ where container0_.CONTAINER_ID=?
DEBUG Loader - Static select for action ACTION_MERGE on entity com.expeditors.training.course3demo.model.Container: select container0_.CONTAINER_ID as CONTAINE1_2_0_, container0_.capacity as capacity2_2_0_, container0_.destination as destinat3_2_0_, container0_.location as location4_2_0_, container0_.name as name5_2_0_, container0_.status as status6_2_0_ from Container container0_ where container0_.CONTAINER_ID=?
DEBUG Loader - Static select for action ACTION_REFRESH on entity com.expeditors.training.course3demo.model.Container: select container0_.CONTAINER_ID as CONTAINE1_2_0_, container0_.capacity as capacity2_2_0_, container0_.destination as destinat3_2_0_, container0_.location as location4_2_0_, container0_.name as name5_2_0_, container0_.status as status6_2_0_ from Container container0_ where container0_.CONTAINER_ID=?
DEBUG Loader - Static select for entity com.expeditors.training.course3demo.model.UserRole [NONE]: select userrole0_.ROLE_ID as ROLE1_7_0_, userrole0_.ROLE_NAME as ROLE2_7_0_, userrole0_.ROLE_OWNER as ROLE3_7_0_ from USERROLE userrole0_ where userrole0_.ROLE_ID=?
DEBUG Loader - Static select for entity com.expeditors.training.course3demo.model.UserRole [READ]: select userrole0_.ROLE_ID as ROLE1_7_0_, userrole0_.ROLE_NAME as ROLE2_7_0_, userrole0_.ROLE_OWNER as ROLE3_7_0_ from USERROLE userrole0_ where userrole0_.ROLE_ID=?
DEBUG Loader - Static select for entity com.expeditors.training.course3demo.model.UserRole [UPGRADE]: select userrole0_.ROLE_ID as ROLE1_7_0_, userrole0_.ROLE_NAME as ROLE2_7_0_, userrole0_.ROLE_OWNER as ROLE3_7_0_ from USERROLE userrole0_ where userrole0_.ROLE_ID=?
DEBUG Loader - Static select for entity com.expeditors.training.course3demo.model.UserRole [UPGRADE_NOWAIT]: select userrole0_.ROLE_ID as ROLE1_7_0_, userrole0_.ROLE_NAME as ROLE2_7_0_, userrole0_.ROLE_OWNER as ROLE3_7_0_ from USERROLE userrole0_ where userrole0_.ROLE_ID=?
DEBUG Loader - Static select for entity com.expeditors.training.course3demo.model.UserRole [FORCE]: select userrole0_.ROLE_ID as ROLE1_7_0_, userrole0_.ROLE_NAME as ROLE2_7_0_, userrole0_.ROLE_OWNER as ROLE3_7_0_ from USERROLE userrole0_ where userrole0_.ROLE_ID=?
DEBUG Loader - Static select for entity com.expeditors.training.course3demo.model.UserRole [PESSIMISTIC_READ]: select userrole0_.ROLE_ID as ROLE1_7_0_, userrole0_.ROLE_NAME as ROLE2_7_0_, userrole0_.ROLE_OWNER as ROLE3_7_0_ from USERROLE userrole0_ where userrole0_.ROLE_ID=?
DEBUG Loader - Static select for entity com.expeditors.training.course3demo.model.UserRole [PESSIMISTIC_WRITE]: select userrole0_.ROLE_ID as ROLE1_7_0_, userrole0_.ROLE_NAME as ROLE2_7_0_, userrole0_.ROLE_OWNER as ROLE3_7_0_ from USERROLE userrole0_ where userrole0_.ROLE_ID=?
DEBUG Loader - Static select for entity com.expeditors.training.course3demo.model.UserRole [PESSIMISTIC_FORCE_INCREMENT]: select userrole0_.ROLE_ID as ROLE1_7_0_, userrole0_.ROLE_NAME as ROLE2_7_0_, userrole0_.ROLE_OWNER as ROLE3_7_0_ from USERROLE userrole0_ where userrole0_.ROLE_ID=?
DEBUG Loader - Static select for entity com.expeditors.training.course3demo.model.UserRole [OPTIMISTIC]: select userrole0_.ROLE_ID as ROLE1_7_0_, userrole0_.ROLE_NAME as ROLE2_7_0_, userrole0_.ROLE_OWNER as ROLE3_7_0_ from USERROLE userrole0_ where userrole0_.ROLE_ID=?
DEBUG Loader - Static select for entity com.expeditors.training.course3demo.model.UserRole [OPTIMISTIC_FORCE_INCREMENT]: select userrole0_.ROLE_ID as ROLE1_7_0_, userrole0_.ROLE_NAME as ROLE2_7_0_, userrole0_.ROLE_OWNER as ROLE3_7_0_ from USERROLE userrole0_ where userrole0_.ROLE_ID=?
DEBUG Loader - Static select for action ACTION_MERGE on entity com.expeditors.training.course3demo.model.UserRole: select userrole0_.ROLE_ID as ROLE1_7_0_, userrole0_.ROLE_NAME as ROLE2_7_0_, userrole0_.ROLE_OWNER as ROLE3_7_0_ from USERROLE userrole0_ where userrole0_.ROLE_ID=?
DEBUG Loader - Static select for action ACTION_REFRESH on entity com.expeditors.training.course3demo.model.UserRole: select userrole0_.ROLE_ID as ROLE1_7_0_, userrole0_.ROLE_NAME as ROLE2_7_0_, userrole0_.ROLE_OWNER as ROLE3_7_0_ from USERROLE userrole0_ where userrole0_.ROLE_ID=?
DEBUG Loader - Static select for entity com.expeditors.training.course3demo.model.Address [NONE]: select address0_.ADDRESS_ID as ADDRESS1_0_0_, address0_.city as city2_0_0_, address0_.state as state3_0_0_, address0_.street as street4_0_0_ from ADDRESS address0_ where address0_.ADDRESS_ID=?
DEBUG Loader - Static select for entity com.expeditors.training.course3demo.model.Address [READ]: select address0_.ADDRESS_ID as ADDRESS1_0_0_, address0_.city as city2_0_0_, address0_.state as state3_0_0_, address0_.street as street4_0_0_ from ADDRESS address0_ where address0_.ADDRESS_ID=?
DEBUG Loader - Static select for entity com.expeditors.training.course3demo.model.Address [UPGRADE]: select address0_.ADDRESS_ID as ADDRESS1_0_0_, address0_.city as city2_0_0_, address0_.state as state3_0_0_, address0_.street as street4_0_0_ from ADDRESS address0_ where address0_.ADDRESS_ID=?
DEBUG Loader - Static select for entity com.expeditors.training.course3demo.model.Address [UPGRADE_NOWAIT]: select address0_.ADDRESS_ID as ADDRESS1_0_0_, address0_.city as city2_0_0_, address0_.state as state3_0_0_, address0_.street as street4_0_0_ from ADDRESS address0_ where address0_.ADDRESS_ID=?
DEBUG Loader - Static select for entity com.expeditors.training.course3demo.model.Address [FORCE]: select address0_.ADDRESS_ID as ADDRESS1_0_0_, address0_.city as city2_0_0_, address0_.state as state3_0_0_, address0_.street as street4_0_0_ from ADDRESS address0_ where address0_.ADDRESS_ID=?
DEBUG Loader - Static select for entity com.expeditors.training.course3demo.model.Address [PESSIMISTIC_READ]: select address0_.ADDRESS_ID as ADDRESS1_0_0_, address0_.city as city2_0_0_, address0_.state as state3_0_0_, address0_.street as street4_0_0_ from ADDRESS address0_ where address0_.ADDRESS_ID=?
DEBUG Loader - Static select for entity com.expeditors.training.course3demo.model.Address [PESSIMISTIC_WRITE]: select address0_.ADDRESS_ID as ADDRESS1_0_0_, address0_.city as city2_0_0_, address0_.state as state3_0_0_, address0_.street as street4_0_0_ from ADDRESS address0_ where address0_.ADDRESS_ID=?
DEBUG Loader - Static select for entity com.expeditors.training.course3demo.model.Address [PESSIMISTIC_FORCE_INCREMENT]: select address0_.ADDRESS_ID as ADDRESS1_0_0_, address0_.city as city2_0_0_, address0_.state as state3_0_0_, address0_.street as street4_0_0_ from ADDRESS address0_ where address0_.ADDRESS_ID=?
DEBUG Loader - Static select for entity com.expeditors.training.course3demo.model.Address [OPTIMISTIC]: select address0_.ADDRESS_ID as ADDRESS1_0_0_, address0_.city as city2_0_0_, address0_.state as state3_0_0_, address0_.street as street4_0_0_ from ADDRESS address0_ where address0_.ADDRESS_ID=?
DEBUG Loader - Static select for entity com.expeditors.training.course3demo.model.Address [OPTIMISTIC_FORCE_INCREMENT]: select address0_.ADDRESS_ID as ADDRESS1_0_0_, address0_.city as city2_0_0_, address0_.state as state3_0_0_, address0_.street as street4_0_0_ from ADDRESS address0_ where address0_.ADDRESS_ID=?
DEBUG Loader - Static select for action ACTION_MERGE on entity com.expeditors.training.course3demo.model.Address: select address0_.ADDRESS_ID as ADDRESS1_0_0_, address0_.city as city2_0_0_, address0_.state as state3_0_0_, address0_.street as street4_0_0_ from ADDRESS address0_ where address0_.ADDRESS_ID=?
DEBUG Loader - Static select for action ACTION_REFRESH on entity com.expeditors.training.course3demo.model.Address: select address0_.ADDRESS_ID as ADDRESS1_0_0_, address0_.city as city2_0_0_, address0_.state as state3_0_0_, address0_.street as street4_0_0_ from ADDRESS address0_ where address0_.ADDRESS_ID=?
DEBUG Loader - Static select for entity com.expeditors.training.course3demo.model.UserAccount [NONE]: select useraccoun0_.USER_ID as USER1_6_1_, useraccoun0_.enabled as enabled2_6_1_, useraccoun0_.password as password3_6_1_, useraccoun0_.username as username4_6_1_, userroles1_.ROLE_OWNER as ROLE3_6_3_, userroles1_.ROLE_ID as ROLE1_7_3_, userroles1_.ROLE_ID as ROLE1_7_0_, userroles1_.ROLE_NAME as ROLE2_7_0_, userroles1_.ROLE_OWNER as ROLE3_7_0_ from USERACCOUNT useraccoun0_ left outer join USERROLE userroles1_ on useraccoun0_.USER_ID=userroles1_.ROLE_OWNER where useraccoun0_.USER_ID=?
DEBUG Loader - Static select for entity com.expeditors.training.course3demo.model.UserAccount [READ]: select useraccoun0_.USER_ID as USER1_6_1_, useraccoun0_.enabled as enabled2_6_1_, useraccoun0_.password as password3_6_1_, useraccoun0_.username as username4_6_1_, userroles1_.ROLE_OWNER as ROLE3_6_3_, userroles1_.ROLE_ID as ROLE1_7_3_, userroles1_.ROLE_ID as ROLE1_7_0_, userroles1_.ROLE_NAME as ROLE2_7_0_, userroles1_.ROLE_OWNER as ROLE3_7_0_ from USERACCOUNT useraccoun0_ left outer join USERROLE userroles1_ on useraccoun0_.USER_ID=userroles1_.ROLE_OWNER where useraccoun0_.USER_ID=?
DEBUG Loader - Static select for entity com.expeditors.training.course3demo.model.UserAccount [UPGRADE]: select useraccoun0_.USER_ID as USER1_6_0_, useraccoun0_.enabled as enabled2_6_0_, useraccoun0_.password as password3_6_0_, useraccoun0_.username as username4_6_0_ from USERACCOUNT useraccoun0_ where useraccoun0_.USER_ID=?
DEBUG Loader - Static select for entity com.expeditors.training.course3demo.model.UserAccount [UPGRADE_NOWAIT]: select useraccoun0_.USER_ID as USER1_6_0_, useraccoun0_.enabled as enabled2_6_0_, useraccoun0_.password as password3_6_0_, useraccoun0_.username as username4_6_0_ from USERACCOUNT useraccoun0_ where useraccoun0_.USER_ID=?
DEBUG Loader - Static select for entity com.expeditors.training.course3demo.model.UserAccount [FORCE]: select useraccoun0_.USER_ID as USER1_6_0_, useraccoun0_.enabled as enabled2_6_0_, useraccoun0_.password as password3_6_0_, useraccoun0_.username as username4_6_0_ from USERACCOUNT useraccoun0_ where useraccoun0_.USER_ID=?
DEBUG Loader - Static select for entity com.expeditors.training.course3demo.model.UserAccount [PESSIMISTIC_READ]: select useraccoun0_.USER_ID as USER1_6_0_, useraccoun0_.enabled as enabled2_6_0_, useraccoun0_.password as password3_6_0_, useraccoun0_.username as username4_6_0_ from USERACCOUNT useraccoun0_ where useraccoun0_.USER_ID=?
DEBUG Loader - Static select for entity com.expeditors.training.course3demo.model.UserAccount [PESSIMISTIC_WRITE]: select useraccoun0_.USER_ID as USER1_6_0_, useraccoun0_.enabled as enabled2_6_0_, useraccoun0_.password as password3_6_0_, useraccoun0_.username as username4_6_0_ from USERACCOUNT useraccoun0_ where useraccoun0_.USER_ID=?
DEBUG Loader - Static select for entity com.expeditors.training.course3demo.model.UserAccount [PESSIMISTIC_FORCE_INCREMENT]: select useraccoun0_.USER_ID as USER1_6_0_, useraccoun0_.enabled as enabled2_6_0_, useraccoun0_.password as password3_6_0_, useraccoun0_.username as username4_6_0_ from USERACCOUNT useraccoun0_ where useraccoun0_.USER_ID=?
DEBUG Loader - Static select for entity com.expeditors.training.course3demo.model.UserAccount [OPTIMISTIC]: select useraccoun0_.USER_ID as USER1_6_0_, useraccoun0_.enabled as enabled2_6_0_, useraccoun0_.password as password3_6_0_, useraccoun0_.username as username4_6_0_ from USERACCOUNT useraccoun0_ where useraccoun0_.USER_ID=?
DEBUG Loader - Static select for entity com.expeditors.training.course3demo.model.UserAccount [OPTIMISTIC_FORCE_INCREMENT]: select useraccoun0_.USER_ID as USER1_6_0_, useraccoun0_.enabled as enabled2_6_0_, useraccoun0_.password as password3_6_0_, useraccoun0_.username as username4_6_0_ from USERACCOUNT useraccoun0_ where useraccoun0_.USER_ID=?
DEBUG Loader - Static select for action ACTION_MERGE on entity com.expeditors.training.course3demo.model.UserAccount: select useraccoun0_.USER_ID as USER1_6_1_, useraccoun0_.enabled as enabled2_6_1_, useraccoun0_.password as password3_6_1_, useraccoun0_.username as username4_6_1_, userroles1_.ROLE_OWNER as ROLE3_6_3_, userroles1_.ROLE_ID as ROLE1_7_3_, userroles1_.ROLE_ID as ROLE1_7_0_, userroles1_.ROLE_NAME as ROLE2_7_0_, userroles1_.ROLE_OWNER as ROLE3_7_0_ from USERACCOUNT useraccoun0_ left outer join USERROLE userroles1_ on useraccoun0_.USER_ID=userroles1_.ROLE_OWNER where useraccoun0_.USER_ID=?
DEBUG Loader - Static select for action ACTION_REFRESH on entity com.expeditors.training.course3demo.model.UserAccount: select useraccoun0_.USER_ID as USER1_6_1_, useraccoun0_.enabled as enabled2_6_1_, useraccoun0_.password as password3_6_1_, useraccoun0_.username as username4_6_1_, userroles1_.ROLE_OWNER as ROLE3_6_3_, userroles1_.ROLE_ID as ROLE1_7_3_, userroles1_.ROLE_ID as ROLE1_7_0_, userroles1_.ROLE_NAME as ROLE2_7_0_, userroles1_.ROLE_OWNER as ROLE3_7_0_ from USERACCOUNT useraccoun0_ left outer join USERROLE userroles1_ on useraccoun0_.USER_ID=userroles1_.ROLE_OWNER where useraccoun0_.USER_ID=?
DEBUG Loader - Static select for entity com.expeditors.training.course3demo.model.Product [NONE]: select product0_.PRODUCT_ID as PRODUCT1_4_0_, product0_.description as descript2_4_0_, product0_.name as name3_4_0_, product0_.price as price4_4_0_ from PRODUCT product0_ where product0_.PRODUCT_ID=?
DEBUG Loader - Static select for entity com.expeditors.training.course3demo.model.Product [READ]: select product0_.PRODUCT_ID as PRODUCT1_4_0_, product0_.description as descript2_4_0_, product0_.name as name3_4_0_, product0_.price as price4_4_0_ from PRODUCT product0_ where product0_.PRODUCT_ID=?
DEBUG Loader - Static select for entity com.expeditors.training.course3demo.model.Product [UPGRADE]: select product0_.PRODUCT_ID as PRODUCT1_4_0_, product0_.description as descript2_4_0_, product0_.name as name3_4_0_, product0_.price as price4_4_0_ from PRODUCT product0_ where product0_.PRODUCT_ID=?
DEBUG Loader - Static select for entity com.expeditors.training.course3demo.model.Product [UPGRADE_NOWAIT]: select product0_.PRODUCT_ID as PRODUCT1_4_0_, product0_.description as descript2_4_0_, product0_.name as name3_4_0_, product0_.price as price4_4_0_ from PRODUCT product0_ where product0_.PRODUCT_ID=?
DEBUG Loader - Static select for entity com.expeditors.training.course3demo.model.Product [FORCE]: select product0_.PRODUCT_ID as PRODUCT1_4_0_, product0_.description as descript2_4_0_, product0_.name as name3_4_0_, product0_.price as price4_4_0_ from PRODUCT product0_ where product0_.PRODUCT_ID=?
DEBUG Loader - Static select for entity com.expeditors.training.course3demo.model.Product [PESSIMISTIC_READ]: select product0_.PRODUCT_ID as PRODUCT1_4_0_, product0_.description as descript2_4_0_, product0_.name as name3_4_0_, product0_.price as price4_4_0_ from PRODUCT product0_ where product0_.PRODUCT_ID=?
DEBUG Loader - Static select for entity com.expeditors.training.course3demo.model.Product [PESSIMISTIC_WRITE]: select product0_.PRODUCT_ID as PRODUCT1_4_0_, product0_.description as descript2_4_0_, product0_.name as name3_4_0_, product0_.price as price4_4_0_ from PRODUCT product0_ where product0_.PRODUCT_ID=?
DEBUG Loader - Static select for entity com.expeditors.training.course3demo.model.Product [PESSIMISTIC_FORCE_INCREMENT]: select product0_.PRODUCT_ID as PRODUCT1_4_0_, product0_.description as descript2_4_0_, product0_.name as name3_4_0_, product0_.price as price4_4_0_ from PRODUCT product0_ where product0_.PRODUCT_ID=?
DEBUG Loader - Static select for entity com.expeditors.training.course3demo.model.Product [OPTIMISTIC]: select product0_.PRODUCT_ID as PRODUCT1_4_0_, product0_.description as descript2_4_0_, product0_.name as name3_4_0_, product0_.price as price4_4_0_ from PRODUCT product0_ where product0_.PRODUCT_ID=?
DEBUG Loader - Static select for entity com.expeditors.training.course3demo.model.Product [OPTIMISTIC_FORCE_INCREMENT]: select product0_.PRODUCT_ID as PRODUCT1_4_0_, product0_.description as descript2_4_0_, product0_.name as name3_4_0_, product0_.price as price4_4_0_ from PRODUCT product0_ where product0_.PRODUCT_ID=?
DEBUG Loader - Static select for action ACTION_MERGE on entity com.expeditors.training.course3demo.model.Product: select product0_.PRODUCT_ID as PRODUCT1_4_0_, product0_.description as descript2_4_0_, product0_.name as name3_4_0_, product0_.price as price4_4_0_ from PRODUCT product0_ where product0_.PRODUCT_ID=?
DEBUG Loader - Static select for action ACTION_REFRESH on entity com.expeditors.training.course3demo.model.Product: select product0_.PRODUCT_ID as PRODUCT1_4_0_, product0_.description as descript2_4_0_, product0_.name as name3_4_0_, product0_.price as price4_4_0_ from PRODUCT product0_ where product0_.PRODUCT_ID=?
DEBUG OneToManyLoader - Static select for one-to-many com.expeditors.training.course3demo.model.Card.phoneNumbers: select phonenumbe0_.CARD_ID as CARD3_1_1_, phonenumbe0_.PHONE_NUMBER_ID as PHONE1_3_1_, phonenumbe0_.index as index4_1_, phonenumbe0_.PHONE_NUMBER_ID as PHONE1_3_0_, phonenumbe0_.CARD_ID as CARD3_3_0_, phonenumbe0_.PHONE_NUMBER as PHONE2_3_0_ from PHONE_NUMBER phonenumbe0_ where phonenumbe0_.CARD_ID=?
DEBUG OneToManyLoader - Static select for one-to-many com.expeditors.training.course3demo.model.UserAccount.userRoles: select userroles0_.ROLE_OWNER as ROLE3_6_1_, userroles0_.ROLE_ID as ROLE1_7_1_, userroles0_.ROLE_ID as ROLE1_7_0_, userroles0_.ROLE_NAME as ROLE2_7_0_, userroles0_.ROLE_OWNER as ROLE3_7_0_ from USERROLE userroles0_ where userroles0_.ROLE_OWNER=?
DEBUG SessionFactoryRegistry - Registering SessionFactory: bbbbd6ca-c69a-4e8f-ae98-c24b12981389 (&lt;unnamed&gt;)
DEBUG SessionFactoryRegistry - Not binding SessionFactory to JNDI, no JNDI name configured
DEBUG SessionFactoryImpl - Instantiated session factory
DEBUG Configuration - Processing hbm.xml files
DEBUG Configuration - Process annotated classes
DEBUG Configuration - Processing fk mappings (*ToOne and JoinedSubclass)
DEBUG Configuration - Processing extends queue
DEBUG Configuration - Processing extends queue
DEBUG Configuration - Processing collection mappings
DEBUG Configuration - Processing native query and ResultSetMapping mappings
DEBUG Configuration - Processing association property references
DEBUG Configuration - Creating tables&apos; unique integer identifiers
DEBUG Configuration - Processing foreign key constraints
DEBUG Configuration - Resolving reference to class: com.expeditors.training.course3demo.model.Address
DEBUG Configuration - Resolving reference to class: com.expeditors.training.course3demo.model.Card
DEBUG Configuration - Resolving reference to class: com.expeditors.training.course3demo.model.UserAccount
DEBUG DefaultIdentifierGeneratorFactory - Setting dialect [org.hibernate.dialect.HSQLDialect]
DEBUG DefaultIdentifierGeneratorFactory - Setting dialect [org.hibernate.dialect.HSQLDialect]
DEBUG DefaultIdentifierGeneratorFactory - Setting dialect [org.hibernate.dialect.HSQLDialect]
DEBUG DefaultIdentifierGeneratorFactory - Setting dialect [org.hibernate.dialect.HSQLDialect]
DEBUG DefaultIdentifierGeneratorFactory - Setting dialect [org.hibernate.dialect.HSQLDialect]
DEBUG DefaultIdentifierGeneratorFactory - Setting dialect [org.hibernate.dialect.HSQLDialect]
DEBUG DefaultIdentifierGeneratorFactory - Setting dialect [org.hibernate.dialect.HSQLDialect]
DEBUG DefaultIdentifierGeneratorFactory - Setting dialect [org.hibernate.dialect.HSQLDialect]
DEBUG Configuration - Processing hbm.xml files
DEBUG Configuration - Process annotated classes
DEBUG Configuration - Processing fk mappings (*ToOne and JoinedSubclass)
DEBUG Configuration - Processing extends queue
DEBUG Configuration - Processing extends queue
DEBUG Configuration - Processing collection mappings
DEBUG Configuration - Processing native query and ResultSetMapping mappings
DEBUG Configuration - Processing association property references
DEBUG Configuration - Creating tables&apos; unique integer identifiers
DEBUG Configuration - Processing foreign key constraints
DEBUG Configuration - Resolving reference to class: com.expeditors.training.course3demo.model.Address
DEBUG Configuration - Resolving reference to class: com.expeditors.training.course3demo.model.Card
DEBUG Configuration - Resolving reference to class: com.expeditors.training.course3demo.model.UserAccount
DEBUG DefaultIdentifierGeneratorFactory - Setting dialect [org.hibernate.dialect.HSQLDialect]
DEBUG DefaultIdentifierGeneratorFactory - Setting dialect [org.hibernate.dialect.HSQLDialect]
DEBUG DefaultIdentifierGeneratorFactory - Setting dialect [org.hibernate.dialect.HSQLDialect]
DEBUG DefaultIdentifierGeneratorFactory - Setting dialect [org.hibernate.dialect.HSQLDialect]
DEBUG DefaultIdentifierGeneratorFactory - Setting dialect [org.hibernate.dialect.HSQLDialect]
DEBUG DefaultIdentifierGeneratorFactory - Setting dialect [org.hibernate.dialect.HSQLDialect]
DEBUG DefaultIdentifierGeneratorFactory - Setting dialect [org.hibernate.dialect.HSQLDialect]
DEBUG DefaultIdentifierGeneratorFactory - Setting dialect [org.hibernate.dialect.HSQLDialect]
DEBUG DefaultIdentifierGeneratorFactory - Setting dialect [org.hibernate.dialect.HSQLDialect]
DEBUG DefaultIdentifierGeneratorFactory - Setting dialect [org.hibernate.dialect.HSQLDialect]
DEBUG DefaultIdentifierGeneratorFactory - Setting dialect [org.hibernate.dialect.HSQLDialect]
DEBUG DefaultIdentifierGeneratorFactory - Setting dialect [org.hibernate.dialect.HSQLDialect]
DEBUG DefaultIdentifierGeneratorFactory - Setting dialect [org.hibernate.dialect.HSQLDialect]
DEBUG DefaultIdentifierGeneratorFactory - Setting dialect [org.hibernate.dialect.HSQLDialect]
DEBUG DefaultIdentifierGeneratorFactory - Setting dialect [org.hibernate.dialect.HSQLDialect]
DEBUG DefaultIdentifierGeneratorFactory - Setting dialect [org.hibernate.dialect.HSQLDialect]
INFO  SchemaExport - HHH000227: Running hbm2ddl schema export
DEBUG SchemaExport - Import file not found: /import.sql
DEBUG SQL - alter table CARD drop constraint FK_d544039ea08f400eb17752eef79
Hibernate: alter table CARD drop constraint FK_d544039ea08f400eb17752eef79
ERROR SchemaExport - HHH000389: Unsuccessful: alter table CARD drop constraint FK_d544039ea08f400eb17752eef79
ERROR SchemaExport - user lacks privilege or object not found: PUBLIC.CARD
DEBUG SQL - alter table PHONE_NUMBER drop constraint FK_8a030e8424bd4ad6ba2f09ad040
Hibernate: alter table PHONE_NUMBER drop constraint FK_8a030e8424bd4ad6ba2f09ad040
ERROR SchemaExport - HHH000389: Unsuccessful: alter table PHONE_NUMBER drop constraint FK_8a030e8424bd4ad6ba2f09ad040
ERROR SchemaExport - user lacks privilege or object not found: PUBLIC.PHONE_NUMBER
DEBUG SQL - alter table USERROLE drop constraint FK_ec5ed1eaab734f39ab0d026e9b0
Hibernate: alter table USERROLE drop constraint FK_ec5ed1eaab734f39ab0d026e9b0
ERROR SchemaExport - HHH000389: Unsuccessful: alter table USERROLE drop constraint FK_ec5ed1eaab734f39ab0d026e9b0
ERROR SchemaExport - user lacks privilege or object not found: PUBLIC.USERROLE
DEBUG SQL - drop table ADDRESS if exists
Hibernate: drop table ADDRESS if exists
DEBUG SQL - drop table CARD if exists
Hibernate: drop table CARD if exists
DEBUG SQL - drop table Container if exists
Hibernate: drop table Container if exists
DEBUG SQL - drop table PHONE_NUMBER if exists
Hibernate: drop table PHONE_NUMBER if exists
DEBUG SQL - drop table PRODUCT if exists
Hibernate: drop table PRODUCT if exists
DEBUG SQL - drop table Shipment if exists
Hibernate: drop table Shipment if exists
DEBUG SQL - drop table USERACCOUNT if exists
Hibernate: drop table USERACCOUNT if exists
DEBUG SQL - drop table USERROLE if exists
Hibernate: drop table USERROLE if exists
DEBUG SQL - create table ADDRESS (ADDRESS_ID bigint generated by default as identity (start with 1), city varchar(255) not null, state CHAR(2) not null, street varchar(255) not null, primary key (ADDRESS_ID))
Hibernate: create table ADDRESS (ADDRESS_ID bigint generated by default as identity (start with 1), city varchar(255) not null, state CHAR(2) not null, street varchar(255) not null, primary key (ADDRESS_ID))
DEBUG SQL - create table CARD (CARD_ID bigint generated by default as identity (start with 1), amount double, CARD_NUMBER char not null, OWNER_NAME varchar(255) not null, address bigint, primary key (CARD_ID))
Hibernate: create table CARD (CARD_ID bigint generated by default as identity (start with 1), amount double, CARD_NUMBER char not null, OWNER_NAME varchar(255) not null, address bigint, primary key (CARD_ID))
DEBUG SQL - create table Container (CONTAINER_ID bigint generated by default as identity (start with 1), capacity double not null check (capacity&gt;=0), destination varchar(255), location varchar(255), name varchar(40), status varchar(255), primary key (CONTAINER_ID))
Hibernate: create table Container (CONTAINER_ID bigint generated by default as identity (start with 1), capacity double not null check (capacity&gt;=0), destination varchar(255), location varchar(255), name varchar(40), status varchar(255), primary key (CONTAINER_ID))
DEBUG SQL - create table PHONE_NUMBER (PHONE_NUMBER_ID bigint generated by default as identity (start with 1), PHONE_NUMBER char not null, CARD_ID bigint not null, index integer, primary key (PHONE_NUMBER_ID))
Hibernate: create table PHONE_NUMBER (PHONE_NUMBER_ID bigint generated by default as identity (start with 1), PHONE_NUMBER char not null, CARD_ID bigint not null, index integer, primary key (PHONE_NUMBER_ID))
DEBUG SQL - create table PRODUCT (PRODUCT_ID bigint generated by default as identity (start with 1), description varchar(255), name varchar(255), price double, primary key (PRODUCT_ID))
Hibernate: create table PRODUCT (PRODUCT_ID bigint generated by default as identity (start with 1), description varchar(255), name varchar(255), price double, primary key (PRODUCT_ID))
DEBUG SQL - create table Shipment (SHIPMENT_ID bigint generated by default as identity (start with 1), destination varchar(255), name varchar(40), origin varchar(255), volume double not null check (volume&gt;=0), primary key (SHIPMENT_ID))
Hibernate: create table Shipment (SHIPMENT_ID bigint generated by default as identity (start with 1), destination varchar(255), name varchar(40), origin varchar(255), volume double not null check (volume&gt;=0), primary key (SHIPMENT_ID))
DEBUG SQL - create table USERACCOUNT (USER_ID bigint generated by default as identity (start with 1), enabled boolean, password varchar(50), username varchar(255), primary key (USER_ID))
Hibernate: create table USERACCOUNT (USER_ID bigint generated by default as identity (start with 1), enabled boolean, password varchar(50), username varchar(255), primary key (USER_ID))
DEBUG SQL - create table USERROLE (ROLE_ID bigint generated by default as identity (start with 1), ROLE_NAME varchar(40) not null, ROLE_OWNER bigint not null, primary key (ROLE_ID))
Hibernate: create table USERROLE (ROLE_ID bigint generated by default as identity (start with 1), ROLE_NAME varchar(40) not null, ROLE_OWNER bigint not null, primary key (ROLE_ID))
DEBUG SQL - alter table CARD add constraint FK_d544039ea08f400eb17752eef79 foreign key (address) references ADDRESS
Hibernate: alter table CARD add constraint FK_d544039ea08f400eb17752eef79 foreign key (address) references ADDRESS
DEBUG SQL - alter table PHONE_NUMBER add constraint FK_8a030e8424bd4ad6ba2f09ad040 foreign key (CARD_ID) references CARD
Hibernate: alter table PHONE_NUMBER add constraint FK_8a030e8424bd4ad6ba2f09ad040 foreign key (CARD_ID) references CARD
DEBUG SQL - alter table USERROLE add constraint FK_ec5ed1eaab734f39ab0d026e9b0 foreign key (ROLE_OWNER) references USERACCOUNT
Hibernate: alter table USERROLE add constraint FK_ec5ed1eaab734f39ab0d026e9b0 foreign key (ROLE_OWNER) references USERACCOUNT
INFO  SchemaExport - HHH000230: Schema export complete
DEBUG Configuration - Processing hbm.xml files
DEBUG Configuration - Process annotated classes
DEBUG Configuration - Processing fk mappings (*ToOne and JoinedSubclass)
DEBUG Configuration - Processing extends queue
DEBUG Configuration - Processing extends queue
DEBUG Configuration - Processing collection mappings
DEBUG Configuration - Processing native query and ResultSetMapping mappings
DEBUG Configuration - Processing association property references
DEBUG Configuration - Creating tables&apos; unique integer identifiers
DEBUG Configuration - Processing foreign key constraints
DEBUG Configuration - Resolving reference to class: com.expeditors.training.course3demo.model.Address
DEBUG Configuration - Resolving reference to class: com.expeditors.training.course3demo.model.Card
DEBUG Configuration - Resolving reference to class: com.expeditors.training.course3demo.model.UserAccount
DEBUG DefaultIdentifierGeneratorFactory - Setting dialect [org.hibernate.dialect.HSQLDialect]
DEBUG DefaultIdentifierGeneratorFactory - Setting dialect [org.hibernate.dialect.HSQLDialect]
DEBUG DefaultIdentifierGeneratorFactory - Setting dialect [org.hibernate.dialect.HSQLDialect]
DEBUG DefaultIdentifierGeneratorFactory - Setting dialect [org.hibernate.dialect.HSQLDialect]
DEBUG DefaultIdentifierGeneratorFactory - Setting dialect [org.hibernate.dialect.HSQLDialect]
DEBUG DefaultIdentifierGeneratorFactory - Setting dialect [org.hibernate.dialect.HSQLDialect]
DEBUG DefaultIdentifierGeneratorFactory - Setting dialect [org.hibernate.dialect.HSQLDialect]
DEBUG DefaultIdentifierGeneratorFactory - Setting dialect [org.hibernate.dialect.HSQLDialect]
DEBUG Configuration - Processing hbm.xml files
DEBUG Configuration - Process annotated classes
DEBUG Configuration - Processing fk mappings (*ToOne and JoinedSubclass)
DEBUG Configuration - Processing extends queue
DEBUG Configuration - Processing extends queue
DEBUG Configuration - Processing collection mappings
DEBUG Configuration - Processing native query and ResultSetMapping mappings
DEBUG Configuration - Processing association property references
DEBUG Configuration - Creating tables&apos; unique integer identifiers
DEBUG Configuration - Processing foreign key constraints
DEBUG Configuration - Resolving reference to class: com.expeditors.training.course3demo.model.Address
DEBUG Configuration - Resolving reference to class: com.expeditors.training.course3demo.model.Card
DEBUG Configuration - Resolving reference to class: com.expeditors.training.course3demo.model.UserAccount
DEBUG DefaultIdentifierGeneratorFactory - Setting dialect [org.hibernate.dialect.HSQLDialect]
DEBUG DefaultIdentifierGeneratorFactory - Setting dialect [org.hibernate.dialect.HSQLDialect]
DEBUG DefaultIdentifierGeneratorFactory - Setting dialect [org.hibernate.dialect.HSQLDialect]
DEBUG DefaultIdentifierGeneratorFactory - Setting dialect [org.hibernate.dialect.HSQLDialect]
DEBUG DefaultIdentifierGeneratorFactory - Setting dialect [org.hibernate.dialect.HSQLDialect]
DEBUG DefaultIdentifierGeneratorFactory - Setting dialect [org.hibernate.dialect.HSQLDialect]
DEBUG DefaultIdentifierGeneratorFactory - Setting dialect [org.hibernate.dialect.HSQLDialect]
DEBUG DefaultIdentifierGeneratorFactory - Setting dialect [org.hibernate.dialect.HSQLDialect]
DEBUG DefaultIdentifierGeneratorFactory - Setting dialect [org.hibernate.dialect.HSQLDialect]
DEBUG DefaultIdentifierGeneratorFactory - Setting dialect [org.hibernate.dialect.HSQLDialect]
DEBUG DefaultIdentifierGeneratorFactory - Setting dialect [org.hibernate.dialect.HSQLDialect]
DEBUG DefaultIdentifierGeneratorFactory - Setting dialect [org.hibernate.dialect.HSQLDialect]
DEBUG DefaultIdentifierGeneratorFactory - Setting dialect [org.hibernate.dialect.HSQLDialect]
DEBUG DefaultIdentifierGeneratorFactory - Setting dialect [org.hibernate.dialect.HSQLDialect]
DEBUG DefaultIdentifierGeneratorFactory - Setting dialect [org.hibernate.dialect.HSQLDialect]
DEBUG DefaultIdentifierGeneratorFactory - Setting dialect [org.hibernate.dialect.HSQLDialect]
DEBUG SessionFactoryImpl - Checking 0 named HQL queries
DEBUG SessionFactoryImpl - Checking 0 named SQL queries
DEBUG StatisticsInitiator - Statistics initialized [enabled=false]
DEBUG EntityManagerFactoryRegistry - Registering EntityManagerFactory: default 
DEBUG SessionFactoryImpl - HHH000031: Closing
INFO  SchemaExport - HHH000227: Running hbm2ddl schema export
DEBUG SchemaExport - Import file not found: /import.sql
DEBUG SQL - alter table CARD drop constraint FK_d544039ea08f400eb17752eef79
Hibernate: alter table CARD drop constraint FK_d544039ea08f400eb17752eef79
DEBUG SQL - alter table PHONE_NUMBER drop constraint FK_8a030e8424bd4ad6ba2f09ad040
Hibernate: alter table PHONE_NUMBER drop constraint FK_8a030e8424bd4ad6ba2f09ad040
DEBUG SQL - alter table USERROLE drop constraint FK_ec5ed1eaab734f39ab0d026e9b0
Hibernate: alter table USERROLE drop constraint FK_ec5ed1eaab734f39ab0d026e9b0
DEBUG SQL - drop table ADDRESS if exists
Hibernate: drop table ADDRESS if exists
DEBUG SQL - drop table CARD if exists
Hibernate: drop table CARD if exists
DEBUG SQL - drop table Container if exists
Hibernate: drop table Container if exists
DEBUG SQL - drop table PHONE_NUMBER if exists
Hibernate: drop table PHONE_NUMBER if exists
DEBUG SQL - drop table PRODUCT if exists
Hibernate: drop table PRODUCT if exists
DEBUG SQL - drop table Shipment if exists
Hibernate: drop table Shipment if exists
DEBUG SQL - drop table USERACCOUNT if exists
Hibernate: drop table USERACCOUNT if exists
DEBUG SQL - drop table USERROLE if exists
Hibernate: drop table USERROLE if exists
INFO  SchemaExport - HHH000230: Schema export complete
DEBUG EntityManagerFactoryRegistry - Remove: name=default
</system-out>
    <system-err>Mar 02, 2015 10:04:17 AM org.springframework.context.support.AbstractApplicationContext prepareRefresh
INFO: Refreshing org.springframework.web.context.support.GenericWebApplicationContext@108531c2: startup date [Mon Mar 02 10:04:17 PST 2015]; root of context hierarchy
Mar 02, 2015 10:04:17 AM org.springframework.jdbc.datasource.DriverManagerDataSource setDriverClassName
INFO: Loaded JDBC driver: org.hsqldb.jdbcDriver
Mar 02, 2015 10:04:17 AM org.springframework.orm.jpa.LocalContainerEntityManagerFactoryBean createNativeEntityManagerFactory
INFO: Building JPA container EntityManagerFactory for persistence unit &apos;default&apos;
Mar 02, 2015 10:04:17 AM org.springframework.beans.factory.support.DefaultListableBeanFactory preInstantiateSingletons
INFO: Pre-instantiating singletons in org.springframework.beans.factory.support.DefaultListableBeanFactory@48b22fd4: defining beans [org.springframework.context.annotation.internalConfigurationAnnotationProcessor,org.springframework.context.annotation.internalAutowiredAnnotationProcessor,org.springframework.context.annotation.internalRequiredAnnotationProcessor,org.springframework.context.annotation.internalCommonAnnotationProcessor,org.springframework.context.annotation.internalPersistenceAnnotationProcessor,testConfig,org.springframework.context.annotation.ConfigurationClassPostProcessor.importAwareProcessor,cardController,containerController,errorLoginController,homeController,productController,securityController,shipmentController,org.springframework.web.servlet.config.annotation.DelegatingWebMvcConfiguration,requestMappingHandlerMapping,mvcContentNegotiationManager,viewControllerHandlerMapping,beanNameHandlerMapping,resourceHandlerMapping,defaultServletHandlerMapping,requestMappingHandlerAdapter,mvcConversionService,httpRequestHandlerAdapter,simpleControllerHandlerAdapter,handlerExceptionResolver,mvcValidator,com.expeditors.training.course3demo.config.PersistenceJPATestConfig,dataSource,entityManagerFactory,viewResolver,shipmentService,productService,containerService]; root of factory hierarchy
Mar 02, 2015 10:04:17 AM org.springframework.beans.factory.support.DefaultSingletonBeanRegistry destroySingletons
INFO: Destroying singletons in org.springframework.beans.factory.support.DefaultListableBeanFactory@48b22fd4: defining beans [org.springframework.context.annotation.internalConfigurationAnnotationProcessor,org.springframework.context.annotation.internalAutowiredAnnotationProcessor,org.springframework.context.annotation.internalRequiredAnnotationProcessor,org.springframework.context.annotation.internalCommonAnnotationProcessor,org.springframework.context.annotation.internalPersistenceAnnotationProcessor,testConfig,org.springframework.context.annotation.ConfigurationClassPostProcessor.importAwareProcessor,cardController,containerController,errorLoginController,homeController,productController,securityController,shipmentController,org.springframework.web.servlet.config.annotation.DelegatingWebMvcConfiguration,requestMappingHandlerMapping,mvcContentNegotiationManager,viewControllerHandlerMapping,beanNameHandlerMapping,resourceHandlerMapping,defaultServletHandlerMapping,requestMappingHandlerAdapter,mvcConversionService,httpRequestHandlerAdapter,simpleControllerHandlerAdapter,handlerExceptionResolver,mvcValidator,com.expeditors.training.course3demo.config.PersistenceJPATestConfig,dataSource,entityManagerFactory,viewResolver,shipmentService,productService,containerService]; root of factory hierarchy
Mar 02, 2015 10:04:17 AM org.springframework.orm.jpa.AbstractEntityManagerFactoryBean destroy
INFO: Closing JPA EntityManagerFactory for persistence unit &apos;default&apos;
Mar 02, 2015 10:04:17 AM org.springframework.test.context.TestContextManager prepareTestInstance
SEVERE: Caught exception while allowing TestExecutionListener [org.springframework.test.context.web.ServletTestExecutionListener@6f8d7714] to prepare test instance [com.expeditors.training.course3demo.controller.ContainerControllerTest@4b54af3d]
java.lang.IllegalStateException: Failed to load ApplicationContext
	at org.springframework.test.context.CacheAwareContextLoaderDelegate.loadContext(CacheAwareContextLoaderDelegate.java:99)
	at org.springframework.test.context.TestContext.getApplicationContext(TestContext.java:122)
	at org.springframework.test.context.web.ServletTestExecutionListener.setUpRequestContextIfNecessary(ServletTestExecutionListener.java:105)
	at org.springframework.test.context.web.ServletTestExecutionListener.prepareTestInstance(ServletTestExecutionListener.java:74)
	at org.springframework.test.context.TestContextManager.prepareTestInstance(TestContextManager.java:312)
	at org.springframework.test.context.junit4.SpringJUnit4ClassRunner.createTest(SpringJUnit4ClassRunner.java:211)
	at org.springframework.test.context.junit4.SpringJUnit4ClassRunner$1.runReflectiveCall(SpringJUnit4ClassRunner.java:288)
	at org.junit.internal.runners.model.ReflectiveCallable.run(ReflectiveCallable.java:12)
	at org.springframework.test.context.junit4.SpringJUnit4ClassRunner.methodBlock(SpringJUnit4ClassRunner.java:284)
	at org.springframework.test.context.junit4.SpringJUnit4ClassRunner.runChild(SpringJUnit4ClassRunner.java:231)
	at org.springframework.test.context.junit4.SpringJUnit4ClassRunner.runChild(SpringJUnit4ClassRunner.java:88)
	at org.junit.runners.ParentRunner$3.run(ParentRunner.java:238)
	at org.junit.runners.ParentRunner$1.schedule(ParentRunner.java:63)
	at org.junit.runners.ParentRunner.runChildren(ParentRunner.java:236)
	at org.junit.runners.ParentRunner.access$000(ParentRunner.java:53)
	at org.junit.runners.ParentRunner$2.evaluate(ParentRunner.java:229)
	at org.springframework.test.context.junit4.statements.RunBeforeTestClassCallbacks.evaluate(RunBeforeTestClassCallbacks.java:61)
	at org.springframework.test.context.junit4.statements.RunAfterTestClassCallbacks.evaluate(RunAfterTestClassCallbacks.java:71)
	at org.junit.runners.ParentRunner.run(ParentRunner.java:309)
	at org.springframework.test.context.junit4.SpringJUnit4ClassRunner.run(SpringJUnit4ClassRunner.java:174)
	at org.apache.maven.surefire.junit4.JUnit4Provider.execute(JUnit4Provider.java:252)
	at org.apache.maven.surefire.junit4.JUnit4Provider.executeTestSet(JUnit4Provider.java:141)
	at org.apache.maven.surefire.junit4.JUnit4Provider.invoke(JUnit4Provider.java:112)
	at sun.reflect.NativeMethodAccessorImpl.invoke0(Native Method)
	at sun.reflect.NativeMethodAccessorImpl.invoke(NativeMethodAccessorImpl.java:62)
	at sun.reflect.DelegatingMethodAccessorImpl.invoke(DelegatingMethodAccessorImpl.java:43)
	at java.lang.reflect.Method.invoke(Method.java:483)
	at org.apache.maven.surefire.util.ReflectionUtils.invokeMethodWithArray(ReflectionUtils.java:189)
	at org.apache.maven.surefire.booter.ProviderFactory$ProviderProxy.invoke(ProviderFactory.java:165)
	at org.apache.maven.surefire.booter.ProviderFactory.invokeProvider(ProviderFactory.java:85)
	at org.apache.maven.surefire.booter.ForkedBooter.runSuitesInProcess(ForkedBooter.java:115)
	at org.apache.maven.surefire.booter.ForkedBooter.main(ForkedBooter.java:75)
Caused by: org.springframework.beans.factory.BeanCreationException: Error creating bean with name &apos;cardController&apos;: Injection of autowired dependencies failed; nested exception is org.springframework.beans.factory.BeanCreationException: Could not autowire field: com.expeditors.training.course3demo.service.CardService com.expeditors.training.course3demo.controller.CardController.cardService; nested exception is org.springframework.beans.factory.NoSuchBeanDefinitionException: No qualifying bean of type [com.expeditors.training.course3demo.service.CardService] found for dependency: expected at least 1 bean which qualifies as autowire candidate for this dependency. Dependency annotations: {@org.springframework.beans.factory.annotation.Autowired(required=true)}
	at org.springframework.beans.factory.annotation.AutowiredAnnotationBeanPostProcessor.postProcessPropertyValues(AutowiredAnnotationBeanPostProcessor.java:288)
	at org.springframework.beans.factory.support.AbstractAutowireCapableBeanFactory.populateBean(AbstractAutowireCapableBeanFactory.java:1116)
	at org.springframework.beans.factory.support.AbstractAutowireCapableBeanFactory.doCreateBean(AbstractAutowireCapableBeanFactory.java:519)
	at org.springframework.beans.factory.support.AbstractAutowireCapableBeanFactory.createBean(AbstractAutowireCapableBeanFactory.java:458)
	at org.springframework.beans.factory.support.AbstractBeanFactory$1.getObject(AbstractBeanFactory.java:295)
	at org.springframework.beans.factory.support.DefaultSingletonBeanRegistry.getSingleton(DefaultSingletonBeanRegistry.java:223)
	at org.springframework.beans.factory.support.AbstractBeanFactory.doGetBean(AbstractBeanFactory.java:292)
	at org.springframework.beans.factory.support.AbstractBeanFactory.getBean(AbstractBeanFactory.java:194)
	at org.springframework.beans.factory.support.DefaultListableBeanFactory.preInstantiateSingletons(DefaultListableBeanFactory.java:626)
	at org.springframework.context.support.AbstractApplicationContext.finishBeanFactoryInitialization(AbstractApplicationContext.java:932)
	at org.springframework.context.support.AbstractApplicationContext.refresh(AbstractApplicationContext.java:479)
	at org.springframework.test.context.web.AbstractGenericWebContextLoader.loadContext(AbstractGenericWebContextLoader.java:128)
	at org.springframework.test.context.web.AbstractGenericWebContextLoader.loadContext(AbstractGenericWebContextLoader.java:60)
	at org.springframework.test.context.support.AbstractDelegatingSmartContextLoader.delegateLoading(AbstractDelegatingSmartContextLoader.java:100)
	at org.springframework.test.context.support.AbstractDelegatingSmartContextLoader.loadContext(AbstractDelegatingSmartContextLoader.java:248)
	at org.springframework.test.context.CacheAwareContextLoaderDelegate.loadContextInternal(CacheAwareContextLoaderDelegate.java:64)
	at org.springframework.test.context.CacheAwareContextLoaderDelegate.loadContext(CacheAwareContextLoaderDelegate.java:91)
	... 31 more
Caused by: org.springframework.beans.factory.BeanCreationException: Could not autowire field: com.expeditors.training.course3demo.service.CardService com.expeditors.training.course3demo.controller.CardController.cardService; nested exception is org.springframework.beans.factory.NoSuchBeanDefinitionException: No qualifying bean of type [com.expeditors.training.course3demo.service.CardService] found for dependency: expected at least 1 bean which qualifies as autowire candidate for this dependency. Dependency annotations: {@org.springframework.beans.factory.annotation.Autowired(required=true)}
	at org.springframework.beans.factory.annotation.AutowiredAnnotationBeanPostProcessor$AutowiredFieldElement.inject(AutowiredAnnotationBeanPostProcessor.java:514)
	at org.springframework.beans.factory.annotation.InjectionMetadata.inject(InjectionMetadata.java:87)
	at org.springframework.beans.factory.annotation.AutowiredAnnotationBeanPostProcessor.postProcessPropertyValues(AutowiredAnnotationBeanPostProcessor.java:285)
	... 47 more
Caused by: org.springframework.beans.factory.NoSuchBeanDefinitionException: No qualifying bean of type [com.expeditors.training.course3demo.service.CardService] found for dependency: expected at least 1 bean which qualifies as autowire candidate for this dependency. Dependency annotations: {@org.springframework.beans.factory.annotation.Autowired(required=true)}
	at org.springframework.beans.factory.support.DefaultListableBeanFactory.raiseNoSuchBeanDefinitionException(DefaultListableBeanFactory.java:986)
	at org.springframework.beans.factory.support.DefaultListableBeanFactory.doResolveDependency(DefaultListableBeanFactory.java:856)
	at org.springframework.beans.factory.support.DefaultListableBeanFactory.resolveDependency(DefaultListableBeanFactory.java:768)
	at org.springframework.beans.factory.annotation.AutowiredAnnotationBeanPostProcessor$AutowiredFieldElement.inject(AutowiredAnnotationBeanPostProcessor.java:486)
	... 49 more

</system-err>
  </testcase>
  <testcase classname="com.expeditors.training.course3demo.controller.ContainerControllerTest" name="testAddContainerLocationError" time="0.512">
    <error message="Failed to load ApplicationContext" type="java.lang.IllegalStateException">java.lang.IllegalStateException: Failed to load ApplicationContext
	at org.springframework.test.context.CacheAwareContextLoaderDelegate.loadContext(CacheAwareContextLoaderDelegate.java:99)
	at org.springframework.test.context.TestContext.getApplicationContext(TestContext.java:122)
	at org.springframework.test.context.web.ServletTestExecutionListener.setUpRequestContextIfNecessary(ServletTestExecutionListener.java:105)
	at org.springframework.test.context.web.ServletTestExecutionListener.prepareTestInstance(ServletTestExecutionListener.java:74)
	at org.springframework.test.context.TestContextManager.prepareTestInstance(TestContextManager.java:312)
	at org.springframework.test.context.junit4.SpringJUnit4ClassRunner.createTest(SpringJUnit4ClassRunner.java:211)
	at org.springframework.test.context.junit4.SpringJUnit4ClassRunner$1.runReflectiveCall(SpringJUnit4ClassRunner.java:288)
	at org.junit.internal.runners.model.ReflectiveCallable.run(ReflectiveCallable.java:12)
	at org.springframework.test.context.junit4.SpringJUnit4ClassRunner.methodBlock(SpringJUnit4ClassRunner.java:284)
	at org.springframework.test.context.junit4.SpringJUnit4ClassRunner.runChild(SpringJUnit4ClassRunner.java:231)
	at org.springframework.test.context.junit4.SpringJUnit4ClassRunner.runChild(SpringJUnit4ClassRunner.java:88)
	at org.junit.runners.ParentRunner$3.run(ParentRunner.java:238)
	at org.junit.runners.ParentRunner$1.schedule(ParentRunner.java:63)
	at org.junit.runners.ParentRunner.runChildren(ParentRunner.java:236)
	at org.junit.runners.ParentRunner.access$000(ParentRunner.java:53)
	at org.junit.runners.ParentRunner$2.evaluate(ParentRunner.java:229)
	at org.springframework.test.context.junit4.statements.RunBeforeTestClassCallbacks.evaluate(RunBeforeTestClassCallbacks.java:61)
	at org.springframework.test.context.junit4.statements.RunAfterTestClassCallbacks.evaluate(RunAfterTestClassCallbacks.java:71)
	at org.junit.runners.ParentRunner.run(ParentRunner.java:309)
	at org.springframework.test.context.junit4.SpringJUnit4ClassRunner.run(SpringJUnit4ClassRunner.java:174)
	at org.apache.maven.surefire.junit4.JUnit4Provider.execute(JUnit4Provider.java:252)
	at org.apache.maven.surefire.junit4.JUnit4Provider.executeTestSet(JUnit4Provider.java:141)
	at org.apache.maven.surefire.junit4.JUnit4Provider.invoke(JUnit4Provider.java:112)
	at sun.reflect.NativeMethodAccessorImpl.invoke0(Native Method)
	at sun.reflect.NativeMethodAccessorImpl.invoke(NativeMethodAccessorImpl.java:62)
	at sun.reflect.DelegatingMethodAccessorImpl.invoke(DelegatingMethodAccessorImpl.java:43)
	at java.lang.reflect.Method.invoke(Method.java:483)
	at org.apache.maven.surefire.util.ReflectionUtils.invokeMethodWithArray(ReflectionUtils.java:189)
	at org.apache.maven.surefire.booter.ProviderFactory$ProviderProxy.invoke(ProviderFactory.java:165)
	at org.apache.maven.surefire.booter.ProviderFactory.invokeProvider(ProviderFactory.java:85)
	at org.apache.maven.surefire.booter.ForkedBooter.runSuitesInProcess(ForkedBooter.java:115)
	at org.apache.maven.surefire.booter.ForkedBooter.main(ForkedBooter.java:75)
Caused by: org.springframework.beans.factory.BeanCreationException: Error creating bean with name &apos;cardController&apos;: Injection of autowired dependencies failed; nested exception is org.springframework.beans.factory.BeanCreationException: Could not autowire field: com.expeditors.training.course3demo.service.CardService com.expeditors.training.course3demo.controller.CardController.cardService; nested exception is org.springframework.beans.factory.NoSuchBeanDefinitionException: No qualifying bean of type [com.expeditors.training.course3demo.service.CardService] found for dependency: expected at least 1 bean which qualifies as autowire candidate for this dependency. Dependency annotations: {@org.springframework.beans.factory.annotation.Autowired(required=true)}
	at org.springframework.beans.factory.annotation.AutowiredAnnotationBeanPostProcessor.postProcessPropertyValues(AutowiredAnnotationBeanPostProcessor.java:288)
	at org.springframework.beans.factory.support.AbstractAutowireCapableBeanFactory.populateBean(AbstractAutowireCapableBeanFactory.java:1116)
	at org.springframework.beans.factory.support.AbstractAutowireCapableBeanFactory.doCreateBean(AbstractAutowireCapableBeanFactory.java:519)
	at org.springframework.beans.factory.support.AbstractAutowireCapableBeanFactory.createBean(AbstractAutowireCapableBeanFactory.java:458)
	at org.springframework.beans.factory.support.AbstractBeanFactory$1.getObject(AbstractBeanFactory.java:295)
	at org.springframework.beans.factory.support.DefaultSingletonBeanRegistry.getSingleton(DefaultSingletonBeanRegistry.java:223)
	at org.springframework.beans.factory.support.AbstractBeanFactory.doGetBean(AbstractBeanFactory.java:292)
	at org.springframework.beans.factory.support.AbstractBeanFactory.getBean(AbstractBeanFactory.java:194)
	at org.springframework.beans.factory.support.DefaultListableBeanFactory.preInstantiateSingletons(DefaultListableBeanFactory.java:626)
	at org.springframework.context.support.AbstractApplicationContext.finishBeanFactoryInitialization(AbstractApplicationContext.java:932)
	at org.springframework.context.support.AbstractApplicationContext.refresh(AbstractApplicationContext.java:479)
	at org.springframework.test.context.web.AbstractGenericWebContextLoader.loadContext(AbstractGenericWebContextLoader.java:128)
	at org.springframework.test.context.web.AbstractGenericWebContextLoader.loadContext(AbstractGenericWebContextLoader.java:60)
	at org.springframework.test.context.support.AbstractDelegatingSmartContextLoader.delegateLoading(AbstractDelegatingSmartContextLoader.java:100)
	at org.springframework.test.context.support.AbstractDelegatingSmartContextLoader.loadContext(AbstractDelegatingSmartContextLoader.java:248)
	at org.springframework.test.context.CacheAwareContextLoaderDelegate.loadContextInternal(CacheAwareContextLoaderDelegate.java:64)
	at org.springframework.test.context.CacheAwareContextLoaderDelegate.loadContext(CacheAwareContextLoaderDelegate.java:91)
	... 31 more
Caused by: org.springframework.beans.factory.BeanCreationException: Could not autowire field: com.expeditors.training.course3demo.service.CardService com.expeditors.training.course3demo.controller.CardController.cardService; nested exception is org.springframework.beans.factory.NoSuchBeanDefinitionException: No qualifying bean of type [com.expeditors.training.course3demo.service.CardService] found for dependency: expected at least 1 bean which qualifies as autowire candidate for this dependency. Dependency annotations: {@org.springframework.beans.factory.annotation.Autowired(required=true)}
	at org.springframework.beans.factory.annotation.AutowiredAnnotationBeanPostProcessor$AutowiredFieldElement.inject(AutowiredAnnotationBeanPostProcessor.java:514)
	at org.springframework.beans.factory.annotation.InjectionMetadata.inject(InjectionMetadata.java:87)
	at org.springframework.beans.factory.annotation.AutowiredAnnotationBeanPostProcessor.postProcessPropertyValues(AutowiredAnnotationBeanPostProcessor.java:285)
	... 47 more
Caused by: org.springframework.beans.factory.NoSuchBeanDefinitionException: No qualifying bean of type [com.expeditors.training.course3demo.service.CardService] found for dependency: expected at least 1 bean which qualifies as autowire candidate for this dependency. Dependency annotations: {@org.springframework.beans.factory.annotation.Autowired(required=true)}
	at org.springframework.beans.factory.support.DefaultListableBeanFactory.raiseNoSuchBeanDefinitionException(DefaultListableBeanFactory.java:986)
	at org.springframework.beans.factory.support.DefaultListableBeanFactory.doResolveDependency(DefaultListableBeanFactory.java:856)
	at org.springframework.beans.factory.support.DefaultListableBeanFactory.resolveDependency(DefaultListableBeanFactory.java:768)
	at org.springframework.beans.factory.annotation.AutowiredAnnotationBeanPostProcessor$AutowiredFieldElement.inject(AutowiredAnnotationBeanPostProcessor.java:486)
	... 49 more
</error>
    <system-out>DEBUG BasicTypeRegistry - Adding type registration boolean -&gt; org.hibernate.type.BooleanType@41a0aa7d
DEBUG BasicTypeRegistry - Adding type registration boolean -&gt; org.hibernate.type.BooleanType@41a0aa7d
DEBUG BasicTypeRegistry - Adding type registration java.lang.Boolean -&gt; org.hibernate.type.BooleanType@41a0aa7d
DEBUG BasicTypeRegistry - Adding type registration numeric_boolean -&gt; org.hibernate.type.NumericBooleanType@1ffaf86
DEBUG BasicTypeRegistry - Adding type registration true_false -&gt; org.hibernate.type.TrueFalseType@368247b9
DEBUG BasicTypeRegistry - Adding type registration yes_no -&gt; org.hibernate.type.YesNoType@55a147cc
DEBUG BasicTypeRegistry - Adding type registration byte -&gt; org.hibernate.type.ByteType@2892d68
DEBUG BasicTypeRegistry - Adding type registration byte -&gt; org.hibernate.type.ByteType@2892d68
DEBUG BasicTypeRegistry - Adding type registration java.lang.Byte -&gt; org.hibernate.type.ByteType@2892d68
DEBUG BasicTypeRegistry - Adding type registration character -&gt; org.hibernate.type.CharacterType@2e385cce
DEBUG BasicTypeRegistry - Adding type registration char -&gt; org.hibernate.type.CharacterType@2e385cce
DEBUG BasicTypeRegistry - Adding type registration java.lang.Character -&gt; org.hibernate.type.CharacterType@2e385cce
DEBUG BasicTypeRegistry - Adding type registration short -&gt; org.hibernate.type.ShortType@26d9b808
DEBUG BasicTypeRegistry - Adding type registration short -&gt; org.hibernate.type.ShortType@26d9b808
DEBUG BasicTypeRegistry - Adding type registration java.lang.Short -&gt; org.hibernate.type.ShortType@26d9b808
DEBUG BasicTypeRegistry - Adding type registration integer -&gt; org.hibernate.type.IntegerType@6d4d66d2
DEBUG BasicTypeRegistry - Adding type registration int -&gt; org.hibernate.type.IntegerType@6d4d66d2
DEBUG BasicTypeRegistry - Adding type registration java.lang.Integer -&gt; org.hibernate.type.IntegerType@6d4d66d2
DEBUG BasicTypeRegistry - Adding type registration long -&gt; org.hibernate.type.LongType@53fe15ff
DEBUG BasicTypeRegistry - Adding type registration long -&gt; org.hibernate.type.LongType@53fe15ff
DEBUG BasicTypeRegistry - Adding type registration java.lang.Long -&gt; org.hibernate.type.LongType@53fe15ff
DEBUG BasicTypeRegistry - Adding type registration float -&gt; org.hibernate.type.FloatType@2eae8e6e
DEBUG BasicTypeRegistry - Adding type registration float -&gt; org.hibernate.type.FloatType@2eae8e6e
DEBUG BasicTypeRegistry - Adding type registration java.lang.Float -&gt; org.hibernate.type.FloatType@2eae8e6e
DEBUG BasicTypeRegistry - Adding type registration double -&gt; org.hibernate.type.DoubleType@25ce9dc4
DEBUG BasicTypeRegistry - Adding type registration double -&gt; org.hibernate.type.DoubleType@25ce9dc4
DEBUG BasicTypeRegistry - Adding type registration java.lang.Double -&gt; org.hibernate.type.DoubleType@25ce9dc4
DEBUG BasicTypeRegistry - Adding type registration big_decimal -&gt; org.hibernate.type.BigDecimalType@3e8c3cb
DEBUG BasicTypeRegistry - Adding type registration java.math.BigDecimal -&gt; org.hibernate.type.BigDecimalType@3e8c3cb
DEBUG BasicTypeRegistry - Adding type registration big_integer -&gt; org.hibernate.type.BigIntegerType@3e27ba32
DEBUG BasicTypeRegistry - Adding type registration java.math.BigInteger -&gt; org.hibernate.type.BigIntegerType@3e27ba32
DEBUG BasicTypeRegistry - Adding type registration string -&gt; org.hibernate.type.StringType@1ca3b418
DEBUG BasicTypeRegistry - Adding type registration java.lang.String -&gt; org.hibernate.type.StringType@1ca3b418
DEBUG BasicTypeRegistry - Adding type registration nstring -&gt; org.hibernate.type.StringNVarcharType@7161d8d1
DEBUG BasicTypeRegistry - Adding type registration ncharacter -&gt; org.hibernate.type.CharacterNCharType@795509d9
DEBUG BasicTypeRegistry - Adding type registration url -&gt; org.hibernate.type.UrlType@4be29ed9
DEBUG BasicTypeRegistry - Adding type registration java.net.URL -&gt; org.hibernate.type.UrlType@4be29ed9
DEBUG BasicTypeRegistry - Adding type registration date -&gt; org.hibernate.type.DateType@75437611
DEBUG BasicTypeRegistry - Adding type registration java.sql.Date -&gt; org.hibernate.type.DateType@75437611
DEBUG BasicTypeRegistry - Adding type registration time -&gt; org.hibernate.type.TimeType@15043a2f
DEBUG BasicTypeRegistry - Adding type registration java.sql.Time -&gt; org.hibernate.type.TimeType@15043a2f
DEBUG BasicTypeRegistry - Adding type registration timestamp -&gt; org.hibernate.type.TimestampType@8519cb4
DEBUG BasicTypeRegistry - Adding type registration java.sql.Timestamp -&gt; org.hibernate.type.TimestampType@8519cb4
DEBUG BasicTypeRegistry - Adding type registration java.util.Date -&gt; org.hibernate.type.TimestampType@8519cb4
DEBUG BasicTypeRegistry - Adding type registration dbtimestamp -&gt; org.hibernate.type.DbTimestampType@3ba987b8
DEBUG BasicTypeRegistry - Adding type registration calendar -&gt; org.hibernate.type.CalendarType@72035809
DEBUG BasicTypeRegistry - Adding type registration java.util.Calendar -&gt; org.hibernate.type.CalendarType@72035809
DEBUG BasicTypeRegistry - Adding type registration java.util.GregorianCalendar -&gt; org.hibernate.type.CalendarType@72035809
DEBUG BasicTypeRegistry - Adding type registration calendar_date -&gt; org.hibernate.type.CalendarDateType@606e4010
DEBUG BasicTypeRegistry - Adding type registration locale -&gt; org.hibernate.type.LocaleType@5e2c3d18
DEBUG BasicTypeRegistry - Adding type registration java.util.Locale -&gt; org.hibernate.type.LocaleType@5e2c3d18
DEBUG BasicTypeRegistry - Adding type registration currency -&gt; org.hibernate.type.CurrencyType@6caf0677
DEBUG BasicTypeRegistry - Adding type registration java.util.Currency -&gt; org.hibernate.type.CurrencyType@6caf0677
DEBUG BasicTypeRegistry - Adding type registration timezone -&gt; org.hibernate.type.TimeZoneType@1a75e76a
DEBUG BasicTypeRegistry - Adding type registration java.util.TimeZone -&gt; org.hibernate.type.TimeZoneType@1a75e76a
DEBUG BasicTypeRegistry - Adding type registration class -&gt; org.hibernate.type.ClassType@4681c175
DEBUG BasicTypeRegistry - Adding type registration java.lang.Class -&gt; org.hibernate.type.ClassType@4681c175
DEBUG BasicTypeRegistry - Adding type registration uuid-binary -&gt; org.hibernate.type.UUIDBinaryType@1caa0244
DEBUG BasicTypeRegistry - Adding type registration java.util.UUID -&gt; org.hibernate.type.UUIDBinaryType@1caa0244
DEBUG BasicTypeRegistry - Adding type registration uuid-char -&gt; org.hibernate.type.UUIDCharType@1750fbeb
DEBUG BasicTypeRegistry - Adding type registration pg-uuid -&gt; org.hibernate.type.PostgresUUIDType@6c284af
DEBUG BasicTypeRegistry - Adding type registration binary -&gt; org.hibernate.type.BinaryType@7c137fd5
DEBUG BasicTypeRegistry - Adding type registration byte[] -&gt; org.hibernate.type.BinaryType@7c137fd5
DEBUG BasicTypeRegistry - Adding type registration [B -&gt; org.hibernate.type.BinaryType@7c137fd5
DEBUG BasicTypeRegistry - Adding type registration wrapper-binary -&gt; org.hibernate.type.WrapperBinaryType@2b40ff9c
DEBUG BasicTypeRegistry - Adding type registration Byte[] -&gt; org.hibernate.type.WrapperBinaryType@2b40ff9c
DEBUG BasicTypeRegistry - Adding type registration [Ljava.lang.Byte; -&gt; org.hibernate.type.WrapperBinaryType@2b40ff9c
DEBUG BasicTypeRegistry - Adding type registration image -&gt; org.hibernate.type.ImageType@5ddeb7cb
DEBUG BasicTypeRegistry - Adding type registration characters -&gt; org.hibernate.type.CharArrayType@6be968ce
DEBUG BasicTypeRegistry - Adding type registration char[] -&gt; org.hibernate.type.CharArrayType@6be968ce
DEBUG BasicTypeRegistry - Adding type registration [C -&gt; org.hibernate.type.CharArrayType@6be968ce
DEBUG BasicTypeRegistry - Adding type registration wrapper-characters -&gt; org.hibernate.type.CharacterArrayType@76494737
DEBUG BasicTypeRegistry - Adding type registration [Ljava.lang.Character; -&gt; org.hibernate.type.CharacterArrayType@76494737
DEBUG BasicTypeRegistry - Adding type registration Character[] -&gt; org.hibernate.type.CharacterArrayType@76494737
DEBUG BasicTypeRegistry - Adding type registration text -&gt; org.hibernate.type.TextType@609e8838
DEBUG BasicTypeRegistry - Adding type registration ntext -&gt; org.hibernate.type.NTextType@23e84203
DEBUG BasicTypeRegistry - Adding type registration blob -&gt; org.hibernate.type.BlobType@c430e6c
DEBUG BasicTypeRegistry - Adding type registration java.sql.Blob -&gt; org.hibernate.type.BlobType@c430e6c
DEBUG BasicTypeRegistry - Adding type registration materialized_blob -&gt; org.hibernate.type.MaterializedBlobType@72bc6553
DEBUG BasicTypeRegistry - Adding type registration clob -&gt; org.hibernate.type.ClobType@2ab4bc72
DEBUG BasicTypeRegistry - Adding type registration java.sql.Clob -&gt; org.hibernate.type.ClobType@2ab4bc72
DEBUG BasicTypeRegistry - Adding type registration nclob -&gt; org.hibernate.type.NClobType@55cb6996
DEBUG BasicTypeRegistry - Adding type registration java.sql.NClob -&gt; org.hibernate.type.NClobType@55cb6996
DEBUG BasicTypeRegistry - Adding type registration materialized_clob -&gt; org.hibernate.type.MaterializedClobType@f1da57d
DEBUG BasicTypeRegistry - Adding type registration materialized_nclob -&gt; org.hibernate.type.MaterializedNClobType@72c8e7b
DEBUG BasicTypeRegistry - Adding type registration serializable -&gt; org.hibernate.type.SerializableType@790da477
DEBUG BasicTypeRegistry - Adding type registration object -&gt; org.hibernate.type.ObjectType@3feb2dda
DEBUG BasicTypeRegistry - Adding type registration java.lang.Object -&gt; org.hibernate.type.ObjectType@3feb2dda
DEBUG BasicTypeRegistry - Adding type registration imm_date -&gt; org.hibernate.type.AdaptedImmutableType@2b61a019
DEBUG BasicTypeRegistry - Adding type registration imm_time -&gt; org.hibernate.type.AdaptedImmutableType@11a00961
DEBUG BasicTypeRegistry - Adding type registration imm_timestamp -&gt; org.hibernate.type.AdaptedImmutableType@7ce9e05a
DEBUG BasicTypeRegistry - Adding type registration imm_dbtimestamp -&gt; org.hibernate.type.AdaptedImmutableType@4992613f
DEBUG BasicTypeRegistry - Adding type registration imm_calendar -&gt; org.hibernate.type.AdaptedImmutableType@6fd5717c
DEBUG BasicTypeRegistry - Adding type registration imm_calendar_date -&gt; org.hibernate.type.AdaptedImmutableType@7e2f86e6
DEBUG BasicTypeRegistry - Adding type registration imm_binary -&gt; org.hibernate.type.AdaptedImmutableType@4d774249
DEBUG BasicTypeRegistry - Adding type registration imm_serializable -&gt; org.hibernate.type.AdaptedImmutableType@17b64941
DEBUG DefaultIdentifierGeneratorFactory - Registering IdentifierGenerator strategy [uuid2] -&gt; [org.hibernate.id.UUIDGenerator]
DEBUG DefaultIdentifierGeneratorFactory - Registering IdentifierGenerator strategy [guid] -&gt; [org.hibernate.id.GUIDGenerator]
DEBUG DefaultIdentifierGeneratorFactory - Registering IdentifierGenerator strategy [uuid] -&gt; [org.hibernate.id.UUIDHexGenerator]
DEBUG DefaultIdentifierGeneratorFactory - Registering IdentifierGenerator strategy [uuid.hex] -&gt; [org.hibernate.id.UUIDHexGenerator]
DEBUG DefaultIdentifierGeneratorFactory - Registering IdentifierGenerator strategy [hilo] -&gt; [org.hibernate.id.TableHiLoGenerator]
DEBUG DefaultIdentifierGeneratorFactory - Registering IdentifierGenerator strategy [assigned] -&gt; [org.hibernate.id.Assigned]
DEBUG DefaultIdentifierGeneratorFactory - Registering IdentifierGenerator strategy [identity] -&gt; [org.hibernate.id.IdentityGenerator]
DEBUG DefaultIdentifierGeneratorFactory - Registering IdentifierGenerator strategy [select] -&gt; [org.hibernate.id.SelectGenerator]
DEBUG DefaultIdentifierGeneratorFactory - Registering IdentifierGenerator strategy [sequence] -&gt; [org.hibernate.id.SequenceGenerator]
DEBUG DefaultIdentifierGeneratorFactory - Registering IdentifierGenerator strategy [seqhilo] -&gt; [org.hibernate.id.SequenceHiLoGenerator]
DEBUG DefaultIdentifierGeneratorFactory - Registering IdentifierGenerator strategy [increment] -&gt; [org.hibernate.id.IncrementGenerator]
DEBUG DefaultIdentifierGeneratorFactory - Registering IdentifierGenerator strategy [foreign] -&gt; [org.hibernate.id.ForeignGenerator]
DEBUG DefaultIdentifierGeneratorFactory - Registering IdentifierGenerator strategy [sequence-identity] -&gt; [org.hibernate.id.SequenceIdentityGenerator]
DEBUG DefaultIdentifierGeneratorFactory - Registering IdentifierGenerator strategy [enhanced-sequence] -&gt; [org.hibernate.id.enhanced.SequenceStyleGenerator]
DEBUG DefaultIdentifierGeneratorFactory - Registering IdentifierGenerator strategy [enhanced-table] -&gt; [org.hibernate.id.enhanced.TableGenerator]
DEBUG Ejb3Configuration - Processing PersistenceUnitInfo [
	name: default
	persistence provider classname: null
	classloader: sun.misc.Launcher$AppClassLoader@6bc7c054
	Temporary classloader: org.springframework.instrument.classloading.SimpleThrowawayClassLoader@53ac845a
	excludeUnlistedClasses: true
	JTA datasource: null
	Non JTA datasource: org.springframework.jdbc.datasource.DriverManagerDataSource@5136207f
	Transaction type: RESOURCE_LOCAL
	PU root URL: file:/C:/Users/chq-jamesgl/STS_work2/finalprojectgleixner/target/test-classes/
	Shared Cache Mode: UNSPECIFIED
	Validation Mode: AUTO
	Jar files URLs []
	Managed classes names [
		com.expeditors.training.course3demo.model.Address
		com.expeditors.training.course3demo.model.Card
		com.expeditors.training.course3demo.model.Container
		com.expeditors.training.course3demo.model.PhoneNumber
		com.expeditors.training.course3demo.model.Product
		com.expeditors.training.course3demo.model.Shipment
		com.expeditors.training.course3demo.model.UserAccount
		com.expeditors.training.course3demo.model.UserRole]
	Mapping files names []
	Properties []
DEBUG Ejb3Configuration - Detect class: true; detect hbm: true
DEBUG AbstractJarVisitor - Searching mapped entities in jar/par: file:/C:/Users/chq-jamesgl/STS_work2/finalprojectgleixner/target/test-classes/
DEBUG AbstractJarVisitor - Filtering: com.expeditors.training.course3demo.config.PersistenceJPATestConfig
DEBUG AbstractJarVisitor - Filtering: com.expeditors.training.course3demo.config.ServiceTestConfig
DEBUG AbstractJarVisitor - Filtering: com.expeditors.training.course3demo.config.TestConfig
DEBUG AbstractJarVisitor - Filtering: com.expeditors.training.course3demo.controller.ContainerControllerTest
DEBUG AbstractJarVisitor - Filtering: com.expeditors.training.course3demo.controller.ProductControllerTest
DEBUG AbstractJarVisitor - Filtering: com.expeditors.training.course3demo.controller.ShipmentControllerTest
DEBUG AbstractJarVisitor - Filtering: com.expeditors.training.course3demo.service.ContainerServiceTest
DEBUG AbstractJarVisitor - Filtering: com.expeditors.training.course3demo.service.ProductServiceTest
DEBUG AbstractJarVisitor - Filtering: com.expeditors.training.course3demo.service.ShipmentServiceTest
DEBUG IntegratorServiceImpl - Adding Integrator [org.hibernate.cfg.beanvalidation.BeanValidationIntegrator].
DEBUG IntegratorServiceImpl - Adding Integrator [org.hibernate.ejb.event.JpaIntegrator].
DEBUG NamingHelper - No JNDI name configured for binding Ejb3Configuration
DEBUG Configuration - Preparing to build session factory with filters : {}
DEBUG Configuration - Processing hbm.xml files
DEBUG Configuration - Process annotated classes
DEBUG AnnotationBinder - Binding entity from annotated class: com.expeditors.training.course3demo.model.Address
DEBUG Ejb3Column - Binding column: Ejb3DiscriminatorColumn{logicalColumnName&apos;DTYPE&apos;, discriminatorTypeName=&apos;string&apos;}
DEBUG EntityBinder - Import with entity name Address
DEBUG EntityBinder - Bind entity com.expeditors.training.course3demo.model.Address on table ADDRESS
DEBUG Ejb3Column - Binding column: Ejb3Column{table=org.hibernate.mapping.Table(ADDRESS), mappingColumn=ADDRESS_ID, insertable=true, updatable=true, unique=false}
DEBUG PropertyBinder - MetadataSourceProcessor property id with lazy=false
DEBUG SimpleValueBinder - building SimpleValue for id
DEBUG PropertyBinder - Building property id
DEBUG Ejb3Column - Binding column: Ejb3Column{table=org.hibernate.mapping.Table(ADDRESS), mappingColumn=city, insertable=true, updatable=true, unique=false}
DEBUG PropertyBinder - MetadataSourceProcessor property city with lazy=false
DEBUG SimpleValueBinder - building SimpleValue for city
DEBUG PropertyBinder - Building property city
DEBUG Ejb3Column - Binding column: Ejb3Column{table=org.hibernate.mapping.Table(ADDRESS), mappingColumn=state, insertable=true, updatable=true, unique=false}
DEBUG PropertyBinder - MetadataSourceProcessor property state with lazy=false
DEBUG SimpleValueBinder - building SimpleValue for state
DEBUG PropertyBinder - Building property state
DEBUG Ejb3Column - Binding column: Ejb3Column{table=org.hibernate.mapping.Table(ADDRESS), mappingColumn=street, insertable=true, updatable=true, unique=false}
DEBUG PropertyBinder - MetadataSourceProcessor property street with lazy=false
DEBUG SimpleValueBinder - building SimpleValue for street
DEBUG PropertyBinder - Building property street
DEBUG AnnotationBinder - Binding entity from annotated class: com.expeditors.training.course3demo.model.Card
DEBUG Ejb3Column - Binding column: Ejb3DiscriminatorColumn{logicalColumnName&apos;DTYPE&apos;, discriminatorTypeName=&apos;string&apos;}
DEBUG EntityBinder - Import with entity name Card
DEBUG EntityBinder - Bind entity com.expeditors.training.course3demo.model.Card on table CARD
DEBUG Ejb3Column - Binding column: Ejb3Column{table=org.hibernate.mapping.Table(CARD), mappingColumn=CARD_ID, insertable=true, updatable=true, unique=false}
DEBUG PropertyBinder - MetadataSourceProcessor property id with lazy=false
DEBUG SimpleValueBinder - building SimpleValue for id
DEBUG PropertyBinder - Building property id
DEBUG Ejb3Column - Binding column: Ejb3JoinColumn{logicalColumnName=&apos;address&apos;, referencedColumn=&apos;&apos;, mappedBy=&apos;&apos;}
DEBUG Ejb3Column - Binding column: Ejb3Column{table=org.hibernate.mapping.Table(CARD), mappingColumn=address, insertable=true, updatable=true, unique=false}
DEBUG PropertyBinder - Building property address
DEBUG Ejb3Column - Binding column: Ejb3Column{table=org.hibernate.mapping.Table(CARD), mappingColumn=amount, insertable=true, updatable=true, unique=false}
DEBUG PropertyBinder - MetadataSourceProcessor property amount with lazy=false
DEBUG SimpleValueBinder - building SimpleValue for amount
DEBUG PropertyBinder - Building property amount
DEBUG Ejb3Column - Binding column: Ejb3Column{table=org.hibernate.mapping.Table(CARD), mappingColumn=CARD_NUMBER, insertable=true, updatable=true, unique=false}
DEBUG PropertyBinder - MetadataSourceProcessor property number with lazy=false
DEBUG SimpleValueBinder - building SimpleValue for number
DEBUG PropertyBinder - Building property number
DEBUG Ejb3Column - Binding column: Ejb3Column{table=org.hibernate.mapping.Table(CARD), mappingColumn=OWNER_NAME, insertable=true, updatable=true, unique=false}
DEBUG PropertyBinder - MetadataSourceProcessor property owner with lazy=false
DEBUG SimpleValueBinder - building SimpleValue for owner
DEBUG PropertyBinder - Building property owner
DEBUG Ejb3Column - Binding column: Ejb3JoinColumn{logicalColumnName=&apos;null&apos;, referencedColumn=&apos;null&apos;, mappedBy=&apos;card&apos;}
DEBUG Ejb3Column - Binding column: Ejb3Column{table=org.hibernate.mapping.Table(CARD), mappingColumn=phoneNumbers, insertable=true, updatable=true, unique=false}
DEBUG Ejb3Column - Binding column: Ejb3Column{table=org.hibernate.mapping.Table(CARD), mappingColumn=index, insertable=true, updatable=true, unique=false}
DEBUG Ejb3Column - Binding column: Ejb3Column{table=org.hibernate.mapping.Table(CARD), mappingColumn=element, insertable=true, updatable=true, unique=false}
DEBUG Ejb3Column - Binding column: Ejb3Column{table=org.hibernate.mapping.Table(CARD), mappingColumn=phoneNumbers_KEY, insertable=true, updatable=true, unique=false}
DEBUG Ejb3Column - Binding column: Ejb3JoinColumn{logicalColumnName=&apos;phoneNumbers_KEY&apos;, referencedColumn=&apos;null&apos;, mappedBy=&apos;null&apos;}
DEBUG Ejb3Column - Binding column: Ejb3JoinColumn{logicalColumnName=&apos;null&apos;, referencedColumn=&apos;null&apos;, mappedBy=&apos;card&apos;}
DEBUG Ejb3Column - Binding column: Ejb3JoinColumn{logicalColumnName=&apos;null&apos;, referencedColumn=&apos;null&apos;, mappedBy=&apos;card&apos;}
DEBUG CollectionBinder - Collection role: com.expeditors.training.course3demo.model.Card.phoneNumbers
DEBUG PropertyBinder - Building property phoneNumbers
DEBUG AnnotationBinder - Binding entity from annotated class: com.expeditors.training.course3demo.model.Container
DEBUG Ejb3Column - Binding column: Ejb3DiscriminatorColumn{logicalColumnName&apos;DTYPE&apos;, discriminatorTypeName=&apos;string&apos;}
DEBUG EntityBinder - Import with entity name Container
DEBUG EntityBinder - Bind entity com.expeditors.training.course3demo.model.Container on table Container
DEBUG Ejb3Column - Binding column: Ejb3Column{table=org.hibernate.mapping.Table(Container), mappingColumn=CONTAINER_ID, insertable=true, updatable=true, unique=false}
DEBUG PropertyBinder - MetadataSourceProcessor property id with lazy=false
DEBUG SimpleValueBinder - building SimpleValue for id
DEBUG PropertyBinder - Building property id
DEBUG Ejb3Column - Binding column: Ejb3Column{table=org.hibernate.mapping.Table(Container), mappingColumn=capacity, insertable=true, updatable=true, unique=false}
DEBUG PropertyBinder - MetadataSourceProcessor property capacity with lazy=false
DEBUG SimpleValueBinder - building SimpleValue for capacity
DEBUG PropertyBinder - Building property capacity
DEBUG Ejb3Column - Binding column: Ejb3Column{table=org.hibernate.mapping.Table(Container), mappingColumn=destination, insertable=true, updatable=true, unique=false}
DEBUG PropertyBinder - MetadataSourceProcessor property destination with lazy=false
DEBUG SimpleValueBinder - building SimpleValue for destination
DEBUG PropertyBinder - Building property destination
DEBUG Ejb3Column - Binding column: Ejb3Column{table=org.hibernate.mapping.Table(Container), mappingColumn=location, insertable=true, updatable=true, unique=false}
DEBUG PropertyBinder - MetadataSourceProcessor property location with lazy=false
DEBUG SimpleValueBinder - building SimpleValue for location
DEBUG PropertyBinder - Building property location
DEBUG Ejb3Column - Binding column: Ejb3Column{table=org.hibernate.mapping.Table(Container), mappingColumn=name, insertable=true, updatable=true, unique=false}
DEBUG PropertyBinder - MetadataSourceProcessor property name with lazy=false
DEBUG SimpleValueBinder - building SimpleValue for name
DEBUG PropertyBinder - Building property name
DEBUG Ejb3Column - Binding column: Ejb3Column{table=org.hibernate.mapping.Table(Container), mappingColumn=status, insertable=true, updatable=true, unique=false}
DEBUG PropertyBinder - MetadataSourceProcessor property status with lazy=false
DEBUG SimpleValueBinder - building SimpleValue for status
DEBUG PropertyBinder - Building property status
DEBUG AnnotationBinder - Binding entity from annotated class: com.expeditors.training.course3demo.model.PhoneNumber
DEBUG Ejb3Column - Binding column: Ejb3DiscriminatorColumn{logicalColumnName&apos;DTYPE&apos;, discriminatorTypeName=&apos;string&apos;}
DEBUG EntityBinder - Import with entity name PhoneNumber
DEBUG EntityBinder - Bind entity com.expeditors.training.course3demo.model.PhoneNumber on table PHONE_NUMBER
DEBUG Ejb3Column - Binding column: Ejb3Column{table=org.hibernate.mapping.Table(PHONE_NUMBER), mappingColumn=PHONE_NUMBER_ID, insertable=true, updatable=true, unique=false}
DEBUG PropertyBinder - MetadataSourceProcessor property id with lazy=false
DEBUG SimpleValueBinder - building SimpleValue for id
DEBUG PropertyBinder - Building property id
DEBUG Ejb3Column - Binding column: Ejb3JoinColumn{logicalColumnName=&apos;CARD_ID&apos;, referencedColumn=&apos;&apos;, mappedBy=&apos;&apos;}
DEBUG Ejb3Column - Binding column: Ejb3Column{table=org.hibernate.mapping.Table(PHONE_NUMBER), mappingColumn=card, insertable=true, updatable=true, unique=false}
DEBUG PropertyBinder - Building property card
DEBUG Ejb3Column - Binding column: Ejb3Column{table=org.hibernate.mapping.Table(PHONE_NUMBER), mappingColumn=PHONE_NUMBER, insertable=true, updatable=true, unique=false}
DEBUG PropertyBinder - MetadataSourceProcessor property number with lazy=false
DEBUG SimpleValueBinder - building SimpleValue for number
DEBUG PropertyBinder - Building property number
DEBUG AnnotationBinder - Binding entity from annotated class: com.expeditors.training.course3demo.model.Product
DEBUG Ejb3Column - Binding column: Ejb3DiscriminatorColumn{logicalColumnName&apos;DTYPE&apos;, discriminatorTypeName=&apos;string&apos;}
DEBUG EntityBinder - Import with entity name Product
DEBUG EntityBinder - Bind entity com.expeditors.training.course3demo.model.Product on table PRODUCT
DEBUG Ejb3Column - Binding column: Ejb3Column{table=org.hibernate.mapping.Table(PRODUCT), mappingColumn=PRODUCT_ID, insertable=true, updatable=true, unique=false}
DEBUG PropertyBinder - MetadataSourceProcessor property id with lazy=false
DEBUG SimpleValueBinder - building SimpleValue for id
DEBUG PropertyBinder - Building property id
DEBUG Ejb3Column - Binding column: Ejb3Column{table=org.hibernate.mapping.Table(PRODUCT), mappingColumn=description, insertable=true, updatable=true, unique=false}
DEBUG PropertyBinder - MetadataSourceProcessor property description with lazy=false
DEBUG SimpleValueBinder - building SimpleValue for description
DEBUG PropertyBinder - Building property description
DEBUG Ejb3Column - Binding column: Ejb3Column{table=org.hibernate.mapping.Table(PRODUCT), mappingColumn=name, insertable=true, updatable=true, unique=false}
DEBUG PropertyBinder - MetadataSourceProcessor property name with lazy=false
DEBUG SimpleValueBinder - building SimpleValue for name
DEBUG PropertyBinder - Building property name
DEBUG Ejb3Column - Binding column: Ejb3Column{table=org.hibernate.mapping.Table(PRODUCT), mappingColumn=price, insertable=true, updatable=true, unique=false}
DEBUG PropertyBinder - MetadataSourceProcessor property price with lazy=false
DEBUG SimpleValueBinder - building SimpleValue for price
DEBUG PropertyBinder - Building property price
DEBUG AnnotationBinder - Binding entity from annotated class: com.expeditors.training.course3demo.model.Shipment
DEBUG Ejb3Column - Binding column: Ejb3DiscriminatorColumn{logicalColumnName&apos;DTYPE&apos;, discriminatorTypeName=&apos;string&apos;}
DEBUG EntityBinder - Import with entity name Shipment
DEBUG EntityBinder - Bind entity com.expeditors.training.course3demo.model.Shipment on table Shipment
DEBUG Ejb3Column - Binding column: Ejb3Column{table=org.hibernate.mapping.Table(Shipment), mappingColumn=SHIPMENT_ID, insertable=true, updatable=true, unique=false}
DEBUG PropertyBinder - MetadataSourceProcessor property id with lazy=false
DEBUG SimpleValueBinder - building SimpleValue for id
DEBUG PropertyBinder - Building property id
DEBUG Ejb3Column - Binding column: Ejb3Column{table=org.hibernate.mapping.Table(Shipment), mappingColumn=destination, insertable=true, updatable=true, unique=false}
DEBUG PropertyBinder - MetadataSourceProcessor property destination with lazy=false
DEBUG SimpleValueBinder - building SimpleValue for destination
DEBUG PropertyBinder - Building property destination
DEBUG Ejb3Column - Binding column: Ejb3Column{table=org.hibernate.mapping.Table(Shipment), mappingColumn=name, insertable=true, updatable=true, unique=false}
DEBUG PropertyBinder - MetadataSourceProcessor property name with lazy=false
DEBUG SimpleValueBinder - building SimpleValue for name
DEBUG PropertyBinder - Building property name
DEBUG Ejb3Column - Binding column: Ejb3Column{table=org.hibernate.mapping.Table(Shipment), mappingColumn=origin, insertable=true, updatable=true, unique=false}
DEBUG PropertyBinder - MetadataSourceProcessor property origin with lazy=false
DEBUG SimpleValueBinder - building SimpleValue for origin
DEBUG PropertyBinder - Building property origin
DEBUG Ejb3Column - Binding column: Ejb3Column{table=org.hibernate.mapping.Table(Shipment), mappingColumn=volume, insertable=true, updatable=true, unique=false}
DEBUG PropertyBinder - MetadataSourceProcessor property volume with lazy=false
DEBUG SimpleValueBinder - building SimpleValue for volume
DEBUG PropertyBinder - Building property volume
DEBUG AnnotationBinder - Binding entity from annotated class: com.expeditors.training.course3demo.model.UserAccount
DEBUG Ejb3Column - Binding column: Ejb3DiscriminatorColumn{logicalColumnName&apos;DTYPE&apos;, discriminatorTypeName=&apos;string&apos;}
DEBUG EntityBinder - Import with entity name UserAccount
DEBUG EntityBinder - Bind entity com.expeditors.training.course3demo.model.UserAccount on table USERACCOUNT
DEBUG Ejb3Column - Binding column: Ejb3Column{table=org.hibernate.mapping.Table(USERACCOUNT), mappingColumn=USER_ID, insertable=true, updatable=true, unique=false}
DEBUG PropertyBinder - MetadataSourceProcessor property id with lazy=false
DEBUG SimpleValueBinder - building SimpleValue for id
DEBUG PropertyBinder - Building property id
DEBUG Ejb3Column - Binding column: Ejb3Column{table=org.hibernate.mapping.Table(USERACCOUNT), mappingColumn=enabled, insertable=true, updatable=true, unique=false}
DEBUG PropertyBinder - MetadataSourceProcessor property enabled with lazy=false
DEBUG SimpleValueBinder - building SimpleValue for enabled
DEBUG PropertyBinder - Building property enabled
DEBUG Ejb3Column - Binding column: Ejb3Column{table=org.hibernate.mapping.Table(USERACCOUNT), mappingColumn=password, insertable=true, updatable=true, unique=false}
DEBUG PropertyBinder - MetadataSourceProcessor property password with lazy=false
DEBUG SimpleValueBinder - building SimpleValue for password
DEBUG PropertyBinder - Building property password
DEBUG Ejb3Column - Binding column: Ejb3JoinColumn{logicalColumnName=&apos;null&apos;, referencedColumn=&apos;null&apos;, mappedBy=&apos;userAccount&apos;}
DEBUG Ejb3Column - Binding column: Ejb3Column{table=org.hibernate.mapping.Table(USERACCOUNT), mappingColumn=userRoles, insertable=true, updatable=true, unique=false}
DEBUG Ejb3Column - Binding column: Ejb3Column{table=org.hibernate.mapping.Table(USERACCOUNT), mappingColumn=null, insertable=true, updatable=true, unique=false}
DEBUG Ejb3Column - Binding column: Ejb3Column{table=org.hibernate.mapping.Table(USERACCOUNT), mappingColumn=element, insertable=true, updatable=true, unique=false}
DEBUG Ejb3Column - Binding column: Ejb3Column{table=org.hibernate.mapping.Table(USERACCOUNT), mappingColumn=userRoles_KEY, insertable=true, updatable=true, unique=false}
DEBUG Ejb3Column - Binding column: Ejb3JoinColumn{logicalColumnName=&apos;userRoles_KEY&apos;, referencedColumn=&apos;null&apos;, mappedBy=&apos;null&apos;}
DEBUG Ejb3Column - Binding column: Ejb3JoinColumn{logicalColumnName=&apos;null&apos;, referencedColumn=&apos;null&apos;, mappedBy=&apos;userAccount&apos;}
DEBUG Ejb3Column - Binding column: Ejb3JoinColumn{logicalColumnName=&apos;null&apos;, referencedColumn=&apos;null&apos;, mappedBy=&apos;userAccount&apos;}
DEBUG CollectionBinder - Collection role: com.expeditors.training.course3demo.model.UserAccount.userRoles
DEBUG PropertyBinder - Building property userRoles
DEBUG Ejb3Column - Binding column: Ejb3Column{table=org.hibernate.mapping.Table(USERACCOUNT), mappingColumn=username, insertable=true, updatable=true, unique=false}
DEBUG PropertyBinder - MetadataSourceProcessor property username with lazy=false
DEBUG SimpleValueBinder - building SimpleValue for username
DEBUG PropertyBinder - Building property username
DEBUG AnnotationBinder - Binding entity from annotated class: com.expeditors.training.course3demo.model.UserRole
DEBUG Ejb3Column - Binding column: Ejb3DiscriminatorColumn{logicalColumnName&apos;DTYPE&apos;, discriminatorTypeName=&apos;string&apos;}
DEBUG EntityBinder - Import with entity name UserRole
DEBUG EntityBinder - Bind entity com.expeditors.training.course3demo.model.UserRole on table USERROLE
DEBUG Ejb3Column - Binding column: Ejb3Column{table=org.hibernate.mapping.Table(USERROLE), mappingColumn=ROLE_ID, insertable=true, updatable=true, unique=false}
DEBUG PropertyBinder - MetadataSourceProcessor property id with lazy=false
DEBUG SimpleValueBinder - building SimpleValue for id
DEBUG PropertyBinder - Building property id
DEBUG Ejb3Column - Binding column: Ejb3Column{table=org.hibernate.mapping.Table(USERROLE), mappingColumn=ROLE_NAME, insertable=true, updatable=true, unique=false}
DEBUG PropertyBinder - MetadataSourceProcessor property role with lazy=false
DEBUG SimpleValueBinder - building SimpleValue for role
DEBUG PropertyBinder - Building property role
DEBUG Ejb3Column - Binding column: Ejb3JoinColumn{logicalColumnName=&apos;ROLE_OWNER&apos;, referencedColumn=&apos;&apos;, mappedBy=&apos;&apos;}
DEBUG Ejb3Column - Binding column: Ejb3Column{table=org.hibernate.mapping.Table(USERROLE), mappingColumn=userAccount, insertable=true, updatable=true, unique=false}
DEBUG PropertyBinder - Building property userAccount
DEBUG SimpleValueBinder - Setting SimpleValue typeName for id
DEBUG SimpleValueBinder - Setting SimpleValue typeName for city
DEBUG SimpleValueBinder - Setting SimpleValue typeName for state
DEBUG SimpleValueBinder - Setting SimpleValue typeName for street
DEBUG SimpleValueBinder - Setting SimpleValue typeName for id
DEBUG SimpleValueBinder - Setting SimpleValue typeName for amount
DEBUG SimpleValueBinder - Setting SimpleValue typeName for number
DEBUG SimpleValueBinder - Setting SimpleValue typeName for owner
DEBUG SimpleValueBinder - Setting SimpleValue typeName for id
DEBUG SimpleValueBinder - Setting SimpleValue typeName for capacity
DEBUG SimpleValueBinder - Setting SimpleValue typeName for destination
DEBUG SimpleValueBinder - Setting SimpleValue typeName for location
DEBUG SimpleValueBinder - Setting SimpleValue typeName for name
DEBUG SimpleValueBinder - Setting SimpleValue typeName for status
DEBUG SimpleValueBinder - Setting SimpleValue typeName for id
DEBUG SimpleValueBinder - Setting SimpleValue typeName for number
DEBUG SimpleValueBinder - Setting SimpleValue typeName for id
DEBUG SimpleValueBinder - Setting SimpleValue typeName for description
DEBUG SimpleValueBinder - Setting SimpleValue typeName for name
DEBUG SimpleValueBinder - Setting SimpleValue typeName for price
DEBUG SimpleValueBinder - Setting SimpleValue typeName for id
DEBUG SimpleValueBinder - Setting SimpleValue typeName for destination
DEBUG SimpleValueBinder - Setting SimpleValue typeName for name
DEBUG SimpleValueBinder - Setting SimpleValue typeName for origin
DEBUG SimpleValueBinder - Setting SimpleValue typeName for volume
DEBUG SimpleValueBinder - Setting SimpleValue typeName for id
DEBUG SimpleValueBinder - Setting SimpleValue typeName for enabled
DEBUG SimpleValueBinder - Setting SimpleValue typeName for password
DEBUG SimpleValueBinder - Setting SimpleValue typeName for username
DEBUG SimpleValueBinder - Setting SimpleValue typeName for id
DEBUG SimpleValueBinder - Setting SimpleValue typeName for role
DEBUG Configuration - Processing fk mappings (*ToOne and JoinedSubclass)
DEBUG Configuration - Processing extends queue
DEBUG Configuration - Processing extends queue
DEBUG Configuration - Processing collection mappings
DEBUG CollectionSecondPass - Second pass for collection: com.expeditors.training.course3demo.model.Card.phoneNumbers
DEBUG CollectionBinder - Binding a OneToMany: com.expeditors.training.course3demo.model.Card.phoneNumbers through a foreign key
DEBUG CollectionBinder - Mapping collection: com.expeditors.training.course3demo.model.Card.phoneNumbers -&gt; PHONE_NUMBER
DEBUG TableBinder - Retrieving property com.expeditors.training.course3demo.model.PhoneNumber.card
DEBUG SimpleValueBinder - building SimpleValue for null
DEBUG SimpleValueBinder - Setting SimpleValue typeName for null
DEBUG CollectionSecondPass - Mapped collection key: CARD_ID, index: index, one-to-many: com.expeditors.training.course3demo.model.PhoneNumber
DEBUG CollectionSecondPass - Second pass for collection: com.expeditors.training.course3demo.model.UserAccount.userRoles
DEBUG CollectionBinder - Binding a OneToMany: com.expeditors.training.course3demo.model.UserAccount.userRoles through a foreign key
DEBUG CollectionBinder - Mapping collection: com.expeditors.training.course3demo.model.UserAccount.userRoles -&gt; USERROLE
DEBUG TableBinder - Retrieving property com.expeditors.training.course3demo.model.UserRole.userAccount
DEBUG CollectionSecondPass - Mapped collection key: ROLE_OWNER, one-to-many: com.expeditors.training.course3demo.model.UserRole
DEBUG Configuration - Processing native query and ResultSetMapping mappings
DEBUG Configuration - Processing association property references
DEBUG Configuration - Creating tables&apos; unique integer identifiers
DEBUG Configuration - Processing foreign key constraints
DEBUG Configuration - Resolving reference to class: com.expeditors.training.course3demo.model.Address
DEBUG Configuration - Resolving reference to class: com.expeditors.training.course3demo.model.Card
DEBUG Configuration - Resolving reference to class: com.expeditors.training.course3demo.model.UserAccount
INFO  ConnectionProviderInitiator - HHH000130: Instantiating explicit connection provider: org.hibernate.ejb.connection.InjectedDataSourceConnectionProvider
DEBUG JdbcServicesImpl - Database -&gt;
       name : HSQL Database Engine
    version : 2.2.4
      major : 2
      minor : 2
DEBUG JdbcServicesImpl - Driver -&gt;
       name : HSQL Database Engine Driver
    version : 2.2.4
      major : 2
      minor : 2
DEBUG JdbcServicesImpl - JDBC version : 4.0
INFO  Dialect - HHH000400: Using dialect: org.hibernate.dialect.HSQLDialect
DEBUG SettingsFactory - Automatic flush during beforeCompletion(): disabled
DEBUG SettingsFactory - Automatic session close at end of transaction: disabled
DEBUG SettingsFactory - JDBC batch size: 15
DEBUG SettingsFactory - JDBC batch updates for versioned data: disabled
DEBUG SettingsFactory - Scrollable result sets: enabled
DEBUG SettingsFactory - Wrap result sets: disabled
DEBUG SettingsFactory - JDBC3 getGeneratedKeys(): enabled
DEBUG SettingsFactory - multi-tenancy strategy : NONE
DEBUG SettingsFactory - Connection release mode: auto
INFO  TransactionFactoryInitiator - HHH000268: Transaction strategy: org.hibernate.engine.transaction.internal.jdbc.JdbcTransactionFactory
DEBUG SettingsFactory - Using BatchFetchStyle : LEGACY
DEBUG SettingsFactory - Default batch fetch size: 1
DEBUG SettingsFactory - Generate SQL with comments: disabled
DEBUG SettingsFactory - Order SQL updates by primary key: disabled
DEBUG SettingsFactory - Order SQL inserts for batching: disabled
DEBUG SettingsFactory - Default null ordering: none
DEBUG SettingsFactory - Query translator: org.hibernate.hql.internal.ast.ASTQueryTranslatorFactory
INFO  ASTQueryTranslatorFactory - HHH000397: Using ASTQueryTranslatorFactory
DEBUG SettingsFactory - Query language substitutions: {}
DEBUG SettingsFactory - JPA-QL strict compliance: enabled
DEBUG SettingsFactory - Second-level cache: enabled
DEBUG SettingsFactory - Query cache: disabled
DEBUG SettingsFactory - Cache region factory : org.hibernate.cache.internal.NoCachingRegionFactory
DEBUG SettingsFactory - org.hibernate.cache.internal.NoCachingRegionFactory did not provide constructor accepting java.util.Properties; attempting no-arg constructor.
DEBUG SettingsFactory - Optimize cache for minimal puts: disabled
DEBUG SettingsFactory - Structured second-level cache entries: disabled
DEBUG SettingsFactory - Second-level cache direct-reference entries: disabled
DEBUG SettingsFactory - Statistics: disabled
DEBUG SettingsFactory - Deleted entity synthetic identifier rollback: disabled
DEBUG SettingsFactory - Default entity-mode: pojo
DEBUG SettingsFactory - Named query checking : enabled
DEBUG SettingsFactory - Check Nullability in Core (should be disabled when Bean Validation is on): enabled
DEBUG SettingsFactory - Allow initialization of lazy state outside session : : disabled
DEBUG SettingsFactory - JTA Track by Thread: enabled
DEBUG SessionFactoryImpl - Building session factory
DEBUG SessionFactoryImpl - Session factory constructed with filter configurations : {}
DEBUG SessionFactoryImpl - Instantiating session factory with properties: {java.vendor=Oracle Corporation, localRepository=C:\Users\chq-jamesgl\.m2\repository, hibernate=org.hibernate.dialect.HSQLDialect, sun.java.launcher=SUN_STANDARD, sun.management.compiler=HotSpot 64-Bit Tiered Compilers, hibernate.ejb.discard_pc_on_close=false, hibernate.transaction.flush_before_completion=false, os.name=Windows 7, sun.boot.class.path=C:\Program Files\Java\jdk1.8.0_20\jre\lib\resources.jar;C:\Program Files\Java\jdk1.8.0_20\jre\lib\rt.jar;C:\Program Files\Java\jdk1.8.0_20\jre\lib\sunrsasign.jar;C:\Program Files\Java\jdk1.8.0_20\jre\lib\jsse.jar;C:\Program Files\Java\jdk1.8.0_20\jre\lib\jce.jar;C:\Program Files\Java\jdk1.8.0_20\jre\lib\charsets.jar;C:\Program Files\Java\jdk1.8.0_20\jre\lib\jfr.jar;C:\Program Files\Java\jdk1.8.0_20\jre\classes, sun.desktop=windows, java.vm.specification.vendor=Oracle Corporation, java.runtime.version=1.8.0_20-b26, hibernate.connection.autocommit=true, user.name=chq-jamesgl, javax.persistence.validation.mode=AUTO, hibernate.connection.release_mode=auto, user.language=en, sun.boot.library.path=C:\Program Files\Java\jdk1.8.0_20\jre\bin, java.version=1.8.0_20, user.timezone=America/Los_Angeles, sun.arch.data.model=64, java.endorsed.dirs=C:\Program Files\Java\jdk1.8.0_20\jre\lib\endorsed, sun.cpu.isalist=amd64, sun.jnu.encoding=Cp1252, file.encoding.pkg=sun.io, file.separator=\, java.specification.name=Java Platform API Specification, java.class.version=52.0, user.country=US, java.home=C:\Program Files\Java\jdk1.8.0_20\jre, java.vm.info=mixed mode, os.version=6.1, hibernate.transaction.factory_class=org.hibernate.engine.transaction.internal.jdbc.JdbcTransactionFactory, hibernate.connection.datasource=org.springframework.jdbc.datasource.DriverManagerDataSource@5136207f, surefire.real.class.path=C:\Users\chq-jamesgl\STS_work2\finalprojectgleixner\target\surefire\surefirebooter4129056140270613633.jar, hibernate.query.jpaql_strict_compliance=true, path.separator=;, java.vm.version=25.20-b23, user.variant=, java.awt.printerjob=sun.awt.windows.WPrinterJob, sun.io.unicode.encoding=UnicodeLittle, awt.toolkit=sun.awt.windows.WToolkit, user.script=, user.home=C:\Users\chq-jamesgl, java.specification.vendor=Oracle Corporation, hibernate.hbm2ddl.auto=create-drop, java.library.path=C:\Program Files\Java\jdk1.8.0_20\jre\bin;C:\WINDOWS\Sun\Java\bin;C:\WINDOWS\system32;C:\WINDOWS;C:/Program Files/Java/jdk1.7.0_45/bin/../jre/bin/server;C:/Program Files/Java/jdk1.7.0_45/bin/../jre/bin;C:/Program Files/Java/jdk1.7.0_45/bin/../jre/lib/amd64;C:\Program Files\spring-1.2.1.RELEASE\bin;C:\Maven\apache-maven-3.0.5\bin;C:\Program Files\Java\jdk1.7.0_45\bin;C:\ProgramData\Oracle\Java\javapath;C:\Program Files (x86)\Intel\iCLS Client\;C:\Program Files\Intel\iCLS Client\;C:\WINDOWS\system32;C:\WINDOWS;C:\WINDOWS\System32\Wbem;C:\WINDOWS\System32\WindowsPowerShell\v1.0\;C:\Program Files\Intel\DMIX;C:\WINDOWS\CCM;C:\WINDOWS\CCM;C:\WINDOWS\CCM;C:\WINDOWS\CCM;C:\WINDOWS\CCM;C:\WINDOWS\CCM;C:\WINDOWS\CCM;C:\PROGRA~2\IBM\SQLLIB\BIN;C:\PROGRA~2\IBM\SQLLIB\FUNCTION;C:\PROGRA~2\IBM\SQLLIB\SAMPLES\REPL;C:\Program Files\Intel\Intel(R) Management Engine Components\DAL;C:\Program Files\Intel\Intel(R) Management Engine Components\IPT;C:\Program Files (x86)\Intel\Intel(R) Management Engine Components\DAL;C:\Program Files (x86)\Intel\Intel(R) Management Engine Components\IPT;C:\Program Files\Microsoft\Web Platform Installer\;C:\Program Files\TortoiseSVN\bin;C:\Users\chq-jamesgl\Documents\STS2\sts-bundle\sts-3.6.3.SR1;;., java.vendor.url=http://java.oracle.com/, java.vm.vendor=Oracle Corporation, java.runtime.name=Java(TM) SE Runtime Environment, sun.java.command=C:\Users\chq-jamesgl\STS_work2\finalprojectgleixner\target\surefire\surefirebooter4129056140270613633.jar C:\Users\chq-jamesgl\STS_work2\finalprojectgleixner\target\surefire\surefire3891015182998956309tmp C:\Users\chq-jamesgl\STS_work2\finalprojectgleixner\target\surefire\surefire_0694316389834651853tmp, java.class.path=C:\Users\chq-jamesgl\STS_work2\finalprojectgleixner\target\test-classes;C:\Users\chq-jamesgl\STS_work2\finalprojectgleixner\target\classes;C:\Users\chq-jamesgl\.m2\repository\org\springframework\spring-webmvc\3.2.3.RELEASE\spring-webmvc-3.2.3.RELEASE.jar;C:\Users\chq-jamesgl\.m2\repository\org\springframework\spring-beans\3.2.3.RELEASE\spring-beans-3.2.3.RELEASE.jar;C:\Users\chq-jamesgl\.m2\repository\org\springframework\spring-context\3.2.3.RELEASE\spring-context-3.2.3.RELEASE.jar;C:\Users\chq-jamesgl\.m2\repository\org\springframework\spring-core\3.2.3.RELEASE\spring-core-3.2.3.RELEASE.jar;C:\Users\chq-jamesgl\.m2\repository\commons-logging\commons-logging\1.1.1\commons-logging-1.1.1.jar;C:\Users\chq-jamesgl\.m2\repository\org\springframework\spring-expression\3.2.3.RELEASE\spring-expression-3.2.3.RELEASE.jar;C:\Users\chq-jamesgl\.m2\repository\org\springframework\spring-web\3.2.3.RELEASE\spring-web-3.2.3.RELEASE.jar;C:\Users\chq-jamesgl\.m2\repository\org\springframework\security\spring-security-web\3.2.3.RELEASE\spring-security-web-3.2.3.RELEASE.jar;C:\Users\chq-jamesgl\.m2\repository\aopalliance\aopalliance\1.0\aopalliance-1.0.jar;C:\Users\chq-jamesgl\.m2\repository\org\springframework\security\spring-security-core\3.2.3.RELEASE\spring-security-core-3.2.3.RELEASE.jar;C:\Users\chq-jamesgl\.m2\repository\org\springframework\security\spring-security-config\3.2.3.RELEASE\spring-security-config-3.2.3.RELEASE.jar;C:\Users\chq-jamesgl\.m2\repository\org\springframework\security\spring-security-taglibs\3.2.3.RELEASE\spring-security-taglibs-3.2.3.RELEASE.jar;C:\Users\chq-jamesgl\.m2\repository\org\springframework\security\spring-security-acl\3.2.3.RELEASE\spring-security-acl-3.2.3.RELEASE.jar;C:\Users\chq-jamesgl\.m2\repository\javax\servlet\jstl\1.2\jstl-1.2.jar;C:\Users\chq-jamesgl\.m2\repository\javax\servlet\servlet-api\2.5\servlet-api-2.5.jar;C:\Users\chq-jamesgl\.m2\repository\javax\servlet\jsp\jsp-api\2.2\jsp-api-2.2.jar;C:\Users\chq-jamesgl\.m2\repository\org\springframework\spring-tx\3.2.3.RELEASE\spring-tx-3.2.3.RELEASE.jar;C:\Users\chq-jamesgl\.m2\repository\org\springframework\spring-orm\3.2.3.RELEASE\spring-orm-3.2.3.RELEASE.jar;C:\Users\chq-jamesgl\.m2\repository\org\springframework\spring-jdbc\3.2.3.RELEASE\spring-jdbc-3.2.3.RELEASE.jar;C:\Users\chq-jamesgl\.m2\repository\org\springframework\spring-aop\3.2.3.RELEASE\spring-aop-3.2.3.RELEASE.jar;C:\Users\chq-jamesgl\.m2\repository\org\slf4j\slf4j-api\1.7.5\slf4j-api-1.7.5.jar;C:\Users\chq-jamesgl\.m2\repository\ch\qos\logback\logback-classic\1.0.13\logback-classic-1.0.13.jar;C:\Users\chq-jamesgl\.m2\repository\ch\qos\logback\logback-core\1.0.13\logback-core-1.0.13.jar;C:\Users\chq-jamesgl\.m2\repository\org\hibernate\hibernate-entitymanager\4.2.1.Final\hibernate-entitymanager-4.2.1.Final.jar;C:\Users\chq-jamesgl\.m2\repository\org\jboss\logging\jboss-logging\3.1.0.GA\jboss-logging-3.1.0.GA.jar;C:\Users\chq-jamesgl\.m2\repository\org\hibernate\hibernate-core\4.2.1.Final\hibernate-core-4.2.1.Final.jar;C:\Users\chq-jamesgl\.m2\repository\antlr\antlr\2.7.7\antlr-2.7.7.jar;C:\Users\chq-jamesgl\.m2\repository\dom4j\dom4j\1.6.1\dom4j-1.6.1.jar;C:\Users\chq-jamesgl\.m2\repository\org\jboss\spec\javax\transaction\jboss-transaction-api_1.1_spec\1.0.1.Final\jboss-transaction-api_1.1_spec-1.0.1.Final.jar;C:\Users\chq-jamesgl\.m2\repository\org\hibernate\javax\persistence\hibernate-jpa-2.0-api\1.0.1.Final\hibernate-jpa-2.0-api-1.0.1.Final.jar;C:\Users\chq-jamesgl\.m2\repository\org\javassist\javassist\3.15.0-GA\javassist-3.15.0-GA.jar;C:\Users\chq-jamesgl\.m2\repository\org\hibernate\common\hibernate-commons-annotations\4.0.1.Final\hibernate-commons-annotations-4.0.1.Final.jar;C:\Users\chq-jamesgl\.m2\repository\javax\validation\validation-api\1.1.0.Final\validation-api-1.1.0.Final.jar;C:\Users\chq-jamesgl\.m2\repository\org\hibernate\hibernate-validator\4.2.0.Final\hibernate-validator-4.2.0.Final.jar;C:\Users\chq-jamesgl\.m2\repository\org\hsqldb\hsqldb\2.2.4\hsqldb-2.2.4.jar;C:\Users\chq-jamesgl\.m2\repository\org\dbunit\dbunit\2.5.0\dbunit-2.5.0.jar;C:\Users\chq-jamesgl\.m2\repository\commons-collections\commons-collections\3.2.1\commons-collections-3.2.1.jar;C:\Users\chq-jamesgl\.m2\repository\com\github\springtestdbunit\spring-test-dbunit\1.2.0\spring-test-dbunit-1.2.0.jar;C:\Users\chq-jamesgl\.m2\repository\org\springframework\spring-test\3.2.3.RELEASE\spring-test-3.2.3.RELEASE.jar;C:\Users\chq-jamesgl\.m2\repository\org\hamcrest\hamcrest-all\1.3\hamcrest-all-1.3.jar;C:\Users\chq-jamesgl\.m2\repository\junit\junit\4.11\junit-4.11.jar;C:\Users\chq-jamesgl\.m2\repository\org\hamcrest\hamcrest-core\1.3\hamcrest-core-1.3.jar;C:\Users\chq-jamesgl\.m2\repository\org\mockito\mockito-core\1.9.5\mockito-core-1.9.5.jar;C:\Users\chq-jamesgl\.m2\repository\org\objenesis\objenesis\1.0\objenesis-1.0.jar;C:\Users\chq-jamesgl\.m2\repository\org\apache\derby\derbyclient\10.11.1.1\derbyclient-10.11.1.1.jar;C:\Users\chq-jamesgl\.m2\repository\org\sitemesh\sitemesh\3.0-alpha-2\sitemesh-3.0-alpha-2.jar;, hibernate.bytecode.use_reflection_optimizer=false, java.vm.specification.name=Java Virtual Machine Specification, java.vm.specification.version=1.8, sun.cpu.endian=little, sun.os.patch.level=Service Pack 1, hibernate.connection.provider_class=org.hibernate.ejb.connection.InjectedDataSourceConnectionProvider, surefire.test.class.path=C:\Users\chq-jamesgl\STS_work2\finalprojectgleixner\target\test-classes;C:\Users\chq-jamesgl\STS_work2\finalprojectgleixner\target\classes;C:\Users\chq-jamesgl\.m2\repository\org\springframework\spring-webmvc\3.2.3.RELEASE\spring-webmvc-3.2.3.RELEASE.jar;C:\Users\chq-jamesgl\.m2\repository\org\springframework\spring-beans\3.2.3.RELEASE\spring-beans-3.2.3.RELEASE.jar;C:\Users\chq-jamesgl\.m2\repository\org\springframework\spring-context\3.2.3.RELEASE\spring-context-3.2.3.RELEASE.jar;C:\Users\chq-jamesgl\.m2\repository\org\springframework\spring-core\3.2.3.RELEASE\spring-core-3.2.3.RELEASE.jar;C:\Users\chq-jamesgl\.m2\repository\commons-logging\commons-logging\1.1.1\commons-logging-1.1.1.jar;C:\Users\chq-jamesgl\.m2\repository\org\springframework\spring-expression\3.2.3.RELEASE\spring-expression-3.2.3.RELEASE.jar;C:\Users\chq-jamesgl\.m2\repository\org\springframework\spring-web\3.2.3.RELEASE\spring-web-3.2.3.RELEASE.jar;C:\Users\chq-jamesgl\.m2\repository\org\springframework\security\spring-security-web\3.2.3.RELEASE\spring-security-web-3.2.3.RELEASE.jar;C:\Users\chq-jamesgl\.m2\repository\aopalliance\aopalliance\1.0\aopalliance-1.0.jar;C:\Users\chq-jamesgl\.m2\repository\org\springframework\security\spring-security-core\3.2.3.RELEASE\spring-security-core-3.2.3.RELEASE.jar;C:\Users\chq-jamesgl\.m2\repository\org\springframework\security\spring-security-config\3.2.3.RELEASE\spring-security-config-3.2.3.RELEASE.jar;C:\Users\chq-jamesgl\.m2\repository\org\springframework\security\spring-security-taglibs\3.2.3.RELEASE\spring-security-taglibs-3.2.3.RELEASE.jar;C:\Users\chq-jamesgl\.m2\repository\org\springframework\security\spring-security-acl\3.2.3.RELEASE\spring-security-acl-3.2.3.RELEASE.jar;C:\Users\chq-jamesgl\.m2\repository\javax\servlet\jstl\1.2\jstl-1.2.jar;C:\Users\chq-jamesgl\.m2\repository\javax\servlet\servlet-api\2.5\servlet-api-2.5.jar;C:\Users\chq-jamesgl\.m2\repository\javax\servlet\jsp\jsp-api\2.2\jsp-api-2.2.jar;C:\Users\chq-jamesgl\.m2\repository\org\springframework\spring-tx\3.2.3.RELEASE\spring-tx-3.2.3.RELEASE.jar;C:\Users\chq-jamesgl\.m2\repository\org\springframework\spring-orm\3.2.3.RELEASE\spring-orm-3.2.3.RELEASE.jar;C:\Users\chq-jamesgl\.m2\repository\org\springframework\spring-jdbc\3.2.3.RELEASE\spring-jdbc-3.2.3.RELEASE.jar;C:\Users\chq-jamesgl\.m2\repository\org\springframework\spring-aop\3.2.3.RELEASE\spring-aop-3.2.3.RELEASE.jar;C:\Users\chq-jamesgl\.m2\repository\org\slf4j\slf4j-api\1.7.5\slf4j-api-1.7.5.jar;C:\Users\chq-jamesgl\.m2\repository\ch\qos\logback\logback-classic\1.0.13\logback-classic-1.0.13.jar;C:\Users\chq-jamesgl\.m2\repository\ch\qos\logback\logback-core\1.0.13\logback-core-1.0.13.jar;C:\Users\chq-jamesgl\.m2\repository\org\hibernate\hibernate-entitymanager\4.2.1.Final\hibernate-entitymanager-4.2.1.Final.jar;C:\Users\chq-jamesgl\.m2\repository\org\jboss\logging\jboss-logging\3.1.0.GA\jboss-logging-3.1.0.GA.jar;C:\Users\chq-jamesgl\.m2\repository\org\hibernate\hibernate-core\4.2.1.Final\hibernate-core-4.2.1.Final.jar;C:\Users\chq-jamesgl\.m2\repository\antlr\antlr\2.7.7\antlr-2.7.7.jar;C:\Users\chq-jamesgl\.m2\repository\dom4j\dom4j\1.6.1\dom4j-1.6.1.jar;C:\Users\chq-jamesgl\.m2\repository\org\jboss\spec\javax\transaction\jboss-transaction-api_1.1_spec\1.0.1.Final\jboss-transaction-api_1.1_spec-1.0.1.Final.jar;C:\Users\chq-jamesgl\.m2\repository\org\hibernate\javax\persistence\hibernate-jpa-2.0-api\1.0.1.Final\hibernate-jpa-2.0-api-1.0.1.Final.jar;C:\Users\chq-jamesgl\.m2\repository\org\javassist\javassist\3.15.0-GA\javassist-3.15.0-GA.jar;C:\Users\chq-jamesgl\.m2\repository\org\hibernate\common\hibernate-commons-annotations\4.0.1.Final\hibernate-commons-annotations-4.0.1.Final.jar;C:\Users\chq-jamesgl\.m2\repository\javax\validation\validation-api\1.1.0.Final\validation-api-1.1.0.Final.jar;C:\Users\chq-jamesgl\.m2\repository\org\hibernate\hibernate-validator\4.2.0.Final\hibernate-validator-4.2.0.Final.jar;C:\Users\chq-jamesgl\.m2\repository\org\hsqldb\hsqldb\2.2.4\hsqldb-2.2.4.jar;C:\Users\chq-jamesgl\.m2\repository\org\dbunit\dbunit\2.5.0\dbunit-2.5.0.jar;C:\Users\chq-jamesgl\.m2\repository\commons-collections\commons-collections\3.2.1\commons-collections-3.2.1.jar;C:\Users\chq-jamesgl\.m2\repository\com\github\springtestdbunit\spring-test-dbunit\1.2.0\spring-test-dbunit-1.2.0.jar;C:\Users\chq-jamesgl\.m2\repository\org\springframework\spring-test\3.2.3.RELEASE\spring-test-3.2.3.RELEASE.jar;C:\Users\chq-jamesgl\.m2\repository\org\hamcrest\hamcrest-all\1.3\hamcrest-all-1.3.jar;C:\Users\chq-jamesgl\.m2\repository\junit\junit\4.11\junit-4.11.jar;C:\Users\chq-jamesgl\.m2\repository\org\hamcrest\hamcrest-core\1.3\hamcrest-core-1.3.jar;C:\Users\chq-jamesgl\.m2\repository\org\mockito\mockito-core\1.9.5\mockito-core-1.9.5.jar;C:\Users\chq-jamesgl\.m2\repository\org\objenesis\objenesis\1.0\objenesis-1.0.jar;C:\Users\chq-jamesgl\.m2\repository\org\apache\derby\derbyclient\10.11.1.1\derbyclient-10.11.1.1.jar;C:\Users\chq-jamesgl\.m2\repository\org\sitemesh\sitemesh\3.0-alpha-2\sitemesh-3.0-alpha-2.jar;, java.io.tmpdir=C:\Users\CHQ-JA~1\AppData\Local\Temp\, java.vendor.url.bug=http://bugreport.sun.com/bugreport/, javax.persistence.sharedCache.mode=UNSPECIFIED, os.arch=amd64, java.awt.graphicsenv=sun.awt.Win32GraphicsEnvironment, java.ext.dirs=C:\Program Files\Java\jdk1.8.0_20\jre\lib\ext;C:\WINDOWS\Sun\Java\lib\ext, user.dir=C:\Users\chq-jamesgl\STS_work2\finalprojectgleixner, line.separator=
, java.vm.name=Java HotSpot(TM) 64-Bit Server VM, basedir=C:\Users\chq-jamesgl\STS_work2\finalprojectgleixner, file.encoding=Cp1252, hibernate.use_identifier_rollback=false, java.specification.version=1.8, hibernate.show_sql=true}
DEBUG DefaultTraversableResolver - Found javax.persistence.Persistence on classpath containing &apos;getPersistenceUtil&apos;. Assuming JPA 2 environment. Trying to instantiate JPA aware TraversableResolver
DEBUG DefaultTraversableResolver - Instantiated JPA aware TraversableResolver of type org.hibernate.validator.engine.resolver.JPATraversableResolver.
DEBUG ValidationXmlParser - Trying to load META-INF/validation.xml for XML based Validator configuration.
DEBUG ValidationXmlParser - No META-INF/validation.xml found. Using annotation based configuration only
DEBUG DefaultTraversableResolver - Found javax.persistence.Persistence on classpath containing &apos;getPersistenceUtil&apos;. Assuming JPA 2 environment. Trying to instantiate JPA aware TraversableResolver
DEBUG DefaultTraversableResolver - Instantiated JPA aware TraversableResolver of type org.hibernate.validator.engine.resolver.JPATraversableResolver.
DEBUG ValidationXmlParser - Trying to load META-INF/validation.xml for XML based Validator configuration.
DEBUG ValidationXmlParser - No META-INF/validation.xml found. Using annotation based configuration only
DEBUG ConstraintDescriptorImpl - Adding composing constraint: ConstraintDescriptorImpl{annotation=javax.validation.constraints.NotNull, payloads=[], hasComposingConstraints=true, isReportAsSingleInvalidConstraint=false, elementType=FIELD, definedOn=DEFINED_LOCALLY, groups=[interface javax.validation.groups.Default], attributes={message={javax.validation.constraints.NotNull.message}, groups=[Ljava.lang.Class;@acf859d, payload=[Ljava.lang.Class;@6df3e44c}}
DEBUG ConstraintDescriptorImpl - Adding composing constraint: ConstraintDescriptorImpl{annotation=javax.validation.constraints.Size, payloads=[], hasComposingConstraints=true, isReportAsSingleInvalidConstraint=false, elementType=FIELD, definedOn=DEFINED_LOCALLY, groups=[interface javax.validation.groups.Default], attributes={groups=[Ljava.lang.Class;@4a05d8ae, min=1, message={javax.validation.constraints.Size.message}, max=2147483647, payload=[Ljava.lang.Class;@3c904f1e}}
DEBUG ConstraintDescriptorImpl - Adding composing constraint: ConstraintDescriptorImpl{annotation=javax.validation.constraints.NotNull, payloads=[], hasComposingConstraints=true, isReportAsSingleInvalidConstraint=false, elementType=FIELD, definedOn=DEFINED_LOCALLY, groups=[interface javax.validation.groups.Default], attributes={message={javax.validation.constraints.NotNull.message}, groups=[Ljava.lang.Class;@4a8df3e2, payload=[Ljava.lang.Class;@3d98d138}}
DEBUG ConstraintDescriptorImpl - Adding composing constraint: ConstraintDescriptorImpl{annotation=javax.validation.constraints.Size, payloads=[], hasComposingConstraints=true, isReportAsSingleInvalidConstraint=false, elementType=FIELD, definedOn=DEFINED_LOCALLY, groups=[interface javax.validation.groups.Default], attributes={groups=[Ljava.lang.Class;@f2ce6b, min=1, message={javax.validation.constraints.Size.message}, max=2147483647, payload=[Ljava.lang.Class;@25c53f74}}
DEBUG ConstraintDescriptorImpl - Adding composing constraint: ConstraintDescriptorImpl{annotation=javax.validation.constraints.NotNull, payloads=[], hasComposingConstraints=true, isReportAsSingleInvalidConstraint=false, elementType=FIELD, definedOn=DEFINED_LOCALLY, groups=[interface javax.validation.groups.Default], attributes={message={javax.validation.constraints.NotNull.message}, groups=[Ljava.lang.Class;@1bd0b0e5, payload=[Ljava.lang.Class;@dc7b462}}
DEBUG ConstraintDescriptorImpl - Adding composing constraint: ConstraintDescriptorImpl{annotation=javax.validation.constraints.Size, payloads=[], hasComposingConstraints=true, isReportAsSingleInvalidConstraint=false, elementType=FIELD, definedOn=DEFINED_LOCALLY, groups=[interface javax.validation.groups.Default], attributes={groups=[Ljava.lang.Class;@26a2f7f9, min=1, message={javax.validation.constraints.Size.message}, max=2147483647, payload=[Ljava.lang.Class;@38eb2c50}}
DEBUG ConstraintDescriptorImpl - Adding composing constraint: ConstraintDescriptorImpl{annotation=javax.validation.constraints.NotNull, payloads=[], hasComposingConstraints=true, isReportAsSingleInvalidConstraint=false, elementType=FIELD, definedOn=DEFINED_LOCALLY, groups=[interface javax.validation.groups.Default], attributes={message={javax.validation.constraints.NotNull.message}, groups=[Ljava.lang.Class;@5782d777, payload=[Ljava.lang.Class;@4f824872}}
DEBUG ConstraintDescriptorImpl - Adding composing constraint: ConstraintDescriptorImpl{annotation=javax.validation.constraints.Size, payloads=[], hasComposingConstraints=true, isReportAsSingleInvalidConstraint=false, elementType=FIELD, definedOn=DEFINED_LOCALLY, groups=[interface javax.validation.groups.Default], attributes={groups=[Ljava.lang.Class;@29629fbb, min=1, message={javax.validation.constraints.Size.message}, max=2147483647, payload=[Ljava.lang.Class;@681adc8f}}
DEBUG ConstraintDescriptorImpl - Adding composing constraint: ConstraintDescriptorImpl{annotation=javax.validation.constraints.NotNull, payloads=[], hasComposingConstraints=true, isReportAsSingleInvalidConstraint=false, elementType=FIELD, definedOn=DEFINED_LOCALLY, groups=[interface javax.validation.groups.Default], attributes={message={javax.validation.constraints.NotNull.message}, groups=[Ljava.lang.Class;@4ba380c7, payload=[Ljava.lang.Class;@784c5ef5}}
DEBUG ConstraintDescriptorImpl - Adding composing constraint: ConstraintDescriptorImpl{annotation=javax.validation.constraints.Size, payloads=[], hasComposingConstraints=true, isReportAsSingleInvalidConstraint=false, elementType=FIELD, definedOn=DEFINED_LOCALLY, groups=[interface javax.validation.groups.Default], attributes={groups=[Ljava.lang.Class;@29528a22, min=1, message={javax.validation.constraints.Size.message}, max=2147483647, payload=[Ljava.lang.Class;@7ea08277}}
DEBUG ConstraintDescriptorImpl - Adding composing constraint: ConstraintDescriptorImpl{annotation=javax.validation.constraints.NotNull, payloads=[], hasComposingConstraints=true, isReportAsSingleInvalidConstraint=false, elementType=FIELD, definedOn=DEFINED_LOCALLY, groups=[interface javax.validation.groups.Default], attributes={message={javax.validation.constraints.NotNull.message}, groups=[Ljava.lang.Class;@4ce14f05, payload=[Ljava.lang.Class;@71dfcf21}}
DEBUG ConstraintDescriptorImpl - Adding composing constraint: ConstraintDescriptorImpl{annotation=javax.validation.constraints.Size, payloads=[], hasComposingConstraints=true, isReportAsSingleInvalidConstraint=false, elementType=FIELD, definedOn=DEFINED_LOCALLY, groups=[interface javax.validation.groups.Default], attributes={groups=[Ljava.lang.Class;@61f80d55, min=1, message={javax.validation.constraints.Size.message}, max=2147483647, payload=[Ljava.lang.Class;@27a7ef08}}
DEBUG ConstraintDescriptorImpl - Adding composing constraint: ConstraintDescriptorImpl{annotation=javax.validation.constraints.NotNull, payloads=[], hasComposingConstraints=true, isReportAsSingleInvalidConstraint=false, elementType=FIELD, definedOn=DEFINED_LOCALLY, groups=[interface javax.validation.groups.Default], attributes={message={javax.validation.constraints.NotNull.message}, groups=[Ljava.lang.Class;@11e33bac, payload=[Ljava.lang.Class;@30501e60}}
DEBUG ConstraintDescriptorImpl - Adding composing constraint: ConstraintDescriptorImpl{annotation=javax.validation.constraints.Size, payloads=[], hasComposingConstraints=true, isReportAsSingleInvalidConstraint=false, elementType=FIELD, definedOn=DEFINED_LOCALLY, groups=[interface javax.validation.groups.Default], attributes={groups=[Ljava.lang.Class;@7495699f, min=1, message={javax.validation.constraints.Size.message}, max=2147483647, payload=[Ljava.lang.Class;@7c2312fa}}
DEBUG DefaultIdentifierGeneratorFactory - Setting dialect [org.hibernate.dialect.HSQLDialect]
DEBUG DefaultIdentifierGeneratorFactory - Setting dialect [org.hibernate.dialect.HSQLDialect]
DEBUG DefaultIdentifierGeneratorFactory - Setting dialect [org.hibernate.dialect.HSQLDialect]
DEBUG DefaultIdentifierGeneratorFactory - Setting dialect [org.hibernate.dialect.HSQLDialect]
DEBUG DefaultIdentifierGeneratorFactory - Setting dialect [org.hibernate.dialect.HSQLDialect]
DEBUG DefaultIdentifierGeneratorFactory - Setting dialect [org.hibernate.dialect.HSQLDialect]
DEBUG DefaultIdentifierGeneratorFactory - Setting dialect [org.hibernate.dialect.HSQLDialect]
DEBUG DefaultIdentifierGeneratorFactory - Setting dialect [org.hibernate.dialect.HSQLDialect]
DEBUG AbstractEntityPersister - Static SQL for entity: com.expeditors.training.course3demo.model.PhoneNumber
DEBUG AbstractEntityPersister -  Version select: select PHONE_NUMBER_ID from PHONE_NUMBER where PHONE_NUMBER_ID =?
DEBUG AbstractEntityPersister -  Snapshot select: select phonenumbe_.PHONE_NUMBER_ID, phonenumbe_.CARD_ID as CARD3_3_, phonenumbe_.PHONE_NUMBER as PHONE2_3_ from PHONE_NUMBER phonenumbe_ where phonenumbe_.PHONE_NUMBER_ID=?
DEBUG AbstractEntityPersister -  Insert 0: insert into PHONE_NUMBER (CARD_ID, PHONE_NUMBER, PHONE_NUMBER_ID) values (?, ?, ?)
DEBUG AbstractEntityPersister -  Update 0: update PHONE_NUMBER set CARD_ID=?, PHONE_NUMBER=? where PHONE_NUMBER_ID=?
DEBUG AbstractEntityPersister -  Delete 0: delete from PHONE_NUMBER where PHONE_NUMBER_ID=?
DEBUG AbstractEntityPersister -  Identity insert: insert into PHONE_NUMBER (PHONE_NUMBER_ID, CARD_ID, PHONE_NUMBER) values (default, ?, ?)
DEBUG AbstractEntityPersister - Static SQL for entity: com.expeditors.training.course3demo.model.Shipment
DEBUG AbstractEntityPersister -  Version select: select SHIPMENT_ID from Shipment where SHIPMENT_ID =?
DEBUG AbstractEntityPersister -  Snapshot select: select shipment_.SHIPMENT_ID, shipment_.destination as destinat2_5_, shipment_.name as name3_5_, shipment_.origin as origin4_5_, shipment_.volume as volume5_5_ from Shipment shipment_ where shipment_.SHIPMENT_ID=?
DEBUG AbstractEntityPersister -  Insert 0: insert into Shipment (destination, name, origin, volume, SHIPMENT_ID) values (?, ?, ?, ?, ?)
DEBUG AbstractEntityPersister -  Update 0: update Shipment set destination=?, name=?, origin=?, volume=? where SHIPMENT_ID=?
DEBUG AbstractEntityPersister -  Delete 0: delete from Shipment where SHIPMENT_ID=?
DEBUG AbstractEntityPersister -  Identity insert: insert into Shipment (SHIPMENT_ID, destination, name, origin, volume) values (default, ?, ?, ?, ?)
DEBUG AbstractEntityPersister - Static SQL for entity: com.expeditors.training.course3demo.model.Card
DEBUG AbstractEntityPersister -  Version select: select CARD_ID from CARD where CARD_ID =?
DEBUG AbstractEntityPersister -  Snapshot select: select card_.CARD_ID, card_.address as address5_1_, card_.amount as amount2_1_, card_.CARD_NUMBER as CARD3_1_, card_.OWNER_NAME as OWNER4_1_ from CARD card_ where card_.CARD_ID=?
DEBUG AbstractEntityPersister -  Insert 0: insert into CARD (address, amount, CARD_NUMBER, OWNER_NAME, CARD_ID) values (?, ?, ?, ?, ?)
DEBUG AbstractEntityPersister -  Update 0: update CARD set address=?, amount=?, CARD_NUMBER=?, OWNER_NAME=? where CARD_ID=?
DEBUG AbstractEntityPersister -  Delete 0: delete from CARD where CARD_ID=?
DEBUG AbstractEntityPersister -  Identity insert: insert into CARD (CARD_ID, address, amount, CARD_NUMBER, OWNER_NAME) values (default, ?, ?, ?, ?)
DEBUG AbstractEntityPersister - Static SQL for entity: com.expeditors.training.course3demo.model.Container
DEBUG AbstractEntityPersister -  Version select: select CONTAINER_ID from Container where CONTAINER_ID =?
DEBUG AbstractEntityPersister -  Snapshot select: select container_.CONTAINER_ID, container_.capacity as capacity2_2_, container_.destination as destinat3_2_, container_.location as location4_2_, container_.name as name5_2_, container_.status as status6_2_ from Container container_ where container_.CONTAINER_ID=?
DEBUG AbstractEntityPersister -  Insert 0: insert into Container (capacity, destination, location, name, status, CONTAINER_ID) values (?, ?, ?, ?, ?, ?)
DEBUG AbstractEntityPersister -  Update 0: update Container set capacity=?, destination=?, location=?, name=?, status=? where CONTAINER_ID=?
DEBUG AbstractEntityPersister -  Delete 0: delete from Container where CONTAINER_ID=?
DEBUG AbstractEntityPersister -  Identity insert: insert into Container (CONTAINER_ID, capacity, destination, location, name, status) values (default, ?, ?, ?, ?, ?)
DEBUG AbstractEntityPersister - Static SQL for entity: com.expeditors.training.course3demo.model.UserRole
DEBUG AbstractEntityPersister -  Version select: select ROLE_ID from USERROLE where ROLE_ID =?
DEBUG AbstractEntityPersister -  Snapshot select: select userrole_.ROLE_ID, userrole_.ROLE_NAME as ROLE2_7_, userrole_.ROLE_OWNER as ROLE3_7_ from USERROLE userrole_ where userrole_.ROLE_ID=?
DEBUG AbstractEntityPersister -  Insert 0: insert into USERROLE (ROLE_NAME, ROLE_OWNER, ROLE_ID) values (?, ?, ?)
DEBUG AbstractEntityPersister -  Update 0: update USERROLE set ROLE_NAME=?, ROLE_OWNER=? where ROLE_ID=?
DEBUG AbstractEntityPersister -  Delete 0: delete from USERROLE where ROLE_ID=?
DEBUG AbstractEntityPersister -  Identity insert: insert into USERROLE (ROLE_ID, ROLE_NAME, ROLE_OWNER) values (default, ?, ?)
DEBUG AbstractEntityPersister - Static SQL for entity: com.expeditors.training.course3demo.model.Address
DEBUG AbstractEntityPersister -  Version select: select ADDRESS_ID from ADDRESS where ADDRESS_ID =?
DEBUG AbstractEntityPersister -  Snapshot select: select address_.ADDRESS_ID, address_.city as city2_0_, address_.state as state3_0_, address_.street as street4_0_ from ADDRESS address_ where address_.ADDRESS_ID=?
DEBUG AbstractEntityPersister -  Insert 0: insert into ADDRESS (city, state, street, ADDRESS_ID) values (?, ?, ?, ?)
DEBUG AbstractEntityPersister -  Update 0: update ADDRESS set city=?, state=?, street=? where ADDRESS_ID=?
DEBUG AbstractEntityPersister -  Delete 0: delete from ADDRESS where ADDRESS_ID=?
DEBUG AbstractEntityPersister -  Identity insert: insert into ADDRESS (ADDRESS_ID, city, state, street) values (default, ?, ?, ?)
DEBUG AbstractEntityPersister - Static SQL for entity: com.expeditors.training.course3demo.model.UserAccount
DEBUG AbstractEntityPersister -  Version select: select USER_ID from USERACCOUNT where USER_ID =?
DEBUG AbstractEntityPersister -  Snapshot select: select useraccoun_.USER_ID, useraccoun_.enabled as enabled2_6_, useraccoun_.password as password3_6_, useraccoun_.username as username4_6_ from USERACCOUNT useraccoun_ where useraccoun_.USER_ID=?
DEBUG AbstractEntityPersister -  Insert 0: insert into USERACCOUNT (enabled, password, username, USER_ID) values (?, ?, ?, ?)
DEBUG AbstractEntityPersister -  Update 0: update USERACCOUNT set enabled=?, password=?, username=? where USER_ID=?
DEBUG AbstractEntityPersister -  Delete 0: delete from USERACCOUNT where USER_ID=?
DEBUG AbstractEntityPersister -  Identity insert: insert into USERACCOUNT (USER_ID, enabled, password, username) values (default, ?, ?, ?)
DEBUG AbstractEntityPersister - Static SQL for entity: com.expeditors.training.course3demo.model.Product
DEBUG AbstractEntityPersister -  Version select: select PRODUCT_ID from PRODUCT where PRODUCT_ID =?
DEBUG AbstractEntityPersister -  Snapshot select: select product_.PRODUCT_ID, product_.description as descript2_4_, product_.name as name3_4_, product_.price as price4_4_ from PRODUCT product_ where product_.PRODUCT_ID=?
DEBUG AbstractEntityPersister -  Insert 0: insert into PRODUCT (description, name, price, PRODUCT_ID) values (?, ?, ?, ?)
DEBUG AbstractEntityPersister -  Update 0: update PRODUCT set description=?, name=?, price=? where PRODUCT_ID=?
DEBUG AbstractEntityPersister -  Delete 0: delete from PRODUCT where PRODUCT_ID=?
DEBUG AbstractEntityPersister -  Identity insert: insert into PRODUCT (PRODUCT_ID, description, name, price) values (default, ?, ?, ?)
DEBUG AbstractCollectionPersister - Static SQL for collection: com.expeditors.training.course3demo.model.Card.phoneNumbers
DEBUG AbstractCollectionPersister -  Row insert: update PHONE_NUMBER set CARD_ID=?, index=? where PHONE_NUMBER_ID=?
DEBUG AbstractCollectionPersister -  Row update: update PHONE_NUMBER set index=? where PHONE_NUMBER_ID=?
DEBUG AbstractCollectionPersister -  Row delete: update PHONE_NUMBER set CARD_ID=null, index=null where CARD_ID=? and PHONE_NUMBER_ID=?
DEBUG AbstractCollectionPersister -  One-shot delete: update PHONE_NUMBER set CARD_ID=null, index=null where CARD_ID=?
DEBUG AbstractCollectionPersister - Static SQL for collection: com.expeditors.training.course3demo.model.UserAccount.userRoles
DEBUG AbstractCollectionPersister -  Row insert: update USERROLE set ROLE_OWNER=? where ROLE_ID=?
DEBUG AbstractCollectionPersister -  Row update: update USERROLE set  where ROLE_ID=?
DEBUG AbstractCollectionPersister -  Row delete: update USERROLE set ROLE_OWNER=null where ROLE_OWNER=? and ROLE_ID=?
DEBUG AbstractCollectionPersister -  One-shot delete: update USERROLE set ROLE_OWNER=null where ROLE_OWNER=?
DEBUG Loader - Static select for entity com.expeditors.training.course3demo.model.PhoneNumber [NONE]: select phonenumbe0_.PHONE_NUMBER_ID as PHONE1_3_0_, phonenumbe0_.CARD_ID as CARD3_3_0_, phonenumbe0_.PHONE_NUMBER as PHONE2_3_0_ from PHONE_NUMBER phonenumbe0_ where phonenumbe0_.PHONE_NUMBER_ID=?
DEBUG Loader - Static select for entity com.expeditors.training.course3demo.model.PhoneNumber [READ]: select phonenumbe0_.PHONE_NUMBER_ID as PHONE1_3_0_, phonenumbe0_.CARD_ID as CARD3_3_0_, phonenumbe0_.PHONE_NUMBER as PHONE2_3_0_ from PHONE_NUMBER phonenumbe0_ where phonenumbe0_.PHONE_NUMBER_ID=?
DEBUG Loader - Static select for entity com.expeditors.training.course3demo.model.PhoneNumber [UPGRADE]: select phonenumbe0_.PHONE_NUMBER_ID as PHONE1_3_0_, phonenumbe0_.CARD_ID as CARD3_3_0_, phonenumbe0_.PHONE_NUMBER as PHONE2_3_0_ from PHONE_NUMBER phonenumbe0_ where phonenumbe0_.PHONE_NUMBER_ID=?
DEBUG Loader - Static select for entity com.expeditors.training.course3demo.model.PhoneNumber [UPGRADE_NOWAIT]: select phonenumbe0_.PHONE_NUMBER_ID as PHONE1_3_0_, phonenumbe0_.CARD_ID as CARD3_3_0_, phonenumbe0_.PHONE_NUMBER as PHONE2_3_0_ from PHONE_NUMBER phonenumbe0_ where phonenumbe0_.PHONE_NUMBER_ID=?
DEBUG Loader - Static select for entity com.expeditors.training.course3demo.model.PhoneNumber [FORCE]: select phonenumbe0_.PHONE_NUMBER_ID as PHONE1_3_0_, phonenumbe0_.CARD_ID as CARD3_3_0_, phonenumbe0_.PHONE_NUMBER as PHONE2_3_0_ from PHONE_NUMBER phonenumbe0_ where phonenumbe0_.PHONE_NUMBER_ID=?
DEBUG Loader - Static select for entity com.expeditors.training.course3demo.model.PhoneNumber [PESSIMISTIC_READ]: select phonenumbe0_.PHONE_NUMBER_ID as PHONE1_3_0_, phonenumbe0_.CARD_ID as CARD3_3_0_, phonenumbe0_.PHONE_NUMBER as PHONE2_3_0_ from PHONE_NUMBER phonenumbe0_ where phonenumbe0_.PHONE_NUMBER_ID=?
DEBUG Loader - Static select for entity com.expeditors.training.course3demo.model.PhoneNumber [PESSIMISTIC_WRITE]: select phonenumbe0_.PHONE_NUMBER_ID as PHONE1_3_0_, phonenumbe0_.CARD_ID as CARD3_3_0_, phonenumbe0_.PHONE_NUMBER as PHONE2_3_0_ from PHONE_NUMBER phonenumbe0_ where phonenumbe0_.PHONE_NUMBER_ID=?
DEBUG Loader - Static select for entity com.expeditors.training.course3demo.model.PhoneNumber [PESSIMISTIC_FORCE_INCREMENT]: select phonenumbe0_.PHONE_NUMBER_ID as PHONE1_3_0_, phonenumbe0_.CARD_ID as CARD3_3_0_, phonenumbe0_.PHONE_NUMBER as PHONE2_3_0_ from PHONE_NUMBER phonenumbe0_ where phonenumbe0_.PHONE_NUMBER_ID=?
DEBUG Loader - Static select for entity com.expeditors.training.course3demo.model.PhoneNumber [OPTIMISTIC]: select phonenumbe0_.PHONE_NUMBER_ID as PHONE1_3_0_, phonenumbe0_.CARD_ID as CARD3_3_0_, phonenumbe0_.PHONE_NUMBER as PHONE2_3_0_ from PHONE_NUMBER phonenumbe0_ where phonenumbe0_.PHONE_NUMBER_ID=?
DEBUG Loader - Static select for entity com.expeditors.training.course3demo.model.PhoneNumber [OPTIMISTIC_FORCE_INCREMENT]: select phonenumbe0_.PHONE_NUMBER_ID as PHONE1_3_0_, phonenumbe0_.CARD_ID as CARD3_3_0_, phonenumbe0_.PHONE_NUMBER as PHONE2_3_0_ from PHONE_NUMBER phonenumbe0_ where phonenumbe0_.PHONE_NUMBER_ID=?
DEBUG Loader - Static select for action ACTION_MERGE on entity com.expeditors.training.course3demo.model.PhoneNumber: select phonenumbe0_.PHONE_NUMBER_ID as PHONE1_3_0_, phonenumbe0_.CARD_ID as CARD3_3_0_, phonenumbe0_.PHONE_NUMBER as PHONE2_3_0_ from PHONE_NUMBER phonenumbe0_ where phonenumbe0_.PHONE_NUMBER_ID=?
DEBUG Loader - Static select for action ACTION_REFRESH on entity com.expeditors.training.course3demo.model.PhoneNumber: select phonenumbe0_.PHONE_NUMBER_ID as PHONE1_3_0_, phonenumbe0_.CARD_ID as CARD3_3_0_, phonenumbe0_.PHONE_NUMBER as PHONE2_3_0_ from PHONE_NUMBER phonenumbe0_ where phonenumbe0_.PHONE_NUMBER_ID=?
DEBUG Loader - Static select for entity com.expeditors.training.course3demo.model.Shipment [NONE]: select shipment0_.SHIPMENT_ID as SHIPMENT1_5_0_, shipment0_.destination as destinat2_5_0_, shipment0_.name as name3_5_0_, shipment0_.origin as origin4_5_0_, shipment0_.volume as volume5_5_0_ from Shipment shipment0_ where shipment0_.SHIPMENT_ID=?
DEBUG Loader - Static select for entity com.expeditors.training.course3demo.model.Shipment [READ]: select shipment0_.SHIPMENT_ID as SHIPMENT1_5_0_, shipment0_.destination as destinat2_5_0_, shipment0_.name as name3_5_0_, shipment0_.origin as origin4_5_0_, shipment0_.volume as volume5_5_0_ from Shipment shipment0_ where shipment0_.SHIPMENT_ID=?
DEBUG Loader - Static select for entity com.expeditors.training.course3demo.model.Shipment [UPGRADE]: select shipment0_.SHIPMENT_ID as SHIPMENT1_5_0_, shipment0_.destination as destinat2_5_0_, shipment0_.name as name3_5_0_, shipment0_.origin as origin4_5_0_, shipment0_.volume as volume5_5_0_ from Shipment shipment0_ where shipment0_.SHIPMENT_ID=?
DEBUG Loader - Static select for entity com.expeditors.training.course3demo.model.Shipment [UPGRADE_NOWAIT]: select shipment0_.SHIPMENT_ID as SHIPMENT1_5_0_, shipment0_.destination as destinat2_5_0_, shipment0_.name as name3_5_0_, shipment0_.origin as origin4_5_0_, shipment0_.volume as volume5_5_0_ from Shipment shipment0_ where shipment0_.SHIPMENT_ID=?
DEBUG Loader - Static select for entity com.expeditors.training.course3demo.model.Shipment [FORCE]: select shipment0_.SHIPMENT_ID as SHIPMENT1_5_0_, shipment0_.destination as destinat2_5_0_, shipment0_.name as name3_5_0_, shipment0_.origin as origin4_5_0_, shipment0_.volume as volume5_5_0_ from Shipment shipment0_ where shipment0_.SHIPMENT_ID=?
DEBUG Loader - Static select for entity com.expeditors.training.course3demo.model.Shipment [PESSIMISTIC_READ]: select shipment0_.SHIPMENT_ID as SHIPMENT1_5_0_, shipment0_.destination as destinat2_5_0_, shipment0_.name as name3_5_0_, shipment0_.origin as origin4_5_0_, shipment0_.volume as volume5_5_0_ from Shipment shipment0_ where shipment0_.SHIPMENT_ID=?
DEBUG Loader - Static select for entity com.expeditors.training.course3demo.model.Shipment [PESSIMISTIC_WRITE]: select shipment0_.SHIPMENT_ID as SHIPMENT1_5_0_, shipment0_.destination as destinat2_5_0_, shipment0_.name as name3_5_0_, shipment0_.origin as origin4_5_0_, shipment0_.volume as volume5_5_0_ from Shipment shipment0_ where shipment0_.SHIPMENT_ID=?
DEBUG Loader - Static select for entity com.expeditors.training.course3demo.model.Shipment [PESSIMISTIC_FORCE_INCREMENT]: select shipment0_.SHIPMENT_ID as SHIPMENT1_5_0_, shipment0_.destination as destinat2_5_0_, shipment0_.name as name3_5_0_, shipment0_.origin as origin4_5_0_, shipment0_.volume as volume5_5_0_ from Shipment shipment0_ where shipment0_.SHIPMENT_ID=?
DEBUG Loader - Static select for entity com.expeditors.training.course3demo.model.Shipment [OPTIMISTIC]: select shipment0_.SHIPMENT_ID as SHIPMENT1_5_0_, shipment0_.destination as destinat2_5_0_, shipment0_.name as name3_5_0_, shipment0_.origin as origin4_5_0_, shipment0_.volume as volume5_5_0_ from Shipment shipment0_ where shipment0_.SHIPMENT_ID=?
DEBUG Loader - Static select for entity com.expeditors.training.course3demo.model.Shipment [OPTIMISTIC_FORCE_INCREMENT]: select shipment0_.SHIPMENT_ID as SHIPMENT1_5_0_, shipment0_.destination as destinat2_5_0_, shipment0_.name as name3_5_0_, shipment0_.origin as origin4_5_0_, shipment0_.volume as volume5_5_0_ from Shipment shipment0_ where shipment0_.SHIPMENT_ID=?
DEBUG Loader - Static select for action ACTION_MERGE on entity com.expeditors.training.course3demo.model.Shipment: select shipment0_.SHIPMENT_ID as SHIPMENT1_5_0_, shipment0_.destination as destinat2_5_0_, shipment0_.name as name3_5_0_, shipment0_.origin as origin4_5_0_, shipment0_.volume as volume5_5_0_ from Shipment shipment0_ where shipment0_.SHIPMENT_ID=?
DEBUG Loader - Static select for action ACTION_REFRESH on entity com.expeditors.training.course3demo.model.Shipment: select shipment0_.SHIPMENT_ID as SHIPMENT1_5_0_, shipment0_.destination as destinat2_5_0_, shipment0_.name as name3_5_0_, shipment0_.origin as origin4_5_0_, shipment0_.volume as volume5_5_0_ from Shipment shipment0_ where shipment0_.SHIPMENT_ID=?
DEBUG Loader - Static select for entity com.expeditors.training.course3demo.model.Card [NONE]: select card0_.CARD_ID as CARD1_1_2_, card0_.address as address5_1_2_, card0_.amount as amount2_1_2_, card0_.CARD_NUMBER as CARD3_1_2_, card0_.OWNER_NAME as OWNER4_1_2_, address1_.ADDRESS_ID as ADDRESS1_0_0_, address1_.city as city2_0_0_, address1_.state as state3_0_0_, address1_.street as street4_0_0_, phonenumbe2_.CARD_ID as CARD3_1_4_, phonenumbe2_.PHONE_NUMBER_ID as PHONE1_3_4_, phonenumbe2_.index as index4_4_, phonenumbe2_.PHONE_NUMBER_ID as PHONE1_3_1_, phonenumbe2_.CARD_ID as CARD3_3_1_, phonenumbe2_.PHONE_NUMBER as PHONE2_3_1_ from CARD card0_ left outer join ADDRESS address1_ on card0_.address=address1_.ADDRESS_ID left outer join PHONE_NUMBER phonenumbe2_ on card0_.CARD_ID=phonenumbe2_.CARD_ID where card0_.CARD_ID=?
DEBUG Loader - Static select for entity com.expeditors.training.course3demo.model.Card [READ]: select card0_.CARD_ID as CARD1_1_2_, card0_.address as address5_1_2_, card0_.amount as amount2_1_2_, card0_.CARD_NUMBER as CARD3_1_2_, card0_.OWNER_NAME as OWNER4_1_2_, address1_.ADDRESS_ID as ADDRESS1_0_0_, address1_.city as city2_0_0_, address1_.state as state3_0_0_, address1_.street as street4_0_0_, phonenumbe2_.CARD_ID as CARD3_1_4_, phonenumbe2_.PHONE_NUMBER_ID as PHONE1_3_4_, phonenumbe2_.index as index4_4_, phonenumbe2_.PHONE_NUMBER_ID as PHONE1_3_1_, phonenumbe2_.CARD_ID as CARD3_3_1_, phonenumbe2_.PHONE_NUMBER as PHONE2_3_1_ from CARD card0_ left outer join ADDRESS address1_ on card0_.address=address1_.ADDRESS_ID left outer join PHONE_NUMBER phonenumbe2_ on card0_.CARD_ID=phonenumbe2_.CARD_ID where card0_.CARD_ID=?
DEBUG Loader - Static select for entity com.expeditors.training.course3demo.model.Card [UPGRADE]: select card0_.CARD_ID as CARD1_1_0_, card0_.address as address5_1_0_, card0_.amount as amount2_1_0_, card0_.CARD_NUMBER as CARD3_1_0_, card0_.OWNER_NAME as OWNER4_1_0_ from CARD card0_ where card0_.CARD_ID=?
DEBUG Loader - Static select for entity com.expeditors.training.course3demo.model.Card [UPGRADE_NOWAIT]: select card0_.CARD_ID as CARD1_1_0_, card0_.address as address5_1_0_, card0_.amount as amount2_1_0_, card0_.CARD_NUMBER as CARD3_1_0_, card0_.OWNER_NAME as OWNER4_1_0_ from CARD card0_ where card0_.CARD_ID=?
DEBUG Loader - Static select for entity com.expeditors.training.course3demo.model.Card [FORCE]: select card0_.CARD_ID as CARD1_1_0_, card0_.address as address5_1_0_, card0_.amount as amount2_1_0_, card0_.CARD_NUMBER as CARD3_1_0_, card0_.OWNER_NAME as OWNER4_1_0_ from CARD card0_ where card0_.CARD_ID=?
DEBUG Loader - Static select for entity com.expeditors.training.course3demo.model.Card [PESSIMISTIC_READ]: select card0_.CARD_ID as CARD1_1_0_, card0_.address as address5_1_0_, card0_.amount as amount2_1_0_, card0_.CARD_NUMBER as CARD3_1_0_, card0_.OWNER_NAME as OWNER4_1_0_ from CARD card0_ where card0_.CARD_ID=?
DEBUG Loader - Static select for entity com.expeditors.training.course3demo.model.Card [PESSIMISTIC_WRITE]: select card0_.CARD_ID as CARD1_1_0_, card0_.address as address5_1_0_, card0_.amount as amount2_1_0_, card0_.CARD_NUMBER as CARD3_1_0_, card0_.OWNER_NAME as OWNER4_1_0_ from CARD card0_ where card0_.CARD_ID=?
DEBUG Loader - Static select for entity com.expeditors.training.course3demo.model.Card [PESSIMISTIC_FORCE_INCREMENT]: select card0_.CARD_ID as CARD1_1_0_, card0_.address as address5_1_0_, card0_.amount as amount2_1_0_, card0_.CARD_NUMBER as CARD3_1_0_, card0_.OWNER_NAME as OWNER4_1_0_ from CARD card0_ where card0_.CARD_ID=?
DEBUG Loader - Static select for entity com.expeditors.training.course3demo.model.Card [OPTIMISTIC]: select card0_.CARD_ID as CARD1_1_0_, card0_.address as address5_1_0_, card0_.amount as amount2_1_0_, card0_.CARD_NUMBER as CARD3_1_0_, card0_.OWNER_NAME as OWNER4_1_0_ from CARD card0_ where card0_.CARD_ID=?
DEBUG Loader - Static select for entity com.expeditors.training.course3demo.model.Card [OPTIMISTIC_FORCE_INCREMENT]: select card0_.CARD_ID as CARD1_1_0_, card0_.address as address5_1_0_, card0_.amount as amount2_1_0_, card0_.CARD_NUMBER as CARD3_1_0_, card0_.OWNER_NAME as OWNER4_1_0_ from CARD card0_ where card0_.CARD_ID=?
DEBUG Loader - Static select for action ACTION_MERGE on entity com.expeditors.training.course3demo.model.Card: select card0_.CARD_ID as CARD1_1_2_, card0_.address as address5_1_2_, card0_.amount as amount2_1_2_, card0_.CARD_NUMBER as CARD3_1_2_, card0_.OWNER_NAME as OWNER4_1_2_, address1_.ADDRESS_ID as ADDRESS1_0_0_, address1_.city as city2_0_0_, address1_.state as state3_0_0_, address1_.street as street4_0_0_, phonenumbe2_.CARD_ID as CARD3_1_4_, phonenumbe2_.PHONE_NUMBER_ID as PHONE1_3_4_, phonenumbe2_.index as index4_4_, phonenumbe2_.PHONE_NUMBER_ID as PHONE1_3_1_, phonenumbe2_.CARD_ID as CARD3_3_1_, phonenumbe2_.PHONE_NUMBER as PHONE2_3_1_ from CARD card0_ left outer join ADDRESS address1_ on card0_.address=address1_.ADDRESS_ID left outer join PHONE_NUMBER phonenumbe2_ on card0_.CARD_ID=phonenumbe2_.CARD_ID where card0_.CARD_ID=?
DEBUG Loader - Static select for action ACTION_REFRESH on entity com.expeditors.training.course3demo.model.Card: select card0_.CARD_ID as CARD1_1_2_, card0_.address as address5_1_2_, card0_.amount as amount2_1_2_, card0_.CARD_NUMBER as CARD3_1_2_, card0_.OWNER_NAME as OWNER4_1_2_, address1_.ADDRESS_ID as ADDRESS1_0_0_, address1_.city as city2_0_0_, address1_.state as state3_0_0_, address1_.street as street4_0_0_, phonenumbe2_.CARD_ID as CARD3_1_4_, phonenumbe2_.PHONE_NUMBER_ID as PHONE1_3_4_, phonenumbe2_.index as index4_4_, phonenumbe2_.PHONE_NUMBER_ID as PHONE1_3_1_, phonenumbe2_.CARD_ID as CARD3_3_1_, phonenumbe2_.PHONE_NUMBER as PHONE2_3_1_ from CARD card0_ left outer join ADDRESS address1_ on card0_.address=address1_.ADDRESS_ID left outer join PHONE_NUMBER phonenumbe2_ on card0_.CARD_ID=phonenumbe2_.CARD_ID where card0_.CARD_ID=?
DEBUG Loader - Static select for entity com.expeditors.training.course3demo.model.Container [NONE]: select container0_.CONTAINER_ID as CONTAINE1_2_0_, container0_.capacity as capacity2_2_0_, container0_.destination as destinat3_2_0_, container0_.location as location4_2_0_, container0_.name as name5_2_0_, container0_.status as status6_2_0_ from Container container0_ where container0_.CONTAINER_ID=?
DEBUG Loader - Static select for entity com.expeditors.training.course3demo.model.Container [READ]: select container0_.CONTAINER_ID as CONTAINE1_2_0_, container0_.capacity as capacity2_2_0_, container0_.destination as destinat3_2_0_, container0_.location as location4_2_0_, container0_.name as name5_2_0_, container0_.status as status6_2_0_ from Container container0_ where container0_.CONTAINER_ID=?
DEBUG Loader - Static select for entity com.expeditors.training.course3demo.model.Container [UPGRADE]: select container0_.CONTAINER_ID as CONTAINE1_2_0_, container0_.capacity as capacity2_2_0_, container0_.destination as destinat3_2_0_, container0_.location as location4_2_0_, container0_.name as name5_2_0_, container0_.status as status6_2_0_ from Container container0_ where container0_.CONTAINER_ID=?
DEBUG Loader - Static select for entity com.expeditors.training.course3demo.model.Container [UPGRADE_NOWAIT]: select container0_.CONTAINER_ID as CONTAINE1_2_0_, container0_.capacity as capacity2_2_0_, container0_.destination as destinat3_2_0_, container0_.location as location4_2_0_, container0_.name as name5_2_0_, container0_.status as status6_2_0_ from Container container0_ where container0_.CONTAINER_ID=?
DEBUG Loader - Static select for entity com.expeditors.training.course3demo.model.Container [FORCE]: select container0_.CONTAINER_ID as CONTAINE1_2_0_, container0_.capacity as capacity2_2_0_, container0_.destination as destinat3_2_0_, container0_.location as location4_2_0_, container0_.name as name5_2_0_, container0_.status as status6_2_0_ from Container container0_ where container0_.CONTAINER_ID=?
DEBUG Loader - Static select for entity com.expeditors.training.course3demo.model.Container [PESSIMISTIC_READ]: select container0_.CONTAINER_ID as CONTAINE1_2_0_, container0_.capacity as capacity2_2_0_, container0_.destination as destinat3_2_0_, container0_.location as location4_2_0_, container0_.name as name5_2_0_, container0_.status as status6_2_0_ from Container container0_ where container0_.CONTAINER_ID=?
DEBUG Loader - Static select for entity com.expeditors.training.course3demo.model.Container [PESSIMISTIC_WRITE]: select container0_.CONTAINER_ID as CONTAINE1_2_0_, container0_.capacity as capacity2_2_0_, container0_.destination as destinat3_2_0_, container0_.location as location4_2_0_, container0_.name as name5_2_0_, container0_.status as status6_2_0_ from Container container0_ where container0_.CONTAINER_ID=?
DEBUG Loader - Static select for entity com.expeditors.training.course3demo.model.Container [PESSIMISTIC_FORCE_INCREMENT]: select container0_.CONTAINER_ID as CONTAINE1_2_0_, container0_.capacity as capacity2_2_0_, container0_.destination as destinat3_2_0_, container0_.location as location4_2_0_, container0_.name as name5_2_0_, container0_.status as status6_2_0_ from Container container0_ where container0_.CONTAINER_ID=?
DEBUG Loader - Static select for entity com.expeditors.training.course3demo.model.Container [OPTIMISTIC]: select container0_.CONTAINER_ID as CONTAINE1_2_0_, container0_.capacity as capacity2_2_0_, container0_.destination as destinat3_2_0_, container0_.location as location4_2_0_, container0_.name as name5_2_0_, container0_.status as status6_2_0_ from Container container0_ where container0_.CONTAINER_ID=?
DEBUG Loader - Static select for entity com.expeditors.training.course3demo.model.Container [OPTIMISTIC_FORCE_INCREMENT]: select container0_.CONTAINER_ID as CONTAINE1_2_0_, container0_.capacity as capacity2_2_0_, container0_.destination as destinat3_2_0_, container0_.location as location4_2_0_, container0_.name as name5_2_0_, container0_.status as status6_2_0_ from Container container0_ where container0_.CONTAINER_ID=?
DEBUG Loader - Static select for action ACTION_MERGE on entity com.expeditors.training.course3demo.model.Container: select container0_.CONTAINER_ID as CONTAINE1_2_0_, container0_.capacity as capacity2_2_0_, container0_.destination as destinat3_2_0_, container0_.location as location4_2_0_, container0_.name as name5_2_0_, container0_.status as status6_2_0_ from Container container0_ where container0_.CONTAINER_ID=?
DEBUG Loader - Static select for action ACTION_REFRESH on entity com.expeditors.training.course3demo.model.Container: select container0_.CONTAINER_ID as CONTAINE1_2_0_, container0_.capacity as capacity2_2_0_, container0_.destination as destinat3_2_0_, container0_.location as location4_2_0_, container0_.name as name5_2_0_, container0_.status as status6_2_0_ from Container container0_ where container0_.CONTAINER_ID=?
DEBUG Loader - Static select for entity com.expeditors.training.course3demo.model.UserRole [NONE]: select userrole0_.ROLE_ID as ROLE1_7_0_, userrole0_.ROLE_NAME as ROLE2_7_0_, userrole0_.ROLE_OWNER as ROLE3_7_0_ from USERROLE userrole0_ where userrole0_.ROLE_ID=?
DEBUG Loader - Static select for entity com.expeditors.training.course3demo.model.UserRole [READ]: select userrole0_.ROLE_ID as ROLE1_7_0_, userrole0_.ROLE_NAME as ROLE2_7_0_, userrole0_.ROLE_OWNER as ROLE3_7_0_ from USERROLE userrole0_ where userrole0_.ROLE_ID=?
DEBUG Loader - Static select for entity com.expeditors.training.course3demo.model.UserRole [UPGRADE]: select userrole0_.ROLE_ID as ROLE1_7_0_, userrole0_.ROLE_NAME as ROLE2_7_0_, userrole0_.ROLE_OWNER as ROLE3_7_0_ from USERROLE userrole0_ where userrole0_.ROLE_ID=?
DEBUG Loader - Static select for entity com.expeditors.training.course3demo.model.UserRole [UPGRADE_NOWAIT]: select userrole0_.ROLE_ID as ROLE1_7_0_, userrole0_.ROLE_NAME as ROLE2_7_0_, userrole0_.ROLE_OWNER as ROLE3_7_0_ from USERROLE userrole0_ where userrole0_.ROLE_ID=?
DEBUG Loader - Static select for entity com.expeditors.training.course3demo.model.UserRole [FORCE]: select userrole0_.ROLE_ID as ROLE1_7_0_, userrole0_.ROLE_NAME as ROLE2_7_0_, userrole0_.ROLE_OWNER as ROLE3_7_0_ from USERROLE userrole0_ where userrole0_.ROLE_ID=?
DEBUG Loader - Static select for entity com.expeditors.training.course3demo.model.UserRole [PESSIMISTIC_READ]: select userrole0_.ROLE_ID as ROLE1_7_0_, userrole0_.ROLE_NAME as ROLE2_7_0_, userrole0_.ROLE_OWNER as ROLE3_7_0_ from USERROLE userrole0_ where userrole0_.ROLE_ID=?
DEBUG Loader - Static select for entity com.expeditors.training.course3demo.model.UserRole [PESSIMISTIC_WRITE]: select userrole0_.ROLE_ID as ROLE1_7_0_, userrole0_.ROLE_NAME as ROLE2_7_0_, userrole0_.ROLE_OWNER as ROLE3_7_0_ from USERROLE userrole0_ where userrole0_.ROLE_ID=?
DEBUG Loader - Static select for entity com.expeditors.training.course3demo.model.UserRole [PESSIMISTIC_FORCE_INCREMENT]: select userrole0_.ROLE_ID as ROLE1_7_0_, userrole0_.ROLE_NAME as ROLE2_7_0_, userrole0_.ROLE_OWNER as ROLE3_7_0_ from USERROLE userrole0_ where userrole0_.ROLE_ID=?
DEBUG Loader - Static select for entity com.expeditors.training.course3demo.model.UserRole [OPTIMISTIC]: select userrole0_.ROLE_ID as ROLE1_7_0_, userrole0_.ROLE_NAME as ROLE2_7_0_, userrole0_.ROLE_OWNER as ROLE3_7_0_ from USERROLE userrole0_ where userrole0_.ROLE_ID=?
DEBUG Loader - Static select for entity com.expeditors.training.course3demo.model.UserRole [OPTIMISTIC_FORCE_INCREMENT]: select userrole0_.ROLE_ID as ROLE1_7_0_, userrole0_.ROLE_NAME as ROLE2_7_0_, userrole0_.ROLE_OWNER as ROLE3_7_0_ from USERROLE userrole0_ where userrole0_.ROLE_ID=?
DEBUG Loader - Static select for action ACTION_MERGE on entity com.expeditors.training.course3demo.model.UserRole: select userrole0_.ROLE_ID as ROLE1_7_0_, userrole0_.ROLE_NAME as ROLE2_7_0_, userrole0_.ROLE_OWNER as ROLE3_7_0_ from USERROLE userrole0_ where userrole0_.ROLE_ID=?
DEBUG Loader - Static select for action ACTION_REFRESH on entity com.expeditors.training.course3demo.model.UserRole: select userrole0_.ROLE_ID as ROLE1_7_0_, userrole0_.ROLE_NAME as ROLE2_7_0_, userrole0_.ROLE_OWNER as ROLE3_7_0_ from USERROLE userrole0_ where userrole0_.ROLE_ID=?
DEBUG Loader - Static select for entity com.expeditors.training.course3demo.model.Address [NONE]: select address0_.ADDRESS_ID as ADDRESS1_0_0_, address0_.city as city2_0_0_, address0_.state as state3_0_0_, address0_.street as street4_0_0_ from ADDRESS address0_ where address0_.ADDRESS_ID=?
DEBUG Loader - Static select for entity com.expeditors.training.course3demo.model.Address [READ]: select address0_.ADDRESS_ID as ADDRESS1_0_0_, address0_.city as city2_0_0_, address0_.state as state3_0_0_, address0_.street as street4_0_0_ from ADDRESS address0_ where address0_.ADDRESS_ID=?
DEBUG Loader - Static select for entity com.expeditors.training.course3demo.model.Address [UPGRADE]: select address0_.ADDRESS_ID as ADDRESS1_0_0_, address0_.city as city2_0_0_, address0_.state as state3_0_0_, address0_.street as street4_0_0_ from ADDRESS address0_ where address0_.ADDRESS_ID=?
DEBUG Loader - Static select for entity com.expeditors.training.course3demo.model.Address [UPGRADE_NOWAIT]: select address0_.ADDRESS_ID as ADDRESS1_0_0_, address0_.city as city2_0_0_, address0_.state as state3_0_0_, address0_.street as street4_0_0_ from ADDRESS address0_ where address0_.ADDRESS_ID=?
DEBUG Loader - Static select for entity com.expeditors.training.course3demo.model.Address [FORCE]: select address0_.ADDRESS_ID as ADDRESS1_0_0_, address0_.city as city2_0_0_, address0_.state as state3_0_0_, address0_.street as street4_0_0_ from ADDRESS address0_ where address0_.ADDRESS_ID=?
DEBUG Loader - Static select for entity com.expeditors.training.course3demo.model.Address [PESSIMISTIC_READ]: select address0_.ADDRESS_ID as ADDRESS1_0_0_, address0_.city as city2_0_0_, address0_.state as state3_0_0_, address0_.street as street4_0_0_ from ADDRESS address0_ where address0_.ADDRESS_ID=?
DEBUG Loader - Static select for entity com.expeditors.training.course3demo.model.Address [PESSIMISTIC_WRITE]: select address0_.ADDRESS_ID as ADDRESS1_0_0_, address0_.city as city2_0_0_, address0_.state as state3_0_0_, address0_.street as street4_0_0_ from ADDRESS address0_ where address0_.ADDRESS_ID=?
DEBUG Loader - Static select for entity com.expeditors.training.course3demo.model.Address [PESSIMISTIC_FORCE_INCREMENT]: select address0_.ADDRESS_ID as ADDRESS1_0_0_, address0_.city as city2_0_0_, address0_.state as state3_0_0_, address0_.street as street4_0_0_ from ADDRESS address0_ where address0_.ADDRESS_ID=?
DEBUG Loader - Static select for entity com.expeditors.training.course3demo.model.Address [OPTIMISTIC]: select address0_.ADDRESS_ID as ADDRESS1_0_0_, address0_.city as city2_0_0_, address0_.state as state3_0_0_, address0_.street as street4_0_0_ from ADDRESS address0_ where address0_.ADDRESS_ID=?
DEBUG Loader - Static select for entity com.expeditors.training.course3demo.model.Address [OPTIMISTIC_FORCE_INCREMENT]: select address0_.ADDRESS_ID as ADDRESS1_0_0_, address0_.city as city2_0_0_, address0_.state as state3_0_0_, address0_.street as street4_0_0_ from ADDRESS address0_ where address0_.ADDRESS_ID=?
DEBUG Loader - Static select for action ACTION_MERGE on entity com.expeditors.training.course3demo.model.Address: select address0_.ADDRESS_ID as ADDRESS1_0_0_, address0_.city as city2_0_0_, address0_.state as state3_0_0_, address0_.street as street4_0_0_ from ADDRESS address0_ where address0_.ADDRESS_ID=?
DEBUG Loader - Static select for action ACTION_REFRESH on entity com.expeditors.training.course3demo.model.Address: select address0_.ADDRESS_ID as ADDRESS1_0_0_, address0_.city as city2_0_0_, address0_.state as state3_0_0_, address0_.street as street4_0_0_ from ADDRESS address0_ where address0_.ADDRESS_ID=?
DEBUG Loader - Static select for entity com.expeditors.training.course3demo.model.UserAccount [NONE]: select useraccoun0_.USER_ID as USER1_6_1_, useraccoun0_.enabled as enabled2_6_1_, useraccoun0_.password as password3_6_1_, useraccoun0_.username as username4_6_1_, userroles1_.ROLE_OWNER as ROLE3_6_3_, userroles1_.ROLE_ID as ROLE1_7_3_, userroles1_.ROLE_ID as ROLE1_7_0_, userroles1_.ROLE_NAME as ROLE2_7_0_, userroles1_.ROLE_OWNER as ROLE3_7_0_ from USERACCOUNT useraccoun0_ left outer join USERROLE userroles1_ on useraccoun0_.USER_ID=userroles1_.ROLE_OWNER where useraccoun0_.USER_ID=?
DEBUG Loader - Static select for entity com.expeditors.training.course3demo.model.UserAccount [READ]: select useraccoun0_.USER_ID as USER1_6_1_, useraccoun0_.enabled as enabled2_6_1_, useraccoun0_.password as password3_6_1_, useraccoun0_.username as username4_6_1_, userroles1_.ROLE_OWNER as ROLE3_6_3_, userroles1_.ROLE_ID as ROLE1_7_3_, userroles1_.ROLE_ID as ROLE1_7_0_, userroles1_.ROLE_NAME as ROLE2_7_0_, userroles1_.ROLE_OWNER as ROLE3_7_0_ from USERACCOUNT useraccoun0_ left outer join USERROLE userroles1_ on useraccoun0_.USER_ID=userroles1_.ROLE_OWNER where useraccoun0_.USER_ID=?
DEBUG Loader - Static select for entity com.expeditors.training.course3demo.model.UserAccount [UPGRADE]: select useraccoun0_.USER_ID as USER1_6_0_, useraccoun0_.enabled as enabled2_6_0_, useraccoun0_.password as password3_6_0_, useraccoun0_.username as username4_6_0_ from USERACCOUNT useraccoun0_ where useraccoun0_.USER_ID=?
DEBUG Loader - Static select for entity com.expeditors.training.course3demo.model.UserAccount [UPGRADE_NOWAIT]: select useraccoun0_.USER_ID as USER1_6_0_, useraccoun0_.enabled as enabled2_6_0_, useraccoun0_.password as password3_6_0_, useraccoun0_.username as username4_6_0_ from USERACCOUNT useraccoun0_ where useraccoun0_.USER_ID=?
DEBUG Loader - Static select for entity com.expeditors.training.course3demo.model.UserAccount [FORCE]: select useraccoun0_.USER_ID as USER1_6_0_, useraccoun0_.enabled as enabled2_6_0_, useraccoun0_.password as password3_6_0_, useraccoun0_.username as username4_6_0_ from USERACCOUNT useraccoun0_ where useraccoun0_.USER_ID=?
DEBUG Loader - Static select for entity com.expeditors.training.course3demo.model.UserAccount [PESSIMISTIC_READ]: select useraccoun0_.USER_ID as USER1_6_0_, useraccoun0_.enabled as enabled2_6_0_, useraccoun0_.password as password3_6_0_, useraccoun0_.username as username4_6_0_ from USERACCOUNT useraccoun0_ where useraccoun0_.USER_ID=?
DEBUG Loader - Static select for entity com.expeditors.training.course3demo.model.UserAccount [PESSIMISTIC_WRITE]: select useraccoun0_.USER_ID as USER1_6_0_, useraccoun0_.enabled as enabled2_6_0_, useraccoun0_.password as password3_6_0_, useraccoun0_.username as username4_6_0_ from USERACCOUNT useraccoun0_ where useraccoun0_.USER_ID=?
DEBUG Loader - Static select for entity com.expeditors.training.course3demo.model.UserAccount [PESSIMISTIC_FORCE_INCREMENT]: select useraccoun0_.USER_ID as USER1_6_0_, useraccoun0_.enabled as enabled2_6_0_, useraccoun0_.password as password3_6_0_, useraccoun0_.username as username4_6_0_ from USERACCOUNT useraccoun0_ where useraccoun0_.USER_ID=?
DEBUG Loader - Static select for entity com.expeditors.training.course3demo.model.UserAccount [OPTIMISTIC]: select useraccoun0_.USER_ID as USER1_6_0_, useraccoun0_.enabled as enabled2_6_0_, useraccoun0_.password as password3_6_0_, useraccoun0_.username as username4_6_0_ from USERACCOUNT useraccoun0_ where useraccoun0_.USER_ID=?
DEBUG Loader - Static select for entity com.expeditors.training.course3demo.model.UserAccount [OPTIMISTIC_FORCE_INCREMENT]: select useraccoun0_.USER_ID as USER1_6_0_, useraccoun0_.enabled as enabled2_6_0_, useraccoun0_.password as password3_6_0_, useraccoun0_.username as username4_6_0_ from USERACCOUNT useraccoun0_ where useraccoun0_.USER_ID=?
DEBUG Loader - Static select for action ACTION_MERGE on entity com.expeditors.training.course3demo.model.UserAccount: select useraccoun0_.USER_ID as USER1_6_1_, useraccoun0_.enabled as enabled2_6_1_, useraccoun0_.password as password3_6_1_, useraccoun0_.username as username4_6_1_, userroles1_.ROLE_OWNER as ROLE3_6_3_, userroles1_.ROLE_ID as ROLE1_7_3_, userroles1_.ROLE_ID as ROLE1_7_0_, userroles1_.ROLE_NAME as ROLE2_7_0_, userroles1_.ROLE_OWNER as ROLE3_7_0_ from USERACCOUNT useraccoun0_ left outer join USERROLE userroles1_ on useraccoun0_.USER_ID=userroles1_.ROLE_OWNER where useraccoun0_.USER_ID=?
DEBUG Loader - Static select for action ACTION_REFRESH on entity com.expeditors.training.course3demo.model.UserAccount: select useraccoun0_.USER_ID as USER1_6_1_, useraccoun0_.enabled as enabled2_6_1_, useraccoun0_.password as password3_6_1_, useraccoun0_.username as username4_6_1_, userroles1_.ROLE_OWNER as ROLE3_6_3_, userroles1_.ROLE_ID as ROLE1_7_3_, userroles1_.ROLE_ID as ROLE1_7_0_, userroles1_.ROLE_NAME as ROLE2_7_0_, userroles1_.ROLE_OWNER as ROLE3_7_0_ from USERACCOUNT useraccoun0_ left outer join USERROLE userroles1_ on useraccoun0_.USER_ID=userroles1_.ROLE_OWNER where useraccoun0_.USER_ID=?
DEBUG Loader - Static select for entity com.expeditors.training.course3demo.model.Product [NONE]: select product0_.PRODUCT_ID as PRODUCT1_4_0_, product0_.description as descript2_4_0_, product0_.name as name3_4_0_, product0_.price as price4_4_0_ from PRODUCT product0_ where product0_.PRODUCT_ID=?
DEBUG Loader - Static select for entity com.expeditors.training.course3demo.model.Product [READ]: select product0_.PRODUCT_ID as PRODUCT1_4_0_, product0_.description as descript2_4_0_, product0_.name as name3_4_0_, product0_.price as price4_4_0_ from PRODUCT product0_ where product0_.PRODUCT_ID=?
DEBUG Loader - Static select for entity com.expeditors.training.course3demo.model.Product [UPGRADE]: select product0_.PRODUCT_ID as PRODUCT1_4_0_, product0_.description as descript2_4_0_, product0_.name as name3_4_0_, product0_.price as price4_4_0_ from PRODUCT product0_ where product0_.PRODUCT_ID=?
DEBUG Loader - Static select for entity com.expeditors.training.course3demo.model.Product [UPGRADE_NOWAIT]: select product0_.PRODUCT_ID as PRODUCT1_4_0_, product0_.description as descript2_4_0_, product0_.name as name3_4_0_, product0_.price as price4_4_0_ from PRODUCT product0_ where product0_.PRODUCT_ID=?
DEBUG Loader - Static select for entity com.expeditors.training.course3demo.model.Product [FORCE]: select product0_.PRODUCT_ID as PRODUCT1_4_0_, product0_.description as descript2_4_0_, product0_.name as name3_4_0_, product0_.price as price4_4_0_ from PRODUCT product0_ where product0_.PRODUCT_ID=?
DEBUG Loader - Static select for entity com.expeditors.training.course3demo.model.Product [PESSIMISTIC_READ]: select product0_.PRODUCT_ID as PRODUCT1_4_0_, product0_.description as descript2_4_0_, product0_.name as name3_4_0_, product0_.price as price4_4_0_ from PRODUCT product0_ where product0_.PRODUCT_ID=?
DEBUG Loader - Static select for entity com.expeditors.training.course3demo.model.Product [PESSIMISTIC_WRITE]: select product0_.PRODUCT_ID as PRODUCT1_4_0_, product0_.description as descript2_4_0_, product0_.name as name3_4_0_, product0_.price as price4_4_0_ from PRODUCT product0_ where product0_.PRODUCT_ID=?
DEBUG Loader - Static select for entity com.expeditors.training.course3demo.model.Product [PESSIMISTIC_FORCE_INCREMENT]: select product0_.PRODUCT_ID as PRODUCT1_4_0_, product0_.description as descript2_4_0_, product0_.name as name3_4_0_, product0_.price as price4_4_0_ from PRODUCT product0_ where product0_.PRODUCT_ID=?
DEBUG Loader - Static select for entity com.expeditors.training.course3demo.model.Product [OPTIMISTIC]: select product0_.PRODUCT_ID as PRODUCT1_4_0_, product0_.description as descript2_4_0_, product0_.name as name3_4_0_, product0_.price as price4_4_0_ from PRODUCT product0_ where product0_.PRODUCT_ID=?
DEBUG Loader - Static select for entity com.expeditors.training.course3demo.model.Product [OPTIMISTIC_FORCE_INCREMENT]: select product0_.PRODUCT_ID as PRODUCT1_4_0_, product0_.description as descript2_4_0_, product0_.name as name3_4_0_, product0_.price as price4_4_0_ from PRODUCT product0_ where product0_.PRODUCT_ID=?
DEBUG Loader - Static select for action ACTION_MERGE on entity com.expeditors.training.course3demo.model.Product: select product0_.PRODUCT_ID as PRODUCT1_4_0_, product0_.description as descript2_4_0_, product0_.name as name3_4_0_, product0_.price as price4_4_0_ from PRODUCT product0_ where product0_.PRODUCT_ID=?
DEBUG Loader - Static select for action ACTION_REFRESH on entity com.expeditors.training.course3demo.model.Product: select product0_.PRODUCT_ID as PRODUCT1_4_0_, product0_.description as descript2_4_0_, product0_.name as name3_4_0_, product0_.price as price4_4_0_ from PRODUCT product0_ where product0_.PRODUCT_ID=?
DEBUG OneToManyLoader - Static select for one-to-many com.expeditors.training.course3demo.model.Card.phoneNumbers: select phonenumbe0_.CARD_ID as CARD3_1_1_, phonenumbe0_.PHONE_NUMBER_ID as PHONE1_3_1_, phonenumbe0_.index as index4_1_, phonenumbe0_.PHONE_NUMBER_ID as PHONE1_3_0_, phonenumbe0_.CARD_ID as CARD3_3_0_, phonenumbe0_.PHONE_NUMBER as PHONE2_3_0_ from PHONE_NUMBER phonenumbe0_ where phonenumbe0_.CARD_ID=?
DEBUG OneToManyLoader - Static select for one-to-many com.expeditors.training.course3demo.model.UserAccount.userRoles: select userroles0_.ROLE_OWNER as ROLE3_6_1_, userroles0_.ROLE_ID as ROLE1_7_1_, userroles0_.ROLE_ID as ROLE1_7_0_, userroles0_.ROLE_NAME as ROLE2_7_0_, userroles0_.ROLE_OWNER as ROLE3_7_0_ from USERROLE userroles0_ where userroles0_.ROLE_OWNER=?
DEBUG SessionFactoryRegistry - Registering SessionFactory: 10951ed1-2c8b-4c52-ace5-7fb0399482ac (&lt;unnamed&gt;)
DEBUG SessionFactoryRegistry - Not binding SessionFactory to JNDI, no JNDI name configured
DEBUG SessionFactoryImpl - Instantiated session factory
DEBUG Configuration - Processing hbm.xml files
DEBUG Configuration - Process annotated classes
DEBUG Configuration - Processing fk mappings (*ToOne and JoinedSubclass)
DEBUG Configuration - Processing extends queue
DEBUG Configuration - Processing extends queue
DEBUG Configuration - Processing collection mappings
DEBUG Configuration - Processing native query and ResultSetMapping mappings
DEBUG Configuration - Processing association property references
DEBUG Configuration - Creating tables&apos; unique integer identifiers
DEBUG Configuration - Processing foreign key constraints
DEBUG Configuration - Resolving reference to class: com.expeditors.training.course3demo.model.Address
DEBUG Configuration - Resolving reference to class: com.expeditors.training.course3demo.model.Card
DEBUG Configuration - Resolving reference to class: com.expeditors.training.course3demo.model.UserAccount
DEBUG DefaultIdentifierGeneratorFactory - Setting dialect [org.hibernate.dialect.HSQLDialect]
DEBUG DefaultIdentifierGeneratorFactory - Setting dialect [org.hibernate.dialect.HSQLDialect]
DEBUG DefaultIdentifierGeneratorFactory - Setting dialect [org.hibernate.dialect.HSQLDialect]
DEBUG DefaultIdentifierGeneratorFactory - Setting dialect [org.hibernate.dialect.HSQLDialect]
DEBUG DefaultIdentifierGeneratorFactory - Setting dialect [org.hibernate.dialect.HSQLDialect]
DEBUG DefaultIdentifierGeneratorFactory - Setting dialect [org.hibernate.dialect.HSQLDialect]
DEBUG DefaultIdentifierGeneratorFactory - Setting dialect [org.hibernate.dialect.HSQLDialect]
DEBUG DefaultIdentifierGeneratorFactory - Setting dialect [org.hibernate.dialect.HSQLDialect]
DEBUG Configuration - Processing hbm.xml files
DEBUG Configuration - Process annotated classes
DEBUG Configuration - Processing fk mappings (*ToOne and JoinedSubclass)
DEBUG Configuration - Processing extends queue
DEBUG Configuration - Processing extends queue
DEBUG Configuration - Processing collection mappings
DEBUG Configuration - Processing native query and ResultSetMapping mappings
DEBUG Configuration - Processing association property references
DEBUG Configuration - Creating tables&apos; unique integer identifiers
DEBUG Configuration - Processing foreign key constraints
DEBUG Configuration - Resolving reference to class: com.expeditors.training.course3demo.model.Address
DEBUG Configuration - Resolving reference to class: com.expeditors.training.course3demo.model.Card
DEBUG Configuration - Resolving reference to class: com.expeditors.training.course3demo.model.UserAccount
DEBUG DefaultIdentifierGeneratorFactory - Setting dialect [org.hibernate.dialect.HSQLDialect]
DEBUG DefaultIdentifierGeneratorFactory - Setting dialect [org.hibernate.dialect.HSQLDialect]
DEBUG DefaultIdentifierGeneratorFactory - Setting dialect [org.hibernate.dialect.HSQLDialect]
DEBUG DefaultIdentifierGeneratorFactory - Setting dialect [org.hibernate.dialect.HSQLDialect]
DEBUG DefaultIdentifierGeneratorFactory - Setting dialect [org.hibernate.dialect.HSQLDialect]
DEBUG DefaultIdentifierGeneratorFactory - Setting dialect [org.hibernate.dialect.HSQLDialect]
DEBUG DefaultIdentifierGeneratorFactory - Setting dialect [org.hibernate.dialect.HSQLDialect]
DEBUG DefaultIdentifierGeneratorFactory - Setting dialect [org.hibernate.dialect.HSQLDialect]
DEBUG DefaultIdentifierGeneratorFactory - Setting dialect [org.hibernate.dialect.HSQLDialect]
DEBUG DefaultIdentifierGeneratorFactory - Setting dialect [org.hibernate.dialect.HSQLDialect]
DEBUG DefaultIdentifierGeneratorFactory - Setting dialect [org.hibernate.dialect.HSQLDialect]
DEBUG DefaultIdentifierGeneratorFactory - Setting dialect [org.hibernate.dialect.HSQLDialect]
DEBUG DefaultIdentifierGeneratorFactory - Setting dialect [org.hibernate.dialect.HSQLDialect]
DEBUG DefaultIdentifierGeneratorFactory - Setting dialect [org.hibernate.dialect.HSQLDialect]
DEBUG DefaultIdentifierGeneratorFactory - Setting dialect [org.hibernate.dialect.HSQLDialect]
DEBUG DefaultIdentifierGeneratorFactory - Setting dialect [org.hibernate.dialect.HSQLDialect]
INFO  SchemaExport - HHH000227: Running hbm2ddl schema export
DEBUG SchemaExport - Import file not found: /import.sql
DEBUG SQL - alter table CARD drop constraint FK_fe40a5f2d6114ce0906a61e2b96
Hibernate: alter table CARD drop constraint FK_fe40a5f2d6114ce0906a61e2b96
ERROR SchemaExport - HHH000389: Unsuccessful: alter table CARD drop constraint FK_fe40a5f2d6114ce0906a61e2b96
ERROR SchemaExport - user lacks privilege or object not found: PUBLIC.CARD
DEBUG SQL - alter table PHONE_NUMBER drop constraint FK_9bd15632a3324e5994c9caf8141
Hibernate: alter table PHONE_NUMBER drop constraint FK_9bd15632a3324e5994c9caf8141
ERROR SchemaExport - HHH000389: Unsuccessful: alter table PHONE_NUMBER drop constraint FK_9bd15632a3324e5994c9caf8141
ERROR SchemaExport - user lacks privilege or object not found: PUBLIC.PHONE_NUMBER
DEBUG SQL - alter table USERROLE drop constraint FK_fa627f85ba274b6898d83b34fc2
Hibernate: alter table USERROLE drop constraint FK_fa627f85ba274b6898d83b34fc2
ERROR SchemaExport - HHH000389: Unsuccessful: alter table USERROLE drop constraint FK_fa627f85ba274b6898d83b34fc2
ERROR SchemaExport - user lacks privilege or object not found: PUBLIC.USERROLE
DEBUG SQL - drop table ADDRESS if exists
Hibernate: drop table ADDRESS if exists
DEBUG SQL - drop table CARD if exists
Hibernate: drop table CARD if exists
DEBUG SQL - drop table Container if exists
Hibernate: drop table Container if exists
DEBUG SQL - drop table PHONE_NUMBER if exists
Hibernate: drop table PHONE_NUMBER if exists
DEBUG SQL - drop table PRODUCT if exists
Hibernate: drop table PRODUCT if exists
DEBUG SQL - drop table Shipment if exists
Hibernate: drop table Shipment if exists
DEBUG SQL - drop table USERACCOUNT if exists
Hibernate: drop table USERACCOUNT if exists
DEBUG SQL - drop table USERROLE if exists
Hibernate: drop table USERROLE if exists
DEBUG SQL - create table ADDRESS (ADDRESS_ID bigint generated by default as identity (start with 1), city varchar(255) not null, state CHAR(2) not null, street varchar(255) not null, primary key (ADDRESS_ID))
Hibernate: create table ADDRESS (ADDRESS_ID bigint generated by default as identity (start with 1), city varchar(255) not null, state CHAR(2) not null, street varchar(255) not null, primary key (ADDRESS_ID))
DEBUG SQL - create table CARD (CARD_ID bigint generated by default as identity (start with 1), amount double, CARD_NUMBER char not null, OWNER_NAME varchar(255) not null, address bigint, primary key (CARD_ID))
Hibernate: create table CARD (CARD_ID bigint generated by default as identity (start with 1), amount double, CARD_NUMBER char not null, OWNER_NAME varchar(255) not null, address bigint, primary key (CARD_ID))
DEBUG SQL - create table Container (CONTAINER_ID bigint generated by default as identity (start with 1), capacity double not null check (capacity&gt;=0), destination varchar(255), location varchar(255), name varchar(40), status varchar(255), primary key (CONTAINER_ID))
Hibernate: create table Container (CONTAINER_ID bigint generated by default as identity (start with 1), capacity double not null check (capacity&gt;=0), destination varchar(255), location varchar(255), name varchar(40), status varchar(255), primary key (CONTAINER_ID))
DEBUG SQL - create table PHONE_NUMBER (PHONE_NUMBER_ID bigint generated by default as identity (start with 1), PHONE_NUMBER char not null, CARD_ID bigint not null, index integer, primary key (PHONE_NUMBER_ID))
Hibernate: create table PHONE_NUMBER (PHONE_NUMBER_ID bigint generated by default as identity (start with 1), PHONE_NUMBER char not null, CARD_ID bigint not null, index integer, primary key (PHONE_NUMBER_ID))
DEBUG SQL - create table PRODUCT (PRODUCT_ID bigint generated by default as identity (start with 1), description varchar(255), name varchar(255), price double, primary key (PRODUCT_ID))
Hibernate: create table PRODUCT (PRODUCT_ID bigint generated by default as identity (start with 1), description varchar(255), name varchar(255), price double, primary key (PRODUCT_ID))
DEBUG SQL - create table Shipment (SHIPMENT_ID bigint generated by default as identity (start with 1), destination varchar(255), name varchar(40), origin varchar(255), volume double not null check (volume&gt;=0), primary key (SHIPMENT_ID))
Hibernate: create table Shipment (SHIPMENT_ID bigint generated by default as identity (start with 1), destination varchar(255), name varchar(40), origin varchar(255), volume double not null check (volume&gt;=0), primary key (SHIPMENT_ID))
DEBUG SQL - create table USERACCOUNT (USER_ID bigint generated by default as identity (start with 1), enabled boolean, password varchar(50), username varchar(255), primary key (USER_ID))
Hibernate: create table USERACCOUNT (USER_ID bigint generated by default as identity (start with 1), enabled boolean, password varchar(50), username varchar(255), primary key (USER_ID))
DEBUG SQL - create table USERROLE (ROLE_ID bigint generated by default as identity (start with 1), ROLE_NAME varchar(40) not null, ROLE_OWNER bigint not null, primary key (ROLE_ID))
Hibernate: create table USERROLE (ROLE_ID bigint generated by default as identity (start with 1), ROLE_NAME varchar(40) not null, ROLE_OWNER bigint not null, primary key (ROLE_ID))
DEBUG SQL - alter table CARD add constraint FK_fe40a5f2d6114ce0906a61e2b96 foreign key (address) references ADDRESS
Hibernate: alter table CARD add constraint FK_fe40a5f2d6114ce0906a61e2b96 foreign key (address) references ADDRESS
DEBUG SQL - alter table PHONE_NUMBER add constraint FK_9bd15632a3324e5994c9caf8141 foreign key (CARD_ID) references CARD
Hibernate: alter table PHONE_NUMBER add constraint FK_9bd15632a3324e5994c9caf8141 foreign key (CARD_ID) references CARD
DEBUG SQL - alter table USERROLE add constraint FK_fa627f85ba274b6898d83b34fc2 foreign key (ROLE_OWNER) references USERACCOUNT
Hibernate: alter table USERROLE add constraint FK_fa627f85ba274b6898d83b34fc2 foreign key (ROLE_OWNER) references USERACCOUNT
INFO  SchemaExport - HHH000230: Schema export complete
DEBUG Configuration - Processing hbm.xml files
DEBUG Configuration - Process annotated classes
DEBUG Configuration - Processing fk mappings (*ToOne and JoinedSubclass)
DEBUG Configuration - Processing extends queue
DEBUG Configuration - Processing extends queue
DEBUG Configuration - Processing collection mappings
DEBUG Configuration - Processing native query and ResultSetMapping mappings
DEBUG Configuration - Processing association property references
DEBUG Configuration - Creating tables&apos; unique integer identifiers
DEBUG Configuration - Processing foreign key constraints
DEBUG Configuration - Resolving reference to class: com.expeditors.training.course3demo.model.Address
DEBUG Configuration - Resolving reference to class: com.expeditors.training.course3demo.model.Card
DEBUG Configuration - Resolving reference to class: com.expeditors.training.course3demo.model.UserAccount
DEBUG DefaultIdentifierGeneratorFactory - Setting dialect [org.hibernate.dialect.HSQLDialect]
DEBUG DefaultIdentifierGeneratorFactory - Setting dialect [org.hibernate.dialect.HSQLDialect]
DEBUG DefaultIdentifierGeneratorFactory - Setting dialect [org.hibernate.dialect.HSQLDialect]
DEBUG DefaultIdentifierGeneratorFactory - Setting dialect [org.hibernate.dialect.HSQLDialect]
DEBUG DefaultIdentifierGeneratorFactory - Setting dialect [org.hibernate.dialect.HSQLDialect]
DEBUG DefaultIdentifierGeneratorFactory - Setting dialect [org.hibernate.dialect.HSQLDialect]
DEBUG DefaultIdentifierGeneratorFactory - Setting dialect [org.hibernate.dialect.HSQLDialect]
DEBUG DefaultIdentifierGeneratorFactory - Setting dialect [org.hibernate.dialect.HSQLDialect]
DEBUG Configuration - Processing hbm.xml files
DEBUG Configuration - Process annotated classes
DEBUG Configuration - Processing fk mappings (*ToOne and JoinedSubclass)
DEBUG Configuration - Processing extends queue
DEBUG Configuration - Processing extends queue
DEBUG Configuration - Processing collection mappings
DEBUG Configuration - Processing native query and ResultSetMapping mappings
DEBUG Configuration - Processing association property references
DEBUG Configuration - Creating tables&apos; unique integer identifiers
DEBUG Configuration - Processing foreign key constraints
DEBUG Configuration - Resolving reference to class: com.expeditors.training.course3demo.model.Address
DEBUG Configuration - Resolving reference to class: com.expeditors.training.course3demo.model.Card
DEBUG Configuration - Resolving reference to class: com.expeditors.training.course3demo.model.UserAccount
DEBUG DefaultIdentifierGeneratorFactory - Setting dialect [org.hibernate.dialect.HSQLDialect]
DEBUG DefaultIdentifierGeneratorFactory - Setting dialect [org.hibernate.dialect.HSQLDialect]
DEBUG DefaultIdentifierGeneratorFactory - Setting dialect [org.hibernate.dialect.HSQLDialect]
DEBUG DefaultIdentifierGeneratorFactory - Setting dialect [org.hibernate.dialect.HSQLDialect]
DEBUG DefaultIdentifierGeneratorFactory - Setting dialect [org.hibernate.dialect.HSQLDialect]
DEBUG DefaultIdentifierGeneratorFactory - Setting dialect [org.hibernate.dialect.HSQLDialect]
DEBUG DefaultIdentifierGeneratorFactory - Setting dialect [org.hibernate.dialect.HSQLDialect]
DEBUG DefaultIdentifierGeneratorFactory - Setting dialect [org.hibernate.dialect.HSQLDialect]
DEBUG DefaultIdentifierGeneratorFactory - Setting dialect [org.hibernate.dialect.HSQLDialect]
DEBUG DefaultIdentifierGeneratorFactory - Setting dialect [org.hibernate.dialect.HSQLDialect]
DEBUG DefaultIdentifierGeneratorFactory - Setting dialect [org.hibernate.dialect.HSQLDialect]
DEBUG DefaultIdentifierGeneratorFactory - Setting dialect [org.hibernate.dialect.HSQLDialect]
DEBUG DefaultIdentifierGeneratorFactory - Setting dialect [org.hibernate.dialect.HSQLDialect]
DEBUG DefaultIdentifierGeneratorFactory - Setting dialect [org.hibernate.dialect.HSQLDialect]
DEBUG DefaultIdentifierGeneratorFactory - Setting dialect [org.hibernate.dialect.HSQLDialect]
DEBUG DefaultIdentifierGeneratorFactory - Setting dialect [org.hibernate.dialect.HSQLDialect]
DEBUG SessionFactoryImpl - Checking 0 named HQL queries
DEBUG SessionFactoryImpl - Checking 0 named SQL queries
DEBUG StatisticsInitiator - Statistics initialized [enabled=false]
DEBUG EntityManagerFactoryRegistry - Registering EntityManagerFactory: default 
DEBUG SessionFactoryImpl - HHH000031: Closing
INFO  SchemaExport - HHH000227: Running hbm2ddl schema export
DEBUG SchemaExport - Import file not found: /import.sql
DEBUG SQL - alter table CARD drop constraint FK_fe40a5f2d6114ce0906a61e2b96
Hibernate: alter table CARD drop constraint FK_fe40a5f2d6114ce0906a61e2b96
DEBUG SQL - alter table PHONE_NUMBER drop constraint FK_9bd15632a3324e5994c9caf8141
Hibernate: alter table PHONE_NUMBER drop constraint FK_9bd15632a3324e5994c9caf8141
DEBUG SQL - alter table USERROLE drop constraint FK_fa627f85ba274b6898d83b34fc2
Hibernate: alter table USERROLE drop constraint FK_fa627f85ba274b6898d83b34fc2
DEBUG SQL - drop table ADDRESS if exists
Hibernate: drop table ADDRESS if exists
DEBUG SQL - drop table CARD if exists
Hibernate: drop table CARD if exists
DEBUG SQL - drop table Container if exists
Hibernate: drop table Container if exists
DEBUG SQL - drop table PHONE_NUMBER if exists
Hibernate: drop table PHONE_NUMBER if exists
DEBUG SQL - drop table PRODUCT if exists
Hibernate: drop table PRODUCT if exists
DEBUG SQL - drop table Shipment if exists
Hibernate: drop table Shipment if exists
DEBUG SQL - drop table USERACCOUNT if exists
Hibernate: drop table USERACCOUNT if exists
DEBUG SQL - drop table USERROLE if exists
Hibernate: drop table USERROLE if exists
INFO  SchemaExport - HHH000230: Schema export complete
DEBUG EntityManagerFactoryRegistry - Remove: name=default
</system-out>
    <system-err>Mar 02, 2015 10:04:17 AM org.springframework.context.support.AbstractApplicationContext prepareRefresh
INFO: Refreshing org.springframework.web.context.support.GenericWebApplicationContext@256aa5f2: startup date [Mon Mar 02 10:04:17 PST 2015]; root of context hierarchy
Mar 02, 2015 10:04:17 AM org.springframework.jdbc.datasource.DriverManagerDataSource setDriverClassName
INFO: Loaded JDBC driver: org.hsqldb.jdbcDriver
Mar 02, 2015 10:04:17 AM org.springframework.orm.jpa.LocalContainerEntityManagerFactoryBean createNativeEntityManagerFactory
INFO: Building JPA container EntityManagerFactory for persistence unit &apos;default&apos;
Mar 02, 2015 10:04:17 AM org.springframework.beans.factory.support.DefaultListableBeanFactory preInstantiateSingletons
INFO: Pre-instantiating singletons in org.springframework.beans.factory.support.DefaultListableBeanFactory@6411d3c8: defining beans [org.springframework.context.annotation.internalConfigurationAnnotationProcessor,org.springframework.context.annotation.internalAutowiredAnnotationProcessor,org.springframework.context.annotation.internalRequiredAnnotationProcessor,org.springframework.context.annotation.internalCommonAnnotationProcessor,org.springframework.context.annotation.internalPersistenceAnnotationProcessor,testConfig,org.springframework.context.annotation.ConfigurationClassPostProcessor.importAwareProcessor,cardController,containerController,errorLoginController,homeController,productController,securityController,shipmentController,org.springframework.web.servlet.config.annotation.DelegatingWebMvcConfiguration,requestMappingHandlerMapping,mvcContentNegotiationManager,viewControllerHandlerMapping,beanNameHandlerMapping,resourceHandlerMapping,defaultServletHandlerMapping,requestMappingHandlerAdapter,mvcConversionService,httpRequestHandlerAdapter,simpleControllerHandlerAdapter,handlerExceptionResolver,mvcValidator,com.expeditors.training.course3demo.config.PersistenceJPATestConfig,dataSource,entityManagerFactory,viewResolver,shipmentService,productService,containerService]; root of factory hierarchy
Mar 02, 2015 10:04:17 AM org.springframework.beans.factory.support.DefaultSingletonBeanRegistry destroySingletons
INFO: Destroying singletons in org.springframework.beans.factory.support.DefaultListableBeanFactory@6411d3c8: defining beans [org.springframework.context.annotation.internalConfigurationAnnotationProcessor,org.springframework.context.annotation.internalAutowiredAnnotationProcessor,org.springframework.context.annotation.internalRequiredAnnotationProcessor,org.springframework.context.annotation.internalCommonAnnotationProcessor,org.springframework.context.annotation.internalPersistenceAnnotationProcessor,testConfig,org.springframework.context.annotation.ConfigurationClassPostProcessor.importAwareProcessor,cardController,containerController,errorLoginController,homeController,productController,securityController,shipmentController,org.springframework.web.servlet.config.annotation.DelegatingWebMvcConfiguration,requestMappingHandlerMapping,mvcContentNegotiationManager,viewControllerHandlerMapping,beanNameHandlerMapping,resourceHandlerMapping,defaultServletHandlerMapping,requestMappingHandlerAdapter,mvcConversionService,httpRequestHandlerAdapter,simpleControllerHandlerAdapter,handlerExceptionResolver,mvcValidator,com.expeditors.training.course3demo.config.PersistenceJPATestConfig,dataSource,entityManagerFactory,viewResolver,shipmentService,productService,containerService]; root of factory hierarchy
Mar 02, 2015 10:04:17 AM org.springframework.orm.jpa.AbstractEntityManagerFactoryBean destroy
INFO: Closing JPA EntityManagerFactory for persistence unit &apos;default&apos;
Mar 02, 2015 10:04:17 AM org.springframework.test.context.TestContextManager prepareTestInstance
SEVERE: Caught exception while allowing TestExecutionListener [org.springframework.test.context.web.ServletTestExecutionListener@6f8d7714] to prepare test instance [com.expeditors.training.course3demo.controller.ContainerControllerTest@6c1832aa]
java.lang.IllegalStateException: Failed to load ApplicationContext
	at org.springframework.test.context.CacheAwareContextLoaderDelegate.loadContext(CacheAwareContextLoaderDelegate.java:99)
	at org.springframework.test.context.TestContext.getApplicationContext(TestContext.java:122)
	at org.springframework.test.context.web.ServletTestExecutionListener.setUpRequestContextIfNecessary(ServletTestExecutionListener.java:105)
	at org.springframework.test.context.web.ServletTestExecutionListener.prepareTestInstance(ServletTestExecutionListener.java:74)
	at org.springframework.test.context.TestContextManager.prepareTestInstance(TestContextManager.java:312)
	at org.springframework.test.context.junit4.SpringJUnit4ClassRunner.createTest(SpringJUnit4ClassRunner.java:211)
	at org.springframework.test.context.junit4.SpringJUnit4ClassRunner$1.runReflectiveCall(SpringJUnit4ClassRunner.java:288)
	at org.junit.internal.runners.model.ReflectiveCallable.run(ReflectiveCallable.java:12)
	at org.springframework.test.context.junit4.SpringJUnit4ClassRunner.methodBlock(SpringJUnit4ClassRunner.java:284)
	at org.springframework.test.context.junit4.SpringJUnit4ClassRunner.runChild(SpringJUnit4ClassRunner.java:231)
	at org.springframework.test.context.junit4.SpringJUnit4ClassRunner.runChild(SpringJUnit4ClassRunner.java:88)
	at org.junit.runners.ParentRunner$3.run(ParentRunner.java:238)
	at org.junit.runners.ParentRunner$1.schedule(ParentRunner.java:63)
	at org.junit.runners.ParentRunner.runChildren(ParentRunner.java:236)
	at org.junit.runners.ParentRunner.access$000(ParentRunner.java:53)
	at org.junit.runners.ParentRunner$2.evaluate(ParentRunner.java:229)
	at org.springframework.test.context.junit4.statements.RunBeforeTestClassCallbacks.evaluate(RunBeforeTestClassCallbacks.java:61)
	at org.springframework.test.context.junit4.statements.RunAfterTestClassCallbacks.evaluate(RunAfterTestClassCallbacks.java:71)
	at org.junit.runners.ParentRunner.run(ParentRunner.java:309)
	at org.springframework.test.context.junit4.SpringJUnit4ClassRunner.run(SpringJUnit4ClassRunner.java:174)
	at org.apache.maven.surefire.junit4.JUnit4Provider.execute(JUnit4Provider.java:252)
	at org.apache.maven.surefire.junit4.JUnit4Provider.executeTestSet(JUnit4Provider.java:141)
	at org.apache.maven.surefire.junit4.JUnit4Provider.invoke(JUnit4Provider.java:112)
	at sun.reflect.NativeMethodAccessorImpl.invoke0(Native Method)
	at sun.reflect.NativeMethodAccessorImpl.invoke(NativeMethodAccessorImpl.java:62)
	at sun.reflect.DelegatingMethodAccessorImpl.invoke(DelegatingMethodAccessorImpl.java:43)
	at java.lang.reflect.Method.invoke(Method.java:483)
	at org.apache.maven.surefire.util.ReflectionUtils.invokeMethodWithArray(ReflectionUtils.java:189)
	at org.apache.maven.surefire.booter.ProviderFactory$ProviderProxy.invoke(ProviderFactory.java:165)
	at org.apache.maven.surefire.booter.ProviderFactory.invokeProvider(ProviderFactory.java:85)
	at org.apache.maven.surefire.booter.ForkedBooter.runSuitesInProcess(ForkedBooter.java:115)
	at org.apache.maven.surefire.booter.ForkedBooter.main(ForkedBooter.java:75)
Caused by: org.springframework.beans.factory.BeanCreationException: Error creating bean with name &apos;cardController&apos;: Injection of autowired dependencies failed; nested exception is org.springframework.beans.factory.BeanCreationException: Could not autowire field: com.expeditors.training.course3demo.service.CardService com.expeditors.training.course3demo.controller.CardController.cardService; nested exception is org.springframework.beans.factory.NoSuchBeanDefinitionException: No qualifying bean of type [com.expeditors.training.course3demo.service.CardService] found for dependency: expected at least 1 bean which qualifies as autowire candidate for this dependency. Dependency annotations: {@org.springframework.beans.factory.annotation.Autowired(required=true)}
	at org.springframework.beans.factory.annotation.AutowiredAnnotationBeanPostProcessor.postProcessPropertyValues(AutowiredAnnotationBeanPostProcessor.java:288)
	at org.springframework.beans.factory.support.AbstractAutowireCapableBeanFactory.populateBean(AbstractAutowireCapableBeanFactory.java:1116)
	at org.springframework.beans.factory.support.AbstractAutowireCapableBeanFactory.doCreateBean(AbstractAutowireCapableBeanFactory.java:519)
	at org.springframework.beans.factory.support.AbstractAutowireCapableBeanFactory.createBean(AbstractAutowireCapableBeanFactory.java:458)
	at org.springframework.beans.factory.support.AbstractBeanFactory$1.getObject(AbstractBeanFactory.java:295)
	at org.springframework.beans.factory.support.DefaultSingletonBeanRegistry.getSingleton(DefaultSingletonBeanRegistry.java:223)
	at org.springframework.beans.factory.support.AbstractBeanFactory.doGetBean(AbstractBeanFactory.java:292)
	at org.springframework.beans.factory.support.AbstractBeanFactory.getBean(AbstractBeanFactory.java:194)
	at org.springframework.beans.factory.support.DefaultListableBeanFactory.preInstantiateSingletons(DefaultListableBeanFactory.java:626)
	at org.springframework.context.support.AbstractApplicationContext.finishBeanFactoryInitialization(AbstractApplicationContext.java:932)
	at org.springframework.context.support.AbstractApplicationContext.refresh(AbstractApplicationContext.java:479)
	at org.springframework.test.context.web.AbstractGenericWebContextLoader.loadContext(AbstractGenericWebContextLoader.java:128)
	at org.springframework.test.context.web.AbstractGenericWebContextLoader.loadContext(AbstractGenericWebContextLoader.java:60)
	at org.springframework.test.context.support.AbstractDelegatingSmartContextLoader.delegateLoading(AbstractDelegatingSmartContextLoader.java:100)
	at org.springframework.test.context.support.AbstractDelegatingSmartContextLoader.loadContext(AbstractDelegatingSmartContextLoader.java:248)
	at org.springframework.test.context.CacheAwareContextLoaderDelegate.loadContextInternal(CacheAwareContextLoaderDelegate.java:64)
	at org.springframework.test.context.CacheAwareContextLoaderDelegate.loadContext(CacheAwareContextLoaderDelegate.java:91)
	... 31 more
Caused by: org.springframework.beans.factory.BeanCreationException: Could not autowire field: com.expeditors.training.course3demo.service.CardService com.expeditors.training.course3demo.controller.CardController.cardService; nested exception is org.springframework.beans.factory.NoSuchBeanDefinitionException: No qualifying bean of type [com.expeditors.training.course3demo.service.CardService] found for dependency: expected at least 1 bean which qualifies as autowire candidate for this dependency. Dependency annotations: {@org.springframework.beans.factory.annotation.Autowired(required=true)}
	at org.springframework.beans.factory.annotation.AutowiredAnnotationBeanPostProcessor$AutowiredFieldElement.inject(AutowiredAnnotationBeanPostProcessor.java:514)
	at org.springframework.beans.factory.annotation.InjectionMetadata.inject(InjectionMetadata.java:87)
	at org.springframework.beans.factory.annotation.AutowiredAnnotationBeanPostProcessor.postProcessPropertyValues(AutowiredAnnotationBeanPostProcessor.java:285)
	... 47 more
Caused by: org.springframework.beans.factory.NoSuchBeanDefinitionException: No qualifying bean of type [com.expeditors.training.course3demo.service.CardService] found for dependency: expected at least 1 bean which qualifies as autowire candidate for this dependency. Dependency annotations: {@org.springframework.beans.factory.annotation.Autowired(required=true)}
	at org.springframework.beans.factory.support.DefaultListableBeanFactory.raiseNoSuchBeanDefinitionException(DefaultListableBeanFactory.java:986)
	at org.springframework.beans.factory.support.DefaultListableBeanFactory.doResolveDependency(DefaultListableBeanFactory.java:856)
	at org.springframework.beans.factory.support.DefaultListableBeanFactory.resolveDependency(DefaultListableBeanFactory.java:768)
	at org.springframework.beans.factory.annotation.AutowiredAnnotationBeanPostProcessor$AutowiredFieldElement.inject(AutowiredAnnotationBeanPostProcessor.java:486)
	... 49 more

</system-err>
  </testcase>
  <testcase classname="com.expeditors.training.course3demo.controller.ContainerControllerTest" name="testShowContainers" time="0.188">
    <error message="Failed to load ApplicationContext" type="java.lang.IllegalStateException">java.lang.IllegalStateException: Failed to load ApplicationContext
	at org.springframework.test.context.CacheAwareContextLoaderDelegate.loadContext(CacheAwareContextLoaderDelegate.java:99)
	at org.springframework.test.context.TestContext.getApplicationContext(TestContext.java:122)
	at org.springframework.test.context.web.ServletTestExecutionListener.setUpRequestContextIfNecessary(ServletTestExecutionListener.java:105)
	at org.springframework.test.context.web.ServletTestExecutionListener.prepareTestInstance(ServletTestExecutionListener.java:74)
	at org.springframework.test.context.TestContextManager.prepareTestInstance(TestContextManager.java:312)
	at org.springframework.test.context.junit4.SpringJUnit4ClassRunner.createTest(SpringJUnit4ClassRunner.java:211)
	at org.springframework.test.context.junit4.SpringJUnit4ClassRunner$1.runReflectiveCall(SpringJUnit4ClassRunner.java:288)
	at org.junit.internal.runners.model.ReflectiveCallable.run(ReflectiveCallable.java:12)
	at org.springframework.test.context.junit4.SpringJUnit4ClassRunner.methodBlock(SpringJUnit4ClassRunner.java:284)
	at org.springframework.test.context.junit4.SpringJUnit4ClassRunner.runChild(SpringJUnit4ClassRunner.java:231)
	at org.springframework.test.context.junit4.SpringJUnit4ClassRunner.runChild(SpringJUnit4ClassRunner.java:88)
	at org.junit.runners.ParentRunner$3.run(ParentRunner.java:238)
	at org.junit.runners.ParentRunner$1.schedule(ParentRunner.java:63)
	at org.junit.runners.ParentRunner.runChildren(ParentRunner.java:236)
	at org.junit.runners.ParentRunner.access$000(ParentRunner.java:53)
	at org.junit.runners.ParentRunner$2.evaluate(ParentRunner.java:229)
	at org.springframework.test.context.junit4.statements.RunBeforeTestClassCallbacks.evaluate(RunBeforeTestClassCallbacks.java:61)
	at org.springframework.test.context.junit4.statements.RunAfterTestClassCallbacks.evaluate(RunAfterTestClassCallbacks.java:71)
	at org.junit.runners.ParentRunner.run(ParentRunner.java:309)
	at org.springframework.test.context.junit4.SpringJUnit4ClassRunner.run(SpringJUnit4ClassRunner.java:174)
	at org.apache.maven.surefire.junit4.JUnit4Provider.execute(JUnit4Provider.java:252)
	at org.apache.maven.surefire.junit4.JUnit4Provider.executeTestSet(JUnit4Provider.java:141)
	at org.apache.maven.surefire.junit4.JUnit4Provider.invoke(JUnit4Provider.java:112)
	at sun.reflect.NativeMethodAccessorImpl.invoke0(Native Method)
	at sun.reflect.NativeMethodAccessorImpl.invoke(NativeMethodAccessorImpl.java:62)
	at sun.reflect.DelegatingMethodAccessorImpl.invoke(DelegatingMethodAccessorImpl.java:43)
	at java.lang.reflect.Method.invoke(Method.java:483)
	at org.apache.maven.surefire.util.ReflectionUtils.invokeMethodWithArray(ReflectionUtils.java:189)
	at org.apache.maven.surefire.booter.ProviderFactory$ProviderProxy.invoke(ProviderFactory.java:165)
	at org.apache.maven.surefire.booter.ProviderFactory.invokeProvider(ProviderFactory.java:85)
	at org.apache.maven.surefire.booter.ForkedBooter.runSuitesInProcess(ForkedBooter.java:115)
	at org.apache.maven.surefire.booter.ForkedBooter.main(ForkedBooter.java:75)
Caused by: org.springframework.beans.factory.BeanCreationException: Error creating bean with name &apos;cardController&apos;: Injection of autowired dependencies failed; nested exception is org.springframework.beans.factory.BeanCreationException: Could not autowire field: com.expeditors.training.course3demo.service.CardService com.expeditors.training.course3demo.controller.CardController.cardService; nested exception is org.springframework.beans.factory.NoSuchBeanDefinitionException: No qualifying bean of type [com.expeditors.training.course3demo.service.CardService] found for dependency: expected at least 1 bean which qualifies as autowire candidate for this dependency. Dependency annotations: {@org.springframework.beans.factory.annotation.Autowired(required=true)}
	at org.springframework.beans.factory.annotation.AutowiredAnnotationBeanPostProcessor.postProcessPropertyValues(AutowiredAnnotationBeanPostProcessor.java:288)
	at org.springframework.beans.factory.support.AbstractAutowireCapableBeanFactory.populateBean(AbstractAutowireCapableBeanFactory.java:1116)
	at org.springframework.beans.factory.support.AbstractAutowireCapableBeanFactory.doCreateBean(AbstractAutowireCapableBeanFactory.java:519)
	at org.springframework.beans.factory.support.AbstractAutowireCapableBeanFactory.createBean(AbstractAutowireCapableBeanFactory.java:458)
	at org.springframework.beans.factory.support.AbstractBeanFactory$1.getObject(AbstractBeanFactory.java:295)
	at org.springframework.beans.factory.support.DefaultSingletonBeanRegistry.getSingleton(DefaultSingletonBeanRegistry.java:223)
	at org.springframework.beans.factory.support.AbstractBeanFactory.doGetBean(AbstractBeanFactory.java:292)
	at org.springframework.beans.factory.support.AbstractBeanFactory.getBean(AbstractBeanFactory.java:194)
	at org.springframework.beans.factory.support.DefaultListableBeanFactory.preInstantiateSingletons(DefaultListableBeanFactory.java:626)
	at org.springframework.context.support.AbstractApplicationContext.finishBeanFactoryInitialization(AbstractApplicationContext.java:932)
	at org.springframework.context.support.AbstractApplicationContext.refresh(AbstractApplicationContext.java:479)
	at org.springframework.test.context.web.AbstractGenericWebContextLoader.loadContext(AbstractGenericWebContextLoader.java:128)
	at org.springframework.test.context.web.AbstractGenericWebContextLoader.loadContext(AbstractGenericWebContextLoader.java:60)
	at org.springframework.test.context.support.AbstractDelegatingSmartContextLoader.delegateLoading(AbstractDelegatingSmartContextLoader.java:100)
	at org.springframework.test.context.support.AbstractDelegatingSmartContextLoader.loadContext(AbstractDelegatingSmartContextLoader.java:248)
	at org.springframework.test.context.CacheAwareContextLoaderDelegate.loadContextInternal(CacheAwareContextLoaderDelegate.java:64)
	at org.springframework.test.context.CacheAwareContextLoaderDelegate.loadContext(CacheAwareContextLoaderDelegate.java:91)
	... 31 more
Caused by: org.springframework.beans.factory.BeanCreationException: Could not autowire field: com.expeditors.training.course3demo.service.CardService com.expeditors.training.course3demo.controller.CardController.cardService; nested exception is org.springframework.beans.factory.NoSuchBeanDefinitionException: No qualifying bean of type [com.expeditors.training.course3demo.service.CardService] found for dependency: expected at least 1 bean which qualifies as autowire candidate for this dependency. Dependency annotations: {@org.springframework.beans.factory.annotation.Autowired(required=true)}
	at org.springframework.beans.factory.annotation.AutowiredAnnotationBeanPostProcessor$AutowiredFieldElement.inject(AutowiredAnnotationBeanPostProcessor.java:514)
	at org.springframework.beans.factory.annotation.InjectionMetadata.inject(InjectionMetadata.java:87)
	at org.springframework.beans.factory.annotation.AutowiredAnnotationBeanPostProcessor.postProcessPropertyValues(AutowiredAnnotationBeanPostProcessor.java:285)
	... 47 more
Caused by: org.springframework.beans.factory.NoSuchBeanDefinitionException: No qualifying bean of type [com.expeditors.training.course3demo.service.CardService] found for dependency: expected at least 1 bean which qualifies as autowire candidate for this dependency. Dependency annotations: {@org.springframework.beans.factory.annotation.Autowired(required=true)}
	at org.springframework.beans.factory.support.DefaultListableBeanFactory.raiseNoSuchBeanDefinitionException(DefaultListableBeanFactory.java:986)
	at org.springframework.beans.factory.support.DefaultListableBeanFactory.doResolveDependency(DefaultListableBeanFactory.java:856)
	at org.springframework.beans.factory.support.DefaultListableBeanFactory.resolveDependency(DefaultListableBeanFactory.java:768)
	at org.springframework.beans.factory.annotation.AutowiredAnnotationBeanPostProcessor$AutowiredFieldElement.inject(AutowiredAnnotationBeanPostProcessor.java:486)
	... 49 more
</error>
    <system-out>DEBUG BasicTypeRegistry - Adding type registration boolean -&gt; org.hibernate.type.BooleanType@41a0aa7d
DEBUG BasicTypeRegistry - Adding type registration boolean -&gt; org.hibernate.type.BooleanType@41a0aa7d
DEBUG BasicTypeRegistry - Adding type registration java.lang.Boolean -&gt; org.hibernate.type.BooleanType@41a0aa7d
DEBUG BasicTypeRegistry - Adding type registration numeric_boolean -&gt; org.hibernate.type.NumericBooleanType@1ffaf86
DEBUG BasicTypeRegistry - Adding type registration true_false -&gt; org.hibernate.type.TrueFalseType@368247b9
DEBUG BasicTypeRegistry - Adding type registration yes_no -&gt; org.hibernate.type.YesNoType@55a147cc
DEBUG BasicTypeRegistry - Adding type registration byte -&gt; org.hibernate.type.ByteType@2892d68
DEBUG BasicTypeRegistry - Adding type registration byte -&gt; org.hibernate.type.ByteType@2892d68
DEBUG BasicTypeRegistry - Adding type registration java.lang.Byte -&gt; org.hibernate.type.ByteType@2892d68
DEBUG BasicTypeRegistry - Adding type registration character -&gt; org.hibernate.type.CharacterType@2e385cce
DEBUG BasicTypeRegistry - Adding type registration char -&gt; org.hibernate.type.CharacterType@2e385cce
DEBUG BasicTypeRegistry - Adding type registration java.lang.Character -&gt; org.hibernate.type.CharacterType@2e385cce
DEBUG BasicTypeRegistry - Adding type registration short -&gt; org.hibernate.type.ShortType@26d9b808
DEBUG BasicTypeRegistry - Adding type registration short -&gt; org.hibernate.type.ShortType@26d9b808
DEBUG BasicTypeRegistry - Adding type registration java.lang.Short -&gt; org.hibernate.type.ShortType@26d9b808
DEBUG BasicTypeRegistry - Adding type registration integer -&gt; org.hibernate.type.IntegerType@6d4d66d2
DEBUG BasicTypeRegistry - Adding type registration int -&gt; org.hibernate.type.IntegerType@6d4d66d2
DEBUG BasicTypeRegistry - Adding type registration java.lang.Integer -&gt; org.hibernate.type.IntegerType@6d4d66d2
DEBUG BasicTypeRegistry - Adding type registration long -&gt; org.hibernate.type.LongType@53fe15ff
DEBUG BasicTypeRegistry - Adding type registration long -&gt; org.hibernate.type.LongType@53fe15ff
DEBUG BasicTypeRegistry - Adding type registration java.lang.Long -&gt; org.hibernate.type.LongType@53fe15ff
DEBUG BasicTypeRegistry - Adding type registration float -&gt; org.hibernate.type.FloatType@2eae8e6e
DEBUG BasicTypeRegistry - Adding type registration float -&gt; org.hibernate.type.FloatType@2eae8e6e
DEBUG BasicTypeRegistry - Adding type registration java.lang.Float -&gt; org.hibernate.type.FloatType@2eae8e6e
DEBUG BasicTypeRegistry - Adding type registration double -&gt; org.hibernate.type.DoubleType@25ce9dc4
DEBUG BasicTypeRegistry - Adding type registration double -&gt; org.hibernate.type.DoubleType@25ce9dc4
DEBUG BasicTypeRegistry - Adding type registration java.lang.Double -&gt; org.hibernate.type.DoubleType@25ce9dc4
DEBUG BasicTypeRegistry - Adding type registration big_decimal -&gt; org.hibernate.type.BigDecimalType@3e8c3cb
DEBUG BasicTypeRegistry - Adding type registration java.math.BigDecimal -&gt; org.hibernate.type.BigDecimalType@3e8c3cb
DEBUG BasicTypeRegistry - Adding type registration big_integer -&gt; org.hibernate.type.BigIntegerType@3e27ba32
DEBUG BasicTypeRegistry - Adding type registration java.math.BigInteger -&gt; org.hibernate.type.BigIntegerType@3e27ba32
DEBUG BasicTypeRegistry - Adding type registration string -&gt; org.hibernate.type.StringType@1ca3b418
DEBUG BasicTypeRegistry - Adding type registration java.lang.String -&gt; org.hibernate.type.StringType@1ca3b418
DEBUG BasicTypeRegistry - Adding type registration nstring -&gt; org.hibernate.type.StringNVarcharType@7161d8d1
DEBUG BasicTypeRegistry - Adding type registration ncharacter -&gt; org.hibernate.type.CharacterNCharType@795509d9
DEBUG BasicTypeRegistry - Adding type registration url -&gt; org.hibernate.type.UrlType@4be29ed9
DEBUG BasicTypeRegistry - Adding type registration java.net.URL -&gt; org.hibernate.type.UrlType@4be29ed9
DEBUG BasicTypeRegistry - Adding type registration date -&gt; org.hibernate.type.DateType@75437611
DEBUG BasicTypeRegistry - Adding type registration java.sql.Date -&gt; org.hibernate.type.DateType@75437611
DEBUG BasicTypeRegistry - Adding type registration time -&gt; org.hibernate.type.TimeType@15043a2f
DEBUG BasicTypeRegistry - Adding type registration java.sql.Time -&gt; org.hibernate.type.TimeType@15043a2f
DEBUG BasicTypeRegistry - Adding type registration timestamp -&gt; org.hibernate.type.TimestampType@8519cb4
DEBUG BasicTypeRegistry - Adding type registration java.sql.Timestamp -&gt; org.hibernate.type.TimestampType@8519cb4
DEBUG BasicTypeRegistry - Adding type registration java.util.Date -&gt; org.hibernate.type.TimestampType@8519cb4
DEBUG BasicTypeRegistry - Adding type registration dbtimestamp -&gt; org.hibernate.type.DbTimestampType@3ba987b8
DEBUG BasicTypeRegistry - Adding type registration calendar -&gt; org.hibernate.type.CalendarType@72035809
DEBUG BasicTypeRegistry - Adding type registration java.util.Calendar -&gt; org.hibernate.type.CalendarType@72035809
DEBUG BasicTypeRegistry - Adding type registration java.util.GregorianCalendar -&gt; org.hibernate.type.CalendarType@72035809
DEBUG BasicTypeRegistry - Adding type registration calendar_date -&gt; org.hibernate.type.CalendarDateType@606e4010
DEBUG BasicTypeRegistry - Adding type registration locale -&gt; org.hibernate.type.LocaleType@5e2c3d18
DEBUG BasicTypeRegistry - Adding type registration java.util.Locale -&gt; org.hibernate.type.LocaleType@5e2c3d18
DEBUG BasicTypeRegistry - Adding type registration currency -&gt; org.hibernate.type.CurrencyType@6caf0677
DEBUG BasicTypeRegistry - Adding type registration java.util.Currency -&gt; org.hibernate.type.CurrencyType@6caf0677
DEBUG BasicTypeRegistry - Adding type registration timezone -&gt; org.hibernate.type.TimeZoneType@1a75e76a
DEBUG BasicTypeRegistry - Adding type registration java.util.TimeZone -&gt; org.hibernate.type.TimeZoneType@1a75e76a
DEBUG BasicTypeRegistry - Adding type registration class -&gt; org.hibernate.type.ClassType@4681c175
DEBUG BasicTypeRegistry - Adding type registration java.lang.Class -&gt; org.hibernate.type.ClassType@4681c175
DEBUG BasicTypeRegistry - Adding type registration uuid-binary -&gt; org.hibernate.type.UUIDBinaryType@1caa0244
DEBUG BasicTypeRegistry - Adding type registration java.util.UUID -&gt; org.hibernate.type.UUIDBinaryType@1caa0244
DEBUG BasicTypeRegistry - Adding type registration uuid-char -&gt; org.hibernate.type.UUIDCharType@1750fbeb
DEBUG BasicTypeRegistry - Adding type registration pg-uuid -&gt; org.hibernate.type.PostgresUUIDType@6c284af
DEBUG BasicTypeRegistry - Adding type registration binary -&gt; org.hibernate.type.BinaryType@7c137fd5
DEBUG BasicTypeRegistry - Adding type registration byte[] -&gt; org.hibernate.type.BinaryType@7c137fd5
DEBUG BasicTypeRegistry - Adding type registration [B -&gt; org.hibernate.type.BinaryType@7c137fd5
DEBUG BasicTypeRegistry - Adding type registration wrapper-binary -&gt; org.hibernate.type.WrapperBinaryType@2b40ff9c
DEBUG BasicTypeRegistry - Adding type registration Byte[] -&gt; org.hibernate.type.WrapperBinaryType@2b40ff9c
DEBUG BasicTypeRegistry - Adding type registration [Ljava.lang.Byte; -&gt; org.hibernate.type.WrapperBinaryType@2b40ff9c
DEBUG BasicTypeRegistry - Adding type registration image -&gt; org.hibernate.type.ImageType@5ddeb7cb
DEBUG BasicTypeRegistry - Adding type registration characters -&gt; org.hibernate.type.CharArrayType@6be968ce
DEBUG BasicTypeRegistry - Adding type registration char[] -&gt; org.hibernate.type.CharArrayType@6be968ce
DEBUG BasicTypeRegistry - Adding type registration [C -&gt; org.hibernate.type.CharArrayType@6be968ce
DEBUG BasicTypeRegistry - Adding type registration wrapper-characters -&gt; org.hibernate.type.CharacterArrayType@76494737
DEBUG BasicTypeRegistry - Adding type registration [Ljava.lang.Character; -&gt; org.hibernate.type.CharacterArrayType@76494737
DEBUG BasicTypeRegistry - Adding type registration Character[] -&gt; org.hibernate.type.CharacterArrayType@76494737
DEBUG BasicTypeRegistry - Adding type registration text -&gt; org.hibernate.type.TextType@609e8838
DEBUG BasicTypeRegistry - Adding type registration ntext -&gt; org.hibernate.type.NTextType@23e84203
DEBUG BasicTypeRegistry - Adding type registration blob -&gt; org.hibernate.type.BlobType@c430e6c
DEBUG BasicTypeRegistry - Adding type registration java.sql.Blob -&gt; org.hibernate.type.BlobType@c430e6c
DEBUG BasicTypeRegistry - Adding type registration materialized_blob -&gt; org.hibernate.type.MaterializedBlobType@72bc6553
DEBUG BasicTypeRegistry - Adding type registration clob -&gt; org.hibernate.type.ClobType@2ab4bc72
DEBUG BasicTypeRegistry - Adding type registration java.sql.Clob -&gt; org.hibernate.type.ClobType@2ab4bc72
DEBUG BasicTypeRegistry - Adding type registration nclob -&gt; org.hibernate.type.NClobType@55cb6996
DEBUG BasicTypeRegistry - Adding type registration java.sql.NClob -&gt; org.hibernate.type.NClobType@55cb6996
DEBUG BasicTypeRegistry - Adding type registration materialized_clob -&gt; org.hibernate.type.MaterializedClobType@f1da57d
DEBUG BasicTypeRegistry - Adding type registration materialized_nclob -&gt; org.hibernate.type.MaterializedNClobType@72c8e7b
DEBUG BasicTypeRegistry - Adding type registration serializable -&gt; org.hibernate.type.SerializableType@790da477
DEBUG BasicTypeRegistry - Adding type registration object -&gt; org.hibernate.type.ObjectType@3feb2dda
DEBUG BasicTypeRegistry - Adding type registration java.lang.Object -&gt; org.hibernate.type.ObjectType@3feb2dda
DEBUG BasicTypeRegistry - Adding type registration imm_date -&gt; org.hibernate.type.AdaptedImmutableType@65eabaab
DEBUG BasicTypeRegistry - Adding type registration imm_time -&gt; org.hibernate.type.AdaptedImmutableType@7123be6c
DEBUG BasicTypeRegistry - Adding type registration imm_timestamp -&gt; org.hibernate.type.AdaptedImmutableType@1de9d54
DEBUG BasicTypeRegistry - Adding type registration imm_dbtimestamp -&gt; org.hibernate.type.AdaptedImmutableType@77a2aa4a
DEBUG BasicTypeRegistry - Adding type registration imm_calendar -&gt; org.hibernate.type.AdaptedImmutableType@47ad69f7
DEBUG BasicTypeRegistry - Adding type registration imm_calendar_date -&gt; org.hibernate.type.AdaptedImmutableType@2b917fb0
DEBUG BasicTypeRegistry - Adding type registration imm_binary -&gt; org.hibernate.type.AdaptedImmutableType@5e5073ab
DEBUG BasicTypeRegistry - Adding type registration imm_serializable -&gt; org.hibernate.type.AdaptedImmutableType@3c4262d1
DEBUG DefaultIdentifierGeneratorFactory - Registering IdentifierGenerator strategy [uuid2] -&gt; [org.hibernate.id.UUIDGenerator]
DEBUG DefaultIdentifierGeneratorFactory - Registering IdentifierGenerator strategy [guid] -&gt; [org.hibernate.id.GUIDGenerator]
DEBUG DefaultIdentifierGeneratorFactory - Registering IdentifierGenerator strategy [uuid] -&gt; [org.hibernate.id.UUIDHexGenerator]
DEBUG DefaultIdentifierGeneratorFactory - Registering IdentifierGenerator strategy [uuid.hex] -&gt; [org.hibernate.id.UUIDHexGenerator]
DEBUG DefaultIdentifierGeneratorFactory - Registering IdentifierGenerator strategy [hilo] -&gt; [org.hibernate.id.TableHiLoGenerator]
DEBUG DefaultIdentifierGeneratorFactory - Registering IdentifierGenerator strategy [assigned] -&gt; [org.hibernate.id.Assigned]
DEBUG DefaultIdentifierGeneratorFactory - Registering IdentifierGenerator strategy [identity] -&gt; [org.hibernate.id.IdentityGenerator]
DEBUG DefaultIdentifierGeneratorFactory - Registering IdentifierGenerator strategy [select] -&gt; [org.hibernate.id.SelectGenerator]
DEBUG DefaultIdentifierGeneratorFactory - Registering IdentifierGenerator strategy [sequence] -&gt; [org.hibernate.id.SequenceGenerator]
DEBUG DefaultIdentifierGeneratorFactory - Registering IdentifierGenerator strategy [seqhilo] -&gt; [org.hibernate.id.SequenceHiLoGenerator]
DEBUG DefaultIdentifierGeneratorFactory - Registering IdentifierGenerator strategy [increment] -&gt; [org.hibernate.id.IncrementGenerator]
DEBUG DefaultIdentifierGeneratorFactory - Registering IdentifierGenerator strategy [foreign] -&gt; [org.hibernate.id.ForeignGenerator]
DEBUG DefaultIdentifierGeneratorFactory - Registering IdentifierGenerator strategy [sequence-identity] -&gt; [org.hibernate.id.SequenceIdentityGenerator]
DEBUG DefaultIdentifierGeneratorFactory - Registering IdentifierGenerator strategy [enhanced-sequence] -&gt; [org.hibernate.id.enhanced.SequenceStyleGenerator]
DEBUG DefaultIdentifierGeneratorFactory - Registering IdentifierGenerator strategy [enhanced-table] -&gt; [org.hibernate.id.enhanced.TableGenerator]
DEBUG Ejb3Configuration - Processing PersistenceUnitInfo [
	name: default
	persistence provider classname: null
	classloader: sun.misc.Launcher$AppClassLoader@6bc7c054
	Temporary classloader: org.springframework.instrument.classloading.SimpleThrowawayClassLoader@30c0d731
	excludeUnlistedClasses: true
	JTA datasource: null
	Non JTA datasource: org.springframework.jdbc.datasource.DriverManagerDataSource@30669dac
	Transaction type: RESOURCE_LOCAL
	PU root URL: file:/C:/Users/chq-jamesgl/STS_work2/finalprojectgleixner/target/test-classes/
	Shared Cache Mode: UNSPECIFIED
	Validation Mode: AUTO
	Jar files URLs []
	Managed classes names [
		com.expeditors.training.course3demo.model.Address
		com.expeditors.training.course3demo.model.Card
		com.expeditors.training.course3demo.model.Container
		com.expeditors.training.course3demo.model.PhoneNumber
		com.expeditors.training.course3demo.model.Product
		com.expeditors.training.course3demo.model.Shipment
		com.expeditors.training.course3demo.model.UserAccount
		com.expeditors.training.course3demo.model.UserRole]
	Mapping files names []
	Properties []
DEBUG Ejb3Configuration - Detect class: true; detect hbm: true
DEBUG AbstractJarVisitor - Searching mapped entities in jar/par: file:/C:/Users/chq-jamesgl/STS_work2/finalprojectgleixner/target/test-classes/
DEBUG AbstractJarVisitor - Filtering: com.expeditors.training.course3demo.config.PersistenceJPATestConfig
DEBUG AbstractJarVisitor - Filtering: com.expeditors.training.course3demo.config.ServiceTestConfig
DEBUG AbstractJarVisitor - Filtering: com.expeditors.training.course3demo.config.TestConfig
DEBUG AbstractJarVisitor - Filtering: com.expeditors.training.course3demo.controller.ContainerControllerTest
DEBUG AbstractJarVisitor - Filtering: com.expeditors.training.course3demo.controller.ProductControllerTest
DEBUG AbstractJarVisitor - Filtering: com.expeditors.training.course3demo.controller.ShipmentControllerTest
DEBUG AbstractJarVisitor - Filtering: com.expeditors.training.course3demo.service.ContainerServiceTest
DEBUG AbstractJarVisitor - Filtering: com.expeditors.training.course3demo.service.ProductServiceTest
DEBUG AbstractJarVisitor - Filtering: com.expeditors.training.course3demo.service.ShipmentServiceTest
DEBUG IntegratorServiceImpl - Adding Integrator [org.hibernate.cfg.beanvalidation.BeanValidationIntegrator].
DEBUG IntegratorServiceImpl - Adding Integrator [org.hibernate.ejb.event.JpaIntegrator].
DEBUG NamingHelper - No JNDI name configured for binding Ejb3Configuration
DEBUG Configuration - Preparing to build session factory with filters : {}
DEBUG Configuration - Processing hbm.xml files
DEBUG Configuration - Process annotated classes
DEBUG AnnotationBinder - Binding entity from annotated class: com.expeditors.training.course3demo.model.Address
DEBUG Ejb3Column - Binding column: Ejb3DiscriminatorColumn{logicalColumnName&apos;DTYPE&apos;, discriminatorTypeName=&apos;string&apos;}
DEBUG EntityBinder - Import with entity name Address
DEBUG EntityBinder - Bind entity com.expeditors.training.course3demo.model.Address on table ADDRESS
DEBUG Ejb3Column - Binding column: Ejb3Column{table=org.hibernate.mapping.Table(ADDRESS), mappingColumn=ADDRESS_ID, insertable=true, updatable=true, unique=false}
DEBUG PropertyBinder - MetadataSourceProcessor property id with lazy=false
DEBUG SimpleValueBinder - building SimpleValue for id
DEBUG PropertyBinder - Building property id
DEBUG Ejb3Column - Binding column: Ejb3Column{table=org.hibernate.mapping.Table(ADDRESS), mappingColumn=city, insertable=true, updatable=true, unique=false}
DEBUG PropertyBinder - MetadataSourceProcessor property city with lazy=false
DEBUG SimpleValueBinder - building SimpleValue for city
DEBUG PropertyBinder - Building property city
DEBUG Ejb3Column - Binding column: Ejb3Column{table=org.hibernate.mapping.Table(ADDRESS), mappingColumn=state, insertable=true, updatable=true, unique=false}
DEBUG PropertyBinder - MetadataSourceProcessor property state with lazy=false
DEBUG SimpleValueBinder - building SimpleValue for state
DEBUG PropertyBinder - Building property state
DEBUG Ejb3Column - Binding column: Ejb3Column{table=org.hibernate.mapping.Table(ADDRESS), mappingColumn=street, insertable=true, updatable=true, unique=false}
DEBUG PropertyBinder - MetadataSourceProcessor property street with lazy=false
DEBUG SimpleValueBinder - building SimpleValue for street
DEBUG PropertyBinder - Building property street
DEBUG AnnotationBinder - Binding entity from annotated class: com.expeditors.training.course3demo.model.Card
DEBUG Ejb3Column - Binding column: Ejb3DiscriminatorColumn{logicalColumnName&apos;DTYPE&apos;, discriminatorTypeName=&apos;string&apos;}
DEBUG EntityBinder - Import with entity name Card
DEBUG EntityBinder - Bind entity com.expeditors.training.course3demo.model.Card on table CARD
DEBUG Ejb3Column - Binding column: Ejb3Column{table=org.hibernate.mapping.Table(CARD), mappingColumn=CARD_ID, insertable=true, updatable=true, unique=false}
DEBUG PropertyBinder - MetadataSourceProcessor property id with lazy=false
DEBUG SimpleValueBinder - building SimpleValue for id
DEBUG PropertyBinder - Building property id
DEBUG Ejb3Column - Binding column: Ejb3JoinColumn{logicalColumnName=&apos;address&apos;, referencedColumn=&apos;&apos;, mappedBy=&apos;&apos;}
DEBUG Ejb3Column - Binding column: Ejb3Column{table=org.hibernate.mapping.Table(CARD), mappingColumn=address, insertable=true, updatable=true, unique=false}
DEBUG PropertyBinder - Building property address
DEBUG Ejb3Column - Binding column: Ejb3Column{table=org.hibernate.mapping.Table(CARD), mappingColumn=amount, insertable=true, updatable=true, unique=false}
DEBUG PropertyBinder - MetadataSourceProcessor property amount with lazy=false
DEBUG SimpleValueBinder - building SimpleValue for amount
DEBUG PropertyBinder - Building property amount
DEBUG Ejb3Column - Binding column: Ejb3Column{table=org.hibernate.mapping.Table(CARD), mappingColumn=CARD_NUMBER, insertable=true, updatable=true, unique=false}
DEBUG PropertyBinder - MetadataSourceProcessor property number with lazy=false
DEBUG SimpleValueBinder - building SimpleValue for number
DEBUG PropertyBinder - Building property number
DEBUG Ejb3Column - Binding column: Ejb3Column{table=org.hibernate.mapping.Table(CARD), mappingColumn=OWNER_NAME, insertable=true, updatable=true, unique=false}
DEBUG PropertyBinder - MetadataSourceProcessor property owner with lazy=false
DEBUG SimpleValueBinder - building SimpleValue for owner
DEBUG PropertyBinder - Building property owner
DEBUG Ejb3Column - Binding column: Ejb3JoinColumn{logicalColumnName=&apos;null&apos;, referencedColumn=&apos;null&apos;, mappedBy=&apos;card&apos;}
DEBUG Ejb3Column - Binding column: Ejb3Column{table=org.hibernate.mapping.Table(CARD), mappingColumn=phoneNumbers, insertable=true, updatable=true, unique=false}
DEBUG Ejb3Column - Binding column: Ejb3Column{table=org.hibernate.mapping.Table(CARD), mappingColumn=index, insertable=true, updatable=true, unique=false}
DEBUG Ejb3Column - Binding column: Ejb3Column{table=org.hibernate.mapping.Table(CARD), mappingColumn=element, insertable=true, updatable=true, unique=false}
DEBUG Ejb3Column - Binding column: Ejb3Column{table=org.hibernate.mapping.Table(CARD), mappingColumn=phoneNumbers_KEY, insertable=true, updatable=true, unique=false}
DEBUG Ejb3Column - Binding column: Ejb3JoinColumn{logicalColumnName=&apos;phoneNumbers_KEY&apos;, referencedColumn=&apos;null&apos;, mappedBy=&apos;null&apos;}
DEBUG Ejb3Column - Binding column: Ejb3JoinColumn{logicalColumnName=&apos;null&apos;, referencedColumn=&apos;null&apos;, mappedBy=&apos;card&apos;}
DEBUG Ejb3Column - Binding column: Ejb3JoinColumn{logicalColumnName=&apos;null&apos;, referencedColumn=&apos;null&apos;, mappedBy=&apos;card&apos;}
DEBUG CollectionBinder - Collection role: com.expeditors.training.course3demo.model.Card.phoneNumbers
DEBUG PropertyBinder - Building property phoneNumbers
DEBUG AnnotationBinder - Binding entity from annotated class: com.expeditors.training.course3demo.model.Container
DEBUG Ejb3Column - Binding column: Ejb3DiscriminatorColumn{logicalColumnName&apos;DTYPE&apos;, discriminatorTypeName=&apos;string&apos;}
DEBUG EntityBinder - Import with entity name Container
DEBUG EntityBinder - Bind entity com.expeditors.training.course3demo.model.Container on table Container
DEBUG Ejb3Column - Binding column: Ejb3Column{table=org.hibernate.mapping.Table(Container), mappingColumn=CONTAINER_ID, insertable=true, updatable=true, unique=false}
DEBUG PropertyBinder - MetadataSourceProcessor property id with lazy=false
DEBUG SimpleValueBinder - building SimpleValue for id
DEBUG PropertyBinder - Building property id
DEBUG Ejb3Column - Binding column: Ejb3Column{table=org.hibernate.mapping.Table(Container), mappingColumn=capacity, insertable=true, updatable=true, unique=false}
DEBUG PropertyBinder - MetadataSourceProcessor property capacity with lazy=false
DEBUG SimpleValueBinder - building SimpleValue for capacity
DEBUG PropertyBinder - Building property capacity
DEBUG Ejb3Column - Binding column: Ejb3Column{table=org.hibernate.mapping.Table(Container), mappingColumn=destination, insertable=true, updatable=true, unique=false}
DEBUG PropertyBinder - MetadataSourceProcessor property destination with lazy=false
DEBUG SimpleValueBinder - building SimpleValue for destination
DEBUG PropertyBinder - Building property destination
DEBUG Ejb3Column - Binding column: Ejb3Column{table=org.hibernate.mapping.Table(Container), mappingColumn=location, insertable=true, updatable=true, unique=false}
DEBUG PropertyBinder - MetadataSourceProcessor property location with lazy=false
DEBUG SimpleValueBinder - building SimpleValue for location
DEBUG PropertyBinder - Building property location
DEBUG Ejb3Column - Binding column: Ejb3Column{table=org.hibernate.mapping.Table(Container), mappingColumn=name, insertable=true, updatable=true, unique=false}
DEBUG PropertyBinder - MetadataSourceProcessor property name with lazy=false
DEBUG SimpleValueBinder - building SimpleValue for name
DEBUG PropertyBinder - Building property name
DEBUG Ejb3Column - Binding column: Ejb3Column{table=org.hibernate.mapping.Table(Container), mappingColumn=status, insertable=true, updatable=true, unique=false}
DEBUG PropertyBinder - MetadataSourceProcessor property status with lazy=false
DEBUG SimpleValueBinder - building SimpleValue for status
DEBUG PropertyBinder - Building property status
DEBUG AnnotationBinder - Binding entity from annotated class: com.expeditors.training.course3demo.model.PhoneNumber
DEBUG Ejb3Column - Binding column: Ejb3DiscriminatorColumn{logicalColumnName&apos;DTYPE&apos;, discriminatorTypeName=&apos;string&apos;}
DEBUG EntityBinder - Import with entity name PhoneNumber
DEBUG EntityBinder - Bind entity com.expeditors.training.course3demo.model.PhoneNumber on table PHONE_NUMBER
DEBUG Ejb3Column - Binding column: Ejb3Column{table=org.hibernate.mapping.Table(PHONE_NUMBER), mappingColumn=PHONE_NUMBER_ID, insertable=true, updatable=true, unique=false}
DEBUG PropertyBinder - MetadataSourceProcessor property id with lazy=false
DEBUG SimpleValueBinder - building SimpleValue for id
DEBUG PropertyBinder - Building property id
DEBUG Ejb3Column - Binding column: Ejb3JoinColumn{logicalColumnName=&apos;CARD_ID&apos;, referencedColumn=&apos;&apos;, mappedBy=&apos;&apos;}
DEBUG Ejb3Column - Binding column: Ejb3Column{table=org.hibernate.mapping.Table(PHONE_NUMBER), mappingColumn=card, insertable=true, updatable=true, unique=false}
DEBUG PropertyBinder - Building property card
DEBUG Ejb3Column - Binding column: Ejb3Column{table=org.hibernate.mapping.Table(PHONE_NUMBER), mappingColumn=PHONE_NUMBER, insertable=true, updatable=true, unique=false}
DEBUG PropertyBinder - MetadataSourceProcessor property number with lazy=false
DEBUG SimpleValueBinder - building SimpleValue for number
DEBUG PropertyBinder - Building property number
DEBUG AnnotationBinder - Binding entity from annotated class: com.expeditors.training.course3demo.model.Product
DEBUG Ejb3Column - Binding column: Ejb3DiscriminatorColumn{logicalColumnName&apos;DTYPE&apos;, discriminatorTypeName=&apos;string&apos;}
DEBUG EntityBinder - Import with entity name Product
DEBUG EntityBinder - Bind entity com.expeditors.training.course3demo.model.Product on table PRODUCT
DEBUG Ejb3Column - Binding column: Ejb3Column{table=org.hibernate.mapping.Table(PRODUCT), mappingColumn=PRODUCT_ID, insertable=true, updatable=true, unique=false}
DEBUG PropertyBinder - MetadataSourceProcessor property id with lazy=false
DEBUG SimpleValueBinder - building SimpleValue for id
DEBUG PropertyBinder - Building property id
DEBUG Ejb3Column - Binding column: Ejb3Column{table=org.hibernate.mapping.Table(PRODUCT), mappingColumn=description, insertable=true, updatable=true, unique=false}
DEBUG PropertyBinder - MetadataSourceProcessor property description with lazy=false
DEBUG SimpleValueBinder - building SimpleValue for description
DEBUG PropertyBinder - Building property description
DEBUG Ejb3Column - Binding column: Ejb3Column{table=org.hibernate.mapping.Table(PRODUCT), mappingColumn=name, insertable=true, updatable=true, unique=false}
DEBUG PropertyBinder - MetadataSourceProcessor property name with lazy=false
DEBUG SimpleValueBinder - building SimpleValue for name
DEBUG PropertyBinder - Building property name
DEBUG Ejb3Column - Binding column: Ejb3Column{table=org.hibernate.mapping.Table(PRODUCT), mappingColumn=price, insertable=true, updatable=true, unique=false}
DEBUG PropertyBinder - MetadataSourceProcessor property price with lazy=false
DEBUG SimpleValueBinder - building SimpleValue for price
DEBUG PropertyBinder - Building property price
DEBUG AnnotationBinder - Binding entity from annotated class: com.expeditors.training.course3demo.model.Shipment
DEBUG Ejb3Column - Binding column: Ejb3DiscriminatorColumn{logicalColumnName&apos;DTYPE&apos;, discriminatorTypeName=&apos;string&apos;}
DEBUG EntityBinder - Import with entity name Shipment
DEBUG EntityBinder - Bind entity com.expeditors.training.course3demo.model.Shipment on table Shipment
DEBUG Ejb3Column - Binding column: Ejb3Column{table=org.hibernate.mapping.Table(Shipment), mappingColumn=SHIPMENT_ID, insertable=true, updatable=true, unique=false}
DEBUG PropertyBinder - MetadataSourceProcessor property id with lazy=false
DEBUG SimpleValueBinder - building SimpleValue for id
DEBUG PropertyBinder - Building property id
DEBUG Ejb3Column - Binding column: Ejb3Column{table=org.hibernate.mapping.Table(Shipment), mappingColumn=destination, insertable=true, updatable=true, unique=false}
DEBUG PropertyBinder - MetadataSourceProcessor property destination with lazy=false
DEBUG SimpleValueBinder - building SimpleValue for destination
DEBUG PropertyBinder - Building property destination
DEBUG Ejb3Column - Binding column: Ejb3Column{table=org.hibernate.mapping.Table(Shipment), mappingColumn=name, insertable=true, updatable=true, unique=false}
DEBUG PropertyBinder - MetadataSourceProcessor property name with lazy=false
DEBUG SimpleValueBinder - building SimpleValue for name
DEBUG PropertyBinder - Building property name
DEBUG Ejb3Column - Binding column: Ejb3Column{table=org.hibernate.mapping.Table(Shipment), mappingColumn=origin, insertable=true, updatable=true, unique=false}
DEBUG PropertyBinder - MetadataSourceProcessor property origin with lazy=false
DEBUG SimpleValueBinder - building SimpleValue for origin
DEBUG PropertyBinder - Building property origin
DEBUG Ejb3Column - Binding column: Ejb3Column{table=org.hibernate.mapping.Table(Shipment), mappingColumn=volume, insertable=true, updatable=true, unique=false}
DEBUG PropertyBinder - MetadataSourceProcessor property volume with lazy=false
DEBUG SimpleValueBinder - building SimpleValue for volume
DEBUG PropertyBinder - Building property volume
DEBUG AnnotationBinder - Binding entity from annotated class: com.expeditors.training.course3demo.model.UserAccount
DEBUG Ejb3Column - Binding column: Ejb3DiscriminatorColumn{logicalColumnName&apos;DTYPE&apos;, discriminatorTypeName=&apos;string&apos;}
DEBUG EntityBinder - Import with entity name UserAccount
DEBUG EntityBinder - Bind entity com.expeditors.training.course3demo.model.UserAccount on table USERACCOUNT
DEBUG Ejb3Column - Binding column: Ejb3Column{table=org.hibernate.mapping.Table(USERACCOUNT), mappingColumn=USER_ID, insertable=true, updatable=true, unique=false}
DEBUG PropertyBinder - MetadataSourceProcessor property id with lazy=false
DEBUG SimpleValueBinder - building SimpleValue for id
DEBUG PropertyBinder - Building property id
DEBUG Ejb3Column - Binding column: Ejb3Column{table=org.hibernate.mapping.Table(USERACCOUNT), mappingColumn=enabled, insertable=true, updatable=true, unique=false}
DEBUG PropertyBinder - MetadataSourceProcessor property enabled with lazy=false
DEBUG SimpleValueBinder - building SimpleValue for enabled
DEBUG PropertyBinder - Building property enabled
DEBUG Ejb3Column - Binding column: Ejb3Column{table=org.hibernate.mapping.Table(USERACCOUNT), mappingColumn=password, insertable=true, updatable=true, unique=false}
DEBUG PropertyBinder - MetadataSourceProcessor property password with lazy=false
DEBUG SimpleValueBinder - building SimpleValue for password
DEBUG PropertyBinder - Building property password
DEBUG Ejb3Column - Binding column: Ejb3JoinColumn{logicalColumnName=&apos;null&apos;, referencedColumn=&apos;null&apos;, mappedBy=&apos;userAccount&apos;}
DEBUG Ejb3Column - Binding column: Ejb3Column{table=org.hibernate.mapping.Table(USERACCOUNT), mappingColumn=userRoles, insertable=true, updatable=true, unique=false}
DEBUG Ejb3Column - Binding column: Ejb3Column{table=org.hibernate.mapping.Table(USERACCOUNT), mappingColumn=null, insertable=true, updatable=true, unique=false}
DEBUG Ejb3Column - Binding column: Ejb3Column{table=org.hibernate.mapping.Table(USERACCOUNT), mappingColumn=element, insertable=true, updatable=true, unique=false}
DEBUG Ejb3Column - Binding column: Ejb3Column{table=org.hibernate.mapping.Table(USERACCOUNT), mappingColumn=userRoles_KEY, insertable=true, updatable=true, unique=false}
DEBUG Ejb3Column - Binding column: Ejb3JoinColumn{logicalColumnName=&apos;userRoles_KEY&apos;, referencedColumn=&apos;null&apos;, mappedBy=&apos;null&apos;}
DEBUG Ejb3Column - Binding column: Ejb3JoinColumn{logicalColumnName=&apos;null&apos;, referencedColumn=&apos;null&apos;, mappedBy=&apos;userAccount&apos;}
DEBUG Ejb3Column - Binding column: Ejb3JoinColumn{logicalColumnName=&apos;null&apos;, referencedColumn=&apos;null&apos;, mappedBy=&apos;userAccount&apos;}
DEBUG CollectionBinder - Collection role: com.expeditors.training.course3demo.model.UserAccount.userRoles
DEBUG PropertyBinder - Building property userRoles
DEBUG Ejb3Column - Binding column: Ejb3Column{table=org.hibernate.mapping.Table(USERACCOUNT), mappingColumn=username, insertable=true, updatable=true, unique=false}
DEBUG PropertyBinder - MetadataSourceProcessor property username with lazy=false
DEBUG SimpleValueBinder - building SimpleValue for username
DEBUG PropertyBinder - Building property username
DEBUG AnnotationBinder - Binding entity from annotated class: com.expeditors.training.course3demo.model.UserRole
DEBUG Ejb3Column - Binding column: Ejb3DiscriminatorColumn{logicalColumnName&apos;DTYPE&apos;, discriminatorTypeName=&apos;string&apos;}
DEBUG EntityBinder - Import with entity name UserRole
DEBUG EntityBinder - Bind entity com.expeditors.training.course3demo.model.UserRole on table USERROLE
DEBUG Ejb3Column - Binding column: Ejb3Column{table=org.hibernate.mapping.Table(USERROLE), mappingColumn=ROLE_ID, insertable=true, updatable=true, unique=false}
DEBUG PropertyBinder - MetadataSourceProcessor property id with lazy=false
DEBUG SimpleValueBinder - building SimpleValue for id
DEBUG PropertyBinder - Building property id
DEBUG Ejb3Column - Binding column: Ejb3Column{table=org.hibernate.mapping.Table(USERROLE), mappingColumn=ROLE_NAME, insertable=true, updatable=true, unique=false}
DEBUG PropertyBinder - MetadataSourceProcessor property role with lazy=false
DEBUG SimpleValueBinder - building SimpleValue for role
DEBUG PropertyBinder - Building property role
DEBUG Ejb3Column - Binding column: Ejb3JoinColumn{logicalColumnName=&apos;ROLE_OWNER&apos;, referencedColumn=&apos;&apos;, mappedBy=&apos;&apos;}
DEBUG Ejb3Column - Binding column: Ejb3Column{table=org.hibernate.mapping.Table(USERROLE), mappingColumn=userAccount, insertable=true, updatable=true, unique=false}
DEBUG PropertyBinder - Building property userAccount
DEBUG SimpleValueBinder - Setting SimpleValue typeName for id
DEBUG SimpleValueBinder - Setting SimpleValue typeName for city
DEBUG SimpleValueBinder - Setting SimpleValue typeName for state
DEBUG SimpleValueBinder - Setting SimpleValue typeName for street
DEBUG SimpleValueBinder - Setting SimpleValue typeName for id
DEBUG SimpleValueBinder - Setting SimpleValue typeName for amount
DEBUG SimpleValueBinder - Setting SimpleValue typeName for number
DEBUG SimpleValueBinder - Setting SimpleValue typeName for owner
DEBUG SimpleValueBinder - Setting SimpleValue typeName for id
DEBUG SimpleValueBinder - Setting SimpleValue typeName for capacity
DEBUG SimpleValueBinder - Setting SimpleValue typeName for destination
DEBUG SimpleValueBinder - Setting SimpleValue typeName for location
DEBUG SimpleValueBinder - Setting SimpleValue typeName for name
DEBUG SimpleValueBinder - Setting SimpleValue typeName for status
DEBUG SimpleValueBinder - Setting SimpleValue typeName for id
DEBUG SimpleValueBinder - Setting SimpleValue typeName for number
DEBUG SimpleValueBinder - Setting SimpleValue typeName for id
DEBUG SimpleValueBinder - Setting SimpleValue typeName for description
DEBUG SimpleValueBinder - Setting SimpleValue typeName for name
DEBUG SimpleValueBinder - Setting SimpleValue typeName for price
DEBUG SimpleValueBinder - Setting SimpleValue typeName for id
DEBUG SimpleValueBinder - Setting SimpleValue typeName for destination
DEBUG SimpleValueBinder - Setting SimpleValue typeName for name
DEBUG SimpleValueBinder - Setting SimpleValue typeName for origin
DEBUG SimpleValueBinder - Setting SimpleValue typeName for volume
DEBUG SimpleValueBinder - Setting SimpleValue typeName for id
DEBUG SimpleValueBinder - Setting SimpleValue typeName for enabled
DEBUG SimpleValueBinder - Setting SimpleValue typeName for password
DEBUG SimpleValueBinder - Setting SimpleValue typeName for username
DEBUG SimpleValueBinder - Setting SimpleValue typeName for id
DEBUG SimpleValueBinder - Setting SimpleValue typeName for role
DEBUG Configuration - Processing fk mappings (*ToOne and JoinedSubclass)
DEBUG Configuration - Processing extends queue
DEBUG Configuration - Processing extends queue
DEBUG Configuration - Processing collection mappings
DEBUG CollectionSecondPass - Second pass for collection: com.expeditors.training.course3demo.model.Card.phoneNumbers
DEBUG CollectionBinder - Binding a OneToMany: com.expeditors.training.course3demo.model.Card.phoneNumbers through a foreign key
DEBUG CollectionBinder - Mapping collection: com.expeditors.training.course3demo.model.Card.phoneNumbers -&gt; PHONE_NUMBER
DEBUG TableBinder - Retrieving property com.expeditors.training.course3demo.model.PhoneNumber.card
DEBUG SimpleValueBinder - building SimpleValue for null
DEBUG SimpleValueBinder - Setting SimpleValue typeName for null
DEBUG CollectionSecondPass - Mapped collection key: CARD_ID, index: index, one-to-many: com.expeditors.training.course3demo.model.PhoneNumber
DEBUG CollectionSecondPass - Second pass for collection: com.expeditors.training.course3demo.model.UserAccount.userRoles
DEBUG CollectionBinder - Binding a OneToMany: com.expeditors.training.course3demo.model.UserAccount.userRoles through a foreign key
DEBUG CollectionBinder - Mapping collection: com.expeditors.training.course3demo.model.UserAccount.userRoles -&gt; USERROLE
DEBUG TableBinder - Retrieving property com.expeditors.training.course3demo.model.UserRole.userAccount
DEBUG CollectionSecondPass - Mapped collection key: ROLE_OWNER, one-to-many: com.expeditors.training.course3demo.model.UserRole
DEBUG Configuration - Processing native query and ResultSetMapping mappings
DEBUG Configuration - Processing association property references
DEBUG Configuration - Creating tables&apos; unique integer identifiers
DEBUG Configuration - Processing foreign key constraints
DEBUG Configuration - Resolving reference to class: com.expeditors.training.course3demo.model.Address
DEBUG Configuration - Resolving reference to class: com.expeditors.training.course3demo.model.Card
DEBUG Configuration - Resolving reference to class: com.expeditors.training.course3demo.model.UserAccount
INFO  ConnectionProviderInitiator - HHH000130: Instantiating explicit connection provider: org.hibernate.ejb.connection.InjectedDataSourceConnectionProvider
DEBUG JdbcServicesImpl - Database -&gt;
       name : HSQL Database Engine
    version : 2.2.4
      major : 2
      minor : 2
DEBUG JdbcServicesImpl - Driver -&gt;
       name : HSQL Database Engine Driver
    version : 2.2.4
      major : 2
      minor : 2
DEBUG JdbcServicesImpl - JDBC version : 4.0
INFO  Dialect - HHH000400: Using dialect: org.hibernate.dialect.HSQLDialect
DEBUG SettingsFactory - Automatic flush during beforeCompletion(): disabled
DEBUG SettingsFactory - Automatic session close at end of transaction: disabled
DEBUG SettingsFactory - JDBC batch size: 15
DEBUG SettingsFactory - JDBC batch updates for versioned data: disabled
DEBUG SettingsFactory - Scrollable result sets: enabled
DEBUG SettingsFactory - Wrap result sets: disabled
DEBUG SettingsFactory - JDBC3 getGeneratedKeys(): enabled
DEBUG SettingsFactory - multi-tenancy strategy : NONE
DEBUG SettingsFactory - Connection release mode: auto
INFO  TransactionFactoryInitiator - HHH000268: Transaction strategy: org.hibernate.engine.transaction.internal.jdbc.JdbcTransactionFactory
DEBUG SettingsFactory - Using BatchFetchStyle : LEGACY
DEBUG SettingsFactory - Default batch fetch size: 1
DEBUG SettingsFactory - Generate SQL with comments: disabled
DEBUG SettingsFactory - Order SQL updates by primary key: disabled
DEBUG SettingsFactory - Order SQL inserts for batching: disabled
DEBUG SettingsFactory - Default null ordering: none
DEBUG SettingsFactory - Query translator: org.hibernate.hql.internal.ast.ASTQueryTranslatorFactory
INFO  ASTQueryTranslatorFactory - HHH000397: Using ASTQueryTranslatorFactory
DEBUG SettingsFactory - Query language substitutions: {}
DEBUG SettingsFactory - JPA-QL strict compliance: enabled
DEBUG SettingsFactory - Second-level cache: enabled
DEBUG SettingsFactory - Query cache: disabled
DEBUG SettingsFactory - Cache region factory : org.hibernate.cache.internal.NoCachingRegionFactory
DEBUG SettingsFactory - org.hibernate.cache.internal.NoCachingRegionFactory did not provide constructor accepting java.util.Properties; attempting no-arg constructor.
DEBUG SettingsFactory - Optimize cache for minimal puts: disabled
DEBUG SettingsFactory - Structured second-level cache entries: disabled
DEBUG SettingsFactory - Second-level cache direct-reference entries: disabled
DEBUG SettingsFactory - Statistics: disabled
DEBUG SettingsFactory - Deleted entity synthetic identifier rollback: disabled
DEBUG SettingsFactory - Default entity-mode: pojo
DEBUG SettingsFactory - Named query checking : enabled
DEBUG SettingsFactory - Check Nullability in Core (should be disabled when Bean Validation is on): enabled
DEBUG SettingsFactory - Allow initialization of lazy state outside session : : disabled
DEBUG SettingsFactory - JTA Track by Thread: enabled
DEBUG SessionFactoryImpl - Building session factory
DEBUG SessionFactoryImpl - Session factory constructed with filter configurations : {}
DEBUG SessionFactoryImpl - Instantiating session factory with properties: {java.vendor=Oracle Corporation, localRepository=C:\Users\chq-jamesgl\.m2\repository, hibernate=org.hibernate.dialect.HSQLDialect, sun.java.launcher=SUN_STANDARD, sun.management.compiler=HotSpot 64-Bit Tiered Compilers, hibernate.ejb.discard_pc_on_close=false, hibernate.transaction.flush_before_completion=false, os.name=Windows 7, sun.boot.class.path=C:\Program Files\Java\jdk1.8.0_20\jre\lib\resources.jar;C:\Program Files\Java\jdk1.8.0_20\jre\lib\rt.jar;C:\Program Files\Java\jdk1.8.0_20\jre\lib\sunrsasign.jar;C:\Program Files\Java\jdk1.8.0_20\jre\lib\jsse.jar;C:\Program Files\Java\jdk1.8.0_20\jre\lib\jce.jar;C:\Program Files\Java\jdk1.8.0_20\jre\lib\charsets.jar;C:\Program Files\Java\jdk1.8.0_20\jre\lib\jfr.jar;C:\Program Files\Java\jdk1.8.0_20\jre\classes, sun.desktop=windows, java.vm.specification.vendor=Oracle Corporation, java.runtime.version=1.8.0_20-b26, hibernate.connection.autocommit=true, user.name=chq-jamesgl, javax.persistence.validation.mode=AUTO, hibernate.connection.release_mode=auto, user.language=en, sun.boot.library.path=C:\Program Files\Java\jdk1.8.0_20\jre\bin, java.version=1.8.0_20, user.timezone=America/Los_Angeles, sun.arch.data.model=64, java.endorsed.dirs=C:\Program Files\Java\jdk1.8.0_20\jre\lib\endorsed, sun.cpu.isalist=amd64, sun.jnu.encoding=Cp1252, file.encoding.pkg=sun.io, file.separator=\, java.specification.name=Java Platform API Specification, java.class.version=52.0, user.country=US, java.home=C:\Program Files\Java\jdk1.8.0_20\jre, java.vm.info=mixed mode, os.version=6.1, hibernate.transaction.factory_class=org.hibernate.engine.transaction.internal.jdbc.JdbcTransactionFactory, hibernate.connection.datasource=org.springframework.jdbc.datasource.DriverManagerDataSource@30669dac, surefire.real.class.path=C:\Users\chq-jamesgl\STS_work2\finalprojectgleixner\target\surefire\surefirebooter4129056140270613633.jar, hibernate.query.jpaql_strict_compliance=true, path.separator=;, java.vm.version=25.20-b23, user.variant=, java.awt.printerjob=sun.awt.windows.WPrinterJob, sun.io.unicode.encoding=UnicodeLittle, awt.toolkit=sun.awt.windows.WToolkit, user.script=, user.home=C:\Users\chq-jamesgl, java.specification.vendor=Oracle Corporation, hibernate.hbm2ddl.auto=create-drop, java.library.path=C:\Program Files\Java\jdk1.8.0_20\jre\bin;C:\WINDOWS\Sun\Java\bin;C:\WINDOWS\system32;C:\WINDOWS;C:/Program Files/Java/jdk1.7.0_45/bin/../jre/bin/server;C:/Program Files/Java/jdk1.7.0_45/bin/../jre/bin;C:/Program Files/Java/jdk1.7.0_45/bin/../jre/lib/amd64;C:\Program Files\spring-1.2.1.RELEASE\bin;C:\Maven\apache-maven-3.0.5\bin;C:\Program Files\Java\jdk1.7.0_45\bin;C:\ProgramData\Oracle\Java\javapath;C:\Program Files (x86)\Intel\iCLS Client\;C:\Program Files\Intel\iCLS Client\;C:\WINDOWS\system32;C:\WINDOWS;C:\WINDOWS\System32\Wbem;C:\WINDOWS\System32\WindowsPowerShell\v1.0\;C:\Program Files\Intel\DMIX;C:\WINDOWS\CCM;C:\WINDOWS\CCM;C:\WINDOWS\CCM;C:\WINDOWS\CCM;C:\WINDOWS\CCM;C:\WINDOWS\CCM;C:\WINDOWS\CCM;C:\PROGRA~2\IBM\SQLLIB\BIN;C:\PROGRA~2\IBM\SQLLIB\FUNCTION;C:\PROGRA~2\IBM\SQLLIB\SAMPLES\REPL;C:\Program Files\Intel\Intel(R) Management Engine Components\DAL;C:\Program Files\Intel\Intel(R) Management Engine Components\IPT;C:\Program Files (x86)\Intel\Intel(R) Management Engine Components\DAL;C:\Program Files (x86)\Intel\Intel(R) Management Engine Components\IPT;C:\Program Files\Microsoft\Web Platform Installer\;C:\Program Files\TortoiseSVN\bin;C:\Users\chq-jamesgl\Documents\STS2\sts-bundle\sts-3.6.3.SR1;;., java.vendor.url=http://java.oracle.com/, java.vm.vendor=Oracle Corporation, java.runtime.name=Java(TM) SE Runtime Environment, sun.java.command=C:\Users\chq-jamesgl\STS_work2\finalprojectgleixner\target\surefire\surefirebooter4129056140270613633.jar C:\Users\chq-jamesgl\STS_work2\finalprojectgleixner\target\surefire\surefire3891015182998956309tmp C:\Users\chq-jamesgl\STS_work2\finalprojectgleixner\target\surefire\surefire_0694316389834651853tmp, java.class.path=C:\Users\chq-jamesgl\STS_work2\finalprojectgleixner\target\test-classes;C:\Users\chq-jamesgl\STS_work2\finalprojectgleixner\target\classes;C:\Users\chq-jamesgl\.m2\repository\org\springframework\spring-webmvc\3.2.3.RELEASE\spring-webmvc-3.2.3.RELEASE.jar;C:\Users\chq-jamesgl\.m2\repository\org\springframework\spring-beans\3.2.3.RELEASE\spring-beans-3.2.3.RELEASE.jar;C:\Users\chq-jamesgl\.m2\repository\org\springframework\spring-context\3.2.3.RELEASE\spring-context-3.2.3.RELEASE.jar;C:\Users\chq-jamesgl\.m2\repository\org\springframework\spring-core\3.2.3.RELEASE\spring-core-3.2.3.RELEASE.jar;C:\Users\chq-jamesgl\.m2\repository\commons-logging\commons-logging\1.1.1\commons-logging-1.1.1.jar;C:\Users\chq-jamesgl\.m2\repository\org\springframework\spring-expression\3.2.3.RELEASE\spring-expression-3.2.3.RELEASE.jar;C:\Users\chq-jamesgl\.m2\repository\org\springframework\spring-web\3.2.3.RELEASE\spring-web-3.2.3.RELEASE.jar;C:\Users\chq-jamesgl\.m2\repository\org\springframework\security\spring-security-web\3.2.3.RELEASE\spring-security-web-3.2.3.RELEASE.jar;C:\Users\chq-jamesgl\.m2\repository\aopalliance\aopalliance\1.0\aopalliance-1.0.jar;C:\Users\chq-jamesgl\.m2\repository\org\springframework\security\spring-security-core\3.2.3.RELEASE\spring-security-core-3.2.3.RELEASE.jar;C:\Users\chq-jamesgl\.m2\repository\org\springframework\security\spring-security-config\3.2.3.RELEASE\spring-security-config-3.2.3.RELEASE.jar;C:\Users\chq-jamesgl\.m2\repository\org\springframework\security\spring-security-taglibs\3.2.3.RELEASE\spring-security-taglibs-3.2.3.RELEASE.jar;C:\Users\chq-jamesgl\.m2\repository\org\springframework\security\spring-security-acl\3.2.3.RELEASE\spring-security-acl-3.2.3.RELEASE.jar;C:\Users\chq-jamesgl\.m2\repository\javax\servlet\jstl\1.2\jstl-1.2.jar;C:\Users\chq-jamesgl\.m2\repository\javax\servlet\servlet-api\2.5\servlet-api-2.5.jar;C:\Users\chq-jamesgl\.m2\repository\javax\servlet\jsp\jsp-api\2.2\jsp-api-2.2.jar;C:\Users\chq-jamesgl\.m2\repository\org\springframework\spring-tx\3.2.3.RELEASE\spring-tx-3.2.3.RELEASE.jar;C:\Users\chq-jamesgl\.m2\repository\org\springframework\spring-orm\3.2.3.RELEASE\spring-orm-3.2.3.RELEASE.jar;C:\Users\chq-jamesgl\.m2\repository\org\springframework\spring-jdbc\3.2.3.RELEASE\spring-jdbc-3.2.3.RELEASE.jar;C:\Users\chq-jamesgl\.m2\repository\org\springframework\spring-aop\3.2.3.RELEASE\spring-aop-3.2.3.RELEASE.jar;C:\Users\chq-jamesgl\.m2\repository\org\slf4j\slf4j-api\1.7.5\slf4j-api-1.7.5.jar;C:\Users\chq-jamesgl\.m2\repository\ch\qos\logback\logback-classic\1.0.13\logback-classic-1.0.13.jar;C:\Users\chq-jamesgl\.m2\repository\ch\qos\logback\logback-core\1.0.13\logback-core-1.0.13.jar;C:\Users\chq-jamesgl\.m2\repository\org\hibernate\hibernate-entitymanager\4.2.1.Final\hibernate-entitymanager-4.2.1.Final.jar;C:\Users\chq-jamesgl\.m2\repository\org\jboss\logging\jboss-logging\3.1.0.GA\jboss-logging-3.1.0.GA.jar;C:\Users\chq-jamesgl\.m2\repository\org\hibernate\hibernate-core\4.2.1.Final\hibernate-core-4.2.1.Final.jar;C:\Users\chq-jamesgl\.m2\repository\antlr\antlr\2.7.7\antlr-2.7.7.jar;C:\Users\chq-jamesgl\.m2\repository\dom4j\dom4j\1.6.1\dom4j-1.6.1.jar;C:\Users\chq-jamesgl\.m2\repository\org\jboss\spec\javax\transaction\jboss-transaction-api_1.1_spec\1.0.1.Final\jboss-transaction-api_1.1_spec-1.0.1.Final.jar;C:\Users\chq-jamesgl\.m2\repository\org\hibernate\javax\persistence\hibernate-jpa-2.0-api\1.0.1.Final\hibernate-jpa-2.0-api-1.0.1.Final.jar;C:\Users\chq-jamesgl\.m2\repository\org\javassist\javassist\3.15.0-GA\javassist-3.15.0-GA.jar;C:\Users\chq-jamesgl\.m2\repository\org\hibernate\common\hibernate-commons-annotations\4.0.1.Final\hibernate-commons-annotations-4.0.1.Final.jar;C:\Users\chq-jamesgl\.m2\repository\javax\validation\validation-api\1.1.0.Final\validation-api-1.1.0.Final.jar;C:\Users\chq-jamesgl\.m2\repository\org\hibernate\hibernate-validator\4.2.0.Final\hibernate-validator-4.2.0.Final.jar;C:\Users\chq-jamesgl\.m2\repository\org\hsqldb\hsqldb\2.2.4\hsqldb-2.2.4.jar;C:\Users\chq-jamesgl\.m2\repository\org\dbunit\dbunit\2.5.0\dbunit-2.5.0.jar;C:\Users\chq-jamesgl\.m2\repository\commons-collections\commons-collections\3.2.1\commons-collections-3.2.1.jar;C:\Users\chq-jamesgl\.m2\repository\com\github\springtestdbunit\spring-test-dbunit\1.2.0\spring-test-dbunit-1.2.0.jar;C:\Users\chq-jamesgl\.m2\repository\org\springframework\spring-test\3.2.3.RELEASE\spring-test-3.2.3.RELEASE.jar;C:\Users\chq-jamesgl\.m2\repository\org\hamcrest\hamcrest-all\1.3\hamcrest-all-1.3.jar;C:\Users\chq-jamesgl\.m2\repository\junit\junit\4.11\junit-4.11.jar;C:\Users\chq-jamesgl\.m2\repository\org\hamcrest\hamcrest-core\1.3\hamcrest-core-1.3.jar;C:\Users\chq-jamesgl\.m2\repository\org\mockito\mockito-core\1.9.5\mockito-core-1.9.5.jar;C:\Users\chq-jamesgl\.m2\repository\org\objenesis\objenesis\1.0\objenesis-1.0.jar;C:\Users\chq-jamesgl\.m2\repository\org\apache\derby\derbyclient\10.11.1.1\derbyclient-10.11.1.1.jar;C:\Users\chq-jamesgl\.m2\repository\org\sitemesh\sitemesh\3.0-alpha-2\sitemesh-3.0-alpha-2.jar;, hibernate.bytecode.use_reflection_optimizer=false, java.vm.specification.name=Java Virtual Machine Specification, java.vm.specification.version=1.8, sun.cpu.endian=little, sun.os.patch.level=Service Pack 1, hibernate.connection.provider_class=org.hibernate.ejb.connection.InjectedDataSourceConnectionProvider, surefire.test.class.path=C:\Users\chq-jamesgl\STS_work2\finalprojectgleixner\target\test-classes;C:\Users\chq-jamesgl\STS_work2\finalprojectgleixner\target\classes;C:\Users\chq-jamesgl\.m2\repository\org\springframework\spring-webmvc\3.2.3.RELEASE\spring-webmvc-3.2.3.RELEASE.jar;C:\Users\chq-jamesgl\.m2\repository\org\springframework\spring-beans\3.2.3.RELEASE\spring-beans-3.2.3.RELEASE.jar;C:\Users\chq-jamesgl\.m2\repository\org\springframework\spring-context\3.2.3.RELEASE\spring-context-3.2.3.RELEASE.jar;C:\Users\chq-jamesgl\.m2\repository\org\springframework\spring-core\3.2.3.RELEASE\spring-core-3.2.3.RELEASE.jar;C:\Users\chq-jamesgl\.m2\repository\commons-logging\commons-logging\1.1.1\commons-logging-1.1.1.jar;C:\Users\chq-jamesgl\.m2\repository\org\springframework\spring-expression\3.2.3.RELEASE\spring-expression-3.2.3.RELEASE.jar;C:\Users\chq-jamesgl\.m2\repository\org\springframework\spring-web\3.2.3.RELEASE\spring-web-3.2.3.RELEASE.jar;C:\Users\chq-jamesgl\.m2\repository\org\springframework\security\spring-security-web\3.2.3.RELEASE\spring-security-web-3.2.3.RELEASE.jar;C:\Users\chq-jamesgl\.m2\repository\aopalliance\aopalliance\1.0\aopalliance-1.0.jar;C:\Users\chq-jamesgl\.m2\repository\org\springframework\security\spring-security-core\3.2.3.RELEASE\spring-security-core-3.2.3.RELEASE.jar;C:\Users\chq-jamesgl\.m2\repository\org\springframework\security\spring-security-config\3.2.3.RELEASE\spring-security-config-3.2.3.RELEASE.jar;C:\Users\chq-jamesgl\.m2\repository\org\springframework\security\spring-security-taglibs\3.2.3.RELEASE\spring-security-taglibs-3.2.3.RELEASE.jar;C:\Users\chq-jamesgl\.m2\repository\org\springframework\security\spring-security-acl\3.2.3.RELEASE\spring-security-acl-3.2.3.RELEASE.jar;C:\Users\chq-jamesgl\.m2\repository\javax\servlet\jstl\1.2\jstl-1.2.jar;C:\Users\chq-jamesgl\.m2\repository\javax\servlet\servlet-api\2.5\servlet-api-2.5.jar;C:\Users\chq-jamesgl\.m2\repository\javax\servlet\jsp\jsp-api\2.2\jsp-api-2.2.jar;C:\Users\chq-jamesgl\.m2\repository\org\springframework\spring-tx\3.2.3.RELEASE\spring-tx-3.2.3.RELEASE.jar;C:\Users\chq-jamesgl\.m2\repository\org\springframework\spring-orm\3.2.3.RELEASE\spring-orm-3.2.3.RELEASE.jar;C:\Users\chq-jamesgl\.m2\repository\org\springframework\spring-jdbc\3.2.3.RELEASE\spring-jdbc-3.2.3.RELEASE.jar;C:\Users\chq-jamesgl\.m2\repository\org\springframework\spring-aop\3.2.3.RELEASE\spring-aop-3.2.3.RELEASE.jar;C:\Users\chq-jamesgl\.m2\repository\org\slf4j\slf4j-api\1.7.5\slf4j-api-1.7.5.jar;C:\Users\chq-jamesgl\.m2\repository\ch\qos\logback\logback-classic\1.0.13\logback-classic-1.0.13.jar;C:\Users\chq-jamesgl\.m2\repository\ch\qos\logback\logback-core\1.0.13\logback-core-1.0.13.jar;C:\Users\chq-jamesgl\.m2\repository\org\hibernate\hibernate-entitymanager\4.2.1.Final\hibernate-entitymanager-4.2.1.Final.jar;C:\Users\chq-jamesgl\.m2\repository\org\jboss\logging\jboss-logging\3.1.0.GA\jboss-logging-3.1.0.GA.jar;C:\Users\chq-jamesgl\.m2\repository\org\hibernate\hibernate-core\4.2.1.Final\hibernate-core-4.2.1.Final.jar;C:\Users\chq-jamesgl\.m2\repository\antlr\antlr\2.7.7\antlr-2.7.7.jar;C:\Users\chq-jamesgl\.m2\repository\dom4j\dom4j\1.6.1\dom4j-1.6.1.jar;C:\Users\chq-jamesgl\.m2\repository\org\jboss\spec\javax\transaction\jboss-transaction-api_1.1_spec\1.0.1.Final\jboss-transaction-api_1.1_spec-1.0.1.Final.jar;C:\Users\chq-jamesgl\.m2\repository\org\hibernate\javax\persistence\hibernate-jpa-2.0-api\1.0.1.Final\hibernate-jpa-2.0-api-1.0.1.Final.jar;C:\Users\chq-jamesgl\.m2\repository\org\javassist\javassist\3.15.0-GA\javassist-3.15.0-GA.jar;C:\Users\chq-jamesgl\.m2\repository\org\hibernate\common\hibernate-commons-annotations\4.0.1.Final\hibernate-commons-annotations-4.0.1.Final.jar;C:\Users\chq-jamesgl\.m2\repository\javax\validation\validation-api\1.1.0.Final\validation-api-1.1.0.Final.jar;C:\Users\chq-jamesgl\.m2\repository\org\hibernate\hibernate-validator\4.2.0.Final\hibernate-validator-4.2.0.Final.jar;C:\Users\chq-jamesgl\.m2\repository\org\hsqldb\hsqldb\2.2.4\hsqldb-2.2.4.jar;C:\Users\chq-jamesgl\.m2\repository\org\dbunit\dbunit\2.5.0\dbunit-2.5.0.jar;C:\Users\chq-jamesgl\.m2\repository\commons-collections\commons-collections\3.2.1\commons-collections-3.2.1.jar;C:\Users\chq-jamesgl\.m2\repository\com\github\springtestdbunit\spring-test-dbunit\1.2.0\spring-test-dbunit-1.2.0.jar;C:\Users\chq-jamesgl\.m2\repository\org\springframework\spring-test\3.2.3.RELEASE\spring-test-3.2.3.RELEASE.jar;C:\Users\chq-jamesgl\.m2\repository\org\hamcrest\hamcrest-all\1.3\hamcrest-all-1.3.jar;C:\Users\chq-jamesgl\.m2\repository\junit\junit\4.11\junit-4.11.jar;C:\Users\chq-jamesgl\.m2\repository\org\hamcrest\hamcrest-core\1.3\hamcrest-core-1.3.jar;C:\Users\chq-jamesgl\.m2\repository\org\mockito\mockito-core\1.9.5\mockito-core-1.9.5.jar;C:\Users\chq-jamesgl\.m2\repository\org\objenesis\objenesis\1.0\objenesis-1.0.jar;C:\Users\chq-jamesgl\.m2\repository\org\apache\derby\derbyclient\10.11.1.1\derbyclient-10.11.1.1.jar;C:\Users\chq-jamesgl\.m2\repository\org\sitemesh\sitemesh\3.0-alpha-2\sitemesh-3.0-alpha-2.jar;, java.io.tmpdir=C:\Users\CHQ-JA~1\AppData\Local\Temp\, java.vendor.url.bug=http://bugreport.sun.com/bugreport/, javax.persistence.sharedCache.mode=UNSPECIFIED, os.arch=amd64, java.awt.graphicsenv=sun.awt.Win32GraphicsEnvironment, java.ext.dirs=C:\Program Files\Java\jdk1.8.0_20\jre\lib\ext;C:\WINDOWS\Sun\Java\lib\ext, user.dir=C:\Users\chq-jamesgl\STS_work2\finalprojectgleixner, line.separator=
, java.vm.name=Java HotSpot(TM) 64-Bit Server VM, basedir=C:\Users\chq-jamesgl\STS_work2\finalprojectgleixner, file.encoding=Cp1252, hibernate.use_identifier_rollback=false, java.specification.version=1.8, hibernate.show_sql=true}
DEBUG DefaultTraversableResolver - Found javax.persistence.Persistence on classpath containing &apos;getPersistenceUtil&apos;. Assuming JPA 2 environment. Trying to instantiate JPA aware TraversableResolver
DEBUG DefaultTraversableResolver - Instantiated JPA aware TraversableResolver of type org.hibernate.validator.engine.resolver.JPATraversableResolver.
DEBUG ValidationXmlParser - Trying to load META-INF/validation.xml for XML based Validator configuration.
DEBUG ValidationXmlParser - No META-INF/validation.xml found. Using annotation based configuration only
DEBUG DefaultTraversableResolver - Found javax.persistence.Persistence on classpath containing &apos;getPersistenceUtil&apos;. Assuming JPA 2 environment. Trying to instantiate JPA aware TraversableResolver
DEBUG DefaultTraversableResolver - Instantiated JPA aware TraversableResolver of type org.hibernate.validator.engine.resolver.JPATraversableResolver.
DEBUG ValidationXmlParser - Trying to load META-INF/validation.xml for XML based Validator configuration.
DEBUG ValidationXmlParser - No META-INF/validation.xml found. Using annotation based configuration only
DEBUG ConstraintDescriptorImpl - Adding composing constraint: ConstraintDescriptorImpl{annotation=javax.validation.constraints.NotNull, payloads=[], hasComposingConstraints=true, isReportAsSingleInvalidConstraint=false, elementType=FIELD, definedOn=DEFINED_LOCALLY, groups=[interface javax.validation.groups.Default], attributes={message={javax.validation.constraints.NotNull.message}, groups=[Ljava.lang.Class;@7c853486, payload=[Ljava.lang.Class;@174e1b69}}
DEBUG ConstraintDescriptorImpl - Adding composing constraint: ConstraintDescriptorImpl{annotation=javax.validation.constraints.Size, payloads=[], hasComposingConstraints=true, isReportAsSingleInvalidConstraint=false, elementType=FIELD, definedOn=DEFINED_LOCALLY, groups=[interface javax.validation.groups.Default], attributes={groups=[Ljava.lang.Class;@243f003c, min=1, message={javax.validation.constraints.Size.message}, max=2147483647, payload=[Ljava.lang.Class;@71cb3139}}
DEBUG ConstraintDescriptorImpl - Adding composing constraint: ConstraintDescriptorImpl{annotation=javax.validation.constraints.NotNull, payloads=[], hasComposingConstraints=true, isReportAsSingleInvalidConstraint=false, elementType=FIELD, definedOn=DEFINED_LOCALLY, groups=[interface javax.validation.groups.Default], attributes={message={javax.validation.constraints.NotNull.message}, groups=[Ljava.lang.Class;@46d567cb, payload=[Ljava.lang.Class;@363a3d15}}
DEBUG ConstraintDescriptorImpl - Adding composing constraint: ConstraintDescriptorImpl{annotation=javax.validation.constraints.Size, payloads=[], hasComposingConstraints=true, isReportAsSingleInvalidConstraint=false, elementType=FIELD, definedOn=DEFINED_LOCALLY, groups=[interface javax.validation.groups.Default], attributes={groups=[Ljava.lang.Class;@43a51d00, min=1, message={javax.validation.constraints.Size.message}, max=2147483647, payload=[Ljava.lang.Class;@2e23c180}}
DEBUG ConstraintDescriptorImpl - Adding composing constraint: ConstraintDescriptorImpl{annotation=javax.validation.constraints.NotNull, payloads=[], hasComposingConstraints=true, isReportAsSingleInvalidConstraint=false, elementType=FIELD, definedOn=DEFINED_LOCALLY, groups=[interface javax.validation.groups.Default], attributes={message={javax.validation.constraints.NotNull.message}, groups=[Ljava.lang.Class;@25da615a, payload=[Ljava.lang.Class;@4efc25fc}}
DEBUG ConstraintDescriptorImpl - Adding composing constraint: ConstraintDescriptorImpl{annotation=javax.validation.constraints.Size, payloads=[], hasComposingConstraints=true, isReportAsSingleInvalidConstraint=false, elementType=FIELD, definedOn=DEFINED_LOCALLY, groups=[interface javax.validation.groups.Default], attributes={groups=[Ljava.lang.Class;@396e6d9, min=1, message={javax.validation.constraints.Size.message}, max=2147483647, payload=[Ljava.lang.Class;@75308740}}
DEBUG ConstraintDescriptorImpl - Adding composing constraint: ConstraintDescriptorImpl{annotation=javax.validation.constraints.NotNull, payloads=[], hasComposingConstraints=true, isReportAsSingleInvalidConstraint=false, elementType=FIELD, definedOn=DEFINED_LOCALLY, groups=[interface javax.validation.groups.Default], attributes={message={javax.validation.constraints.NotNull.message}, groups=[Ljava.lang.Class;@2d23faef, payload=[Ljava.lang.Class;@7cb8437d}}
DEBUG ConstraintDescriptorImpl - Adding composing constraint: ConstraintDescriptorImpl{annotation=javax.validation.constraints.Size, payloads=[], hasComposingConstraints=true, isReportAsSingleInvalidConstraint=false, elementType=FIELD, definedOn=DEFINED_LOCALLY, groups=[interface javax.validation.groups.Default], attributes={groups=[Ljava.lang.Class;@43f61afb, min=1, message={javax.validation.constraints.Size.message}, max=2147483647, payload=[Ljava.lang.Class;@713064e8}}
DEBUG ConstraintDescriptorImpl - Adding composing constraint: ConstraintDescriptorImpl{annotation=javax.validation.constraints.NotNull, payloads=[], hasComposingConstraints=true, isReportAsSingleInvalidConstraint=false, elementType=FIELD, definedOn=DEFINED_LOCALLY, groups=[interface javax.validation.groups.Default], attributes={message={javax.validation.constraints.NotNull.message}, groups=[Ljava.lang.Class;@670ce331, payload=[Ljava.lang.Class;@3cff0139}}
DEBUG ConstraintDescriptorImpl - Adding composing constraint: ConstraintDescriptorImpl{annotation=javax.validation.constraints.Size, payloads=[], hasComposingConstraints=true, isReportAsSingleInvalidConstraint=false, elementType=FIELD, definedOn=DEFINED_LOCALLY, groups=[interface javax.validation.groups.Default], attributes={groups=[Ljava.lang.Class;@4b2e3e8f, min=1, message={javax.validation.constraints.Size.message}, max=2147483647, payload=[Ljava.lang.Class;@4bbb49b0}}
DEBUG ConstraintDescriptorImpl - Adding composing constraint: ConstraintDescriptorImpl{annotation=javax.validation.constraints.NotNull, payloads=[], hasComposingConstraints=true, isReportAsSingleInvalidConstraint=false, elementType=FIELD, definedOn=DEFINED_LOCALLY, groups=[interface javax.validation.groups.Default], attributes={message={javax.validation.constraints.NotNull.message}, groups=[Ljava.lang.Class;@3effd4f3, payload=[Ljava.lang.Class;@41f4fe5}}
DEBUG ConstraintDescriptorImpl - Adding composing constraint: ConstraintDescriptorImpl{annotation=javax.validation.constraints.Size, payloads=[], hasComposingConstraints=true, isReportAsSingleInvalidConstraint=false, elementType=FIELD, definedOn=DEFINED_LOCALLY, groups=[interface javax.validation.groups.Default], attributes={groups=[Ljava.lang.Class;@514cd540, min=1, message={javax.validation.constraints.Size.message}, max=2147483647, payload=[Ljava.lang.Class;@11d4dbd6}}
DEBUG ConstraintDescriptorImpl - Adding composing constraint: ConstraintDescriptorImpl{annotation=javax.validation.constraints.NotNull, payloads=[], hasComposingConstraints=true, isReportAsSingleInvalidConstraint=false, elementType=FIELD, definedOn=DEFINED_LOCALLY, groups=[interface javax.validation.groups.Default], attributes={message={javax.validation.constraints.NotNull.message}, groups=[Ljava.lang.Class;@39e43310, payload=[Ljava.lang.Class;@eb507b9}}
DEBUG ConstraintDescriptorImpl - Adding composing constraint: ConstraintDescriptorImpl{annotation=javax.validation.constraints.Size, payloads=[], hasComposingConstraints=true, isReportAsSingleInvalidConstraint=false, elementType=FIELD, definedOn=DEFINED_LOCALLY, groups=[interface javax.validation.groups.Default], attributes={groups=[Ljava.lang.Class;@86733, min=1, message={javax.validation.constraints.Size.message}, max=2147483647, payload=[Ljava.lang.Class;@186cb891}}
DEBUG DefaultIdentifierGeneratorFactory - Setting dialect [org.hibernate.dialect.HSQLDialect]
DEBUG DefaultIdentifierGeneratorFactory - Setting dialect [org.hibernate.dialect.HSQLDialect]
DEBUG DefaultIdentifierGeneratorFactory - Setting dialect [org.hibernate.dialect.HSQLDialect]
DEBUG DefaultIdentifierGeneratorFactory - Setting dialect [org.hibernate.dialect.HSQLDialect]
DEBUG DefaultIdentifierGeneratorFactory - Setting dialect [org.hibernate.dialect.HSQLDialect]
DEBUG DefaultIdentifierGeneratorFactory - Setting dialect [org.hibernate.dialect.HSQLDialect]
DEBUG DefaultIdentifierGeneratorFactory - Setting dialect [org.hibernate.dialect.HSQLDialect]
DEBUG DefaultIdentifierGeneratorFactory - Setting dialect [org.hibernate.dialect.HSQLDialect]
DEBUG AbstractEntityPersister - Static SQL for entity: com.expeditors.training.course3demo.model.PhoneNumber
DEBUG AbstractEntityPersister -  Version select: select PHONE_NUMBER_ID from PHONE_NUMBER where PHONE_NUMBER_ID =?
DEBUG AbstractEntityPersister -  Snapshot select: select phonenumbe_.PHONE_NUMBER_ID, phonenumbe_.CARD_ID as CARD3_3_, phonenumbe_.PHONE_NUMBER as PHONE2_3_ from PHONE_NUMBER phonenumbe_ where phonenumbe_.PHONE_NUMBER_ID=?
DEBUG AbstractEntityPersister -  Insert 0: insert into PHONE_NUMBER (CARD_ID, PHONE_NUMBER, PHONE_NUMBER_ID) values (?, ?, ?)
DEBUG AbstractEntityPersister -  Update 0: update PHONE_NUMBER set CARD_ID=?, PHONE_NUMBER=? where PHONE_NUMBER_ID=?
DEBUG AbstractEntityPersister -  Delete 0: delete from PHONE_NUMBER where PHONE_NUMBER_ID=?
DEBUG AbstractEntityPersister -  Identity insert: insert into PHONE_NUMBER (PHONE_NUMBER_ID, CARD_ID, PHONE_NUMBER) values (default, ?, ?)
DEBUG AbstractEntityPersister - Static SQL for entity: com.expeditors.training.course3demo.model.Shipment
DEBUG AbstractEntityPersister -  Version select: select SHIPMENT_ID from Shipment where SHIPMENT_ID =?
DEBUG AbstractEntityPersister -  Snapshot select: select shipment_.SHIPMENT_ID, shipment_.destination as destinat2_5_, shipment_.name as name3_5_, shipment_.origin as origin4_5_, shipment_.volume as volume5_5_ from Shipment shipment_ where shipment_.SHIPMENT_ID=?
DEBUG AbstractEntityPersister -  Insert 0: insert into Shipment (destination, name, origin, volume, SHIPMENT_ID) values (?, ?, ?, ?, ?)
DEBUG AbstractEntityPersister -  Update 0: update Shipment set destination=?, name=?, origin=?, volume=? where SHIPMENT_ID=?
DEBUG AbstractEntityPersister -  Delete 0: delete from Shipment where SHIPMENT_ID=?
DEBUG AbstractEntityPersister -  Identity insert: insert into Shipment (SHIPMENT_ID, destination, name, origin, volume) values (default, ?, ?, ?, ?)
DEBUG AbstractEntityPersister - Static SQL for entity: com.expeditors.training.course3demo.model.Card
DEBUG AbstractEntityPersister -  Version select: select CARD_ID from CARD where CARD_ID =?
DEBUG AbstractEntityPersister -  Snapshot select: select card_.CARD_ID, card_.address as address5_1_, card_.amount as amount2_1_, card_.CARD_NUMBER as CARD3_1_, card_.OWNER_NAME as OWNER4_1_ from CARD card_ where card_.CARD_ID=?
DEBUG AbstractEntityPersister -  Insert 0: insert into CARD (address, amount, CARD_NUMBER, OWNER_NAME, CARD_ID) values (?, ?, ?, ?, ?)
DEBUG AbstractEntityPersister -  Update 0: update CARD set address=?, amount=?, CARD_NUMBER=?, OWNER_NAME=? where CARD_ID=?
DEBUG AbstractEntityPersister -  Delete 0: delete from CARD where CARD_ID=?
DEBUG AbstractEntityPersister -  Identity insert: insert into CARD (CARD_ID, address, amount, CARD_NUMBER, OWNER_NAME) values (default, ?, ?, ?, ?)
DEBUG AbstractEntityPersister - Static SQL for entity: com.expeditors.training.course3demo.model.Container
DEBUG AbstractEntityPersister -  Version select: select CONTAINER_ID from Container where CONTAINER_ID =?
DEBUG AbstractEntityPersister -  Snapshot select: select container_.CONTAINER_ID, container_.capacity as capacity2_2_, container_.destination as destinat3_2_, container_.location as location4_2_, container_.name as name5_2_, container_.status as status6_2_ from Container container_ where container_.CONTAINER_ID=?
DEBUG AbstractEntityPersister -  Insert 0: insert into Container (capacity, destination, location, name, status, CONTAINER_ID) values (?, ?, ?, ?, ?, ?)
DEBUG AbstractEntityPersister -  Update 0: update Container set capacity=?, destination=?, location=?, name=?, status=? where CONTAINER_ID=?
DEBUG AbstractEntityPersister -  Delete 0: delete from Container where CONTAINER_ID=?
DEBUG AbstractEntityPersister -  Identity insert: insert into Container (CONTAINER_ID, capacity, destination, location, name, status) values (default, ?, ?, ?, ?, ?)
DEBUG AbstractEntityPersister - Static SQL for entity: com.expeditors.training.course3demo.model.UserRole
DEBUG AbstractEntityPersister -  Version select: select ROLE_ID from USERROLE where ROLE_ID =?
DEBUG AbstractEntityPersister -  Snapshot select: select userrole_.ROLE_ID, userrole_.ROLE_NAME as ROLE2_7_, userrole_.ROLE_OWNER as ROLE3_7_ from USERROLE userrole_ where userrole_.ROLE_ID=?
DEBUG AbstractEntityPersister -  Insert 0: insert into USERROLE (ROLE_NAME, ROLE_OWNER, ROLE_ID) values (?, ?, ?)
DEBUG AbstractEntityPersister -  Update 0: update USERROLE set ROLE_NAME=?, ROLE_OWNER=? where ROLE_ID=?
DEBUG AbstractEntityPersister -  Delete 0: delete from USERROLE where ROLE_ID=?
DEBUG AbstractEntityPersister -  Identity insert: insert into USERROLE (ROLE_ID, ROLE_NAME, ROLE_OWNER) values (default, ?, ?)
DEBUG AbstractEntityPersister - Static SQL for entity: com.expeditors.training.course3demo.model.Address
DEBUG AbstractEntityPersister -  Version select: select ADDRESS_ID from ADDRESS where ADDRESS_ID =?
DEBUG AbstractEntityPersister -  Snapshot select: select address_.ADDRESS_ID, address_.city as city2_0_, address_.state as state3_0_, address_.street as street4_0_ from ADDRESS address_ where address_.ADDRESS_ID=?
DEBUG AbstractEntityPersister -  Insert 0: insert into ADDRESS (city, state, street, ADDRESS_ID) values (?, ?, ?, ?)
DEBUG AbstractEntityPersister -  Update 0: update ADDRESS set city=?, state=?, street=? where ADDRESS_ID=?
DEBUG AbstractEntityPersister -  Delete 0: delete from ADDRESS where ADDRESS_ID=?
DEBUG AbstractEntityPersister -  Identity insert: insert into ADDRESS (ADDRESS_ID, city, state, street) values (default, ?, ?, ?)
DEBUG AbstractEntityPersister - Static SQL for entity: com.expeditors.training.course3demo.model.UserAccount
DEBUG AbstractEntityPersister -  Version select: select USER_ID from USERACCOUNT where USER_ID =?
DEBUG AbstractEntityPersister -  Snapshot select: select useraccoun_.USER_ID, useraccoun_.enabled as enabled2_6_, useraccoun_.password as password3_6_, useraccoun_.username as username4_6_ from USERACCOUNT useraccoun_ where useraccoun_.USER_ID=?
DEBUG AbstractEntityPersister -  Insert 0: insert into USERACCOUNT (enabled, password, username, USER_ID) values (?, ?, ?, ?)
DEBUG AbstractEntityPersister -  Update 0: update USERACCOUNT set enabled=?, password=?, username=? where USER_ID=?
DEBUG AbstractEntityPersister -  Delete 0: delete from USERACCOUNT where USER_ID=?
DEBUG AbstractEntityPersister -  Identity insert: insert into USERACCOUNT (USER_ID, enabled, password, username) values (default, ?, ?, ?)
DEBUG AbstractEntityPersister - Static SQL for entity: com.expeditors.training.course3demo.model.Product
DEBUG AbstractEntityPersister -  Version select: select PRODUCT_ID from PRODUCT where PRODUCT_ID =?
DEBUG AbstractEntityPersister -  Snapshot select: select product_.PRODUCT_ID, product_.description as descript2_4_, product_.name as name3_4_, product_.price as price4_4_ from PRODUCT product_ where product_.PRODUCT_ID=?
DEBUG AbstractEntityPersister -  Insert 0: insert into PRODUCT (description, name, price, PRODUCT_ID) values (?, ?, ?, ?)
DEBUG AbstractEntityPersister -  Update 0: update PRODUCT set description=?, name=?, price=? where PRODUCT_ID=?
DEBUG AbstractEntityPersister -  Delete 0: delete from PRODUCT where PRODUCT_ID=?
DEBUG AbstractEntityPersister -  Identity insert: insert into PRODUCT (PRODUCT_ID, description, name, price) values (default, ?, ?, ?)
DEBUG AbstractCollectionPersister - Static SQL for collection: com.expeditors.training.course3demo.model.Card.phoneNumbers
DEBUG AbstractCollectionPersister -  Row insert: update PHONE_NUMBER set CARD_ID=?, index=? where PHONE_NUMBER_ID=?
DEBUG AbstractCollectionPersister -  Row update: update PHONE_NUMBER set index=? where PHONE_NUMBER_ID=?
DEBUG AbstractCollectionPersister -  Row delete: update PHONE_NUMBER set CARD_ID=null, index=null where CARD_ID=? and PHONE_NUMBER_ID=?
DEBUG AbstractCollectionPersister -  One-shot delete: update PHONE_NUMBER set CARD_ID=null, index=null where CARD_ID=?
DEBUG AbstractCollectionPersister - Static SQL for collection: com.expeditors.training.course3demo.model.UserAccount.userRoles
DEBUG AbstractCollectionPersister -  Row insert: update USERROLE set ROLE_OWNER=? where ROLE_ID=?
DEBUG AbstractCollectionPersister -  Row update: update USERROLE set  where ROLE_ID=?
DEBUG AbstractCollectionPersister -  Row delete: update USERROLE set ROLE_OWNER=null where ROLE_OWNER=? and ROLE_ID=?
DEBUG AbstractCollectionPersister -  One-shot delete: update USERROLE set ROLE_OWNER=null where ROLE_OWNER=?
DEBUG Loader - Static select for entity com.expeditors.training.course3demo.model.PhoneNumber [NONE]: select phonenumbe0_.PHONE_NUMBER_ID as PHONE1_3_0_, phonenumbe0_.CARD_ID as CARD3_3_0_, phonenumbe0_.PHONE_NUMBER as PHONE2_3_0_ from PHONE_NUMBER phonenumbe0_ where phonenumbe0_.PHONE_NUMBER_ID=?
DEBUG Loader - Static select for entity com.expeditors.training.course3demo.model.PhoneNumber [READ]: select phonenumbe0_.PHONE_NUMBER_ID as PHONE1_3_0_, phonenumbe0_.CARD_ID as CARD3_3_0_, phonenumbe0_.PHONE_NUMBER as PHONE2_3_0_ from PHONE_NUMBER phonenumbe0_ where phonenumbe0_.PHONE_NUMBER_ID=?
DEBUG Loader - Static select for entity com.expeditors.training.course3demo.model.PhoneNumber [UPGRADE]: select phonenumbe0_.PHONE_NUMBER_ID as PHONE1_3_0_, phonenumbe0_.CARD_ID as CARD3_3_0_, phonenumbe0_.PHONE_NUMBER as PHONE2_3_0_ from PHONE_NUMBER phonenumbe0_ where phonenumbe0_.PHONE_NUMBER_ID=?
DEBUG Loader - Static select for entity com.expeditors.training.course3demo.model.PhoneNumber [UPGRADE_NOWAIT]: select phonenumbe0_.PHONE_NUMBER_ID as PHONE1_3_0_, phonenumbe0_.CARD_ID as CARD3_3_0_, phonenumbe0_.PHONE_NUMBER as PHONE2_3_0_ from PHONE_NUMBER phonenumbe0_ where phonenumbe0_.PHONE_NUMBER_ID=?
DEBUG Loader - Static select for entity com.expeditors.training.course3demo.model.PhoneNumber [FORCE]: select phonenumbe0_.PHONE_NUMBER_ID as PHONE1_3_0_, phonenumbe0_.CARD_ID as CARD3_3_0_, phonenumbe0_.PHONE_NUMBER as PHONE2_3_0_ from PHONE_NUMBER phonenumbe0_ where phonenumbe0_.PHONE_NUMBER_ID=?
DEBUG Loader - Static select for entity com.expeditors.training.course3demo.model.PhoneNumber [PESSIMISTIC_READ]: select phonenumbe0_.PHONE_NUMBER_ID as PHONE1_3_0_, phonenumbe0_.CARD_ID as CARD3_3_0_, phonenumbe0_.PHONE_NUMBER as PHONE2_3_0_ from PHONE_NUMBER phonenumbe0_ where phonenumbe0_.PHONE_NUMBER_ID=?
DEBUG Loader - Static select for entity com.expeditors.training.course3demo.model.PhoneNumber [PESSIMISTIC_WRITE]: select phonenumbe0_.PHONE_NUMBER_ID as PHONE1_3_0_, phonenumbe0_.CARD_ID as CARD3_3_0_, phonenumbe0_.PHONE_NUMBER as PHONE2_3_0_ from PHONE_NUMBER phonenumbe0_ where phonenumbe0_.PHONE_NUMBER_ID=?
DEBUG Loader - Static select for entity com.expeditors.training.course3demo.model.PhoneNumber [PESSIMISTIC_FORCE_INCREMENT]: select phonenumbe0_.PHONE_NUMBER_ID as PHONE1_3_0_, phonenumbe0_.CARD_ID as CARD3_3_0_, phonenumbe0_.PHONE_NUMBER as PHONE2_3_0_ from PHONE_NUMBER phonenumbe0_ where phonenumbe0_.PHONE_NUMBER_ID=?
DEBUG Loader - Static select for entity com.expeditors.training.course3demo.model.PhoneNumber [OPTIMISTIC]: select phonenumbe0_.PHONE_NUMBER_ID as PHONE1_3_0_, phonenumbe0_.CARD_ID as CARD3_3_0_, phonenumbe0_.PHONE_NUMBER as PHONE2_3_0_ from PHONE_NUMBER phonenumbe0_ where phonenumbe0_.PHONE_NUMBER_ID=?
DEBUG Loader - Static select for entity com.expeditors.training.course3demo.model.PhoneNumber [OPTIMISTIC_FORCE_INCREMENT]: select phonenumbe0_.PHONE_NUMBER_ID as PHONE1_3_0_, phonenumbe0_.CARD_ID as CARD3_3_0_, phonenumbe0_.PHONE_NUMBER as PHONE2_3_0_ from PHONE_NUMBER phonenumbe0_ where phonenumbe0_.PHONE_NUMBER_ID=?
DEBUG Loader - Static select for action ACTION_MERGE on entity com.expeditors.training.course3demo.model.PhoneNumber: select phonenumbe0_.PHONE_NUMBER_ID as PHONE1_3_0_, phonenumbe0_.CARD_ID as CARD3_3_0_, phonenumbe0_.PHONE_NUMBER as PHONE2_3_0_ from PHONE_NUMBER phonenumbe0_ where phonenumbe0_.PHONE_NUMBER_ID=?
DEBUG Loader - Static select for action ACTION_REFRESH on entity com.expeditors.training.course3demo.model.PhoneNumber: select phonenumbe0_.PHONE_NUMBER_ID as PHONE1_3_0_, phonenumbe0_.CARD_ID as CARD3_3_0_, phonenumbe0_.PHONE_NUMBER as PHONE2_3_0_ from PHONE_NUMBER phonenumbe0_ where phonenumbe0_.PHONE_NUMBER_ID=?
DEBUG Loader - Static select for entity com.expeditors.training.course3demo.model.Shipment [NONE]: select shipment0_.SHIPMENT_ID as SHIPMENT1_5_0_, shipment0_.destination as destinat2_5_0_, shipment0_.name as name3_5_0_, shipment0_.origin as origin4_5_0_, shipment0_.volume as volume5_5_0_ from Shipment shipment0_ where shipment0_.SHIPMENT_ID=?
DEBUG Loader - Static select for entity com.expeditors.training.course3demo.model.Shipment [READ]: select shipment0_.SHIPMENT_ID as SHIPMENT1_5_0_, shipment0_.destination as destinat2_5_0_, shipment0_.name as name3_5_0_, shipment0_.origin as origin4_5_0_, shipment0_.volume as volume5_5_0_ from Shipment shipment0_ where shipment0_.SHIPMENT_ID=?
DEBUG Loader - Static select for entity com.expeditors.training.course3demo.model.Shipment [UPGRADE]: select shipment0_.SHIPMENT_ID as SHIPMENT1_5_0_, shipment0_.destination as destinat2_5_0_, shipment0_.name as name3_5_0_, shipment0_.origin as origin4_5_0_, shipment0_.volume as volume5_5_0_ from Shipment shipment0_ where shipment0_.SHIPMENT_ID=?
DEBUG Loader - Static select for entity com.expeditors.training.course3demo.model.Shipment [UPGRADE_NOWAIT]: select shipment0_.SHIPMENT_ID as SHIPMENT1_5_0_, shipment0_.destination as destinat2_5_0_, shipment0_.name as name3_5_0_, shipment0_.origin as origin4_5_0_, shipment0_.volume as volume5_5_0_ from Shipment shipment0_ where shipment0_.SHIPMENT_ID=?
DEBUG Loader - Static select for entity com.expeditors.training.course3demo.model.Shipment [FORCE]: select shipment0_.SHIPMENT_ID as SHIPMENT1_5_0_, shipment0_.destination as destinat2_5_0_, shipment0_.name as name3_5_0_, shipment0_.origin as origin4_5_0_, shipment0_.volume as volume5_5_0_ from Shipment shipment0_ where shipment0_.SHIPMENT_ID=?
DEBUG Loader - Static select for entity com.expeditors.training.course3demo.model.Shipment [PESSIMISTIC_READ]: select shipment0_.SHIPMENT_ID as SHIPMENT1_5_0_, shipment0_.destination as destinat2_5_0_, shipment0_.name as name3_5_0_, shipment0_.origin as origin4_5_0_, shipment0_.volume as volume5_5_0_ from Shipment shipment0_ where shipment0_.SHIPMENT_ID=?
DEBUG Loader - Static select for entity com.expeditors.training.course3demo.model.Shipment [PESSIMISTIC_WRITE]: select shipment0_.SHIPMENT_ID as SHIPMENT1_5_0_, shipment0_.destination as destinat2_5_0_, shipment0_.name as name3_5_0_, shipment0_.origin as origin4_5_0_, shipment0_.volume as volume5_5_0_ from Shipment shipment0_ where shipment0_.SHIPMENT_ID=?
DEBUG Loader - Static select for entity com.expeditors.training.course3demo.model.Shipment [PESSIMISTIC_FORCE_INCREMENT]: select shipment0_.SHIPMENT_ID as SHIPMENT1_5_0_, shipment0_.destination as destinat2_5_0_, shipment0_.name as name3_5_0_, shipment0_.origin as origin4_5_0_, shipment0_.volume as volume5_5_0_ from Shipment shipment0_ where shipment0_.SHIPMENT_ID=?
DEBUG Loader - Static select for entity com.expeditors.training.course3demo.model.Shipment [OPTIMISTIC]: select shipment0_.SHIPMENT_ID as SHIPMENT1_5_0_, shipment0_.destination as destinat2_5_0_, shipment0_.name as name3_5_0_, shipment0_.origin as origin4_5_0_, shipment0_.volume as volume5_5_0_ from Shipment shipment0_ where shipment0_.SHIPMENT_ID=?
DEBUG Loader - Static select for entity com.expeditors.training.course3demo.model.Shipment [OPTIMISTIC_FORCE_INCREMENT]: select shipment0_.SHIPMENT_ID as SHIPMENT1_5_0_, shipment0_.destination as destinat2_5_0_, shipment0_.name as name3_5_0_, shipment0_.origin as origin4_5_0_, shipment0_.volume as volume5_5_0_ from Shipment shipment0_ where shipment0_.SHIPMENT_ID=?
DEBUG Loader - Static select for action ACTION_MERGE on entity com.expeditors.training.course3demo.model.Shipment: select shipment0_.SHIPMENT_ID as SHIPMENT1_5_0_, shipment0_.destination as destinat2_5_0_, shipment0_.name as name3_5_0_, shipment0_.origin as origin4_5_0_, shipment0_.volume as volume5_5_0_ from Shipment shipment0_ where shipment0_.SHIPMENT_ID=?
DEBUG Loader - Static select for action ACTION_REFRESH on entity com.expeditors.training.course3demo.model.Shipment: select shipment0_.SHIPMENT_ID as SHIPMENT1_5_0_, shipment0_.destination as destinat2_5_0_, shipment0_.name as name3_5_0_, shipment0_.origin as origin4_5_0_, shipment0_.volume as volume5_5_0_ from Shipment shipment0_ where shipment0_.SHIPMENT_ID=?
DEBUG Loader - Static select for entity com.expeditors.training.course3demo.model.Card [NONE]: select card0_.CARD_ID as CARD1_1_2_, card0_.address as address5_1_2_, card0_.amount as amount2_1_2_, card0_.CARD_NUMBER as CARD3_1_2_, card0_.OWNER_NAME as OWNER4_1_2_, address1_.ADDRESS_ID as ADDRESS1_0_0_, address1_.city as city2_0_0_, address1_.state as state3_0_0_, address1_.street as street4_0_0_, phonenumbe2_.CARD_ID as CARD3_1_4_, phonenumbe2_.PHONE_NUMBER_ID as PHONE1_3_4_, phonenumbe2_.index as index4_4_, phonenumbe2_.PHONE_NUMBER_ID as PHONE1_3_1_, phonenumbe2_.CARD_ID as CARD3_3_1_, phonenumbe2_.PHONE_NUMBER as PHONE2_3_1_ from CARD card0_ left outer join ADDRESS address1_ on card0_.address=address1_.ADDRESS_ID left outer join PHONE_NUMBER phonenumbe2_ on card0_.CARD_ID=phonenumbe2_.CARD_ID where card0_.CARD_ID=?
DEBUG Loader - Static select for entity com.expeditors.training.course3demo.model.Card [READ]: select card0_.CARD_ID as CARD1_1_2_, card0_.address as address5_1_2_, card0_.amount as amount2_1_2_, card0_.CARD_NUMBER as CARD3_1_2_, card0_.OWNER_NAME as OWNER4_1_2_, address1_.ADDRESS_ID as ADDRESS1_0_0_, address1_.city as city2_0_0_, address1_.state as state3_0_0_, address1_.street as street4_0_0_, phonenumbe2_.CARD_ID as CARD3_1_4_, phonenumbe2_.PHONE_NUMBER_ID as PHONE1_3_4_, phonenumbe2_.index as index4_4_, phonenumbe2_.PHONE_NUMBER_ID as PHONE1_3_1_, phonenumbe2_.CARD_ID as CARD3_3_1_, phonenumbe2_.PHONE_NUMBER as PHONE2_3_1_ from CARD card0_ left outer join ADDRESS address1_ on card0_.address=address1_.ADDRESS_ID left outer join PHONE_NUMBER phonenumbe2_ on card0_.CARD_ID=phonenumbe2_.CARD_ID where card0_.CARD_ID=?
DEBUG Loader - Static select for entity com.expeditors.training.course3demo.model.Card [UPGRADE]: select card0_.CARD_ID as CARD1_1_0_, card0_.address as address5_1_0_, card0_.amount as amount2_1_0_, card0_.CARD_NUMBER as CARD3_1_0_, card0_.OWNER_NAME as OWNER4_1_0_ from CARD card0_ where card0_.CARD_ID=?
DEBUG Loader - Static select for entity com.expeditors.training.course3demo.model.Card [UPGRADE_NOWAIT]: select card0_.CARD_ID as CARD1_1_0_, card0_.address as address5_1_0_, card0_.amount as amount2_1_0_, card0_.CARD_NUMBER as CARD3_1_0_, card0_.OWNER_NAME as OWNER4_1_0_ from CARD card0_ where card0_.CARD_ID=?
DEBUG Loader - Static select for entity com.expeditors.training.course3demo.model.Card [FORCE]: select card0_.CARD_ID as CARD1_1_0_, card0_.address as address5_1_0_, card0_.amount as amount2_1_0_, card0_.CARD_NUMBER as CARD3_1_0_, card0_.OWNER_NAME as OWNER4_1_0_ from CARD card0_ where card0_.CARD_ID=?
DEBUG Loader - Static select for entity com.expeditors.training.course3demo.model.Card [PESSIMISTIC_READ]: select card0_.CARD_ID as CARD1_1_0_, card0_.address as address5_1_0_, card0_.amount as amount2_1_0_, card0_.CARD_NUMBER as CARD3_1_0_, card0_.OWNER_NAME as OWNER4_1_0_ from CARD card0_ where card0_.CARD_ID=?
DEBUG Loader - Static select for entity com.expeditors.training.course3demo.model.Card [PESSIMISTIC_WRITE]: select card0_.CARD_ID as CARD1_1_0_, card0_.address as address5_1_0_, card0_.amount as amount2_1_0_, card0_.CARD_NUMBER as CARD3_1_0_, card0_.OWNER_NAME as OWNER4_1_0_ from CARD card0_ where card0_.CARD_ID=?
DEBUG Loader - Static select for entity com.expeditors.training.course3demo.model.Card [PESSIMISTIC_FORCE_INCREMENT]: select card0_.CARD_ID as CARD1_1_0_, card0_.address as address5_1_0_, card0_.amount as amount2_1_0_, card0_.CARD_NUMBER as CARD3_1_0_, card0_.OWNER_NAME as OWNER4_1_0_ from CARD card0_ where card0_.CARD_ID=?
DEBUG Loader - Static select for entity com.expeditors.training.course3demo.model.Card [OPTIMISTIC]: select card0_.CARD_ID as CARD1_1_0_, card0_.address as address5_1_0_, card0_.amount as amount2_1_0_, card0_.CARD_NUMBER as CARD3_1_0_, card0_.OWNER_NAME as OWNER4_1_0_ from CARD card0_ where card0_.CARD_ID=?
DEBUG Loader - Static select for entity com.expeditors.training.course3demo.model.Card [OPTIMISTIC_FORCE_INCREMENT]: select card0_.CARD_ID as CARD1_1_0_, card0_.address as address5_1_0_, card0_.amount as amount2_1_0_, card0_.CARD_NUMBER as CARD3_1_0_, card0_.OWNER_NAME as OWNER4_1_0_ from CARD card0_ where card0_.CARD_ID=?
DEBUG Loader - Static select for action ACTION_MERGE on entity com.expeditors.training.course3demo.model.Card: select card0_.CARD_ID as CARD1_1_2_, card0_.address as address5_1_2_, card0_.amount as amount2_1_2_, card0_.CARD_NUMBER as CARD3_1_2_, card0_.OWNER_NAME as OWNER4_1_2_, address1_.ADDRESS_ID as ADDRESS1_0_0_, address1_.city as city2_0_0_, address1_.state as state3_0_0_, address1_.street as street4_0_0_, phonenumbe2_.CARD_ID as CARD3_1_4_, phonenumbe2_.PHONE_NUMBER_ID as PHONE1_3_4_, phonenumbe2_.index as index4_4_, phonenumbe2_.PHONE_NUMBER_ID as PHONE1_3_1_, phonenumbe2_.CARD_ID as CARD3_3_1_, phonenumbe2_.PHONE_NUMBER as PHONE2_3_1_ from CARD card0_ left outer join ADDRESS address1_ on card0_.address=address1_.ADDRESS_ID left outer join PHONE_NUMBER phonenumbe2_ on card0_.CARD_ID=phonenumbe2_.CARD_ID where card0_.CARD_ID=?
DEBUG Loader - Static select for action ACTION_REFRESH on entity com.expeditors.training.course3demo.model.Card: select card0_.CARD_ID as CARD1_1_2_, card0_.address as address5_1_2_, card0_.amount as amount2_1_2_, card0_.CARD_NUMBER as CARD3_1_2_, card0_.OWNER_NAME as OWNER4_1_2_, address1_.ADDRESS_ID as ADDRESS1_0_0_, address1_.city as city2_0_0_, address1_.state as state3_0_0_, address1_.street as street4_0_0_, phonenumbe2_.CARD_ID as CARD3_1_4_, phonenumbe2_.PHONE_NUMBER_ID as PHONE1_3_4_, phonenumbe2_.index as index4_4_, phonenumbe2_.PHONE_NUMBER_ID as PHONE1_3_1_, phonenumbe2_.CARD_ID as CARD3_3_1_, phonenumbe2_.PHONE_NUMBER as PHONE2_3_1_ from CARD card0_ left outer join ADDRESS address1_ on card0_.address=address1_.ADDRESS_ID left outer join PHONE_NUMBER phonenumbe2_ on card0_.CARD_ID=phonenumbe2_.CARD_ID where card0_.CARD_ID=?
DEBUG Loader - Static select for entity com.expeditors.training.course3demo.model.Container [NONE]: select container0_.CONTAINER_ID as CONTAINE1_2_0_, container0_.capacity as capacity2_2_0_, container0_.destination as destinat3_2_0_, container0_.location as location4_2_0_, container0_.name as name5_2_0_, container0_.status as status6_2_0_ from Container container0_ where container0_.CONTAINER_ID=?
DEBUG Loader - Static select for entity com.expeditors.training.course3demo.model.Container [READ]: select container0_.CONTAINER_ID as CONTAINE1_2_0_, container0_.capacity as capacity2_2_0_, container0_.destination as destinat3_2_0_, container0_.location as location4_2_0_, container0_.name as name5_2_0_, container0_.status as status6_2_0_ from Container container0_ where container0_.CONTAINER_ID=?
DEBUG Loader - Static select for entity com.expeditors.training.course3demo.model.Container [UPGRADE]: select container0_.CONTAINER_ID as CONTAINE1_2_0_, container0_.capacity as capacity2_2_0_, container0_.destination as destinat3_2_0_, container0_.location as location4_2_0_, container0_.name as name5_2_0_, container0_.status as status6_2_0_ from Container container0_ where container0_.CONTAINER_ID=?
DEBUG Loader - Static select for entity com.expeditors.training.course3demo.model.Container [UPGRADE_NOWAIT]: select container0_.CONTAINER_ID as CONTAINE1_2_0_, container0_.capacity as capacity2_2_0_, container0_.destination as destinat3_2_0_, container0_.location as location4_2_0_, container0_.name as name5_2_0_, container0_.status as status6_2_0_ from Container container0_ where container0_.CONTAINER_ID=?
DEBUG Loader - Static select for entity com.expeditors.training.course3demo.model.Container [FORCE]: select container0_.CONTAINER_ID as CONTAINE1_2_0_, container0_.capacity as capacity2_2_0_, container0_.destination as destinat3_2_0_, container0_.location as location4_2_0_, container0_.name as name5_2_0_, container0_.status as status6_2_0_ from Container container0_ where container0_.CONTAINER_ID=?
DEBUG Loader - Static select for entity com.expeditors.training.course3demo.model.Container [PESSIMISTIC_READ]: select container0_.CONTAINER_ID as CONTAINE1_2_0_, container0_.capacity as capacity2_2_0_, container0_.destination as destinat3_2_0_, container0_.location as location4_2_0_, container0_.name as name5_2_0_, container0_.status as status6_2_0_ from Container container0_ where container0_.CONTAINER_ID=?
DEBUG Loader - Static select for entity com.expeditors.training.course3demo.model.Container [PESSIMISTIC_WRITE]: select container0_.CONTAINER_ID as CONTAINE1_2_0_, container0_.capacity as capacity2_2_0_, container0_.destination as destinat3_2_0_, container0_.location as location4_2_0_, container0_.name as name5_2_0_, container0_.status as status6_2_0_ from Container container0_ where container0_.CONTAINER_ID=?
DEBUG Loader - Static select for entity com.expeditors.training.course3demo.model.Container [PESSIMISTIC_FORCE_INCREMENT]: select container0_.CONTAINER_ID as CONTAINE1_2_0_, container0_.capacity as capacity2_2_0_, container0_.destination as destinat3_2_0_, container0_.location as location4_2_0_, container0_.name as name5_2_0_, container0_.status as status6_2_0_ from Container container0_ where container0_.CONTAINER_ID=?
DEBUG Loader - Static select for entity com.expeditors.training.course3demo.model.Container [OPTIMISTIC]: select container0_.CONTAINER_ID as CONTAINE1_2_0_, container0_.capacity as capacity2_2_0_, container0_.destination as destinat3_2_0_, container0_.location as location4_2_0_, container0_.name as name5_2_0_, container0_.status as status6_2_0_ from Container container0_ where container0_.CONTAINER_ID=?
DEBUG Loader - Static select for entity com.expeditors.training.course3demo.model.Container [OPTIMISTIC_FORCE_INCREMENT]: select container0_.CONTAINER_ID as CONTAINE1_2_0_, container0_.capacity as capacity2_2_0_, container0_.destination as destinat3_2_0_, container0_.location as location4_2_0_, container0_.name as name5_2_0_, container0_.status as status6_2_0_ from Container container0_ where container0_.CONTAINER_ID=?
DEBUG Loader - Static select for action ACTION_MERGE on entity com.expeditors.training.course3demo.model.Container: select container0_.CONTAINER_ID as CONTAINE1_2_0_, container0_.capacity as capacity2_2_0_, container0_.destination as destinat3_2_0_, container0_.location as location4_2_0_, container0_.name as name5_2_0_, container0_.status as status6_2_0_ from Container container0_ where container0_.CONTAINER_ID=?
DEBUG Loader - Static select for action ACTION_REFRESH on entity com.expeditors.training.course3demo.model.Container: select container0_.CONTAINER_ID as CONTAINE1_2_0_, container0_.capacity as capacity2_2_0_, container0_.destination as destinat3_2_0_, container0_.location as location4_2_0_, container0_.name as name5_2_0_, container0_.status as status6_2_0_ from Container container0_ where container0_.CONTAINER_ID=?
DEBUG Loader - Static select for entity com.expeditors.training.course3demo.model.UserRole [NONE]: select userrole0_.ROLE_ID as ROLE1_7_0_, userrole0_.ROLE_NAME as ROLE2_7_0_, userrole0_.ROLE_OWNER as ROLE3_7_0_ from USERROLE userrole0_ where userrole0_.ROLE_ID=?
DEBUG Loader - Static select for entity com.expeditors.training.course3demo.model.UserRole [READ]: select userrole0_.ROLE_ID as ROLE1_7_0_, userrole0_.ROLE_NAME as ROLE2_7_0_, userrole0_.ROLE_OWNER as ROLE3_7_0_ from USERROLE userrole0_ where userrole0_.ROLE_ID=?
DEBUG Loader - Static select for entity com.expeditors.training.course3demo.model.UserRole [UPGRADE]: select userrole0_.ROLE_ID as ROLE1_7_0_, userrole0_.ROLE_NAME as ROLE2_7_0_, userrole0_.ROLE_OWNER as ROLE3_7_0_ from USERROLE userrole0_ where userrole0_.ROLE_ID=?
DEBUG Loader - Static select for entity com.expeditors.training.course3demo.model.UserRole [UPGRADE_NOWAIT]: select userrole0_.ROLE_ID as ROLE1_7_0_, userrole0_.ROLE_NAME as ROLE2_7_0_, userrole0_.ROLE_OWNER as ROLE3_7_0_ from USERROLE userrole0_ where userrole0_.ROLE_ID=?
DEBUG Loader - Static select for entity com.expeditors.training.course3demo.model.UserRole [FORCE]: select userrole0_.ROLE_ID as ROLE1_7_0_, userrole0_.ROLE_NAME as ROLE2_7_0_, userrole0_.ROLE_OWNER as ROLE3_7_0_ from USERROLE userrole0_ where userrole0_.ROLE_ID=?
DEBUG Loader - Static select for entity com.expeditors.training.course3demo.model.UserRole [PESSIMISTIC_READ]: select userrole0_.ROLE_ID as ROLE1_7_0_, userrole0_.ROLE_NAME as ROLE2_7_0_, userrole0_.ROLE_OWNER as ROLE3_7_0_ from USERROLE userrole0_ where userrole0_.ROLE_ID=?
DEBUG Loader - Static select for entity com.expeditors.training.course3demo.model.UserRole [PESSIMISTIC_WRITE]: select userrole0_.ROLE_ID as ROLE1_7_0_, userrole0_.ROLE_NAME as ROLE2_7_0_, userrole0_.ROLE_OWNER as ROLE3_7_0_ from USERROLE userrole0_ where userrole0_.ROLE_ID=?
DEBUG Loader - Static select for entity com.expeditors.training.course3demo.model.UserRole [PESSIMISTIC_FORCE_INCREMENT]: select userrole0_.ROLE_ID as ROLE1_7_0_, userrole0_.ROLE_NAME as ROLE2_7_0_, userrole0_.ROLE_OWNER as ROLE3_7_0_ from USERROLE userrole0_ where userrole0_.ROLE_ID=?
DEBUG Loader - Static select for entity com.expeditors.training.course3demo.model.UserRole [OPTIMISTIC]: select userrole0_.ROLE_ID as ROLE1_7_0_, userrole0_.ROLE_NAME as ROLE2_7_0_, userrole0_.ROLE_OWNER as ROLE3_7_0_ from USERROLE userrole0_ where userrole0_.ROLE_ID=?
DEBUG Loader - Static select for entity com.expeditors.training.course3demo.model.UserRole [OPTIMISTIC_FORCE_INCREMENT]: select userrole0_.ROLE_ID as ROLE1_7_0_, userrole0_.ROLE_NAME as ROLE2_7_0_, userrole0_.ROLE_OWNER as ROLE3_7_0_ from USERROLE userrole0_ where userrole0_.ROLE_ID=?
DEBUG Loader - Static select for action ACTION_MERGE on entity com.expeditors.training.course3demo.model.UserRole: select userrole0_.ROLE_ID as ROLE1_7_0_, userrole0_.ROLE_NAME as ROLE2_7_0_, userrole0_.ROLE_OWNER as ROLE3_7_0_ from USERROLE userrole0_ where userrole0_.ROLE_ID=?
DEBUG Loader - Static select for action ACTION_REFRESH on entity com.expeditors.training.course3demo.model.UserRole: select userrole0_.ROLE_ID as ROLE1_7_0_, userrole0_.ROLE_NAME as ROLE2_7_0_, userrole0_.ROLE_OWNER as ROLE3_7_0_ from USERROLE userrole0_ where userrole0_.ROLE_ID=?
DEBUG Loader - Static select for entity com.expeditors.training.course3demo.model.Address [NONE]: select address0_.ADDRESS_ID as ADDRESS1_0_0_, address0_.city as city2_0_0_, address0_.state as state3_0_0_, address0_.street as street4_0_0_ from ADDRESS address0_ where address0_.ADDRESS_ID=?
DEBUG Loader - Static select for entity com.expeditors.training.course3demo.model.Address [READ]: select address0_.ADDRESS_ID as ADDRESS1_0_0_, address0_.city as city2_0_0_, address0_.state as state3_0_0_, address0_.street as street4_0_0_ from ADDRESS address0_ where address0_.ADDRESS_ID=?
DEBUG Loader - Static select for entity com.expeditors.training.course3demo.model.Address [UPGRADE]: select address0_.ADDRESS_ID as ADDRESS1_0_0_, address0_.city as city2_0_0_, address0_.state as state3_0_0_, address0_.street as street4_0_0_ from ADDRESS address0_ where address0_.ADDRESS_ID=?
DEBUG Loader - Static select for entity com.expeditors.training.course3demo.model.Address [UPGRADE_NOWAIT]: select address0_.ADDRESS_ID as ADDRESS1_0_0_, address0_.city as city2_0_0_, address0_.state as state3_0_0_, address0_.street as street4_0_0_ from ADDRESS address0_ where address0_.ADDRESS_ID=?
DEBUG Loader - Static select for entity com.expeditors.training.course3demo.model.Address [FORCE]: select address0_.ADDRESS_ID as ADDRESS1_0_0_, address0_.city as city2_0_0_, address0_.state as state3_0_0_, address0_.street as street4_0_0_ from ADDRESS address0_ where address0_.ADDRESS_ID=?
DEBUG Loader - Static select for entity com.expeditors.training.course3demo.model.Address [PESSIMISTIC_READ]: select address0_.ADDRESS_ID as ADDRESS1_0_0_, address0_.city as city2_0_0_, address0_.state as state3_0_0_, address0_.street as street4_0_0_ from ADDRESS address0_ where address0_.ADDRESS_ID=?
DEBUG Loader - Static select for entity com.expeditors.training.course3demo.model.Address [PESSIMISTIC_WRITE]: select address0_.ADDRESS_ID as ADDRESS1_0_0_, address0_.city as city2_0_0_, address0_.state as state3_0_0_, address0_.street as street4_0_0_ from ADDRESS address0_ where address0_.ADDRESS_ID=?
DEBUG Loader - Static select for entity com.expeditors.training.course3demo.model.Address [PESSIMISTIC_FORCE_INCREMENT]: select address0_.ADDRESS_ID as ADDRESS1_0_0_, address0_.city as city2_0_0_, address0_.state as state3_0_0_, address0_.street as street4_0_0_ from ADDRESS address0_ where address0_.ADDRESS_ID=?
DEBUG Loader - Static select for entity com.expeditors.training.course3demo.model.Address [OPTIMISTIC]: select address0_.ADDRESS_ID as ADDRESS1_0_0_, address0_.city as city2_0_0_, address0_.state as state3_0_0_, address0_.street as street4_0_0_ from ADDRESS address0_ where address0_.ADDRESS_ID=?
DEBUG Loader - Static select for entity com.expeditors.training.course3demo.model.Address [OPTIMISTIC_FORCE_INCREMENT]: select address0_.ADDRESS_ID as ADDRESS1_0_0_, address0_.city as city2_0_0_, address0_.state as state3_0_0_, address0_.street as street4_0_0_ from ADDRESS address0_ where address0_.ADDRESS_ID=?
DEBUG Loader - Static select for action ACTION_MERGE on entity com.expeditors.training.course3demo.model.Address: select address0_.ADDRESS_ID as ADDRESS1_0_0_, address0_.city as city2_0_0_, address0_.state as state3_0_0_, address0_.street as street4_0_0_ from ADDRESS address0_ where address0_.ADDRESS_ID=?
DEBUG Loader - Static select for action ACTION_REFRESH on entity com.expeditors.training.course3demo.model.Address: select address0_.ADDRESS_ID as ADDRESS1_0_0_, address0_.city as city2_0_0_, address0_.state as state3_0_0_, address0_.street as street4_0_0_ from ADDRESS address0_ where address0_.ADDRESS_ID=?
DEBUG Loader - Static select for entity com.expeditors.training.course3demo.model.UserAccount [NONE]: select useraccoun0_.USER_ID as USER1_6_1_, useraccoun0_.enabled as enabled2_6_1_, useraccoun0_.password as password3_6_1_, useraccoun0_.username as username4_6_1_, userroles1_.ROLE_OWNER as ROLE3_6_3_, userroles1_.ROLE_ID as ROLE1_7_3_, userroles1_.ROLE_ID as ROLE1_7_0_, userroles1_.ROLE_NAME as ROLE2_7_0_, userroles1_.ROLE_OWNER as ROLE3_7_0_ from USERACCOUNT useraccoun0_ left outer join USERROLE userroles1_ on useraccoun0_.USER_ID=userroles1_.ROLE_OWNER where useraccoun0_.USER_ID=?
DEBUG Loader - Static select for entity com.expeditors.training.course3demo.model.UserAccount [READ]: select useraccoun0_.USER_ID as USER1_6_1_, useraccoun0_.enabled as enabled2_6_1_, useraccoun0_.password as password3_6_1_, useraccoun0_.username as username4_6_1_, userroles1_.ROLE_OWNER as ROLE3_6_3_, userroles1_.ROLE_ID as ROLE1_7_3_, userroles1_.ROLE_ID as ROLE1_7_0_, userroles1_.ROLE_NAME as ROLE2_7_0_, userroles1_.ROLE_OWNER as ROLE3_7_0_ from USERACCOUNT useraccoun0_ left outer join USERROLE userroles1_ on useraccoun0_.USER_ID=userroles1_.ROLE_OWNER where useraccoun0_.USER_ID=?
DEBUG Loader - Static select for entity com.expeditors.training.course3demo.model.UserAccount [UPGRADE]: select useraccoun0_.USER_ID as USER1_6_0_, useraccoun0_.enabled as enabled2_6_0_, useraccoun0_.password as password3_6_0_, useraccoun0_.username as username4_6_0_ from USERACCOUNT useraccoun0_ where useraccoun0_.USER_ID=?
DEBUG Loader - Static select for entity com.expeditors.training.course3demo.model.UserAccount [UPGRADE_NOWAIT]: select useraccoun0_.USER_ID as USER1_6_0_, useraccoun0_.enabled as enabled2_6_0_, useraccoun0_.password as password3_6_0_, useraccoun0_.username as username4_6_0_ from USERACCOUNT useraccoun0_ where useraccoun0_.USER_ID=?
DEBUG Loader - Static select for entity com.expeditors.training.course3demo.model.UserAccount [FORCE]: select useraccoun0_.USER_ID as USER1_6_0_, useraccoun0_.enabled as enabled2_6_0_, useraccoun0_.password as password3_6_0_, useraccoun0_.username as username4_6_0_ from USERACCOUNT useraccoun0_ where useraccoun0_.USER_ID=?
DEBUG Loader - Static select for entity com.expeditors.training.course3demo.model.UserAccount [PESSIMISTIC_READ]: select useraccoun0_.USER_ID as USER1_6_0_, useraccoun0_.enabled as enabled2_6_0_, useraccoun0_.password as password3_6_0_, useraccoun0_.username as username4_6_0_ from USERACCOUNT useraccoun0_ where useraccoun0_.USER_ID=?
DEBUG Loader - Static select for entity com.expeditors.training.course3demo.model.UserAccount [PESSIMISTIC_WRITE]: select useraccoun0_.USER_ID as USER1_6_0_, useraccoun0_.enabled as enabled2_6_0_, useraccoun0_.password as password3_6_0_, useraccoun0_.username as username4_6_0_ from USERACCOUNT useraccoun0_ where useraccoun0_.USER_ID=?
DEBUG Loader - Static select for entity com.expeditors.training.course3demo.model.UserAccount [PESSIMISTIC_FORCE_INCREMENT]: select useraccoun0_.USER_ID as USER1_6_0_, useraccoun0_.enabled as enabled2_6_0_, useraccoun0_.password as password3_6_0_, useraccoun0_.username as username4_6_0_ from USERACCOUNT useraccoun0_ where useraccoun0_.USER_ID=?
DEBUG Loader - Static select for entity com.expeditors.training.course3demo.model.UserAccount [OPTIMISTIC]: select useraccoun0_.USER_ID as USER1_6_0_, useraccoun0_.enabled as enabled2_6_0_, useraccoun0_.password as password3_6_0_, useraccoun0_.username as username4_6_0_ from USERACCOUNT useraccoun0_ where useraccoun0_.USER_ID=?
DEBUG Loader - Static select for entity com.expeditors.training.course3demo.model.UserAccount [OPTIMISTIC_FORCE_INCREMENT]: select useraccoun0_.USER_ID as USER1_6_0_, useraccoun0_.enabled as enabled2_6_0_, useraccoun0_.password as password3_6_0_, useraccoun0_.username as username4_6_0_ from USERACCOUNT useraccoun0_ where useraccoun0_.USER_ID=?
DEBUG Loader - Static select for action ACTION_MERGE on entity com.expeditors.training.course3demo.model.UserAccount: select useraccoun0_.USER_ID as USER1_6_1_, useraccoun0_.enabled as enabled2_6_1_, useraccoun0_.password as password3_6_1_, useraccoun0_.username as username4_6_1_, userroles1_.ROLE_OWNER as ROLE3_6_3_, userroles1_.ROLE_ID as ROLE1_7_3_, userroles1_.ROLE_ID as ROLE1_7_0_, userroles1_.ROLE_NAME as ROLE2_7_0_, userroles1_.ROLE_OWNER as ROLE3_7_0_ from USERACCOUNT useraccoun0_ left outer join USERROLE userroles1_ on useraccoun0_.USER_ID=userroles1_.ROLE_OWNER where useraccoun0_.USER_ID=?
DEBUG Loader - Static select for action ACTION_REFRESH on entity com.expeditors.training.course3demo.model.UserAccount: select useraccoun0_.USER_ID as USER1_6_1_, useraccoun0_.enabled as enabled2_6_1_, useraccoun0_.password as password3_6_1_, useraccoun0_.username as username4_6_1_, userroles1_.ROLE_OWNER as ROLE3_6_3_, userroles1_.ROLE_ID as ROLE1_7_3_, userroles1_.ROLE_ID as ROLE1_7_0_, userroles1_.ROLE_NAME as ROLE2_7_0_, userroles1_.ROLE_OWNER as ROLE3_7_0_ from USERACCOUNT useraccoun0_ left outer join USERROLE userroles1_ on useraccoun0_.USER_ID=userroles1_.ROLE_OWNER where useraccoun0_.USER_ID=?
DEBUG Loader - Static select for entity com.expeditors.training.course3demo.model.Product [NONE]: select product0_.PRODUCT_ID as PRODUCT1_4_0_, product0_.description as descript2_4_0_, product0_.name as name3_4_0_, product0_.price as price4_4_0_ from PRODUCT product0_ where product0_.PRODUCT_ID=?
DEBUG Loader - Static select for entity com.expeditors.training.course3demo.model.Product [READ]: select product0_.PRODUCT_ID as PRODUCT1_4_0_, product0_.description as descript2_4_0_, product0_.name as name3_4_0_, product0_.price as price4_4_0_ from PRODUCT product0_ where product0_.PRODUCT_ID=?
DEBUG Loader - Static select for entity com.expeditors.training.course3demo.model.Product [UPGRADE]: select product0_.PRODUCT_ID as PRODUCT1_4_0_, product0_.description as descript2_4_0_, product0_.name as name3_4_0_, product0_.price as price4_4_0_ from PRODUCT product0_ where product0_.PRODUCT_ID=?
DEBUG Loader - Static select for entity com.expeditors.training.course3demo.model.Product [UPGRADE_NOWAIT]: select product0_.PRODUCT_ID as PRODUCT1_4_0_, product0_.description as descript2_4_0_, product0_.name as name3_4_0_, product0_.price as price4_4_0_ from PRODUCT product0_ where product0_.PRODUCT_ID=?
DEBUG Loader - Static select for entity com.expeditors.training.course3demo.model.Product [FORCE]: select product0_.PRODUCT_ID as PRODUCT1_4_0_, product0_.description as descript2_4_0_, product0_.name as name3_4_0_, product0_.price as price4_4_0_ from PRODUCT product0_ where product0_.PRODUCT_ID=?
DEBUG Loader - Static select for entity com.expeditors.training.course3demo.model.Product [PESSIMISTIC_READ]: select product0_.PRODUCT_ID as PRODUCT1_4_0_, product0_.description as descript2_4_0_, product0_.name as name3_4_0_, product0_.price as price4_4_0_ from PRODUCT product0_ where product0_.PRODUCT_ID=?
DEBUG Loader - Static select for entity com.expeditors.training.course3demo.model.Product [PESSIMISTIC_WRITE]: select product0_.PRODUCT_ID as PRODUCT1_4_0_, product0_.description as descript2_4_0_, product0_.name as name3_4_0_, product0_.price as price4_4_0_ from PRODUCT product0_ where product0_.PRODUCT_ID=?
DEBUG Loader - Static select for entity com.expeditors.training.course3demo.model.Product [PESSIMISTIC_FORCE_INCREMENT]: select product0_.PRODUCT_ID as PRODUCT1_4_0_, product0_.description as descript2_4_0_, product0_.name as name3_4_0_, product0_.price as price4_4_0_ from PRODUCT product0_ where product0_.PRODUCT_ID=?
DEBUG Loader - Static select for entity com.expeditors.training.course3demo.model.Product [OPTIMISTIC]: select product0_.PRODUCT_ID as PRODUCT1_4_0_, product0_.description as descript2_4_0_, product0_.name as name3_4_0_, product0_.price as price4_4_0_ from PRODUCT product0_ where product0_.PRODUCT_ID=?
DEBUG Loader - Static select for entity com.expeditors.training.course3demo.model.Product [OPTIMISTIC_FORCE_INCREMENT]: select product0_.PRODUCT_ID as PRODUCT1_4_0_, product0_.description as descript2_4_0_, product0_.name as name3_4_0_, product0_.price as price4_4_0_ from PRODUCT product0_ where product0_.PRODUCT_ID=?
DEBUG Loader - Static select for action ACTION_MERGE on entity com.expeditors.training.course3demo.model.Product: select product0_.PRODUCT_ID as PRODUCT1_4_0_, product0_.description as descript2_4_0_, product0_.name as name3_4_0_, product0_.price as price4_4_0_ from PRODUCT product0_ where product0_.PRODUCT_ID=?
DEBUG Loader - Static select for action ACTION_REFRESH on entity com.expeditors.training.course3demo.model.Product: select product0_.PRODUCT_ID as PRODUCT1_4_0_, product0_.description as descript2_4_0_, product0_.name as name3_4_0_, product0_.price as price4_4_0_ from PRODUCT product0_ where product0_.PRODUCT_ID=?
DEBUG OneToManyLoader - Static select for one-to-many com.expeditors.training.course3demo.model.Card.phoneNumbers: select phonenumbe0_.CARD_ID as CARD3_1_1_, phonenumbe0_.PHONE_NUMBER_ID as PHONE1_3_1_, phonenumbe0_.index as index4_1_, phonenumbe0_.PHONE_NUMBER_ID as PHONE1_3_0_, phonenumbe0_.CARD_ID as CARD3_3_0_, phonenumbe0_.PHONE_NUMBER as PHONE2_3_0_ from PHONE_NUMBER phonenumbe0_ where phonenumbe0_.CARD_ID=?
DEBUG OneToManyLoader - Static select for one-to-many com.expeditors.training.course3demo.model.UserAccount.userRoles: select userroles0_.ROLE_OWNER as ROLE3_6_1_, userroles0_.ROLE_ID as ROLE1_7_1_, userroles0_.ROLE_ID as ROLE1_7_0_, userroles0_.ROLE_NAME as ROLE2_7_0_, userroles0_.ROLE_OWNER as ROLE3_7_0_ from USERROLE userroles0_ where userroles0_.ROLE_OWNER=?
DEBUG SessionFactoryRegistry - Registering SessionFactory: 2a86d0c2-cef1-4627-88d3-76a70a2bd418 (&lt;unnamed&gt;)
DEBUG SessionFactoryRegistry - Not binding SessionFactory to JNDI, no JNDI name configured
DEBUG SessionFactoryImpl - Instantiated session factory
DEBUG Configuration - Processing hbm.xml files
DEBUG Configuration - Process annotated classes
DEBUG Configuration - Processing fk mappings (*ToOne and JoinedSubclass)
DEBUG Configuration - Processing extends queue
DEBUG Configuration - Processing extends queue
DEBUG Configuration - Processing collection mappings
DEBUG Configuration - Processing native query and ResultSetMapping mappings
DEBUG Configuration - Processing association property references
DEBUG Configuration - Creating tables&apos; unique integer identifiers
DEBUG Configuration - Processing foreign key constraints
DEBUG Configuration - Resolving reference to class: com.expeditors.training.course3demo.model.Address
DEBUG Configuration - Resolving reference to class: com.expeditors.training.course3demo.model.Card
DEBUG Configuration - Resolving reference to class: com.expeditors.training.course3demo.model.UserAccount
DEBUG DefaultIdentifierGeneratorFactory - Setting dialect [org.hibernate.dialect.HSQLDialect]
DEBUG DefaultIdentifierGeneratorFactory - Setting dialect [org.hibernate.dialect.HSQLDialect]
DEBUG DefaultIdentifierGeneratorFactory - Setting dialect [org.hibernate.dialect.HSQLDialect]
DEBUG DefaultIdentifierGeneratorFactory - Setting dialect [org.hibernate.dialect.HSQLDialect]
DEBUG DefaultIdentifierGeneratorFactory - Setting dialect [org.hibernate.dialect.HSQLDialect]
DEBUG DefaultIdentifierGeneratorFactory - Setting dialect [org.hibernate.dialect.HSQLDialect]
DEBUG DefaultIdentifierGeneratorFactory - Setting dialect [org.hibernate.dialect.HSQLDialect]
DEBUG DefaultIdentifierGeneratorFactory - Setting dialect [org.hibernate.dialect.HSQLDialect]
DEBUG Configuration - Processing hbm.xml files
DEBUG Configuration - Process annotated classes
DEBUG Configuration - Processing fk mappings (*ToOne and JoinedSubclass)
DEBUG Configuration - Processing extends queue
DEBUG Configuration - Processing extends queue
DEBUG Configuration - Processing collection mappings
DEBUG Configuration - Processing native query and ResultSetMapping mappings
DEBUG Configuration - Processing association property references
DEBUG Configuration - Creating tables&apos; unique integer identifiers
DEBUG Configuration - Processing foreign key constraints
DEBUG Configuration - Resolving reference to class: com.expeditors.training.course3demo.model.Address
DEBUG Configuration - Resolving reference to class: com.expeditors.training.course3demo.model.Card
DEBUG Configuration - Resolving reference to class: com.expeditors.training.course3demo.model.UserAccount
DEBUG DefaultIdentifierGeneratorFactory - Setting dialect [org.hibernate.dialect.HSQLDialect]
DEBUG DefaultIdentifierGeneratorFactory - Setting dialect [org.hibernate.dialect.HSQLDialect]
DEBUG DefaultIdentifierGeneratorFactory - Setting dialect [org.hibernate.dialect.HSQLDialect]
DEBUG DefaultIdentifierGeneratorFactory - Setting dialect [org.hibernate.dialect.HSQLDialect]
DEBUG DefaultIdentifierGeneratorFactory - Setting dialect [org.hibernate.dialect.HSQLDialect]
DEBUG DefaultIdentifierGeneratorFactory - Setting dialect [org.hibernate.dialect.HSQLDialect]
DEBUG DefaultIdentifierGeneratorFactory - Setting dialect [org.hibernate.dialect.HSQLDialect]
DEBUG DefaultIdentifierGeneratorFactory - Setting dialect [org.hibernate.dialect.HSQLDialect]
DEBUG DefaultIdentifierGeneratorFactory - Setting dialect [org.hibernate.dialect.HSQLDialect]
DEBUG DefaultIdentifierGeneratorFactory - Setting dialect [org.hibernate.dialect.HSQLDialect]
DEBUG DefaultIdentifierGeneratorFactory - Setting dialect [org.hibernate.dialect.HSQLDialect]
DEBUG DefaultIdentifierGeneratorFactory - Setting dialect [org.hibernate.dialect.HSQLDialect]
DEBUG DefaultIdentifierGeneratorFactory - Setting dialect [org.hibernate.dialect.HSQLDialect]
DEBUG DefaultIdentifierGeneratorFactory - Setting dialect [org.hibernate.dialect.HSQLDialect]
DEBUG DefaultIdentifierGeneratorFactory - Setting dialect [org.hibernate.dialect.HSQLDialect]
DEBUG DefaultIdentifierGeneratorFactory - Setting dialect [org.hibernate.dialect.HSQLDialect]
INFO  SchemaExport - HHH000227: Running hbm2ddl schema export
DEBUG SchemaExport - Import file not found: /import.sql
DEBUG SQL - alter table CARD drop constraint FK_59d19d56b111446694e3af0dd74
Hibernate: alter table CARD drop constraint FK_59d19d56b111446694e3af0dd74
ERROR SchemaExport - HHH000389: Unsuccessful: alter table CARD drop constraint FK_59d19d56b111446694e3af0dd74
ERROR SchemaExport - user lacks privilege or object not found: PUBLIC.CARD
DEBUG SQL - alter table PHONE_NUMBER drop constraint FK_e79f928a4f274261b484fad3687
Hibernate: alter table PHONE_NUMBER drop constraint FK_e79f928a4f274261b484fad3687
ERROR SchemaExport - HHH000389: Unsuccessful: alter table PHONE_NUMBER drop constraint FK_e79f928a4f274261b484fad3687
ERROR SchemaExport - user lacks privilege or object not found: PUBLIC.PHONE_NUMBER
DEBUG SQL - alter table USERROLE drop constraint FK_a23425cdbdd04d4fa61d8972517
Hibernate: alter table USERROLE drop constraint FK_a23425cdbdd04d4fa61d8972517
ERROR SchemaExport - HHH000389: Unsuccessful: alter table USERROLE drop constraint FK_a23425cdbdd04d4fa61d8972517
ERROR SchemaExport - user lacks privilege or object not found: PUBLIC.USERROLE
DEBUG SQL - drop table ADDRESS if exists
Hibernate: drop table ADDRESS if exists
DEBUG SQL - drop table CARD if exists
Hibernate: drop table CARD if exists
DEBUG SQL - drop table Container if exists
Hibernate: drop table Container if exists
DEBUG SQL - drop table PHONE_NUMBER if exists
Hibernate: drop table PHONE_NUMBER if exists
DEBUG SQL - drop table PRODUCT if exists
Hibernate: drop table PRODUCT if exists
DEBUG SQL - drop table Shipment if exists
Hibernate: drop table Shipment if exists
DEBUG SQL - drop table USERACCOUNT if exists
Hibernate: drop table USERACCOUNT if exists
DEBUG SQL - drop table USERROLE if exists
Hibernate: drop table USERROLE if exists
DEBUG SQL - create table ADDRESS (ADDRESS_ID bigint generated by default as identity (start with 1), city varchar(255) not null, state CHAR(2) not null, street varchar(255) not null, primary key (ADDRESS_ID))
Hibernate: create table ADDRESS (ADDRESS_ID bigint generated by default as identity (start with 1), city varchar(255) not null, state CHAR(2) not null, street varchar(255) not null, primary key (ADDRESS_ID))
DEBUG SQL - create table CARD (CARD_ID bigint generated by default as identity (start with 1), amount double, CARD_NUMBER char not null, OWNER_NAME varchar(255) not null, address bigint, primary key (CARD_ID))
Hibernate: create table CARD (CARD_ID bigint generated by default as identity (start with 1), amount double, CARD_NUMBER char not null, OWNER_NAME varchar(255) not null, address bigint, primary key (CARD_ID))
DEBUG SQL - create table Container (CONTAINER_ID bigint generated by default as identity (start with 1), capacity double not null check (capacity&gt;=0), destination varchar(255), location varchar(255), name varchar(40), status varchar(255), primary key (CONTAINER_ID))
Hibernate: create table Container (CONTAINER_ID bigint generated by default as identity (start with 1), capacity double not null check (capacity&gt;=0), destination varchar(255), location varchar(255), name varchar(40), status varchar(255), primary key (CONTAINER_ID))
DEBUG SQL - create table PHONE_NUMBER (PHONE_NUMBER_ID bigint generated by default as identity (start with 1), PHONE_NUMBER char not null, CARD_ID bigint not null, index integer, primary key (PHONE_NUMBER_ID))
Hibernate: create table PHONE_NUMBER (PHONE_NUMBER_ID bigint generated by default as identity (start with 1), PHONE_NUMBER char not null, CARD_ID bigint not null, index integer, primary key (PHONE_NUMBER_ID))
DEBUG SQL - create table PRODUCT (PRODUCT_ID bigint generated by default as identity (start with 1), description varchar(255), name varchar(255), price double, primary key (PRODUCT_ID))
Hibernate: create table PRODUCT (PRODUCT_ID bigint generated by default as identity (start with 1), description varchar(255), name varchar(255), price double, primary key (PRODUCT_ID))
DEBUG SQL - create table Shipment (SHIPMENT_ID bigint generated by default as identity (start with 1), destination varchar(255), name varchar(40), origin varchar(255), volume double not null check (volume&gt;=0), primary key (SHIPMENT_ID))
Hibernate: create table Shipment (SHIPMENT_ID bigint generated by default as identity (start with 1), destination varchar(255), name varchar(40), origin varchar(255), volume double not null check (volume&gt;=0), primary key (SHIPMENT_ID))
DEBUG SQL - create table USERACCOUNT (USER_ID bigint generated by default as identity (start with 1), enabled boolean, password varchar(50), username varchar(255), primary key (USER_ID))
Hibernate: create table USERACCOUNT (USER_ID bigint generated by default as identity (start with 1), enabled boolean, password varchar(50), username varchar(255), primary key (USER_ID))
DEBUG SQL - create table USERROLE (ROLE_ID bigint generated by default as identity (start with 1), ROLE_NAME varchar(40) not null, ROLE_OWNER bigint not null, primary key (ROLE_ID))
Hibernate: create table USERROLE (ROLE_ID bigint generated by default as identity (start with 1), ROLE_NAME varchar(40) not null, ROLE_OWNER bigint not null, primary key (ROLE_ID))
DEBUG SQL - alter table CARD add constraint FK_59d19d56b111446694e3af0dd74 foreign key (address) references ADDRESS
Hibernate: alter table CARD add constraint FK_59d19d56b111446694e3af0dd74 foreign key (address) references ADDRESS
DEBUG SQL - alter table PHONE_NUMBER add constraint FK_e79f928a4f274261b484fad3687 foreign key (CARD_ID) references CARD
Hibernate: alter table PHONE_NUMBER add constraint FK_e79f928a4f274261b484fad3687 foreign key (CARD_ID) references CARD
DEBUG SQL - alter table USERROLE add constraint FK_a23425cdbdd04d4fa61d8972517 foreign key (ROLE_OWNER) references USERACCOUNT
Hibernate: alter table USERROLE add constraint FK_a23425cdbdd04d4fa61d8972517 foreign key (ROLE_OWNER) references USERACCOUNT
INFO  SchemaExport - HHH000230: Schema export complete
DEBUG Configuration - Processing hbm.xml files
DEBUG Configuration - Process annotated classes
DEBUG Configuration - Processing fk mappings (*ToOne and JoinedSubclass)
DEBUG Configuration - Processing extends queue
DEBUG Configuration - Processing extends queue
DEBUG Configuration - Processing collection mappings
DEBUG Configuration - Processing native query and ResultSetMapping mappings
DEBUG Configuration - Processing association property references
DEBUG Configuration - Creating tables&apos; unique integer identifiers
DEBUG Configuration - Processing foreign key constraints
DEBUG Configuration - Resolving reference to class: com.expeditors.training.course3demo.model.Address
DEBUG Configuration - Resolving reference to class: com.expeditors.training.course3demo.model.Card
DEBUG Configuration - Resolving reference to class: com.expeditors.training.course3demo.model.UserAccount
DEBUG DefaultIdentifierGeneratorFactory - Setting dialect [org.hibernate.dialect.HSQLDialect]
DEBUG DefaultIdentifierGeneratorFactory - Setting dialect [org.hibernate.dialect.HSQLDialect]
DEBUG DefaultIdentifierGeneratorFactory - Setting dialect [org.hibernate.dialect.HSQLDialect]
DEBUG DefaultIdentifierGeneratorFactory - Setting dialect [org.hibernate.dialect.HSQLDialect]
DEBUG DefaultIdentifierGeneratorFactory - Setting dialect [org.hibernate.dialect.HSQLDialect]
DEBUG DefaultIdentifierGeneratorFactory - Setting dialect [org.hibernate.dialect.HSQLDialect]
DEBUG DefaultIdentifierGeneratorFactory - Setting dialect [org.hibernate.dialect.HSQLDialect]
DEBUG DefaultIdentifierGeneratorFactory - Setting dialect [org.hibernate.dialect.HSQLDialect]
DEBUG Configuration - Processing hbm.xml files
DEBUG Configuration - Process annotated classes
DEBUG Configuration - Processing fk mappings (*ToOne and JoinedSubclass)
DEBUG Configuration - Processing extends queue
DEBUG Configuration - Processing extends queue
DEBUG Configuration - Processing collection mappings
DEBUG Configuration - Processing native query and ResultSetMapping mappings
DEBUG Configuration - Processing association property references
DEBUG Configuration - Creating tables&apos; unique integer identifiers
DEBUG Configuration - Processing foreign key constraints
DEBUG Configuration - Resolving reference to class: com.expeditors.training.course3demo.model.Address
DEBUG Configuration - Resolving reference to class: com.expeditors.training.course3demo.model.Card
DEBUG Configuration - Resolving reference to class: com.expeditors.training.course3demo.model.UserAccount
DEBUG DefaultIdentifierGeneratorFactory - Setting dialect [org.hibernate.dialect.HSQLDialect]
DEBUG DefaultIdentifierGeneratorFactory - Setting dialect [org.hibernate.dialect.HSQLDialect]
DEBUG DefaultIdentifierGeneratorFactory - Setting dialect [org.hibernate.dialect.HSQLDialect]
DEBUG DefaultIdentifierGeneratorFactory - Setting dialect [org.hibernate.dialect.HSQLDialect]
DEBUG DefaultIdentifierGeneratorFactory - Setting dialect [org.hibernate.dialect.HSQLDialect]
DEBUG DefaultIdentifierGeneratorFactory - Setting dialect [org.hibernate.dialect.HSQLDialect]
DEBUG DefaultIdentifierGeneratorFactory - Setting dialect [org.hibernate.dialect.HSQLDialect]
DEBUG DefaultIdentifierGeneratorFactory - Setting dialect [org.hibernate.dialect.HSQLDialect]
DEBUG DefaultIdentifierGeneratorFactory - Setting dialect [org.hibernate.dialect.HSQLDialect]
DEBUG DefaultIdentifierGeneratorFactory - Setting dialect [org.hibernate.dialect.HSQLDialect]
DEBUG DefaultIdentifierGeneratorFactory - Setting dialect [org.hibernate.dialect.HSQLDialect]
DEBUG DefaultIdentifierGeneratorFactory - Setting dialect [org.hibernate.dialect.HSQLDialect]
DEBUG DefaultIdentifierGeneratorFactory - Setting dialect [org.hibernate.dialect.HSQLDialect]
DEBUG DefaultIdentifierGeneratorFactory - Setting dialect [org.hibernate.dialect.HSQLDialect]
DEBUG DefaultIdentifierGeneratorFactory - Setting dialect [org.hibernate.dialect.HSQLDialect]
DEBUG DefaultIdentifierGeneratorFactory - Setting dialect [org.hibernate.dialect.HSQLDialect]
DEBUG SessionFactoryImpl - Checking 0 named HQL queries
DEBUG SessionFactoryImpl - Checking 0 named SQL queries
DEBUG StatisticsInitiator - Statistics initialized [enabled=false]
DEBUG EntityManagerFactoryRegistry - Registering EntityManagerFactory: default 
DEBUG SessionFactoryImpl - HHH000031: Closing
INFO  SchemaExport - HHH000227: Running hbm2ddl schema export
DEBUG SchemaExport - Import file not found: /import.sql
DEBUG SQL - alter table CARD drop constraint FK_59d19d56b111446694e3af0dd74
Hibernate: alter table CARD drop constraint FK_59d19d56b111446694e3af0dd74
DEBUG SQL - alter table PHONE_NUMBER drop constraint FK_e79f928a4f274261b484fad3687
Hibernate: alter table PHONE_NUMBER drop constraint FK_e79f928a4f274261b484fad3687
DEBUG SQL - alter table USERROLE drop constraint FK_a23425cdbdd04d4fa61d8972517
Hibernate: alter table USERROLE drop constraint FK_a23425cdbdd04d4fa61d8972517
DEBUG SQL - drop table ADDRESS if exists
Hibernate: drop table ADDRESS if exists
DEBUG SQL - drop table CARD if exists
Hibernate: drop table CARD if exists
DEBUG SQL - drop table Container if exists
Hibernate: drop table Container if exists
DEBUG SQL - drop table PHONE_NUMBER if exists
Hibernate: drop table PHONE_NUMBER if exists
DEBUG SQL - drop table PRODUCT if exists
Hibernate: drop table PRODUCT if exists
DEBUG SQL - drop table Shipment if exists
Hibernate: drop table Shipment if exists
DEBUG SQL - drop table USERACCOUNT if exists
Hibernate: drop table USERACCOUNT if exists
DEBUG SQL - drop table USERROLE if exists
Hibernate: drop table USERROLE if exists
INFO  SchemaExport - HHH000230: Schema export complete
DEBUG EntityManagerFactoryRegistry - Remove: name=default
</system-out>
    <system-err>Mar 02, 2015 10:04:17 AM org.springframework.context.support.AbstractApplicationContext prepareRefresh
INFO: Refreshing org.springframework.web.context.support.GenericWebApplicationContext@3b46dd8: startup date [Mon Mar 02 10:04:17 PST 2015]; root of context hierarchy
Mar 02, 2015 10:04:17 AM org.springframework.jdbc.datasource.DriverManagerDataSource setDriverClassName
INFO: Loaded JDBC driver: org.hsqldb.jdbcDriver
Mar 02, 2015 10:04:17 AM org.springframework.orm.jpa.LocalContainerEntityManagerFactoryBean createNativeEntityManagerFactory
INFO: Building JPA container EntityManagerFactory for persistence unit &apos;default&apos;
Mar 02, 2015 10:04:17 AM org.springframework.beans.factory.support.DefaultListableBeanFactory preInstantiateSingletons
INFO: Pre-instantiating singletons in org.springframework.beans.factory.support.DefaultListableBeanFactory@134c370e: defining beans [org.springframework.context.annotation.internalConfigurationAnnotationProcessor,org.springframework.context.annotation.internalAutowiredAnnotationProcessor,org.springframework.context.annotation.internalRequiredAnnotationProcessor,org.springframework.context.annotation.internalCommonAnnotationProcessor,org.springframework.context.annotation.internalPersistenceAnnotationProcessor,testConfig,org.springframework.context.annotation.ConfigurationClassPostProcessor.importAwareProcessor,cardController,containerController,errorLoginController,homeController,productController,securityController,shipmentController,org.springframework.web.servlet.config.annotation.DelegatingWebMvcConfiguration,requestMappingHandlerMapping,mvcContentNegotiationManager,viewControllerHandlerMapping,beanNameHandlerMapping,resourceHandlerMapping,defaultServletHandlerMapping,requestMappingHandlerAdapter,mvcConversionService,httpRequestHandlerAdapter,simpleControllerHandlerAdapter,handlerExceptionResolver,mvcValidator,com.expeditors.training.course3demo.config.PersistenceJPATestConfig,dataSource,entityManagerFactory,viewResolver,shipmentService,productService,containerService]; root of factory hierarchy
Mar 02, 2015 10:04:17 AM org.springframework.beans.factory.support.DefaultSingletonBeanRegistry destroySingletons
INFO: Destroying singletons in org.springframework.beans.factory.support.DefaultListableBeanFactory@134c370e: defining beans [org.springframework.context.annotation.internalConfigurationAnnotationProcessor,org.springframework.context.annotation.internalAutowiredAnnotationProcessor,org.springframework.context.annotation.internalRequiredAnnotationProcessor,org.springframework.context.annotation.internalCommonAnnotationProcessor,org.springframework.context.annotation.internalPersistenceAnnotationProcessor,testConfig,org.springframework.context.annotation.ConfigurationClassPostProcessor.importAwareProcessor,cardController,containerController,errorLoginController,homeController,productController,securityController,shipmentController,org.springframework.web.servlet.config.annotation.DelegatingWebMvcConfiguration,requestMappingHandlerMapping,mvcContentNegotiationManager,viewControllerHandlerMapping,beanNameHandlerMapping,resourceHandlerMapping,defaultServletHandlerMapping,requestMappingHandlerAdapter,mvcConversionService,httpRequestHandlerAdapter,simpleControllerHandlerAdapter,handlerExceptionResolver,mvcValidator,com.expeditors.training.course3demo.config.PersistenceJPATestConfig,dataSource,entityManagerFactory,viewResolver,shipmentService,productService,containerService]; root of factory hierarchy
Mar 02, 2015 10:04:17 AM org.springframework.orm.jpa.AbstractEntityManagerFactoryBean destroy
INFO: Closing JPA EntityManagerFactory for persistence unit &apos;default&apos;
Mar 02, 2015 10:04:17 AM org.springframework.test.context.TestContextManager prepareTestInstance
SEVERE: Caught exception while allowing TestExecutionListener [org.springframework.test.context.web.ServletTestExecutionListener@6f8d7714] to prepare test instance [com.expeditors.training.course3demo.controller.ContainerControllerTest@e322ec9]
java.lang.IllegalStateException: Failed to load ApplicationContext
	at org.springframework.test.context.CacheAwareContextLoaderDelegate.loadContext(CacheAwareContextLoaderDelegate.java:99)
	at org.springframework.test.context.TestContext.getApplicationContext(TestContext.java:122)
	at org.springframework.test.context.web.ServletTestExecutionListener.setUpRequestContextIfNecessary(ServletTestExecutionListener.java:105)
	at org.springframework.test.context.web.ServletTestExecutionListener.prepareTestInstance(ServletTestExecutionListener.java:74)
	at org.springframework.test.context.TestContextManager.prepareTestInstance(TestContextManager.java:312)
	at org.springframework.test.context.junit4.SpringJUnit4ClassRunner.createTest(SpringJUnit4ClassRunner.java:211)
	at org.springframework.test.context.junit4.SpringJUnit4ClassRunner$1.runReflectiveCall(SpringJUnit4ClassRunner.java:288)
	at org.junit.internal.runners.model.ReflectiveCallable.run(ReflectiveCallable.java:12)
	at org.springframework.test.context.junit4.SpringJUnit4ClassRunner.methodBlock(SpringJUnit4ClassRunner.java:284)
	at org.springframework.test.context.junit4.SpringJUnit4ClassRunner.runChild(SpringJUnit4ClassRunner.java:231)
	at org.springframework.test.context.junit4.SpringJUnit4ClassRunner.runChild(SpringJUnit4ClassRunner.java:88)
	at org.junit.runners.ParentRunner$3.run(ParentRunner.java:238)
	at org.junit.runners.ParentRunner$1.schedule(ParentRunner.java:63)
	at org.junit.runners.ParentRunner.runChildren(ParentRunner.java:236)
	at org.junit.runners.ParentRunner.access$000(ParentRunner.java:53)
	at org.junit.runners.ParentRunner$2.evaluate(ParentRunner.java:229)
	at org.springframework.test.context.junit4.statements.RunBeforeTestClassCallbacks.evaluate(RunBeforeTestClassCallbacks.java:61)
	at org.springframework.test.context.junit4.statements.RunAfterTestClassCallbacks.evaluate(RunAfterTestClassCallbacks.java:71)
	at org.junit.runners.ParentRunner.run(ParentRunner.java:309)
	at org.springframework.test.context.junit4.SpringJUnit4ClassRunner.run(SpringJUnit4ClassRunner.java:174)
	at org.apache.maven.surefire.junit4.JUnit4Provider.execute(JUnit4Provider.java:252)
	at org.apache.maven.surefire.junit4.JUnit4Provider.executeTestSet(JUnit4Provider.java:141)
	at org.apache.maven.surefire.junit4.JUnit4Provider.invoke(JUnit4Provider.java:112)
	at sun.reflect.NativeMethodAccessorImpl.invoke0(Native Method)
	at sun.reflect.NativeMethodAccessorImpl.invoke(NativeMethodAccessorImpl.java:62)
	at sun.reflect.DelegatingMethodAccessorImpl.invoke(DelegatingMethodAccessorImpl.java:43)
	at java.lang.reflect.Method.invoke(Method.java:483)
	at org.apache.maven.surefire.util.ReflectionUtils.invokeMethodWithArray(ReflectionUtils.java:189)
	at org.apache.maven.surefire.booter.ProviderFactory$ProviderProxy.invoke(ProviderFactory.java:165)
	at org.apache.maven.surefire.booter.ProviderFactory.invokeProvider(ProviderFactory.java:85)
	at org.apache.maven.surefire.booter.ForkedBooter.runSuitesInProcess(ForkedBooter.java:115)
	at org.apache.maven.surefire.booter.ForkedBooter.main(ForkedBooter.java:75)
Caused by: org.springframework.beans.factory.BeanCreationException: Error creating bean with name &apos;cardController&apos;: Injection of autowired dependencies failed; nested exception is org.springframework.beans.factory.BeanCreationException: Could not autowire field: com.expeditors.training.course3demo.service.CardService com.expeditors.training.course3demo.controller.CardController.cardService; nested exception is org.springframework.beans.factory.NoSuchBeanDefinitionException: No qualifying bean of type [com.expeditors.training.course3demo.service.CardService] found for dependency: expected at least 1 bean which qualifies as autowire candidate for this dependency. Dependency annotations: {@org.springframework.beans.factory.annotation.Autowired(required=true)}
	at org.springframework.beans.factory.annotation.AutowiredAnnotationBeanPostProcessor.postProcessPropertyValues(AutowiredAnnotationBeanPostProcessor.java:288)
	at org.springframework.beans.factory.support.AbstractAutowireCapableBeanFactory.populateBean(AbstractAutowireCapableBeanFactory.java:1116)
	at org.springframework.beans.factory.support.AbstractAutowireCapableBeanFactory.doCreateBean(AbstractAutowireCapableBeanFactory.java:519)
	at org.springframework.beans.factory.support.AbstractAutowireCapableBeanFactory.createBean(AbstractAutowireCapableBeanFactory.java:458)
	at org.springframework.beans.factory.support.AbstractBeanFactory$1.getObject(AbstractBeanFactory.java:295)
	at org.springframework.beans.factory.support.DefaultSingletonBeanRegistry.getSingleton(DefaultSingletonBeanRegistry.java:223)
	at org.springframework.beans.factory.support.AbstractBeanFactory.doGetBean(AbstractBeanFactory.java:292)
	at org.springframework.beans.factory.support.AbstractBeanFactory.getBean(AbstractBeanFactory.java:194)
	at org.springframework.beans.factory.support.DefaultListableBeanFactory.preInstantiateSingletons(DefaultListableBeanFactory.java:626)
	at org.springframework.context.support.AbstractApplicationContext.finishBeanFactoryInitialization(AbstractApplicationContext.java:932)
	at org.springframework.context.support.AbstractApplicationContext.refresh(AbstractApplicationContext.java:479)
	at org.springframework.test.context.web.AbstractGenericWebContextLoader.loadContext(AbstractGenericWebContextLoader.java:128)
	at org.springframework.test.context.web.AbstractGenericWebContextLoader.loadContext(AbstractGenericWebContextLoader.java:60)
	at org.springframework.test.context.support.AbstractDelegatingSmartContextLoader.delegateLoading(AbstractDelegatingSmartContextLoader.java:100)
	at org.springframework.test.context.support.AbstractDelegatingSmartContextLoader.loadContext(AbstractDelegatingSmartContextLoader.java:248)
	at org.springframework.test.context.CacheAwareContextLoaderDelegate.loadContextInternal(CacheAwareContextLoaderDelegate.java:64)
	at org.springframework.test.context.CacheAwareContextLoaderDelegate.loadContext(CacheAwareContextLoaderDelegate.java:91)
	... 31 more
Caused by: org.springframework.beans.factory.BeanCreationException: Could not autowire field: com.expeditors.training.course3demo.service.CardService com.expeditors.training.course3demo.controller.CardController.cardService; nested exception is org.springframework.beans.factory.NoSuchBeanDefinitionException: No qualifying bean of type [com.expeditors.training.course3demo.service.CardService] found for dependency: expected at least 1 bean which qualifies as autowire candidate for this dependency. Dependency annotations: {@org.springframework.beans.factory.annotation.Autowired(required=true)}
	at org.springframework.beans.factory.annotation.AutowiredAnnotationBeanPostProcessor$AutowiredFieldElement.inject(AutowiredAnnotationBeanPostProcessor.java:514)
	at org.springframework.beans.factory.annotation.InjectionMetadata.inject(InjectionMetadata.java:87)
	at org.springframework.beans.factory.annotation.AutowiredAnnotationBeanPostProcessor.postProcessPropertyValues(AutowiredAnnotationBeanPostProcessor.java:285)
	... 47 more
Caused by: org.springframework.beans.factory.NoSuchBeanDefinitionException: No qualifying bean of type [com.expeditors.training.course3demo.service.CardService] found for dependency: expected at least 1 bean which qualifies as autowire candidate for this dependency. Dependency annotations: {@org.springframework.beans.factory.annotation.Autowired(required=true)}
	at org.springframework.beans.factory.support.DefaultListableBeanFactory.raiseNoSuchBeanDefinitionException(DefaultListableBeanFactory.java:986)
	at org.springframework.beans.factory.support.DefaultListableBeanFactory.doResolveDependency(DefaultListableBeanFactory.java:856)
	at org.springframework.beans.factory.support.DefaultListableBeanFactory.resolveDependency(DefaultListableBeanFactory.java:768)
	at org.springframework.beans.factory.annotation.AutowiredAnnotationBeanPostProcessor$AutowiredFieldElement.inject(AutowiredAnnotationBeanPostProcessor.java:486)
	... 49 more

</system-err>
  </testcase>
  <testcase classname="com.expeditors.training.course3demo.controller.ContainerControllerTest" name="testAddContainerStatusError" time="0.14">
    <error message="Failed to load ApplicationContext" type="java.lang.IllegalStateException">java.lang.IllegalStateException: Failed to load ApplicationContext
	at org.springframework.test.context.CacheAwareContextLoaderDelegate.loadContext(CacheAwareContextLoaderDelegate.java:99)
	at org.springframework.test.context.TestContext.getApplicationContext(TestContext.java:122)
	at org.springframework.test.context.web.ServletTestExecutionListener.setUpRequestContextIfNecessary(ServletTestExecutionListener.java:105)
	at org.springframework.test.context.web.ServletTestExecutionListener.prepareTestInstance(ServletTestExecutionListener.java:74)
	at org.springframework.test.context.TestContextManager.prepareTestInstance(TestContextManager.java:312)
	at org.springframework.test.context.junit4.SpringJUnit4ClassRunner.createTest(SpringJUnit4ClassRunner.java:211)
	at org.springframework.test.context.junit4.SpringJUnit4ClassRunner$1.runReflectiveCall(SpringJUnit4ClassRunner.java:288)
	at org.junit.internal.runners.model.ReflectiveCallable.run(ReflectiveCallable.java:12)
	at org.springframework.test.context.junit4.SpringJUnit4ClassRunner.methodBlock(SpringJUnit4ClassRunner.java:284)
	at org.springframework.test.context.junit4.SpringJUnit4ClassRunner.runChild(SpringJUnit4ClassRunner.java:231)
	at org.springframework.test.context.junit4.SpringJUnit4ClassRunner.runChild(SpringJUnit4ClassRunner.java:88)
	at org.junit.runners.ParentRunner$3.run(ParentRunner.java:238)
	at org.junit.runners.ParentRunner$1.schedule(ParentRunner.java:63)
	at org.junit.runners.ParentRunner.runChildren(ParentRunner.java:236)
	at org.junit.runners.ParentRunner.access$000(ParentRunner.java:53)
	at org.junit.runners.ParentRunner$2.evaluate(ParentRunner.java:229)
	at org.springframework.test.context.junit4.statements.RunBeforeTestClassCallbacks.evaluate(RunBeforeTestClassCallbacks.java:61)
	at org.springframework.test.context.junit4.statements.RunAfterTestClassCallbacks.evaluate(RunAfterTestClassCallbacks.java:71)
	at org.junit.runners.ParentRunner.run(ParentRunner.java:309)
	at org.springframework.test.context.junit4.SpringJUnit4ClassRunner.run(SpringJUnit4ClassRunner.java:174)
	at org.apache.maven.surefire.junit4.JUnit4Provider.execute(JUnit4Provider.java:252)
	at org.apache.maven.surefire.junit4.JUnit4Provider.executeTestSet(JUnit4Provider.java:141)
	at org.apache.maven.surefire.junit4.JUnit4Provider.invoke(JUnit4Provider.java:112)
	at sun.reflect.NativeMethodAccessorImpl.invoke0(Native Method)
	at sun.reflect.NativeMethodAccessorImpl.invoke(NativeMethodAccessorImpl.java:62)
	at sun.reflect.DelegatingMethodAccessorImpl.invoke(DelegatingMethodAccessorImpl.java:43)
	at java.lang.reflect.Method.invoke(Method.java:483)
	at org.apache.maven.surefire.util.ReflectionUtils.invokeMethodWithArray(ReflectionUtils.java:189)
	at org.apache.maven.surefire.booter.ProviderFactory$ProviderProxy.invoke(ProviderFactory.java:165)
	at org.apache.maven.surefire.booter.ProviderFactory.invokeProvider(ProviderFactory.java:85)
	at org.apache.maven.surefire.booter.ForkedBooter.runSuitesInProcess(ForkedBooter.java:115)
	at org.apache.maven.surefire.booter.ForkedBooter.main(ForkedBooter.java:75)
Caused by: org.springframework.beans.factory.BeanCreationException: Error creating bean with name &apos;cardController&apos;: Injection of autowired dependencies failed; nested exception is org.springframework.beans.factory.BeanCreationException: Could not autowire field: com.expeditors.training.course3demo.service.CardService com.expeditors.training.course3demo.controller.CardController.cardService; nested exception is org.springframework.beans.factory.NoSuchBeanDefinitionException: No qualifying bean of type [com.expeditors.training.course3demo.service.CardService] found for dependency: expected at least 1 bean which qualifies as autowire candidate for this dependency. Dependency annotations: {@org.springframework.beans.factory.annotation.Autowired(required=true)}
	at org.springframework.beans.factory.annotation.AutowiredAnnotationBeanPostProcessor.postProcessPropertyValues(AutowiredAnnotationBeanPostProcessor.java:288)
	at org.springframework.beans.factory.support.AbstractAutowireCapableBeanFactory.populateBean(AbstractAutowireCapableBeanFactory.java:1116)
	at org.springframework.beans.factory.support.AbstractAutowireCapableBeanFactory.doCreateBean(AbstractAutowireCapableBeanFactory.java:519)
	at org.springframework.beans.factory.support.AbstractAutowireCapableBeanFactory.createBean(AbstractAutowireCapableBeanFactory.java:458)
	at org.springframework.beans.factory.support.AbstractBeanFactory$1.getObject(AbstractBeanFactory.java:295)
	at org.springframework.beans.factory.support.DefaultSingletonBeanRegistry.getSingleton(DefaultSingletonBeanRegistry.java:223)
	at org.springframework.beans.factory.support.AbstractBeanFactory.doGetBean(AbstractBeanFactory.java:292)
	at org.springframework.beans.factory.support.AbstractBeanFactory.getBean(AbstractBeanFactory.java:194)
	at org.springframework.beans.factory.support.DefaultListableBeanFactory.preInstantiateSingletons(DefaultListableBeanFactory.java:626)
	at org.springframework.context.support.AbstractApplicationContext.finishBeanFactoryInitialization(AbstractApplicationContext.java:932)
	at org.springframework.context.support.AbstractApplicationContext.refresh(AbstractApplicationContext.java:479)
	at org.springframework.test.context.web.AbstractGenericWebContextLoader.loadContext(AbstractGenericWebContextLoader.java:128)
	at org.springframework.test.context.web.AbstractGenericWebContextLoader.loadContext(AbstractGenericWebContextLoader.java:60)
	at org.springframework.test.context.support.AbstractDelegatingSmartContextLoader.delegateLoading(AbstractDelegatingSmartContextLoader.java:100)
	at org.springframework.test.context.support.AbstractDelegatingSmartContextLoader.loadContext(AbstractDelegatingSmartContextLoader.java:248)
	at org.springframework.test.context.CacheAwareContextLoaderDelegate.loadContextInternal(CacheAwareContextLoaderDelegate.java:64)
	at org.springframework.test.context.CacheAwareContextLoaderDelegate.loadContext(CacheAwareContextLoaderDelegate.java:91)
	... 31 more
Caused by: org.springframework.beans.factory.BeanCreationException: Could not autowire field: com.expeditors.training.course3demo.service.CardService com.expeditors.training.course3demo.controller.CardController.cardService; nested exception is org.springframework.beans.factory.NoSuchBeanDefinitionException: No qualifying bean of type [com.expeditors.training.course3demo.service.CardService] found for dependency: expected at least 1 bean which qualifies as autowire candidate for this dependency. Dependency annotations: {@org.springframework.beans.factory.annotation.Autowired(required=true)}
	at org.springframework.beans.factory.annotation.AutowiredAnnotationBeanPostProcessor$AutowiredFieldElement.inject(AutowiredAnnotationBeanPostProcessor.java:514)
	at org.springframework.beans.factory.annotation.InjectionMetadata.inject(InjectionMetadata.java:87)
	at org.springframework.beans.factory.annotation.AutowiredAnnotationBeanPostProcessor.postProcessPropertyValues(AutowiredAnnotationBeanPostProcessor.java:285)
	... 47 more
Caused by: org.springframework.beans.factory.NoSuchBeanDefinitionException: No qualifying bean of type [com.expeditors.training.course3demo.service.CardService] found for dependency: expected at least 1 bean which qualifies as autowire candidate for this dependency. Dependency annotations: {@org.springframework.beans.factory.annotation.Autowired(required=true)}
	at org.springframework.beans.factory.support.DefaultListableBeanFactory.raiseNoSuchBeanDefinitionException(DefaultListableBeanFactory.java:986)
	at org.springframework.beans.factory.support.DefaultListableBeanFactory.doResolveDependency(DefaultListableBeanFactory.java:856)
	at org.springframework.beans.factory.support.DefaultListableBeanFactory.resolveDependency(DefaultListableBeanFactory.java:768)
	at org.springframework.beans.factory.annotation.AutowiredAnnotationBeanPostProcessor$AutowiredFieldElement.inject(AutowiredAnnotationBeanPostProcessor.java:486)
	... 49 more
</error>
    <system-out>DEBUG BasicTypeRegistry - Adding type registration boolean -&gt; org.hibernate.type.BooleanType@41a0aa7d
DEBUG BasicTypeRegistry - Adding type registration boolean -&gt; org.hibernate.type.BooleanType@41a0aa7d
DEBUG BasicTypeRegistry - Adding type registration java.lang.Boolean -&gt; org.hibernate.type.BooleanType@41a0aa7d
DEBUG BasicTypeRegistry - Adding type registration numeric_boolean -&gt; org.hibernate.type.NumericBooleanType@1ffaf86
DEBUG BasicTypeRegistry - Adding type registration true_false -&gt; org.hibernate.type.TrueFalseType@368247b9
DEBUG BasicTypeRegistry - Adding type registration yes_no -&gt; org.hibernate.type.YesNoType@55a147cc
DEBUG BasicTypeRegistry - Adding type registration byte -&gt; org.hibernate.type.ByteType@2892d68
DEBUG BasicTypeRegistry - Adding type registration byte -&gt; org.hibernate.type.ByteType@2892d68
DEBUG BasicTypeRegistry - Adding type registration java.lang.Byte -&gt; org.hibernate.type.ByteType@2892d68
DEBUG BasicTypeRegistry - Adding type registration character -&gt; org.hibernate.type.CharacterType@2e385cce
DEBUG BasicTypeRegistry - Adding type registration char -&gt; org.hibernate.type.CharacterType@2e385cce
DEBUG BasicTypeRegistry - Adding type registration java.lang.Character -&gt; org.hibernate.type.CharacterType@2e385cce
DEBUG BasicTypeRegistry - Adding type registration short -&gt; org.hibernate.type.ShortType@26d9b808
DEBUG BasicTypeRegistry - Adding type registration short -&gt; org.hibernate.type.ShortType@26d9b808
DEBUG BasicTypeRegistry - Adding type registration java.lang.Short -&gt; org.hibernate.type.ShortType@26d9b808
DEBUG BasicTypeRegistry - Adding type registration integer -&gt; org.hibernate.type.IntegerType@6d4d66d2
DEBUG BasicTypeRegistry - Adding type registration int -&gt; org.hibernate.type.IntegerType@6d4d66d2
DEBUG BasicTypeRegistry - Adding type registration java.lang.Integer -&gt; org.hibernate.type.IntegerType@6d4d66d2
DEBUG BasicTypeRegistry - Adding type registration long -&gt; org.hibernate.type.LongType@53fe15ff
DEBUG BasicTypeRegistry - Adding type registration long -&gt; org.hibernate.type.LongType@53fe15ff
DEBUG BasicTypeRegistry - Adding type registration java.lang.Long -&gt; org.hibernate.type.LongType@53fe15ff
DEBUG BasicTypeRegistry - Adding type registration float -&gt; org.hibernate.type.FloatType@2eae8e6e
DEBUG BasicTypeRegistry - Adding type registration float -&gt; org.hibernate.type.FloatType@2eae8e6e
DEBUG BasicTypeRegistry - Adding type registration java.lang.Float -&gt; org.hibernate.type.FloatType@2eae8e6e
DEBUG BasicTypeRegistry - Adding type registration double -&gt; org.hibernate.type.DoubleType@25ce9dc4
DEBUG BasicTypeRegistry - Adding type registration double -&gt; org.hibernate.type.DoubleType@25ce9dc4
DEBUG BasicTypeRegistry - Adding type registration java.lang.Double -&gt; org.hibernate.type.DoubleType@25ce9dc4
DEBUG BasicTypeRegistry - Adding type registration big_decimal -&gt; org.hibernate.type.BigDecimalType@3e8c3cb
DEBUG BasicTypeRegistry - Adding type registration java.math.BigDecimal -&gt; org.hibernate.type.BigDecimalType@3e8c3cb
DEBUG BasicTypeRegistry - Adding type registration big_integer -&gt; org.hibernate.type.BigIntegerType@3e27ba32
DEBUG BasicTypeRegistry - Adding type registration java.math.BigInteger -&gt; org.hibernate.type.BigIntegerType@3e27ba32
DEBUG BasicTypeRegistry - Adding type registration string -&gt; org.hibernate.type.StringType@1ca3b418
DEBUG BasicTypeRegistry - Adding type registration java.lang.String -&gt; org.hibernate.type.StringType@1ca3b418
DEBUG BasicTypeRegistry - Adding type registration nstring -&gt; org.hibernate.type.StringNVarcharType@7161d8d1
DEBUG BasicTypeRegistry - Adding type registration ncharacter -&gt; org.hibernate.type.CharacterNCharType@795509d9
DEBUG BasicTypeRegistry - Adding type registration url -&gt; org.hibernate.type.UrlType@4be29ed9
DEBUG BasicTypeRegistry - Adding type registration java.net.URL -&gt; org.hibernate.type.UrlType@4be29ed9
DEBUG BasicTypeRegistry - Adding type registration date -&gt; org.hibernate.type.DateType@75437611
DEBUG BasicTypeRegistry - Adding type registration java.sql.Date -&gt; org.hibernate.type.DateType@75437611
DEBUG BasicTypeRegistry - Adding type registration time -&gt; org.hibernate.type.TimeType@15043a2f
DEBUG BasicTypeRegistry - Adding type registration java.sql.Time -&gt; org.hibernate.type.TimeType@15043a2f
DEBUG BasicTypeRegistry - Adding type registration timestamp -&gt; org.hibernate.type.TimestampType@8519cb4
DEBUG BasicTypeRegistry - Adding type registration java.sql.Timestamp -&gt; org.hibernate.type.TimestampType@8519cb4
DEBUG BasicTypeRegistry - Adding type registration java.util.Date -&gt; org.hibernate.type.TimestampType@8519cb4
DEBUG BasicTypeRegistry - Adding type registration dbtimestamp -&gt; org.hibernate.type.DbTimestampType@3ba987b8
DEBUG BasicTypeRegistry - Adding type registration calendar -&gt; org.hibernate.type.CalendarType@72035809
DEBUG BasicTypeRegistry - Adding type registration java.util.Calendar -&gt; org.hibernate.type.CalendarType@72035809
DEBUG BasicTypeRegistry - Adding type registration java.util.GregorianCalendar -&gt; org.hibernate.type.CalendarType@72035809
DEBUG BasicTypeRegistry - Adding type registration calendar_date -&gt; org.hibernate.type.CalendarDateType@606e4010
DEBUG BasicTypeRegistry - Adding type registration locale -&gt; org.hibernate.type.LocaleType@5e2c3d18
DEBUG BasicTypeRegistry - Adding type registration java.util.Locale -&gt; org.hibernate.type.LocaleType@5e2c3d18
DEBUG BasicTypeRegistry - Adding type registration currency -&gt; org.hibernate.type.CurrencyType@6caf0677
DEBUG BasicTypeRegistry - Adding type registration java.util.Currency -&gt; org.hibernate.type.CurrencyType@6caf0677
DEBUG BasicTypeRegistry - Adding type registration timezone -&gt; org.hibernate.type.TimeZoneType@1a75e76a
DEBUG BasicTypeRegistry - Adding type registration java.util.TimeZone -&gt; org.hibernate.type.TimeZoneType@1a75e76a
DEBUG BasicTypeRegistry - Adding type registration class -&gt; org.hibernate.type.ClassType@4681c175
DEBUG BasicTypeRegistry - Adding type registration java.lang.Class -&gt; org.hibernate.type.ClassType@4681c175
DEBUG BasicTypeRegistry - Adding type registration uuid-binary -&gt; org.hibernate.type.UUIDBinaryType@1caa0244
DEBUG BasicTypeRegistry - Adding type registration java.util.UUID -&gt; org.hibernate.type.UUIDBinaryType@1caa0244
DEBUG BasicTypeRegistry - Adding type registration uuid-char -&gt; org.hibernate.type.UUIDCharType@1750fbeb
DEBUG BasicTypeRegistry - Adding type registration pg-uuid -&gt; org.hibernate.type.PostgresUUIDType@6c284af
DEBUG BasicTypeRegistry - Adding type registration binary -&gt; org.hibernate.type.BinaryType@7c137fd5
DEBUG BasicTypeRegistry - Adding type registration byte[] -&gt; org.hibernate.type.BinaryType@7c137fd5
DEBUG BasicTypeRegistry - Adding type registration [B -&gt; org.hibernate.type.BinaryType@7c137fd5
DEBUG BasicTypeRegistry - Adding type registration wrapper-binary -&gt; org.hibernate.type.WrapperBinaryType@2b40ff9c
DEBUG BasicTypeRegistry - Adding type registration Byte[] -&gt; org.hibernate.type.WrapperBinaryType@2b40ff9c
DEBUG BasicTypeRegistry - Adding type registration [Ljava.lang.Byte; -&gt; org.hibernate.type.WrapperBinaryType@2b40ff9c
DEBUG BasicTypeRegistry - Adding type registration image -&gt; org.hibernate.type.ImageType@5ddeb7cb
DEBUG BasicTypeRegistry - Adding type registration characters -&gt; org.hibernate.type.CharArrayType@6be968ce
DEBUG BasicTypeRegistry - Adding type registration char[] -&gt; org.hibernate.type.CharArrayType@6be968ce
DEBUG BasicTypeRegistry - Adding type registration [C -&gt; org.hibernate.type.CharArrayType@6be968ce
DEBUG BasicTypeRegistry - Adding type registration wrapper-characters -&gt; org.hibernate.type.CharacterArrayType@76494737
DEBUG BasicTypeRegistry - Adding type registration [Ljava.lang.Character; -&gt; org.hibernate.type.CharacterArrayType@76494737
DEBUG BasicTypeRegistry - Adding type registration Character[] -&gt; org.hibernate.type.CharacterArrayType@76494737
DEBUG BasicTypeRegistry - Adding type registration text -&gt; org.hibernate.type.TextType@609e8838
DEBUG BasicTypeRegistry - Adding type registration ntext -&gt; org.hibernate.type.NTextType@23e84203
DEBUG BasicTypeRegistry - Adding type registration blob -&gt; org.hibernate.type.BlobType@c430e6c
DEBUG BasicTypeRegistry - Adding type registration java.sql.Blob -&gt; org.hibernate.type.BlobType@c430e6c
DEBUG BasicTypeRegistry - Adding type registration materialized_blob -&gt; org.hibernate.type.MaterializedBlobType@72bc6553
DEBUG BasicTypeRegistry - Adding type registration clob -&gt; org.hibernate.type.ClobType@2ab4bc72
DEBUG BasicTypeRegistry - Adding type registration java.sql.Clob -&gt; org.hibernate.type.ClobType@2ab4bc72
DEBUG BasicTypeRegistry - Adding type registration nclob -&gt; org.hibernate.type.NClobType@55cb6996
DEBUG BasicTypeRegistry - Adding type registration java.sql.NClob -&gt; org.hibernate.type.NClobType@55cb6996
DEBUG BasicTypeRegistry - Adding type registration materialized_clob -&gt; org.hibernate.type.MaterializedClobType@f1da57d
DEBUG BasicTypeRegistry - Adding type registration materialized_nclob -&gt; org.hibernate.type.MaterializedNClobType@72c8e7b
DEBUG BasicTypeRegistry - Adding type registration serializable -&gt; org.hibernate.type.SerializableType@790da477
DEBUG BasicTypeRegistry - Adding type registration object -&gt; org.hibernate.type.ObjectType@3feb2dda
DEBUG BasicTypeRegistry - Adding type registration java.lang.Object -&gt; org.hibernate.type.ObjectType@3feb2dda
DEBUG BasicTypeRegistry - Adding type registration imm_date -&gt; org.hibernate.type.AdaptedImmutableType@14d8444b
DEBUG BasicTypeRegistry - Adding type registration imm_time -&gt; org.hibernate.type.AdaptedImmutableType@71466383
DEBUG BasicTypeRegistry - Adding type registration imm_timestamp -&gt; org.hibernate.type.AdaptedImmutableType@46d63dbb
DEBUG BasicTypeRegistry - Adding type registration imm_dbtimestamp -&gt; org.hibernate.type.AdaptedImmutableType@4088741b
DEBUG BasicTypeRegistry - Adding type registration imm_calendar -&gt; org.hibernate.type.AdaptedImmutableType@16a49a5d
DEBUG BasicTypeRegistry - Adding type registration imm_calendar_date -&gt; org.hibernate.type.AdaptedImmutableType@54bca971
DEBUG BasicTypeRegistry - Adding type registration imm_binary -&gt; org.hibernate.type.AdaptedImmutableType@23706db8
DEBUG BasicTypeRegistry - Adding type registration imm_serializable -&gt; org.hibernate.type.AdaptedImmutableType@205bed61
DEBUG DefaultIdentifierGeneratorFactory - Registering IdentifierGenerator strategy [uuid2] -&gt; [org.hibernate.id.UUIDGenerator]
DEBUG DefaultIdentifierGeneratorFactory - Registering IdentifierGenerator strategy [guid] -&gt; [org.hibernate.id.GUIDGenerator]
DEBUG DefaultIdentifierGeneratorFactory - Registering IdentifierGenerator strategy [uuid] -&gt; [org.hibernate.id.UUIDHexGenerator]
DEBUG DefaultIdentifierGeneratorFactory - Registering IdentifierGenerator strategy [uuid.hex] -&gt; [org.hibernate.id.UUIDHexGenerator]
DEBUG DefaultIdentifierGeneratorFactory - Registering IdentifierGenerator strategy [hilo] -&gt; [org.hibernate.id.TableHiLoGenerator]
DEBUG DefaultIdentifierGeneratorFactory - Registering IdentifierGenerator strategy [assigned] -&gt; [org.hibernate.id.Assigned]
DEBUG DefaultIdentifierGeneratorFactory - Registering IdentifierGenerator strategy [identity] -&gt; [org.hibernate.id.IdentityGenerator]
DEBUG DefaultIdentifierGeneratorFactory - Registering IdentifierGenerator strategy [select] -&gt; [org.hibernate.id.SelectGenerator]
DEBUG DefaultIdentifierGeneratorFactory - Registering IdentifierGenerator strategy [sequence] -&gt; [org.hibernate.id.SequenceGenerator]
DEBUG DefaultIdentifierGeneratorFactory - Registering IdentifierGenerator strategy [seqhilo] -&gt; [org.hibernate.id.SequenceHiLoGenerator]
DEBUG DefaultIdentifierGeneratorFactory - Registering IdentifierGenerator strategy [increment] -&gt; [org.hibernate.id.IncrementGenerator]
DEBUG DefaultIdentifierGeneratorFactory - Registering IdentifierGenerator strategy [foreign] -&gt; [org.hibernate.id.ForeignGenerator]
DEBUG DefaultIdentifierGeneratorFactory - Registering IdentifierGenerator strategy [sequence-identity] -&gt; [org.hibernate.id.SequenceIdentityGenerator]
DEBUG DefaultIdentifierGeneratorFactory - Registering IdentifierGenerator strategy [enhanced-sequence] -&gt; [org.hibernate.id.enhanced.SequenceStyleGenerator]
DEBUG DefaultIdentifierGeneratorFactory - Registering IdentifierGenerator strategy [enhanced-table] -&gt; [org.hibernate.id.enhanced.TableGenerator]
DEBUG Ejb3Configuration - Processing PersistenceUnitInfo [
	name: default
	persistence provider classname: null
	classloader: sun.misc.Launcher$AppClassLoader@6bc7c054
	Temporary classloader: org.springframework.instrument.classloading.SimpleThrowawayClassLoader@129fed45
	excludeUnlistedClasses: true
	JTA datasource: null
	Non JTA datasource: org.springframework.jdbc.datasource.DriverManagerDataSource@23592946
	Transaction type: RESOURCE_LOCAL
	PU root URL: file:/C:/Users/chq-jamesgl/STS_work2/finalprojectgleixner/target/test-classes/
	Shared Cache Mode: UNSPECIFIED
	Validation Mode: AUTO
	Jar files URLs []
	Managed classes names [
		com.expeditors.training.course3demo.model.Address
		com.expeditors.training.course3demo.model.Card
		com.expeditors.training.course3demo.model.Container
		com.expeditors.training.course3demo.model.PhoneNumber
		com.expeditors.training.course3demo.model.Product
		com.expeditors.training.course3demo.model.Shipment
		com.expeditors.training.course3demo.model.UserAccount
		com.expeditors.training.course3demo.model.UserRole]
	Mapping files names []
	Properties []
DEBUG Ejb3Configuration - Detect class: true; detect hbm: true
DEBUG AbstractJarVisitor - Searching mapped entities in jar/par: file:/C:/Users/chq-jamesgl/STS_work2/finalprojectgleixner/target/test-classes/
DEBUG AbstractJarVisitor - Filtering: com.expeditors.training.course3demo.config.PersistenceJPATestConfig
DEBUG AbstractJarVisitor - Filtering: com.expeditors.training.course3demo.config.ServiceTestConfig
DEBUG AbstractJarVisitor - Filtering: com.expeditors.training.course3demo.config.TestConfig
DEBUG AbstractJarVisitor - Filtering: com.expeditors.training.course3demo.controller.ContainerControllerTest
DEBUG AbstractJarVisitor - Filtering: com.expeditors.training.course3demo.controller.ProductControllerTest
DEBUG AbstractJarVisitor - Filtering: com.expeditors.training.course3demo.controller.ShipmentControllerTest
DEBUG AbstractJarVisitor - Filtering: com.expeditors.training.course3demo.service.ContainerServiceTest
DEBUG AbstractJarVisitor - Filtering: com.expeditors.training.course3demo.service.ProductServiceTest
DEBUG AbstractJarVisitor - Filtering: com.expeditors.training.course3demo.service.ShipmentServiceTest
DEBUG IntegratorServiceImpl - Adding Integrator [org.hibernate.cfg.beanvalidation.BeanValidationIntegrator].
DEBUG IntegratorServiceImpl - Adding Integrator [org.hibernate.ejb.event.JpaIntegrator].
DEBUG NamingHelper - No JNDI name configured for binding Ejb3Configuration
DEBUG Configuration - Preparing to build session factory with filters : {}
DEBUG Configuration - Processing hbm.xml files
DEBUG Configuration - Process annotated classes
DEBUG AnnotationBinder - Binding entity from annotated class: com.expeditors.training.course3demo.model.Address
DEBUG Ejb3Column - Binding column: Ejb3DiscriminatorColumn{logicalColumnName&apos;DTYPE&apos;, discriminatorTypeName=&apos;string&apos;}
DEBUG EntityBinder - Import with entity name Address
DEBUG EntityBinder - Bind entity com.expeditors.training.course3demo.model.Address on table ADDRESS
DEBUG Ejb3Column - Binding column: Ejb3Column{table=org.hibernate.mapping.Table(ADDRESS), mappingColumn=ADDRESS_ID, insertable=true, updatable=true, unique=false}
DEBUG PropertyBinder - MetadataSourceProcessor property id with lazy=false
DEBUG SimpleValueBinder - building SimpleValue for id
DEBUG PropertyBinder - Building property id
DEBUG Ejb3Column - Binding column: Ejb3Column{table=org.hibernate.mapping.Table(ADDRESS), mappingColumn=city, insertable=true, updatable=true, unique=false}
DEBUG PropertyBinder - MetadataSourceProcessor property city with lazy=false
DEBUG SimpleValueBinder - building SimpleValue for city
DEBUG PropertyBinder - Building property city
DEBUG Ejb3Column - Binding column: Ejb3Column{table=org.hibernate.mapping.Table(ADDRESS), mappingColumn=state, insertable=true, updatable=true, unique=false}
DEBUG PropertyBinder - MetadataSourceProcessor property state with lazy=false
DEBUG SimpleValueBinder - building SimpleValue for state
DEBUG PropertyBinder - Building property state
DEBUG Ejb3Column - Binding column: Ejb3Column{table=org.hibernate.mapping.Table(ADDRESS), mappingColumn=street, insertable=true, updatable=true, unique=false}
DEBUG PropertyBinder - MetadataSourceProcessor property street with lazy=false
DEBUG SimpleValueBinder - building SimpleValue for street
DEBUG PropertyBinder - Building property street
DEBUG AnnotationBinder - Binding entity from annotated class: com.expeditors.training.course3demo.model.Card
DEBUG Ejb3Column - Binding column: Ejb3DiscriminatorColumn{logicalColumnName&apos;DTYPE&apos;, discriminatorTypeName=&apos;string&apos;}
DEBUG EntityBinder - Import with entity name Card
DEBUG EntityBinder - Bind entity com.expeditors.training.course3demo.model.Card on table CARD
DEBUG Ejb3Column - Binding column: Ejb3Column{table=org.hibernate.mapping.Table(CARD), mappingColumn=CARD_ID, insertable=true, updatable=true, unique=false}
DEBUG PropertyBinder - MetadataSourceProcessor property id with lazy=false
DEBUG SimpleValueBinder - building SimpleValue for id
DEBUG PropertyBinder - Building property id
DEBUG Ejb3Column - Binding column: Ejb3JoinColumn{logicalColumnName=&apos;address&apos;, referencedColumn=&apos;&apos;, mappedBy=&apos;&apos;}
DEBUG Ejb3Column - Binding column: Ejb3Column{table=org.hibernate.mapping.Table(CARD), mappingColumn=address, insertable=true, updatable=true, unique=false}
DEBUG PropertyBinder - Building property address
DEBUG Ejb3Column - Binding column: Ejb3Column{table=org.hibernate.mapping.Table(CARD), mappingColumn=amount, insertable=true, updatable=true, unique=false}
DEBUG PropertyBinder - MetadataSourceProcessor property amount with lazy=false
DEBUG SimpleValueBinder - building SimpleValue for amount
DEBUG PropertyBinder - Building property amount
DEBUG Ejb3Column - Binding column: Ejb3Column{table=org.hibernate.mapping.Table(CARD), mappingColumn=CARD_NUMBER, insertable=true, updatable=true, unique=false}
DEBUG PropertyBinder - MetadataSourceProcessor property number with lazy=false
DEBUG SimpleValueBinder - building SimpleValue for number
DEBUG PropertyBinder - Building property number
DEBUG Ejb3Column - Binding column: Ejb3Column{table=org.hibernate.mapping.Table(CARD), mappingColumn=OWNER_NAME, insertable=true, updatable=true, unique=false}
DEBUG PropertyBinder - MetadataSourceProcessor property owner with lazy=false
DEBUG SimpleValueBinder - building SimpleValue for owner
DEBUG PropertyBinder - Building property owner
DEBUG Ejb3Column - Binding column: Ejb3JoinColumn{logicalColumnName=&apos;null&apos;, referencedColumn=&apos;null&apos;, mappedBy=&apos;card&apos;}
DEBUG Ejb3Column - Binding column: Ejb3Column{table=org.hibernate.mapping.Table(CARD), mappingColumn=phoneNumbers, insertable=true, updatable=true, unique=false}
DEBUG Ejb3Column - Binding column: Ejb3Column{table=org.hibernate.mapping.Table(CARD), mappingColumn=index, insertable=true, updatable=true, unique=false}
DEBUG Ejb3Column - Binding column: Ejb3Column{table=org.hibernate.mapping.Table(CARD), mappingColumn=element, insertable=true, updatable=true, unique=false}
DEBUG Ejb3Column - Binding column: Ejb3Column{table=org.hibernate.mapping.Table(CARD), mappingColumn=phoneNumbers_KEY, insertable=true, updatable=true, unique=false}
DEBUG Ejb3Column - Binding column: Ejb3JoinColumn{logicalColumnName=&apos;phoneNumbers_KEY&apos;, referencedColumn=&apos;null&apos;, mappedBy=&apos;null&apos;}
DEBUG Ejb3Column - Binding column: Ejb3JoinColumn{logicalColumnName=&apos;null&apos;, referencedColumn=&apos;null&apos;, mappedBy=&apos;card&apos;}
DEBUG Ejb3Column - Binding column: Ejb3JoinColumn{logicalColumnName=&apos;null&apos;, referencedColumn=&apos;null&apos;, mappedBy=&apos;card&apos;}
DEBUG CollectionBinder - Collection role: com.expeditors.training.course3demo.model.Card.phoneNumbers
DEBUG PropertyBinder - Building property phoneNumbers
DEBUG AnnotationBinder - Binding entity from annotated class: com.expeditors.training.course3demo.model.Container
DEBUG Ejb3Column - Binding column: Ejb3DiscriminatorColumn{logicalColumnName&apos;DTYPE&apos;, discriminatorTypeName=&apos;string&apos;}
DEBUG EntityBinder - Import with entity name Container
DEBUG EntityBinder - Bind entity com.expeditors.training.course3demo.model.Container on table Container
DEBUG Ejb3Column - Binding column: Ejb3Column{table=org.hibernate.mapping.Table(Container), mappingColumn=CONTAINER_ID, insertable=true, updatable=true, unique=false}
DEBUG PropertyBinder - MetadataSourceProcessor property id with lazy=false
DEBUG SimpleValueBinder - building SimpleValue for id
DEBUG PropertyBinder - Building property id
DEBUG Ejb3Column - Binding column: Ejb3Column{table=org.hibernate.mapping.Table(Container), mappingColumn=capacity, insertable=true, updatable=true, unique=false}
DEBUG PropertyBinder - MetadataSourceProcessor property capacity with lazy=false
DEBUG SimpleValueBinder - building SimpleValue for capacity
DEBUG PropertyBinder - Building property capacity
DEBUG Ejb3Column - Binding column: Ejb3Column{table=org.hibernate.mapping.Table(Container), mappingColumn=destination, insertable=true, updatable=true, unique=false}
DEBUG PropertyBinder - MetadataSourceProcessor property destination with lazy=false
DEBUG SimpleValueBinder - building SimpleValue for destination
DEBUG PropertyBinder - Building property destination
DEBUG Ejb3Column - Binding column: Ejb3Column{table=org.hibernate.mapping.Table(Container), mappingColumn=location, insertable=true, updatable=true, unique=false}
DEBUG PropertyBinder - MetadataSourceProcessor property location with lazy=false
DEBUG SimpleValueBinder - building SimpleValue for location
DEBUG PropertyBinder - Building property location
DEBUG Ejb3Column - Binding column: Ejb3Column{table=org.hibernate.mapping.Table(Container), mappingColumn=name, insertable=true, updatable=true, unique=false}
DEBUG PropertyBinder - MetadataSourceProcessor property name with lazy=false
DEBUG SimpleValueBinder - building SimpleValue for name
DEBUG PropertyBinder - Building property name
DEBUG Ejb3Column - Binding column: Ejb3Column{table=org.hibernate.mapping.Table(Container), mappingColumn=status, insertable=true, updatable=true, unique=false}
DEBUG PropertyBinder - MetadataSourceProcessor property status with lazy=false
DEBUG SimpleValueBinder - building SimpleValue for status
DEBUG PropertyBinder - Building property status
DEBUG AnnotationBinder - Binding entity from annotated class: com.expeditors.training.course3demo.model.PhoneNumber
DEBUG Ejb3Column - Binding column: Ejb3DiscriminatorColumn{logicalColumnName&apos;DTYPE&apos;, discriminatorTypeName=&apos;string&apos;}
DEBUG EntityBinder - Import with entity name PhoneNumber
DEBUG EntityBinder - Bind entity com.expeditors.training.course3demo.model.PhoneNumber on table PHONE_NUMBER
DEBUG Ejb3Column - Binding column: Ejb3Column{table=org.hibernate.mapping.Table(PHONE_NUMBER), mappingColumn=PHONE_NUMBER_ID, insertable=true, updatable=true, unique=false}
DEBUG PropertyBinder - MetadataSourceProcessor property id with lazy=false
DEBUG SimpleValueBinder - building SimpleValue for id
DEBUG PropertyBinder - Building property id
DEBUG Ejb3Column - Binding column: Ejb3JoinColumn{logicalColumnName=&apos;CARD_ID&apos;, referencedColumn=&apos;&apos;, mappedBy=&apos;&apos;}
DEBUG Ejb3Column - Binding column: Ejb3Column{table=org.hibernate.mapping.Table(PHONE_NUMBER), mappingColumn=card, insertable=true, updatable=true, unique=false}
DEBUG PropertyBinder - Building property card
DEBUG Ejb3Column - Binding column: Ejb3Column{table=org.hibernate.mapping.Table(PHONE_NUMBER), mappingColumn=PHONE_NUMBER, insertable=true, updatable=true, unique=false}
DEBUG PropertyBinder - MetadataSourceProcessor property number with lazy=false
DEBUG SimpleValueBinder - building SimpleValue for number
DEBUG PropertyBinder - Building property number
DEBUG AnnotationBinder - Binding entity from annotated class: com.expeditors.training.course3demo.model.Product
DEBUG Ejb3Column - Binding column: Ejb3DiscriminatorColumn{logicalColumnName&apos;DTYPE&apos;, discriminatorTypeName=&apos;string&apos;}
DEBUG EntityBinder - Import with entity name Product
DEBUG EntityBinder - Bind entity com.expeditors.training.course3demo.model.Product on table PRODUCT
DEBUG Ejb3Column - Binding column: Ejb3Column{table=org.hibernate.mapping.Table(PRODUCT), mappingColumn=PRODUCT_ID, insertable=true, updatable=true, unique=false}
DEBUG PropertyBinder - MetadataSourceProcessor property id with lazy=false
DEBUG SimpleValueBinder - building SimpleValue for id
DEBUG PropertyBinder - Building property id
DEBUG Ejb3Column - Binding column: Ejb3Column{table=org.hibernate.mapping.Table(PRODUCT), mappingColumn=description, insertable=true, updatable=true, unique=false}
DEBUG PropertyBinder - MetadataSourceProcessor property description with lazy=false
DEBUG SimpleValueBinder - building SimpleValue for description
DEBUG PropertyBinder - Building property description
DEBUG Ejb3Column - Binding column: Ejb3Column{table=org.hibernate.mapping.Table(PRODUCT), mappingColumn=name, insertable=true, updatable=true, unique=false}
DEBUG PropertyBinder - MetadataSourceProcessor property name with lazy=false
DEBUG SimpleValueBinder - building SimpleValue for name
DEBUG PropertyBinder - Building property name
DEBUG Ejb3Column - Binding column: Ejb3Column{table=org.hibernate.mapping.Table(PRODUCT), mappingColumn=price, insertable=true, updatable=true, unique=false}
DEBUG PropertyBinder - MetadataSourceProcessor property price with lazy=false
DEBUG SimpleValueBinder - building SimpleValue for price
DEBUG PropertyBinder - Building property price
DEBUG AnnotationBinder - Binding entity from annotated class: com.expeditors.training.course3demo.model.Shipment
DEBUG Ejb3Column - Binding column: Ejb3DiscriminatorColumn{logicalColumnName&apos;DTYPE&apos;, discriminatorTypeName=&apos;string&apos;}
DEBUG EntityBinder - Import with entity name Shipment
DEBUG EntityBinder - Bind entity com.expeditors.training.course3demo.model.Shipment on table Shipment
DEBUG Ejb3Column - Binding column: Ejb3Column{table=org.hibernate.mapping.Table(Shipment), mappingColumn=SHIPMENT_ID, insertable=true, updatable=true, unique=false}
DEBUG PropertyBinder - MetadataSourceProcessor property id with lazy=false
DEBUG SimpleValueBinder - building SimpleValue for id
DEBUG PropertyBinder - Building property id
DEBUG Ejb3Column - Binding column: Ejb3Column{table=org.hibernate.mapping.Table(Shipment), mappingColumn=destination, insertable=true, updatable=true, unique=false}
DEBUG PropertyBinder - MetadataSourceProcessor property destination with lazy=false
DEBUG SimpleValueBinder - building SimpleValue for destination
DEBUG PropertyBinder - Building property destination
DEBUG Ejb3Column - Binding column: Ejb3Column{table=org.hibernate.mapping.Table(Shipment), mappingColumn=name, insertable=true, updatable=true, unique=false}
DEBUG PropertyBinder - MetadataSourceProcessor property name with lazy=false
DEBUG SimpleValueBinder - building SimpleValue for name
DEBUG PropertyBinder - Building property name
DEBUG Ejb3Column - Binding column: Ejb3Column{table=org.hibernate.mapping.Table(Shipment), mappingColumn=origin, insertable=true, updatable=true, unique=false}
DEBUG PropertyBinder - MetadataSourceProcessor property origin with lazy=false
DEBUG SimpleValueBinder - building SimpleValue for origin
DEBUG PropertyBinder - Building property origin
DEBUG Ejb3Column - Binding column: Ejb3Column{table=org.hibernate.mapping.Table(Shipment), mappingColumn=volume, insertable=true, updatable=true, unique=false}
DEBUG PropertyBinder - MetadataSourceProcessor property volume with lazy=false
DEBUG SimpleValueBinder - building SimpleValue for volume
DEBUG PropertyBinder - Building property volume
DEBUG AnnotationBinder - Binding entity from annotated class: com.expeditors.training.course3demo.model.UserAccount
DEBUG Ejb3Column - Binding column: Ejb3DiscriminatorColumn{logicalColumnName&apos;DTYPE&apos;, discriminatorTypeName=&apos;string&apos;}
DEBUG EntityBinder - Import with entity name UserAccount
DEBUG EntityBinder - Bind entity com.expeditors.training.course3demo.model.UserAccount on table USERACCOUNT
DEBUG Ejb3Column - Binding column: Ejb3Column{table=org.hibernate.mapping.Table(USERACCOUNT), mappingColumn=USER_ID, insertable=true, updatable=true, unique=false}
DEBUG PropertyBinder - MetadataSourceProcessor property id with lazy=false
DEBUG SimpleValueBinder - building SimpleValue for id
DEBUG PropertyBinder - Building property id
DEBUG Ejb3Column - Binding column: Ejb3Column{table=org.hibernate.mapping.Table(USERACCOUNT), mappingColumn=enabled, insertable=true, updatable=true, unique=false}
DEBUG PropertyBinder - MetadataSourceProcessor property enabled with lazy=false
DEBUG SimpleValueBinder - building SimpleValue for enabled
DEBUG PropertyBinder - Building property enabled
DEBUG Ejb3Column - Binding column: Ejb3Column{table=org.hibernate.mapping.Table(USERACCOUNT), mappingColumn=password, insertable=true, updatable=true, unique=false}
DEBUG PropertyBinder - MetadataSourceProcessor property password with lazy=false
DEBUG SimpleValueBinder - building SimpleValue for password
DEBUG PropertyBinder - Building property password
DEBUG Ejb3Column - Binding column: Ejb3JoinColumn{logicalColumnName=&apos;null&apos;, referencedColumn=&apos;null&apos;, mappedBy=&apos;userAccount&apos;}
DEBUG Ejb3Column - Binding column: Ejb3Column{table=org.hibernate.mapping.Table(USERACCOUNT), mappingColumn=userRoles, insertable=true, updatable=true, unique=false}
DEBUG Ejb3Column - Binding column: Ejb3Column{table=org.hibernate.mapping.Table(USERACCOUNT), mappingColumn=null, insertable=true, updatable=true, unique=false}
DEBUG Ejb3Column - Binding column: Ejb3Column{table=org.hibernate.mapping.Table(USERACCOUNT), mappingColumn=element, insertable=true, updatable=true, unique=false}
DEBUG Ejb3Column - Binding column: Ejb3Column{table=org.hibernate.mapping.Table(USERACCOUNT), mappingColumn=userRoles_KEY, insertable=true, updatable=true, unique=false}
DEBUG Ejb3Column - Binding column: Ejb3JoinColumn{logicalColumnName=&apos;userRoles_KEY&apos;, referencedColumn=&apos;null&apos;, mappedBy=&apos;null&apos;}
DEBUG Ejb3Column - Binding column: Ejb3JoinColumn{logicalColumnName=&apos;null&apos;, referencedColumn=&apos;null&apos;, mappedBy=&apos;userAccount&apos;}
DEBUG Ejb3Column - Binding column: Ejb3JoinColumn{logicalColumnName=&apos;null&apos;, referencedColumn=&apos;null&apos;, mappedBy=&apos;userAccount&apos;}
DEBUG CollectionBinder - Collection role: com.expeditors.training.course3demo.model.UserAccount.userRoles
DEBUG PropertyBinder - Building property userRoles
DEBUG Ejb3Column - Binding column: Ejb3Column{table=org.hibernate.mapping.Table(USERACCOUNT), mappingColumn=username, insertable=true, updatable=true, unique=false}
DEBUG PropertyBinder - MetadataSourceProcessor property username with lazy=false
DEBUG SimpleValueBinder - building SimpleValue for username
DEBUG PropertyBinder - Building property username
DEBUG AnnotationBinder - Binding entity from annotated class: com.expeditors.training.course3demo.model.UserRole
DEBUG Ejb3Column - Binding column: Ejb3DiscriminatorColumn{logicalColumnName&apos;DTYPE&apos;, discriminatorTypeName=&apos;string&apos;}
DEBUG EntityBinder - Import with entity name UserRole
DEBUG EntityBinder - Bind entity com.expeditors.training.course3demo.model.UserRole on table USERROLE
DEBUG Ejb3Column - Binding column: Ejb3Column{table=org.hibernate.mapping.Table(USERROLE), mappingColumn=ROLE_ID, insertable=true, updatable=true, unique=false}
DEBUG PropertyBinder - MetadataSourceProcessor property id with lazy=false
DEBUG SimpleValueBinder - building SimpleValue for id
DEBUG PropertyBinder - Building property id
DEBUG Ejb3Column - Binding column: Ejb3Column{table=org.hibernate.mapping.Table(USERROLE), mappingColumn=ROLE_NAME, insertable=true, updatable=true, unique=false}
DEBUG PropertyBinder - MetadataSourceProcessor property role with lazy=false
DEBUG SimpleValueBinder - building SimpleValue for role
DEBUG PropertyBinder - Building property role
DEBUG Ejb3Column - Binding column: Ejb3JoinColumn{logicalColumnName=&apos;ROLE_OWNER&apos;, referencedColumn=&apos;&apos;, mappedBy=&apos;&apos;}
DEBUG Ejb3Column - Binding column: Ejb3Column{table=org.hibernate.mapping.Table(USERROLE), mappingColumn=userAccount, insertable=true, updatable=true, unique=false}
DEBUG PropertyBinder - Building property userAccount
DEBUG SimpleValueBinder - Setting SimpleValue typeName for id
DEBUG SimpleValueBinder - Setting SimpleValue typeName for city
DEBUG SimpleValueBinder - Setting SimpleValue typeName for state
DEBUG SimpleValueBinder - Setting SimpleValue typeName for street
DEBUG SimpleValueBinder - Setting SimpleValue typeName for id
DEBUG SimpleValueBinder - Setting SimpleValue typeName for amount
DEBUG SimpleValueBinder - Setting SimpleValue typeName for number
DEBUG SimpleValueBinder - Setting SimpleValue typeName for owner
DEBUG SimpleValueBinder - Setting SimpleValue typeName for id
DEBUG SimpleValueBinder - Setting SimpleValue typeName for capacity
DEBUG SimpleValueBinder - Setting SimpleValue typeName for destination
DEBUG SimpleValueBinder - Setting SimpleValue typeName for location
DEBUG SimpleValueBinder - Setting SimpleValue typeName for name
DEBUG SimpleValueBinder - Setting SimpleValue typeName for status
DEBUG SimpleValueBinder - Setting SimpleValue typeName for id
DEBUG SimpleValueBinder - Setting SimpleValue typeName for number
DEBUG SimpleValueBinder - Setting SimpleValue typeName for id
DEBUG SimpleValueBinder - Setting SimpleValue typeName for description
DEBUG SimpleValueBinder - Setting SimpleValue typeName for name
DEBUG SimpleValueBinder - Setting SimpleValue typeName for price
DEBUG SimpleValueBinder - Setting SimpleValue typeName for id
DEBUG SimpleValueBinder - Setting SimpleValue typeName for destination
DEBUG SimpleValueBinder - Setting SimpleValue typeName for name
DEBUG SimpleValueBinder - Setting SimpleValue typeName for origin
DEBUG SimpleValueBinder - Setting SimpleValue typeName for volume
DEBUG SimpleValueBinder - Setting SimpleValue typeName for id
DEBUG SimpleValueBinder - Setting SimpleValue typeName for enabled
DEBUG SimpleValueBinder - Setting SimpleValue typeName for password
DEBUG SimpleValueBinder - Setting SimpleValue typeName for username
DEBUG SimpleValueBinder - Setting SimpleValue typeName for id
DEBUG SimpleValueBinder - Setting SimpleValue typeName for role
DEBUG Configuration - Processing fk mappings (*ToOne and JoinedSubclass)
DEBUG Configuration - Processing extends queue
DEBUG Configuration - Processing extends queue
DEBUG Configuration - Processing collection mappings
DEBUG CollectionSecondPass - Second pass for collection: com.expeditors.training.course3demo.model.Card.phoneNumbers
DEBUG CollectionBinder - Binding a OneToMany: com.expeditors.training.course3demo.model.Card.phoneNumbers through a foreign key
DEBUG CollectionBinder - Mapping collection: com.expeditors.training.course3demo.model.Card.phoneNumbers -&gt; PHONE_NUMBER
DEBUG TableBinder - Retrieving property com.expeditors.training.course3demo.model.PhoneNumber.card
DEBUG SimpleValueBinder - building SimpleValue for null
DEBUG SimpleValueBinder - Setting SimpleValue typeName for null
DEBUG CollectionSecondPass - Mapped collection key: CARD_ID, index: index, one-to-many: com.expeditors.training.course3demo.model.PhoneNumber
DEBUG CollectionSecondPass - Second pass for collection: com.expeditors.training.course3demo.model.UserAccount.userRoles
DEBUG CollectionBinder - Binding a OneToMany: com.expeditors.training.course3demo.model.UserAccount.userRoles through a foreign key
DEBUG CollectionBinder - Mapping collection: com.expeditors.training.course3demo.model.UserAccount.userRoles -&gt; USERROLE
DEBUG TableBinder - Retrieving property com.expeditors.training.course3demo.model.UserRole.userAccount
DEBUG CollectionSecondPass - Mapped collection key: ROLE_OWNER, one-to-many: com.expeditors.training.course3demo.model.UserRole
DEBUG Configuration - Processing native query and ResultSetMapping mappings
DEBUG Configuration - Processing association property references
DEBUG Configuration - Creating tables&apos; unique integer identifiers
DEBUG Configuration - Processing foreign key constraints
DEBUG Configuration - Resolving reference to class: com.expeditors.training.course3demo.model.Address
DEBUG Configuration - Resolving reference to class: com.expeditors.training.course3demo.model.Card
DEBUG Configuration - Resolving reference to class: com.expeditors.training.course3demo.model.UserAccount
INFO  ConnectionProviderInitiator - HHH000130: Instantiating explicit connection provider: org.hibernate.ejb.connection.InjectedDataSourceConnectionProvider
DEBUG JdbcServicesImpl - Database -&gt;
       name : HSQL Database Engine
    version : 2.2.4
      major : 2
      minor : 2
DEBUG JdbcServicesImpl - Driver -&gt;
       name : HSQL Database Engine Driver
    version : 2.2.4
      major : 2
      minor : 2
DEBUG JdbcServicesImpl - JDBC version : 4.0
INFO  Dialect - HHH000400: Using dialect: org.hibernate.dialect.HSQLDialect
DEBUG SettingsFactory - Automatic flush during beforeCompletion(): disabled
DEBUG SettingsFactory - Automatic session close at end of transaction: disabled
DEBUG SettingsFactory - JDBC batch size: 15
DEBUG SettingsFactory - JDBC batch updates for versioned data: disabled
DEBUG SettingsFactory - Scrollable result sets: enabled
DEBUG SettingsFactory - Wrap result sets: disabled
DEBUG SettingsFactory - JDBC3 getGeneratedKeys(): enabled
DEBUG SettingsFactory - multi-tenancy strategy : NONE
DEBUG SettingsFactory - Connection release mode: auto
INFO  TransactionFactoryInitiator - HHH000268: Transaction strategy: org.hibernate.engine.transaction.internal.jdbc.JdbcTransactionFactory
DEBUG SettingsFactory - Using BatchFetchStyle : LEGACY
DEBUG SettingsFactory - Default batch fetch size: 1
DEBUG SettingsFactory - Generate SQL with comments: disabled
DEBUG SettingsFactory - Order SQL updates by primary key: disabled
DEBUG SettingsFactory - Order SQL inserts for batching: disabled
DEBUG SettingsFactory - Default null ordering: none
DEBUG SettingsFactory - Query translator: org.hibernate.hql.internal.ast.ASTQueryTranslatorFactory
INFO  ASTQueryTranslatorFactory - HHH000397: Using ASTQueryTranslatorFactory
DEBUG SettingsFactory - Query language substitutions: {}
DEBUG SettingsFactory - JPA-QL strict compliance: enabled
DEBUG SettingsFactory - Second-level cache: enabled
DEBUG SettingsFactory - Query cache: disabled
DEBUG SettingsFactory - Cache region factory : org.hibernate.cache.internal.NoCachingRegionFactory
DEBUG SettingsFactory - org.hibernate.cache.internal.NoCachingRegionFactory did not provide constructor accepting java.util.Properties; attempting no-arg constructor.
DEBUG SettingsFactory - Optimize cache for minimal puts: disabled
DEBUG SettingsFactory - Structured second-level cache entries: disabled
DEBUG SettingsFactory - Second-level cache direct-reference entries: disabled
DEBUG SettingsFactory - Statistics: disabled
DEBUG SettingsFactory - Deleted entity synthetic identifier rollback: disabled
DEBUG SettingsFactory - Default entity-mode: pojo
DEBUG SettingsFactory - Named query checking : enabled
DEBUG SettingsFactory - Check Nullability in Core (should be disabled when Bean Validation is on): enabled
DEBUG SettingsFactory - Allow initialization of lazy state outside session : : disabled
DEBUG SettingsFactory - JTA Track by Thread: enabled
DEBUG SessionFactoryImpl - Building session factory
DEBUG SessionFactoryImpl - Session factory constructed with filter configurations : {}
DEBUG SessionFactoryImpl - Instantiating session factory with properties: {java.vendor=Oracle Corporation, localRepository=C:\Users\chq-jamesgl\.m2\repository, hibernate=org.hibernate.dialect.HSQLDialect, sun.java.launcher=SUN_STANDARD, sun.management.compiler=HotSpot 64-Bit Tiered Compilers, hibernate.ejb.discard_pc_on_close=false, hibernate.transaction.flush_before_completion=false, os.name=Windows 7, sun.boot.class.path=C:\Program Files\Java\jdk1.8.0_20\jre\lib\resources.jar;C:\Program Files\Java\jdk1.8.0_20\jre\lib\rt.jar;C:\Program Files\Java\jdk1.8.0_20\jre\lib\sunrsasign.jar;C:\Program Files\Java\jdk1.8.0_20\jre\lib\jsse.jar;C:\Program Files\Java\jdk1.8.0_20\jre\lib\jce.jar;C:\Program Files\Java\jdk1.8.0_20\jre\lib\charsets.jar;C:\Program Files\Java\jdk1.8.0_20\jre\lib\jfr.jar;C:\Program Files\Java\jdk1.8.0_20\jre\classes, sun.desktop=windows, java.vm.specification.vendor=Oracle Corporation, java.runtime.version=1.8.0_20-b26, hibernate.connection.autocommit=true, user.name=chq-jamesgl, javax.persistence.validation.mode=AUTO, hibernate.connection.release_mode=auto, user.language=en, sun.boot.library.path=C:\Program Files\Java\jdk1.8.0_20\jre\bin, java.version=1.8.0_20, user.timezone=America/Los_Angeles, sun.arch.data.model=64, java.endorsed.dirs=C:\Program Files\Java\jdk1.8.0_20\jre\lib\endorsed, sun.cpu.isalist=amd64, sun.jnu.encoding=Cp1252, file.encoding.pkg=sun.io, file.separator=\, java.specification.name=Java Platform API Specification, java.class.version=52.0, user.country=US, java.home=C:\Program Files\Java\jdk1.8.0_20\jre, java.vm.info=mixed mode, os.version=6.1, hibernate.transaction.factory_class=org.hibernate.engine.transaction.internal.jdbc.JdbcTransactionFactory, hibernate.connection.datasource=org.springframework.jdbc.datasource.DriverManagerDataSource@23592946, surefire.real.class.path=C:\Users\chq-jamesgl\STS_work2\finalprojectgleixner\target\surefire\surefirebooter4129056140270613633.jar, hibernate.query.jpaql_strict_compliance=true, path.separator=;, java.vm.version=25.20-b23, user.variant=, java.awt.printerjob=sun.awt.windows.WPrinterJob, sun.io.unicode.encoding=UnicodeLittle, awt.toolkit=sun.awt.windows.WToolkit, user.script=, user.home=C:\Users\chq-jamesgl, java.specification.vendor=Oracle Corporation, hibernate.hbm2ddl.auto=create-drop, java.library.path=C:\Program Files\Java\jdk1.8.0_20\jre\bin;C:\WINDOWS\Sun\Java\bin;C:\WINDOWS\system32;C:\WINDOWS;C:/Program Files/Java/jdk1.7.0_45/bin/../jre/bin/server;C:/Program Files/Java/jdk1.7.0_45/bin/../jre/bin;C:/Program Files/Java/jdk1.7.0_45/bin/../jre/lib/amd64;C:\Program Files\spring-1.2.1.RELEASE\bin;C:\Maven\apache-maven-3.0.5\bin;C:\Program Files\Java\jdk1.7.0_45\bin;C:\ProgramData\Oracle\Java\javapath;C:\Program Files (x86)\Intel\iCLS Client\;C:\Program Files\Intel\iCLS Client\;C:\WINDOWS\system32;C:\WINDOWS;C:\WINDOWS\System32\Wbem;C:\WINDOWS\System32\WindowsPowerShell\v1.0\;C:\Program Files\Intel\DMIX;C:\WINDOWS\CCM;C:\WINDOWS\CCM;C:\WINDOWS\CCM;C:\WINDOWS\CCM;C:\WINDOWS\CCM;C:\WINDOWS\CCM;C:\WINDOWS\CCM;C:\PROGRA~2\IBM\SQLLIB\BIN;C:\PROGRA~2\IBM\SQLLIB\FUNCTION;C:\PROGRA~2\IBM\SQLLIB\SAMPLES\REPL;C:\Program Files\Intel\Intel(R) Management Engine Components\DAL;C:\Program Files\Intel\Intel(R) Management Engine Components\IPT;C:\Program Files (x86)\Intel\Intel(R) Management Engine Components\DAL;C:\Program Files (x86)\Intel\Intel(R) Management Engine Components\IPT;C:\Program Files\Microsoft\Web Platform Installer\;C:\Program Files\TortoiseSVN\bin;C:\Users\chq-jamesgl\Documents\STS2\sts-bundle\sts-3.6.3.SR1;;., java.vendor.url=http://java.oracle.com/, java.vm.vendor=Oracle Corporation, java.runtime.name=Java(TM) SE Runtime Environment, sun.java.command=C:\Users\chq-jamesgl\STS_work2\finalprojectgleixner\target\surefire\surefirebooter4129056140270613633.jar C:\Users\chq-jamesgl\STS_work2\finalprojectgleixner\target\surefire\surefire3891015182998956309tmp C:\Users\chq-jamesgl\STS_work2\finalprojectgleixner\target\surefire\surefire_0694316389834651853tmp, java.class.path=C:\Users\chq-jamesgl\STS_work2\finalprojectgleixner\target\test-classes;C:\Users\chq-jamesgl\STS_work2\finalprojectgleixner\target\classes;C:\Users\chq-jamesgl\.m2\repository\org\springframework\spring-webmvc\3.2.3.RELEASE\spring-webmvc-3.2.3.RELEASE.jar;C:\Users\chq-jamesgl\.m2\repository\org\springframework\spring-beans\3.2.3.RELEASE\spring-beans-3.2.3.RELEASE.jar;C:\Users\chq-jamesgl\.m2\repository\org\springframework\spring-context\3.2.3.RELEASE\spring-context-3.2.3.RELEASE.jar;C:\Users\chq-jamesgl\.m2\repository\org\springframework\spring-core\3.2.3.RELEASE\spring-core-3.2.3.RELEASE.jar;C:\Users\chq-jamesgl\.m2\repository\commons-logging\commons-logging\1.1.1\commons-logging-1.1.1.jar;C:\Users\chq-jamesgl\.m2\repository\org\springframework\spring-expression\3.2.3.RELEASE\spring-expression-3.2.3.RELEASE.jar;C:\Users\chq-jamesgl\.m2\repository\org\springframework\spring-web\3.2.3.RELEASE\spring-web-3.2.3.RELEASE.jar;C:\Users\chq-jamesgl\.m2\repository\org\springframework\security\spring-security-web\3.2.3.RELEASE\spring-security-web-3.2.3.RELEASE.jar;C:\Users\chq-jamesgl\.m2\repository\aopalliance\aopalliance\1.0\aopalliance-1.0.jar;C:\Users\chq-jamesgl\.m2\repository\org\springframework\security\spring-security-core\3.2.3.RELEASE\spring-security-core-3.2.3.RELEASE.jar;C:\Users\chq-jamesgl\.m2\repository\org\springframework\security\spring-security-config\3.2.3.RELEASE\spring-security-config-3.2.3.RELEASE.jar;C:\Users\chq-jamesgl\.m2\repository\org\springframework\security\spring-security-taglibs\3.2.3.RELEASE\spring-security-taglibs-3.2.3.RELEASE.jar;C:\Users\chq-jamesgl\.m2\repository\org\springframework\security\spring-security-acl\3.2.3.RELEASE\spring-security-acl-3.2.3.RELEASE.jar;C:\Users\chq-jamesgl\.m2\repository\javax\servlet\jstl\1.2\jstl-1.2.jar;C:\Users\chq-jamesgl\.m2\repository\javax\servlet\servlet-api\2.5\servlet-api-2.5.jar;C:\Users\chq-jamesgl\.m2\repository\javax\servlet\jsp\jsp-api\2.2\jsp-api-2.2.jar;C:\Users\chq-jamesgl\.m2\repository\org\springframework\spring-tx\3.2.3.RELEASE\spring-tx-3.2.3.RELEASE.jar;C:\Users\chq-jamesgl\.m2\repository\org\springframework\spring-orm\3.2.3.RELEASE\spring-orm-3.2.3.RELEASE.jar;C:\Users\chq-jamesgl\.m2\repository\org\springframework\spring-jdbc\3.2.3.RELEASE\spring-jdbc-3.2.3.RELEASE.jar;C:\Users\chq-jamesgl\.m2\repository\org\springframework\spring-aop\3.2.3.RELEASE\spring-aop-3.2.3.RELEASE.jar;C:\Users\chq-jamesgl\.m2\repository\org\slf4j\slf4j-api\1.7.5\slf4j-api-1.7.5.jar;C:\Users\chq-jamesgl\.m2\repository\ch\qos\logback\logback-classic\1.0.13\logback-classic-1.0.13.jar;C:\Users\chq-jamesgl\.m2\repository\ch\qos\logback\logback-core\1.0.13\logback-core-1.0.13.jar;C:\Users\chq-jamesgl\.m2\repository\org\hibernate\hibernate-entitymanager\4.2.1.Final\hibernate-entitymanager-4.2.1.Final.jar;C:\Users\chq-jamesgl\.m2\repository\org\jboss\logging\jboss-logging\3.1.0.GA\jboss-logging-3.1.0.GA.jar;C:\Users\chq-jamesgl\.m2\repository\org\hibernate\hibernate-core\4.2.1.Final\hibernate-core-4.2.1.Final.jar;C:\Users\chq-jamesgl\.m2\repository\antlr\antlr\2.7.7\antlr-2.7.7.jar;C:\Users\chq-jamesgl\.m2\repository\dom4j\dom4j\1.6.1\dom4j-1.6.1.jar;C:\Users\chq-jamesgl\.m2\repository\org\jboss\spec\javax\transaction\jboss-transaction-api_1.1_spec\1.0.1.Final\jboss-transaction-api_1.1_spec-1.0.1.Final.jar;C:\Users\chq-jamesgl\.m2\repository\org\hibernate\javax\persistence\hibernate-jpa-2.0-api\1.0.1.Final\hibernate-jpa-2.0-api-1.0.1.Final.jar;C:\Users\chq-jamesgl\.m2\repository\org\javassist\javassist\3.15.0-GA\javassist-3.15.0-GA.jar;C:\Users\chq-jamesgl\.m2\repository\org\hibernate\common\hibernate-commons-annotations\4.0.1.Final\hibernate-commons-annotations-4.0.1.Final.jar;C:\Users\chq-jamesgl\.m2\repository\javax\validation\validation-api\1.1.0.Final\validation-api-1.1.0.Final.jar;C:\Users\chq-jamesgl\.m2\repository\org\hibernate\hibernate-validator\4.2.0.Final\hibernate-validator-4.2.0.Final.jar;C:\Users\chq-jamesgl\.m2\repository\org\hsqldb\hsqldb\2.2.4\hsqldb-2.2.4.jar;C:\Users\chq-jamesgl\.m2\repository\org\dbunit\dbunit\2.5.0\dbunit-2.5.0.jar;C:\Users\chq-jamesgl\.m2\repository\commons-collections\commons-collections\3.2.1\commons-collections-3.2.1.jar;C:\Users\chq-jamesgl\.m2\repository\com\github\springtestdbunit\spring-test-dbunit\1.2.0\spring-test-dbunit-1.2.0.jar;C:\Users\chq-jamesgl\.m2\repository\org\springframework\spring-test\3.2.3.RELEASE\spring-test-3.2.3.RELEASE.jar;C:\Users\chq-jamesgl\.m2\repository\org\hamcrest\hamcrest-all\1.3\hamcrest-all-1.3.jar;C:\Users\chq-jamesgl\.m2\repository\junit\junit\4.11\junit-4.11.jar;C:\Users\chq-jamesgl\.m2\repository\org\hamcrest\hamcrest-core\1.3\hamcrest-core-1.3.jar;C:\Users\chq-jamesgl\.m2\repository\org\mockito\mockito-core\1.9.5\mockito-core-1.9.5.jar;C:\Users\chq-jamesgl\.m2\repository\org\objenesis\objenesis\1.0\objenesis-1.0.jar;C:\Users\chq-jamesgl\.m2\repository\org\apache\derby\derbyclient\10.11.1.1\derbyclient-10.11.1.1.jar;C:\Users\chq-jamesgl\.m2\repository\org\sitemesh\sitemesh\3.0-alpha-2\sitemesh-3.0-alpha-2.jar;, hibernate.bytecode.use_reflection_optimizer=false, java.vm.specification.name=Java Virtual Machine Specification, java.vm.specification.version=1.8, sun.cpu.endian=little, sun.os.patch.level=Service Pack 1, hibernate.connection.provider_class=org.hibernate.ejb.connection.InjectedDataSourceConnectionProvider, surefire.test.class.path=C:\Users\chq-jamesgl\STS_work2\finalprojectgleixner\target\test-classes;C:\Users\chq-jamesgl\STS_work2\finalprojectgleixner\target\classes;C:\Users\chq-jamesgl\.m2\repository\org\springframework\spring-webmvc\3.2.3.RELEASE\spring-webmvc-3.2.3.RELEASE.jar;C:\Users\chq-jamesgl\.m2\repository\org\springframework\spring-beans\3.2.3.RELEASE\spring-beans-3.2.3.RELEASE.jar;C:\Users\chq-jamesgl\.m2\repository\org\springframework\spring-context\3.2.3.RELEASE\spring-context-3.2.3.RELEASE.jar;C:\Users\chq-jamesgl\.m2\repository\org\springframework\spring-core\3.2.3.RELEASE\spring-core-3.2.3.RELEASE.jar;C:\Users\chq-jamesgl\.m2\repository\commons-logging\commons-logging\1.1.1\commons-logging-1.1.1.jar;C:\Users\chq-jamesgl\.m2\repository\org\springframework\spring-expression\3.2.3.RELEASE\spring-expression-3.2.3.RELEASE.jar;C:\Users\chq-jamesgl\.m2\repository\org\springframework\spring-web\3.2.3.RELEASE\spring-web-3.2.3.RELEASE.jar;C:\Users\chq-jamesgl\.m2\repository\org\springframework\security\spring-security-web\3.2.3.RELEASE\spring-security-web-3.2.3.RELEASE.jar;C:\Users\chq-jamesgl\.m2\repository\aopalliance\aopalliance\1.0\aopalliance-1.0.jar;C:\Users\chq-jamesgl\.m2\repository\org\springframework\security\spring-security-core\3.2.3.RELEASE\spring-security-core-3.2.3.RELEASE.jar;C:\Users\chq-jamesgl\.m2\repository\org\springframework\security\spring-security-config\3.2.3.RELEASE\spring-security-config-3.2.3.RELEASE.jar;C:\Users\chq-jamesgl\.m2\repository\org\springframework\security\spring-security-taglibs\3.2.3.RELEASE\spring-security-taglibs-3.2.3.RELEASE.jar;C:\Users\chq-jamesgl\.m2\repository\org\springframework\security\spring-security-acl\3.2.3.RELEASE\spring-security-acl-3.2.3.RELEASE.jar;C:\Users\chq-jamesgl\.m2\repository\javax\servlet\jstl\1.2\jstl-1.2.jar;C:\Users\chq-jamesgl\.m2\repository\javax\servlet\servlet-api\2.5\servlet-api-2.5.jar;C:\Users\chq-jamesgl\.m2\repository\javax\servlet\jsp\jsp-api\2.2\jsp-api-2.2.jar;C:\Users\chq-jamesgl\.m2\repository\org\springframework\spring-tx\3.2.3.RELEASE\spring-tx-3.2.3.RELEASE.jar;C:\Users\chq-jamesgl\.m2\repository\org\springframework\spring-orm\3.2.3.RELEASE\spring-orm-3.2.3.RELEASE.jar;C:\Users\chq-jamesgl\.m2\repository\org\springframework\spring-jdbc\3.2.3.RELEASE\spring-jdbc-3.2.3.RELEASE.jar;C:\Users\chq-jamesgl\.m2\repository\org\springframework\spring-aop\3.2.3.RELEASE\spring-aop-3.2.3.RELEASE.jar;C:\Users\chq-jamesgl\.m2\repository\org\slf4j\slf4j-api\1.7.5\slf4j-api-1.7.5.jar;C:\Users\chq-jamesgl\.m2\repository\ch\qos\logback\logback-classic\1.0.13\logback-classic-1.0.13.jar;C:\Users\chq-jamesgl\.m2\repository\ch\qos\logback\logback-core\1.0.13\logback-core-1.0.13.jar;C:\Users\chq-jamesgl\.m2\repository\org\hibernate\hibernate-entitymanager\4.2.1.Final\hibernate-entitymanager-4.2.1.Final.jar;C:\Users\chq-jamesgl\.m2\repository\org\jboss\logging\jboss-logging\3.1.0.GA\jboss-logging-3.1.0.GA.jar;C:\Users\chq-jamesgl\.m2\repository\org\hibernate\hibernate-core\4.2.1.Final\hibernate-core-4.2.1.Final.jar;C:\Users\chq-jamesgl\.m2\repository\antlr\antlr\2.7.7\antlr-2.7.7.jar;C:\Users\chq-jamesgl\.m2\repository\dom4j\dom4j\1.6.1\dom4j-1.6.1.jar;C:\Users\chq-jamesgl\.m2\repository\org\jboss\spec\javax\transaction\jboss-transaction-api_1.1_spec\1.0.1.Final\jboss-transaction-api_1.1_spec-1.0.1.Final.jar;C:\Users\chq-jamesgl\.m2\repository\org\hibernate\javax\persistence\hibernate-jpa-2.0-api\1.0.1.Final\hibernate-jpa-2.0-api-1.0.1.Final.jar;C:\Users\chq-jamesgl\.m2\repository\org\javassist\javassist\3.15.0-GA\javassist-3.15.0-GA.jar;C:\Users\chq-jamesgl\.m2\repository\org\hibernate\common\hibernate-commons-annotations\4.0.1.Final\hibernate-commons-annotations-4.0.1.Final.jar;C:\Users\chq-jamesgl\.m2\repository\javax\validation\validation-api\1.1.0.Final\validation-api-1.1.0.Final.jar;C:\Users\chq-jamesgl\.m2\repository\org\hibernate\hibernate-validator\4.2.0.Final\hibernate-validator-4.2.0.Final.jar;C:\Users\chq-jamesgl\.m2\repository\org\hsqldb\hsqldb\2.2.4\hsqldb-2.2.4.jar;C:\Users\chq-jamesgl\.m2\repository\org\dbunit\dbunit\2.5.0\dbunit-2.5.0.jar;C:\Users\chq-jamesgl\.m2\repository\commons-collections\commons-collections\3.2.1\commons-collections-3.2.1.jar;C:\Users\chq-jamesgl\.m2\repository\com\github\springtestdbunit\spring-test-dbunit\1.2.0\spring-test-dbunit-1.2.0.jar;C:\Users\chq-jamesgl\.m2\repository\org\springframework\spring-test\3.2.3.RELEASE\spring-test-3.2.3.RELEASE.jar;C:\Users\chq-jamesgl\.m2\repository\org\hamcrest\hamcrest-all\1.3\hamcrest-all-1.3.jar;C:\Users\chq-jamesgl\.m2\repository\junit\junit\4.11\junit-4.11.jar;C:\Users\chq-jamesgl\.m2\repository\org\hamcrest\hamcrest-core\1.3\hamcrest-core-1.3.jar;C:\Users\chq-jamesgl\.m2\repository\org\mockito\mockito-core\1.9.5\mockito-core-1.9.5.jar;C:\Users\chq-jamesgl\.m2\repository\org\objenesis\objenesis\1.0\objenesis-1.0.jar;C:\Users\chq-jamesgl\.m2\repository\org\apache\derby\derbyclient\10.11.1.1\derbyclient-10.11.1.1.jar;C:\Users\chq-jamesgl\.m2\repository\org\sitemesh\sitemesh\3.0-alpha-2\sitemesh-3.0-alpha-2.jar;, java.io.tmpdir=C:\Users\CHQ-JA~1\AppData\Local\Temp\, java.vendor.url.bug=http://bugreport.sun.com/bugreport/, javax.persistence.sharedCache.mode=UNSPECIFIED, os.arch=amd64, java.awt.graphicsenv=sun.awt.Win32GraphicsEnvironment, java.ext.dirs=C:\Program Files\Java\jdk1.8.0_20\jre\lib\ext;C:\WINDOWS\Sun\Java\lib\ext, user.dir=C:\Users\chq-jamesgl\STS_work2\finalprojectgleixner, line.separator=
, java.vm.name=Java HotSpot(TM) 64-Bit Server VM, basedir=C:\Users\chq-jamesgl\STS_work2\finalprojectgleixner, file.encoding=Cp1252, hibernate.use_identifier_rollback=false, java.specification.version=1.8, hibernate.show_sql=true}
DEBUG DefaultTraversableResolver - Found javax.persistence.Persistence on classpath containing &apos;getPersistenceUtil&apos;. Assuming JPA 2 environment. Trying to instantiate JPA aware TraversableResolver
DEBUG DefaultTraversableResolver - Instantiated JPA aware TraversableResolver of type org.hibernate.validator.engine.resolver.JPATraversableResolver.
DEBUG ValidationXmlParser - Trying to load META-INF/validation.xml for XML based Validator configuration.
DEBUG ValidationXmlParser - No META-INF/validation.xml found. Using annotation based configuration only
DEBUG DefaultTraversableResolver - Found javax.persistence.Persistence on classpath containing &apos;getPersistenceUtil&apos;. Assuming JPA 2 environment. Trying to instantiate JPA aware TraversableResolver
DEBUG DefaultTraversableResolver - Instantiated JPA aware TraversableResolver of type org.hibernate.validator.engine.resolver.JPATraversableResolver.
DEBUG ValidationXmlParser - Trying to load META-INF/validation.xml for XML based Validator configuration.
DEBUG ValidationXmlParser - No META-INF/validation.xml found. Using annotation based configuration only
DEBUG ConstraintDescriptorImpl - Adding composing constraint: ConstraintDescriptorImpl{annotation=javax.validation.constraints.NotNull, payloads=[], hasComposingConstraints=true, isReportAsSingleInvalidConstraint=false, elementType=FIELD, definedOn=DEFINED_LOCALLY, groups=[interface javax.validation.groups.Default], attributes={message={javax.validation.constraints.NotNull.message}, groups=[Ljava.lang.Class;@62d73ead, payload=[Ljava.lang.Class;@1e141e42}}
DEBUG ConstraintDescriptorImpl - Adding composing constraint: ConstraintDescriptorImpl{annotation=javax.validation.constraints.Size, payloads=[], hasComposingConstraints=true, isReportAsSingleInvalidConstraint=false, elementType=FIELD, definedOn=DEFINED_LOCALLY, groups=[interface javax.validation.groups.Default], attributes={groups=[Ljava.lang.Class;@1d0a61c8, min=1, message={javax.validation.constraints.Size.message}, max=2147483647, payload=[Ljava.lang.Class;@46731692}}
DEBUG ConstraintDescriptorImpl - Adding composing constraint: ConstraintDescriptorImpl{annotation=javax.validation.constraints.NotNull, payloads=[], hasComposingConstraints=true, isReportAsSingleInvalidConstraint=false, elementType=FIELD, definedOn=DEFINED_LOCALLY, groups=[interface javax.validation.groups.Default], attributes={message={javax.validation.constraints.NotNull.message}, groups=[Ljava.lang.Class;@2c0b4c83, payload=[Ljava.lang.Class;@78525ef9}}
DEBUG ConstraintDescriptorImpl - Adding composing constraint: ConstraintDescriptorImpl{annotation=javax.validation.constraints.Size, payloads=[], hasComposingConstraints=true, isReportAsSingleInvalidConstraint=false, elementType=FIELD, definedOn=DEFINED_LOCALLY, groups=[interface javax.validation.groups.Default], attributes={groups=[Ljava.lang.Class;@4d654825, min=1, message={javax.validation.constraints.Size.message}, max=2147483647, payload=[Ljava.lang.Class;@3bfc6a5e}}
DEBUG ConstraintDescriptorImpl - Adding composing constraint: ConstraintDescriptorImpl{annotation=javax.validation.constraints.NotNull, payloads=[], hasComposingConstraints=true, isReportAsSingleInvalidConstraint=false, elementType=FIELD, definedOn=DEFINED_LOCALLY, groups=[interface javax.validation.groups.Default], attributes={message={javax.validation.constraints.NotNull.message}, groups=[Ljava.lang.Class;@abff8b7, payload=[Ljava.lang.Class;@6d7cada5}}
DEBUG ConstraintDescriptorImpl - Adding composing constraint: ConstraintDescriptorImpl{annotation=javax.validation.constraints.Size, payloads=[], hasComposingConstraints=true, isReportAsSingleInvalidConstraint=false, elementType=FIELD, definedOn=DEFINED_LOCALLY, groups=[interface javax.validation.groups.Default], attributes={groups=[Ljava.lang.Class;@7e00ed0f, min=1, message={javax.validation.constraints.Size.message}, max=2147483647, payload=[Ljava.lang.Class;@b0fc838}}
DEBUG ConstraintDescriptorImpl - Adding composing constraint: ConstraintDescriptorImpl{annotation=javax.validation.constraints.NotNull, payloads=[], hasComposingConstraints=true, isReportAsSingleInvalidConstraint=false, elementType=FIELD, definedOn=DEFINED_LOCALLY, groups=[interface javax.validation.groups.Default], attributes={message={javax.validation.constraints.NotNull.message}, groups=[Ljava.lang.Class;@5c1f6d57, payload=[Ljava.lang.Class;@f288c14}}
DEBUG ConstraintDescriptorImpl - Adding composing constraint: ConstraintDescriptorImpl{annotation=javax.validation.constraints.Size, payloads=[], hasComposingConstraints=true, isReportAsSingleInvalidConstraint=false, elementType=FIELD, definedOn=DEFINED_LOCALLY, groups=[interface javax.validation.groups.Default], attributes={groups=[Ljava.lang.Class;@7be71476, min=1, message={javax.validation.constraints.Size.message}, max=2147483647, payload=[Ljava.lang.Class;@5cb5bb88}}
DEBUG ConstraintDescriptorImpl - Adding composing constraint: ConstraintDescriptorImpl{annotation=javax.validation.constraints.NotNull, payloads=[], hasComposingConstraints=true, isReportAsSingleInvalidConstraint=false, elementType=FIELD, definedOn=DEFINED_LOCALLY, groups=[interface javax.validation.groups.Default], attributes={message={javax.validation.constraints.NotNull.message}, groups=[Ljava.lang.Class;@6137cf6e, payload=[Ljava.lang.Class;@7942a854}}
DEBUG ConstraintDescriptorImpl - Adding composing constraint: ConstraintDescriptorImpl{annotation=javax.validation.constraints.Size, payloads=[], hasComposingConstraints=true, isReportAsSingleInvalidConstraint=false, elementType=FIELD, definedOn=DEFINED_LOCALLY, groups=[interface javax.validation.groups.Default], attributes={groups=[Ljava.lang.Class;@6c302a1d, min=1, message={javax.validation.constraints.Size.message}, max=2147483647, payload=[Ljava.lang.Class;@33a3c44a}}
DEBUG ConstraintDescriptorImpl - Adding composing constraint: ConstraintDescriptorImpl{annotation=javax.validation.constraints.NotNull, payloads=[], hasComposingConstraints=true, isReportAsSingleInvalidConstraint=false, elementType=FIELD, definedOn=DEFINED_LOCALLY, groups=[interface javax.validation.groups.Default], attributes={message={javax.validation.constraints.NotNull.message}, groups=[Ljava.lang.Class;@499ef98e, payload=[Ljava.lang.Class;@24934262}}
DEBUG ConstraintDescriptorImpl - Adding composing constraint: ConstraintDescriptorImpl{annotation=javax.validation.constraints.Size, payloads=[], hasComposingConstraints=true, isReportAsSingleInvalidConstraint=false, elementType=FIELD, definedOn=DEFINED_LOCALLY, groups=[interface javax.validation.groups.Default], attributes={groups=[Ljava.lang.Class;@288214b1, min=1, message={javax.validation.constraints.Size.message}, max=2147483647, payload=[Ljava.lang.Class;@16eedaa6}}
DEBUG ConstraintDescriptorImpl - Adding composing constraint: ConstraintDescriptorImpl{annotation=javax.validation.constraints.NotNull, payloads=[], hasComposingConstraints=true, isReportAsSingleInvalidConstraint=false, elementType=FIELD, definedOn=DEFINED_LOCALLY, groups=[interface javax.validation.groups.Default], attributes={message={javax.validation.constraints.NotNull.message}, groups=[Ljava.lang.Class;@5b051a5c, payload=[Ljava.lang.Class;@639aba11}}
DEBUG ConstraintDescriptorImpl - Adding composing constraint: ConstraintDescriptorImpl{annotation=javax.validation.constraints.Size, payloads=[], hasComposingConstraints=true, isReportAsSingleInvalidConstraint=false, elementType=FIELD, definedOn=DEFINED_LOCALLY, groups=[interface javax.validation.groups.Default], attributes={groups=[Ljava.lang.Class;@2bebb74f, min=1, message={javax.validation.constraints.Size.message}, max=2147483647, payload=[Ljava.lang.Class;@58cf8f94}}
DEBUG DefaultIdentifierGeneratorFactory - Setting dialect [org.hibernate.dialect.HSQLDialect]
DEBUG DefaultIdentifierGeneratorFactory - Setting dialect [org.hibernate.dialect.HSQLDialect]
DEBUG DefaultIdentifierGeneratorFactory - Setting dialect [org.hibernate.dialect.HSQLDialect]
DEBUG DefaultIdentifierGeneratorFactory - Setting dialect [org.hibernate.dialect.HSQLDialect]
DEBUG DefaultIdentifierGeneratorFactory - Setting dialect [org.hibernate.dialect.HSQLDialect]
DEBUG DefaultIdentifierGeneratorFactory - Setting dialect [org.hibernate.dialect.HSQLDialect]
DEBUG DefaultIdentifierGeneratorFactory - Setting dialect [org.hibernate.dialect.HSQLDialect]
DEBUG DefaultIdentifierGeneratorFactory - Setting dialect [org.hibernate.dialect.HSQLDialect]
DEBUG AbstractEntityPersister - Static SQL for entity: com.expeditors.training.course3demo.model.PhoneNumber
DEBUG AbstractEntityPersister -  Version select: select PHONE_NUMBER_ID from PHONE_NUMBER where PHONE_NUMBER_ID =?
DEBUG AbstractEntityPersister -  Snapshot select: select phonenumbe_.PHONE_NUMBER_ID, phonenumbe_.CARD_ID as CARD3_3_, phonenumbe_.PHONE_NUMBER as PHONE2_3_ from PHONE_NUMBER phonenumbe_ where phonenumbe_.PHONE_NUMBER_ID=?
DEBUG AbstractEntityPersister -  Insert 0: insert into PHONE_NUMBER (CARD_ID, PHONE_NUMBER, PHONE_NUMBER_ID) values (?, ?, ?)
DEBUG AbstractEntityPersister -  Update 0: update PHONE_NUMBER set CARD_ID=?, PHONE_NUMBER=? where PHONE_NUMBER_ID=?
DEBUG AbstractEntityPersister -  Delete 0: delete from PHONE_NUMBER where PHONE_NUMBER_ID=?
DEBUG AbstractEntityPersister -  Identity insert: insert into PHONE_NUMBER (PHONE_NUMBER_ID, CARD_ID, PHONE_NUMBER) values (default, ?, ?)
DEBUG AbstractEntityPersister - Static SQL for entity: com.expeditors.training.course3demo.model.Shipment
DEBUG AbstractEntityPersister -  Version select: select SHIPMENT_ID from Shipment where SHIPMENT_ID =?
DEBUG AbstractEntityPersister -  Snapshot select: select shipment_.SHIPMENT_ID, shipment_.destination as destinat2_5_, shipment_.name as name3_5_, shipment_.origin as origin4_5_, shipment_.volume as volume5_5_ from Shipment shipment_ where shipment_.SHIPMENT_ID=?
DEBUG AbstractEntityPersister -  Insert 0: insert into Shipment (destination, name, origin, volume, SHIPMENT_ID) values (?, ?, ?, ?, ?)
DEBUG AbstractEntityPersister -  Update 0: update Shipment set destination=?, name=?, origin=?, volume=? where SHIPMENT_ID=?
DEBUG AbstractEntityPersister -  Delete 0: delete from Shipment where SHIPMENT_ID=?
DEBUG AbstractEntityPersister -  Identity insert: insert into Shipment (SHIPMENT_ID, destination, name, origin, volume) values (default, ?, ?, ?, ?)
DEBUG AbstractEntityPersister - Static SQL for entity: com.expeditors.training.course3demo.model.Card
DEBUG AbstractEntityPersister -  Version select: select CARD_ID from CARD where CARD_ID =?
DEBUG AbstractEntityPersister -  Snapshot select: select card_.CARD_ID, card_.address as address5_1_, card_.amount as amount2_1_, card_.CARD_NUMBER as CARD3_1_, card_.OWNER_NAME as OWNER4_1_ from CARD card_ where card_.CARD_ID=?
DEBUG AbstractEntityPersister -  Insert 0: insert into CARD (address, amount, CARD_NUMBER, OWNER_NAME, CARD_ID) values (?, ?, ?, ?, ?)
DEBUG AbstractEntityPersister -  Update 0: update CARD set address=?, amount=?, CARD_NUMBER=?, OWNER_NAME=? where CARD_ID=?
DEBUG AbstractEntityPersister -  Delete 0: delete from CARD where CARD_ID=?
DEBUG AbstractEntityPersister -  Identity insert: insert into CARD (CARD_ID, address, amount, CARD_NUMBER, OWNER_NAME) values (default, ?, ?, ?, ?)
DEBUG AbstractEntityPersister - Static SQL for entity: com.expeditors.training.course3demo.model.Container
DEBUG AbstractEntityPersister -  Version select: select CONTAINER_ID from Container where CONTAINER_ID =?
DEBUG AbstractEntityPersister -  Snapshot select: select container_.CONTAINER_ID, container_.capacity as capacity2_2_, container_.destination as destinat3_2_, container_.location as location4_2_, container_.name as name5_2_, container_.status as status6_2_ from Container container_ where container_.CONTAINER_ID=?
DEBUG AbstractEntityPersister -  Insert 0: insert into Container (capacity, destination, location, name, status, CONTAINER_ID) values (?, ?, ?, ?, ?, ?)
DEBUG AbstractEntityPersister -  Update 0: update Container set capacity=?, destination=?, location=?, name=?, status=? where CONTAINER_ID=?
DEBUG AbstractEntityPersister -  Delete 0: delete from Container where CONTAINER_ID=?
DEBUG AbstractEntityPersister -  Identity insert: insert into Container (CONTAINER_ID, capacity, destination, location, name, status) values (default, ?, ?, ?, ?, ?)
DEBUG AbstractEntityPersister - Static SQL for entity: com.expeditors.training.course3demo.model.UserRole
DEBUG AbstractEntityPersister -  Version select: select ROLE_ID from USERROLE where ROLE_ID =?
DEBUG AbstractEntityPersister -  Snapshot select: select userrole_.ROLE_ID, userrole_.ROLE_NAME as ROLE2_7_, userrole_.ROLE_OWNER as ROLE3_7_ from USERROLE userrole_ where userrole_.ROLE_ID=?
DEBUG AbstractEntityPersister -  Insert 0: insert into USERROLE (ROLE_NAME, ROLE_OWNER, ROLE_ID) values (?, ?, ?)
DEBUG AbstractEntityPersister -  Update 0: update USERROLE set ROLE_NAME=?, ROLE_OWNER=? where ROLE_ID=?
DEBUG AbstractEntityPersister -  Delete 0: delete from USERROLE where ROLE_ID=?
DEBUG AbstractEntityPersister -  Identity insert: insert into USERROLE (ROLE_ID, ROLE_NAME, ROLE_OWNER) values (default, ?, ?)
DEBUG AbstractEntityPersister - Static SQL for entity: com.expeditors.training.course3demo.model.Address
DEBUG AbstractEntityPersister -  Version select: select ADDRESS_ID from ADDRESS where ADDRESS_ID =?
DEBUG AbstractEntityPersister -  Snapshot select: select address_.ADDRESS_ID, address_.city as city2_0_, address_.state as state3_0_, address_.street as street4_0_ from ADDRESS address_ where address_.ADDRESS_ID=?
DEBUG AbstractEntityPersister -  Insert 0: insert into ADDRESS (city, state, street, ADDRESS_ID) values (?, ?, ?, ?)
DEBUG AbstractEntityPersister -  Update 0: update ADDRESS set city=?, state=?, street=? where ADDRESS_ID=?
DEBUG AbstractEntityPersister -  Delete 0: delete from ADDRESS where ADDRESS_ID=?
DEBUG AbstractEntityPersister -  Identity insert: insert into ADDRESS (ADDRESS_ID, city, state, street) values (default, ?, ?, ?)
DEBUG AbstractEntityPersister - Static SQL for entity: com.expeditors.training.course3demo.model.UserAccount
DEBUG AbstractEntityPersister -  Version select: select USER_ID from USERACCOUNT where USER_ID =?
DEBUG AbstractEntityPersister -  Snapshot select: select useraccoun_.USER_ID, useraccoun_.enabled as enabled2_6_, useraccoun_.password as password3_6_, useraccoun_.username as username4_6_ from USERACCOUNT useraccoun_ where useraccoun_.USER_ID=?
DEBUG AbstractEntityPersister -  Insert 0: insert into USERACCOUNT (enabled, password, username, USER_ID) values (?, ?, ?, ?)
DEBUG AbstractEntityPersister -  Update 0: update USERACCOUNT set enabled=?, password=?, username=? where USER_ID=?
DEBUG AbstractEntityPersister -  Delete 0: delete from USERACCOUNT where USER_ID=?
DEBUG AbstractEntityPersister -  Identity insert: insert into USERACCOUNT (USER_ID, enabled, password, username) values (default, ?, ?, ?)
DEBUG AbstractEntityPersister - Static SQL for entity: com.expeditors.training.course3demo.model.Product
DEBUG AbstractEntityPersister -  Version select: select PRODUCT_ID from PRODUCT where PRODUCT_ID =?
DEBUG AbstractEntityPersister -  Snapshot select: select product_.PRODUCT_ID, product_.description as descript2_4_, product_.name as name3_4_, product_.price as price4_4_ from PRODUCT product_ where product_.PRODUCT_ID=?
DEBUG AbstractEntityPersister -  Insert 0: insert into PRODUCT (description, name, price, PRODUCT_ID) values (?, ?, ?, ?)
DEBUG AbstractEntityPersister -  Update 0: update PRODUCT set description=?, name=?, price=? where PRODUCT_ID=?
DEBUG AbstractEntityPersister -  Delete 0: delete from PRODUCT where PRODUCT_ID=?
DEBUG AbstractEntityPersister -  Identity insert: insert into PRODUCT (PRODUCT_ID, description, name, price) values (default, ?, ?, ?)
DEBUG AbstractCollectionPersister - Static SQL for collection: com.expeditors.training.course3demo.model.Card.phoneNumbers
DEBUG AbstractCollectionPersister -  Row insert: update PHONE_NUMBER set CARD_ID=?, index=? where PHONE_NUMBER_ID=?
DEBUG AbstractCollectionPersister -  Row update: update PHONE_NUMBER set index=? where PHONE_NUMBER_ID=?
DEBUG AbstractCollectionPersister -  Row delete: update PHONE_NUMBER set CARD_ID=null, index=null where CARD_ID=? and PHONE_NUMBER_ID=?
DEBUG AbstractCollectionPersister -  One-shot delete: update PHONE_NUMBER set CARD_ID=null, index=null where CARD_ID=?
DEBUG AbstractCollectionPersister - Static SQL for collection: com.expeditors.training.course3demo.model.UserAccount.userRoles
DEBUG AbstractCollectionPersister -  Row insert: update USERROLE set ROLE_OWNER=? where ROLE_ID=?
DEBUG AbstractCollectionPersister -  Row update: update USERROLE set  where ROLE_ID=?
DEBUG AbstractCollectionPersister -  Row delete: update USERROLE set ROLE_OWNER=null where ROLE_OWNER=? and ROLE_ID=?
DEBUG AbstractCollectionPersister -  One-shot delete: update USERROLE set ROLE_OWNER=null where ROLE_OWNER=?
DEBUG Loader - Static select for entity com.expeditors.training.course3demo.model.PhoneNumber [NONE]: select phonenumbe0_.PHONE_NUMBER_ID as PHONE1_3_0_, phonenumbe0_.CARD_ID as CARD3_3_0_, phonenumbe0_.PHONE_NUMBER as PHONE2_3_0_ from PHONE_NUMBER phonenumbe0_ where phonenumbe0_.PHONE_NUMBER_ID=?
DEBUG Loader - Static select for entity com.expeditors.training.course3demo.model.PhoneNumber [READ]: select phonenumbe0_.PHONE_NUMBER_ID as PHONE1_3_0_, phonenumbe0_.CARD_ID as CARD3_3_0_, phonenumbe0_.PHONE_NUMBER as PHONE2_3_0_ from PHONE_NUMBER phonenumbe0_ where phonenumbe0_.PHONE_NUMBER_ID=?
DEBUG Loader - Static select for entity com.expeditors.training.course3demo.model.PhoneNumber [UPGRADE]: select phonenumbe0_.PHONE_NUMBER_ID as PHONE1_3_0_, phonenumbe0_.CARD_ID as CARD3_3_0_, phonenumbe0_.PHONE_NUMBER as PHONE2_3_0_ from PHONE_NUMBER phonenumbe0_ where phonenumbe0_.PHONE_NUMBER_ID=?
DEBUG Loader - Static select for entity com.expeditors.training.course3demo.model.PhoneNumber [UPGRADE_NOWAIT]: select phonenumbe0_.PHONE_NUMBER_ID as PHONE1_3_0_, phonenumbe0_.CARD_ID as CARD3_3_0_, phonenumbe0_.PHONE_NUMBER as PHONE2_3_0_ from PHONE_NUMBER phonenumbe0_ where phonenumbe0_.PHONE_NUMBER_ID=?
DEBUG Loader - Static select for entity com.expeditors.training.course3demo.model.PhoneNumber [FORCE]: select phonenumbe0_.PHONE_NUMBER_ID as PHONE1_3_0_, phonenumbe0_.CARD_ID as CARD3_3_0_, phonenumbe0_.PHONE_NUMBER as PHONE2_3_0_ from PHONE_NUMBER phonenumbe0_ where phonenumbe0_.PHONE_NUMBER_ID=?
DEBUG Loader - Static select for entity com.expeditors.training.course3demo.model.PhoneNumber [PESSIMISTIC_READ]: select phonenumbe0_.PHONE_NUMBER_ID as PHONE1_3_0_, phonenumbe0_.CARD_ID as CARD3_3_0_, phonenumbe0_.PHONE_NUMBER as PHONE2_3_0_ from PHONE_NUMBER phonenumbe0_ where phonenumbe0_.PHONE_NUMBER_ID=?
DEBUG Loader - Static select for entity com.expeditors.training.course3demo.model.PhoneNumber [PESSIMISTIC_WRITE]: select phonenumbe0_.PHONE_NUMBER_ID as PHONE1_3_0_, phonenumbe0_.CARD_ID as CARD3_3_0_, phonenumbe0_.PHONE_NUMBER as PHONE2_3_0_ from PHONE_NUMBER phonenumbe0_ where phonenumbe0_.PHONE_NUMBER_ID=?
DEBUG Loader - Static select for entity com.expeditors.training.course3demo.model.PhoneNumber [PESSIMISTIC_FORCE_INCREMENT]: select phonenumbe0_.PHONE_NUMBER_ID as PHONE1_3_0_, phonenumbe0_.CARD_ID as CARD3_3_0_, phonenumbe0_.PHONE_NUMBER as PHONE2_3_0_ from PHONE_NUMBER phonenumbe0_ where phonenumbe0_.PHONE_NUMBER_ID=?
DEBUG Loader - Static select for entity com.expeditors.training.course3demo.model.PhoneNumber [OPTIMISTIC]: select phonenumbe0_.PHONE_NUMBER_ID as PHONE1_3_0_, phonenumbe0_.CARD_ID as CARD3_3_0_, phonenumbe0_.PHONE_NUMBER as PHONE2_3_0_ from PHONE_NUMBER phonenumbe0_ where phonenumbe0_.PHONE_NUMBER_ID=?
DEBUG Loader - Static select for entity com.expeditors.training.course3demo.model.PhoneNumber [OPTIMISTIC_FORCE_INCREMENT]: select phonenumbe0_.PHONE_NUMBER_ID as PHONE1_3_0_, phonenumbe0_.CARD_ID as CARD3_3_0_, phonenumbe0_.PHONE_NUMBER as PHONE2_3_0_ from PHONE_NUMBER phonenumbe0_ where phonenumbe0_.PHONE_NUMBER_ID=?
DEBUG Loader - Static select for action ACTION_MERGE on entity com.expeditors.training.course3demo.model.PhoneNumber: select phonenumbe0_.PHONE_NUMBER_ID as PHONE1_3_0_, phonenumbe0_.CARD_ID as CARD3_3_0_, phonenumbe0_.PHONE_NUMBER as PHONE2_3_0_ from PHONE_NUMBER phonenumbe0_ where phonenumbe0_.PHONE_NUMBER_ID=?
DEBUG Loader - Static select for action ACTION_REFRESH on entity com.expeditors.training.course3demo.model.PhoneNumber: select phonenumbe0_.PHONE_NUMBER_ID as PHONE1_3_0_, phonenumbe0_.CARD_ID as CARD3_3_0_, phonenumbe0_.PHONE_NUMBER as PHONE2_3_0_ from PHONE_NUMBER phonenumbe0_ where phonenumbe0_.PHONE_NUMBER_ID=?
DEBUG Loader - Static select for entity com.expeditors.training.course3demo.model.Shipment [NONE]: select shipment0_.SHIPMENT_ID as SHIPMENT1_5_0_, shipment0_.destination as destinat2_5_0_, shipment0_.name as name3_5_0_, shipment0_.origin as origin4_5_0_, shipment0_.volume as volume5_5_0_ from Shipment shipment0_ where shipment0_.SHIPMENT_ID=?
DEBUG Loader - Static select for entity com.expeditors.training.course3demo.model.Shipment [READ]: select shipment0_.SHIPMENT_ID as SHIPMENT1_5_0_, shipment0_.destination as destinat2_5_0_, shipment0_.name as name3_5_0_, shipment0_.origin as origin4_5_0_, shipment0_.volume as volume5_5_0_ from Shipment shipment0_ where shipment0_.SHIPMENT_ID=?
DEBUG Loader - Static select for entity com.expeditors.training.course3demo.model.Shipment [UPGRADE]: select shipment0_.SHIPMENT_ID as SHIPMENT1_5_0_, shipment0_.destination as destinat2_5_0_, shipment0_.name as name3_5_0_, shipment0_.origin as origin4_5_0_, shipment0_.volume as volume5_5_0_ from Shipment shipment0_ where shipment0_.SHIPMENT_ID=?
DEBUG Loader - Static select for entity com.expeditors.training.course3demo.model.Shipment [UPGRADE_NOWAIT]: select shipment0_.SHIPMENT_ID as SHIPMENT1_5_0_, shipment0_.destination as destinat2_5_0_, shipment0_.name as name3_5_0_, shipment0_.origin as origin4_5_0_, shipment0_.volume as volume5_5_0_ from Shipment shipment0_ where shipment0_.SHIPMENT_ID=?
DEBUG Loader - Static select for entity com.expeditors.training.course3demo.model.Shipment [FORCE]: select shipment0_.SHIPMENT_ID as SHIPMENT1_5_0_, shipment0_.destination as destinat2_5_0_, shipment0_.name as name3_5_0_, shipment0_.origin as origin4_5_0_, shipment0_.volume as volume5_5_0_ from Shipment shipment0_ where shipment0_.SHIPMENT_ID=?
DEBUG Loader - Static select for entity com.expeditors.training.course3demo.model.Shipment [PESSIMISTIC_READ]: select shipment0_.SHIPMENT_ID as SHIPMENT1_5_0_, shipment0_.destination as destinat2_5_0_, shipment0_.name as name3_5_0_, shipment0_.origin as origin4_5_0_, shipment0_.volume as volume5_5_0_ from Shipment shipment0_ where shipment0_.SHIPMENT_ID=?
DEBUG Loader - Static select for entity com.expeditors.training.course3demo.model.Shipment [PESSIMISTIC_WRITE]: select shipment0_.SHIPMENT_ID as SHIPMENT1_5_0_, shipment0_.destination as destinat2_5_0_, shipment0_.name as name3_5_0_, shipment0_.origin as origin4_5_0_, shipment0_.volume as volume5_5_0_ from Shipment shipment0_ where shipment0_.SHIPMENT_ID=?
DEBUG Loader - Static select for entity com.expeditors.training.course3demo.model.Shipment [PESSIMISTIC_FORCE_INCREMENT]: select shipment0_.SHIPMENT_ID as SHIPMENT1_5_0_, shipment0_.destination as destinat2_5_0_, shipment0_.name as name3_5_0_, shipment0_.origin as origin4_5_0_, shipment0_.volume as volume5_5_0_ from Shipment shipment0_ where shipment0_.SHIPMENT_ID=?
DEBUG Loader - Static select for entity com.expeditors.training.course3demo.model.Shipment [OPTIMISTIC]: select shipment0_.SHIPMENT_ID as SHIPMENT1_5_0_, shipment0_.destination as destinat2_5_0_, shipment0_.name as name3_5_0_, shipment0_.origin as origin4_5_0_, shipment0_.volume as volume5_5_0_ from Shipment shipment0_ where shipment0_.SHIPMENT_ID=?
DEBUG Loader - Static select for entity com.expeditors.training.course3demo.model.Shipment [OPTIMISTIC_FORCE_INCREMENT]: select shipment0_.SHIPMENT_ID as SHIPMENT1_5_0_, shipment0_.destination as destinat2_5_0_, shipment0_.name as name3_5_0_, shipment0_.origin as origin4_5_0_, shipment0_.volume as volume5_5_0_ from Shipment shipment0_ where shipment0_.SHIPMENT_ID=?
DEBUG Loader - Static select for action ACTION_MERGE on entity com.expeditors.training.course3demo.model.Shipment: select shipment0_.SHIPMENT_ID as SHIPMENT1_5_0_, shipment0_.destination as destinat2_5_0_, shipment0_.name as name3_5_0_, shipment0_.origin as origin4_5_0_, shipment0_.volume as volume5_5_0_ from Shipment shipment0_ where shipment0_.SHIPMENT_ID=?
DEBUG Loader - Static select for action ACTION_REFRESH on entity com.expeditors.training.course3demo.model.Shipment: select shipment0_.SHIPMENT_ID as SHIPMENT1_5_0_, shipment0_.destination as destinat2_5_0_, shipment0_.name as name3_5_0_, shipment0_.origin as origin4_5_0_, shipment0_.volume as volume5_5_0_ from Shipment shipment0_ where shipment0_.SHIPMENT_ID=?
DEBUG Loader - Static select for entity com.expeditors.training.course3demo.model.Card [NONE]: select card0_.CARD_ID as CARD1_1_2_, card0_.address as address5_1_2_, card0_.amount as amount2_1_2_, card0_.CARD_NUMBER as CARD3_1_2_, card0_.OWNER_NAME as OWNER4_1_2_, address1_.ADDRESS_ID as ADDRESS1_0_0_, address1_.city as city2_0_0_, address1_.state as state3_0_0_, address1_.street as street4_0_0_, phonenumbe2_.CARD_ID as CARD3_1_4_, phonenumbe2_.PHONE_NUMBER_ID as PHONE1_3_4_, phonenumbe2_.index as index4_4_, phonenumbe2_.PHONE_NUMBER_ID as PHONE1_3_1_, phonenumbe2_.CARD_ID as CARD3_3_1_, phonenumbe2_.PHONE_NUMBER as PHONE2_3_1_ from CARD card0_ left outer join ADDRESS address1_ on card0_.address=address1_.ADDRESS_ID left outer join PHONE_NUMBER phonenumbe2_ on card0_.CARD_ID=phonenumbe2_.CARD_ID where card0_.CARD_ID=?
DEBUG Loader - Static select for entity com.expeditors.training.course3demo.model.Card [READ]: select card0_.CARD_ID as CARD1_1_2_, card0_.address as address5_1_2_, card0_.amount as amount2_1_2_, card0_.CARD_NUMBER as CARD3_1_2_, card0_.OWNER_NAME as OWNER4_1_2_, address1_.ADDRESS_ID as ADDRESS1_0_0_, address1_.city as city2_0_0_, address1_.state as state3_0_0_, address1_.street as street4_0_0_, phonenumbe2_.CARD_ID as CARD3_1_4_, phonenumbe2_.PHONE_NUMBER_ID as PHONE1_3_4_, phonenumbe2_.index as index4_4_, phonenumbe2_.PHONE_NUMBER_ID as PHONE1_3_1_, phonenumbe2_.CARD_ID as CARD3_3_1_, phonenumbe2_.PHONE_NUMBER as PHONE2_3_1_ from CARD card0_ left outer join ADDRESS address1_ on card0_.address=address1_.ADDRESS_ID left outer join PHONE_NUMBER phonenumbe2_ on card0_.CARD_ID=phonenumbe2_.CARD_ID where card0_.CARD_ID=?
DEBUG Loader - Static select for entity com.expeditors.training.course3demo.model.Card [UPGRADE]: select card0_.CARD_ID as CARD1_1_0_, card0_.address as address5_1_0_, card0_.amount as amount2_1_0_, card0_.CARD_NUMBER as CARD3_1_0_, card0_.OWNER_NAME as OWNER4_1_0_ from CARD card0_ where card0_.CARD_ID=?
DEBUG Loader - Static select for entity com.expeditors.training.course3demo.model.Card [UPGRADE_NOWAIT]: select card0_.CARD_ID as CARD1_1_0_, card0_.address as address5_1_0_, card0_.amount as amount2_1_0_, card0_.CARD_NUMBER as CARD3_1_0_, card0_.OWNER_NAME as OWNER4_1_0_ from CARD card0_ where card0_.CARD_ID=?
DEBUG Loader - Static select for entity com.expeditors.training.course3demo.model.Card [FORCE]: select card0_.CARD_ID as CARD1_1_0_, card0_.address as address5_1_0_, card0_.amount as amount2_1_0_, card0_.CARD_NUMBER as CARD3_1_0_, card0_.OWNER_NAME as OWNER4_1_0_ from CARD card0_ where card0_.CARD_ID=?
DEBUG Loader - Static select for entity com.expeditors.training.course3demo.model.Card [PESSIMISTIC_READ]: select card0_.CARD_ID as CARD1_1_0_, card0_.address as address5_1_0_, card0_.amount as amount2_1_0_, card0_.CARD_NUMBER as CARD3_1_0_, card0_.OWNER_NAME as OWNER4_1_0_ from CARD card0_ where card0_.CARD_ID=?
DEBUG Loader - Static select for entity com.expeditors.training.course3demo.model.Card [PESSIMISTIC_WRITE]: select card0_.CARD_ID as CARD1_1_0_, card0_.address as address5_1_0_, card0_.amount as amount2_1_0_, card0_.CARD_NUMBER as CARD3_1_0_, card0_.OWNER_NAME as OWNER4_1_0_ from CARD card0_ where card0_.CARD_ID=?
DEBUG Loader - Static select for entity com.expeditors.training.course3demo.model.Card [PESSIMISTIC_FORCE_INCREMENT]: select card0_.CARD_ID as CARD1_1_0_, card0_.address as address5_1_0_, card0_.amount as amount2_1_0_, card0_.CARD_NUMBER as CARD3_1_0_, card0_.OWNER_NAME as OWNER4_1_0_ from CARD card0_ where card0_.CARD_ID=?
DEBUG Loader - Static select for entity com.expeditors.training.course3demo.model.Card [OPTIMISTIC]: select card0_.CARD_ID as CARD1_1_0_, card0_.address as address5_1_0_, card0_.amount as amount2_1_0_, card0_.CARD_NUMBER as CARD3_1_0_, card0_.OWNER_NAME as OWNER4_1_0_ from CARD card0_ where card0_.CARD_ID=?
DEBUG Loader - Static select for entity com.expeditors.training.course3demo.model.Card [OPTIMISTIC_FORCE_INCREMENT]: select card0_.CARD_ID as CARD1_1_0_, card0_.address as address5_1_0_, card0_.amount as amount2_1_0_, card0_.CARD_NUMBER as CARD3_1_0_, card0_.OWNER_NAME as OWNER4_1_0_ from CARD card0_ where card0_.CARD_ID=?
DEBUG Loader - Static select for action ACTION_MERGE on entity com.expeditors.training.course3demo.model.Card: select card0_.CARD_ID as CARD1_1_2_, card0_.address as address5_1_2_, card0_.amount as amount2_1_2_, card0_.CARD_NUMBER as CARD3_1_2_, card0_.OWNER_NAME as OWNER4_1_2_, address1_.ADDRESS_ID as ADDRESS1_0_0_, address1_.city as city2_0_0_, address1_.state as state3_0_0_, address1_.street as street4_0_0_, phonenumbe2_.CARD_ID as CARD3_1_4_, phonenumbe2_.PHONE_NUMBER_ID as PHONE1_3_4_, phonenumbe2_.index as index4_4_, phonenumbe2_.PHONE_NUMBER_ID as PHONE1_3_1_, phonenumbe2_.CARD_ID as CARD3_3_1_, phonenumbe2_.PHONE_NUMBER as PHONE2_3_1_ from CARD card0_ left outer join ADDRESS address1_ on card0_.address=address1_.ADDRESS_ID left outer join PHONE_NUMBER phonenumbe2_ on card0_.CARD_ID=phonenumbe2_.CARD_ID where card0_.CARD_ID=?
DEBUG Loader - Static select for action ACTION_REFRESH on entity com.expeditors.training.course3demo.model.Card: select card0_.CARD_ID as CARD1_1_2_, card0_.address as address5_1_2_, card0_.amount as amount2_1_2_, card0_.CARD_NUMBER as CARD3_1_2_, card0_.OWNER_NAME as OWNER4_1_2_, address1_.ADDRESS_ID as ADDRESS1_0_0_, address1_.city as city2_0_0_, address1_.state as state3_0_0_, address1_.street as street4_0_0_, phonenumbe2_.CARD_ID as CARD3_1_4_, phonenumbe2_.PHONE_NUMBER_ID as PHONE1_3_4_, phonenumbe2_.index as index4_4_, phonenumbe2_.PHONE_NUMBER_ID as PHONE1_3_1_, phonenumbe2_.CARD_ID as CARD3_3_1_, phonenumbe2_.PHONE_NUMBER as PHONE2_3_1_ from CARD card0_ left outer join ADDRESS address1_ on card0_.address=address1_.ADDRESS_ID left outer join PHONE_NUMBER phonenumbe2_ on card0_.CARD_ID=phonenumbe2_.CARD_ID where card0_.CARD_ID=?
DEBUG Loader - Static select for entity com.expeditors.training.course3demo.model.Container [NONE]: select container0_.CONTAINER_ID as CONTAINE1_2_0_, container0_.capacity as capacity2_2_0_, container0_.destination as destinat3_2_0_, container0_.location as location4_2_0_, container0_.name as name5_2_0_, container0_.status as status6_2_0_ from Container container0_ where container0_.CONTAINER_ID=?
DEBUG Loader - Static select for entity com.expeditors.training.course3demo.model.Container [READ]: select container0_.CONTAINER_ID as CONTAINE1_2_0_, container0_.capacity as capacity2_2_0_, container0_.destination as destinat3_2_0_, container0_.location as location4_2_0_, container0_.name as name5_2_0_, container0_.status as status6_2_0_ from Container container0_ where container0_.CONTAINER_ID=?
DEBUG Loader - Static select for entity com.expeditors.training.course3demo.model.Container [UPGRADE]: select container0_.CONTAINER_ID as CONTAINE1_2_0_, container0_.capacity as capacity2_2_0_, container0_.destination as destinat3_2_0_, container0_.location as location4_2_0_, container0_.name as name5_2_0_, container0_.status as status6_2_0_ from Container container0_ where container0_.CONTAINER_ID=?
DEBUG Loader - Static select for entity com.expeditors.training.course3demo.model.Container [UPGRADE_NOWAIT]: select container0_.CONTAINER_ID as CONTAINE1_2_0_, container0_.capacity as capacity2_2_0_, container0_.destination as destinat3_2_0_, container0_.location as location4_2_0_, container0_.name as name5_2_0_, container0_.status as status6_2_0_ from Container container0_ where container0_.CONTAINER_ID=?
DEBUG Loader - Static select for entity com.expeditors.training.course3demo.model.Container [FORCE]: select container0_.CONTAINER_ID as CONTAINE1_2_0_, container0_.capacity as capacity2_2_0_, container0_.destination as destinat3_2_0_, container0_.location as location4_2_0_, container0_.name as name5_2_0_, container0_.status as status6_2_0_ from Container container0_ where container0_.CONTAINER_ID=?
DEBUG Loader - Static select for entity com.expeditors.training.course3demo.model.Container [PESSIMISTIC_READ]: select container0_.CONTAINER_ID as CONTAINE1_2_0_, container0_.capacity as capacity2_2_0_, container0_.destination as destinat3_2_0_, container0_.location as location4_2_0_, container0_.name as name5_2_0_, container0_.status as status6_2_0_ from Container container0_ where container0_.CONTAINER_ID=?
DEBUG Loader - Static select for entity com.expeditors.training.course3demo.model.Container [PESSIMISTIC_WRITE]: select container0_.CONTAINER_ID as CONTAINE1_2_0_, container0_.capacity as capacity2_2_0_, container0_.destination as destinat3_2_0_, container0_.location as location4_2_0_, container0_.name as name5_2_0_, container0_.status as status6_2_0_ from Container container0_ where container0_.CONTAINER_ID=?
DEBUG Loader - Static select for entity com.expeditors.training.course3demo.model.Container [PESSIMISTIC_FORCE_INCREMENT]: select container0_.CONTAINER_ID as CONTAINE1_2_0_, container0_.capacity as capacity2_2_0_, container0_.destination as destinat3_2_0_, container0_.location as location4_2_0_, container0_.name as name5_2_0_, container0_.status as status6_2_0_ from Container container0_ where container0_.CONTAINER_ID=?
DEBUG Loader - Static select for entity com.expeditors.training.course3demo.model.Container [OPTIMISTIC]: select container0_.CONTAINER_ID as CONTAINE1_2_0_, container0_.capacity as capacity2_2_0_, container0_.destination as destinat3_2_0_, container0_.location as location4_2_0_, container0_.name as name5_2_0_, container0_.status as status6_2_0_ from Container container0_ where container0_.CONTAINER_ID=?
DEBUG Loader - Static select for entity com.expeditors.training.course3demo.model.Container [OPTIMISTIC_FORCE_INCREMENT]: select container0_.CONTAINER_ID as CONTAINE1_2_0_, container0_.capacity as capacity2_2_0_, container0_.destination as destinat3_2_0_, container0_.location as location4_2_0_, container0_.name as name5_2_0_, container0_.status as status6_2_0_ from Container container0_ where container0_.CONTAINER_ID=?
DEBUG Loader - Static select for action ACTION_MERGE on entity com.expeditors.training.course3demo.model.Container: select container0_.CONTAINER_ID as CONTAINE1_2_0_, container0_.capacity as capacity2_2_0_, container0_.destination as destinat3_2_0_, container0_.location as location4_2_0_, container0_.name as name5_2_0_, container0_.status as status6_2_0_ from Container container0_ where container0_.CONTAINER_ID=?
DEBUG Loader - Static select for action ACTION_REFRESH on entity com.expeditors.training.course3demo.model.Container: select container0_.CONTAINER_ID as CONTAINE1_2_0_, container0_.capacity as capacity2_2_0_, container0_.destination as destinat3_2_0_, container0_.location as location4_2_0_, container0_.name as name5_2_0_, container0_.status as status6_2_0_ from Container container0_ where container0_.CONTAINER_ID=?
DEBUG Loader - Static select for entity com.expeditors.training.course3demo.model.UserRole [NONE]: select userrole0_.ROLE_ID as ROLE1_7_0_, userrole0_.ROLE_NAME as ROLE2_7_0_, userrole0_.ROLE_OWNER as ROLE3_7_0_ from USERROLE userrole0_ where userrole0_.ROLE_ID=?
DEBUG Loader - Static select for entity com.expeditors.training.course3demo.model.UserRole [READ]: select userrole0_.ROLE_ID as ROLE1_7_0_, userrole0_.ROLE_NAME as ROLE2_7_0_, userrole0_.ROLE_OWNER as ROLE3_7_0_ from USERROLE userrole0_ where userrole0_.ROLE_ID=?
DEBUG Loader - Static select for entity com.expeditors.training.course3demo.model.UserRole [UPGRADE]: select userrole0_.ROLE_ID as ROLE1_7_0_, userrole0_.ROLE_NAME as ROLE2_7_0_, userrole0_.ROLE_OWNER as ROLE3_7_0_ from USERROLE userrole0_ where userrole0_.ROLE_ID=?
DEBUG Loader - Static select for entity com.expeditors.training.course3demo.model.UserRole [UPGRADE_NOWAIT]: select userrole0_.ROLE_ID as ROLE1_7_0_, userrole0_.ROLE_NAME as ROLE2_7_0_, userrole0_.ROLE_OWNER as ROLE3_7_0_ from USERROLE userrole0_ where userrole0_.ROLE_ID=?
DEBUG Loader - Static select for entity com.expeditors.training.course3demo.model.UserRole [FORCE]: select userrole0_.ROLE_ID as ROLE1_7_0_, userrole0_.ROLE_NAME as ROLE2_7_0_, userrole0_.ROLE_OWNER as ROLE3_7_0_ from USERROLE userrole0_ where userrole0_.ROLE_ID=?
DEBUG Loader - Static select for entity com.expeditors.training.course3demo.model.UserRole [PESSIMISTIC_READ]: select userrole0_.ROLE_ID as ROLE1_7_0_, userrole0_.ROLE_NAME as ROLE2_7_0_, userrole0_.ROLE_OWNER as ROLE3_7_0_ from USERROLE userrole0_ where userrole0_.ROLE_ID=?
DEBUG Loader - Static select for entity com.expeditors.training.course3demo.model.UserRole [PESSIMISTIC_WRITE]: select userrole0_.ROLE_ID as ROLE1_7_0_, userrole0_.ROLE_NAME as ROLE2_7_0_, userrole0_.ROLE_OWNER as ROLE3_7_0_ from USERROLE userrole0_ where userrole0_.ROLE_ID=?
DEBUG Loader - Static select for entity com.expeditors.training.course3demo.model.UserRole [PESSIMISTIC_FORCE_INCREMENT]: select userrole0_.ROLE_ID as ROLE1_7_0_, userrole0_.ROLE_NAME as ROLE2_7_0_, userrole0_.ROLE_OWNER as ROLE3_7_0_ from USERROLE userrole0_ where userrole0_.ROLE_ID=?
DEBUG Loader - Static select for entity com.expeditors.training.course3demo.model.UserRole [OPTIMISTIC]: select userrole0_.ROLE_ID as ROLE1_7_0_, userrole0_.ROLE_NAME as ROLE2_7_0_, userrole0_.ROLE_OWNER as ROLE3_7_0_ from USERROLE userrole0_ where userrole0_.ROLE_ID=?
DEBUG Loader - Static select for entity com.expeditors.training.course3demo.model.UserRole [OPTIMISTIC_FORCE_INCREMENT]: select userrole0_.ROLE_ID as ROLE1_7_0_, userrole0_.ROLE_NAME as ROLE2_7_0_, userrole0_.ROLE_OWNER as ROLE3_7_0_ from USERROLE userrole0_ where userrole0_.ROLE_ID=?
DEBUG Loader - Static select for action ACTION_MERGE on entity com.expeditors.training.course3demo.model.UserRole: select userrole0_.ROLE_ID as ROLE1_7_0_, userrole0_.ROLE_NAME as ROLE2_7_0_, userrole0_.ROLE_OWNER as ROLE3_7_0_ from USERROLE userrole0_ where userrole0_.ROLE_ID=?
DEBUG Loader - Static select for action ACTION_REFRESH on entity com.expeditors.training.course3demo.model.UserRole: select userrole0_.ROLE_ID as ROLE1_7_0_, userrole0_.ROLE_NAME as ROLE2_7_0_, userrole0_.ROLE_OWNER as ROLE3_7_0_ from USERROLE userrole0_ where userrole0_.ROLE_ID=?
DEBUG Loader - Static select for entity com.expeditors.training.course3demo.model.Address [NONE]: select address0_.ADDRESS_ID as ADDRESS1_0_0_, address0_.city as city2_0_0_, address0_.state as state3_0_0_, address0_.street as street4_0_0_ from ADDRESS address0_ where address0_.ADDRESS_ID=?
DEBUG Loader - Static select for entity com.expeditors.training.course3demo.model.Address [READ]: select address0_.ADDRESS_ID as ADDRESS1_0_0_, address0_.city as city2_0_0_, address0_.state as state3_0_0_, address0_.street as street4_0_0_ from ADDRESS address0_ where address0_.ADDRESS_ID=?
DEBUG Loader - Static select for entity com.expeditors.training.course3demo.model.Address [UPGRADE]: select address0_.ADDRESS_ID as ADDRESS1_0_0_, address0_.city as city2_0_0_, address0_.state as state3_0_0_, address0_.street as street4_0_0_ from ADDRESS address0_ where address0_.ADDRESS_ID=?
DEBUG Loader - Static select for entity com.expeditors.training.course3demo.model.Address [UPGRADE_NOWAIT]: select address0_.ADDRESS_ID as ADDRESS1_0_0_, address0_.city as city2_0_0_, address0_.state as state3_0_0_, address0_.street as street4_0_0_ from ADDRESS address0_ where address0_.ADDRESS_ID=?
DEBUG Loader - Static select for entity com.expeditors.training.course3demo.model.Address [FORCE]: select address0_.ADDRESS_ID as ADDRESS1_0_0_, address0_.city as city2_0_0_, address0_.state as state3_0_0_, address0_.street as street4_0_0_ from ADDRESS address0_ where address0_.ADDRESS_ID=?
DEBUG Loader - Static select for entity com.expeditors.training.course3demo.model.Address [PESSIMISTIC_READ]: select address0_.ADDRESS_ID as ADDRESS1_0_0_, address0_.city as city2_0_0_, address0_.state as state3_0_0_, address0_.street as street4_0_0_ from ADDRESS address0_ where address0_.ADDRESS_ID=?
DEBUG Loader - Static select for entity com.expeditors.training.course3demo.model.Address [PESSIMISTIC_WRITE]: select address0_.ADDRESS_ID as ADDRESS1_0_0_, address0_.city as city2_0_0_, address0_.state as state3_0_0_, address0_.street as street4_0_0_ from ADDRESS address0_ where address0_.ADDRESS_ID=?
DEBUG Loader - Static select for entity com.expeditors.training.course3demo.model.Address [PESSIMISTIC_FORCE_INCREMENT]: select address0_.ADDRESS_ID as ADDRESS1_0_0_, address0_.city as city2_0_0_, address0_.state as state3_0_0_, address0_.street as street4_0_0_ from ADDRESS address0_ where address0_.ADDRESS_ID=?
DEBUG Loader - Static select for entity com.expeditors.training.course3demo.model.Address [OPTIMISTIC]: select address0_.ADDRESS_ID as ADDRESS1_0_0_, address0_.city as city2_0_0_, address0_.state as state3_0_0_, address0_.street as street4_0_0_ from ADDRESS address0_ where address0_.ADDRESS_ID=?
DEBUG Loader - Static select for entity com.expeditors.training.course3demo.model.Address [OPTIMISTIC_FORCE_INCREMENT]: select address0_.ADDRESS_ID as ADDRESS1_0_0_, address0_.city as city2_0_0_, address0_.state as state3_0_0_, address0_.street as street4_0_0_ from ADDRESS address0_ where address0_.ADDRESS_ID=?
DEBUG Loader - Static select for action ACTION_MERGE on entity com.expeditors.training.course3demo.model.Address: select address0_.ADDRESS_ID as ADDRESS1_0_0_, address0_.city as city2_0_0_, address0_.state as state3_0_0_, address0_.street as street4_0_0_ from ADDRESS address0_ where address0_.ADDRESS_ID=?
DEBUG Loader - Static select for action ACTION_REFRESH on entity com.expeditors.training.course3demo.model.Address: select address0_.ADDRESS_ID as ADDRESS1_0_0_, address0_.city as city2_0_0_, address0_.state as state3_0_0_, address0_.street as street4_0_0_ from ADDRESS address0_ where address0_.ADDRESS_ID=?
DEBUG Loader - Static select for entity com.expeditors.training.course3demo.model.UserAccount [NONE]: select useraccoun0_.USER_ID as USER1_6_1_, useraccoun0_.enabled as enabled2_6_1_, useraccoun0_.password as password3_6_1_, useraccoun0_.username as username4_6_1_, userroles1_.ROLE_OWNER as ROLE3_6_3_, userroles1_.ROLE_ID as ROLE1_7_3_, userroles1_.ROLE_ID as ROLE1_7_0_, userroles1_.ROLE_NAME as ROLE2_7_0_, userroles1_.ROLE_OWNER as ROLE3_7_0_ from USERACCOUNT useraccoun0_ left outer join USERROLE userroles1_ on useraccoun0_.USER_ID=userroles1_.ROLE_OWNER where useraccoun0_.USER_ID=?
DEBUG Loader - Static select for entity com.expeditors.training.course3demo.model.UserAccount [READ]: select useraccoun0_.USER_ID as USER1_6_1_, useraccoun0_.enabled as enabled2_6_1_, useraccoun0_.password as password3_6_1_, useraccoun0_.username as username4_6_1_, userroles1_.ROLE_OWNER as ROLE3_6_3_, userroles1_.ROLE_ID as ROLE1_7_3_, userroles1_.ROLE_ID as ROLE1_7_0_, userroles1_.ROLE_NAME as ROLE2_7_0_, userroles1_.ROLE_OWNER as ROLE3_7_0_ from USERACCOUNT useraccoun0_ left outer join USERROLE userroles1_ on useraccoun0_.USER_ID=userroles1_.ROLE_OWNER where useraccoun0_.USER_ID=?
DEBUG Loader - Static select for entity com.expeditors.training.course3demo.model.UserAccount [UPGRADE]: select useraccoun0_.USER_ID as USER1_6_0_, useraccoun0_.enabled as enabled2_6_0_, useraccoun0_.password as password3_6_0_, useraccoun0_.username as username4_6_0_ from USERACCOUNT useraccoun0_ where useraccoun0_.USER_ID=?
DEBUG Loader - Static select for entity com.expeditors.training.course3demo.model.UserAccount [UPGRADE_NOWAIT]: select useraccoun0_.USER_ID as USER1_6_0_, useraccoun0_.enabled as enabled2_6_0_, useraccoun0_.password as password3_6_0_, useraccoun0_.username as username4_6_0_ from USERACCOUNT useraccoun0_ where useraccoun0_.USER_ID=?
DEBUG Loader - Static select for entity com.expeditors.training.course3demo.model.UserAccount [FORCE]: select useraccoun0_.USER_ID as USER1_6_0_, useraccoun0_.enabled as enabled2_6_0_, useraccoun0_.password as password3_6_0_, useraccoun0_.username as username4_6_0_ from USERACCOUNT useraccoun0_ where useraccoun0_.USER_ID=?
DEBUG Loader - Static select for entity com.expeditors.training.course3demo.model.UserAccount [PESSIMISTIC_READ]: select useraccoun0_.USER_ID as USER1_6_0_, useraccoun0_.enabled as enabled2_6_0_, useraccoun0_.password as password3_6_0_, useraccoun0_.username as username4_6_0_ from USERACCOUNT useraccoun0_ where useraccoun0_.USER_ID=?
DEBUG Loader - Static select for entity com.expeditors.training.course3demo.model.UserAccount [PESSIMISTIC_WRITE]: select useraccoun0_.USER_ID as USER1_6_0_, useraccoun0_.enabled as enabled2_6_0_, useraccoun0_.password as password3_6_0_, useraccoun0_.username as username4_6_0_ from USERACCOUNT useraccoun0_ where useraccoun0_.USER_ID=?
DEBUG Loader - Static select for entity com.expeditors.training.course3demo.model.UserAccount [PESSIMISTIC_FORCE_INCREMENT]: select useraccoun0_.USER_ID as USER1_6_0_, useraccoun0_.enabled as enabled2_6_0_, useraccoun0_.password as password3_6_0_, useraccoun0_.username as username4_6_0_ from USERACCOUNT useraccoun0_ where useraccoun0_.USER_ID=?
DEBUG Loader - Static select for entity com.expeditors.training.course3demo.model.UserAccount [OPTIMISTIC]: select useraccoun0_.USER_ID as USER1_6_0_, useraccoun0_.enabled as enabled2_6_0_, useraccoun0_.password as password3_6_0_, useraccoun0_.username as username4_6_0_ from USERACCOUNT useraccoun0_ where useraccoun0_.USER_ID=?
DEBUG Loader - Static select for entity com.expeditors.training.course3demo.model.UserAccount [OPTIMISTIC_FORCE_INCREMENT]: select useraccoun0_.USER_ID as USER1_6_0_, useraccoun0_.enabled as enabled2_6_0_, useraccoun0_.password as password3_6_0_, useraccoun0_.username as username4_6_0_ from USERACCOUNT useraccoun0_ where useraccoun0_.USER_ID=?
DEBUG Loader - Static select for action ACTION_MERGE on entity com.expeditors.training.course3demo.model.UserAccount: select useraccoun0_.USER_ID as USER1_6_1_, useraccoun0_.enabled as enabled2_6_1_, useraccoun0_.password as password3_6_1_, useraccoun0_.username as username4_6_1_, userroles1_.ROLE_OWNER as ROLE3_6_3_, userroles1_.ROLE_ID as ROLE1_7_3_, userroles1_.ROLE_ID as ROLE1_7_0_, userroles1_.ROLE_NAME as ROLE2_7_0_, userroles1_.ROLE_OWNER as ROLE3_7_0_ from USERACCOUNT useraccoun0_ left outer join USERROLE userroles1_ on useraccoun0_.USER_ID=userroles1_.ROLE_OWNER where useraccoun0_.USER_ID=?
DEBUG Loader - Static select for action ACTION_REFRESH on entity com.expeditors.training.course3demo.model.UserAccount: select useraccoun0_.USER_ID as USER1_6_1_, useraccoun0_.enabled as enabled2_6_1_, useraccoun0_.password as password3_6_1_, useraccoun0_.username as username4_6_1_, userroles1_.ROLE_OWNER as ROLE3_6_3_, userroles1_.ROLE_ID as ROLE1_7_3_, userroles1_.ROLE_ID as ROLE1_7_0_, userroles1_.ROLE_NAME as ROLE2_7_0_, userroles1_.ROLE_OWNER as ROLE3_7_0_ from USERACCOUNT useraccoun0_ left outer join USERROLE userroles1_ on useraccoun0_.USER_ID=userroles1_.ROLE_OWNER where useraccoun0_.USER_ID=?
DEBUG Loader - Static select for entity com.expeditors.training.course3demo.model.Product [NONE]: select product0_.PRODUCT_ID as PRODUCT1_4_0_, product0_.description as descript2_4_0_, product0_.name as name3_4_0_, product0_.price as price4_4_0_ from PRODUCT product0_ where product0_.PRODUCT_ID=?
DEBUG Loader - Static select for entity com.expeditors.training.course3demo.model.Product [READ]: select product0_.PRODUCT_ID as PRODUCT1_4_0_, product0_.description as descript2_4_0_, product0_.name as name3_4_0_, product0_.price as price4_4_0_ from PRODUCT product0_ where product0_.PRODUCT_ID=?
DEBUG Loader - Static select for entity com.expeditors.training.course3demo.model.Product [UPGRADE]: select product0_.PRODUCT_ID as PRODUCT1_4_0_, product0_.description as descript2_4_0_, product0_.name as name3_4_0_, product0_.price as price4_4_0_ from PRODUCT product0_ where product0_.PRODUCT_ID=?
DEBUG Loader - Static select for entity com.expeditors.training.course3demo.model.Product [UPGRADE_NOWAIT]: select product0_.PRODUCT_ID as PRODUCT1_4_0_, product0_.description as descript2_4_0_, product0_.name as name3_4_0_, product0_.price as price4_4_0_ from PRODUCT product0_ where product0_.PRODUCT_ID=?
DEBUG Loader - Static select for entity com.expeditors.training.course3demo.model.Product [FORCE]: select product0_.PRODUCT_ID as PRODUCT1_4_0_, product0_.description as descript2_4_0_, product0_.name as name3_4_0_, product0_.price as price4_4_0_ from PRODUCT product0_ where product0_.PRODUCT_ID=?
DEBUG Loader - Static select for entity com.expeditors.training.course3demo.model.Product [PESSIMISTIC_READ]: select product0_.PRODUCT_ID as PRODUCT1_4_0_, product0_.description as descript2_4_0_, product0_.name as name3_4_0_, product0_.price as price4_4_0_ from PRODUCT product0_ where product0_.PRODUCT_ID=?
DEBUG Loader - Static select for entity com.expeditors.training.course3demo.model.Product [PESSIMISTIC_WRITE]: select product0_.PRODUCT_ID as PRODUCT1_4_0_, product0_.description as descript2_4_0_, product0_.name as name3_4_0_, product0_.price as price4_4_0_ from PRODUCT product0_ where product0_.PRODUCT_ID=?
DEBUG Loader - Static select for entity com.expeditors.training.course3demo.model.Product [PESSIMISTIC_FORCE_INCREMENT]: select product0_.PRODUCT_ID as PRODUCT1_4_0_, product0_.description as descript2_4_0_, product0_.name as name3_4_0_, product0_.price as price4_4_0_ from PRODUCT product0_ where product0_.PRODUCT_ID=?
DEBUG Loader - Static select for entity com.expeditors.training.course3demo.model.Product [OPTIMISTIC]: select product0_.PRODUCT_ID as PRODUCT1_4_0_, product0_.description as descript2_4_0_, product0_.name as name3_4_0_, product0_.price as price4_4_0_ from PRODUCT product0_ where product0_.PRODUCT_ID=?
DEBUG Loader - Static select for entity com.expeditors.training.course3demo.model.Product [OPTIMISTIC_FORCE_INCREMENT]: select product0_.PRODUCT_ID as PRODUCT1_4_0_, product0_.description as descript2_4_0_, product0_.name as name3_4_0_, product0_.price as price4_4_0_ from PRODUCT product0_ where product0_.PRODUCT_ID=?
DEBUG Loader - Static select for action ACTION_MERGE on entity com.expeditors.training.course3demo.model.Product: select product0_.PRODUCT_ID as PRODUCT1_4_0_, product0_.description as descript2_4_0_, product0_.name as name3_4_0_, product0_.price as price4_4_0_ from PRODUCT product0_ where product0_.PRODUCT_ID=?
DEBUG Loader - Static select for action ACTION_REFRESH on entity com.expeditors.training.course3demo.model.Product: select product0_.PRODUCT_ID as PRODUCT1_4_0_, product0_.description as descript2_4_0_, product0_.name as name3_4_0_, product0_.price as price4_4_0_ from PRODUCT product0_ where product0_.PRODUCT_ID=?
DEBUG OneToManyLoader - Static select for one-to-many com.expeditors.training.course3demo.model.Card.phoneNumbers: select phonenumbe0_.CARD_ID as CARD3_1_1_, phonenumbe0_.PHONE_NUMBER_ID as PHONE1_3_1_, phonenumbe0_.index as index4_1_, phonenumbe0_.PHONE_NUMBER_ID as PHONE1_3_0_, phonenumbe0_.CARD_ID as CARD3_3_0_, phonenumbe0_.PHONE_NUMBER as PHONE2_3_0_ from PHONE_NUMBER phonenumbe0_ where phonenumbe0_.CARD_ID=?
DEBUG OneToManyLoader - Static select for one-to-many com.expeditors.training.course3demo.model.UserAccount.userRoles: select userroles0_.ROLE_OWNER as ROLE3_6_1_, userroles0_.ROLE_ID as ROLE1_7_1_, userroles0_.ROLE_ID as ROLE1_7_0_, userroles0_.ROLE_NAME as ROLE2_7_0_, userroles0_.ROLE_OWNER as ROLE3_7_0_ from USERROLE userroles0_ where userroles0_.ROLE_OWNER=?
DEBUG SessionFactoryRegistry - Registering SessionFactory: bf86bcbe-a344-4dfe-b329-6474d9dcdb20 (&lt;unnamed&gt;)
DEBUG SessionFactoryRegistry - Not binding SessionFactory to JNDI, no JNDI name configured
DEBUG SessionFactoryImpl - Instantiated session factory
DEBUG Configuration - Processing hbm.xml files
DEBUG Configuration - Process annotated classes
DEBUG Configuration - Processing fk mappings (*ToOne and JoinedSubclass)
DEBUG Configuration - Processing extends queue
DEBUG Configuration - Processing extends queue
DEBUG Configuration - Processing collection mappings
DEBUG Configuration - Processing native query and ResultSetMapping mappings
DEBUG Configuration - Processing association property references
DEBUG Configuration - Creating tables&apos; unique integer identifiers
DEBUG Configuration - Processing foreign key constraints
DEBUG Configuration - Resolving reference to class: com.expeditors.training.course3demo.model.Address
DEBUG Configuration - Resolving reference to class: com.expeditors.training.course3demo.model.Card
DEBUG Configuration - Resolving reference to class: com.expeditors.training.course3demo.model.UserAccount
DEBUG DefaultIdentifierGeneratorFactory - Setting dialect [org.hibernate.dialect.HSQLDialect]
DEBUG DefaultIdentifierGeneratorFactory - Setting dialect [org.hibernate.dialect.HSQLDialect]
DEBUG DefaultIdentifierGeneratorFactory - Setting dialect [org.hibernate.dialect.HSQLDialect]
DEBUG DefaultIdentifierGeneratorFactory - Setting dialect [org.hibernate.dialect.HSQLDialect]
DEBUG DefaultIdentifierGeneratorFactory - Setting dialect [org.hibernate.dialect.HSQLDialect]
DEBUG DefaultIdentifierGeneratorFactory - Setting dialect [org.hibernate.dialect.HSQLDialect]
DEBUG DefaultIdentifierGeneratorFactory - Setting dialect [org.hibernate.dialect.HSQLDialect]
DEBUG DefaultIdentifierGeneratorFactory - Setting dialect [org.hibernate.dialect.HSQLDialect]
DEBUG Configuration - Processing hbm.xml files
DEBUG Configuration - Process annotated classes
DEBUG Configuration - Processing fk mappings (*ToOne and JoinedSubclass)
DEBUG Configuration - Processing extends queue
DEBUG Configuration - Processing extends queue
DEBUG Configuration - Processing collection mappings
DEBUG Configuration - Processing native query and ResultSetMapping mappings
DEBUG Configuration - Processing association property references
DEBUG Configuration - Creating tables&apos; unique integer identifiers
DEBUG Configuration - Processing foreign key constraints
DEBUG Configuration - Resolving reference to class: com.expeditors.training.course3demo.model.Address
DEBUG Configuration - Resolving reference to class: com.expeditors.training.course3demo.model.Card
DEBUG Configuration - Resolving reference to class: com.expeditors.training.course3demo.model.UserAccount
DEBUG DefaultIdentifierGeneratorFactory - Setting dialect [org.hibernate.dialect.HSQLDialect]
DEBUG DefaultIdentifierGeneratorFactory - Setting dialect [org.hibernate.dialect.HSQLDialect]
DEBUG DefaultIdentifierGeneratorFactory - Setting dialect [org.hibernate.dialect.HSQLDialect]
DEBUG DefaultIdentifierGeneratorFactory - Setting dialect [org.hibernate.dialect.HSQLDialect]
DEBUG DefaultIdentifierGeneratorFactory - Setting dialect [org.hibernate.dialect.HSQLDialect]
DEBUG DefaultIdentifierGeneratorFactory - Setting dialect [org.hibernate.dialect.HSQLDialect]
DEBUG DefaultIdentifierGeneratorFactory - Setting dialect [org.hibernate.dialect.HSQLDialect]
DEBUG DefaultIdentifierGeneratorFactory - Setting dialect [org.hibernate.dialect.HSQLDialect]
DEBUG DefaultIdentifierGeneratorFactory - Setting dialect [org.hibernate.dialect.HSQLDialect]
DEBUG DefaultIdentifierGeneratorFactory - Setting dialect [org.hibernate.dialect.HSQLDialect]
DEBUG DefaultIdentifierGeneratorFactory - Setting dialect [org.hibernate.dialect.HSQLDialect]
DEBUG DefaultIdentifierGeneratorFactory - Setting dialect [org.hibernate.dialect.HSQLDialect]
DEBUG DefaultIdentifierGeneratorFactory - Setting dialect [org.hibernate.dialect.HSQLDialect]
DEBUG DefaultIdentifierGeneratorFactory - Setting dialect [org.hibernate.dialect.HSQLDialect]
DEBUG DefaultIdentifierGeneratorFactory - Setting dialect [org.hibernate.dialect.HSQLDialect]
DEBUG DefaultIdentifierGeneratorFactory - Setting dialect [org.hibernate.dialect.HSQLDialect]
INFO  SchemaExport - HHH000227: Running hbm2ddl schema export
DEBUG SchemaExport - Import file not found: /import.sql
DEBUG SQL - alter table CARD drop constraint FK_8efaa49515fb469e9725c2abc74
Hibernate: alter table CARD drop constraint FK_8efaa49515fb469e9725c2abc74
ERROR SchemaExport - HHH000389: Unsuccessful: alter table CARD drop constraint FK_8efaa49515fb469e9725c2abc74
ERROR SchemaExport - user lacks privilege or object not found: PUBLIC.CARD
DEBUG SQL - alter table PHONE_NUMBER drop constraint FK_28cc1db8da864bf29958a0d482b
Hibernate: alter table PHONE_NUMBER drop constraint FK_28cc1db8da864bf29958a0d482b
ERROR SchemaExport - HHH000389: Unsuccessful: alter table PHONE_NUMBER drop constraint FK_28cc1db8da864bf29958a0d482b
ERROR SchemaExport - user lacks privilege or object not found: PUBLIC.PHONE_NUMBER
DEBUG SQL - alter table USERROLE drop constraint FK_e1e59d33cdce46878d9910e18b2
Hibernate: alter table USERROLE drop constraint FK_e1e59d33cdce46878d9910e18b2
ERROR SchemaExport - HHH000389: Unsuccessful: alter table USERROLE drop constraint FK_e1e59d33cdce46878d9910e18b2
ERROR SchemaExport - user lacks privilege or object not found: PUBLIC.USERROLE
DEBUG SQL - drop table ADDRESS if exists
Hibernate: drop table ADDRESS if exists
DEBUG SQL - drop table CARD if exists
Hibernate: drop table CARD if exists
DEBUG SQL - drop table Container if exists
Hibernate: drop table Container if exists
DEBUG SQL - drop table PHONE_NUMBER if exists
Hibernate: drop table PHONE_NUMBER if exists
DEBUG SQL - drop table PRODUCT if exists
Hibernate: drop table PRODUCT if exists
DEBUG SQL - drop table Shipment if exists
Hibernate: drop table Shipment if exists
DEBUG SQL - drop table USERACCOUNT if exists
Hibernate: drop table USERACCOUNT if exists
DEBUG SQL - drop table USERROLE if exists
Hibernate: drop table USERROLE if exists
DEBUG SQL - create table ADDRESS (ADDRESS_ID bigint generated by default as identity (start with 1), city varchar(255) not null, state CHAR(2) not null, street varchar(255) not null, primary key (ADDRESS_ID))
Hibernate: create table ADDRESS (ADDRESS_ID bigint generated by default as identity (start with 1), city varchar(255) not null, state CHAR(2) not null, street varchar(255) not null, primary key (ADDRESS_ID))
DEBUG SQL - create table CARD (CARD_ID bigint generated by default as identity (start with 1), amount double, CARD_NUMBER char not null, OWNER_NAME varchar(255) not null, address bigint, primary key (CARD_ID))
Hibernate: create table CARD (CARD_ID bigint generated by default as identity (start with 1), amount double, CARD_NUMBER char not null, OWNER_NAME varchar(255) not null, address bigint, primary key (CARD_ID))
DEBUG SQL - create table Container (CONTAINER_ID bigint generated by default as identity (start with 1), capacity double not null check (capacity&gt;=0), destination varchar(255), location varchar(255), name varchar(40), status varchar(255), primary key (CONTAINER_ID))
Hibernate: create table Container (CONTAINER_ID bigint generated by default as identity (start with 1), capacity double not null check (capacity&gt;=0), destination varchar(255), location varchar(255), name varchar(40), status varchar(255), primary key (CONTAINER_ID))
DEBUG SQL - create table PHONE_NUMBER (PHONE_NUMBER_ID bigint generated by default as identity (start with 1), PHONE_NUMBER char not null, CARD_ID bigint not null, index integer, primary key (PHONE_NUMBER_ID))
Hibernate: create table PHONE_NUMBER (PHONE_NUMBER_ID bigint generated by default as identity (start with 1), PHONE_NUMBER char not null, CARD_ID bigint not null, index integer, primary key (PHONE_NUMBER_ID))
DEBUG SQL - create table PRODUCT (PRODUCT_ID bigint generated by default as identity (start with 1), description varchar(255), name varchar(255), price double, primary key (PRODUCT_ID))
Hibernate: create table PRODUCT (PRODUCT_ID bigint generated by default as identity (start with 1), description varchar(255), name varchar(255), price double, primary key (PRODUCT_ID))
DEBUG SQL - create table Shipment (SHIPMENT_ID bigint generated by default as identity (start with 1), destination varchar(255), name varchar(40), origin varchar(255), volume double not null check (volume&gt;=0), primary key (SHIPMENT_ID))
Hibernate: create table Shipment (SHIPMENT_ID bigint generated by default as identity (start with 1), destination varchar(255), name varchar(40), origin varchar(255), volume double not null check (volume&gt;=0), primary key (SHIPMENT_ID))
DEBUG SQL - create table USERACCOUNT (USER_ID bigint generated by default as identity (start with 1), enabled boolean, password varchar(50), username varchar(255), primary key (USER_ID))
Hibernate: create table USERACCOUNT (USER_ID bigint generated by default as identity (start with 1), enabled boolean, password varchar(50), username varchar(255), primary key (USER_ID))
DEBUG SQL - create table USERROLE (ROLE_ID bigint generated by default as identity (start with 1), ROLE_NAME varchar(40) not null, ROLE_OWNER bigint not null, primary key (ROLE_ID))
Hibernate: create table USERROLE (ROLE_ID bigint generated by default as identity (start with 1), ROLE_NAME varchar(40) not null, ROLE_OWNER bigint not null, primary key (ROLE_ID))
DEBUG SQL - alter table CARD add constraint FK_8efaa49515fb469e9725c2abc74 foreign key (address) references ADDRESS
Hibernate: alter table CARD add constraint FK_8efaa49515fb469e9725c2abc74 foreign key (address) references ADDRESS
DEBUG SQL - alter table PHONE_NUMBER add constraint FK_28cc1db8da864bf29958a0d482b foreign key (CARD_ID) references CARD
Hibernate: alter table PHONE_NUMBER add constraint FK_28cc1db8da864bf29958a0d482b foreign key (CARD_ID) references CARD
DEBUG SQL - alter table USERROLE add constraint FK_e1e59d33cdce46878d9910e18b2 foreign key (ROLE_OWNER) references USERACCOUNT
Hibernate: alter table USERROLE add constraint FK_e1e59d33cdce46878d9910e18b2 foreign key (ROLE_OWNER) references USERACCOUNT
INFO  SchemaExport - HHH000230: Schema export complete
DEBUG Configuration - Processing hbm.xml files
DEBUG Configuration - Process annotated classes
DEBUG Configuration - Processing fk mappings (*ToOne and JoinedSubclass)
DEBUG Configuration - Processing extends queue
DEBUG Configuration - Processing extends queue
DEBUG Configuration - Processing collection mappings
DEBUG Configuration - Processing native query and ResultSetMapping mappings
DEBUG Configuration - Processing association property references
DEBUG Configuration - Creating tables&apos; unique integer identifiers
DEBUG Configuration - Processing foreign key constraints
DEBUG Configuration - Resolving reference to class: com.expeditors.training.course3demo.model.Address
DEBUG Configuration - Resolving reference to class: com.expeditors.training.course3demo.model.Card
DEBUG Configuration - Resolving reference to class: com.expeditors.training.course3demo.model.UserAccount
DEBUG DefaultIdentifierGeneratorFactory - Setting dialect [org.hibernate.dialect.HSQLDialect]
DEBUG DefaultIdentifierGeneratorFactory - Setting dialect [org.hibernate.dialect.HSQLDialect]
DEBUG DefaultIdentifierGeneratorFactory - Setting dialect [org.hibernate.dialect.HSQLDialect]
DEBUG DefaultIdentifierGeneratorFactory - Setting dialect [org.hibernate.dialect.HSQLDialect]
DEBUG DefaultIdentifierGeneratorFactory - Setting dialect [org.hibernate.dialect.HSQLDialect]
DEBUG DefaultIdentifierGeneratorFactory - Setting dialect [org.hibernate.dialect.HSQLDialect]
DEBUG DefaultIdentifierGeneratorFactory - Setting dialect [org.hibernate.dialect.HSQLDialect]
DEBUG DefaultIdentifierGeneratorFactory - Setting dialect [org.hibernate.dialect.HSQLDialect]
DEBUG Configuration - Processing hbm.xml files
DEBUG Configuration - Process annotated classes
DEBUG Configuration - Processing fk mappings (*ToOne and JoinedSubclass)
DEBUG Configuration - Processing extends queue
DEBUG Configuration - Processing extends queue
DEBUG Configuration - Processing collection mappings
DEBUG Configuration - Processing native query and ResultSetMapping mappings
DEBUG Configuration - Processing association property references
DEBUG Configuration - Creating tables&apos; unique integer identifiers
DEBUG Configuration - Processing foreign key constraints
DEBUG Configuration - Resolving reference to class: com.expeditors.training.course3demo.model.Address
DEBUG Configuration - Resolving reference to class: com.expeditors.training.course3demo.model.Card
DEBUG Configuration - Resolving reference to class: com.expeditors.training.course3demo.model.UserAccount
DEBUG DefaultIdentifierGeneratorFactory - Setting dialect [org.hibernate.dialect.HSQLDialect]
DEBUG DefaultIdentifierGeneratorFactory - Setting dialect [org.hibernate.dialect.HSQLDialect]
DEBUG DefaultIdentifierGeneratorFactory - Setting dialect [org.hibernate.dialect.HSQLDialect]
DEBUG DefaultIdentifierGeneratorFactory - Setting dialect [org.hibernate.dialect.HSQLDialect]
DEBUG DefaultIdentifierGeneratorFactory - Setting dialect [org.hibernate.dialect.HSQLDialect]
DEBUG DefaultIdentifierGeneratorFactory - Setting dialect [org.hibernate.dialect.HSQLDialect]
DEBUG DefaultIdentifierGeneratorFactory - Setting dialect [org.hibernate.dialect.HSQLDialect]
DEBUG DefaultIdentifierGeneratorFactory - Setting dialect [org.hibernate.dialect.HSQLDialect]
DEBUG DefaultIdentifierGeneratorFactory - Setting dialect [org.hibernate.dialect.HSQLDialect]
DEBUG DefaultIdentifierGeneratorFactory - Setting dialect [org.hibernate.dialect.HSQLDialect]
DEBUG DefaultIdentifierGeneratorFactory - Setting dialect [org.hibernate.dialect.HSQLDialect]
DEBUG DefaultIdentifierGeneratorFactory - Setting dialect [org.hibernate.dialect.HSQLDialect]
DEBUG DefaultIdentifierGeneratorFactory - Setting dialect [org.hibernate.dialect.HSQLDialect]
DEBUG DefaultIdentifierGeneratorFactory - Setting dialect [org.hibernate.dialect.HSQLDialect]
DEBUG DefaultIdentifierGeneratorFactory - Setting dialect [org.hibernate.dialect.HSQLDialect]
DEBUG DefaultIdentifierGeneratorFactory - Setting dialect [org.hibernate.dialect.HSQLDialect]
DEBUG SessionFactoryImpl - Checking 0 named HQL queries
DEBUG SessionFactoryImpl - Checking 0 named SQL queries
DEBUG StatisticsInitiator - Statistics initialized [enabled=false]
DEBUG EntityManagerFactoryRegistry - Registering EntityManagerFactory: default 
DEBUG SessionFactoryImpl - HHH000031: Closing
INFO  SchemaExport - HHH000227: Running hbm2ddl schema export
DEBUG SchemaExport - Import file not found: /import.sql
DEBUG SQL - alter table CARD drop constraint FK_8efaa49515fb469e9725c2abc74
Hibernate: alter table CARD drop constraint FK_8efaa49515fb469e9725c2abc74
DEBUG SQL - alter table PHONE_NUMBER drop constraint FK_28cc1db8da864bf29958a0d482b
Hibernate: alter table PHONE_NUMBER drop constraint FK_28cc1db8da864bf29958a0d482b
DEBUG SQL - alter table USERROLE drop constraint FK_e1e59d33cdce46878d9910e18b2
Hibernate: alter table USERROLE drop constraint FK_e1e59d33cdce46878d9910e18b2
DEBUG SQL - drop table ADDRESS if exists
Hibernate: drop table ADDRESS if exists
DEBUG SQL - drop table CARD if exists
Hibernate: drop table CARD if exists
DEBUG SQL - drop table Container if exists
Hibernate: drop table Container if exists
DEBUG SQL - drop table PHONE_NUMBER if exists
Hibernate: drop table PHONE_NUMBER if exists
DEBUG SQL - drop table PRODUCT if exists
Hibernate: drop table PRODUCT if exists
DEBUG SQL - drop table Shipment if exists
Hibernate: drop table Shipment if exists
DEBUG SQL - drop table USERACCOUNT if exists
Hibernate: drop table USERACCOUNT if exists
DEBUG SQL - drop table USERROLE if exists
Hibernate: drop table USERROLE if exists
INFO  SchemaExport - HHH000230: Schema export complete
DEBUG EntityManagerFactoryRegistry - Remove: name=default
</system-out>
    <system-err>Mar 02, 2015 10:04:17 AM org.springframework.context.support.AbstractApplicationContext prepareRefresh
INFO: Refreshing org.springframework.web.context.support.GenericWebApplicationContext@4d0753c9: startup date [Mon Mar 02 10:04:17 PST 2015]; root of context hierarchy
Mar 02, 2015 10:04:17 AM org.springframework.jdbc.datasource.DriverManagerDataSource setDriverClassName
INFO: Loaded JDBC driver: org.hsqldb.jdbcDriver
Mar 02, 2015 10:04:17 AM org.springframework.orm.jpa.LocalContainerEntityManagerFactoryBean createNativeEntityManagerFactory
INFO: Building JPA container EntityManagerFactory for persistence unit &apos;default&apos;
Mar 02, 2015 10:04:17 AM org.springframework.beans.factory.support.DefaultListableBeanFactory preInstantiateSingletons
INFO: Pre-instantiating singletons in org.springframework.beans.factory.support.DefaultListableBeanFactory@1416a80a: defining beans [org.springframework.context.annotation.internalConfigurationAnnotationProcessor,org.springframework.context.annotation.internalAutowiredAnnotationProcessor,org.springframework.context.annotation.internalRequiredAnnotationProcessor,org.springframework.context.annotation.internalCommonAnnotationProcessor,org.springframework.context.annotation.internalPersistenceAnnotationProcessor,testConfig,org.springframework.context.annotation.ConfigurationClassPostProcessor.importAwareProcessor,cardController,containerController,errorLoginController,homeController,productController,securityController,shipmentController,org.springframework.web.servlet.config.annotation.DelegatingWebMvcConfiguration,requestMappingHandlerMapping,mvcContentNegotiationManager,viewControllerHandlerMapping,beanNameHandlerMapping,resourceHandlerMapping,defaultServletHandlerMapping,requestMappingHandlerAdapter,mvcConversionService,httpRequestHandlerAdapter,simpleControllerHandlerAdapter,handlerExceptionResolver,mvcValidator,com.expeditors.training.course3demo.config.PersistenceJPATestConfig,dataSource,entityManagerFactory,viewResolver,shipmentService,productService,containerService]; root of factory hierarchy
Mar 02, 2015 10:04:17 AM org.springframework.beans.factory.support.DefaultSingletonBeanRegistry destroySingletons
INFO: Destroying singletons in org.springframework.beans.factory.support.DefaultListableBeanFactory@1416a80a: defining beans [org.springframework.context.annotation.internalConfigurationAnnotationProcessor,org.springframework.context.annotation.internalAutowiredAnnotationProcessor,org.springframework.context.annotation.internalRequiredAnnotationProcessor,org.springframework.context.annotation.internalCommonAnnotationProcessor,org.springframework.context.annotation.internalPersistenceAnnotationProcessor,testConfig,org.springframework.context.annotation.ConfigurationClassPostProcessor.importAwareProcessor,cardController,containerController,errorLoginController,homeController,productController,securityController,shipmentController,org.springframework.web.servlet.config.annotation.DelegatingWebMvcConfiguration,requestMappingHandlerMapping,mvcContentNegotiationManager,viewControllerHandlerMapping,beanNameHandlerMapping,resourceHandlerMapping,defaultServletHandlerMapping,requestMappingHandlerAdapter,mvcConversionService,httpRequestHandlerAdapter,simpleControllerHandlerAdapter,handlerExceptionResolver,mvcValidator,com.expeditors.training.course3demo.config.PersistenceJPATestConfig,dataSource,entityManagerFactory,viewResolver,shipmentService,productService,containerService]; root of factory hierarchy
Mar 02, 2015 10:04:17 AM org.springframework.orm.jpa.AbstractEntityManagerFactoryBean destroy
INFO: Closing JPA EntityManagerFactory for persistence unit &apos;default&apos;
Mar 02, 2015 10:04:17 AM org.springframework.test.context.TestContextManager prepareTestInstance
SEVERE: Caught exception while allowing TestExecutionListener [org.springframework.test.context.web.ServletTestExecutionListener@6f8d7714] to prepare test instance [com.expeditors.training.course3demo.controller.ContainerControllerTest@1b9776f5]
java.lang.IllegalStateException: Failed to load ApplicationContext
	at org.springframework.test.context.CacheAwareContextLoaderDelegate.loadContext(CacheAwareContextLoaderDelegate.java:99)
	at org.springframework.test.context.TestContext.getApplicationContext(TestContext.java:122)
	at org.springframework.test.context.web.ServletTestExecutionListener.setUpRequestContextIfNecessary(ServletTestExecutionListener.java:105)
	at org.springframework.test.context.web.ServletTestExecutionListener.prepareTestInstance(ServletTestExecutionListener.java:74)
	at org.springframework.test.context.TestContextManager.prepareTestInstance(TestContextManager.java:312)
	at org.springframework.test.context.junit4.SpringJUnit4ClassRunner.createTest(SpringJUnit4ClassRunner.java:211)
	at org.springframework.test.context.junit4.SpringJUnit4ClassRunner$1.runReflectiveCall(SpringJUnit4ClassRunner.java:288)
	at org.junit.internal.runners.model.ReflectiveCallable.run(ReflectiveCallable.java:12)
	at org.springframework.test.context.junit4.SpringJUnit4ClassRunner.methodBlock(SpringJUnit4ClassRunner.java:284)
	at org.springframework.test.context.junit4.SpringJUnit4ClassRunner.runChild(SpringJUnit4ClassRunner.java:231)
	at org.springframework.test.context.junit4.SpringJUnit4ClassRunner.runChild(SpringJUnit4ClassRunner.java:88)
	at org.junit.runners.ParentRunner$3.run(ParentRunner.java:238)
	at org.junit.runners.ParentRunner$1.schedule(ParentRunner.java:63)
	at org.junit.runners.ParentRunner.runChildren(ParentRunner.java:236)
	at org.junit.runners.ParentRunner.access$000(ParentRunner.java:53)
	at org.junit.runners.ParentRunner$2.evaluate(ParentRunner.java:229)
	at org.springframework.test.context.junit4.statements.RunBeforeTestClassCallbacks.evaluate(RunBeforeTestClassCallbacks.java:61)
	at org.springframework.test.context.junit4.statements.RunAfterTestClassCallbacks.evaluate(RunAfterTestClassCallbacks.java:71)
	at org.junit.runners.ParentRunner.run(ParentRunner.java:309)
	at org.springframework.test.context.junit4.SpringJUnit4ClassRunner.run(SpringJUnit4ClassRunner.java:174)
	at org.apache.maven.surefire.junit4.JUnit4Provider.execute(JUnit4Provider.java:252)
	at org.apache.maven.surefire.junit4.JUnit4Provider.executeTestSet(JUnit4Provider.java:141)
	at org.apache.maven.surefire.junit4.JUnit4Provider.invoke(JUnit4Provider.java:112)
	at sun.reflect.NativeMethodAccessorImpl.invoke0(Native Method)
	at sun.reflect.NativeMethodAccessorImpl.invoke(NativeMethodAccessorImpl.java:62)
	at sun.reflect.DelegatingMethodAccessorImpl.invoke(DelegatingMethodAccessorImpl.java:43)
	at java.lang.reflect.Method.invoke(Method.java:483)
	at org.apache.maven.surefire.util.ReflectionUtils.invokeMethodWithArray(ReflectionUtils.java:189)
	at org.apache.maven.surefire.booter.ProviderFactory$ProviderProxy.invoke(ProviderFactory.java:165)
	at org.apache.maven.surefire.booter.ProviderFactory.invokeProvider(ProviderFactory.java:85)
	at org.apache.maven.surefire.booter.ForkedBooter.runSuitesInProcess(ForkedBooter.java:115)
	at org.apache.maven.surefire.booter.ForkedBooter.main(ForkedBooter.java:75)
Caused by: org.springframework.beans.factory.BeanCreationException: Error creating bean with name &apos;cardController&apos;: Injection of autowired dependencies failed; nested exception is org.springframework.beans.factory.BeanCreationException: Could not autowire field: com.expeditors.training.course3demo.service.CardService com.expeditors.training.course3demo.controller.CardController.cardService; nested exception is org.springframework.beans.factory.NoSuchBeanDefinitionException: No qualifying bean of type [com.expeditors.training.course3demo.service.CardService] found for dependency: expected at least 1 bean which qualifies as autowire candidate for this dependency. Dependency annotations: {@org.springframework.beans.factory.annotation.Autowired(required=true)}
	at org.springframework.beans.factory.annotation.AutowiredAnnotationBeanPostProcessor.postProcessPropertyValues(AutowiredAnnotationBeanPostProcessor.java:288)
	at org.springframework.beans.factory.support.AbstractAutowireCapableBeanFactory.populateBean(AbstractAutowireCapableBeanFactory.java:1116)
	at org.springframework.beans.factory.support.AbstractAutowireCapableBeanFactory.doCreateBean(AbstractAutowireCapableBeanFactory.java:519)
	at org.springframework.beans.factory.support.AbstractAutowireCapableBeanFactory.createBean(AbstractAutowireCapableBeanFactory.java:458)
	at org.springframework.beans.factory.support.AbstractBeanFactory$1.getObject(AbstractBeanFactory.java:295)
	at org.springframework.beans.factory.support.DefaultSingletonBeanRegistry.getSingleton(DefaultSingletonBeanRegistry.java:223)
	at org.springframework.beans.factory.support.AbstractBeanFactory.doGetBean(AbstractBeanFactory.java:292)
	at org.springframework.beans.factory.support.AbstractBeanFactory.getBean(AbstractBeanFactory.java:194)
	at org.springframework.beans.factory.support.DefaultListableBeanFactory.preInstantiateSingletons(DefaultListableBeanFactory.java:626)
	at org.springframework.context.support.AbstractApplicationContext.finishBeanFactoryInitialization(AbstractApplicationContext.java:932)
	at org.springframework.context.support.AbstractApplicationContext.refresh(AbstractApplicationContext.java:479)
	at org.springframework.test.context.web.AbstractGenericWebContextLoader.loadContext(AbstractGenericWebContextLoader.java:128)
	at org.springframework.test.context.web.AbstractGenericWebContextLoader.loadContext(AbstractGenericWebContextLoader.java:60)
	at org.springframework.test.context.support.AbstractDelegatingSmartContextLoader.delegateLoading(AbstractDelegatingSmartContextLoader.java:100)
	at org.springframework.test.context.support.AbstractDelegatingSmartContextLoader.loadContext(AbstractDelegatingSmartContextLoader.java:248)
	at org.springframework.test.context.CacheAwareContextLoaderDelegate.loadContextInternal(CacheAwareContextLoaderDelegate.java:64)
	at org.springframework.test.context.CacheAwareContextLoaderDelegate.loadContext(CacheAwareContextLoaderDelegate.java:91)
	... 31 more
Caused by: org.springframework.beans.factory.BeanCreationException: Could not autowire field: com.expeditors.training.course3demo.service.CardService com.expeditors.training.course3demo.controller.CardController.cardService; nested exception is org.springframework.beans.factory.NoSuchBeanDefinitionException: No qualifying bean of type [com.expeditors.training.course3demo.service.CardService] found for dependency: expected at least 1 bean which qualifies as autowire candidate for this dependency. Dependency annotations: {@org.springframework.beans.factory.annotation.Autowired(required=true)}
	at org.springframework.beans.factory.annotation.AutowiredAnnotationBeanPostProcessor$AutowiredFieldElement.inject(AutowiredAnnotationBeanPostProcessor.java:514)
	at org.springframework.beans.factory.annotation.InjectionMetadata.inject(InjectionMetadata.java:87)
	at org.springframework.beans.factory.annotation.AutowiredAnnotationBeanPostProcessor.postProcessPropertyValues(AutowiredAnnotationBeanPostProcessor.java:285)
	... 47 more
Caused by: org.springframework.beans.factory.NoSuchBeanDefinitionException: No qualifying bean of type [com.expeditors.training.course3demo.service.CardService] found for dependency: expected at least 1 bean which qualifies as autowire candidate for this dependency. Dependency annotations: {@org.springframework.beans.factory.annotation.Autowired(required=true)}
	at org.springframework.beans.factory.support.DefaultListableBeanFactory.raiseNoSuchBeanDefinitionException(DefaultListableBeanFactory.java:986)
	at org.springframework.beans.factory.support.DefaultListableBeanFactory.doResolveDependency(DefaultListableBeanFactory.java:856)
	at org.springframework.beans.factory.support.DefaultListableBeanFactory.resolveDependency(DefaultListableBeanFactory.java:768)
	at org.springframework.beans.factory.annotation.AutowiredAnnotationBeanPostProcessor$AutowiredFieldElement.inject(AutowiredAnnotationBeanPostProcessor.java:486)
	... 49 more

</system-err>
  </testcase>
</testsuite>