<?xml version="1.0" encoding="UTF-8" ?>
<testsuite tests="7" failures="0" name="com.expeditors.training.course3demo.controller.ContainerControllerTest" time="4.866" errors="7" skipped="0">
  <properties>
    <property name="java.runtime.name" value="Java(TM) SE Runtime Environment"/>
    <property name="sun.boot.library.path" value="C:\Program Files\Java\jdk1.8.0_20\jre\bin"/>
    <property name="java.vm.version" value="25.20-b23"/>
    <property name="java.vm.vendor" value="Oracle Corporation"/>
    <property name="java.vendor.url" value="http://java.oracle.com/"/>
    <property name="path.separator" value=";"/>
    <property name="guice.disable.misplaced.annotation.check" value="true"/>
    <property name="java.vm.name" value="Java HotSpot(TM) 64-Bit Server VM"/>
    <property name="file.encoding.pkg" value="sun.io"/>
    <property name="user.script" value=""/>
    <property name="user.country" value="US"/>
    <property name="sun.java.launcher" value="SUN_STANDARD"/>
    <property name="sun.os.patch.level" value="Service Pack 1"/>
    <property name="java.vm.specification.name" value="Java Virtual Machine Specification"/>
    <property name="user.dir" value="C:\Users\chq-jamesgl\STS_work2\finalprojectgleixner"/>
    <property name="java.runtime.version" value="1.8.0_20-b26"/>
    <property name="java.awt.graphicsenv" value="sun.awt.Win32GraphicsEnvironment"/>
    <property name="java.endorsed.dirs" value="C:\Program Files\Java\jdk1.8.0_20\jre\lib\endorsed"/>
    <property name="os.arch" value="amd64"/>
    <property name="java.io.tmpdir" value="C:\Users\CHQ-JA~1\AppData\Local\Temp\"/>
    <property name="line.separator" value="
"/>
    <property name="java.vm.specification.vendor" value="Oracle Corporation"/>
    <property name="user.variant" value=""/>
    <property name="os.name" value="Windows 7"/>
    <property name="classworlds.conf" value="C:\Users\chq-jamesgl\STS_work2\.metadata\.plugins\org.eclipse.m2e.launching\launches\m2conf2306975153477268075.tmp"/>
    <property name="sun.jnu.encoding" value="Cp1252"/>
    <property name="java.library.path" value="C:\Program Files\Java\jdk1.8.0_20\bin;C:\WINDOWS\Sun\Java\bin;C:\WINDOWS\system32;C:\WINDOWS;C:/Program Files/Java/jdk1.7.0_45/bin/../jre/bin/server;C:/Program Files/Java/jdk1.7.0_45/bin/../jre/bin;C:/Program Files/Java/jdk1.7.0_45/bin/../jre/lib/amd64;C:\Program Files\spring-1.2.1.RELEASE\bin;C:\Maven\apache-maven-3.0.5\bin;C:\Program Files\Java\jdk1.7.0_45\bin;C:\ProgramData\Oracle\Java\javapath;C:\Program Files (x86)\Intel\iCLS Client\;C:\Program Files\Intel\iCLS Client\;C:\WINDOWS\system32;C:\WINDOWS;C:\WINDOWS\System32\Wbem;C:\WINDOWS\System32\WindowsPowerShell\v1.0\;C:\Program Files\Intel\DMIX;C:\WINDOWS\CCM;C:\WINDOWS\CCM;C:\WINDOWS\CCM;C:\WINDOWS\CCM;C:\WINDOWS\CCM;C:\WINDOWS\CCM;C:\WINDOWS\CCM;C:\PROGRA~2\IBM\SQLLIB\BIN;C:\PROGRA~2\IBM\SQLLIB\FUNCTION;C:\PROGRA~2\IBM\SQLLIB\SAMPLES\REPL;C:\Program Files\Intel\Intel(R) Management Engine Components\DAL;C:\Program Files\Intel\Intel(R) Management Engine Components\IPT;C:\Program Files (x86)\Intel\Intel(R) Management Engine Components\DAL;C:\Program Files (x86)\Intel\Intel(R) Management Engine Components\IPT;C:\Program Files\Microsoft\Web Platform Installer\;C:\Program Files\TortoiseSVN\bin;C:\Users\chq-jamesgl\Documents\STS2\sts-bundle\sts-3.6.3.SR1;;."/>
    <property name="java.specification.name" value="Java Platform API Specification"/>
    <property name="java.class.version" value="52.0"/>
    <property name="sun.management.compiler" value="HotSpot 64-Bit Tiered Compilers"/>
    <property name="os.version" value="6.1"/>
    <property name="user.home" value="C:\Users\chq-jamesgl"/>
    <property name="user.timezone" value="America/Los_Angeles"/>
    <property name="java.awt.printerjob" value="sun.awt.windows.WPrinterJob"/>
    <property name="java.specification.version" value="1.8"/>
    <property name="file.encoding" value="Cp1252"/>
    <property name="user.name" value="chq-jamesgl"/>
    <property name="java.class.path" value="/C:/Users/chq-jamesgl/Documents/STS2/sts-bundle/sts-3.6.3.SR1/plugins/org.eclipse.m2e.maven.runtime_1.5.0.20140605-2032/jars/plexus-classworlds-2.5.1.jar"/>
    <property name="org.slf4j.simpleLogger.defaultLogLevel" value="info"/>
    <property name="java.vm.specification.version" value="1.8"/>
    <property name="sun.arch.data.model" value="64"/>
    <property name="java.home" value="C:\Program Files\Java\jdk1.8.0_20\jre"/>
    <property name="sun.java.command" value="org.codehaus.plexus.classworlds.launcher.Launcher -B install"/>
    <property name="java.specification.vendor" value="Oracle Corporation"/>
    <property name="user.language" value="en"/>
    <property name="awt.toolkit" value="sun.awt.windows.WToolkit"/>
    <property name="java.vm.info" value="mixed mode"/>
    <property name="java.version" value="1.8.0_20"/>
    <property name="java.ext.dirs" value="C:\Program Files\Java\jdk1.8.0_20\jre\lib\ext;C:\WINDOWS\Sun\Java\lib\ext"/>
    <property name="sun.boot.class.path" value="C:\Program Files\Java\jdk1.8.0_20\jre\lib\resources.jar;C:\Program Files\Java\jdk1.8.0_20\jre\lib\rt.jar;C:\Program Files\Java\jdk1.8.0_20\jre\lib\sunrsasign.jar;C:\Program Files\Java\jdk1.8.0_20\jre\lib\jsse.jar;C:\Program Files\Java\jdk1.8.0_20\jre\lib\jce.jar;C:\Program Files\Java\jdk1.8.0_20\jre\lib\charsets.jar;C:\Program Files\Java\jdk1.8.0_20\jre\lib\jfr.jar;C:\Program Files\Java\jdk1.8.0_20\jre\classes"/>
    <property name="java.vendor" value="Oracle Corporation"/>
    <property name="maven.home" value="C:\Users\chq-jamesgl\STS_work2\finalprojectgleixner\EMBEDDED"/>
    <property name="file.separator" value="\"/>
    <property name="java.vendor.url.bug" value="http://bugreport.sun.com/bugreport/"/>
    <property name="sun.cpu.endian" value="little"/>
    <property name="sun.io.unicode.encoding" value="UnicodeLittle"/>
    <property name="sun.desktop" value="windows"/>
    <property name="sun.cpu.isalist" value="amd64"/>
  </properties>
  <testcase classname="com.expeditors.training.course3demo.controller.ContainerControllerTest" name="testShowAddContainers" time="1.678">
    <error message="Failed to load ApplicationContext" type="java.lang.IllegalStateException">java.lang.IllegalStateException: Failed to load ApplicationContext
	at org.springframework.test.context.CacheAwareContextLoaderDelegate.loadContext(CacheAwareContextLoaderDelegate.java:99)
	at org.springframework.test.context.TestContext.getApplicationContext(TestContext.java:122)
	at org.springframework.test.context.web.ServletTestExecutionListener.setUpRequestContextIfNecessary(ServletTestExecutionListener.java:105)
	at org.springframework.test.context.web.ServletTestExecutionListener.prepareTestInstance(ServletTestExecutionListener.java:74)
	at org.springframework.test.context.TestContextManager.prepareTestInstance(TestContextManager.java:312)
	at org.springframework.test.context.junit4.SpringJUnit4ClassRunner.createTest(SpringJUnit4ClassRunner.java:211)
	at org.springframework.test.context.junit4.SpringJUnit4ClassRunner$1.runReflectiveCall(SpringJUnit4ClassRunner.java:288)
	at org.junit.internal.runners.model.ReflectiveCallable.run(ReflectiveCallable.java:12)
	at org.springframework.test.context.junit4.SpringJUnit4ClassRunner.methodBlock(SpringJUnit4ClassRunner.java:284)
	at org.springframework.test.context.junit4.SpringJUnit4ClassRunner.runChild(SpringJUnit4ClassRunner.java:231)
	at org.springframework.test.context.junit4.SpringJUnit4ClassRunner.runChild(SpringJUnit4ClassRunner.java:88)
	at org.junit.runners.ParentRunner$3.run(ParentRunner.java:238)
	at org.junit.runners.ParentRunner$1.schedule(ParentRunner.java:63)
	at org.junit.runners.ParentRunner.runChildren(ParentRunner.java:236)
	at org.junit.runners.ParentRunner.access$000(ParentRunner.java:53)
	at org.junit.runners.ParentRunner$2.evaluate(ParentRunner.java:229)
	at org.springframework.test.context.junit4.statements.RunBeforeTestClassCallbacks.evaluate(RunBeforeTestClassCallbacks.java:61)
	at org.springframework.test.context.junit4.statements.RunAfterTestClassCallbacks.evaluate(RunAfterTestClassCallbacks.java:71)
	at org.junit.runners.ParentRunner.run(ParentRunner.java:309)
	at org.springframework.test.context.junit4.SpringJUnit4ClassRunner.run(SpringJUnit4ClassRunner.java:174)
	at org.apache.maven.surefire.junit4.JUnit4Provider.execute(JUnit4Provider.java:252)
	at org.apache.maven.surefire.junit4.JUnit4Provider.executeTestSet(JUnit4Provider.java:141)
	at org.apache.maven.surefire.junit4.JUnit4Provider.invoke(JUnit4Provider.java:112)
	at sun.reflect.NativeMethodAccessorImpl.invoke0(Native Method)
	at sun.reflect.NativeMethodAccessorImpl.invoke(NativeMethodAccessorImpl.java:62)
	at sun.reflect.DelegatingMethodAccessorImpl.invoke(DelegatingMethodAccessorImpl.java:43)
	at java.lang.reflect.Method.invoke(Method.java:483)
	at org.apache.maven.surefire.util.ReflectionUtils.invokeMethodWithArray(ReflectionUtils.java:189)
	at org.apache.maven.surefire.booter.ProviderFactory$ProviderProxy.invoke(ProviderFactory.java:165)
	at org.apache.maven.surefire.booter.ProviderFactory.invokeProvider(ProviderFactory.java:85)
	at org.apache.maven.surefire.booter.ForkedBooter.runSuitesInProcess(ForkedBooter.java:115)
	at org.apache.maven.surefire.booter.ForkedBooter.main(ForkedBooter.java:75)
Caused by: org.springframework.beans.factory.BeanCreationException: Error creating bean with name &apos;cardController&apos;: Injection of autowired dependencies failed; nested exception is org.springframework.beans.factory.BeanCreationException: Could not autowire field: com.expeditors.training.course3demo.service.CardService com.expeditors.training.course3demo.controller.CardController.cardService; nested exception is org.springframework.beans.factory.NoSuchBeanDefinitionException: No qualifying bean of type [com.expeditors.training.course3demo.service.CardService] found for dependency: expected at least 1 bean which qualifies as autowire candidate for this dependency. Dependency annotations: {@org.springframework.beans.factory.annotation.Autowired(required=true)}
	at org.springframework.beans.factory.annotation.AutowiredAnnotationBeanPostProcessor.postProcessPropertyValues(AutowiredAnnotationBeanPostProcessor.java:288)
	at org.springframework.beans.factory.support.AbstractAutowireCapableBeanFactory.populateBean(AbstractAutowireCapableBeanFactory.java:1116)
	at org.springframework.beans.factory.support.AbstractAutowireCapableBeanFactory.doCreateBean(AbstractAutowireCapableBeanFactory.java:519)
	at org.springframework.beans.factory.support.AbstractAutowireCapableBeanFactory.createBean(AbstractAutowireCapableBeanFactory.java:458)
	at org.springframework.beans.factory.support.AbstractBeanFactory$1.getObject(AbstractBeanFactory.java:295)
	at org.springframework.beans.factory.support.DefaultSingletonBeanRegistry.getSingleton(DefaultSingletonBeanRegistry.java:223)
	at org.springframework.beans.factory.support.AbstractBeanFactory.doGetBean(AbstractBeanFactory.java:292)
	at org.springframework.beans.factory.support.AbstractBeanFactory.getBean(AbstractBeanFactory.java:194)
	at org.springframework.beans.factory.support.DefaultListableBeanFactory.preInstantiateSingletons(DefaultListableBeanFactory.java:626)
	at org.springframework.context.support.AbstractApplicationContext.finishBeanFactoryInitialization(AbstractApplicationContext.java:932)
	at org.springframework.context.support.AbstractApplicationContext.refresh(AbstractApplicationContext.java:479)
	at org.springframework.test.context.web.AbstractGenericWebContextLoader.loadContext(AbstractGenericWebContextLoader.java:128)
	at org.springframework.test.context.web.AbstractGenericWebContextLoader.loadContext(AbstractGenericWebContextLoader.java:60)
	at org.springframework.test.context.support.AbstractDelegatingSmartContextLoader.delegateLoading(AbstractDelegatingSmartContextLoader.java:100)
	at org.springframework.test.context.support.AbstractDelegatingSmartContextLoader.loadContext(AbstractDelegatingSmartContextLoader.java:248)
	at org.springframework.test.context.CacheAwareContextLoaderDelegate.loadContextInternal(CacheAwareContextLoaderDelegate.java:64)
	at org.springframework.test.context.CacheAwareContextLoaderDelegate.loadContext(CacheAwareContextLoaderDelegate.java:91)
	... 31 more
Caused by: org.springframework.beans.factory.BeanCreationException: Could not autowire field: com.expeditors.training.course3demo.service.CardService com.expeditors.training.course3demo.controller.CardController.cardService; nested exception is org.springframework.beans.factory.NoSuchBeanDefinitionException: No qualifying bean of type [com.expeditors.training.course3demo.service.CardService] found for dependency: expected at least 1 bean which qualifies as autowire candidate for this dependency. Dependency annotations: {@org.springframework.beans.factory.annotation.Autowired(required=true)}
	at org.springframework.beans.factory.annotation.AutowiredAnnotationBeanPostProcessor$AutowiredFieldElement.inject(AutowiredAnnotationBeanPostProcessor.java:514)
	at org.springframework.beans.factory.annotation.InjectionMetadata.inject(InjectionMetadata.java:87)
	at org.springframework.beans.factory.annotation.AutowiredAnnotationBeanPostProcessor.postProcessPropertyValues(AutowiredAnnotationBeanPostProcessor.java:285)
	... 47 more
Caused by: org.springframework.beans.factory.NoSuchBeanDefinitionException: No qualifying bean of type [com.expeditors.training.course3demo.service.CardService] found for dependency: expected at least 1 bean which qualifies as autowire candidate for this dependency. Dependency annotations: {@org.springframework.beans.factory.annotation.Autowired(required=true)}
	at org.springframework.beans.factory.support.DefaultListableBeanFactory.raiseNoSuchBeanDefinitionException(DefaultListableBeanFactory.java:986)
	at org.springframework.beans.factory.support.DefaultListableBeanFactory.doResolveDependency(DefaultListableBeanFactory.java:856)
	at org.springframework.beans.factory.support.DefaultListableBeanFactory.resolveDependency(DefaultListableBeanFactory.java:768)
	at org.springframework.beans.factory.annotation.AutowiredAnnotationBeanPostProcessor$AutowiredFieldElement.inject(AutowiredAnnotationBeanPostProcessor.java:486)
	... 49 more
</error>
    <system-out>DEBUG SpringJUnit4ClassRunner - SpringJUnit4ClassRunner constructor called with [class com.expeditors.training.course3demo.controller.ContainerControllerTest].
DEBUG AbstractDelegatingSmartContextLoader - Delegating to AnnotationConfigWebContextLoader to process context configuration [ContextConfigurationAttributes@2de8284b declaringClass = &apos;com.expeditors.training.course3demo.controller.ContainerControllerTest&apos;, locations = &apos;{}&apos;, classes = &apos;{class com.expeditors.training.course3demo.config.TestConfig}&apos;, inheritLocations = true, initializers = &apos;{}&apos;, inheritInitializers = true, name = [null], contextLoaderClass = &apos;org.springframework.test.context.ContextLoader&apos;].
DEBUG ContextLoaderUtils - Could not find an &apos;annotation declaring class&apos; for annotation type [org.springframework.test.context.ActiveProfiles] and class [com.expeditors.training.course3demo.controller.ContainerControllerTest]
DEBUG TestContextManager - @TestExecutionListeners is not present for class [class com.expeditors.training.course3demo.controller.ContainerControllerTest]: using defaults.
DEBUG ProfileValueUtils - Retrieved @ProfileValueSourceConfiguration [null] for test class [com.expeditors.training.course3demo.controller.ContainerControllerTest]
DEBUG ProfileValueUtils - Retrieved ProfileValueSource type [class org.springframework.test.annotation.SystemProfileValueSource] for class [com.expeditors.training.course3demo.controller.ContainerControllerTest]
DEBUG ProfileValueUtils - Retrieved @ProfileValueSourceConfiguration [null] for test class [com.expeditors.training.course3demo.controller.ContainerControllerTest]
DEBUG ProfileValueUtils - Retrieved ProfileValueSource type [class org.springframework.test.annotation.SystemProfileValueSource] for class [com.expeditors.training.course3demo.controller.ContainerControllerTest]
DEBUG ProfileValueUtils - Retrieved @ProfileValueSourceConfiguration [null] for test class [com.expeditors.training.course3demo.controller.ContainerControllerTest]
DEBUG ProfileValueUtils - Retrieved ProfileValueSource type [class org.springframework.test.annotation.SystemProfileValueSource] for class [com.expeditors.training.course3demo.controller.ContainerControllerTest]
DEBUG AbstractDelegatingSmartContextLoader - Delegating to AnnotationConfigWebContextLoader to load context from [WebMergedContextConfiguration@1da51a35 testClass = ContainerControllerTest, locations = &apos;{}&apos;, classes = &apos;{class com.expeditors.training.course3demo.config.TestConfig}&apos;, contextInitializerClasses = &apos;[]&apos;, activeProfiles = &apos;{}&apos;, resourceBasePath = &apos;src/main/webapp&apos;, contextLoader = &apos;org.springframework.test.context.web.WebDelegatingSmartContextLoader&apos;, parent = [null]].
DEBUG AbstractGenericWebContextLoader - Loading WebApplicationContext for merged context configuration [WebMergedContextConfiguration@1da51a35 testClass = ContainerControllerTest, locations = &apos;{}&apos;, classes = &apos;{class com.expeditors.training.course3demo.config.TestConfig}&apos;, contextInitializerClasses = &apos;[]&apos;, activeProfiles = &apos;{}&apos;, resourceBasePath = &apos;src/main/webapp&apos;, contextLoader = &apos;org.springframework.test.context.web.WebDelegatingSmartContextLoader&apos;, parent = [null]].
DEBUG StandardServletEnvironment - Initializing new StandardServletEnvironment
DEBUG StandardServletEnvironment - Adding [servletConfigInitParams] PropertySource with lowest search precedence
DEBUG StandardServletEnvironment - Adding [servletContextInitParams] PropertySource with lowest search precedence
DEBUG StandardServletEnvironment - Adding [jndiProperties] PropertySource with lowest search precedence
DEBUG StandardServletEnvironment - Adding [systemProperties] PropertySource with lowest search precedence
DEBUG StandardServletEnvironment - Adding [systemEnvironment] PropertySource with lowest search precedence
DEBUG StandardServletEnvironment - Initialized StandardServletEnvironment with PropertySources [servletConfigInitParams,servletContextInitParams,jndiProperties,systemProperties,systemEnvironment]
DEBUG AnnotationConfigWebContextLoader - Registering annotated classes: {class com.expeditors.training.course3demo.config.TestConfig}
INFO  GenericWebApplicationContext - Refreshing org.springframework.web.context.support.GenericWebApplicationContext@f4168b8: startup date [Thu Mar 05 07:38:50 PST 2015]; root of context hierarchy
DEBUG StandardServletEnvironment - Replacing [servletContextInitParams] PropertySource with [servletContextInitParams]
DEBUG GenericWebApplicationContext - Bean factory for org.springframework.web.context.support.GenericWebApplicationContext@f4168b8: org.springframework.beans.factory.support.DefaultListableBeanFactory@229d10bd: defining beans [org.springframework.context.annotation.internalConfigurationAnnotationProcessor,org.springframework.context.annotation.internalAutowiredAnnotationProcessor,org.springframework.context.annotation.internalRequiredAnnotationProcessor,org.springframework.context.annotation.internalCommonAnnotationProcessor,org.springframework.context.annotation.internalPersistenceAnnotationProcessor,testConfig]; root of factory hierarchy
DEBUG DefaultListableBeanFactory - Creating shared instance of singleton bean &apos;org.springframework.context.annotation.internalConfigurationAnnotationProcessor&apos;
DEBUG DefaultListableBeanFactory - Creating instance of bean &apos;org.springframework.context.annotation.internalConfigurationAnnotationProcessor&apos;
DEBUG DefaultListableBeanFactory - Eagerly caching bean &apos;org.springframework.context.annotation.internalConfigurationAnnotationProcessor&apos; to allow for resolving potential circular references
DEBUG DefaultListableBeanFactory - Finished creating instance of bean &apos;org.springframework.context.annotation.internalConfigurationAnnotationProcessor&apos;
DEBUG StandardEnvironment - Initializing new StandardEnvironment
DEBUG StandardEnvironment - Adding [systemProperties] PropertySource with lowest search precedence
DEBUG StandardEnvironment - Adding [systemEnvironment] PropertySource with lowest search precedence
DEBUG StandardEnvironment - Initialized StandardEnvironment with PropertySources [systemProperties,systemEnvironment]
DEBUG PathMatchingResourcePatternResolver - Looking for matching resources in directory tree [C:\Users\chq-jamesgl\STS_work2\finalprojectgleixner\target\test-classes\com\expeditors\training\course3demo\controller]
DEBUG PathMatchingResourcePatternResolver - Searching directory [C:\Users\chq-jamesgl\STS_work2\finalprojectgleixner\target\test-classes\com\expeditors\training\course3demo\controller] for files matching pattern [C:/Users/chq-jamesgl/STS_work2/finalprojectgleixner/target/test-classes/com/expeditors/training/course3demo/controller/**/*.class]
DEBUG PathMatchingResourcePatternResolver - Looking for matching resources in directory tree [C:\Users\chq-jamesgl\STS_work2\finalprojectgleixner\target\classes\com\expeditors\training\course3demo\controller]
DEBUG PathMatchingResourcePatternResolver - Searching directory [C:\Users\chq-jamesgl\STS_work2\finalprojectgleixner\target\classes\com\expeditors\training\course3demo\controller] for files matching pattern [C:/Users/chq-jamesgl/STS_work2/finalprojectgleixner/target/classes/com/expeditors/training/course3demo/controller/**/*.class]
DEBUG PathMatchingResourcePatternResolver - Resolved location pattern [classpath*:com/expeditors/training/course3demo/controller/**/*.class] to resources [file [C:\Users\chq-jamesgl\STS_work2\finalprojectgleixner\target\test-classes\com\expeditors\training\course3demo\controller\ContainerControllerTest.class], file [C:\Users\chq-jamesgl\STS_work2\finalprojectgleixner\target\test-classes\com\expeditors\training\course3demo\controller\ProductControllerTest.class], file [C:\Users\chq-jamesgl\STS_work2\finalprojectgleixner\target\test-classes\com\expeditors\training\course3demo\controller\ShipmentControllerTest.class], file [C:\Users\chq-jamesgl\STS_work2\finalprojectgleixner\target\classes\com\expeditors\training\course3demo\controller\CardController.class], file [C:\Users\chq-jamesgl\STS_work2\finalprojectgleixner\target\classes\com\expeditors\training\course3demo\controller\ContainerController.class], file [C:\Users\chq-jamesgl\STS_work2\finalprojectgleixner\target\classes\com\expeditors\training\course3demo\controller\ErrorLoginController.class], file [C:\Users\chq-jamesgl\STS_work2\finalprojectgleixner\target\classes\com\expeditors\training\course3demo\controller\HomeController.class], file [C:\Users\chq-jamesgl\STS_work2\finalprojectgleixner\target\classes\com\expeditors\training\course3demo\controller\ProductController.class], file [C:\Users\chq-jamesgl\STS_work2\finalprojectgleixner\target\classes\com\expeditors\training\course3demo\controller\SecurityController.class], file [C:\Users\chq-jamesgl\STS_work2\finalprojectgleixner\target\classes\com\expeditors\training\course3demo\controller\ShipmentController.class]]
DEBUG ClassPathBeanDefinitionScanner - Identified candidate component class: file [C:\Users\chq-jamesgl\STS_work2\finalprojectgleixner\target\classes\com\expeditors\training\course3demo\controller\CardController.class]
DEBUG ClassPathBeanDefinitionScanner - Identified candidate component class: file [C:\Users\chq-jamesgl\STS_work2\finalprojectgleixner\target\classes\com\expeditors\training\course3demo\controller\ContainerController.class]
DEBUG ClassPathBeanDefinitionScanner - Identified candidate component class: file [C:\Users\chq-jamesgl\STS_work2\finalprojectgleixner\target\classes\com\expeditors\training\course3demo\controller\ErrorLoginController.class]
DEBUG ClassPathBeanDefinitionScanner - Identified candidate component class: file [C:\Users\chq-jamesgl\STS_work2\finalprojectgleixner\target\classes\com\expeditors\training\course3demo\controller\HomeController.class]
DEBUG ClassPathBeanDefinitionScanner - Identified candidate component class: file [C:\Users\chq-jamesgl\STS_work2\finalprojectgleixner\target\classes\com\expeditors\training\course3demo\controller\ProductController.class]
DEBUG ClassPathBeanDefinitionScanner - Identified candidate component class: file [C:\Users\chq-jamesgl\STS_work2\finalprojectgleixner\target\classes\com\expeditors\training\course3demo\controller\SecurityController.class]
DEBUG ClassPathBeanDefinitionScanner - Identified candidate component class: file [C:\Users\chq-jamesgl\STS_work2\finalprojectgleixner\target\classes\com\expeditors\training\course3demo\controller\ShipmentController.class]
DEBUG ConfigurationClassBeanDefinitionReader - Registered bean definition for imported @Configuration class org.springframework.web.servlet.config.annotation.DelegatingWebMvcConfiguration
DEBUG ConfigurationClassBeanDefinitionReader - Registering bean definition for @Bean method org.springframework.web.servlet.config.annotation.DelegatingWebMvcConfiguration.requestMappingHandlerMapping()
DEBUG ConfigurationClassBeanDefinitionReader - Registering bean definition for @Bean method org.springframework.web.servlet.config.annotation.DelegatingWebMvcConfiguration.mvcContentNegotiationManager()
DEBUG ConfigurationClassBeanDefinitionReader - Registering bean definition for @Bean method org.springframework.web.servlet.config.annotation.DelegatingWebMvcConfiguration.viewControllerHandlerMapping()
DEBUG ConfigurationClassBeanDefinitionReader - Registering bean definition for @Bean method org.springframework.web.servlet.config.annotation.DelegatingWebMvcConfiguration.beanNameHandlerMapping()
DEBUG ConfigurationClassBeanDefinitionReader - Registering bean definition for @Bean method org.springframework.web.servlet.config.annotation.DelegatingWebMvcConfiguration.resourceHandlerMapping()
DEBUG ConfigurationClassBeanDefinitionReader - Registering bean definition for @Bean method org.springframework.web.servlet.config.annotation.DelegatingWebMvcConfiguration.defaultServletHandlerMapping()
DEBUG ConfigurationClassBeanDefinitionReader - Registering bean definition for @Bean method org.springframework.web.servlet.config.annotation.DelegatingWebMvcConfiguration.requestMappingHandlerAdapter()
DEBUG ConfigurationClassBeanDefinitionReader - Registering bean definition for @Bean method org.springframework.web.servlet.config.annotation.DelegatingWebMvcConfiguration.mvcConversionService()
DEBUG ConfigurationClassBeanDefinitionReader - Registering bean definition for @Bean method org.springframework.web.servlet.config.annotation.DelegatingWebMvcConfiguration.httpRequestHandlerAdapter()
DEBUG ConfigurationClassBeanDefinitionReader - Registering bean definition for @Bean method org.springframework.web.servlet.config.annotation.DelegatingWebMvcConfiguration.simpleControllerHandlerAdapter()
DEBUG ConfigurationClassBeanDefinitionReader - Registering bean definition for @Bean method org.springframework.web.servlet.config.annotation.DelegatingWebMvcConfiguration.handlerExceptionResolver()
DEBUG ConfigurationClassBeanDefinitionReader - Registering bean definition for @Bean method org.springframework.web.servlet.config.annotation.DelegatingWebMvcConfiguration.mvcValidator()
DEBUG ConfigurationClassBeanDefinitionReader - Registered bean definition for imported @Configuration class com.expeditors.training.course3demo.config.PersistenceJPATestConfig
DEBUG ConfigurationClassBeanDefinitionReader - Registering bean definition for @Bean method com.expeditors.training.course3demo.config.PersistenceJPATestConfig.entityManagerFactory()
DEBUG ConfigurationClassBeanDefinitionReader - Registering bean definition for @Bean method com.expeditors.training.course3demo.config.PersistenceJPATestConfig.dataSource()
DEBUG ConfigurationClassBeanDefinitionReader - Registering bean definition for @Bean method com.expeditors.training.course3demo.config.TestConfig.containerService()
DEBUG ConfigurationClassBeanDefinitionReader - Registering bean definition for @Bean method com.expeditors.training.course3demo.config.TestConfig.shipmentService()
DEBUG ConfigurationClassBeanDefinitionReader - Registering bean definition for @Bean method com.expeditors.training.course3demo.config.TestConfig.productService()
DEBUG ConfigurationClassBeanDefinitionReader - Registering bean definition for @Bean method com.expeditors.training.course3demo.config.TestConfig.viewResolver()
DEBUG ConfigurationClassEnhancer - Successfully enhanced com.expeditors.training.course3demo.config.TestConfig; enhanced class name is: com.expeditors.training.course3demo.config.TestConfig$$EnhancerByCGLIB$$aae1cafb
DEBUG ConfigurationClassPostProcessor - Replacing bean definition &apos;testConfig&apos; existing class name &apos;com.expeditors.training.course3demo.config.TestConfig&apos; with enhanced class name &apos;com.expeditors.training.course3demo.config.TestConfig$$EnhancerByCGLIB$$aae1cafb&apos;
DEBUG ConfigurationClassEnhancer - Successfully enhanced org.springframework.web.servlet.config.annotation.DelegatingWebMvcConfiguration; enhanced class name is: org.springframework.web.servlet.config.annotation.DelegatingWebMvcConfiguration$$EnhancerByCGLIB$$a164085b
DEBUG ConfigurationClassPostProcessor - Replacing bean definition &apos;org.springframework.web.servlet.config.annotation.DelegatingWebMvcConfiguration&apos; existing class name &apos;org.springframework.web.servlet.config.annotation.DelegatingWebMvcConfiguration&apos; with enhanced class name &apos;org.springframework.web.servlet.config.annotation.DelegatingWebMvcConfiguration$$EnhancerByCGLIB$$a164085b&apos;
DEBUG ConfigurationClassEnhancer - Successfully enhanced com.expeditors.training.course3demo.config.PersistenceJPATestConfig; enhanced class name is: com.expeditors.training.course3demo.config.PersistenceJPATestConfig$$EnhancerByCGLIB$$f6c89e17
DEBUG ConfigurationClassPostProcessor - Replacing bean definition &apos;com.expeditors.training.course3demo.config.PersistenceJPATestConfig&apos; existing class name &apos;com.expeditors.training.course3demo.config.PersistenceJPATestConfig&apos; with enhanced class name &apos;com.expeditors.training.course3demo.config.PersistenceJPATestConfig$$EnhancerByCGLIB$$f6c89e17&apos;
DEBUG DefaultListableBeanFactory - Creating shared instance of singleton bean &apos;org.springframework.context.annotation.internalAutowiredAnnotationProcessor&apos;
DEBUG DefaultListableBeanFactory - Creating instance of bean &apos;org.springframework.context.annotation.internalAutowiredAnnotationProcessor&apos;
DEBUG DefaultListableBeanFactory - Eagerly caching bean &apos;org.springframework.context.annotation.internalAutowiredAnnotationProcessor&apos; to allow for resolving potential circular references
DEBUG DefaultListableBeanFactory - Finished creating instance of bean &apos;org.springframework.context.annotation.internalAutowiredAnnotationProcessor&apos;
DEBUG DefaultListableBeanFactory - Creating shared instance of singleton bean &apos;org.springframework.context.annotation.internalRequiredAnnotationProcessor&apos;
DEBUG DefaultListableBeanFactory - Creating instance of bean &apos;org.springframework.context.annotation.internalRequiredAnnotationProcessor&apos;
DEBUG DefaultListableBeanFactory - Eagerly caching bean &apos;org.springframework.context.annotation.internalRequiredAnnotationProcessor&apos; to allow for resolving potential circular references
DEBUG DefaultListableBeanFactory - Finished creating instance of bean &apos;org.springframework.context.annotation.internalRequiredAnnotationProcessor&apos;
DEBUG DefaultListableBeanFactory - Creating shared instance of singleton bean &apos;org.springframework.context.annotation.internalCommonAnnotationProcessor&apos;
DEBUG DefaultListableBeanFactory - Creating instance of bean &apos;org.springframework.context.annotation.internalCommonAnnotationProcessor&apos;
DEBUG DefaultListableBeanFactory - Eagerly caching bean &apos;org.springframework.context.annotation.internalCommonAnnotationProcessor&apos; to allow for resolving potential circular references
DEBUG DefaultListableBeanFactory - Finished creating instance of bean &apos;org.springframework.context.annotation.internalCommonAnnotationProcessor&apos;
DEBUG DefaultListableBeanFactory - Creating shared instance of singleton bean &apos;org.springframework.context.annotation.internalPersistenceAnnotationProcessor&apos;
DEBUG DefaultListableBeanFactory - Creating instance of bean &apos;org.springframework.context.annotation.internalPersistenceAnnotationProcessor&apos;
DEBUG DefaultListableBeanFactory - Eagerly caching bean &apos;org.springframework.context.annotation.internalPersistenceAnnotationProcessor&apos; to allow for resolving potential circular references
DEBUG DefaultListableBeanFactory - Finished creating instance of bean &apos;org.springframework.context.annotation.internalPersistenceAnnotationProcessor&apos;
DEBUG DefaultListableBeanFactory - Creating shared instance of singleton bean &apos;org.springframework.context.annotation.ConfigurationClassPostProcessor.importAwareProcessor&apos;
DEBUG DefaultListableBeanFactory - Creating instance of bean &apos;org.springframework.context.annotation.ConfigurationClassPostProcessor.importAwareProcessor&apos;
DEBUG DefaultListableBeanFactory - Eagerly caching bean &apos;org.springframework.context.annotation.ConfigurationClassPostProcessor.importAwareProcessor&apos; to allow for resolving potential circular references
DEBUG DefaultListableBeanFactory - Finished creating instance of bean &apos;org.springframework.context.annotation.ConfigurationClassPostProcessor.importAwareProcessor&apos;
DEBUG GenericWebApplicationContext - Unable to locate MessageSource with name &apos;messageSource&apos;: using default [org.springframework.context.support.DelegatingMessageSource@548e6d58]
DEBUG GenericWebApplicationContext - Unable to locate ApplicationEventMulticaster with name &apos;applicationEventMulticaster&apos;: using default [org.springframework.context.event.SimpleApplicationEventMulticaster@17a7f733]
DEBUG UiApplicationContextUtils - Unable to locate ThemeSource with name &apos;themeSource&apos;: using default [org.springframework.ui.context.support.ResourceBundleThemeSource@2b4bac49]
DEBUG DefaultListableBeanFactory - Creating shared instance of singleton bean &apos;entityManagerFactory&apos;
DEBUG DefaultListableBeanFactory - Creating instance of bean &apos;entityManagerFactory&apos;
DEBUG DefaultListableBeanFactory - Creating shared instance of singleton bean &apos;com.expeditors.training.course3demo.config.PersistenceJPATestConfig&apos;
DEBUG DefaultListableBeanFactory - Creating instance of bean &apos;com.expeditors.training.course3demo.config.PersistenceJPATestConfig&apos;
DEBUG InjectionMetadata - Registered injected element on class [com.expeditors.training.course3demo.config.PersistenceJPATestConfig$$EnhancerByCGLIB$$f6c89e17]: AutowiredFieldElement for private org.springframework.core.env.Environment com.expeditors.training.course3demo.config.PersistenceJPATestConfig.environment
DEBUG DefaultListableBeanFactory - Eagerly caching bean &apos;com.expeditors.training.course3demo.config.PersistenceJPATestConfig&apos; to allow for resolving potential circular references
DEBUG InjectionMetadata - Processing injected method of bean &apos;com.expeditors.training.course3demo.config.PersistenceJPATestConfig&apos;: AutowiredFieldElement for private org.springframework.core.env.Environment com.expeditors.training.course3demo.config.PersistenceJPATestConfig.environment
DEBUG DefaultListableBeanFactory - Returning cached instance of singleton bean &apos;environment&apos;
DEBUG AutowiredAnnotationBeanPostProcessor - Autowiring by type from bean name &apos;com.expeditors.training.course3demo.config.PersistenceJPATestConfig&apos; to bean named &apos;environment&apos;
DEBUG DefaultListableBeanFactory - Finished creating instance of bean &apos;com.expeditors.training.course3demo.config.PersistenceJPATestConfig&apos;
DEBUG DefaultListableBeanFactory - Creating shared instance of singleton bean &apos;dataSource&apos;
DEBUG DefaultListableBeanFactory - Creating instance of bean &apos;dataSource&apos;
DEBUG DefaultListableBeanFactory - Returning cached instance of singleton bean &apos;com.expeditors.training.course3demo.config.PersistenceJPATestConfig&apos;
INFO  DriverManagerDataSource - Loaded JDBC driver: org.hsqldb.jdbcDriver
DEBUG DefaultListableBeanFactory - Eagerly caching bean &apos;dataSource&apos; to allow for resolving potential circular references
DEBUG DefaultListableBeanFactory - Finished creating instance of bean &apos;dataSource&apos;
DEBUG DefaultListableBeanFactory - Eagerly caching bean &apos;entityManagerFactory&apos; to allow for resolving potential circular references
DEBUG DefaultListableBeanFactory - Invoking afterPropertiesSet() on bean with name &apos;entityManagerFactory&apos;
DEBUG PathMatchingResourcePatternResolver - Looking for matching resources in directory tree [C:\Users\chq-jamesgl\STS_work2\finalprojectgleixner\target\classes\com\expeditors\training\course3demo\model]
DEBUG PathMatchingResourcePatternResolver - Searching directory [C:\Users\chq-jamesgl\STS_work2\finalprojectgleixner\target\classes\com\expeditors\training\course3demo\model] for files matching pattern [C:/Users/chq-jamesgl/STS_work2/finalprojectgleixner/target/classes/com/expeditors/training/course3demo/model/**/*.class]
DEBUG PathMatchingResourcePatternResolver - Resolved location pattern [classpath*:com/expeditors/training/course3demo/model/**/*.class] to resources [file [C:\Users\chq-jamesgl\STS_work2\finalprojectgleixner\target\classes\com\expeditors\training\course3demo\model\Address.class], file [C:\Users\chq-jamesgl\STS_work2\finalprojectgleixner\target\classes\com\expeditors\training\course3demo\model\Card.class], file [C:\Users\chq-jamesgl\STS_work2\finalprojectgleixner\target\classes\com\expeditors\training\course3demo\model\Container.class], file [C:\Users\chq-jamesgl\STS_work2\finalprojectgleixner\target\classes\com\expeditors\training\course3demo\model\PhoneNumber.class], file [C:\Users\chq-jamesgl\STS_work2\finalprojectgleixner\target\classes\com\expeditors\training\course3demo\model\Product.class], file [C:\Users\chq-jamesgl\STS_work2\finalprojectgleixner\target\classes\com\expeditors\training\course3demo\model\Shipment.class], file [C:\Users\chq-jamesgl\STS_work2\finalprojectgleixner\target\classes\com\expeditors\training\course3demo\model\UserAccount.class], file [C:\Users\chq-jamesgl\STS_work2\finalprojectgleixner\target\classes\com\expeditors\training\course3demo\model\UserRole.class]]
INFO  LocalContainerEntityManagerFactoryBean - Building JPA container EntityManagerFactory for persistence unit &apos;default&apos;
DEBUG logging - Logging Provider: org.jboss.logging.Slf4jLoggerProvider
DEBUG BasicTypeRegistry - Adding type registration boolean -&gt; org.hibernate.type.BooleanType@71ba6d4e
DEBUG BasicTypeRegistry - Adding type registration boolean -&gt; org.hibernate.type.BooleanType@71ba6d4e
DEBUG BasicTypeRegistry - Adding type registration java.lang.Boolean -&gt; org.hibernate.type.BooleanType@71ba6d4e
DEBUG BasicTypeRegistry - Adding type registration numeric_boolean -&gt; org.hibernate.type.NumericBooleanType@d86a6f
DEBUG BasicTypeRegistry - Adding type registration true_false -&gt; org.hibernate.type.TrueFalseType@2ddc9a9f
DEBUG BasicTypeRegistry - Adding type registration yes_no -&gt; org.hibernate.type.YesNoType@46cdf8bd
DEBUG BasicTypeRegistry - Adding type registration byte -&gt; org.hibernate.type.ByteType@1ed4ae0f
DEBUG BasicTypeRegistry - Adding type registration byte -&gt; org.hibernate.type.ByteType@1ed4ae0f
DEBUG BasicTypeRegistry - Adding type registration java.lang.Byte -&gt; org.hibernate.type.ByteType@1ed4ae0f
DEBUG BasicTypeRegistry - Adding type registration character -&gt; org.hibernate.type.CharacterType@6892b3b6
DEBUG BasicTypeRegistry - Adding type registration char -&gt; org.hibernate.type.CharacterType@6892b3b6
DEBUG BasicTypeRegistry - Adding type registration java.lang.Character -&gt; org.hibernate.type.CharacterType@6892b3b6
DEBUG BasicTypeRegistry - Adding type registration short -&gt; org.hibernate.type.ShortType@5b1669c0
DEBUG BasicTypeRegistry - Adding type registration short -&gt; org.hibernate.type.ShortType@5b1669c0
DEBUG BasicTypeRegistry - Adding type registration java.lang.Short -&gt; org.hibernate.type.ShortType@5b1669c0
DEBUG BasicTypeRegistry - Adding type registration integer -&gt; org.hibernate.type.IntegerType@2eae8e6e
DEBUG BasicTypeRegistry - Adding type registration int -&gt; org.hibernate.type.IntegerType@2eae8e6e
DEBUG BasicTypeRegistry - Adding type registration java.lang.Integer -&gt; org.hibernate.type.IntegerType@2eae8e6e
DEBUG BasicTypeRegistry - Adding type registration long -&gt; org.hibernate.type.LongType@25ce9dc4
DEBUG BasicTypeRegistry - Adding type registration long -&gt; org.hibernate.type.LongType@25ce9dc4
DEBUG BasicTypeRegistry - Adding type registration java.lang.Long -&gt; org.hibernate.type.LongType@25ce9dc4
DEBUG BasicTypeRegistry - Adding type registration float -&gt; org.hibernate.type.FloatType@3e8c3cb
DEBUG BasicTypeRegistry - Adding type registration float -&gt; org.hibernate.type.FloatType@3e8c3cb
DEBUG BasicTypeRegistry - Adding type registration java.lang.Float -&gt; org.hibernate.type.FloatType@3e8c3cb
DEBUG BasicTypeRegistry - Adding type registration double -&gt; org.hibernate.type.DoubleType@3b0fe47a
DEBUG BasicTypeRegistry - Adding type registration double -&gt; org.hibernate.type.DoubleType@3b0fe47a
DEBUG BasicTypeRegistry - Adding type registration java.lang.Double -&gt; org.hibernate.type.DoubleType@3b0fe47a
DEBUG BasicTypeRegistry - Adding type registration big_decimal -&gt; org.hibernate.type.BigDecimalType@74e28667
DEBUG BasicTypeRegistry - Adding type registration java.math.BigDecimal -&gt; org.hibernate.type.BigDecimalType@74e28667
DEBUG BasicTypeRegistry - Adding type registration big_integer -&gt; org.hibernate.type.BigIntegerType@53045c6c
DEBUG BasicTypeRegistry - Adding type registration java.math.BigInteger -&gt; org.hibernate.type.BigIntegerType@53045c6c
DEBUG BasicTypeRegistry - Adding type registration string -&gt; org.hibernate.type.StringType@548d708a
DEBUG BasicTypeRegistry - Adding type registration java.lang.String -&gt; org.hibernate.type.StringType@548d708a
DEBUG BasicTypeRegistry - Adding type registration nstring -&gt; org.hibernate.type.StringNVarcharType@712625fd
DEBUG BasicTypeRegistry - Adding type registration ncharacter -&gt; org.hibernate.type.CharacterNCharType@1c5920df
DEBUG BasicTypeRegistry - Adding type registration url -&gt; org.hibernate.type.UrlType@15043a2f
DEBUG BasicTypeRegistry - Adding type registration java.net.URL -&gt; org.hibernate.type.UrlType@15043a2f
DEBUG BasicTypeRegistry - Adding type registration date -&gt; org.hibernate.type.DateType@2d901eb0
DEBUG BasicTypeRegistry - Adding type registration java.sql.Date -&gt; org.hibernate.type.DateType@2d901eb0
DEBUG BasicTypeRegistry - Adding type registration time -&gt; org.hibernate.type.TimeType@909217e
DEBUG BasicTypeRegistry - Adding type registration java.sql.Time -&gt; org.hibernate.type.TimeType@909217e
DEBUG BasicTypeRegistry - Adding type registration timestamp -&gt; org.hibernate.type.TimestampType@5e2c3d18
DEBUG BasicTypeRegistry - Adding type registration java.sql.Timestamp -&gt; org.hibernate.type.TimestampType@5e2c3d18
DEBUG BasicTypeRegistry - Adding type registration java.util.Date -&gt; org.hibernate.type.TimestampType@5e2c3d18
DEBUG BasicTypeRegistry - Adding type registration dbtimestamp -&gt; org.hibernate.type.DbTimestampType@5b218417
DEBUG BasicTypeRegistry - Adding type registration calendar -&gt; org.hibernate.type.CalendarType@273444fe
DEBUG BasicTypeRegistry - Adding type registration java.util.Calendar -&gt; org.hibernate.type.CalendarType@273444fe
DEBUG BasicTypeRegistry - Adding type registration java.util.GregorianCalendar -&gt; org.hibernate.type.CalendarType@273444fe
DEBUG BasicTypeRegistry - Adding type registration calendar_date -&gt; org.hibernate.type.CalendarDateType@5524cca1
DEBUG BasicTypeRegistry - Adding type registration locale -&gt; org.hibernate.type.LocaleType@57a78e3
DEBUG BasicTypeRegistry - Adding type registration java.util.Locale -&gt; org.hibernate.type.LocaleType@57a78e3
DEBUG BasicTypeRegistry - Adding type registration currency -&gt; org.hibernate.type.CurrencyType@5386659f
DEBUG BasicTypeRegistry - Adding type registration java.util.Currency -&gt; org.hibernate.type.CurrencyType@5386659f
DEBUG BasicTypeRegistry - Adding type registration timezone -&gt; org.hibernate.type.TimeZoneType@7ce69770
DEBUG BasicTypeRegistry - Adding type registration java.util.TimeZone -&gt; org.hibernate.type.TimeZoneType@7ce69770
DEBUG BasicTypeRegistry - Adding type registration class -&gt; org.hibernate.type.ClassType@7e057f43
DEBUG BasicTypeRegistry - Adding type registration java.lang.Class -&gt; org.hibernate.type.ClassType@7e057f43
DEBUG BasicTypeRegistry - Adding type registration uuid-binary -&gt; org.hibernate.type.UUIDBinaryType@221a3fa4
DEBUG BasicTypeRegistry - Adding type registration java.util.UUID -&gt; org.hibernate.type.UUIDBinaryType@221a3fa4
DEBUG BasicTypeRegistry - Adding type registration uuid-char -&gt; org.hibernate.type.UUIDCharType@3e08ff24
DEBUG BasicTypeRegistry - Adding type registration pg-uuid -&gt; org.hibernate.type.PostgresUUIDType@70ed52de
DEBUG BasicTypeRegistry - Adding type registration binary -&gt; org.hibernate.type.BinaryType@7c37508a
DEBUG BasicTypeRegistry - Adding type registration byte[] -&gt; org.hibernate.type.BinaryType@7c37508a
DEBUG BasicTypeRegistry - Adding type registration [B -&gt; org.hibernate.type.BinaryType@7c37508a
DEBUG BasicTypeRegistry - Adding type registration wrapper-binary -&gt; org.hibernate.type.WrapperBinaryType@4a003cbe
DEBUG BasicTypeRegistry - Adding type registration Byte[] -&gt; org.hibernate.type.WrapperBinaryType@4a003cbe
DEBUG BasicTypeRegistry - Adding type registration [Ljava.lang.Byte; -&gt; org.hibernate.type.WrapperBinaryType@4a003cbe
DEBUG BasicTypeRegistry - Adding type registration image -&gt; org.hibernate.type.ImageType@359df09a
DEBUG BasicTypeRegistry - Adding type registration characters -&gt; org.hibernate.type.CharArrayType@19932c16
DEBUG BasicTypeRegistry - Adding type registration char[] -&gt; org.hibernate.type.CharArrayType@19932c16
DEBUG BasicTypeRegistry - Adding type registration [C -&gt; org.hibernate.type.CharArrayType@19932c16
DEBUG BasicTypeRegistry - Adding type registration wrapper-characters -&gt; org.hibernate.type.CharacterArrayType@1972e513
DEBUG BasicTypeRegistry - Adding type registration [Ljava.lang.Character; -&gt; org.hibernate.type.CharacterArrayType@1972e513
DEBUG BasicTypeRegistry - Adding type registration Character[] -&gt; org.hibernate.type.CharacterArrayType@1972e513
DEBUG BasicTypeRegistry - Adding type registration text -&gt; org.hibernate.type.TextType@1040be71
DEBUG BasicTypeRegistry - Adding type registration ntext -&gt; org.hibernate.type.NTextType@7fd50002
DEBUG BasicTypeRegistry - Adding type registration blob -&gt; org.hibernate.type.BlobType@7d900ecf
DEBUG BasicTypeRegistry - Adding type registration java.sql.Blob -&gt; org.hibernate.type.BlobType@7d900ecf
DEBUG BasicTypeRegistry - Adding type registration materialized_blob -&gt; org.hibernate.type.MaterializedBlobType@1a245833
DEBUG BasicTypeRegistry - Adding type registration clob -&gt; org.hibernate.type.ClobType@15a34df2
DEBUG BasicTypeRegistry - Adding type registration java.sql.Clob -&gt; org.hibernate.type.ClobType@15a34df2
DEBUG BasicTypeRegistry - Adding type registration nclob -&gt; org.hibernate.type.NClobType@5e7cd6cc
DEBUG BasicTypeRegistry - Adding type registration java.sql.NClob -&gt; org.hibernate.type.NClobType@5e7cd6cc
DEBUG BasicTypeRegistry - Adding type registration materialized_clob -&gt; org.hibernate.type.MaterializedClobType@2dfaea86
DEBUG BasicTypeRegistry - Adding type registration materialized_nclob -&gt; org.hibernate.type.MaterializedNClobType@14fc5f04
DEBUG BasicTypeRegistry - Adding type registration serializable -&gt; org.hibernate.type.SerializableType@333d4a8c
DEBUG BasicTypeRegistry - Adding type registration object -&gt; org.hibernate.type.ObjectType@60f00693
DEBUG BasicTypeRegistry - Adding type registration java.lang.Object -&gt; org.hibernate.type.ObjectType@60f00693
DEBUG BasicTypeRegistry - Adding type registration imm_date -&gt; org.hibernate.type.AdaptedImmutableType@1a4927d6
DEBUG BasicTypeRegistry - Adding type registration imm_time -&gt; org.hibernate.type.AdaptedImmutableType@7a6d7e92
DEBUG BasicTypeRegistry - Adding type registration imm_timestamp -&gt; org.hibernate.type.AdaptedImmutableType@aba625
DEBUG BasicTypeRegistry - Adding type registration imm_dbtimestamp -&gt; org.hibernate.type.AdaptedImmutableType@97e93f1
DEBUG BasicTypeRegistry - Adding type registration imm_calendar -&gt; org.hibernate.type.AdaptedImmutableType@5a5a729f
DEBUG BasicTypeRegistry - Adding type registration imm_calendar_date -&gt; org.hibernate.type.AdaptedImmutableType@4b520ea8
DEBUG BasicTypeRegistry - Adding type registration imm_binary -&gt; org.hibernate.type.AdaptedImmutableType@16150369
DEBUG BasicTypeRegistry - Adding type registration imm_serializable -&gt; org.hibernate.type.AdaptedImmutableType@6b09fb41
INFO  Version - HCANN000001: Hibernate Commons Annotations {4.0.1.Final}
INFO  Version - HHH000412: Hibernate Core {4.2.1.Final}
INFO  Environment - HHH000206: hibernate.properties not found
INFO  Environment - HHH000021: Bytecode provider name : javassist
DEBUG DefaultIdentifierGeneratorFactory - Registering IdentifierGenerator strategy [uuid2] -&gt; [org.hibernate.id.UUIDGenerator]
DEBUG DefaultIdentifierGeneratorFactory - Registering IdentifierGenerator strategy [guid] -&gt; [org.hibernate.id.GUIDGenerator]
DEBUG DefaultIdentifierGeneratorFactory - Registering IdentifierGenerator strategy [uuid] -&gt; [org.hibernate.id.UUIDHexGenerator]
DEBUG DefaultIdentifierGeneratorFactory - Registering IdentifierGenerator strategy [uuid.hex] -&gt; [org.hibernate.id.UUIDHexGenerator]
DEBUG DefaultIdentifierGeneratorFactory - Registering IdentifierGenerator strategy [hilo] -&gt; [org.hibernate.id.TableHiLoGenerator]
DEBUG DefaultIdentifierGeneratorFactory - Registering IdentifierGenerator strategy [assigned] -&gt; [org.hibernate.id.Assigned]
DEBUG DefaultIdentifierGeneratorFactory - Registering IdentifierGenerator strategy [identity] -&gt; [org.hibernate.id.IdentityGenerator]
DEBUG DefaultIdentifierGeneratorFactory - Registering IdentifierGenerator strategy [select] -&gt; [org.hibernate.id.SelectGenerator]
DEBUG DefaultIdentifierGeneratorFactory - Registering IdentifierGenerator strategy [sequence] -&gt; [org.hibernate.id.SequenceGenerator]
DEBUG DefaultIdentifierGeneratorFactory - Registering IdentifierGenerator strategy [seqhilo] -&gt; [org.hibernate.id.SequenceHiLoGenerator]
DEBUG DefaultIdentifierGeneratorFactory - Registering IdentifierGenerator strategy [increment] -&gt; [org.hibernate.id.IncrementGenerator]
DEBUG DefaultIdentifierGeneratorFactory - Registering IdentifierGenerator strategy [foreign] -&gt; [org.hibernate.id.ForeignGenerator]
DEBUG DefaultIdentifierGeneratorFactory - Registering IdentifierGenerator strategy [sequence-identity] -&gt; [org.hibernate.id.SequenceIdentityGenerator]
DEBUG DefaultIdentifierGeneratorFactory - Registering IdentifierGenerator strategy [enhanced-sequence] -&gt; [org.hibernate.id.enhanced.SequenceStyleGenerator]
DEBUG DefaultIdentifierGeneratorFactory - Registering IdentifierGenerator strategy [enhanced-table] -&gt; [org.hibernate.id.enhanced.TableGenerator]
DEBUG BasicTypeRegistry - Adding type registration boolean -&gt; org.hibernate.type.BooleanType@71ba6d4e
DEBUG BasicTypeRegistry - Adding type registration boolean -&gt; org.hibernate.type.BooleanType@71ba6d4e
DEBUG BasicTypeRegistry - Adding type registration java.lang.Boolean -&gt; org.hibernate.type.BooleanType@71ba6d4e
DEBUG BasicTypeRegistry - Adding type registration numeric_boolean -&gt; org.hibernate.type.NumericBooleanType@d86a6f
DEBUG BasicTypeRegistry - Adding type registration true_false -&gt; org.hibernate.type.TrueFalseType@2ddc9a9f
DEBUG BasicTypeRegistry - Adding type registration yes_no -&gt; org.hibernate.type.YesNoType@46cdf8bd
DEBUG BasicTypeRegistry - Adding type registration byte -&gt; org.hibernate.type.ByteType@1ed4ae0f
DEBUG BasicTypeRegistry - Adding type registration byte -&gt; org.hibernate.type.ByteType@1ed4ae0f
DEBUG BasicTypeRegistry - Adding type registration java.lang.Byte -&gt; org.hibernate.type.ByteType@1ed4ae0f
DEBUG BasicTypeRegistry - Adding type registration character -&gt; org.hibernate.type.CharacterType@6892b3b6
DEBUG BasicTypeRegistry - Adding type registration char -&gt; org.hibernate.type.CharacterType@6892b3b6
DEBUG BasicTypeRegistry - Adding type registration java.lang.Character -&gt; org.hibernate.type.CharacterType@6892b3b6
DEBUG BasicTypeRegistry - Adding type registration short -&gt; org.hibernate.type.ShortType@5b1669c0
DEBUG BasicTypeRegistry - Adding type registration short -&gt; org.hibernate.type.ShortType@5b1669c0
DEBUG BasicTypeRegistry - Adding type registration java.lang.Short -&gt; org.hibernate.type.ShortType@5b1669c0
DEBUG BasicTypeRegistry - Adding type registration integer -&gt; org.hibernate.type.IntegerType@2eae8e6e
DEBUG BasicTypeRegistry - Adding type registration int -&gt; org.hibernate.type.IntegerType@2eae8e6e
DEBUG BasicTypeRegistry - Adding type registration java.lang.Integer -&gt; org.hibernate.type.IntegerType@2eae8e6e
DEBUG BasicTypeRegistry - Adding type registration long -&gt; org.hibernate.type.LongType@25ce9dc4
DEBUG BasicTypeRegistry - Adding type registration long -&gt; org.hibernate.type.LongType@25ce9dc4
DEBUG BasicTypeRegistry - Adding type registration java.lang.Long -&gt; org.hibernate.type.LongType@25ce9dc4
DEBUG BasicTypeRegistry - Adding type registration float -&gt; org.hibernate.type.FloatType@3e8c3cb
DEBUG BasicTypeRegistry - Adding type registration float -&gt; org.hibernate.type.FloatType@3e8c3cb
DEBUG BasicTypeRegistry - Adding type registration java.lang.Float -&gt; org.hibernate.type.FloatType@3e8c3cb
DEBUG BasicTypeRegistry - Adding type registration double -&gt; org.hibernate.type.DoubleType@3b0fe47a
DEBUG BasicTypeRegistry - Adding type registration double -&gt; org.hibernate.type.DoubleType@3b0fe47a
DEBUG BasicTypeRegistry - Adding type registration java.lang.Double -&gt; org.hibernate.type.DoubleType@3b0fe47a
DEBUG BasicTypeRegistry - Adding type registration big_decimal -&gt; org.hibernate.type.BigDecimalType@74e28667
DEBUG BasicTypeRegistry - Adding type registration java.math.BigDecimal -&gt; org.hibernate.type.BigDecimalType@74e28667
DEBUG BasicTypeRegistry - Adding type registration big_integer -&gt; org.hibernate.type.BigIntegerType@53045c6c
DEBUG BasicTypeRegistry - Adding type registration java.math.BigInteger -&gt; org.hibernate.type.BigIntegerType@53045c6c
DEBUG BasicTypeRegistry - Adding type registration string -&gt; org.hibernate.type.StringType@548d708a
DEBUG BasicTypeRegistry - Adding type registration java.lang.String -&gt; org.hibernate.type.StringType@548d708a
DEBUG BasicTypeRegistry - Adding type registration nstring -&gt; org.hibernate.type.StringNVarcharType@712625fd
DEBUG BasicTypeRegistry - Adding type registration ncharacter -&gt; org.hibernate.type.CharacterNCharType@1c5920df
DEBUG BasicTypeRegistry - Adding type registration url -&gt; org.hibernate.type.UrlType@15043a2f
DEBUG BasicTypeRegistry - Adding type registration java.net.URL -&gt; org.hibernate.type.UrlType@15043a2f
DEBUG BasicTypeRegistry - Adding type registration date -&gt; org.hibernate.type.DateType@2d901eb0
DEBUG BasicTypeRegistry - Adding type registration java.sql.Date -&gt; org.hibernate.type.DateType@2d901eb0
DEBUG BasicTypeRegistry - Adding type registration time -&gt; org.hibernate.type.TimeType@909217e
DEBUG BasicTypeRegistry - Adding type registration java.sql.Time -&gt; org.hibernate.type.TimeType@909217e
DEBUG BasicTypeRegistry - Adding type registration timestamp -&gt; org.hibernate.type.TimestampType@5e2c3d18
DEBUG BasicTypeRegistry - Adding type registration java.sql.Timestamp -&gt; org.hibernate.type.TimestampType@5e2c3d18
DEBUG BasicTypeRegistry - Adding type registration java.util.Date -&gt; org.hibernate.type.TimestampType@5e2c3d18
DEBUG BasicTypeRegistry - Adding type registration dbtimestamp -&gt; org.hibernate.type.DbTimestampType@5b218417
DEBUG BasicTypeRegistry - Adding type registration calendar -&gt; org.hibernate.type.CalendarType@273444fe
DEBUG BasicTypeRegistry - Adding type registration java.util.Calendar -&gt; org.hibernate.type.CalendarType@273444fe
DEBUG BasicTypeRegistry - Adding type registration java.util.GregorianCalendar -&gt; org.hibernate.type.CalendarType@273444fe
DEBUG BasicTypeRegistry - Adding type registration calendar_date -&gt; org.hibernate.type.CalendarDateType@5524cca1
DEBUG BasicTypeRegistry - Adding type registration locale -&gt; org.hibernate.type.LocaleType@57a78e3
DEBUG BasicTypeRegistry - Adding type registration java.util.Locale -&gt; org.hibernate.type.LocaleType@57a78e3
DEBUG BasicTypeRegistry - Adding type registration currency -&gt; org.hibernate.type.CurrencyType@5386659f
DEBUG BasicTypeRegistry - Adding type registration java.util.Currency -&gt; org.hibernate.type.CurrencyType@5386659f
DEBUG BasicTypeRegistry - Adding type registration timezone -&gt; org.hibernate.type.TimeZoneType@7ce69770
DEBUG BasicTypeRegistry - Adding type registration java.util.TimeZone -&gt; org.hibernate.type.TimeZoneType@7ce69770
DEBUG BasicTypeRegistry - Adding type registration class -&gt; org.hibernate.type.ClassType@7e057f43
DEBUG BasicTypeRegistry - Adding type registration java.lang.Class -&gt; org.hibernate.type.ClassType@7e057f43
DEBUG BasicTypeRegistry - Adding type registration uuid-binary -&gt; org.hibernate.type.UUIDBinaryType@221a3fa4
DEBUG BasicTypeRegistry - Adding type registration java.util.UUID -&gt; org.hibernate.type.UUIDBinaryType@221a3fa4
DEBUG BasicTypeRegistry - Adding type registration uuid-char -&gt; org.hibernate.type.UUIDCharType@3e08ff24
DEBUG BasicTypeRegistry - Adding type registration pg-uuid -&gt; org.hibernate.type.PostgresUUIDType@70ed52de
DEBUG BasicTypeRegistry - Adding type registration binary -&gt; org.hibernate.type.BinaryType@7c37508a
DEBUG BasicTypeRegistry - Adding type registration byte[] -&gt; org.hibernate.type.BinaryType@7c37508a
DEBUG BasicTypeRegistry - Adding type registration [B -&gt; org.hibernate.type.BinaryType@7c37508a
DEBUG BasicTypeRegistry - Adding type registration wrapper-binary -&gt; org.hibernate.type.WrapperBinaryType@4a003cbe
DEBUG BasicTypeRegistry - Adding type registration Byte[] -&gt; org.hibernate.type.WrapperBinaryType@4a003cbe
DEBUG BasicTypeRegistry - Adding type registration [Ljava.lang.Byte; -&gt; org.hibernate.type.WrapperBinaryType@4a003cbe
DEBUG BasicTypeRegistry - Adding type registration image -&gt; org.hibernate.type.ImageType@359df09a
DEBUG BasicTypeRegistry - Adding type registration characters -&gt; org.hibernate.type.CharArrayType@19932c16
DEBUG BasicTypeRegistry - Adding type registration char[] -&gt; org.hibernate.type.CharArrayType@19932c16
DEBUG BasicTypeRegistry - Adding type registration [C -&gt; org.hibernate.type.CharArrayType@19932c16
DEBUG BasicTypeRegistry - Adding type registration wrapper-characters -&gt; org.hibernate.type.CharacterArrayType@1972e513
DEBUG BasicTypeRegistry - Adding type registration [Ljava.lang.Character; -&gt; org.hibernate.type.CharacterArrayType@1972e513
DEBUG BasicTypeRegistry - Adding type registration Character[] -&gt; org.hibernate.type.CharacterArrayType@1972e513
DEBUG BasicTypeRegistry - Adding type registration text -&gt; org.hibernate.type.TextType@1040be71
DEBUG BasicTypeRegistry - Adding type registration ntext -&gt; org.hibernate.type.NTextType@7fd50002
DEBUG BasicTypeRegistry - Adding type registration blob -&gt; org.hibernate.type.BlobType@7d900ecf
DEBUG BasicTypeRegistry - Adding type registration java.sql.Blob -&gt; org.hibernate.type.BlobType@7d900ecf
DEBUG BasicTypeRegistry - Adding type registration materialized_blob -&gt; org.hibernate.type.MaterializedBlobType@1a245833
DEBUG BasicTypeRegistry - Adding type registration clob -&gt; org.hibernate.type.ClobType@15a34df2
DEBUG BasicTypeRegistry - Adding type registration java.sql.Clob -&gt; org.hibernate.type.ClobType@15a34df2
DEBUG BasicTypeRegistry - Adding type registration nclob -&gt; org.hibernate.type.NClobType@5e7cd6cc
DEBUG BasicTypeRegistry - Adding type registration java.sql.NClob -&gt; org.hibernate.type.NClobType@5e7cd6cc
DEBUG BasicTypeRegistry - Adding type registration materialized_clob -&gt; org.hibernate.type.MaterializedClobType@2dfaea86
DEBUG BasicTypeRegistry - Adding type registration materialized_nclob -&gt; org.hibernate.type.MaterializedNClobType@14fc5f04
DEBUG BasicTypeRegistry - Adding type registration serializable -&gt; org.hibernate.type.SerializableType@333d4a8c
DEBUG BasicTypeRegistry - Adding type registration object -&gt; org.hibernate.type.ObjectType@60f00693
DEBUG BasicTypeRegistry - Adding type registration java.lang.Object -&gt; org.hibernate.type.ObjectType@60f00693
DEBUG BasicTypeRegistry - Adding type registration imm_date -&gt; org.hibernate.type.AdaptedImmutableType@776a6d9b
DEBUG BasicTypeRegistry - Adding type registration imm_time -&gt; org.hibernate.type.AdaptedImmutableType@21d03963
DEBUG BasicTypeRegistry - Adding type registration imm_timestamp -&gt; org.hibernate.type.AdaptedImmutableType@1f760b47
DEBUG BasicTypeRegistry - Adding type registration imm_dbtimestamp -&gt; org.hibernate.type.AdaptedImmutableType@18ece7f4
DEBUG BasicTypeRegistry - Adding type registration imm_calendar -&gt; org.hibernate.type.AdaptedImmutableType@3cce57c7
DEBUG BasicTypeRegistry - Adding type registration imm_calendar_date -&gt; org.hibernate.type.AdaptedImmutableType@1cf56a1c
DEBUG BasicTypeRegistry - Adding type registration imm_binary -&gt; org.hibernate.type.AdaptedImmutableType@33f676f6
DEBUG BasicTypeRegistry - Adding type registration imm_serializable -&gt; org.hibernate.type.AdaptedImmutableType@4c5ae43b
DEBUG DefaultIdentifierGeneratorFactory - Registering IdentifierGenerator strategy [uuid2] -&gt; [org.hibernate.id.UUIDGenerator]
DEBUG DefaultIdentifierGeneratorFactory - Registering IdentifierGenerator strategy [guid] -&gt; [org.hibernate.id.GUIDGenerator]
DEBUG DefaultIdentifierGeneratorFactory - Registering IdentifierGenerator strategy [uuid] -&gt; [org.hibernate.id.UUIDHexGenerator]
DEBUG DefaultIdentifierGeneratorFactory - Registering IdentifierGenerator strategy [uuid.hex] -&gt; [org.hibernate.id.UUIDHexGenerator]
DEBUG DefaultIdentifierGeneratorFactory - Registering IdentifierGenerator strategy [hilo] -&gt; [org.hibernate.id.TableHiLoGenerator]
DEBUG DefaultIdentifierGeneratorFactory - Registering IdentifierGenerator strategy [assigned] -&gt; [org.hibernate.id.Assigned]
DEBUG DefaultIdentifierGeneratorFactory - Registering IdentifierGenerator strategy [identity] -&gt; [org.hibernate.id.IdentityGenerator]
DEBUG DefaultIdentifierGeneratorFactory - Registering IdentifierGenerator strategy [select] -&gt; [org.hibernate.id.SelectGenerator]
DEBUG DefaultIdentifierGeneratorFactory - Registering IdentifierGenerator strategy [sequence] -&gt; [org.hibernate.id.SequenceGenerator]
DEBUG DefaultIdentifierGeneratorFactory - Registering IdentifierGenerator strategy [seqhilo] -&gt; [org.hibernate.id.SequenceHiLoGenerator]
DEBUG DefaultIdentifierGeneratorFactory - Registering IdentifierGenerator strategy [increment] -&gt; [org.hibernate.id.IncrementGenerator]
DEBUG DefaultIdentifierGeneratorFactory - Registering IdentifierGenerator strategy [foreign] -&gt; [org.hibernate.id.ForeignGenerator]
DEBUG DefaultIdentifierGeneratorFactory - Registering IdentifierGenerator strategy [sequence-identity] -&gt; [org.hibernate.id.SequenceIdentityGenerator]
DEBUG DefaultIdentifierGeneratorFactory - Registering IdentifierGenerator strategy [enhanced-sequence] -&gt; [org.hibernate.id.enhanced.SequenceStyleGenerator]
DEBUG DefaultIdentifierGeneratorFactory - Registering IdentifierGenerator strategy [enhanced-table] -&gt; [org.hibernate.id.enhanced.TableGenerator]
DEBUG Ejb3Configuration - Processing PersistenceUnitInfo [
	name: default
	persistence provider classname: null
	classloader: sun.misc.Launcher$AppClassLoader@6bc7c054
	Temporary classloader: org.springframework.instrument.classloading.SimpleThrowawayClassLoader@2e570ded
	excludeUnlistedClasses: true
	JTA datasource: null
	Non JTA datasource: org.springframework.jdbc.datasource.DriverManagerDataSource@b86de0d
	Transaction type: RESOURCE_LOCAL
	PU root URL: file:/C:/Users/chq-jamesgl/STS_work2/finalprojectgleixner/target/test-classes/
	Shared Cache Mode: UNSPECIFIED
	Validation Mode: AUTO
	Jar files URLs []
	Managed classes names [
		com.expeditors.training.course3demo.model.Address
		com.expeditors.training.course3demo.model.Card
		com.expeditors.training.course3demo.model.Container
		com.expeditors.training.course3demo.model.PhoneNumber
		com.expeditors.training.course3demo.model.Product
		com.expeditors.training.course3demo.model.Shipment
		com.expeditors.training.course3demo.model.UserAccount
		com.expeditors.training.course3demo.model.UserRole]
	Mapping files names []
	Properties []
DEBUG Ejb3Configuration - Detect class: true; detect hbm: true
DEBUG AbstractJarVisitor - Searching mapped entities in jar/par: file:/C:/Users/chq-jamesgl/STS_work2/finalprojectgleixner/target/test-classes/
DEBUG AbstractJarVisitor - Filtering: com.expeditors.training.course3demo.config.PersistenceJPATestConfig
DEBUG AbstractJarVisitor - Filtering: com.expeditors.training.course3demo.config.ServiceTestConfig
DEBUG AbstractJarVisitor - Filtering: com.expeditors.training.course3demo.config.TestConfig
DEBUG AbstractJarVisitor - Filtering: com.expeditors.training.course3demo.controller.ContainerControllerTest
DEBUG AbstractJarVisitor - Filtering: com.expeditors.training.course3demo.controller.ProductControllerTest
DEBUG AbstractJarVisitor - Filtering: com.expeditors.training.course3demo.controller.ShipmentControllerTest
DEBUG AbstractJarVisitor - Filtering: com.expeditors.training.course3demo.service.ContainerServiceTest
DEBUG AbstractJarVisitor - Filtering: com.expeditors.training.course3demo.service.ProductServiceTest
DEBUG AbstractJarVisitor - Filtering: com.expeditors.training.course3demo.service.ShipmentServiceTest
DEBUG IntegratorServiceImpl - Adding Integrator [org.hibernate.cfg.beanvalidation.BeanValidationIntegrator].
DEBUG IntegratorServiceImpl - Adding Integrator [org.hibernate.ejb.event.JpaIntegrator].
DEBUG NamingHelper - No JNDI name configured for binding Ejb3Configuration
DEBUG Configuration - Preparing to build session factory with filters : {}
DEBUG Configuration - Processing hbm.xml files
DEBUG Configuration - Process annotated classes
DEBUG AnnotationBinder - Binding entity from annotated class: com.expeditors.training.course3demo.model.Address
DEBUG Ejb3Column - Binding column: Ejb3DiscriminatorColumn{logicalColumnName&apos;DTYPE&apos;, discriminatorTypeName=&apos;string&apos;}
DEBUG EntityBinder - Import with entity name Address
DEBUG EntityBinder - Bind entity com.expeditors.training.course3demo.model.Address on table ADDRESS
DEBUG Ejb3Column - Binding column: Ejb3Column{table=org.hibernate.mapping.Table(ADDRESS), mappingColumn=ADDRESS_ID, insertable=true, updatable=true, unique=false}
DEBUG PropertyBinder - MetadataSourceProcessor property id with lazy=false
DEBUG SimpleValueBinder - building SimpleValue for id
DEBUG PropertyBinder - Building property id
DEBUG Ejb3Column - Binding column: Ejb3Column{table=org.hibernate.mapping.Table(ADDRESS), mappingColumn=city, insertable=true, updatable=true, unique=false}
DEBUG PropertyBinder - MetadataSourceProcessor property city with lazy=false
DEBUG SimpleValueBinder - building SimpleValue for city
DEBUG PropertyBinder - Building property city
DEBUG Ejb3Column - Binding column: Ejb3Column{table=org.hibernate.mapping.Table(ADDRESS), mappingColumn=state, insertable=true, updatable=true, unique=false}
DEBUG PropertyBinder - MetadataSourceProcessor property state with lazy=false
DEBUG SimpleValueBinder - building SimpleValue for state
DEBUG PropertyBinder - Building property state
DEBUG Ejb3Column - Binding column: Ejb3Column{table=org.hibernate.mapping.Table(ADDRESS), mappingColumn=street, insertable=true, updatable=true, unique=false}
DEBUG PropertyBinder - MetadataSourceProcessor property street with lazy=false
DEBUG SimpleValueBinder - building SimpleValue for street
DEBUG PropertyBinder - Building property street
DEBUG AnnotationBinder - Binding entity from annotated class: com.expeditors.training.course3demo.model.Card
DEBUG Ejb3Column - Binding column: Ejb3DiscriminatorColumn{logicalColumnName&apos;DTYPE&apos;, discriminatorTypeName=&apos;string&apos;}
DEBUG EntityBinder - Import with entity name Card
DEBUG EntityBinder - Bind entity com.expeditors.training.course3demo.model.Card on table CARD
DEBUG Ejb3Column - Binding column: Ejb3Column{table=org.hibernate.mapping.Table(CARD), mappingColumn=CARD_ID, insertable=true, updatable=true, unique=false}
DEBUG PropertyBinder - MetadataSourceProcessor property id with lazy=false
DEBUG SimpleValueBinder - building SimpleValue for id
DEBUG PropertyBinder - Building property id
DEBUG Ejb3Column - Binding column: Ejb3JoinColumn{logicalColumnName=&apos;address&apos;, referencedColumn=&apos;&apos;, mappedBy=&apos;&apos;}
DEBUG Ejb3Column - Binding column: Ejb3Column{table=org.hibernate.mapping.Table(CARD), mappingColumn=address, insertable=true, updatable=true, unique=false}
DEBUG PropertyBinder - Building property address
DEBUG Ejb3Column - Binding column: Ejb3Column{table=org.hibernate.mapping.Table(CARD), mappingColumn=amount, insertable=true, updatable=true, unique=false}
DEBUG PropertyBinder - MetadataSourceProcessor property amount with lazy=false
DEBUG SimpleValueBinder - building SimpleValue for amount
DEBUG PropertyBinder - Building property amount
DEBUG Ejb3Column - Binding column: Ejb3Column{table=org.hibernate.mapping.Table(CARD), mappingColumn=CARD_NUMBER, insertable=true, updatable=true, unique=false}
DEBUG PropertyBinder - MetadataSourceProcessor property number with lazy=false
DEBUG SimpleValueBinder - building SimpleValue for number
DEBUG PropertyBinder - Building property number
DEBUG Ejb3Column - Binding column: Ejb3Column{table=org.hibernate.mapping.Table(CARD), mappingColumn=OWNER_NAME, insertable=true, updatable=true, unique=false}
DEBUG PropertyBinder - MetadataSourceProcessor property owner with lazy=false
DEBUG SimpleValueBinder - building SimpleValue for owner
DEBUG PropertyBinder - Building property owner
DEBUG Ejb3Column - Binding column: Ejb3JoinColumn{logicalColumnName=&apos;null&apos;, referencedColumn=&apos;null&apos;, mappedBy=&apos;card&apos;}
DEBUG Ejb3Column - Binding column: Ejb3Column{table=org.hibernate.mapping.Table(CARD), mappingColumn=phoneNumbers, insertable=true, updatable=true, unique=false}
DEBUG Ejb3Column - Binding column: Ejb3Column{table=org.hibernate.mapping.Table(CARD), mappingColumn=index, insertable=true, updatable=true, unique=false}
DEBUG Ejb3Column - Binding column: Ejb3Column{table=org.hibernate.mapping.Table(CARD), mappingColumn=element, insertable=true, updatable=true, unique=false}
DEBUG Ejb3Column - Binding column: Ejb3Column{table=org.hibernate.mapping.Table(CARD), mappingColumn=phoneNumbers_KEY, insertable=true, updatable=true, unique=false}
DEBUG Ejb3Column - Binding column: Ejb3JoinColumn{logicalColumnName=&apos;phoneNumbers_KEY&apos;, referencedColumn=&apos;null&apos;, mappedBy=&apos;null&apos;}
DEBUG Ejb3Column - Binding column: Ejb3JoinColumn{logicalColumnName=&apos;null&apos;, referencedColumn=&apos;null&apos;, mappedBy=&apos;card&apos;}
DEBUG Ejb3Column - Binding column: Ejb3JoinColumn{logicalColumnName=&apos;null&apos;, referencedColumn=&apos;null&apos;, mappedBy=&apos;card&apos;}
DEBUG CollectionBinder - Collection role: com.expeditors.training.course3demo.model.Card.phoneNumbers
DEBUG PropertyBinder - Building property phoneNumbers
DEBUG AnnotationBinder - Binding entity from annotated class: com.expeditors.training.course3demo.model.Container
DEBUG Ejb3Column - Binding column: Ejb3DiscriminatorColumn{logicalColumnName&apos;DTYPE&apos;, discriminatorTypeName=&apos;string&apos;}
DEBUG EntityBinder - Import with entity name Container
DEBUG EntityBinder - Bind entity com.expeditors.training.course3demo.model.Container on table Container
DEBUG Ejb3Column - Binding column: Ejb3Column{table=org.hibernate.mapping.Table(Container), mappingColumn=CONTAINER_ID, insertable=true, updatable=true, unique=false}
DEBUG PropertyBinder - MetadataSourceProcessor property id with lazy=false
DEBUG SimpleValueBinder - building SimpleValue for id
DEBUG PropertyBinder - Building property id
DEBUG Ejb3Column - Binding column: Ejb3Column{table=org.hibernate.mapping.Table(Container), mappingColumn=capacity, insertable=true, updatable=true, unique=false}
DEBUG PropertyBinder - MetadataSourceProcessor property capacity with lazy=false
DEBUG SimpleValueBinder - building SimpleValue for capacity
DEBUG PropertyBinder - Building property capacity
DEBUG Ejb3Column - Binding column: Ejb3Column{table=org.hibernate.mapping.Table(Container), mappingColumn=destination, insertable=true, updatable=true, unique=false}
DEBUG PropertyBinder - MetadataSourceProcessor property destination with lazy=false
DEBUG SimpleValueBinder - building SimpleValue for destination
DEBUG PropertyBinder - Building property destination
DEBUG Ejb3Column - Binding column: Ejb3Column{table=org.hibernate.mapping.Table(Container), mappingColumn=location, insertable=true, updatable=true, unique=false}
DEBUG PropertyBinder - MetadataSourceProcessor property location with lazy=false
DEBUG SimpleValueBinder - building SimpleValue for location
DEBUG PropertyBinder - Building property location
DEBUG Ejb3Column - Binding column: Ejb3Column{table=org.hibernate.mapping.Table(Container), mappingColumn=name, insertable=true, updatable=true, unique=false}
DEBUG PropertyBinder - MetadataSourceProcessor property name with lazy=false
DEBUG SimpleValueBinder - building SimpleValue for name
DEBUG PropertyBinder - Building property name
DEBUG Ejb3Column - Binding column: Ejb3Column{table=org.hibernate.mapping.Table(Container), mappingColumn=status, insertable=true, updatable=true, unique=false}
DEBUG PropertyBinder - MetadataSourceProcessor property status with lazy=false
DEBUG SimpleValueBinder - building SimpleValue for status
DEBUG PropertyBinder - Building property status
DEBUG AnnotationBinder - Binding entity from annotated class: com.expeditors.training.course3demo.model.PhoneNumber
DEBUG Ejb3Column - Binding column: Ejb3DiscriminatorColumn{logicalColumnName&apos;DTYPE&apos;, discriminatorTypeName=&apos;string&apos;}
DEBUG EntityBinder - Import with entity name PhoneNumber
DEBUG EntityBinder - Bind entity com.expeditors.training.course3demo.model.PhoneNumber on table PHONE_NUMBER
DEBUG Ejb3Column - Binding column: Ejb3Column{table=org.hibernate.mapping.Table(PHONE_NUMBER), mappingColumn=PHONE_NUMBER_ID, insertable=true, updatable=true, unique=false}
DEBUG PropertyBinder - MetadataSourceProcessor property id with lazy=false
DEBUG SimpleValueBinder - building SimpleValue for id
DEBUG PropertyBinder - Building property id
DEBUG Ejb3Column - Binding column: Ejb3JoinColumn{logicalColumnName=&apos;CARD_ID&apos;, referencedColumn=&apos;&apos;, mappedBy=&apos;&apos;}
DEBUG Ejb3Column - Binding column: Ejb3Column{table=org.hibernate.mapping.Table(PHONE_NUMBER), mappingColumn=card, insertable=true, updatable=true, unique=false}
DEBUG PropertyBinder - Building property card
DEBUG Ejb3Column - Binding column: Ejb3Column{table=org.hibernate.mapping.Table(PHONE_NUMBER), mappingColumn=PHONE_NUMBER, insertable=true, updatable=true, unique=false}
DEBUG PropertyBinder - MetadataSourceProcessor property number with lazy=false
DEBUG SimpleValueBinder - building SimpleValue for number
DEBUG PropertyBinder - Building property number
DEBUG AnnotationBinder - Binding entity from annotated class: com.expeditors.training.course3demo.model.Product
DEBUG Ejb3Column - Binding column: Ejb3DiscriminatorColumn{logicalColumnName&apos;DTYPE&apos;, discriminatorTypeName=&apos;string&apos;}
DEBUG EntityBinder - Import with entity name Product
DEBUG EntityBinder - Bind entity com.expeditors.training.course3demo.model.Product on table PRODUCT
DEBUG Ejb3Column - Binding column: Ejb3Column{table=org.hibernate.mapping.Table(PRODUCT), mappingColumn=PRODUCT_ID, insertable=true, updatable=true, unique=false}
DEBUG PropertyBinder - MetadataSourceProcessor property id with lazy=false
DEBUG SimpleValueBinder - building SimpleValue for id
DEBUG PropertyBinder - Building property id
DEBUG Ejb3Column - Binding column: Ejb3Column{table=org.hibernate.mapping.Table(PRODUCT), mappingColumn=description, insertable=true, updatable=true, unique=false}
DEBUG PropertyBinder - MetadataSourceProcessor property description with lazy=false
DEBUG SimpleValueBinder - building SimpleValue for description
DEBUG PropertyBinder - Building property description
DEBUG Ejb3Column - Binding column: Ejb3Column{table=org.hibernate.mapping.Table(PRODUCT), mappingColumn=name, insertable=true, updatable=true, unique=false}
DEBUG PropertyBinder - MetadataSourceProcessor property name with lazy=false
DEBUG SimpleValueBinder - building SimpleValue for name
DEBUG PropertyBinder - Building property name
DEBUG Ejb3Column - Binding column: Ejb3Column{table=org.hibernate.mapping.Table(PRODUCT), mappingColumn=price, insertable=true, updatable=true, unique=false}
DEBUG PropertyBinder - MetadataSourceProcessor property price with lazy=false
DEBUG SimpleValueBinder - building SimpleValue for price
DEBUG PropertyBinder - Building property price
DEBUG AnnotationBinder - Binding entity from annotated class: com.expeditors.training.course3demo.model.Shipment
DEBUG Ejb3Column - Binding column: Ejb3DiscriminatorColumn{logicalColumnName&apos;DTYPE&apos;, discriminatorTypeName=&apos;string&apos;}
DEBUG EntityBinder - Import with entity name Shipment
DEBUG EntityBinder - Bind entity com.expeditors.training.course3demo.model.Shipment on table Shipment
DEBUG Ejb3Column - Binding column: Ejb3Column{table=org.hibernate.mapping.Table(Shipment), mappingColumn=SHIPMENT_ID, insertable=true, updatable=true, unique=false}
DEBUG PropertyBinder - MetadataSourceProcessor property id with lazy=false
DEBUG SimpleValueBinder - building SimpleValue for id
DEBUG PropertyBinder - Building property id
DEBUG Ejb3Column - Binding column: Ejb3Column{table=org.hibernate.mapping.Table(Shipment), mappingColumn=destination, insertable=true, updatable=true, unique=false}
DEBUG PropertyBinder - MetadataSourceProcessor property destination with lazy=false
DEBUG SimpleValueBinder - building SimpleValue for destination
DEBUG PropertyBinder - Building property destination
DEBUG Ejb3Column - Binding column: Ejb3Column{table=org.hibernate.mapping.Table(Shipment), mappingColumn=name, insertable=true, updatable=true, unique=false}
DEBUG PropertyBinder - MetadataSourceProcessor property name with lazy=false
DEBUG SimpleValueBinder - building SimpleValue for name
DEBUG PropertyBinder - Building property name
DEBUG Ejb3Column - Binding column: Ejb3Column{table=org.hibernate.mapping.Table(Shipment), mappingColumn=origin, insertable=true, updatable=true, unique=false}
DEBUG PropertyBinder - MetadataSourceProcessor property origin with lazy=false
DEBUG SimpleValueBinder - building SimpleValue for origin
DEBUG PropertyBinder - Building property origin
DEBUG Ejb3Column - Binding column: Ejb3Column{table=org.hibernate.mapping.Table(Shipment), mappingColumn=volume, insertable=true, updatable=true, unique=false}
DEBUG PropertyBinder - MetadataSourceProcessor property volume with lazy=false
DEBUG SimpleValueBinder - building SimpleValue for volume
DEBUG PropertyBinder - Building property volume
DEBUG AnnotationBinder - Binding entity from annotated class: com.expeditors.training.course3demo.model.UserAccount
DEBUG Ejb3Column - Binding column: Ejb3DiscriminatorColumn{logicalColumnName&apos;DTYPE&apos;, discriminatorTypeName=&apos;string&apos;}
DEBUG EntityBinder - Import with entity name UserAccount
DEBUG EntityBinder - Bind entity com.expeditors.training.course3demo.model.UserAccount on table USERACCOUNT
DEBUG Ejb3Column - Binding column: Ejb3Column{table=org.hibernate.mapping.Table(USERACCOUNT), mappingColumn=USER_ID, insertable=true, updatable=true, unique=false}
DEBUG PropertyBinder - MetadataSourceProcessor property id with lazy=false
DEBUG SimpleValueBinder - building SimpleValue for id
DEBUG PropertyBinder - Building property id
DEBUG Ejb3Column - Binding column: Ejb3Column{table=org.hibernate.mapping.Table(USERACCOUNT), mappingColumn=enabled, insertable=true, updatable=true, unique=false}
DEBUG PropertyBinder - MetadataSourceProcessor property enabled with lazy=false
DEBUG SimpleValueBinder - building SimpleValue for enabled
DEBUG PropertyBinder - Building property enabled
DEBUG Ejb3Column - Binding column: Ejb3Column{table=org.hibernate.mapping.Table(USERACCOUNT), mappingColumn=password, insertable=true, updatable=true, unique=false}
DEBUG PropertyBinder - MetadataSourceProcessor property password with lazy=false
DEBUG SimpleValueBinder - building SimpleValue for password
DEBUG PropertyBinder - Building property password
DEBUG Ejb3Column - Binding column: Ejb3JoinColumn{logicalColumnName=&apos;null&apos;, referencedColumn=&apos;null&apos;, mappedBy=&apos;userAccount&apos;}
DEBUG Ejb3Column - Binding column: Ejb3Column{table=org.hibernate.mapping.Table(USERACCOUNT), mappingColumn=userRoles, insertable=true, updatable=true, unique=false}
DEBUG Ejb3Column - Binding column: Ejb3Column{table=org.hibernate.mapping.Table(USERACCOUNT), mappingColumn=null, insertable=true, updatable=true, unique=false}
DEBUG Ejb3Column - Binding column: Ejb3Column{table=org.hibernate.mapping.Table(USERACCOUNT), mappingColumn=element, insertable=true, updatable=true, unique=false}
DEBUG Ejb3Column - Binding column: Ejb3Column{table=org.hibernate.mapping.Table(USERACCOUNT), mappingColumn=userRoles_KEY, insertable=true, updatable=true, unique=false}
DEBUG Ejb3Column - Binding column: Ejb3JoinColumn{logicalColumnName=&apos;userRoles_KEY&apos;, referencedColumn=&apos;null&apos;, mappedBy=&apos;null&apos;}
DEBUG Ejb3Column - Binding column: Ejb3JoinColumn{logicalColumnName=&apos;null&apos;, referencedColumn=&apos;null&apos;, mappedBy=&apos;userAccount&apos;}
DEBUG Ejb3Column - Binding column: Ejb3JoinColumn{logicalColumnName=&apos;null&apos;, referencedColumn=&apos;null&apos;, mappedBy=&apos;userAccount&apos;}
DEBUG CollectionBinder - Collection role: com.expeditors.training.course3demo.model.UserAccount.userRoles
DEBUG PropertyBinder - Building property userRoles
DEBUG Ejb3Column - Binding column: Ejb3Column{table=org.hibernate.mapping.Table(USERACCOUNT), mappingColumn=username, insertable=true, updatable=true, unique=false}
DEBUG PropertyBinder - MetadataSourceProcessor property username with lazy=false
DEBUG SimpleValueBinder - building SimpleValue for username
DEBUG PropertyBinder - Building property username
DEBUG AnnotationBinder - Binding entity from annotated class: com.expeditors.training.course3demo.model.UserRole
DEBUG Ejb3Column - Binding column: Ejb3DiscriminatorColumn{logicalColumnName&apos;DTYPE&apos;, discriminatorTypeName=&apos;string&apos;}
DEBUG EntityBinder - Import with entity name UserRole
DEBUG EntityBinder - Bind entity com.expeditors.training.course3demo.model.UserRole on table USERROLE
DEBUG Ejb3Column - Binding column: Ejb3Column{table=org.hibernate.mapping.Table(USERROLE), mappingColumn=ROLE_ID, insertable=true, updatable=true, unique=false}
DEBUG PropertyBinder - MetadataSourceProcessor property id with lazy=false
DEBUG SimpleValueBinder - building SimpleValue for id
DEBUG PropertyBinder - Building property id
DEBUG Ejb3Column - Binding column: Ejb3Column{table=org.hibernate.mapping.Table(USERROLE), mappingColumn=ROLE_NAME, insertable=true, updatable=true, unique=false}
DEBUG PropertyBinder - MetadataSourceProcessor property role with lazy=false
DEBUG SimpleValueBinder - building SimpleValue for role
DEBUG PropertyBinder - Building property role
DEBUG Ejb3Column - Binding column: Ejb3JoinColumn{logicalColumnName=&apos;ROLE_OWNER&apos;, referencedColumn=&apos;&apos;, mappedBy=&apos;&apos;}
DEBUG Ejb3Column - Binding column: Ejb3Column{table=org.hibernate.mapping.Table(USERROLE), mappingColumn=userAccount, insertable=true, updatable=true, unique=false}
DEBUG PropertyBinder - Building property userAccount
DEBUG SimpleValueBinder - Setting SimpleValue typeName for id
DEBUG SimpleValueBinder - Setting SimpleValue typeName for city
DEBUG SimpleValueBinder - Setting SimpleValue typeName for state
DEBUG SimpleValueBinder - Setting SimpleValue typeName for street
DEBUG SimpleValueBinder - Setting SimpleValue typeName for id
DEBUG SimpleValueBinder - Setting SimpleValue typeName for amount
DEBUG SimpleValueBinder - Setting SimpleValue typeName for number
DEBUG SimpleValueBinder - Setting SimpleValue typeName for owner
DEBUG SimpleValueBinder - Setting SimpleValue typeName for id
DEBUG SimpleValueBinder - Setting SimpleValue typeName for capacity
DEBUG SimpleValueBinder - Setting SimpleValue typeName for destination
DEBUG SimpleValueBinder - Setting SimpleValue typeName for location
DEBUG SimpleValueBinder - Setting SimpleValue typeName for name
DEBUG SimpleValueBinder - Setting SimpleValue typeName for status
DEBUG SimpleValueBinder - Setting SimpleValue typeName for id
DEBUG SimpleValueBinder - Setting SimpleValue typeName for number
DEBUG SimpleValueBinder - Setting SimpleValue typeName for id
DEBUG SimpleValueBinder - Setting SimpleValue typeName for description
DEBUG SimpleValueBinder - Setting SimpleValue typeName for name
DEBUG SimpleValueBinder - Setting SimpleValue typeName for price
DEBUG SimpleValueBinder - Setting SimpleValue typeName for id
DEBUG SimpleValueBinder - Setting SimpleValue typeName for destination
DEBUG SimpleValueBinder - Setting SimpleValue typeName for name
DEBUG SimpleValueBinder - Setting SimpleValue typeName for origin
DEBUG SimpleValueBinder - Setting SimpleValue typeName for volume
DEBUG SimpleValueBinder - Setting SimpleValue typeName for id
DEBUG SimpleValueBinder - Setting SimpleValue typeName for enabled
DEBUG SimpleValueBinder - Setting SimpleValue typeName for password
DEBUG SimpleValueBinder - Setting SimpleValue typeName for username
DEBUG SimpleValueBinder - Setting SimpleValue typeName for id
DEBUG SimpleValueBinder - Setting SimpleValue typeName for role
DEBUG Configuration - Processing fk mappings (*ToOne and JoinedSubclass)
DEBUG Configuration - Processing extends queue
DEBUG Configuration - Processing extends queue
DEBUG Configuration - Processing collection mappings
DEBUG CollectionSecondPass - Second pass for collection: com.expeditors.training.course3demo.model.Card.phoneNumbers
DEBUG CollectionBinder - Binding a OneToMany: com.expeditors.training.course3demo.model.Card.phoneNumbers through a foreign key
DEBUG CollectionBinder - Mapping collection: com.expeditors.training.course3demo.model.Card.phoneNumbers -&gt; PHONE_NUMBER
DEBUG TableBinder - Retrieving property com.expeditors.training.course3demo.model.PhoneNumber.card
DEBUG SimpleValueBinder - building SimpleValue for null
DEBUG SimpleValueBinder - Setting SimpleValue typeName for null
DEBUG CollectionSecondPass - Mapped collection key: CARD_ID, index: index, one-to-many: com.expeditors.training.course3demo.model.PhoneNumber
DEBUG CollectionSecondPass - Second pass for collection: com.expeditors.training.course3demo.model.UserAccount.userRoles
DEBUG CollectionBinder - Binding a OneToMany: com.expeditors.training.course3demo.model.UserAccount.userRoles through a foreign key
DEBUG CollectionBinder - Mapping collection: com.expeditors.training.course3demo.model.UserAccount.userRoles -&gt; USERROLE
DEBUG TableBinder - Retrieving property com.expeditors.training.course3demo.model.UserRole.userAccount
DEBUG CollectionSecondPass - Mapped collection key: ROLE_OWNER, one-to-many: com.expeditors.training.course3demo.model.UserRole
DEBUG Configuration - Processing native query and ResultSetMapping mappings
DEBUG Configuration - Processing association property references
DEBUG Configuration - Creating tables&apos; unique integer identifiers
DEBUG Configuration - Processing foreign key constraints
DEBUG Configuration - Resolving reference to class: com.expeditors.training.course3demo.model.Address
DEBUG Configuration - Resolving reference to class: com.expeditors.training.course3demo.model.Card
DEBUG Configuration - Resolving reference to class: com.expeditors.training.course3demo.model.UserAccount
INFO  ConnectionProviderInitiator - HHH000130: Instantiating explicit connection provider: org.hibernate.ejb.connection.InjectedDataSourceConnectionProvider
DEBUG DriverManagerDataSource - Creating new JDBC DriverManager Connection to [jdbc:hsqldb:mem:paging]
DEBUG JdbcServicesImpl - Database -&gt;
       name : HSQL Database Engine
    version : 2.2.4
      major : 2
      minor : 2
DEBUG JdbcServicesImpl - Driver -&gt;
       name : HSQL Database Engine Driver
    version : 2.2.4
      major : 2
      minor : 2
DEBUG JdbcServicesImpl - JDBC version : 4.0
INFO  Dialect - HHH000400: Using dialect: org.hibernate.dialect.HSQLDialect
DEBUG SettingsFactory - Automatic flush during beforeCompletion(): disabled
DEBUG SettingsFactory - Automatic session close at end of transaction: disabled
DEBUG SettingsFactory - JDBC batch size: 15
DEBUG SettingsFactory - JDBC batch updates for versioned data: disabled
DEBUG SettingsFactory - Scrollable result sets: enabled
DEBUG SettingsFactory - Wrap result sets: disabled
DEBUG SettingsFactory - JDBC3 getGeneratedKeys(): enabled
DEBUG SettingsFactory - multi-tenancy strategy : NONE
DEBUG SettingsFactory - Connection release mode: auto
INFO  TransactionFactoryInitiator - HHH000268: Transaction strategy: org.hibernate.engine.transaction.internal.jdbc.JdbcTransactionFactory
DEBUG SettingsFactory - Using BatchFetchStyle : LEGACY
DEBUG SettingsFactory - Default batch fetch size: 1
DEBUG SettingsFactory - Generate SQL with comments: disabled
DEBUG SettingsFactory - Order SQL updates by primary key: disabled
DEBUG SettingsFactory - Order SQL inserts for batching: disabled
DEBUG SettingsFactory - Default null ordering: none
DEBUG SettingsFactory - Query translator: org.hibernate.hql.internal.ast.ASTQueryTranslatorFactory
INFO  ASTQueryTranslatorFactory - HHH000397: Using ASTQueryTranslatorFactory
DEBUG SettingsFactory - Query language substitutions: {}
DEBUG SettingsFactory - JPA-QL strict compliance: enabled
DEBUG SettingsFactory - Second-level cache: enabled
DEBUG SettingsFactory - Query cache: disabled
DEBUG SettingsFactory - Cache region factory : org.hibernate.cache.internal.NoCachingRegionFactory
DEBUG SettingsFactory - org.hibernate.cache.internal.NoCachingRegionFactory did not provide constructor accepting java.util.Properties; attempting no-arg constructor.
DEBUG SettingsFactory - Optimize cache for minimal puts: disabled
DEBUG SettingsFactory - Structured second-level cache entries: disabled
DEBUG SettingsFactory - Second-level cache direct-reference entries: disabled
DEBUG SettingsFactory - Statistics: disabled
DEBUG SettingsFactory - Deleted entity synthetic identifier rollback: disabled
DEBUG SettingsFactory - Default entity-mode: pojo
DEBUG SettingsFactory - Named query checking : enabled
DEBUG SettingsFactory - Check Nullability in Core (should be disabled when Bean Validation is on): enabled
DEBUG SettingsFactory - Allow initialization of lazy state outside session : : disabled
DEBUG SettingsFactory - JTA Track by Thread: enabled
DEBUG SessionFactoryImpl - Building session factory
DEBUG SessionFactoryImpl - Session factory constructed with filter configurations : {}
DEBUG SessionFactoryImpl - Instantiating session factory with properties: {java.vendor=Oracle Corporation, localRepository=C:\Users\chq-jamesgl\.m2\repository, hibernate=org.hibernate.dialect.HSQLDialect, sun.java.launcher=SUN_STANDARD, sun.management.compiler=HotSpot 64-Bit Tiered Compilers, hibernate.ejb.discard_pc_on_close=false, hibernate.transaction.flush_before_completion=false, os.name=Windows 7, sun.boot.class.path=C:\Program Files\Java\jdk1.8.0_20\jre\lib\resources.jar;C:\Program Files\Java\jdk1.8.0_20\jre\lib\rt.jar;C:\Program Files\Java\jdk1.8.0_20\jre\lib\sunrsasign.jar;C:\Program Files\Java\jdk1.8.0_20\jre\lib\jsse.jar;C:\Program Files\Java\jdk1.8.0_20\jre\lib\jce.jar;C:\Program Files\Java\jdk1.8.0_20\jre\lib\charsets.jar;C:\Program Files\Java\jdk1.8.0_20\jre\lib\jfr.jar;C:\Program Files\Java\jdk1.8.0_20\jre\classes, sun.desktop=windows, java.vm.specification.vendor=Oracle Corporation, java.runtime.version=1.8.0_20-b26, hibernate.connection.autocommit=true, user.name=chq-jamesgl, javax.persistence.validation.mode=AUTO, hibernate.connection.release_mode=auto, user.language=en, sun.boot.library.path=C:\Program Files\Java\jdk1.8.0_20\jre\bin, java.version=1.8.0_20, user.timezone=America/Los_Angeles, sun.arch.data.model=64, java.endorsed.dirs=C:\Program Files\Java\jdk1.8.0_20\jre\lib\endorsed, sun.cpu.isalist=amd64, sun.jnu.encoding=Cp1252, file.encoding.pkg=sun.io, file.separator=\, java.specification.name=Java Platform API Specification, java.class.version=52.0, user.country=US, java.home=C:\Program Files\Java\jdk1.8.0_20\jre, java.vm.info=mixed mode, os.version=6.1, hibernate.transaction.factory_class=org.hibernate.engine.transaction.internal.jdbc.JdbcTransactionFactory, hibernate.connection.datasource=org.springframework.jdbc.datasource.DriverManagerDataSource@b86de0d, surefire.real.class.path=C:\Users\chq-jamesgl\STS_work2\finalprojectgleixner\target\surefire\surefirebooter2652706606512848435.jar, hibernate.query.jpaql_strict_compliance=true, path.separator=;, java.vm.version=25.20-b23, user.variant=, java.awt.printerjob=sun.awt.windows.WPrinterJob, sun.io.unicode.encoding=UnicodeLittle, awt.toolkit=sun.awt.windows.WToolkit, user.script=, user.home=C:\Users\chq-jamesgl, java.specification.vendor=Oracle Corporation, hibernate.hbm2ddl.auto=create-drop, java.library.path=C:\Program Files\Java\jdk1.8.0_20\jre\bin;C:\WINDOWS\Sun\Java\bin;C:\WINDOWS\system32;C:\WINDOWS;C:/Program Files/Java/jdk1.7.0_45/bin/../jre/bin/server;C:/Program Files/Java/jdk1.7.0_45/bin/../jre/bin;C:/Program Files/Java/jdk1.7.0_45/bin/../jre/lib/amd64;C:\Program Files\spring-1.2.1.RELEASE\bin;C:\Maven\apache-maven-3.0.5\bin;C:\Program Files\Java\jdk1.7.0_45\bin;C:\ProgramData\Oracle\Java\javapath;C:\Program Files (x86)\Intel\iCLS Client\;C:\Program Files\Intel\iCLS Client\;C:\WINDOWS\system32;C:\WINDOWS;C:\WINDOWS\System32\Wbem;C:\WINDOWS\System32\WindowsPowerShell\v1.0\;C:\Program Files\Intel\DMIX;C:\WINDOWS\CCM;C:\WINDOWS\CCM;C:\WINDOWS\CCM;C:\WINDOWS\CCM;C:\WINDOWS\CCM;C:\WINDOWS\CCM;C:\WINDOWS\CCM;C:\PROGRA~2\IBM\SQLLIB\BIN;C:\PROGRA~2\IBM\SQLLIB\FUNCTION;C:\PROGRA~2\IBM\SQLLIB\SAMPLES\REPL;C:\Program Files\Intel\Intel(R) Management Engine Components\DAL;C:\Program Files\Intel\Intel(R) Management Engine Components\IPT;C:\Program Files (x86)\Intel\Intel(R) Management Engine Components\DAL;C:\Program Files (x86)\Intel\Intel(R) Management Engine Components\IPT;C:\Program Files\Microsoft\Web Platform Installer\;C:\Program Files\TortoiseSVN\bin;C:\Users\chq-jamesgl\Documents\STS2\sts-bundle\sts-3.6.3.SR1;;., java.vendor.url=http://java.oracle.com/, java.vm.vendor=Oracle Corporation, java.runtime.name=Java(TM) SE Runtime Environment, sun.java.command=C:\Users\chq-jamesgl\STS_work2\finalprojectgleixner\target\surefire\surefirebooter2652706606512848435.jar C:\Users\chq-jamesgl\STS_work2\finalprojectgleixner\target\surefire\surefire292260823960733787tmp C:\Users\chq-jamesgl\STS_work2\finalprojectgleixner\target\surefire\surefire_03224240600998134897tmp, java.class.path=C:\Users\chq-jamesgl\STS_work2\finalprojectgleixner\target\test-classes;C:\Users\chq-jamesgl\STS_work2\finalprojectgleixner\target\classes;C:\Users\chq-jamesgl\.m2\repository\org\springframework\spring-webmvc\3.2.3.RELEASE\spring-webmvc-3.2.3.RELEASE.jar;C:\Users\chq-jamesgl\.m2\repository\org\springframework\spring-beans\3.2.3.RELEASE\spring-beans-3.2.3.RELEASE.jar;C:\Users\chq-jamesgl\.m2\repository\org\springframework\spring-context\3.2.3.RELEASE\spring-context-3.2.3.RELEASE.jar;C:\Users\chq-jamesgl\.m2\repository\org\springframework\spring-core\3.2.3.RELEASE\spring-core-3.2.3.RELEASE.jar;C:\Users\chq-jamesgl\.m2\repository\commons-logging\commons-logging\1.1.1\commons-logging-1.1.1.jar;C:\Users\chq-jamesgl\.m2\repository\org\springframework\spring-expression\3.2.3.RELEASE\spring-expression-3.2.3.RELEASE.jar;C:\Users\chq-jamesgl\.m2\repository\org\springframework\spring-web\3.2.3.RELEASE\spring-web-3.2.3.RELEASE.jar;C:\Users\chq-jamesgl\.m2\repository\org\springframework\security\spring-security-web\3.2.3.RELEASE\spring-security-web-3.2.3.RELEASE.jar;C:\Users\chq-jamesgl\.m2\repository\aopalliance\aopalliance\1.0\aopalliance-1.0.jar;C:\Users\chq-jamesgl\.m2\repository\org\springframework\security\spring-security-core\3.2.3.RELEASE\spring-security-core-3.2.3.RELEASE.jar;C:\Users\chq-jamesgl\.m2\repository\org\springframework\security\spring-security-config\3.2.3.RELEASE\spring-security-config-3.2.3.RELEASE.jar;C:\Users\chq-jamesgl\.m2\repository\org\springframework\security\spring-security-taglibs\3.2.3.RELEASE\spring-security-taglibs-3.2.3.RELEASE.jar;C:\Users\chq-jamesgl\.m2\repository\org\springframework\security\spring-security-acl\3.2.3.RELEASE\spring-security-acl-3.2.3.RELEASE.jar;C:\Users\chq-jamesgl\.m2\repository\javax\servlet\jstl\1.2\jstl-1.2.jar;C:\Users\chq-jamesgl\.m2\repository\javax\servlet\servlet-api\2.5\servlet-api-2.5.jar;C:\Users\chq-jamesgl\.m2\repository\javax\servlet\jsp\jsp-api\2.2\jsp-api-2.2.jar;C:\Users\chq-jamesgl\.m2\repository\org\springframework\spring-tx\3.2.3.RELEASE\spring-tx-3.2.3.RELEASE.jar;C:\Users\chq-jamesgl\.m2\repository\org\springframework\spring-orm\3.2.3.RELEASE\spring-orm-3.2.3.RELEASE.jar;C:\Users\chq-jamesgl\.m2\repository\org\springframework\spring-jdbc\3.2.3.RELEASE\spring-jdbc-3.2.3.RELEASE.jar;C:\Users\chq-jamesgl\.m2\repository\org\springframework\spring-aop\3.2.3.RELEASE\spring-aop-3.2.3.RELEASE.jar;C:\Users\chq-jamesgl\.m2\repository\org\springframework\data\spring-data-jpa\1.3.1.RELEASE\spring-data-jpa-1.3.1.RELEASE.jar;C:\Users\chq-jamesgl\.m2\repository\org\springframework\data\spring-data-commons\1.5.1.RELEASE\spring-data-commons-1.5.1.RELEASE.jar;C:\Users\chq-jamesgl\.m2\repository\org\aspectj\aspectjrt\1.7.2\aspectjrt-1.7.2.jar;C:\Users\chq-jamesgl\.m2\repository\org\slf4j\jcl-over-slf4j\1.7.1\jcl-over-slf4j-1.7.1.jar;C:\Users\chq-jamesgl\.m2\repository\org\slf4j\slf4j-api\1.7.5\slf4j-api-1.7.5.jar;C:\Users\chq-jamesgl\.m2\repository\ch\qos\logback\logback-classic\1.0.13\logback-classic-1.0.13.jar;C:\Users\chq-jamesgl\.m2\repository\ch\qos\logback\logback-core\1.0.13\logback-core-1.0.13.jar;C:\Users\chq-jamesgl\.m2\repository\org\hibernate\hibernate-entitymanager\4.2.1.Final\hibernate-entitymanager-4.2.1.Final.jar;C:\Users\chq-jamesgl\.m2\repository\org\jboss\logging\jboss-logging\3.1.0.GA\jboss-logging-3.1.0.GA.jar;C:\Users\chq-jamesgl\.m2\repository\org\hibernate\hibernate-core\4.2.1.Final\hibernate-core-4.2.1.Final.jar;C:\Users\chq-jamesgl\.m2\repository\antlr\antlr\2.7.7\antlr-2.7.7.jar;C:\Users\chq-jamesgl\.m2\repository\dom4j\dom4j\1.6.1\dom4j-1.6.1.jar;C:\Users\chq-jamesgl\.m2\repository\org\jboss\spec\javax\transaction\jboss-transaction-api_1.1_spec\1.0.1.Final\jboss-transaction-api_1.1_spec-1.0.1.Final.jar;C:\Users\chq-jamesgl\.m2\repository\org\hibernate\javax\persistence\hibernate-jpa-2.0-api\1.0.1.Final\hibernate-jpa-2.0-api-1.0.1.Final.jar;C:\Users\chq-jamesgl\.m2\repository\org\javassist\javassist\3.15.0-GA\javassist-3.15.0-GA.jar;C:\Users\chq-jamesgl\.m2\repository\org\hibernate\common\hibernate-commons-annotations\4.0.1.Final\hibernate-commons-annotations-4.0.1.Final.jar;C:\Users\chq-jamesgl\.m2\repository\javax\validation\validation-api\1.1.0.Final\validation-api-1.1.0.Final.jar;C:\Users\chq-jamesgl\.m2\repository\org\hibernate\hibernate-validator\4.2.0.Final\hibernate-validator-4.2.0.Final.jar;C:\Users\chq-jamesgl\.m2\repository\org\hsqldb\hsqldb\2.2.4\hsqldb-2.2.4.jar;C:\Users\chq-jamesgl\.m2\repository\org\dbunit\dbunit\2.5.0\dbunit-2.5.0.jar;C:\Users\chq-jamesgl\.m2\repository\commons-collections\commons-collections\3.2.1\commons-collections-3.2.1.jar;C:\Users\chq-jamesgl\.m2\repository\com\github\springtestdbunit\spring-test-dbunit\1.2.0\spring-test-dbunit-1.2.0.jar;C:\Users\chq-jamesgl\.m2\repository\org\springframework\spring-test\3.2.3.RELEASE\spring-test-3.2.3.RELEASE.jar;C:\Users\chq-jamesgl\.m2\repository\org\hamcrest\hamcrest-all\1.3\hamcrest-all-1.3.jar;C:\Users\chq-jamesgl\.m2\repository\junit\junit\4.11\junit-4.11.jar;C:\Users\chq-jamesgl\.m2\repository\org\hamcrest\hamcrest-core\1.3\hamcrest-core-1.3.jar;C:\Users\chq-jamesgl\.m2\repository\org\mockito\mockito-core\1.9.5\mockito-core-1.9.5.jar;C:\Users\chq-jamesgl\.m2\repository\org\objenesis\objenesis\1.0\objenesis-1.0.jar;C:\Users\chq-jamesgl\.m2\repository\org\apache\derby\derbyclient\10.11.1.1\derbyclient-10.11.1.1.jar;C:\Users\chq-jamesgl\.m2\repository\org\sitemesh\sitemesh\3.0-alpha-2\sitemesh-3.0-alpha-2.jar;, hibernate.bytecode.use_reflection_optimizer=false, java.vm.specification.name=Java Virtual Machine Specification, java.vm.specification.version=1.8, sun.cpu.endian=little, sun.os.patch.level=Service Pack 1, hibernate.connection.provider_class=org.hibernate.ejb.connection.InjectedDataSourceConnectionProvider, surefire.test.class.path=C:\Users\chq-jamesgl\STS_work2\finalprojectgleixner\target\test-classes;C:\Users\chq-jamesgl\STS_work2\finalprojectgleixner\target\classes;C:\Users\chq-jamesgl\.m2\repository\org\springframework\spring-webmvc\3.2.3.RELEASE\spring-webmvc-3.2.3.RELEASE.jar;C:\Users\chq-jamesgl\.m2\repository\org\springframework\spring-beans\3.2.3.RELEASE\spring-beans-3.2.3.RELEASE.jar;C:\Users\chq-jamesgl\.m2\repository\org\springframework\spring-context\3.2.3.RELEASE\spring-context-3.2.3.RELEASE.jar;C:\Users\chq-jamesgl\.m2\repository\org\springframework\spring-core\3.2.3.RELEASE\spring-core-3.2.3.RELEASE.jar;C:\Users\chq-jamesgl\.m2\repository\commons-logging\commons-logging\1.1.1\commons-logging-1.1.1.jar;C:\Users\chq-jamesgl\.m2\repository\org\springframework\spring-expression\3.2.3.RELEASE\spring-expression-3.2.3.RELEASE.jar;C:\Users\chq-jamesgl\.m2\repository\org\springframework\spring-web\3.2.3.RELEASE\spring-web-3.2.3.RELEASE.jar;C:\Users\chq-jamesgl\.m2\repository\org\springframework\security\spring-security-web\3.2.3.RELEASE\spring-security-web-3.2.3.RELEASE.jar;C:\Users\chq-jamesgl\.m2\repository\aopalliance\aopalliance\1.0\aopalliance-1.0.jar;C:\Users\chq-jamesgl\.m2\repository\org\springframework\security\spring-security-core\3.2.3.RELEASE\spring-security-core-3.2.3.RELEASE.jar;C:\Users\chq-jamesgl\.m2\repository\org\springframework\security\spring-security-config\3.2.3.RELEASE\spring-security-config-3.2.3.RELEASE.jar;C:\Users\chq-jamesgl\.m2\repository\org\springframework\security\spring-security-taglibs\3.2.3.RELEASE\spring-security-taglibs-3.2.3.RELEASE.jar;C:\Users\chq-jamesgl\.m2\repository\org\springframework\security\spring-security-acl\3.2.3.RELEASE\spring-security-acl-3.2.3.RELEASE.jar;C:\Users\chq-jamesgl\.m2\repository\javax\servlet\jstl\1.2\jstl-1.2.jar;C:\Users\chq-jamesgl\.m2\repository\javax\servlet\servlet-api\2.5\servlet-api-2.5.jar;C:\Users\chq-jamesgl\.m2\repository\javax\servlet\jsp\jsp-api\2.2\jsp-api-2.2.jar;C:\Users\chq-jamesgl\.m2\repository\org\springframework\spring-tx\3.2.3.RELEASE\spring-tx-3.2.3.RELEASE.jar;C:\Users\chq-jamesgl\.m2\repository\org\springframework\spring-orm\3.2.3.RELEASE\spring-orm-3.2.3.RELEASE.jar;C:\Users\chq-jamesgl\.m2\repository\org\springframework\spring-jdbc\3.2.3.RELEASE\spring-jdbc-3.2.3.RELEASE.jar;C:\Users\chq-jamesgl\.m2\repository\org\springframework\spring-aop\3.2.3.RELEASE\spring-aop-3.2.3.RELEASE.jar;C:\Users\chq-jamesgl\.m2\repository\org\springframework\data\spring-data-jpa\1.3.1.RELEASE\spring-data-jpa-1.3.1.RELEASE.jar;C:\Users\chq-jamesgl\.m2\repository\org\springframework\data\spring-data-commons\1.5.1.RELEASE\spring-data-commons-1.5.1.RELEASE.jar;C:\Users\chq-jamesgl\.m2\repository\org\aspectj\aspectjrt\1.7.2\aspectjrt-1.7.2.jar;C:\Users\chq-jamesgl\.m2\repository\org\slf4j\jcl-over-slf4j\1.7.1\jcl-over-slf4j-1.7.1.jar;C:\Users\chq-jamesgl\.m2\repository\org\slf4j\slf4j-api\1.7.5\slf4j-api-1.7.5.jar;C:\Users\chq-jamesgl\.m2\repository\ch\qos\logback\logback-classic\1.0.13\logback-classic-1.0.13.jar;C:\Users\chq-jamesgl\.m2\repository\ch\qos\logback\logback-core\1.0.13\logback-core-1.0.13.jar;C:\Users\chq-jamesgl\.m2\repository\org\hibernate\hibernate-entitymanager\4.2.1.Final\hibernate-entitymanager-4.2.1.Final.jar;C:\Users\chq-jamesgl\.m2\repository\org\jboss\logging\jboss-logging\3.1.0.GA\jboss-logging-3.1.0.GA.jar;C:\Users\chq-jamesgl\.m2\repository\org\hibernate\hibernate-core\4.2.1.Final\hibernate-core-4.2.1.Final.jar;C:\Users\chq-jamesgl\.m2\repository\antlr\antlr\2.7.7\antlr-2.7.7.jar;C:\Users\chq-jamesgl\.m2\repository\dom4j\dom4j\1.6.1\dom4j-1.6.1.jar;C:\Users\chq-jamesgl\.m2\repository\org\jboss\spec\javax\transaction\jboss-transaction-api_1.1_spec\1.0.1.Final\jboss-transaction-api_1.1_spec-1.0.1.Final.jar;C:\Users\chq-jamesgl\.m2\repository\org\hibernate\javax\persistence\hibernate-jpa-2.0-api\1.0.1.Final\hibernate-jpa-2.0-api-1.0.1.Final.jar;C:\Users\chq-jamesgl\.m2\repository\org\javassist\javassist\3.15.0-GA\javassist-3.15.0-GA.jar;C:\Users\chq-jamesgl\.m2\repository\org\hibernate\common\hibernate-commons-annotations\4.0.1.Final\hibernate-commons-annotations-4.0.1.Final.jar;C:\Users\chq-jamesgl\.m2\repository\javax\validation\validation-api\1.1.0.Final\validation-api-1.1.0.Final.jar;C:\Users\chq-jamesgl\.m2\repository\org\hibernate\hibernate-validator\4.2.0.Final\hibernate-validator-4.2.0.Final.jar;C:\Users\chq-jamesgl\.m2\repository\org\hsqldb\hsqldb\2.2.4\hsqldb-2.2.4.jar;C:\Users\chq-jamesgl\.m2\repository\org\dbunit\dbunit\2.5.0\dbunit-2.5.0.jar;C:\Users\chq-jamesgl\.m2\repository\commons-collections\commons-collections\3.2.1\commons-collections-3.2.1.jar;C:\Users\chq-jamesgl\.m2\repository\com\github\springtestdbunit\spring-test-dbunit\1.2.0\spring-test-dbunit-1.2.0.jar;C:\Users\chq-jamesgl\.m2\repository\org\springframework\spring-test\3.2.3.RELEASE\spring-test-3.2.3.RELEASE.jar;C:\Users\chq-jamesgl\.m2\repository\org\hamcrest\hamcrest-all\1.3\hamcrest-all-1.3.jar;C:\Users\chq-jamesgl\.m2\repository\junit\junit\4.11\junit-4.11.jar;C:\Users\chq-jamesgl\.m2\repository\org\hamcrest\hamcrest-core\1.3\hamcrest-core-1.3.jar;C:\Users\chq-jamesgl\.m2\repository\org\mockito\mockito-core\1.9.5\mockito-core-1.9.5.jar;C:\Users\chq-jamesgl\.m2\repository\org\objenesis\objenesis\1.0\objenesis-1.0.jar;C:\Users\chq-jamesgl\.m2\repository\org\apache\derby\derbyclient\10.11.1.1\derbyclient-10.11.1.1.jar;C:\Users\chq-jamesgl\.m2\repository\org\sitemesh\sitemesh\3.0-alpha-2\sitemesh-3.0-alpha-2.jar;, java.io.tmpdir=C:\Users\CHQ-JA~1\AppData\Local\Temp\, java.vendor.url.bug=http://bugreport.sun.com/bugreport/, javax.persistence.sharedCache.mode=UNSPECIFIED, os.arch=amd64, java.awt.graphicsenv=sun.awt.Win32GraphicsEnvironment, java.ext.dirs=C:\Program Files\Java\jdk1.8.0_20\jre\lib\ext;C:\WINDOWS\Sun\Java\lib\ext, user.dir=C:\Users\chq-jamesgl\STS_work2\finalprojectgleixner, line.separator=
, java.vm.name=Java HotSpot(TM) 64-Bit Server VM, basedir=C:\Users\chq-jamesgl\STS_work2\finalprojectgleixner, file.encoding=Cp1252, hibernate.use_identifier_rollback=false, java.specification.version=1.8, hibernate.show_sql=true}
INFO  Version - Hibernate Validator 4.2.0.Final
DEBUG DefaultTraversableResolver - Found javax.persistence.Persistence on classpath containing &apos;getPersistenceUtil&apos;. Assuming JPA 2 environment. Trying to instantiate JPA aware TraversableResolver
DEBUG DefaultTraversableResolver - Instantiated JPA aware TraversableResolver of type org.hibernate.validator.engine.resolver.JPATraversableResolver.
DEBUG ValidationXmlParser - Trying to load META-INF/validation.xml for XML based Validator configuration.
DEBUG ValidationXmlParser - No META-INF/validation.xml found. Using annotation based configuration only
DEBUG DefaultTraversableResolver - Found javax.persistence.Persistence on classpath containing &apos;getPersistenceUtil&apos;. Assuming JPA 2 environment. Trying to instantiate JPA aware TraversableResolver
DEBUG DefaultTraversableResolver - Instantiated JPA aware TraversableResolver of type org.hibernate.validator.engine.resolver.JPATraversableResolver.
DEBUG ValidationXmlParser - Trying to load META-INF/validation.xml for XML based Validator configuration.
DEBUG ValidationXmlParser - No META-INF/validation.xml found. Using annotation based configuration only
DEBUG ConstraintDescriptorImpl - Adding composing constraint: ConstraintDescriptorImpl{annotation=javax.validation.constraints.NotNull, payloads=[], hasComposingConstraints=true, isReportAsSingleInvalidConstraint=false, elementType=FIELD, definedOn=DEFINED_LOCALLY, groups=[interface javax.validation.groups.Default], attributes={message={javax.validation.constraints.NotNull.message}, groups=[Ljava.lang.Class;@cf65451, payload=[Ljava.lang.Class;@724f138e}}
DEBUG ConstraintDescriptorImpl - Adding composing constraint: ConstraintDescriptorImpl{annotation=javax.validation.constraints.Size, payloads=[], hasComposingConstraints=true, isReportAsSingleInvalidConstraint=false, elementType=FIELD, definedOn=DEFINED_LOCALLY, groups=[interface javax.validation.groups.Default], attributes={groups=[Ljava.lang.Class;@32fe9d0a, min=1, message={javax.validation.constraints.Size.message}, max=2147483647, payload=[Ljava.lang.Class;@c9413d8}}
DEBUG ConstraintDescriptorImpl - Adding composing constraint: ConstraintDescriptorImpl{annotation=javax.validation.constraints.NotNull, payloads=[], hasComposingConstraints=true, isReportAsSingleInvalidConstraint=false, elementType=FIELD, definedOn=DEFINED_LOCALLY, groups=[interface javax.validation.groups.Default], attributes={message={javax.validation.constraints.NotNull.message}, groups=[Ljava.lang.Class;@4de025bf, payload=[Ljava.lang.Class;@538613b3}}
DEBUG ConstraintDescriptorImpl - Adding composing constraint: ConstraintDescriptorImpl{annotation=javax.validation.constraints.Size, payloads=[], hasComposingConstraints=true, isReportAsSingleInvalidConstraint=false, elementType=FIELD, definedOn=DEFINED_LOCALLY, groups=[interface javax.validation.groups.Default], attributes={groups=[Ljava.lang.Class;@11389053, min=1, message={javax.validation.constraints.Size.message}, max=2147483647, payload=[Ljava.lang.Class;@5db99216}}
DEBUG ConstraintDescriptorImpl - Adding composing constraint: ConstraintDescriptorImpl{annotation=javax.validation.constraints.NotNull, payloads=[], hasComposingConstraints=true, isReportAsSingleInvalidConstraint=false, elementType=FIELD, definedOn=DEFINED_LOCALLY, groups=[interface javax.validation.groups.Default], attributes={message={javax.validation.constraints.NotNull.message}, groups=[Ljava.lang.Class;@5c1bd44c, payload=[Ljava.lang.Class;@9f46d94}}
DEBUG ConstraintDescriptorImpl - Adding composing constraint: ConstraintDescriptorImpl{annotation=javax.validation.constraints.Size, payloads=[], hasComposingConstraints=true, isReportAsSingleInvalidConstraint=false, elementType=FIELD, definedOn=DEFINED_LOCALLY, groups=[interface javax.validation.groups.Default], attributes={groups=[Ljava.lang.Class;@2e77b8cf, min=1, message={javax.validation.constraints.Size.message}, max=2147483647, payload=[Ljava.lang.Class;@2c4ca0f9}}
DEBUG ConstraintDescriptorImpl - Adding composing constraint: ConstraintDescriptorImpl{annotation=javax.validation.constraints.NotNull, payloads=[], hasComposingConstraints=true, isReportAsSingleInvalidConstraint=false, elementType=FIELD, definedOn=DEFINED_LOCALLY, groups=[interface javax.validation.groups.Default], attributes={message={javax.validation.constraints.NotNull.message}, groups=[Ljava.lang.Class;@724bade8, payload=[Ljava.lang.Class;@16fb356}}
DEBUG ConstraintDescriptorImpl - Adding composing constraint: ConstraintDescriptorImpl{annotation=javax.validation.constraints.Size, payloads=[], hasComposingConstraints=true, isReportAsSingleInvalidConstraint=false, elementType=FIELD, definedOn=DEFINED_LOCALLY, groups=[interface javax.validation.groups.Default], attributes={groups=[Ljava.lang.Class;@ca27722, min=1, message={javax.validation.constraints.Size.message}, max=2147483647, payload=[Ljava.lang.Class;@70ab80e3}}
DEBUG ConstraintDescriptorImpl - Adding composing constraint: ConstraintDescriptorImpl{annotation=javax.validation.constraints.NotNull, payloads=[], hasComposingConstraints=true, isReportAsSingleInvalidConstraint=false, elementType=FIELD, definedOn=DEFINED_LOCALLY, groups=[interface javax.validation.groups.Default], attributes={message={javax.validation.constraints.NotNull.message}, groups=[Ljava.lang.Class;@3af4e0bf, payload=[Ljava.lang.Class;@245a26e1}}
DEBUG ConstraintDescriptorImpl - Adding composing constraint: ConstraintDescriptorImpl{annotation=javax.validation.constraints.Size, payloads=[], hasComposingConstraints=true, isReportAsSingleInvalidConstraint=false, elementType=FIELD, definedOn=DEFINED_LOCALLY, groups=[interface javax.validation.groups.Default], attributes={groups=[Ljava.lang.Class;@466cf502, min=1, message={javax.validation.constraints.Size.message}, max=2147483647, payload=[Ljava.lang.Class;@5b800468}}
DEBUG ConstraintDescriptorImpl - Adding composing constraint: ConstraintDescriptorImpl{annotation=javax.validation.constraints.NotNull, payloads=[], hasComposingConstraints=true, isReportAsSingleInvalidConstraint=false, elementType=FIELD, definedOn=DEFINED_LOCALLY, groups=[interface javax.validation.groups.Default], attributes={message={javax.validation.constraints.NotNull.message}, groups=[Ljava.lang.Class;@7e1a1da6, payload=[Ljava.lang.Class;@5f7f2382}}
DEBUG ConstraintDescriptorImpl - Adding composing constraint: ConstraintDescriptorImpl{annotation=javax.validation.constraints.Size, payloads=[], hasComposingConstraints=true, isReportAsSingleInvalidConstraint=false, elementType=FIELD, definedOn=DEFINED_LOCALLY, groups=[interface javax.validation.groups.Default], attributes={groups=[Ljava.lang.Class;@3a4b0e5d, min=1, message={javax.validation.constraints.Size.message}, max=2147483647, payload=[Ljava.lang.Class;@10b892d5}}
DEBUG ConstraintDescriptorImpl - Adding composing constraint: ConstraintDescriptorImpl{annotation=javax.validation.constraints.NotNull, payloads=[], hasComposingConstraints=true, isReportAsSingleInvalidConstraint=false, elementType=FIELD, definedOn=DEFINED_LOCALLY, groups=[interface javax.validation.groups.Default], attributes={message={javax.validation.constraints.NotNull.message}, groups=[Ljava.lang.Class;@452e26d0, payload=[Ljava.lang.Class;@46ab18da}}
DEBUG ConstraintDescriptorImpl - Adding composing constraint: ConstraintDescriptorImpl{annotation=javax.validation.constraints.Size, payloads=[], hasComposingConstraints=true, isReportAsSingleInvalidConstraint=false, elementType=FIELD, definedOn=DEFINED_LOCALLY, groups=[interface javax.validation.groups.Default], attributes={groups=[Ljava.lang.Class;@42257bdd, min=1, message={javax.validation.constraints.Size.message}, max=2147483647, payload=[Ljava.lang.Class;@7689ddef}}
DEBUG DefaultIdentifierGeneratorFactory - Setting dialect [org.hibernate.dialect.HSQLDialect]
DEBUG DefaultIdentifierGeneratorFactory - Setting dialect [org.hibernate.dialect.HSQLDialect]
DEBUG DefaultIdentifierGeneratorFactory - Setting dialect [org.hibernate.dialect.HSQLDialect]
DEBUG DefaultIdentifierGeneratorFactory - Setting dialect [org.hibernate.dialect.HSQLDialect]
DEBUG DefaultIdentifierGeneratorFactory - Setting dialect [org.hibernate.dialect.HSQLDialect]
DEBUG DefaultIdentifierGeneratorFactory - Setting dialect [org.hibernate.dialect.HSQLDialect]
DEBUG DefaultIdentifierGeneratorFactory - Setting dialect [org.hibernate.dialect.HSQLDialect]
DEBUG DefaultIdentifierGeneratorFactory - Setting dialect [org.hibernate.dialect.HSQLDialect]
DEBUG AbstractEntityPersister - Static SQL for entity: com.expeditors.training.course3demo.model.PhoneNumber
DEBUG AbstractEntityPersister -  Version select: select PHONE_NUMBER_ID from PHONE_NUMBER where PHONE_NUMBER_ID =?
DEBUG AbstractEntityPersister -  Snapshot select: select phonenumbe_.PHONE_NUMBER_ID, phonenumbe_.CARD_ID as CARD3_3_, phonenumbe_.PHONE_NUMBER as PHONE2_3_ from PHONE_NUMBER phonenumbe_ where phonenumbe_.PHONE_NUMBER_ID=?
DEBUG AbstractEntityPersister -  Insert 0: insert into PHONE_NUMBER (CARD_ID, PHONE_NUMBER, PHONE_NUMBER_ID) values (?, ?, ?)
DEBUG AbstractEntityPersister -  Update 0: update PHONE_NUMBER set CARD_ID=?, PHONE_NUMBER=? where PHONE_NUMBER_ID=?
DEBUG AbstractEntityPersister -  Delete 0: delete from PHONE_NUMBER where PHONE_NUMBER_ID=?
DEBUG AbstractEntityPersister -  Identity insert: insert into PHONE_NUMBER (PHONE_NUMBER_ID, CARD_ID, PHONE_NUMBER) values (default, ?, ?)
DEBUG AbstractEntityPersister - Static SQL for entity: com.expeditors.training.course3demo.model.Shipment
DEBUG AbstractEntityPersister -  Version select: select SHIPMENT_ID from Shipment where SHIPMENT_ID =?
DEBUG AbstractEntityPersister -  Snapshot select: select shipment_.SHIPMENT_ID, shipment_.destination as destinat2_5_, shipment_.name as name3_5_, shipment_.origin as origin4_5_, shipment_.volume as volume5_5_ from Shipment shipment_ where shipment_.SHIPMENT_ID=?
DEBUG AbstractEntityPersister -  Insert 0: insert into Shipment (destination, name, origin, volume, SHIPMENT_ID) values (?, ?, ?, ?, ?)
DEBUG AbstractEntityPersister -  Update 0: update Shipment set destination=?, name=?, origin=?, volume=? where SHIPMENT_ID=?
DEBUG AbstractEntityPersister -  Delete 0: delete from Shipment where SHIPMENT_ID=?
DEBUG AbstractEntityPersister -  Identity insert: insert into Shipment (SHIPMENT_ID, destination, name, origin, volume) values (default, ?, ?, ?, ?)
DEBUG AbstractEntityPersister - Static SQL for entity: com.expeditors.training.course3demo.model.Card
DEBUG AbstractEntityPersister -  Version select: select CARD_ID from CARD where CARD_ID =?
DEBUG AbstractEntityPersister -  Snapshot select: select card_.CARD_ID, card_.address as address5_1_, card_.amount as amount2_1_, card_.CARD_NUMBER as CARD3_1_, card_.OWNER_NAME as OWNER4_1_ from CARD card_ where card_.CARD_ID=?
DEBUG AbstractEntityPersister -  Insert 0: insert into CARD (address, amount, CARD_NUMBER, OWNER_NAME, CARD_ID) values (?, ?, ?, ?, ?)
DEBUG AbstractEntityPersister -  Update 0: update CARD set address=?, amount=?, CARD_NUMBER=?, OWNER_NAME=? where CARD_ID=?
DEBUG AbstractEntityPersister -  Delete 0: delete from CARD where CARD_ID=?
DEBUG AbstractEntityPersister -  Identity insert: insert into CARD (CARD_ID, address, amount, CARD_NUMBER, OWNER_NAME) values (default, ?, ?, ?, ?)
DEBUG AbstractEntityPersister - Static SQL for entity: com.expeditors.training.course3demo.model.Container
DEBUG AbstractEntityPersister -  Version select: select CONTAINER_ID from Container where CONTAINER_ID =?
DEBUG AbstractEntityPersister -  Snapshot select: select container_.CONTAINER_ID, container_.capacity as capacity2_2_, container_.destination as destinat3_2_, container_.location as location4_2_, container_.name as name5_2_, container_.status as status6_2_ from Container container_ where container_.CONTAINER_ID=?
DEBUG AbstractEntityPersister -  Insert 0: insert into Container (capacity, destination, location, name, status, CONTAINER_ID) values (?, ?, ?, ?, ?, ?)
DEBUG AbstractEntityPersister -  Update 0: update Container set capacity=?, destination=?, location=?, name=?, status=? where CONTAINER_ID=?
DEBUG AbstractEntityPersister -  Delete 0: delete from Container where CONTAINER_ID=?
DEBUG AbstractEntityPersister -  Identity insert: insert into Container (CONTAINER_ID, capacity, destination, location, name, status) values (default, ?, ?, ?, ?, ?)
DEBUG AbstractEntityPersister - Static SQL for entity: com.expeditors.training.course3demo.model.UserRole
DEBUG AbstractEntityPersister -  Version select: select ROLE_ID from USERROLE where ROLE_ID =?
DEBUG AbstractEntityPersister -  Snapshot select: select userrole_.ROLE_ID, userrole_.ROLE_NAME as ROLE2_7_, userrole_.ROLE_OWNER as ROLE3_7_ from USERROLE userrole_ where userrole_.ROLE_ID=?
DEBUG AbstractEntityPersister -  Insert 0: insert into USERROLE (ROLE_NAME, ROLE_OWNER, ROLE_ID) values (?, ?, ?)
DEBUG AbstractEntityPersister -  Update 0: update USERROLE set ROLE_NAME=?, ROLE_OWNER=? where ROLE_ID=?
DEBUG AbstractEntityPersister -  Delete 0: delete from USERROLE where ROLE_ID=?
DEBUG AbstractEntityPersister -  Identity insert: insert into USERROLE (ROLE_ID, ROLE_NAME, ROLE_OWNER) values (default, ?, ?)
DEBUG AbstractEntityPersister - Static SQL for entity: com.expeditors.training.course3demo.model.Address
DEBUG AbstractEntityPersister -  Version select: select ADDRESS_ID from ADDRESS where ADDRESS_ID =?
DEBUG AbstractEntityPersister -  Snapshot select: select address_.ADDRESS_ID, address_.city as city2_0_, address_.state as state3_0_, address_.street as street4_0_ from ADDRESS address_ where address_.ADDRESS_ID=?
DEBUG AbstractEntityPersister -  Insert 0: insert into ADDRESS (city, state, street, ADDRESS_ID) values (?, ?, ?, ?)
DEBUG AbstractEntityPersister -  Update 0: update ADDRESS set city=?, state=?, street=? where ADDRESS_ID=?
DEBUG AbstractEntityPersister -  Delete 0: delete from ADDRESS where ADDRESS_ID=?
DEBUG AbstractEntityPersister -  Identity insert: insert into ADDRESS (ADDRESS_ID, city, state, street) values (default, ?, ?, ?)
DEBUG AbstractEntityPersister - Static SQL for entity: com.expeditors.training.course3demo.model.UserAccount
DEBUG AbstractEntityPersister -  Version select: select USER_ID from USERACCOUNT where USER_ID =?
DEBUG AbstractEntityPersister -  Snapshot select: select useraccoun_.USER_ID, useraccoun_.enabled as enabled2_6_, useraccoun_.password as password3_6_, useraccoun_.username as username4_6_ from USERACCOUNT useraccoun_ where useraccoun_.USER_ID=?
DEBUG AbstractEntityPersister -  Insert 0: insert into USERACCOUNT (enabled, password, username, USER_ID) values (?, ?, ?, ?)
DEBUG AbstractEntityPersister -  Update 0: update USERACCOUNT set enabled=?, password=?, username=? where USER_ID=?
DEBUG AbstractEntityPersister -  Delete 0: delete from USERACCOUNT where USER_ID=?
DEBUG AbstractEntityPersister -  Identity insert: insert into USERACCOUNT (USER_ID, enabled, password, username) values (default, ?, ?, ?)
DEBUG AbstractEntityPersister - Static SQL for entity: com.expeditors.training.course3demo.model.Product
DEBUG AbstractEntityPersister -  Version select: select PRODUCT_ID from PRODUCT where PRODUCT_ID =?
DEBUG AbstractEntityPersister -  Snapshot select: select product_.PRODUCT_ID, product_.description as descript2_4_, product_.name as name3_4_, product_.price as price4_4_ from PRODUCT product_ where product_.PRODUCT_ID=?
DEBUG AbstractEntityPersister -  Insert 0: insert into PRODUCT (description, name, price, PRODUCT_ID) values (?, ?, ?, ?)
DEBUG AbstractEntityPersister -  Update 0: update PRODUCT set description=?, name=?, price=? where PRODUCT_ID=?
DEBUG AbstractEntityPersister -  Delete 0: delete from PRODUCT where PRODUCT_ID=?
DEBUG AbstractEntityPersister -  Identity insert: insert into PRODUCT (PRODUCT_ID, description, name, price) values (default, ?, ?, ?)
DEBUG AbstractCollectionPersister - Static SQL for collection: com.expeditors.training.course3demo.model.Card.phoneNumbers
DEBUG AbstractCollectionPersister -  Row insert: update PHONE_NUMBER set CARD_ID=?, index=? where PHONE_NUMBER_ID=?
DEBUG AbstractCollectionPersister -  Row update: update PHONE_NUMBER set index=? where PHONE_NUMBER_ID=?
DEBUG AbstractCollectionPersister -  Row delete: update PHONE_NUMBER set CARD_ID=null, index=null where CARD_ID=? and PHONE_NUMBER_ID=?
DEBUG AbstractCollectionPersister -  One-shot delete: update PHONE_NUMBER set CARD_ID=null, index=null where CARD_ID=?
DEBUG AbstractCollectionPersister - Static SQL for collection: com.expeditors.training.course3demo.model.UserAccount.userRoles
DEBUG AbstractCollectionPersister -  Row insert: update USERROLE set ROLE_OWNER=? where ROLE_ID=?
DEBUG AbstractCollectionPersister -  Row update: update USERROLE set  where ROLE_ID=?
DEBUG AbstractCollectionPersister -  Row delete: update USERROLE set ROLE_OWNER=null where ROLE_OWNER=? and ROLE_ID=?
DEBUG AbstractCollectionPersister -  One-shot delete: update USERROLE set ROLE_OWNER=null where ROLE_OWNER=?
DEBUG Loader - Static select for entity com.expeditors.training.course3demo.model.PhoneNumber [NONE]: select phonenumbe0_.PHONE_NUMBER_ID as PHONE1_3_0_, phonenumbe0_.CARD_ID as CARD3_3_0_, phonenumbe0_.PHONE_NUMBER as PHONE2_3_0_ from PHONE_NUMBER phonenumbe0_ where phonenumbe0_.PHONE_NUMBER_ID=?
DEBUG Loader - Static select for entity com.expeditors.training.course3demo.model.PhoneNumber [READ]: select phonenumbe0_.PHONE_NUMBER_ID as PHONE1_3_0_, phonenumbe0_.CARD_ID as CARD3_3_0_, phonenumbe0_.PHONE_NUMBER as PHONE2_3_0_ from PHONE_NUMBER phonenumbe0_ where phonenumbe0_.PHONE_NUMBER_ID=?
DEBUG Loader - Static select for entity com.expeditors.training.course3demo.model.PhoneNumber [UPGRADE]: select phonenumbe0_.PHONE_NUMBER_ID as PHONE1_3_0_, phonenumbe0_.CARD_ID as CARD3_3_0_, phonenumbe0_.PHONE_NUMBER as PHONE2_3_0_ from PHONE_NUMBER phonenumbe0_ where phonenumbe0_.PHONE_NUMBER_ID=?
DEBUG Loader - Static select for entity com.expeditors.training.course3demo.model.PhoneNumber [UPGRADE_NOWAIT]: select phonenumbe0_.PHONE_NUMBER_ID as PHONE1_3_0_, phonenumbe0_.CARD_ID as CARD3_3_0_, phonenumbe0_.PHONE_NUMBER as PHONE2_3_0_ from PHONE_NUMBER phonenumbe0_ where phonenumbe0_.PHONE_NUMBER_ID=?
DEBUG Loader - Static select for entity com.expeditors.training.course3demo.model.PhoneNumber [FORCE]: select phonenumbe0_.PHONE_NUMBER_ID as PHONE1_3_0_, phonenumbe0_.CARD_ID as CARD3_3_0_, phonenumbe0_.PHONE_NUMBER as PHONE2_3_0_ from PHONE_NUMBER phonenumbe0_ where phonenumbe0_.PHONE_NUMBER_ID=?
DEBUG Loader - Static select for entity com.expeditors.training.course3demo.model.PhoneNumber [PESSIMISTIC_READ]: select phonenumbe0_.PHONE_NUMBER_ID as PHONE1_3_0_, phonenumbe0_.CARD_ID as CARD3_3_0_, phonenumbe0_.PHONE_NUMBER as PHONE2_3_0_ from PHONE_NUMBER phonenumbe0_ where phonenumbe0_.PHONE_NUMBER_ID=?
DEBUG Loader - Static select for entity com.expeditors.training.course3demo.model.PhoneNumber [PESSIMISTIC_WRITE]: select phonenumbe0_.PHONE_NUMBER_ID as PHONE1_3_0_, phonenumbe0_.CARD_ID as CARD3_3_0_, phonenumbe0_.PHONE_NUMBER as PHONE2_3_0_ from PHONE_NUMBER phonenumbe0_ where phonenumbe0_.PHONE_NUMBER_ID=?
DEBUG Loader - Static select for entity com.expeditors.training.course3demo.model.PhoneNumber [PESSIMISTIC_FORCE_INCREMENT]: select phonenumbe0_.PHONE_NUMBER_ID as PHONE1_3_0_, phonenumbe0_.CARD_ID as CARD3_3_0_, phonenumbe0_.PHONE_NUMBER as PHONE2_3_0_ from PHONE_NUMBER phonenumbe0_ where phonenumbe0_.PHONE_NUMBER_ID=?
DEBUG Loader - Static select for entity com.expeditors.training.course3demo.model.PhoneNumber [OPTIMISTIC]: select phonenumbe0_.PHONE_NUMBER_ID as PHONE1_3_0_, phonenumbe0_.CARD_ID as CARD3_3_0_, phonenumbe0_.PHONE_NUMBER as PHONE2_3_0_ from PHONE_NUMBER phonenumbe0_ where phonenumbe0_.PHONE_NUMBER_ID=?
DEBUG Loader - Static select for entity com.expeditors.training.course3demo.model.PhoneNumber [OPTIMISTIC_FORCE_INCREMENT]: select phonenumbe0_.PHONE_NUMBER_ID as PHONE1_3_0_, phonenumbe0_.CARD_ID as CARD3_3_0_, phonenumbe0_.PHONE_NUMBER as PHONE2_3_0_ from PHONE_NUMBER phonenumbe0_ where phonenumbe0_.PHONE_NUMBER_ID=?
DEBUG Loader - Static select for action ACTION_MERGE on entity com.expeditors.training.course3demo.model.PhoneNumber: select phonenumbe0_.PHONE_NUMBER_ID as PHONE1_3_0_, phonenumbe0_.CARD_ID as CARD3_3_0_, phonenumbe0_.PHONE_NUMBER as PHONE2_3_0_ from PHONE_NUMBER phonenumbe0_ where phonenumbe0_.PHONE_NUMBER_ID=?
DEBUG Loader - Static select for action ACTION_REFRESH on entity com.expeditors.training.course3demo.model.PhoneNumber: select phonenumbe0_.PHONE_NUMBER_ID as PHONE1_3_0_, phonenumbe0_.CARD_ID as CARD3_3_0_, phonenumbe0_.PHONE_NUMBER as PHONE2_3_0_ from PHONE_NUMBER phonenumbe0_ where phonenumbe0_.PHONE_NUMBER_ID=?
DEBUG Loader - Static select for entity com.expeditors.training.course3demo.model.Shipment [NONE]: select shipment0_.SHIPMENT_ID as SHIPMENT1_5_0_, shipment0_.destination as destinat2_5_0_, shipment0_.name as name3_5_0_, shipment0_.origin as origin4_5_0_, shipment0_.volume as volume5_5_0_ from Shipment shipment0_ where shipment0_.SHIPMENT_ID=?
DEBUG Loader - Static select for entity com.expeditors.training.course3demo.model.Shipment [READ]: select shipment0_.SHIPMENT_ID as SHIPMENT1_5_0_, shipment0_.destination as destinat2_5_0_, shipment0_.name as name3_5_0_, shipment0_.origin as origin4_5_0_, shipment0_.volume as volume5_5_0_ from Shipment shipment0_ where shipment0_.SHIPMENT_ID=?
DEBUG Loader - Static select for entity com.expeditors.training.course3demo.model.Shipment [UPGRADE]: select shipment0_.SHIPMENT_ID as SHIPMENT1_5_0_, shipment0_.destination as destinat2_5_0_, shipment0_.name as name3_5_0_, shipment0_.origin as origin4_5_0_, shipment0_.volume as volume5_5_0_ from Shipment shipment0_ where shipment0_.SHIPMENT_ID=?
DEBUG Loader - Static select for entity com.expeditors.training.course3demo.model.Shipment [UPGRADE_NOWAIT]: select shipment0_.SHIPMENT_ID as SHIPMENT1_5_0_, shipment0_.destination as destinat2_5_0_, shipment0_.name as name3_5_0_, shipment0_.origin as origin4_5_0_, shipment0_.volume as volume5_5_0_ from Shipment shipment0_ where shipment0_.SHIPMENT_ID=?
DEBUG Loader - Static select for entity com.expeditors.training.course3demo.model.Shipment [FORCE]: select shipment0_.SHIPMENT_ID as SHIPMENT1_5_0_, shipment0_.destination as destinat2_5_0_, shipment0_.name as name3_5_0_, shipment0_.origin as origin4_5_0_, shipment0_.volume as volume5_5_0_ from Shipment shipment0_ where shipment0_.SHIPMENT_ID=?
DEBUG Loader - Static select for entity com.expeditors.training.course3demo.model.Shipment [PESSIMISTIC_READ]: select shipment0_.SHIPMENT_ID as SHIPMENT1_5_0_, shipment0_.destination as destinat2_5_0_, shipment0_.name as name3_5_0_, shipment0_.origin as origin4_5_0_, shipment0_.volume as volume5_5_0_ from Shipment shipment0_ where shipment0_.SHIPMENT_ID=?
DEBUG Loader - Static select for entity com.expeditors.training.course3demo.model.Shipment [PESSIMISTIC_WRITE]: select shipment0_.SHIPMENT_ID as SHIPMENT1_5_0_, shipment0_.destination as destinat2_5_0_, shipment0_.name as name3_5_0_, shipment0_.origin as origin4_5_0_, shipment0_.volume as volume5_5_0_ from Shipment shipment0_ where shipment0_.SHIPMENT_ID=?
DEBUG Loader - Static select for entity com.expeditors.training.course3demo.model.Shipment [PESSIMISTIC_FORCE_INCREMENT]: select shipment0_.SHIPMENT_ID as SHIPMENT1_5_0_, shipment0_.destination as destinat2_5_0_, shipment0_.name as name3_5_0_, shipment0_.origin as origin4_5_0_, shipment0_.volume as volume5_5_0_ from Shipment shipment0_ where shipment0_.SHIPMENT_ID=?
DEBUG Loader - Static select for entity com.expeditors.training.course3demo.model.Shipment [OPTIMISTIC]: select shipment0_.SHIPMENT_ID as SHIPMENT1_5_0_, shipment0_.destination as destinat2_5_0_, shipment0_.name as name3_5_0_, shipment0_.origin as origin4_5_0_, shipment0_.volume as volume5_5_0_ from Shipment shipment0_ where shipment0_.SHIPMENT_ID=?
DEBUG Loader - Static select for entity com.expeditors.training.course3demo.model.Shipment [OPTIMISTIC_FORCE_INCREMENT]: select shipment0_.SHIPMENT_ID as SHIPMENT1_5_0_, shipment0_.destination as destinat2_5_0_, shipment0_.name as name3_5_0_, shipment0_.origin as origin4_5_0_, shipment0_.volume as volume5_5_0_ from Shipment shipment0_ where shipment0_.SHIPMENT_ID=?
DEBUG Loader - Static select for action ACTION_MERGE on entity com.expeditors.training.course3demo.model.Shipment: select shipment0_.SHIPMENT_ID as SHIPMENT1_5_0_, shipment0_.destination as destinat2_5_0_, shipment0_.name as name3_5_0_, shipment0_.origin as origin4_5_0_, shipment0_.volume as volume5_5_0_ from Shipment shipment0_ where shipment0_.SHIPMENT_ID=?
DEBUG Loader - Static select for action ACTION_REFRESH on entity com.expeditors.training.course3demo.model.Shipment: select shipment0_.SHIPMENT_ID as SHIPMENT1_5_0_, shipment0_.destination as destinat2_5_0_, shipment0_.name as name3_5_0_, shipment0_.origin as origin4_5_0_, shipment0_.volume as volume5_5_0_ from Shipment shipment0_ where shipment0_.SHIPMENT_ID=?
DEBUG Loader - Static select for entity com.expeditors.training.course3demo.model.Card [NONE]: select card0_.CARD_ID as CARD1_1_2_, card0_.address as address5_1_2_, card0_.amount as amount2_1_2_, card0_.CARD_NUMBER as CARD3_1_2_, card0_.OWNER_NAME as OWNER4_1_2_, address1_.ADDRESS_ID as ADDRESS1_0_0_, address1_.city as city2_0_0_, address1_.state as state3_0_0_, address1_.street as street4_0_0_, phonenumbe2_.CARD_ID as CARD3_1_4_, phonenumbe2_.PHONE_NUMBER_ID as PHONE1_3_4_, phonenumbe2_.index as index4_4_, phonenumbe2_.PHONE_NUMBER_ID as PHONE1_3_1_, phonenumbe2_.CARD_ID as CARD3_3_1_, phonenumbe2_.PHONE_NUMBER as PHONE2_3_1_ from CARD card0_ left outer join ADDRESS address1_ on card0_.address=address1_.ADDRESS_ID left outer join PHONE_NUMBER phonenumbe2_ on card0_.CARD_ID=phonenumbe2_.CARD_ID where card0_.CARD_ID=?
DEBUG Loader - Static select for entity com.expeditors.training.course3demo.model.Card [READ]: select card0_.CARD_ID as CARD1_1_2_, card0_.address as address5_1_2_, card0_.amount as amount2_1_2_, card0_.CARD_NUMBER as CARD3_1_2_, card0_.OWNER_NAME as OWNER4_1_2_, address1_.ADDRESS_ID as ADDRESS1_0_0_, address1_.city as city2_0_0_, address1_.state as state3_0_0_, address1_.street as street4_0_0_, phonenumbe2_.CARD_ID as CARD3_1_4_, phonenumbe2_.PHONE_NUMBER_ID as PHONE1_3_4_, phonenumbe2_.index as index4_4_, phonenumbe2_.PHONE_NUMBER_ID as PHONE1_3_1_, phonenumbe2_.CARD_ID as CARD3_3_1_, phonenumbe2_.PHONE_NUMBER as PHONE2_3_1_ from CARD card0_ left outer join ADDRESS address1_ on card0_.address=address1_.ADDRESS_ID left outer join PHONE_NUMBER phonenumbe2_ on card0_.CARD_ID=phonenumbe2_.CARD_ID where card0_.CARD_ID=?
DEBUG Loader - Static select for entity com.expeditors.training.course3demo.model.Card [UPGRADE]: select card0_.CARD_ID as CARD1_1_0_, card0_.address as address5_1_0_, card0_.amount as amount2_1_0_, card0_.CARD_NUMBER as CARD3_1_0_, card0_.OWNER_NAME as OWNER4_1_0_ from CARD card0_ where card0_.CARD_ID=?
DEBUG Loader - Static select for entity com.expeditors.training.course3demo.model.Card [UPGRADE_NOWAIT]: select card0_.CARD_ID as CARD1_1_0_, card0_.address as address5_1_0_, card0_.amount as amount2_1_0_, card0_.CARD_NUMBER as CARD3_1_0_, card0_.OWNER_NAME as OWNER4_1_0_ from CARD card0_ where card0_.CARD_ID=?
DEBUG Loader - Static select for entity com.expeditors.training.course3demo.model.Card [FORCE]: select card0_.CARD_ID as CARD1_1_0_, card0_.address as address5_1_0_, card0_.amount as amount2_1_0_, card0_.CARD_NUMBER as CARD3_1_0_, card0_.OWNER_NAME as OWNER4_1_0_ from CARD card0_ where card0_.CARD_ID=?
DEBUG Loader - Static select for entity com.expeditors.training.course3demo.model.Card [PESSIMISTIC_READ]: select card0_.CARD_ID as CARD1_1_0_, card0_.address as address5_1_0_, card0_.amount as amount2_1_0_, card0_.CARD_NUMBER as CARD3_1_0_, card0_.OWNER_NAME as OWNER4_1_0_ from CARD card0_ where card0_.CARD_ID=?
DEBUG Loader - Static select for entity com.expeditors.training.course3demo.model.Card [PESSIMISTIC_WRITE]: select card0_.CARD_ID as CARD1_1_0_, card0_.address as address5_1_0_, card0_.amount as amount2_1_0_, card0_.CARD_NUMBER as CARD3_1_0_, card0_.OWNER_NAME as OWNER4_1_0_ from CARD card0_ where card0_.CARD_ID=?
DEBUG Loader - Static select for entity com.expeditors.training.course3demo.model.Card [PESSIMISTIC_FORCE_INCREMENT]: select card0_.CARD_ID as CARD1_1_0_, card0_.address as address5_1_0_, card0_.amount as amount2_1_0_, card0_.CARD_NUMBER as CARD3_1_0_, card0_.OWNER_NAME as OWNER4_1_0_ from CARD card0_ where card0_.CARD_ID=?
DEBUG Loader - Static select for entity com.expeditors.training.course3demo.model.Card [OPTIMISTIC]: select card0_.CARD_ID as CARD1_1_0_, card0_.address as address5_1_0_, card0_.amount as amount2_1_0_, card0_.CARD_NUMBER as CARD3_1_0_, card0_.OWNER_NAME as OWNER4_1_0_ from CARD card0_ where card0_.CARD_ID=?
DEBUG Loader - Static select for entity com.expeditors.training.course3demo.model.Card [OPTIMISTIC_FORCE_INCREMENT]: select card0_.CARD_ID as CARD1_1_0_, card0_.address as address5_1_0_, card0_.amount as amount2_1_0_, card0_.CARD_NUMBER as CARD3_1_0_, card0_.OWNER_NAME as OWNER4_1_0_ from CARD card0_ where card0_.CARD_ID=?
DEBUG Loader - Static select for action ACTION_MERGE on entity com.expeditors.training.course3demo.model.Card: select card0_.CARD_ID as CARD1_1_2_, card0_.address as address5_1_2_, card0_.amount as amount2_1_2_, card0_.CARD_NUMBER as CARD3_1_2_, card0_.OWNER_NAME as OWNER4_1_2_, address1_.ADDRESS_ID as ADDRESS1_0_0_, address1_.city as city2_0_0_, address1_.state as state3_0_0_, address1_.street as street4_0_0_, phonenumbe2_.CARD_ID as CARD3_1_4_, phonenumbe2_.PHONE_NUMBER_ID as PHONE1_3_4_, phonenumbe2_.index as index4_4_, phonenumbe2_.PHONE_NUMBER_ID as PHONE1_3_1_, phonenumbe2_.CARD_ID as CARD3_3_1_, phonenumbe2_.PHONE_NUMBER as PHONE2_3_1_ from CARD card0_ left outer join ADDRESS address1_ on card0_.address=address1_.ADDRESS_ID left outer join PHONE_NUMBER phonenumbe2_ on card0_.CARD_ID=phonenumbe2_.CARD_ID where card0_.CARD_ID=?
DEBUG Loader - Static select for action ACTION_REFRESH on entity com.expeditors.training.course3demo.model.Card: select card0_.CARD_ID as CARD1_1_2_, card0_.address as address5_1_2_, card0_.amount as amount2_1_2_, card0_.CARD_NUMBER as CARD3_1_2_, card0_.OWNER_NAME as OWNER4_1_2_, address1_.ADDRESS_ID as ADDRESS1_0_0_, address1_.city as city2_0_0_, address1_.state as state3_0_0_, address1_.street as street4_0_0_, phonenumbe2_.CARD_ID as CARD3_1_4_, phonenumbe2_.PHONE_NUMBER_ID as PHONE1_3_4_, phonenumbe2_.index as index4_4_, phonenumbe2_.PHONE_NUMBER_ID as PHONE1_3_1_, phonenumbe2_.CARD_ID as CARD3_3_1_, phonenumbe2_.PHONE_NUMBER as PHONE2_3_1_ from CARD card0_ left outer join ADDRESS address1_ on card0_.address=address1_.ADDRESS_ID left outer join PHONE_NUMBER phonenumbe2_ on card0_.CARD_ID=phonenumbe2_.CARD_ID where card0_.CARD_ID=?
DEBUG Loader - Static select for entity com.expeditors.training.course3demo.model.Container [NONE]: select container0_.CONTAINER_ID as CONTAINE1_2_0_, container0_.capacity as capacity2_2_0_, container0_.destination as destinat3_2_0_, container0_.location as location4_2_0_, container0_.name as name5_2_0_, container0_.status as status6_2_0_ from Container container0_ where container0_.CONTAINER_ID=?
DEBUG Loader - Static select for entity com.expeditors.training.course3demo.model.Container [READ]: select container0_.CONTAINER_ID as CONTAINE1_2_0_, container0_.capacity as capacity2_2_0_, container0_.destination as destinat3_2_0_, container0_.location as location4_2_0_, container0_.name as name5_2_0_, container0_.status as status6_2_0_ from Container container0_ where container0_.CONTAINER_ID=?
DEBUG Loader - Static select for entity com.expeditors.training.course3demo.model.Container [UPGRADE]: select container0_.CONTAINER_ID as CONTAINE1_2_0_, container0_.capacity as capacity2_2_0_, container0_.destination as destinat3_2_0_, container0_.location as location4_2_0_, container0_.name as name5_2_0_, container0_.status as status6_2_0_ from Container container0_ where container0_.CONTAINER_ID=?
DEBUG Loader - Static select for entity com.expeditors.training.course3demo.model.Container [UPGRADE_NOWAIT]: select container0_.CONTAINER_ID as CONTAINE1_2_0_, container0_.capacity as capacity2_2_0_, container0_.destination as destinat3_2_0_, container0_.location as location4_2_0_, container0_.name as name5_2_0_, container0_.status as status6_2_0_ from Container container0_ where container0_.CONTAINER_ID=?
DEBUG Loader - Static select for entity com.expeditors.training.course3demo.model.Container [FORCE]: select container0_.CONTAINER_ID as CONTAINE1_2_0_, container0_.capacity as capacity2_2_0_, container0_.destination as destinat3_2_0_, container0_.location as location4_2_0_, container0_.name as name5_2_0_, container0_.status as status6_2_0_ from Container container0_ where container0_.CONTAINER_ID=?
DEBUG Loader - Static select for entity com.expeditors.training.course3demo.model.Container [PESSIMISTIC_READ]: select container0_.CONTAINER_ID as CONTAINE1_2_0_, container0_.capacity as capacity2_2_0_, container0_.destination as destinat3_2_0_, container0_.location as location4_2_0_, container0_.name as name5_2_0_, container0_.status as status6_2_0_ from Container container0_ where container0_.CONTAINER_ID=?
DEBUG Loader - Static select for entity com.expeditors.training.course3demo.model.Container [PESSIMISTIC_WRITE]: select container0_.CONTAINER_ID as CONTAINE1_2_0_, container0_.capacity as capacity2_2_0_, container0_.destination as destinat3_2_0_, container0_.location as location4_2_0_, container0_.name as name5_2_0_, container0_.status as status6_2_0_ from Container container0_ where container0_.CONTAINER_ID=?
DEBUG Loader - Static select for entity com.expeditors.training.course3demo.model.Container [PESSIMISTIC_FORCE_INCREMENT]: select container0_.CONTAINER_ID as CONTAINE1_2_0_, container0_.capacity as capacity2_2_0_, container0_.destination as destinat3_2_0_, container0_.location as location4_2_0_, container0_.name as name5_2_0_, container0_.status as status6_2_0_ from Container container0_ where container0_.CONTAINER_ID=?
DEBUG Loader - Static select for entity com.expeditors.training.course3demo.model.Container [OPTIMISTIC]: select container0_.CONTAINER_ID as CONTAINE1_2_0_, container0_.capacity as capacity2_2_0_, container0_.destination as destinat3_2_0_, container0_.location as location4_2_0_, container0_.name as name5_2_0_, container0_.status as status6_2_0_ from Container container0_ where container0_.CONTAINER_ID=?
DEBUG Loader - Static select for entity com.expeditors.training.course3demo.model.Container [OPTIMISTIC_FORCE_INCREMENT]: select container0_.CONTAINER_ID as CONTAINE1_2_0_, container0_.capacity as capacity2_2_0_, container0_.destination as destinat3_2_0_, container0_.location as location4_2_0_, container0_.name as name5_2_0_, container0_.status as status6_2_0_ from Container container0_ where container0_.CONTAINER_ID=?
DEBUG Loader - Static select for action ACTION_MERGE on entity com.expeditors.training.course3demo.model.Container: select container0_.CONTAINER_ID as CONTAINE1_2_0_, container0_.capacity as capacity2_2_0_, container0_.destination as destinat3_2_0_, container0_.location as location4_2_0_, container0_.name as name5_2_0_, container0_.status as status6_2_0_ from Container container0_ where container0_.CONTAINER_ID=?
DEBUG Loader - Static select for action ACTION_REFRESH on entity com.expeditors.training.course3demo.model.Container: select container0_.CONTAINER_ID as CONTAINE1_2_0_, container0_.capacity as capacity2_2_0_, container0_.destination as destinat3_2_0_, container0_.location as location4_2_0_, container0_.name as name5_2_0_, container0_.status as status6_2_0_ from Container container0_ where container0_.CONTAINER_ID=?
DEBUG Loader - Static select for entity com.expeditors.training.course3demo.model.UserRole [NONE]: select userrole0_.ROLE_ID as ROLE1_7_0_, userrole0_.ROLE_NAME as ROLE2_7_0_, userrole0_.ROLE_OWNER as ROLE3_7_0_ from USERROLE userrole0_ where userrole0_.ROLE_ID=?
DEBUG Loader - Static select for entity com.expeditors.training.course3demo.model.UserRole [READ]: select userrole0_.ROLE_ID as ROLE1_7_0_, userrole0_.ROLE_NAME as ROLE2_7_0_, userrole0_.ROLE_OWNER as ROLE3_7_0_ from USERROLE userrole0_ where userrole0_.ROLE_ID=?
DEBUG Loader - Static select for entity com.expeditors.training.course3demo.model.UserRole [UPGRADE]: select userrole0_.ROLE_ID as ROLE1_7_0_, userrole0_.ROLE_NAME as ROLE2_7_0_, userrole0_.ROLE_OWNER as ROLE3_7_0_ from USERROLE userrole0_ where userrole0_.ROLE_ID=?
DEBUG Loader - Static select for entity com.expeditors.training.course3demo.model.UserRole [UPGRADE_NOWAIT]: select userrole0_.ROLE_ID as ROLE1_7_0_, userrole0_.ROLE_NAME as ROLE2_7_0_, userrole0_.ROLE_OWNER as ROLE3_7_0_ from USERROLE userrole0_ where userrole0_.ROLE_ID=?
DEBUG Loader - Static select for entity com.expeditors.training.course3demo.model.UserRole [FORCE]: select userrole0_.ROLE_ID as ROLE1_7_0_, userrole0_.ROLE_NAME as ROLE2_7_0_, userrole0_.ROLE_OWNER as ROLE3_7_0_ from USERROLE userrole0_ where userrole0_.ROLE_ID=?
DEBUG Loader - Static select for entity com.expeditors.training.course3demo.model.UserRole [PESSIMISTIC_READ]: select userrole0_.ROLE_ID as ROLE1_7_0_, userrole0_.ROLE_NAME as ROLE2_7_0_, userrole0_.ROLE_OWNER as ROLE3_7_0_ from USERROLE userrole0_ where userrole0_.ROLE_ID=?
DEBUG Loader - Static select for entity com.expeditors.training.course3demo.model.UserRole [PESSIMISTIC_WRITE]: select userrole0_.ROLE_ID as ROLE1_7_0_, userrole0_.ROLE_NAME as ROLE2_7_0_, userrole0_.ROLE_OWNER as ROLE3_7_0_ from USERROLE userrole0_ where userrole0_.ROLE_ID=?
DEBUG Loader - Static select for entity com.expeditors.training.course3demo.model.UserRole [PESSIMISTIC_FORCE_INCREMENT]: select userrole0_.ROLE_ID as ROLE1_7_0_, userrole0_.ROLE_NAME as ROLE2_7_0_, userrole0_.ROLE_OWNER as ROLE3_7_0_ from USERROLE userrole0_ where userrole0_.ROLE_ID=?
DEBUG Loader - Static select for entity com.expeditors.training.course3demo.model.UserRole [OPTIMISTIC]: select userrole0_.ROLE_ID as ROLE1_7_0_, userrole0_.ROLE_NAME as ROLE2_7_0_, userrole0_.ROLE_OWNER as ROLE3_7_0_ from USERROLE userrole0_ where userrole0_.ROLE_ID=?
DEBUG Loader - Static select for entity com.expeditors.training.course3demo.model.UserRole [OPTIMISTIC_FORCE_INCREMENT]: select userrole0_.ROLE_ID as ROLE1_7_0_, userrole0_.ROLE_NAME as ROLE2_7_0_, userrole0_.ROLE_OWNER as ROLE3_7_0_ from USERROLE userrole0_ where userrole0_.ROLE_ID=?
DEBUG Loader - Static select for action ACTION_MERGE on entity com.expeditors.training.course3demo.model.UserRole: select userrole0_.ROLE_ID as ROLE1_7_0_, userrole0_.ROLE_NAME as ROLE2_7_0_, userrole0_.ROLE_OWNER as ROLE3_7_0_ from USERROLE userrole0_ where userrole0_.ROLE_ID=?
DEBUG Loader - Static select for action ACTION_REFRESH on entity com.expeditors.training.course3demo.model.UserRole: select userrole0_.ROLE_ID as ROLE1_7_0_, userrole0_.ROLE_NAME as ROLE2_7_0_, userrole0_.ROLE_OWNER as ROLE3_7_0_ from USERROLE userrole0_ where userrole0_.ROLE_ID=?
DEBUG Loader - Static select for entity com.expeditors.training.course3demo.model.Address [NONE]: select address0_.ADDRESS_ID as ADDRESS1_0_0_, address0_.city as city2_0_0_, address0_.state as state3_0_0_, address0_.street as street4_0_0_ from ADDRESS address0_ where address0_.ADDRESS_ID=?
DEBUG Loader - Static select for entity com.expeditors.training.course3demo.model.Address [READ]: select address0_.ADDRESS_ID as ADDRESS1_0_0_, address0_.city as city2_0_0_, address0_.state as state3_0_0_, address0_.street as street4_0_0_ from ADDRESS address0_ where address0_.ADDRESS_ID=?
DEBUG Loader - Static select for entity com.expeditors.training.course3demo.model.Address [UPGRADE]: select address0_.ADDRESS_ID as ADDRESS1_0_0_, address0_.city as city2_0_0_, address0_.state as state3_0_0_, address0_.street as street4_0_0_ from ADDRESS address0_ where address0_.ADDRESS_ID=?
DEBUG Loader - Static select for entity com.expeditors.training.course3demo.model.Address [UPGRADE_NOWAIT]: select address0_.ADDRESS_ID as ADDRESS1_0_0_, address0_.city as city2_0_0_, address0_.state as state3_0_0_, address0_.street as street4_0_0_ from ADDRESS address0_ where address0_.ADDRESS_ID=?
DEBUG Loader - Static select for entity com.expeditors.training.course3demo.model.Address [FORCE]: select address0_.ADDRESS_ID as ADDRESS1_0_0_, address0_.city as city2_0_0_, address0_.state as state3_0_0_, address0_.street as street4_0_0_ from ADDRESS address0_ where address0_.ADDRESS_ID=?
DEBUG Loader - Static select for entity com.expeditors.training.course3demo.model.Address [PESSIMISTIC_READ]: select address0_.ADDRESS_ID as ADDRESS1_0_0_, address0_.city as city2_0_0_, address0_.state as state3_0_0_, address0_.street as street4_0_0_ from ADDRESS address0_ where address0_.ADDRESS_ID=?
DEBUG Loader - Static select for entity com.expeditors.training.course3demo.model.Address [PESSIMISTIC_WRITE]: select address0_.ADDRESS_ID as ADDRESS1_0_0_, address0_.city as city2_0_0_, address0_.state as state3_0_0_, address0_.street as street4_0_0_ from ADDRESS address0_ where address0_.ADDRESS_ID=?
DEBUG Loader - Static select for entity com.expeditors.training.course3demo.model.Address [PESSIMISTIC_FORCE_INCREMENT]: select address0_.ADDRESS_ID as ADDRESS1_0_0_, address0_.city as city2_0_0_, address0_.state as state3_0_0_, address0_.street as street4_0_0_ from ADDRESS address0_ where address0_.ADDRESS_ID=?
DEBUG Loader - Static select for entity com.expeditors.training.course3demo.model.Address [OPTIMISTIC]: select address0_.ADDRESS_ID as ADDRESS1_0_0_, address0_.city as city2_0_0_, address0_.state as state3_0_0_, address0_.street as street4_0_0_ from ADDRESS address0_ where address0_.ADDRESS_ID=?
DEBUG Loader - Static select for entity com.expeditors.training.course3demo.model.Address [OPTIMISTIC_FORCE_INCREMENT]: select address0_.ADDRESS_ID as ADDRESS1_0_0_, address0_.city as city2_0_0_, address0_.state as state3_0_0_, address0_.street as street4_0_0_ from ADDRESS address0_ where address0_.ADDRESS_ID=?
DEBUG Loader - Static select for action ACTION_MERGE on entity com.expeditors.training.course3demo.model.Address: select address0_.ADDRESS_ID as ADDRESS1_0_0_, address0_.city as city2_0_0_, address0_.state as state3_0_0_, address0_.street as street4_0_0_ from ADDRESS address0_ where address0_.ADDRESS_ID=?
DEBUG Loader - Static select for action ACTION_REFRESH on entity com.expeditors.training.course3demo.model.Address: select address0_.ADDRESS_ID as ADDRESS1_0_0_, address0_.city as city2_0_0_, address0_.state as state3_0_0_, address0_.street as street4_0_0_ from ADDRESS address0_ where address0_.ADDRESS_ID=?
DEBUG Loader - Static select for entity com.expeditors.training.course3demo.model.UserAccount [NONE]: select useraccoun0_.USER_ID as USER1_6_1_, useraccoun0_.enabled as enabled2_6_1_, useraccoun0_.password as password3_6_1_, useraccoun0_.username as username4_6_1_, userroles1_.ROLE_OWNER as ROLE3_6_3_, userroles1_.ROLE_ID as ROLE1_7_3_, userroles1_.ROLE_ID as ROLE1_7_0_, userroles1_.ROLE_NAME as ROLE2_7_0_, userroles1_.ROLE_OWNER as ROLE3_7_0_ from USERACCOUNT useraccoun0_ left outer join USERROLE userroles1_ on useraccoun0_.USER_ID=userroles1_.ROLE_OWNER where useraccoun0_.USER_ID=?
DEBUG Loader - Static select for entity com.expeditors.training.course3demo.model.UserAccount [READ]: select useraccoun0_.USER_ID as USER1_6_1_, useraccoun0_.enabled as enabled2_6_1_, useraccoun0_.password as password3_6_1_, useraccoun0_.username as username4_6_1_, userroles1_.ROLE_OWNER as ROLE3_6_3_, userroles1_.ROLE_ID as ROLE1_7_3_, userroles1_.ROLE_ID as ROLE1_7_0_, userroles1_.ROLE_NAME as ROLE2_7_0_, userroles1_.ROLE_OWNER as ROLE3_7_0_ from USERACCOUNT useraccoun0_ left outer join USERROLE userroles1_ on useraccoun0_.USER_ID=userroles1_.ROLE_OWNER where useraccoun0_.USER_ID=?
DEBUG Loader - Static select for entity com.expeditors.training.course3demo.model.UserAccount [UPGRADE]: select useraccoun0_.USER_ID as USER1_6_0_, useraccoun0_.enabled as enabled2_6_0_, useraccoun0_.password as password3_6_0_, useraccoun0_.username as username4_6_0_ from USERACCOUNT useraccoun0_ where useraccoun0_.USER_ID=?
DEBUG Loader - Static select for entity com.expeditors.training.course3demo.model.UserAccount [UPGRADE_NOWAIT]: select useraccoun0_.USER_ID as USER1_6_0_, useraccoun0_.enabled as enabled2_6_0_, useraccoun0_.password as password3_6_0_, useraccoun0_.username as username4_6_0_ from USERACCOUNT useraccoun0_ where useraccoun0_.USER_ID=?
DEBUG Loader - Static select for entity com.expeditors.training.course3demo.model.UserAccount [FORCE]: select useraccoun0_.USER_ID as USER1_6_0_, useraccoun0_.enabled as enabled2_6_0_, useraccoun0_.password as password3_6_0_, useraccoun0_.username as username4_6_0_ from USERACCOUNT useraccoun0_ where useraccoun0_.USER_ID=?
DEBUG Loader - Static select for entity com.expeditors.training.course3demo.model.UserAccount [PESSIMISTIC_READ]: select useraccoun0_.USER_ID as USER1_6_0_, useraccoun0_.enabled as enabled2_6_0_, useraccoun0_.password as password3_6_0_, useraccoun0_.username as username4_6_0_ from USERACCOUNT useraccoun0_ where useraccoun0_.USER_ID=?
DEBUG Loader - Static select for entity com.expeditors.training.course3demo.model.UserAccount [PESSIMISTIC_WRITE]: select useraccoun0_.USER_ID as USER1_6_0_, useraccoun0_.enabled as enabled2_6_0_, useraccoun0_.password as password3_6_0_, useraccoun0_.username as username4_6_0_ from USERACCOUNT useraccoun0_ where useraccoun0_.USER_ID=?
DEBUG Loader - Static select for entity com.expeditors.training.course3demo.model.UserAccount [PESSIMISTIC_FORCE_INCREMENT]: select useraccoun0_.USER_ID as USER1_6_0_, useraccoun0_.enabled as enabled2_6_0_, useraccoun0_.password as password3_6_0_, useraccoun0_.username as username4_6_0_ from USERACCOUNT useraccoun0_ where useraccoun0_.USER_ID=?
DEBUG Loader - Static select for entity com.expeditors.training.course3demo.model.UserAccount [OPTIMISTIC]: select useraccoun0_.USER_ID as USER1_6_0_, useraccoun0_.enabled as enabled2_6_0_, useraccoun0_.password as password3_6_0_, useraccoun0_.username as username4_6_0_ from USERACCOUNT useraccoun0_ where useraccoun0_.USER_ID=?
DEBUG Loader - Static select for entity com.expeditors.training.course3demo.model.UserAccount [OPTIMISTIC_FORCE_INCREMENT]: select useraccoun0_.USER_ID as USER1_6_0_, useraccoun0_.enabled as enabled2_6_0_, useraccoun0_.password as password3_6_0_, useraccoun0_.username as username4_6_0_ from USERACCOUNT useraccoun0_ where useraccoun0_.USER_ID=?
DEBUG Loader - Static select for action ACTION_MERGE on entity com.expeditors.training.course3demo.model.UserAccount: select useraccoun0_.USER_ID as USER1_6_1_, useraccoun0_.enabled as enabled2_6_1_, useraccoun0_.password as password3_6_1_, useraccoun0_.username as username4_6_1_, userroles1_.ROLE_OWNER as ROLE3_6_3_, userroles1_.ROLE_ID as ROLE1_7_3_, userroles1_.ROLE_ID as ROLE1_7_0_, userroles1_.ROLE_NAME as ROLE2_7_0_, userroles1_.ROLE_OWNER as ROLE3_7_0_ from USERACCOUNT useraccoun0_ left outer join USERROLE userroles1_ on useraccoun0_.USER_ID=userroles1_.ROLE_OWNER where useraccoun0_.USER_ID=?
DEBUG Loader - Static select for action ACTION_REFRESH on entity com.expeditors.training.course3demo.model.UserAccount: select useraccoun0_.USER_ID as USER1_6_1_, useraccoun0_.enabled as enabled2_6_1_, useraccoun0_.password as password3_6_1_, useraccoun0_.username as username4_6_1_, userroles1_.ROLE_OWNER as ROLE3_6_3_, userroles1_.ROLE_ID as ROLE1_7_3_, userroles1_.ROLE_ID as ROLE1_7_0_, userroles1_.ROLE_NAME as ROLE2_7_0_, userroles1_.ROLE_OWNER as ROLE3_7_0_ from USERACCOUNT useraccoun0_ left outer join USERROLE userroles1_ on useraccoun0_.USER_ID=userroles1_.ROLE_OWNER where useraccoun0_.USER_ID=?
DEBUG Loader - Static select for entity com.expeditors.training.course3demo.model.Product [NONE]: select product0_.PRODUCT_ID as PRODUCT1_4_0_, product0_.description as descript2_4_0_, product0_.name as name3_4_0_, product0_.price as price4_4_0_ from PRODUCT product0_ where product0_.PRODUCT_ID=?
DEBUG Loader - Static select for entity com.expeditors.training.course3demo.model.Product [READ]: select product0_.PRODUCT_ID as PRODUCT1_4_0_, product0_.description as descript2_4_0_, product0_.name as name3_4_0_, product0_.price as price4_4_0_ from PRODUCT product0_ where product0_.PRODUCT_ID=?
DEBUG Loader - Static select for entity com.expeditors.training.course3demo.model.Product [UPGRADE]: select product0_.PRODUCT_ID as PRODUCT1_4_0_, product0_.description as descript2_4_0_, product0_.name as name3_4_0_, product0_.price as price4_4_0_ from PRODUCT product0_ where product0_.PRODUCT_ID=?
DEBUG Loader - Static select for entity com.expeditors.training.course3demo.model.Product [UPGRADE_NOWAIT]: select product0_.PRODUCT_ID as PRODUCT1_4_0_, product0_.description as descript2_4_0_, product0_.name as name3_4_0_, product0_.price as price4_4_0_ from PRODUCT product0_ where product0_.PRODUCT_ID=?
DEBUG Loader - Static select for entity com.expeditors.training.course3demo.model.Product [FORCE]: select product0_.PRODUCT_ID as PRODUCT1_4_0_, product0_.description as descript2_4_0_, product0_.name as name3_4_0_, product0_.price as price4_4_0_ from PRODUCT product0_ where product0_.PRODUCT_ID=?
DEBUG Loader - Static select for entity com.expeditors.training.course3demo.model.Product [PESSIMISTIC_READ]: select product0_.PRODUCT_ID as PRODUCT1_4_0_, product0_.description as descript2_4_0_, product0_.name as name3_4_0_, product0_.price as price4_4_0_ from PRODUCT product0_ where product0_.PRODUCT_ID=?
DEBUG Loader - Static select for entity com.expeditors.training.course3demo.model.Product [PESSIMISTIC_WRITE]: select product0_.PRODUCT_ID as PRODUCT1_4_0_, product0_.description as descript2_4_0_, product0_.name as name3_4_0_, product0_.price as price4_4_0_ from PRODUCT product0_ where product0_.PRODUCT_ID=?
DEBUG Loader - Static select for entity com.expeditors.training.course3demo.model.Product [PESSIMISTIC_FORCE_INCREMENT]: select product0_.PRODUCT_ID as PRODUCT1_4_0_, product0_.description as descript2_4_0_, product0_.name as name3_4_0_, product0_.price as price4_4_0_ from PRODUCT product0_ where product0_.PRODUCT_ID=?
DEBUG Loader - Static select for entity com.expeditors.training.course3demo.model.Product [OPTIMISTIC]: select product0_.PRODUCT_ID as PRODUCT1_4_0_, product0_.description as descript2_4_0_, product0_.name as name3_4_0_, product0_.price as price4_4_0_ from PRODUCT product0_ where product0_.PRODUCT_ID=?
DEBUG Loader - Static select for entity com.expeditors.training.course3demo.model.Product [OPTIMISTIC_FORCE_INCREMENT]: select product0_.PRODUCT_ID as PRODUCT1_4_0_, product0_.description as descript2_4_0_, product0_.name as name3_4_0_, product0_.price as price4_4_0_ from PRODUCT product0_ where product0_.PRODUCT_ID=?
DEBUG Loader - Static select for action ACTION_MERGE on entity com.expeditors.training.course3demo.model.Product: select product0_.PRODUCT_ID as PRODUCT1_4_0_, product0_.description as descript2_4_0_, product0_.name as name3_4_0_, product0_.price as price4_4_0_ from PRODUCT product0_ where product0_.PRODUCT_ID=?
DEBUG Loader - Static select for action ACTION_REFRESH on entity com.expeditors.training.course3demo.model.Product: select product0_.PRODUCT_ID as PRODUCT1_4_0_, product0_.description as descript2_4_0_, product0_.name as name3_4_0_, product0_.price as price4_4_0_ from PRODUCT product0_ where product0_.PRODUCT_ID=?
DEBUG OneToManyLoader - Static select for one-to-many com.expeditors.training.course3demo.model.Card.phoneNumbers: select phonenumbe0_.CARD_ID as CARD3_1_1_, phonenumbe0_.PHONE_NUMBER_ID as PHONE1_3_1_, phonenumbe0_.index as index4_1_, phonenumbe0_.PHONE_NUMBER_ID as PHONE1_3_0_, phonenumbe0_.CARD_ID as CARD3_3_0_, phonenumbe0_.PHONE_NUMBER as PHONE2_3_0_ from PHONE_NUMBER phonenumbe0_ where phonenumbe0_.CARD_ID=?
DEBUG OneToManyLoader - Static select for one-to-many com.expeditors.training.course3demo.model.UserAccount.userRoles: select userroles0_.ROLE_OWNER as ROLE3_6_1_, userroles0_.ROLE_ID as ROLE1_7_1_, userroles0_.ROLE_ID as ROLE1_7_0_, userroles0_.ROLE_NAME as ROLE2_7_0_, userroles0_.ROLE_OWNER as ROLE3_7_0_ from USERROLE userroles0_ where userroles0_.ROLE_OWNER=?
DEBUG SessionFactoryRegistry - Initializing SessionFactoryRegistry : org.hibernate.internal.SessionFactoryRegistry@415e0bcb
DEBUG SessionFactoryRegistry - Registering SessionFactory: a14c5a21-7d17-4b5d-932b-390dbe203a28 (&lt;unnamed&gt;)
DEBUG SessionFactoryRegistry - Not binding SessionFactory to JNDI, no JNDI name configured
DEBUG SessionFactoryImpl - Instantiated session factory
DEBUG Configuration - Processing hbm.xml files
DEBUG Configuration - Process annotated classes
DEBUG Configuration - Processing fk mappings (*ToOne and JoinedSubclass)
DEBUG Configuration - Processing extends queue
DEBUG Configuration - Processing extends queue
DEBUG Configuration - Processing collection mappings
DEBUG Configuration - Processing native query and ResultSetMapping mappings
DEBUG Configuration - Processing association property references
DEBUG Configuration - Creating tables&apos; unique integer identifiers
DEBUG Configuration - Processing foreign key constraints
DEBUG Configuration - Resolving reference to class: com.expeditors.training.course3demo.model.Address
DEBUG Configuration - Resolving reference to class: com.expeditors.training.course3demo.model.Card
DEBUG Configuration - Resolving reference to class: com.expeditors.training.course3demo.model.UserAccount
DEBUG DefaultIdentifierGeneratorFactory - Setting dialect [org.hibernate.dialect.HSQLDialect]
DEBUG DefaultIdentifierGeneratorFactory - Setting dialect [org.hibernate.dialect.HSQLDialect]
DEBUG DefaultIdentifierGeneratorFactory - Setting dialect [org.hibernate.dialect.HSQLDialect]
DEBUG DefaultIdentifierGeneratorFactory - Setting dialect [org.hibernate.dialect.HSQLDialect]
DEBUG DefaultIdentifierGeneratorFactory - Setting dialect [org.hibernate.dialect.HSQLDialect]
DEBUG DefaultIdentifierGeneratorFactory - Setting dialect [org.hibernate.dialect.HSQLDialect]
DEBUG DefaultIdentifierGeneratorFactory - Setting dialect [org.hibernate.dialect.HSQLDialect]
DEBUG DefaultIdentifierGeneratorFactory - Setting dialect [org.hibernate.dialect.HSQLDialect]
DEBUG Configuration - Processing hbm.xml files
DEBUG Configuration - Process annotated classes
DEBUG Configuration - Processing fk mappings (*ToOne and JoinedSubclass)
DEBUG Configuration - Processing extends queue
DEBUG Configuration - Processing extends queue
DEBUG Configuration - Processing collection mappings
DEBUG Configuration - Processing native query and ResultSetMapping mappings
DEBUG Configuration - Processing association property references
DEBUG Configuration - Creating tables&apos; unique integer identifiers
DEBUG Configuration - Processing foreign key constraints
DEBUG Configuration - Resolving reference to class: com.expeditors.training.course3demo.model.Address
DEBUG Configuration - Resolving reference to class: com.expeditors.training.course3demo.model.Card
DEBUG Configuration - Resolving reference to class: com.expeditors.training.course3demo.model.UserAccount
DEBUG DefaultIdentifierGeneratorFactory - Setting dialect [org.hibernate.dialect.HSQLDialect]
DEBUG DefaultIdentifierGeneratorFactory - Setting dialect [org.hibernate.dialect.HSQLDialect]
DEBUG DefaultIdentifierGeneratorFactory - Setting dialect [org.hibernate.dialect.HSQLDialect]
DEBUG DefaultIdentifierGeneratorFactory - Setting dialect [org.hibernate.dialect.HSQLDialect]
DEBUG DefaultIdentifierGeneratorFactory - Setting dialect [org.hibernate.dialect.HSQLDialect]
DEBUG DefaultIdentifierGeneratorFactory - Setting dialect [org.hibernate.dialect.HSQLDialect]
DEBUG DefaultIdentifierGeneratorFactory - Setting dialect [org.hibernate.dialect.HSQLDialect]
DEBUG DefaultIdentifierGeneratorFactory - Setting dialect [org.hibernate.dialect.HSQLDialect]
DEBUG DefaultIdentifierGeneratorFactory - Setting dialect [org.hibernate.dialect.HSQLDialect]
DEBUG DefaultIdentifierGeneratorFactory - Setting dialect [org.hibernate.dialect.HSQLDialect]
DEBUG DefaultIdentifierGeneratorFactory - Setting dialect [org.hibernate.dialect.HSQLDialect]
DEBUG DefaultIdentifierGeneratorFactory - Setting dialect [org.hibernate.dialect.HSQLDialect]
DEBUG DefaultIdentifierGeneratorFactory - Setting dialect [org.hibernate.dialect.HSQLDialect]
DEBUG DefaultIdentifierGeneratorFactory - Setting dialect [org.hibernate.dialect.HSQLDialect]
DEBUG DefaultIdentifierGeneratorFactory - Setting dialect [org.hibernate.dialect.HSQLDialect]
DEBUG DefaultIdentifierGeneratorFactory - Setting dialect [org.hibernate.dialect.HSQLDialect]
INFO  SchemaExport - HHH000227: Running hbm2ddl schema export
DEBUG SchemaExport - Import file not found: /import.sql
DEBUG DriverManagerDataSource - Creating new JDBC DriverManager Connection to [jdbc:hsqldb:mem:paging]
DEBUG SQL - alter table CARD drop constraint FK_c770f9bb671049af9e4be0b8cbb
Hibernate: alter table CARD drop constraint FK_c770f9bb671049af9e4be0b8cbb
ERROR SchemaExport - HHH000389: Unsuccessful: alter table CARD drop constraint FK_c770f9bb671049af9e4be0b8cbb
ERROR SchemaExport - user lacks privilege or object not found: PUBLIC.CARD
DEBUG SQL - alter table PHONE_NUMBER drop constraint FK_65e8b79d2cfa4f40afb1c66908c
Hibernate: alter table PHONE_NUMBER drop constraint FK_65e8b79d2cfa4f40afb1c66908c
ERROR SchemaExport - HHH000389: Unsuccessful: alter table PHONE_NUMBER drop constraint FK_65e8b79d2cfa4f40afb1c66908c
ERROR SchemaExport - user lacks privilege or object not found: PUBLIC.PHONE_NUMBER
DEBUG SQL - alter table USERROLE drop constraint FK_83f7274b52014a32bbf734e3f5f
Hibernate: alter table USERROLE drop constraint FK_83f7274b52014a32bbf734e3f5f
ERROR SchemaExport - HHH000389: Unsuccessful: alter table USERROLE drop constraint FK_83f7274b52014a32bbf734e3f5f
ERROR SchemaExport - user lacks privilege or object not found: PUBLIC.USERROLE
DEBUG SQL - drop table ADDRESS if exists
Hibernate: drop table ADDRESS if exists
DEBUG SQL - drop table CARD if exists
Hibernate: drop table CARD if exists
DEBUG SQL - drop table Container if exists
Hibernate: drop table Container if exists
DEBUG SQL - drop table PHONE_NUMBER if exists
Hibernate: drop table PHONE_NUMBER if exists
DEBUG SQL - drop table PRODUCT if exists
Hibernate: drop table PRODUCT if exists
DEBUG SQL - drop table Shipment if exists
Hibernate: drop table Shipment if exists
DEBUG SQL - drop table USERACCOUNT if exists
Hibernate: drop table USERACCOUNT if exists
DEBUG SQL - drop table USERROLE if exists
Hibernate: drop table USERROLE if exists
DEBUG SQL - create table ADDRESS (ADDRESS_ID bigint generated by default as identity (start with 1), city varchar(255) not null, state CHAR(2) not null, street varchar(255) not null, primary key (ADDRESS_ID))
Hibernate: create table ADDRESS (ADDRESS_ID bigint generated by default as identity (start with 1), city varchar(255) not null, state CHAR(2) not null, street varchar(255) not null, primary key (ADDRESS_ID))
DEBUG SQL - create table CARD (CARD_ID bigint generated by default as identity (start with 1), amount double, CARD_NUMBER char not null, OWNER_NAME varchar(255) not null, address bigint, primary key (CARD_ID))
Hibernate: create table CARD (CARD_ID bigint generated by default as identity (start with 1), amount double, CARD_NUMBER char not null, OWNER_NAME varchar(255) not null, address bigint, primary key (CARD_ID))
DEBUG SQL - create table Container (CONTAINER_ID bigint generated by default as identity (start with 1), capacity double not null check (capacity&gt;=0), destination varchar(255), location varchar(255), name varchar(40), status varchar(255), primary key (CONTAINER_ID))
Hibernate: create table Container (CONTAINER_ID bigint generated by default as identity (start with 1), capacity double not null check (capacity&gt;=0), destination varchar(255), location varchar(255), name varchar(40), status varchar(255), primary key (CONTAINER_ID))
DEBUG SQL - create table PHONE_NUMBER (PHONE_NUMBER_ID bigint generated by default as identity (start with 1), PHONE_NUMBER char not null, CARD_ID bigint not null, index integer, primary key (PHONE_NUMBER_ID))
Hibernate: create table PHONE_NUMBER (PHONE_NUMBER_ID bigint generated by default as identity (start with 1), PHONE_NUMBER char not null, CARD_ID bigint not null, index integer, primary key (PHONE_NUMBER_ID))
DEBUG SQL - create table PRODUCT (PRODUCT_ID bigint generated by default as identity (start with 1), description varchar(255), name varchar(255), price double, primary key (PRODUCT_ID))
Hibernate: create table PRODUCT (PRODUCT_ID bigint generated by default as identity (start with 1), description varchar(255), name varchar(255), price double, primary key (PRODUCT_ID))
DEBUG SQL - create table Shipment (SHIPMENT_ID bigint generated by default as identity (start with 1), destination varchar(255), name varchar(40), origin varchar(255), volume double not null check (volume&gt;=0), primary key (SHIPMENT_ID))
Hibernate: create table Shipment (SHIPMENT_ID bigint generated by default as identity (start with 1), destination varchar(255), name varchar(40), origin varchar(255), volume double not null check (volume&gt;=0), primary key (SHIPMENT_ID))
DEBUG SQL - create table USERACCOUNT (USER_ID bigint generated by default as identity (start with 1), enabled boolean, password varchar(50), username varchar(255), primary key (USER_ID))
Hibernate: create table USERACCOUNT (USER_ID bigint generated by default as identity (start with 1), enabled boolean, password varchar(50), username varchar(255), primary key (USER_ID))
DEBUG SQL - create table USERROLE (ROLE_ID bigint generated by default as identity (start with 1), ROLE_NAME varchar(40) not null, ROLE_OWNER bigint not null, primary key (ROLE_ID))
Hibernate: create table USERROLE (ROLE_ID bigint generated by default as identity (start with 1), ROLE_NAME varchar(40) not null, ROLE_OWNER bigint not null, primary key (ROLE_ID))
DEBUG SQL - alter table CARD add constraint FK_c770f9bb671049af9e4be0b8cbb foreign key (address) references ADDRESS
Hibernate: alter table CARD add constraint FK_c770f9bb671049af9e4be0b8cbb foreign key (address) references ADDRESS
DEBUG SQL - alter table PHONE_NUMBER add constraint FK_65e8b79d2cfa4f40afb1c66908c foreign key (CARD_ID) references CARD
Hibernate: alter table PHONE_NUMBER add constraint FK_65e8b79d2cfa4f40afb1c66908c foreign key (CARD_ID) references CARD
DEBUG SQL - alter table USERROLE add constraint FK_83f7274b52014a32bbf734e3f5f foreign key (ROLE_OWNER) references USERACCOUNT
Hibernate: alter table USERROLE add constraint FK_83f7274b52014a32bbf734e3f5f foreign key (ROLE_OWNER) references USERACCOUNT
INFO  SchemaExport - HHH000230: Schema export complete
DEBUG Configuration - Processing hbm.xml files
DEBUG Configuration - Process annotated classes
DEBUG Configuration - Processing fk mappings (*ToOne and JoinedSubclass)
DEBUG Configuration - Processing extends queue
DEBUG Configuration - Processing extends queue
DEBUG Configuration - Processing collection mappings
DEBUG Configuration - Processing native query and ResultSetMapping mappings
DEBUG Configuration - Processing association property references
DEBUG Configuration - Creating tables&apos; unique integer identifiers
DEBUG Configuration - Processing foreign key constraints
DEBUG Configuration - Resolving reference to class: com.expeditors.training.course3demo.model.Address
DEBUG Configuration - Resolving reference to class: com.expeditors.training.course3demo.model.Card
DEBUG Configuration - Resolving reference to class: com.expeditors.training.course3demo.model.UserAccount
DEBUG DefaultIdentifierGeneratorFactory - Setting dialect [org.hibernate.dialect.HSQLDialect]
DEBUG DefaultIdentifierGeneratorFactory - Setting dialect [org.hibernate.dialect.HSQLDialect]
DEBUG DefaultIdentifierGeneratorFactory - Setting dialect [org.hibernate.dialect.HSQLDialect]
DEBUG DefaultIdentifierGeneratorFactory - Setting dialect [org.hibernate.dialect.HSQLDialect]
DEBUG DefaultIdentifierGeneratorFactory - Setting dialect [org.hibernate.dialect.HSQLDialect]
DEBUG DefaultIdentifierGeneratorFactory - Setting dialect [org.hibernate.dialect.HSQLDialect]
DEBUG DefaultIdentifierGeneratorFactory - Setting dialect [org.hibernate.dialect.HSQLDialect]
DEBUG DefaultIdentifierGeneratorFactory - Setting dialect [org.hibernate.dialect.HSQLDialect]
DEBUG Configuration - Processing hbm.xml files
DEBUG Configuration - Process annotated classes
DEBUG Configuration - Processing fk mappings (*ToOne and JoinedSubclass)
DEBUG Configuration - Processing extends queue
DEBUG Configuration - Processing extends queue
DEBUG Configuration - Processing collection mappings
DEBUG Configuration - Processing native query and ResultSetMapping mappings
DEBUG Configuration - Processing association property references
DEBUG Configuration - Creating tables&apos; unique integer identifiers
DEBUG Configuration - Processing foreign key constraints
DEBUG Configuration - Resolving reference to class: com.expeditors.training.course3demo.model.Address
DEBUG Configuration - Resolving reference to class: com.expeditors.training.course3demo.model.Card
DEBUG Configuration - Resolving reference to class: com.expeditors.training.course3demo.model.UserAccount
DEBUG DefaultIdentifierGeneratorFactory - Setting dialect [org.hibernate.dialect.HSQLDialect]
DEBUG DefaultIdentifierGeneratorFactory - Setting dialect [org.hibernate.dialect.HSQLDialect]
DEBUG DefaultIdentifierGeneratorFactory - Setting dialect [org.hibernate.dialect.HSQLDialect]
DEBUG DefaultIdentifierGeneratorFactory - Setting dialect [org.hibernate.dialect.HSQLDialect]
DEBUG DefaultIdentifierGeneratorFactory - Setting dialect [org.hibernate.dialect.HSQLDialect]
DEBUG DefaultIdentifierGeneratorFactory - Setting dialect [org.hibernate.dialect.HSQLDialect]
DEBUG DefaultIdentifierGeneratorFactory - Setting dialect [org.hibernate.dialect.HSQLDialect]
DEBUG DefaultIdentifierGeneratorFactory - Setting dialect [org.hibernate.dialect.HSQLDialect]
DEBUG DefaultIdentifierGeneratorFactory - Setting dialect [org.hibernate.dialect.HSQLDialect]
DEBUG DefaultIdentifierGeneratorFactory - Setting dialect [org.hibernate.dialect.HSQLDialect]
DEBUG DefaultIdentifierGeneratorFactory - Setting dialect [org.hibernate.dialect.HSQLDialect]
DEBUG DefaultIdentifierGeneratorFactory - Setting dialect [org.hibernate.dialect.HSQLDialect]
DEBUG DefaultIdentifierGeneratorFactory - Setting dialect [org.hibernate.dialect.HSQLDialect]
DEBUG DefaultIdentifierGeneratorFactory - Setting dialect [org.hibernate.dialect.HSQLDialect]
DEBUG DefaultIdentifierGeneratorFactory - Setting dialect [org.hibernate.dialect.HSQLDialect]
DEBUG DefaultIdentifierGeneratorFactory - Setting dialect [org.hibernate.dialect.HSQLDialect]
DEBUG SessionFactoryImpl - Checking 0 named HQL queries
DEBUG SessionFactoryImpl - Checking 0 named SQL queries
DEBUG StatisticsInitiator - Statistics initialized [enabled=false]
DEBUG EntityManagerFactoryRegistry - Initializing EntityManagerFactoryRegistry : org.hibernate.ejb.internal.EntityManagerFactoryRegistry@2e647e59
DEBUG EntityManagerFactoryRegistry - Registering EntityManagerFactory: default 
DEBUG DefaultListableBeanFactory - Finished creating instance of bean &apos;entityManagerFactory&apos;
INFO  DefaultListableBeanFactory - Pre-instantiating singletons in org.springframework.beans.factory.support.DefaultListableBeanFactory@229d10bd: defining beans [org.springframework.context.annotation.internalConfigurationAnnotationProcessor,org.springframework.context.annotation.internalAutowiredAnnotationProcessor,org.springframework.context.annotation.internalRequiredAnnotationProcessor,org.springframework.context.annotation.internalCommonAnnotationProcessor,org.springframework.context.annotation.internalPersistenceAnnotationProcessor,testConfig,org.springframework.context.annotation.ConfigurationClassPostProcessor.importAwareProcessor,cardController,containerController,errorLoginController,homeController,productController,securityController,shipmentController,org.springframework.web.servlet.config.annotation.DelegatingWebMvcConfiguration,requestMappingHandlerMapping,mvcContentNegotiationManager,viewControllerHandlerMapping,beanNameHandlerMapping,resourceHandlerMapping,defaultServletHandlerMapping,requestMappingHandlerAdapter,mvcConversionService,httpRequestHandlerAdapter,simpleControllerHandlerAdapter,handlerExceptionResolver,mvcValidator,com.expeditors.training.course3demo.config.PersistenceJPATestConfig,entityManagerFactory,dataSource,containerService,shipmentService,productService,viewResolver]; root of factory hierarchy
DEBUG DefaultListableBeanFactory - Returning cached instance of singleton bean &apos;org.springframework.context.annotation.internalConfigurationAnnotationProcessor&apos;
DEBUG DefaultListableBeanFactory - Returning cached instance of singleton bean &apos;org.springframework.context.annotation.internalAutowiredAnnotationProcessor&apos;
DEBUG DefaultListableBeanFactory - Returning cached instance of singleton bean &apos;org.springframework.context.annotation.internalRequiredAnnotationProcessor&apos;
DEBUG DefaultListableBeanFactory - Returning cached instance of singleton bean &apos;org.springframework.context.annotation.internalCommonAnnotationProcessor&apos;
DEBUG DefaultListableBeanFactory - Returning cached instance of singleton bean &apos;org.springframework.context.annotation.internalPersistenceAnnotationProcessor&apos;
DEBUG DefaultListableBeanFactory - Creating shared instance of singleton bean &apos;testConfig&apos;
DEBUG DefaultListableBeanFactory - Creating instance of bean &apos;testConfig&apos;
DEBUG DefaultListableBeanFactory - Eagerly caching bean &apos;testConfig&apos; to allow for resolving potential circular references
DEBUG DefaultListableBeanFactory - Finished creating instance of bean &apos;testConfig&apos;
DEBUG DefaultListableBeanFactory - Returning cached instance of singleton bean &apos;org.springframework.context.annotation.ConfigurationClassPostProcessor.importAwareProcessor&apos;
DEBUG DefaultListableBeanFactory - Creating shared instance of singleton bean &apos;cardController&apos;
DEBUG DefaultListableBeanFactory - Creating instance of bean &apos;cardController&apos;
DEBUG InjectionMetadata - Registered injected element on class [com.expeditors.training.course3demo.controller.CardController]: AutowiredFieldElement for com.expeditors.training.course3demo.service.CardService com.expeditors.training.course3demo.controller.CardController.cardService
DEBUG DefaultListableBeanFactory - Eagerly caching bean &apos;cardController&apos; to allow for resolving potential circular references
DEBUG InjectionMetadata - Processing injected method of bean &apos;cardController&apos;: AutowiredFieldElement for com.expeditors.training.course3demo.service.CardService com.expeditors.training.course3demo.controller.CardController.cardService
INFO  DefaultListableBeanFactory - Destroying singletons in org.springframework.beans.factory.support.DefaultListableBeanFactory@229d10bd: defining beans [org.springframework.context.annotation.internalConfigurationAnnotationProcessor,org.springframework.context.annotation.internalAutowiredAnnotationProcessor,org.springframework.context.annotation.internalRequiredAnnotationProcessor,org.springframework.context.annotation.internalCommonAnnotationProcessor,org.springframework.context.annotation.internalPersistenceAnnotationProcessor,testConfig,org.springframework.context.annotation.ConfigurationClassPostProcessor.importAwareProcessor,cardController,containerController,errorLoginController,homeController,productController,securityController,shipmentController,org.springframework.web.servlet.config.annotation.DelegatingWebMvcConfiguration,requestMappingHandlerMapping,mvcContentNegotiationManager,viewControllerHandlerMapping,beanNameHandlerMapping,resourceHandlerMapping,defaultServletHandlerMapping,requestMappingHandlerAdapter,mvcConversionService,httpRequestHandlerAdapter,simpleControllerHandlerAdapter,handlerExceptionResolver,mvcValidator,com.expeditors.training.course3demo.config.PersistenceJPATestConfig,entityManagerFactory,dataSource,containerService,shipmentService,productService,viewResolver]; root of factory hierarchy
DEBUG DisposableBeanAdapter - Invoking destroy() on bean with name &apos;testConfig&apos;
DEBUG DisposableBeanAdapter - Invoking destroy() on bean with name &apos;entityManagerFactory&apos;
INFO  LocalContainerEntityManagerFactoryBean - Closing JPA EntityManagerFactory for persistence unit &apos;default&apos;
DEBUG SessionFactoryImpl - HHH000031: Closing
INFO  SchemaExport - HHH000227: Running hbm2ddl schema export
DEBUG SchemaExport - Import file not found: /import.sql
DEBUG DriverManagerDataSource - Creating new JDBC DriverManager Connection to [jdbc:hsqldb:mem:paging]
DEBUG SQL - alter table CARD drop constraint FK_c770f9bb671049af9e4be0b8cbb
Hibernate: alter table CARD drop constraint FK_c770f9bb671049af9e4be0b8cbb
DEBUG SQL - alter table PHONE_NUMBER drop constraint FK_65e8b79d2cfa4f40afb1c66908c
Hibernate: alter table PHONE_NUMBER drop constraint FK_65e8b79d2cfa4f40afb1c66908c
DEBUG SQL - alter table USERROLE drop constraint FK_83f7274b52014a32bbf734e3f5f
Hibernate: alter table USERROLE drop constraint FK_83f7274b52014a32bbf734e3f5f
DEBUG SQL - drop table ADDRESS if exists
Hibernate: drop table ADDRESS if exists
DEBUG SQL - drop table CARD if exists
Hibernate: drop table CARD if exists
DEBUG SQL - drop table Container if exists
Hibernate: drop table Container if exists
DEBUG SQL - drop table PHONE_NUMBER if exists
Hibernate: drop table PHONE_NUMBER if exists
DEBUG SQL - drop table PRODUCT if exists
Hibernate: drop table PRODUCT if exists
DEBUG SQL - drop table Shipment if exists
Hibernate: drop table Shipment if exists
DEBUG SQL - drop table USERACCOUNT if exists
Hibernate: drop table USERACCOUNT if exists
DEBUG SQL - drop table USERROLE if exists
Hibernate: drop table USERROLE if exists
INFO  SchemaExport - HHH000230: Schema export complete
DEBUG EntityManagerFactoryRegistry - Remove: name=default
DEBUG DisposableBeanAdapter - Invoking destroy() on bean with name &apos;com.expeditors.training.course3demo.config.PersistenceJPATestConfig&apos;
ERROR TestContextManager - Caught exception while allowing TestExecutionListener [org.springframework.test.context.web.ServletTestExecutionListener@5942ee04] to prepare test instance [com.expeditors.training.course3demo.controller.ContainerControllerTest@5e76a2bb]
java.lang.IllegalStateException: Failed to load ApplicationContext
	at org.springframework.test.context.CacheAwareContextLoaderDelegate.loadContext(CacheAwareContextLoaderDelegate.java:99) ~[spring-test-3.2.3.RELEASE.jar:3.2.3.RELEASE]
	at org.springframework.test.context.TestContext.getApplicationContext(TestContext.java:122) ~[spring-test-3.2.3.RELEASE.jar:3.2.3.RELEASE]
	at org.springframework.test.context.web.ServletTestExecutionListener.setUpRequestContextIfNecessary(ServletTestExecutionListener.java:105) ~[spring-test-3.2.3.RELEASE.jar:3.2.3.RELEASE]
	at org.springframework.test.context.web.ServletTestExecutionListener.prepareTestInstance(ServletTestExecutionListener.java:74) ~[spring-test-3.2.3.RELEASE.jar:3.2.3.RELEASE]
	at org.springframework.test.context.TestContextManager.prepareTestInstance(TestContextManager.java:312) ~[spring-test-3.2.3.RELEASE.jar:3.2.3.RELEASE]
	at org.springframework.test.context.junit4.SpringJUnit4ClassRunner.createTest(SpringJUnit4ClassRunner.java:211) [spring-test-3.2.3.RELEASE.jar:3.2.3.RELEASE]
	at org.springframework.test.context.junit4.SpringJUnit4ClassRunner$1.runReflectiveCall(SpringJUnit4ClassRunner.java:288) [spring-test-3.2.3.RELEASE.jar:3.2.3.RELEASE]
	at org.junit.internal.runners.model.ReflectiveCallable.run(ReflectiveCallable.java:12) [junit-4.11.jar:na]
	at org.springframework.test.context.junit4.SpringJUnit4ClassRunner.methodBlock(SpringJUnit4ClassRunner.java:284) [spring-test-3.2.3.RELEASE.jar:3.2.3.RELEASE]
	at org.springframework.test.context.junit4.SpringJUnit4ClassRunner.runChild(SpringJUnit4ClassRunner.java:231) [spring-test-3.2.3.RELEASE.jar:3.2.3.RELEASE]
	at org.springframework.test.context.junit4.SpringJUnit4ClassRunner.runChild(SpringJUnit4ClassRunner.java:88) [spring-test-3.2.3.RELEASE.jar:3.2.3.RELEASE]
	at org.junit.runners.ParentRunner$3.run(ParentRunner.java:238) [junit-4.11.jar:na]
	at org.junit.runners.ParentRunner$1.schedule(ParentRunner.java:63) [junit-4.11.jar:na]
	at org.junit.runners.ParentRunner.runChildren(ParentRunner.java:236) [junit-4.11.jar:na]
	at org.junit.runners.ParentRunner.access$000(ParentRunner.java:53) [junit-4.11.jar:na]
	at org.junit.runners.ParentRunner$2.evaluate(ParentRunner.java:229) [junit-4.11.jar:na]
	at org.springframework.test.context.junit4.statements.RunBeforeTestClassCallbacks.evaluate(RunBeforeTestClassCallbacks.java:61) [spring-test-3.2.3.RELEASE.jar:3.2.3.RELEASE]
	at org.springframework.test.context.junit4.statements.RunAfterTestClassCallbacks.evaluate(RunAfterTestClassCallbacks.java:71) [spring-test-3.2.3.RELEASE.jar:3.2.3.RELEASE]
	at org.junit.runners.ParentRunner.run(ParentRunner.java:309) [junit-4.11.jar:na]
	at org.springframework.test.context.junit4.SpringJUnit4ClassRunner.run(SpringJUnit4ClassRunner.java:174) [spring-test-3.2.3.RELEASE.jar:3.2.3.RELEASE]
	at org.apache.maven.surefire.junit4.JUnit4Provider.execute(JUnit4Provider.java:252) [surefire-junit4-2.12.4.jar:2.12.4]
	at org.apache.maven.surefire.junit4.JUnit4Provider.executeTestSet(JUnit4Provider.java:141) [surefire-junit4-2.12.4.jar:2.12.4]
	at org.apache.maven.surefire.junit4.JUnit4Provider.invoke(JUnit4Provider.java:112) [surefire-junit4-2.12.4.jar:2.12.4]
	at sun.reflect.NativeMethodAccessorImpl.invoke0(Native Method) ~[na:1.8.0_20]
	at sun.reflect.NativeMethodAccessorImpl.invoke(NativeMethodAccessorImpl.java:62) ~[na:1.8.0_20]
	at sun.reflect.DelegatingMethodAccessorImpl.invoke(DelegatingMethodAccessorImpl.java:43) ~[na:1.8.0_20]
	at java.lang.reflect.Method.invoke(Method.java:483) ~[na:1.8.0_20]
	at org.apache.maven.surefire.util.ReflectionUtils.invokeMethodWithArray(ReflectionUtils.java:189) [surefire-api-2.12.4.jar:2.12.4]
	at org.apache.maven.surefire.booter.ProviderFactory$ProviderProxy.invoke(ProviderFactory.java:165) [surefire-booter-2.12.4.jar:2.12.4]
	at org.apache.maven.surefire.booter.ProviderFactory.invokeProvider(ProviderFactory.java:85) [surefire-booter-2.12.4.jar:2.12.4]
	at org.apache.maven.surefire.booter.ForkedBooter.runSuitesInProcess(ForkedBooter.java:115) [surefire-booter-2.12.4.jar:2.12.4]
	at org.apache.maven.surefire.booter.ForkedBooter.main(ForkedBooter.java:75) [surefire-booter-2.12.4.jar:2.12.4]
Caused by: org.springframework.beans.factory.BeanCreationException: Error creating bean with name &apos;cardController&apos;: Injection of autowired dependencies failed; nested exception is org.springframework.beans.factory.BeanCreationException: Could not autowire field: com.expeditors.training.course3demo.service.CardService com.expeditors.training.course3demo.controller.CardController.cardService; nested exception is org.springframework.beans.factory.NoSuchBeanDefinitionException: No qualifying bean of type [com.expeditors.training.course3demo.service.CardService] found for dependency: expected at least 1 bean which qualifies as autowire candidate for this dependency. Dependency annotations: {@org.springframework.beans.factory.annotation.Autowired(required=true)}
	at org.springframework.beans.factory.annotation.AutowiredAnnotationBeanPostProcessor.postProcessPropertyValues(AutowiredAnnotationBeanPostProcessor.java:288) ~[spring-beans-3.2.3.RELEASE.jar:3.2.3.RELEASE]
	at org.springframework.beans.factory.support.AbstractAutowireCapableBeanFactory.populateBean(AbstractAutowireCapableBeanFactory.java:1116) ~[spring-beans-3.2.3.RELEASE.jar:3.2.3.RELEASE]
	at org.springframework.beans.factory.support.AbstractAutowireCapableBeanFactory.doCreateBean(AbstractAutowireCapableBeanFactory.java:519) ~[spring-beans-3.2.3.RELEASE.jar:3.2.3.RELEASE]
	at org.springframework.beans.factory.support.AbstractAutowireCapableBeanFactory.createBean(AbstractAutowireCapableBeanFactory.java:458) ~[spring-beans-3.2.3.RELEASE.jar:3.2.3.RELEASE]
	at org.springframework.beans.factory.support.AbstractBeanFactory$1.getObject(AbstractBeanFactory.java:295) ~[spring-beans-3.2.3.RELEASE.jar:3.2.3.RELEASE]
	at org.springframework.beans.factory.support.DefaultSingletonBeanRegistry.getSingleton(DefaultSingletonBeanRegistry.java:223) ~[spring-beans-3.2.3.RELEASE.jar:3.2.3.RELEASE]
	at org.springframework.beans.factory.support.AbstractBeanFactory.doGetBean(AbstractBeanFactory.java:292) ~[spring-beans-3.2.3.RELEASE.jar:3.2.3.RELEASE]
	at org.springframework.beans.factory.support.AbstractBeanFactory.getBean(AbstractBeanFactory.java:194) ~[spring-beans-3.2.3.RELEASE.jar:3.2.3.RELEASE]
	at org.springframework.beans.factory.support.DefaultListableBeanFactory.preInstantiateSingletons(DefaultListableBeanFactory.java:626) ~[spring-beans-3.2.3.RELEASE.jar:3.2.3.RELEASE]
	at org.springframework.context.support.AbstractApplicationContext.finishBeanFactoryInitialization(AbstractApplicationContext.java:932) ~[spring-context-3.2.3.RELEASE.jar:3.2.3.RELEASE]
	at org.springframework.context.support.AbstractApplicationContext.refresh(AbstractApplicationContext.java:479) ~[spring-context-3.2.3.RELEASE.jar:3.2.3.RELEASE]
	at org.springframework.test.context.web.AbstractGenericWebContextLoader.loadContext(AbstractGenericWebContextLoader.java:128) ~[spring-test-3.2.3.RELEASE.jar:3.2.3.RELEASE]
	at org.springframework.test.context.web.AbstractGenericWebContextLoader.loadContext(AbstractGenericWebContextLoader.java:60) ~[spring-test-3.2.3.RELEASE.jar:3.2.3.RELEASE]
	at org.springframework.test.context.support.AbstractDelegatingSmartContextLoader.delegateLoading(AbstractDelegatingSmartContextLoader.java:100) ~[spring-test-3.2.3.RELEASE.jar:3.2.3.RELEASE]
	at org.springframework.test.context.support.AbstractDelegatingSmartContextLoader.loadContext(AbstractDelegatingSmartContextLoader.java:248) ~[spring-test-3.2.3.RELEASE.jar:3.2.3.RELEASE]
	at org.springframework.test.context.CacheAwareContextLoaderDelegate.loadContextInternal(CacheAwareContextLoaderDelegate.java:64) ~[spring-test-3.2.3.RELEASE.jar:3.2.3.RELEASE]
	at org.springframework.test.context.CacheAwareContextLoaderDelegate.loadContext(CacheAwareContextLoaderDelegate.java:91) ~[spring-test-3.2.3.RELEASE.jar:3.2.3.RELEASE]
	... 31 common frames omitted
Caused by: org.springframework.beans.factory.BeanCreationException: Could not autowire field: com.expeditors.training.course3demo.service.CardService com.expeditors.training.course3demo.controller.CardController.cardService; nested exception is org.springframework.beans.factory.NoSuchBeanDefinitionException: No qualifying bean of type [com.expeditors.training.course3demo.service.CardService] found for dependency: expected at least 1 bean which qualifies as autowire candidate for this dependency. Dependency annotations: {@org.springframework.beans.factory.annotation.Autowired(required=true)}
	at org.springframework.beans.factory.annotation.AutowiredAnnotationBeanPostProcessor$AutowiredFieldElement.inject(AutowiredAnnotationBeanPostProcessor.java:514) ~[spring-beans-3.2.3.RELEASE.jar:3.2.3.RELEASE]
	at org.springframework.beans.factory.annotation.InjectionMetadata.inject(InjectionMetadata.java:87) ~[spring-beans-3.2.3.RELEASE.jar:3.2.3.RELEASE]
	at org.springframework.beans.factory.annotation.AutowiredAnnotationBeanPostProcessor.postProcessPropertyValues(AutowiredAnnotationBeanPostProcessor.java:285) ~[spring-beans-3.2.3.RELEASE.jar:3.2.3.RELEASE]
	... 47 common frames omitted
Caused by: org.springframework.beans.factory.NoSuchBeanDefinitionException: No qualifying bean of type [com.expeditors.training.course3demo.service.CardService] found for dependency: expected at least 1 bean which qualifies as autowire candidate for this dependency. Dependency annotations: {@org.springframework.beans.factory.annotation.Autowired(required=true)}
	at org.springframework.beans.factory.support.DefaultListableBeanFactory.raiseNoSuchBeanDefinitionException(DefaultListableBeanFactory.java:986) ~[spring-beans-3.2.3.RELEASE.jar:3.2.3.RELEASE]
	at org.springframework.beans.factory.support.DefaultListableBeanFactory.doResolveDependency(DefaultListableBeanFactory.java:856) ~[spring-beans-3.2.3.RELEASE.jar:3.2.3.RELEASE]
	at org.springframework.beans.factory.support.DefaultListableBeanFactory.resolveDependency(DefaultListableBeanFactory.java:768) ~[spring-beans-3.2.3.RELEASE.jar:3.2.3.RELEASE]
	at org.springframework.beans.factory.annotation.AutowiredAnnotationBeanPostProcessor$AutowiredFieldElement.inject(AutowiredAnnotationBeanPostProcessor.java:486) ~[spring-beans-3.2.3.RELEASE.jar:3.2.3.RELEASE]
	... 49 common frames omitted
</system-out>
  </testcase>
  <testcase classname="com.expeditors.training.course3demo.controller.ContainerControllerTest" name="testAddContainerSuccess" time="0.195">
    <error message="Failed to load ApplicationContext" type="java.lang.IllegalStateException">java.lang.IllegalStateException: Failed to load ApplicationContext
	at org.springframework.test.context.CacheAwareContextLoaderDelegate.loadContext(CacheAwareContextLoaderDelegate.java:99)
	at org.springframework.test.context.TestContext.getApplicationContext(TestContext.java:122)
	at org.springframework.test.context.web.ServletTestExecutionListener.setUpRequestContextIfNecessary(ServletTestExecutionListener.java:105)
	at org.springframework.test.context.web.ServletTestExecutionListener.prepareTestInstance(ServletTestExecutionListener.java:74)
	at org.springframework.test.context.TestContextManager.prepareTestInstance(TestContextManager.java:312)
	at org.springframework.test.context.junit4.SpringJUnit4ClassRunner.createTest(SpringJUnit4ClassRunner.java:211)
	at org.springframework.test.context.junit4.SpringJUnit4ClassRunner$1.runReflectiveCall(SpringJUnit4ClassRunner.java:288)
	at org.junit.internal.runners.model.ReflectiveCallable.run(ReflectiveCallable.java:12)
	at org.springframework.test.context.junit4.SpringJUnit4ClassRunner.methodBlock(SpringJUnit4ClassRunner.java:284)
	at org.springframework.test.context.junit4.SpringJUnit4ClassRunner.runChild(SpringJUnit4ClassRunner.java:231)
	at org.springframework.test.context.junit4.SpringJUnit4ClassRunner.runChild(SpringJUnit4ClassRunner.java:88)
	at org.junit.runners.ParentRunner$3.run(ParentRunner.java:238)
	at org.junit.runners.ParentRunner$1.schedule(ParentRunner.java:63)
	at org.junit.runners.ParentRunner.runChildren(ParentRunner.java:236)
	at org.junit.runners.ParentRunner.access$000(ParentRunner.java:53)
	at org.junit.runners.ParentRunner$2.evaluate(ParentRunner.java:229)
	at org.springframework.test.context.junit4.statements.RunBeforeTestClassCallbacks.evaluate(RunBeforeTestClassCallbacks.java:61)
	at org.springframework.test.context.junit4.statements.RunAfterTestClassCallbacks.evaluate(RunAfterTestClassCallbacks.java:71)
	at org.junit.runners.ParentRunner.run(ParentRunner.java:309)
	at org.springframework.test.context.junit4.SpringJUnit4ClassRunner.run(SpringJUnit4ClassRunner.java:174)
	at org.apache.maven.surefire.junit4.JUnit4Provider.execute(JUnit4Provider.java:252)
	at org.apache.maven.surefire.junit4.JUnit4Provider.executeTestSet(JUnit4Provider.java:141)
	at org.apache.maven.surefire.junit4.JUnit4Provider.invoke(JUnit4Provider.java:112)
	at sun.reflect.NativeMethodAccessorImpl.invoke0(Native Method)
	at sun.reflect.NativeMethodAccessorImpl.invoke(NativeMethodAccessorImpl.java:62)
	at sun.reflect.DelegatingMethodAccessorImpl.invoke(DelegatingMethodAccessorImpl.java:43)
	at java.lang.reflect.Method.invoke(Method.java:483)
	at org.apache.maven.surefire.util.ReflectionUtils.invokeMethodWithArray(ReflectionUtils.java:189)
	at org.apache.maven.surefire.booter.ProviderFactory$ProviderProxy.invoke(ProviderFactory.java:165)
	at org.apache.maven.surefire.booter.ProviderFactory.invokeProvider(ProviderFactory.java:85)
	at org.apache.maven.surefire.booter.ForkedBooter.runSuitesInProcess(ForkedBooter.java:115)
	at org.apache.maven.surefire.booter.ForkedBooter.main(ForkedBooter.java:75)
Caused by: org.springframework.beans.factory.BeanCreationException: Error creating bean with name &apos;cardController&apos;: Injection of autowired dependencies failed; nested exception is org.springframework.beans.factory.BeanCreationException: Could not autowire field: com.expeditors.training.course3demo.service.CardService com.expeditors.training.course3demo.controller.CardController.cardService; nested exception is org.springframework.beans.factory.NoSuchBeanDefinitionException: No qualifying bean of type [com.expeditors.training.course3demo.service.CardService] found for dependency: expected at least 1 bean which qualifies as autowire candidate for this dependency. Dependency annotations: {@org.springframework.beans.factory.annotation.Autowired(required=true)}
	at org.springframework.beans.factory.annotation.AutowiredAnnotationBeanPostProcessor.postProcessPropertyValues(AutowiredAnnotationBeanPostProcessor.java:288)
	at org.springframework.beans.factory.support.AbstractAutowireCapableBeanFactory.populateBean(AbstractAutowireCapableBeanFactory.java:1116)
	at org.springframework.beans.factory.support.AbstractAutowireCapableBeanFactory.doCreateBean(AbstractAutowireCapableBeanFactory.java:519)
	at org.springframework.beans.factory.support.AbstractAutowireCapableBeanFactory.createBean(AbstractAutowireCapableBeanFactory.java:458)
	at org.springframework.beans.factory.support.AbstractBeanFactory$1.getObject(AbstractBeanFactory.java:295)
	at org.springframework.beans.factory.support.DefaultSingletonBeanRegistry.getSingleton(DefaultSingletonBeanRegistry.java:223)
	at org.springframework.beans.factory.support.AbstractBeanFactory.doGetBean(AbstractBeanFactory.java:292)
	at org.springframework.beans.factory.support.AbstractBeanFactory.getBean(AbstractBeanFactory.java:194)
	at org.springframework.beans.factory.support.DefaultListableBeanFactory.preInstantiateSingletons(DefaultListableBeanFactory.java:626)
	at org.springframework.context.support.AbstractApplicationContext.finishBeanFactoryInitialization(AbstractApplicationContext.java:932)
	at org.springframework.context.support.AbstractApplicationContext.refresh(AbstractApplicationContext.java:479)
	at org.springframework.test.context.web.AbstractGenericWebContextLoader.loadContext(AbstractGenericWebContextLoader.java:128)
	at org.springframework.test.context.web.AbstractGenericWebContextLoader.loadContext(AbstractGenericWebContextLoader.java:60)
	at org.springframework.test.context.support.AbstractDelegatingSmartContextLoader.delegateLoading(AbstractDelegatingSmartContextLoader.java:100)
	at org.springframework.test.context.support.AbstractDelegatingSmartContextLoader.loadContext(AbstractDelegatingSmartContextLoader.java:248)
	at org.springframework.test.context.CacheAwareContextLoaderDelegate.loadContextInternal(CacheAwareContextLoaderDelegate.java:64)
	at org.springframework.test.context.CacheAwareContextLoaderDelegate.loadContext(CacheAwareContextLoaderDelegate.java:91)
	... 31 more
Caused by: org.springframework.beans.factory.BeanCreationException: Could not autowire field: com.expeditors.training.course3demo.service.CardService com.expeditors.training.course3demo.controller.CardController.cardService; nested exception is org.springframework.beans.factory.NoSuchBeanDefinitionException: No qualifying bean of type [com.expeditors.training.course3demo.service.CardService] found for dependency: expected at least 1 bean which qualifies as autowire candidate for this dependency. Dependency annotations: {@org.springframework.beans.factory.annotation.Autowired(required=true)}
	at org.springframework.beans.factory.annotation.AutowiredAnnotationBeanPostProcessor$AutowiredFieldElement.inject(AutowiredAnnotationBeanPostProcessor.java:514)
	at org.springframework.beans.factory.annotation.InjectionMetadata.inject(InjectionMetadata.java:87)
	at org.springframework.beans.factory.annotation.AutowiredAnnotationBeanPostProcessor.postProcessPropertyValues(AutowiredAnnotationBeanPostProcessor.java:285)
	... 47 more
Caused by: org.springframework.beans.factory.NoSuchBeanDefinitionException: No qualifying bean of type [com.expeditors.training.course3demo.service.CardService] found for dependency: expected at least 1 bean which qualifies as autowire candidate for this dependency. Dependency annotations: {@org.springframework.beans.factory.annotation.Autowired(required=true)}
	at org.springframework.beans.factory.support.DefaultListableBeanFactory.raiseNoSuchBeanDefinitionException(DefaultListableBeanFactory.java:986)
	at org.springframework.beans.factory.support.DefaultListableBeanFactory.doResolveDependency(DefaultListableBeanFactory.java:856)
	at org.springframework.beans.factory.support.DefaultListableBeanFactory.resolveDependency(DefaultListableBeanFactory.java:768)
	at org.springframework.beans.factory.annotation.AutowiredAnnotationBeanPostProcessor$AutowiredFieldElement.inject(AutowiredAnnotationBeanPostProcessor.java:486)
	... 49 more
</error>
    <system-out>DEBUG ProfileValueUtils - Retrieved @ProfileValueSourceConfiguration [null] for test class [com.expeditors.training.course3demo.controller.ContainerControllerTest]
DEBUG ProfileValueUtils - Retrieved ProfileValueSource type [class org.springframework.test.annotation.SystemProfileValueSource] for class [com.expeditors.training.course3demo.controller.ContainerControllerTest]
DEBUG AbstractDelegatingSmartContextLoader - Delegating to AnnotationConfigWebContextLoader to load context from [WebMergedContextConfiguration@1da51a35 testClass = ContainerControllerTest, locations = &apos;{}&apos;, classes = &apos;{class com.expeditors.training.course3demo.config.TestConfig}&apos;, contextInitializerClasses = &apos;[]&apos;, activeProfiles = &apos;{}&apos;, resourceBasePath = &apos;src/main/webapp&apos;, contextLoader = &apos;org.springframework.test.context.web.WebDelegatingSmartContextLoader&apos;, parent = [null]].
DEBUG AbstractGenericWebContextLoader - Loading WebApplicationContext for merged context configuration [WebMergedContextConfiguration@1da51a35 testClass = ContainerControllerTest, locations = &apos;{}&apos;, classes = &apos;{class com.expeditors.training.course3demo.config.TestConfig}&apos;, contextInitializerClasses = &apos;[]&apos;, activeProfiles = &apos;{}&apos;, resourceBasePath = &apos;src/main/webapp&apos;, contextLoader = &apos;org.springframework.test.context.web.WebDelegatingSmartContextLoader&apos;, parent = [null]].
DEBUG StandardServletEnvironment - Initializing new StandardServletEnvironment
DEBUG StandardServletEnvironment - Adding [servletConfigInitParams] PropertySource with lowest search precedence
DEBUG StandardServletEnvironment - Adding [servletContextInitParams] PropertySource with lowest search precedence
DEBUG StandardServletEnvironment - Adding [jndiProperties] PropertySource with lowest search precedence
DEBUG StandardServletEnvironment - Adding [systemProperties] PropertySource with lowest search precedence
DEBUG StandardServletEnvironment - Adding [systemEnvironment] PropertySource with lowest search precedence
DEBUG StandardServletEnvironment - Initialized StandardServletEnvironment with PropertySources [servletConfigInitParams,servletContextInitParams,jndiProperties,systemProperties,systemEnvironment]
DEBUG AnnotationConfigWebContextLoader - Registering annotated classes: {class com.expeditors.training.course3demo.config.TestConfig}
INFO  GenericWebApplicationContext - Refreshing org.springframework.web.context.support.GenericWebApplicationContext@5d05ef57: startup date [Thu Mar 05 07:38:52 PST 2015]; root of context hierarchy
DEBUG StandardServletEnvironment - Replacing [servletContextInitParams] PropertySource with [servletContextInitParams]
DEBUG GenericWebApplicationContext - Bean factory for org.springframework.web.context.support.GenericWebApplicationContext@5d05ef57: org.springframework.beans.factory.support.DefaultListableBeanFactory@213deac2: defining beans [org.springframework.context.annotation.internalConfigurationAnnotationProcessor,org.springframework.context.annotation.internalAutowiredAnnotationProcessor,org.springframework.context.annotation.internalRequiredAnnotationProcessor,org.springframework.context.annotation.internalCommonAnnotationProcessor,org.springframework.context.annotation.internalPersistenceAnnotationProcessor,testConfig]; root of factory hierarchy
DEBUG DefaultListableBeanFactory - Creating shared instance of singleton bean &apos;org.springframework.context.annotation.internalConfigurationAnnotationProcessor&apos;
DEBUG DefaultListableBeanFactory - Creating instance of bean &apos;org.springframework.context.annotation.internalConfigurationAnnotationProcessor&apos;
DEBUG DefaultListableBeanFactory - Eagerly caching bean &apos;org.springframework.context.annotation.internalConfigurationAnnotationProcessor&apos; to allow for resolving potential circular references
DEBUG DefaultListableBeanFactory - Finished creating instance of bean &apos;org.springframework.context.annotation.internalConfigurationAnnotationProcessor&apos;
DEBUG StandardEnvironment - Initializing new StandardEnvironment
DEBUG StandardEnvironment - Adding [systemProperties] PropertySource with lowest search precedence
DEBUG StandardEnvironment - Adding [systemEnvironment] PropertySource with lowest search precedence
DEBUG StandardEnvironment - Initialized StandardEnvironment with PropertySources [systemProperties,systemEnvironment]
DEBUG PathMatchingResourcePatternResolver - Looking for matching resources in directory tree [C:\Users\chq-jamesgl\STS_work2\finalprojectgleixner\target\test-classes\com\expeditors\training\course3demo\controller]
DEBUG PathMatchingResourcePatternResolver - Searching directory [C:\Users\chq-jamesgl\STS_work2\finalprojectgleixner\target\test-classes\com\expeditors\training\course3demo\controller] for files matching pattern [C:/Users/chq-jamesgl/STS_work2/finalprojectgleixner/target/test-classes/com/expeditors/training/course3demo/controller/**/*.class]
DEBUG PathMatchingResourcePatternResolver - Looking for matching resources in directory tree [C:\Users\chq-jamesgl\STS_work2\finalprojectgleixner\target\classes\com\expeditors\training\course3demo\controller]
DEBUG PathMatchingResourcePatternResolver - Searching directory [C:\Users\chq-jamesgl\STS_work2\finalprojectgleixner\target\classes\com\expeditors\training\course3demo\controller] for files matching pattern [C:/Users/chq-jamesgl/STS_work2/finalprojectgleixner/target/classes/com/expeditors/training/course3demo/controller/**/*.class]
DEBUG PathMatchingResourcePatternResolver - Resolved location pattern [classpath*:com/expeditors/training/course3demo/controller/**/*.class] to resources [file [C:\Users\chq-jamesgl\STS_work2\finalprojectgleixner\target\test-classes\com\expeditors\training\course3demo\controller\ContainerControllerTest.class], file [C:\Users\chq-jamesgl\STS_work2\finalprojectgleixner\target\test-classes\com\expeditors\training\course3demo\controller\ProductControllerTest.class], file [C:\Users\chq-jamesgl\STS_work2\finalprojectgleixner\target\test-classes\com\expeditors\training\course3demo\controller\ShipmentControllerTest.class], file [C:\Users\chq-jamesgl\STS_work2\finalprojectgleixner\target\classes\com\expeditors\training\course3demo\controller\CardController.class], file [C:\Users\chq-jamesgl\STS_work2\finalprojectgleixner\target\classes\com\expeditors\training\course3demo\controller\ContainerController.class], file [C:\Users\chq-jamesgl\STS_work2\finalprojectgleixner\target\classes\com\expeditors\training\course3demo\controller\ErrorLoginController.class], file [C:\Users\chq-jamesgl\STS_work2\finalprojectgleixner\target\classes\com\expeditors\training\course3demo\controller\HomeController.class], file [C:\Users\chq-jamesgl\STS_work2\finalprojectgleixner\target\classes\com\expeditors\training\course3demo\controller\ProductController.class], file [C:\Users\chq-jamesgl\STS_work2\finalprojectgleixner\target\classes\com\expeditors\training\course3demo\controller\SecurityController.class], file [C:\Users\chq-jamesgl\STS_work2\finalprojectgleixner\target\classes\com\expeditors\training\course3demo\controller\ShipmentController.class]]
DEBUG ClassPathBeanDefinitionScanner - Identified candidate component class: file [C:\Users\chq-jamesgl\STS_work2\finalprojectgleixner\target\classes\com\expeditors\training\course3demo\controller\CardController.class]
DEBUG ClassPathBeanDefinitionScanner - Identified candidate component class: file [C:\Users\chq-jamesgl\STS_work2\finalprojectgleixner\target\classes\com\expeditors\training\course3demo\controller\ContainerController.class]
DEBUG ClassPathBeanDefinitionScanner - Identified candidate component class: file [C:\Users\chq-jamesgl\STS_work2\finalprojectgleixner\target\classes\com\expeditors\training\course3demo\controller\ErrorLoginController.class]
DEBUG ClassPathBeanDefinitionScanner - Identified candidate component class: file [C:\Users\chq-jamesgl\STS_work2\finalprojectgleixner\target\classes\com\expeditors\training\course3demo\controller\HomeController.class]
DEBUG ClassPathBeanDefinitionScanner - Identified candidate component class: file [C:\Users\chq-jamesgl\STS_work2\finalprojectgleixner\target\classes\com\expeditors\training\course3demo\controller\ProductController.class]
DEBUG ClassPathBeanDefinitionScanner - Identified candidate component class: file [C:\Users\chq-jamesgl\STS_work2\finalprojectgleixner\target\classes\com\expeditors\training\course3demo\controller\SecurityController.class]
DEBUG ClassPathBeanDefinitionScanner - Identified candidate component class: file [C:\Users\chq-jamesgl\STS_work2\finalprojectgleixner\target\classes\com\expeditors\training\course3demo\controller\ShipmentController.class]
DEBUG ConfigurationClassBeanDefinitionReader - Registered bean definition for imported @Configuration class org.springframework.web.servlet.config.annotation.DelegatingWebMvcConfiguration
DEBUG ConfigurationClassBeanDefinitionReader - Registering bean definition for @Bean method org.springframework.web.servlet.config.annotation.DelegatingWebMvcConfiguration.requestMappingHandlerMapping()
DEBUG ConfigurationClassBeanDefinitionReader - Registering bean definition for @Bean method org.springframework.web.servlet.config.annotation.DelegatingWebMvcConfiguration.mvcContentNegotiationManager()
DEBUG ConfigurationClassBeanDefinitionReader - Registering bean definition for @Bean method org.springframework.web.servlet.config.annotation.DelegatingWebMvcConfiguration.viewControllerHandlerMapping()
DEBUG ConfigurationClassBeanDefinitionReader - Registering bean definition for @Bean method org.springframework.web.servlet.config.annotation.DelegatingWebMvcConfiguration.beanNameHandlerMapping()
DEBUG ConfigurationClassBeanDefinitionReader - Registering bean definition for @Bean method org.springframework.web.servlet.config.annotation.DelegatingWebMvcConfiguration.resourceHandlerMapping()
DEBUG ConfigurationClassBeanDefinitionReader - Registering bean definition for @Bean method org.springframework.web.servlet.config.annotation.DelegatingWebMvcConfiguration.defaultServletHandlerMapping()
DEBUG ConfigurationClassBeanDefinitionReader - Registering bean definition for @Bean method org.springframework.web.servlet.config.annotation.DelegatingWebMvcConfiguration.requestMappingHandlerAdapter()
DEBUG ConfigurationClassBeanDefinitionReader - Registering bean definition for @Bean method org.springframework.web.servlet.config.annotation.DelegatingWebMvcConfiguration.mvcConversionService()
DEBUG ConfigurationClassBeanDefinitionReader - Registering bean definition for @Bean method org.springframework.web.servlet.config.annotation.DelegatingWebMvcConfiguration.httpRequestHandlerAdapter()
DEBUG ConfigurationClassBeanDefinitionReader - Registering bean definition for @Bean method org.springframework.web.servlet.config.annotation.DelegatingWebMvcConfiguration.simpleControllerHandlerAdapter()
DEBUG ConfigurationClassBeanDefinitionReader - Registering bean definition for @Bean method org.springframework.web.servlet.config.annotation.DelegatingWebMvcConfiguration.handlerExceptionResolver()
DEBUG ConfigurationClassBeanDefinitionReader - Registering bean definition for @Bean method org.springframework.web.servlet.config.annotation.DelegatingWebMvcConfiguration.mvcValidator()
DEBUG ConfigurationClassBeanDefinitionReader - Registered bean definition for imported @Configuration class com.expeditors.training.course3demo.config.PersistenceJPATestConfig
DEBUG ConfigurationClassBeanDefinitionReader - Registering bean definition for @Bean method com.expeditors.training.course3demo.config.PersistenceJPATestConfig.entityManagerFactory()
DEBUG ConfigurationClassBeanDefinitionReader - Registering bean definition for @Bean method com.expeditors.training.course3demo.config.PersistenceJPATestConfig.dataSource()
DEBUG ConfigurationClassBeanDefinitionReader - Registering bean definition for @Bean method com.expeditors.training.course3demo.config.TestConfig.containerService()
DEBUG ConfigurationClassBeanDefinitionReader - Registering bean definition for @Bean method com.expeditors.training.course3demo.config.TestConfig.shipmentService()
DEBUG ConfigurationClassBeanDefinitionReader - Registering bean definition for @Bean method com.expeditors.training.course3demo.config.TestConfig.productService()
DEBUG ConfigurationClassBeanDefinitionReader - Registering bean definition for @Bean method com.expeditors.training.course3demo.config.TestConfig.viewResolver()
DEBUG ConfigurationClassEnhancer - Successfully enhanced com.expeditors.training.course3demo.config.TestConfig; enhanced class name is: com.expeditors.training.course3demo.config.TestConfig$$EnhancerByCGLIB$$aae1cafb
DEBUG ConfigurationClassPostProcessor - Replacing bean definition &apos;testConfig&apos; existing class name &apos;com.expeditors.training.course3demo.config.TestConfig&apos; with enhanced class name &apos;com.expeditors.training.course3demo.config.TestConfig$$EnhancerByCGLIB$$aae1cafb&apos;
DEBUG ConfigurationClassEnhancer - Successfully enhanced org.springframework.web.servlet.config.annotation.DelegatingWebMvcConfiguration; enhanced class name is: org.springframework.web.servlet.config.annotation.DelegatingWebMvcConfiguration$$EnhancerByCGLIB$$a164085b
DEBUG ConfigurationClassPostProcessor - Replacing bean definition &apos;org.springframework.web.servlet.config.annotation.DelegatingWebMvcConfiguration&apos; existing class name &apos;org.springframework.web.servlet.config.annotation.DelegatingWebMvcConfiguration&apos; with enhanced class name &apos;org.springframework.web.servlet.config.annotation.DelegatingWebMvcConfiguration$$EnhancerByCGLIB$$a164085b&apos;
DEBUG ConfigurationClassEnhancer - Successfully enhanced com.expeditors.training.course3demo.config.PersistenceJPATestConfig; enhanced class name is: com.expeditors.training.course3demo.config.PersistenceJPATestConfig$$EnhancerByCGLIB$$f6c89e17
DEBUG ConfigurationClassPostProcessor - Replacing bean definition &apos;com.expeditors.training.course3demo.config.PersistenceJPATestConfig&apos; existing class name &apos;com.expeditors.training.course3demo.config.PersistenceJPATestConfig&apos; with enhanced class name &apos;com.expeditors.training.course3demo.config.PersistenceJPATestConfig$$EnhancerByCGLIB$$f6c89e17&apos;
DEBUG DefaultListableBeanFactory - Creating shared instance of singleton bean &apos;org.springframework.context.annotation.internalAutowiredAnnotationProcessor&apos;
DEBUG DefaultListableBeanFactory - Creating instance of bean &apos;org.springframework.context.annotation.internalAutowiredAnnotationProcessor&apos;
DEBUG DefaultListableBeanFactory - Eagerly caching bean &apos;org.springframework.context.annotation.internalAutowiredAnnotationProcessor&apos; to allow for resolving potential circular references
DEBUG DefaultListableBeanFactory - Finished creating instance of bean &apos;org.springframework.context.annotation.internalAutowiredAnnotationProcessor&apos;
DEBUG DefaultListableBeanFactory - Creating shared instance of singleton bean &apos;org.springframework.context.annotation.internalRequiredAnnotationProcessor&apos;
DEBUG DefaultListableBeanFactory - Creating instance of bean &apos;org.springframework.context.annotation.internalRequiredAnnotationProcessor&apos;
DEBUG DefaultListableBeanFactory - Eagerly caching bean &apos;org.springframework.context.annotation.internalRequiredAnnotationProcessor&apos; to allow for resolving potential circular references
DEBUG DefaultListableBeanFactory - Finished creating instance of bean &apos;org.springframework.context.annotation.internalRequiredAnnotationProcessor&apos;
DEBUG DefaultListableBeanFactory - Creating shared instance of singleton bean &apos;org.springframework.context.annotation.internalCommonAnnotationProcessor&apos;
DEBUG DefaultListableBeanFactory - Creating instance of bean &apos;org.springframework.context.annotation.internalCommonAnnotationProcessor&apos;
DEBUG DefaultListableBeanFactory - Eagerly caching bean &apos;org.springframework.context.annotation.internalCommonAnnotationProcessor&apos; to allow for resolving potential circular references
DEBUG DefaultListableBeanFactory - Finished creating instance of bean &apos;org.springframework.context.annotation.internalCommonAnnotationProcessor&apos;
DEBUG DefaultListableBeanFactory - Creating shared instance of singleton bean &apos;org.springframework.context.annotation.internalPersistenceAnnotationProcessor&apos;
DEBUG DefaultListableBeanFactory - Creating instance of bean &apos;org.springframework.context.annotation.internalPersistenceAnnotationProcessor&apos;
DEBUG DefaultListableBeanFactory - Eagerly caching bean &apos;org.springframework.context.annotation.internalPersistenceAnnotationProcessor&apos; to allow for resolving potential circular references
DEBUG DefaultListableBeanFactory - Finished creating instance of bean &apos;org.springframework.context.annotation.internalPersistenceAnnotationProcessor&apos;
DEBUG DefaultListableBeanFactory - Creating shared instance of singleton bean &apos;org.springframework.context.annotation.ConfigurationClassPostProcessor.importAwareProcessor&apos;
DEBUG DefaultListableBeanFactory - Creating instance of bean &apos;org.springframework.context.annotation.ConfigurationClassPostProcessor.importAwareProcessor&apos;
DEBUG DefaultListableBeanFactory - Eagerly caching bean &apos;org.springframework.context.annotation.ConfigurationClassPostProcessor.importAwareProcessor&apos; to allow for resolving potential circular references
DEBUG DefaultListableBeanFactory - Finished creating instance of bean &apos;org.springframework.context.annotation.ConfigurationClassPostProcessor.importAwareProcessor&apos;
DEBUG GenericWebApplicationContext - Unable to locate MessageSource with name &apos;messageSource&apos;: using default [org.springframework.context.support.DelegatingMessageSource@26a94fa5]
DEBUG GenericWebApplicationContext - Unable to locate ApplicationEventMulticaster with name &apos;applicationEventMulticaster&apos;: using default [org.springframework.context.event.SimpleApplicationEventMulticaster@464a4442]
DEBUG UiApplicationContextUtils - Unable to locate ThemeSource with name &apos;themeSource&apos;: using default [org.springframework.ui.context.support.ResourceBundleThemeSource@2873d672]
DEBUG DefaultListableBeanFactory - Creating shared instance of singleton bean &apos;entityManagerFactory&apos;
DEBUG DefaultListableBeanFactory - Creating instance of bean &apos;entityManagerFactory&apos;
DEBUG DefaultListableBeanFactory - Creating shared instance of singleton bean &apos;com.expeditors.training.course3demo.config.PersistenceJPATestConfig&apos;
DEBUG DefaultListableBeanFactory - Creating instance of bean &apos;com.expeditors.training.course3demo.config.PersistenceJPATestConfig&apos;
DEBUG InjectionMetadata - Registered injected element on class [com.expeditors.training.course3demo.config.PersistenceJPATestConfig$$EnhancerByCGLIB$$f6c89e17]: AutowiredFieldElement for private org.springframework.core.env.Environment com.expeditors.training.course3demo.config.PersistenceJPATestConfig.environment
DEBUG DefaultListableBeanFactory - Eagerly caching bean &apos;com.expeditors.training.course3demo.config.PersistenceJPATestConfig&apos; to allow for resolving potential circular references
DEBUG InjectionMetadata - Processing injected method of bean &apos;com.expeditors.training.course3demo.config.PersistenceJPATestConfig&apos;: AutowiredFieldElement for private org.springframework.core.env.Environment com.expeditors.training.course3demo.config.PersistenceJPATestConfig.environment
DEBUG DefaultListableBeanFactory - Returning cached instance of singleton bean &apos;environment&apos;
DEBUG AutowiredAnnotationBeanPostProcessor - Autowiring by type from bean name &apos;com.expeditors.training.course3demo.config.PersistenceJPATestConfig&apos; to bean named &apos;environment&apos;
DEBUG DefaultListableBeanFactory - Finished creating instance of bean &apos;com.expeditors.training.course3demo.config.PersistenceJPATestConfig&apos;
DEBUG DefaultListableBeanFactory - Creating shared instance of singleton bean &apos;dataSource&apos;
DEBUG DefaultListableBeanFactory - Creating instance of bean &apos;dataSource&apos;
DEBUG DefaultListableBeanFactory - Returning cached instance of singleton bean &apos;com.expeditors.training.course3demo.config.PersistenceJPATestConfig&apos;
INFO  DriverManagerDataSource - Loaded JDBC driver: org.hsqldb.jdbcDriver
DEBUG DefaultListableBeanFactory - Eagerly caching bean &apos;dataSource&apos; to allow for resolving potential circular references
DEBUG DefaultListableBeanFactory - Finished creating instance of bean &apos;dataSource&apos;
DEBUG DefaultListableBeanFactory - Eagerly caching bean &apos;entityManagerFactory&apos; to allow for resolving potential circular references
DEBUG DefaultListableBeanFactory - Invoking afterPropertiesSet() on bean with name &apos;entityManagerFactory&apos;
DEBUG PathMatchingResourcePatternResolver - Looking for matching resources in directory tree [C:\Users\chq-jamesgl\STS_work2\finalprojectgleixner\target\classes\com\expeditors\training\course3demo\model]
DEBUG PathMatchingResourcePatternResolver - Searching directory [C:\Users\chq-jamesgl\STS_work2\finalprojectgleixner\target\classes\com\expeditors\training\course3demo\model] for files matching pattern [C:/Users/chq-jamesgl/STS_work2/finalprojectgleixner/target/classes/com/expeditors/training/course3demo/model/**/*.class]
DEBUG PathMatchingResourcePatternResolver - Resolved location pattern [classpath*:com/expeditors/training/course3demo/model/**/*.class] to resources [file [C:\Users\chq-jamesgl\STS_work2\finalprojectgleixner\target\classes\com\expeditors\training\course3demo\model\Address.class], file [C:\Users\chq-jamesgl\STS_work2\finalprojectgleixner\target\classes\com\expeditors\training\course3demo\model\Card.class], file [C:\Users\chq-jamesgl\STS_work2\finalprojectgleixner\target\classes\com\expeditors\training\course3demo\model\Container.class], file [C:\Users\chq-jamesgl\STS_work2\finalprojectgleixner\target\classes\com\expeditors\training\course3demo\model\PhoneNumber.class], file [C:\Users\chq-jamesgl\STS_work2\finalprojectgleixner\target\classes\com\expeditors\training\course3demo\model\Product.class], file [C:\Users\chq-jamesgl\STS_work2\finalprojectgleixner\target\classes\com\expeditors\training\course3demo\model\Shipment.class], file [C:\Users\chq-jamesgl\STS_work2\finalprojectgleixner\target\classes\com\expeditors\training\course3demo\model\UserAccount.class], file [C:\Users\chq-jamesgl\STS_work2\finalprojectgleixner\target\classes\com\expeditors\training\course3demo\model\UserRole.class]]
INFO  LocalContainerEntityManagerFactoryBean - Building JPA container EntityManagerFactory for persistence unit &apos;default&apos;
DEBUG BasicTypeRegistry - Adding type registration boolean -&gt; org.hibernate.type.BooleanType@71ba6d4e
DEBUG BasicTypeRegistry - Adding type registration boolean -&gt; org.hibernate.type.BooleanType@71ba6d4e
DEBUG BasicTypeRegistry - Adding type registration java.lang.Boolean -&gt; org.hibernate.type.BooleanType@71ba6d4e
DEBUG BasicTypeRegistry - Adding type registration numeric_boolean -&gt; org.hibernate.type.NumericBooleanType@d86a6f
DEBUG BasicTypeRegistry - Adding type registration true_false -&gt; org.hibernate.type.TrueFalseType@2ddc9a9f
DEBUG BasicTypeRegistry - Adding type registration yes_no -&gt; org.hibernate.type.YesNoType@46cdf8bd
DEBUG BasicTypeRegistry - Adding type registration byte -&gt; org.hibernate.type.ByteType@1ed4ae0f
DEBUG BasicTypeRegistry - Adding type registration byte -&gt; org.hibernate.type.ByteType@1ed4ae0f
DEBUG BasicTypeRegistry - Adding type registration java.lang.Byte -&gt; org.hibernate.type.ByteType@1ed4ae0f
DEBUG BasicTypeRegistry - Adding type registration character -&gt; org.hibernate.type.CharacterType@6892b3b6
DEBUG BasicTypeRegistry - Adding type registration char -&gt; org.hibernate.type.CharacterType@6892b3b6
DEBUG BasicTypeRegistry - Adding type registration java.lang.Character -&gt; org.hibernate.type.CharacterType@6892b3b6
DEBUG BasicTypeRegistry - Adding type registration short -&gt; org.hibernate.type.ShortType@5b1669c0
DEBUG BasicTypeRegistry - Adding type registration short -&gt; org.hibernate.type.ShortType@5b1669c0
DEBUG BasicTypeRegistry - Adding type registration java.lang.Short -&gt; org.hibernate.type.ShortType@5b1669c0
DEBUG BasicTypeRegistry - Adding type registration integer -&gt; org.hibernate.type.IntegerType@2eae8e6e
DEBUG BasicTypeRegistry - Adding type registration int -&gt; org.hibernate.type.IntegerType@2eae8e6e
DEBUG BasicTypeRegistry - Adding type registration java.lang.Integer -&gt; org.hibernate.type.IntegerType@2eae8e6e
DEBUG BasicTypeRegistry - Adding type registration long -&gt; org.hibernate.type.LongType@25ce9dc4
DEBUG BasicTypeRegistry - Adding type registration long -&gt; org.hibernate.type.LongType@25ce9dc4
DEBUG BasicTypeRegistry - Adding type registration java.lang.Long -&gt; org.hibernate.type.LongType@25ce9dc4
DEBUG BasicTypeRegistry - Adding type registration float -&gt; org.hibernate.type.FloatType@3e8c3cb
DEBUG BasicTypeRegistry - Adding type registration float -&gt; org.hibernate.type.FloatType@3e8c3cb
DEBUG BasicTypeRegistry - Adding type registration java.lang.Float -&gt; org.hibernate.type.FloatType@3e8c3cb
DEBUG BasicTypeRegistry - Adding type registration double -&gt; org.hibernate.type.DoubleType@3b0fe47a
DEBUG BasicTypeRegistry - Adding type registration double -&gt; org.hibernate.type.DoubleType@3b0fe47a
DEBUG BasicTypeRegistry - Adding type registration java.lang.Double -&gt; org.hibernate.type.DoubleType@3b0fe47a
DEBUG BasicTypeRegistry - Adding type registration big_decimal -&gt; org.hibernate.type.BigDecimalType@74e28667
DEBUG BasicTypeRegistry - Adding type registration java.math.BigDecimal -&gt; org.hibernate.type.BigDecimalType@74e28667
DEBUG BasicTypeRegistry - Adding type registration big_integer -&gt; org.hibernate.type.BigIntegerType@53045c6c
DEBUG BasicTypeRegistry - Adding type registration java.math.BigInteger -&gt; org.hibernate.type.BigIntegerType@53045c6c
DEBUG BasicTypeRegistry - Adding type registration string -&gt; org.hibernate.type.StringType@548d708a
DEBUG BasicTypeRegistry - Adding type registration java.lang.String -&gt; org.hibernate.type.StringType@548d708a
DEBUG BasicTypeRegistry - Adding type registration nstring -&gt; org.hibernate.type.StringNVarcharType@712625fd
DEBUG BasicTypeRegistry - Adding type registration ncharacter -&gt; org.hibernate.type.CharacterNCharType@1c5920df
DEBUG BasicTypeRegistry - Adding type registration url -&gt; org.hibernate.type.UrlType@15043a2f
DEBUG BasicTypeRegistry - Adding type registration java.net.URL -&gt; org.hibernate.type.UrlType@15043a2f
DEBUG BasicTypeRegistry - Adding type registration date -&gt; org.hibernate.type.DateType@2d901eb0
DEBUG BasicTypeRegistry - Adding type registration java.sql.Date -&gt; org.hibernate.type.DateType@2d901eb0
DEBUG BasicTypeRegistry - Adding type registration time -&gt; org.hibernate.type.TimeType@909217e
DEBUG BasicTypeRegistry - Adding type registration java.sql.Time -&gt; org.hibernate.type.TimeType@909217e
DEBUG BasicTypeRegistry - Adding type registration timestamp -&gt; org.hibernate.type.TimestampType@5e2c3d18
DEBUG BasicTypeRegistry - Adding type registration java.sql.Timestamp -&gt; org.hibernate.type.TimestampType@5e2c3d18
DEBUG BasicTypeRegistry - Adding type registration java.util.Date -&gt; org.hibernate.type.TimestampType@5e2c3d18
DEBUG BasicTypeRegistry - Adding type registration dbtimestamp -&gt; org.hibernate.type.DbTimestampType@5b218417
DEBUG BasicTypeRegistry - Adding type registration calendar -&gt; org.hibernate.type.CalendarType@273444fe
DEBUG BasicTypeRegistry - Adding type registration java.util.Calendar -&gt; org.hibernate.type.CalendarType@273444fe
DEBUG BasicTypeRegistry - Adding type registration java.util.GregorianCalendar -&gt; org.hibernate.type.CalendarType@273444fe
DEBUG BasicTypeRegistry - Adding type registration calendar_date -&gt; org.hibernate.type.CalendarDateType@5524cca1
DEBUG BasicTypeRegistry - Adding type registration locale -&gt; org.hibernate.type.LocaleType@57a78e3
DEBUG BasicTypeRegistry - Adding type registration java.util.Locale -&gt; org.hibernate.type.LocaleType@57a78e3
DEBUG BasicTypeRegistry - Adding type registration currency -&gt; org.hibernate.type.CurrencyType@5386659f
DEBUG BasicTypeRegistry - Adding type registration java.util.Currency -&gt; org.hibernate.type.CurrencyType@5386659f
DEBUG BasicTypeRegistry - Adding type registration timezone -&gt; org.hibernate.type.TimeZoneType@7ce69770
DEBUG BasicTypeRegistry - Adding type registration java.util.TimeZone -&gt; org.hibernate.type.TimeZoneType@7ce69770
DEBUG BasicTypeRegistry - Adding type registration class -&gt; org.hibernate.type.ClassType@7e057f43
DEBUG BasicTypeRegistry - Adding type registration java.lang.Class -&gt; org.hibernate.type.ClassType@7e057f43
DEBUG BasicTypeRegistry - Adding type registration uuid-binary -&gt; org.hibernate.type.UUIDBinaryType@221a3fa4
DEBUG BasicTypeRegistry - Adding type registration java.util.UUID -&gt; org.hibernate.type.UUIDBinaryType@221a3fa4
DEBUG BasicTypeRegistry - Adding type registration uuid-char -&gt; org.hibernate.type.UUIDCharType@3e08ff24
DEBUG BasicTypeRegistry - Adding type registration pg-uuid -&gt; org.hibernate.type.PostgresUUIDType@70ed52de
DEBUG BasicTypeRegistry - Adding type registration binary -&gt; org.hibernate.type.BinaryType@7c37508a
DEBUG BasicTypeRegistry - Adding type registration byte[] -&gt; org.hibernate.type.BinaryType@7c37508a
DEBUG BasicTypeRegistry - Adding type registration [B -&gt; org.hibernate.type.BinaryType@7c37508a
DEBUG BasicTypeRegistry - Adding type registration wrapper-binary -&gt; org.hibernate.type.WrapperBinaryType@4a003cbe
DEBUG BasicTypeRegistry - Adding type registration Byte[] -&gt; org.hibernate.type.WrapperBinaryType@4a003cbe
DEBUG BasicTypeRegistry - Adding type registration [Ljava.lang.Byte; -&gt; org.hibernate.type.WrapperBinaryType@4a003cbe
DEBUG BasicTypeRegistry - Adding type registration image -&gt; org.hibernate.type.ImageType@359df09a
DEBUG BasicTypeRegistry - Adding type registration characters -&gt; org.hibernate.type.CharArrayType@19932c16
DEBUG BasicTypeRegistry - Adding type registration char[] -&gt; org.hibernate.type.CharArrayType@19932c16
DEBUG BasicTypeRegistry - Adding type registration [C -&gt; org.hibernate.type.CharArrayType@19932c16
DEBUG BasicTypeRegistry - Adding type registration wrapper-characters -&gt; org.hibernate.type.CharacterArrayType@1972e513
DEBUG BasicTypeRegistry - Adding type registration [Ljava.lang.Character; -&gt; org.hibernate.type.CharacterArrayType@1972e513
DEBUG BasicTypeRegistry - Adding type registration Character[] -&gt; org.hibernate.type.CharacterArrayType@1972e513
DEBUG BasicTypeRegistry - Adding type registration text -&gt; org.hibernate.type.TextType@1040be71
DEBUG BasicTypeRegistry - Adding type registration ntext -&gt; org.hibernate.type.NTextType@7fd50002
DEBUG BasicTypeRegistry - Adding type registration blob -&gt; org.hibernate.type.BlobType@7d900ecf
DEBUG BasicTypeRegistry - Adding type registration java.sql.Blob -&gt; org.hibernate.type.BlobType@7d900ecf
DEBUG BasicTypeRegistry - Adding type registration materialized_blob -&gt; org.hibernate.type.MaterializedBlobType@1a245833
DEBUG BasicTypeRegistry - Adding type registration clob -&gt; org.hibernate.type.ClobType@15a34df2
DEBUG BasicTypeRegistry - Adding type registration java.sql.Clob -&gt; org.hibernate.type.ClobType@15a34df2
DEBUG BasicTypeRegistry - Adding type registration nclob -&gt; org.hibernate.type.NClobType@5e7cd6cc
DEBUG BasicTypeRegistry - Adding type registration java.sql.NClob -&gt; org.hibernate.type.NClobType@5e7cd6cc
DEBUG BasicTypeRegistry - Adding type registration materialized_clob -&gt; org.hibernate.type.MaterializedClobType@2dfaea86
DEBUG BasicTypeRegistry - Adding type registration materialized_nclob -&gt; org.hibernate.type.MaterializedNClobType@14fc5f04
DEBUG BasicTypeRegistry - Adding type registration serializable -&gt; org.hibernate.type.SerializableType@333d4a8c
DEBUG BasicTypeRegistry - Adding type registration object -&gt; org.hibernate.type.ObjectType@60f00693
DEBUG BasicTypeRegistry - Adding type registration java.lang.Object -&gt; org.hibernate.type.ObjectType@60f00693
DEBUG BasicTypeRegistry - Adding type registration imm_date -&gt; org.hibernate.type.AdaptedImmutableType@577f9109
DEBUG BasicTypeRegistry - Adding type registration imm_time -&gt; org.hibernate.type.AdaptedImmutableType@4303b7f0
DEBUG BasicTypeRegistry - Adding type registration imm_timestamp -&gt; org.hibernate.type.AdaptedImmutableType@757529a4
DEBUG BasicTypeRegistry - Adding type registration imm_dbtimestamp -&gt; org.hibernate.type.AdaptedImmutableType@779de014
DEBUG BasicTypeRegistry - Adding type registration imm_calendar -&gt; org.hibernate.type.AdaptedImmutableType@5c41d037
DEBUG BasicTypeRegistry - Adding type registration imm_calendar_date -&gt; org.hibernate.type.AdaptedImmutableType@2234078
DEBUG BasicTypeRegistry - Adding type registration imm_binary -&gt; org.hibernate.type.AdaptedImmutableType@5ec77191
DEBUG BasicTypeRegistry - Adding type registration imm_serializable -&gt; org.hibernate.type.AdaptedImmutableType@4642b71d
DEBUG DefaultIdentifierGeneratorFactory - Registering IdentifierGenerator strategy [uuid2] -&gt; [org.hibernate.id.UUIDGenerator]
DEBUG DefaultIdentifierGeneratorFactory - Registering IdentifierGenerator strategy [guid] -&gt; [org.hibernate.id.GUIDGenerator]
DEBUG DefaultIdentifierGeneratorFactory - Registering IdentifierGenerator strategy [uuid] -&gt; [org.hibernate.id.UUIDHexGenerator]
DEBUG DefaultIdentifierGeneratorFactory - Registering IdentifierGenerator strategy [uuid.hex] -&gt; [org.hibernate.id.UUIDHexGenerator]
DEBUG DefaultIdentifierGeneratorFactory - Registering IdentifierGenerator strategy [hilo] -&gt; [org.hibernate.id.TableHiLoGenerator]
DEBUG DefaultIdentifierGeneratorFactory - Registering IdentifierGenerator strategy [assigned] -&gt; [org.hibernate.id.Assigned]
DEBUG DefaultIdentifierGeneratorFactory - Registering IdentifierGenerator strategy [identity] -&gt; [org.hibernate.id.IdentityGenerator]
DEBUG DefaultIdentifierGeneratorFactory - Registering IdentifierGenerator strategy [select] -&gt; [org.hibernate.id.SelectGenerator]
DEBUG DefaultIdentifierGeneratorFactory - Registering IdentifierGenerator strategy [sequence] -&gt; [org.hibernate.id.SequenceGenerator]
DEBUG DefaultIdentifierGeneratorFactory - Registering IdentifierGenerator strategy [seqhilo] -&gt; [org.hibernate.id.SequenceHiLoGenerator]
DEBUG DefaultIdentifierGeneratorFactory - Registering IdentifierGenerator strategy [increment] -&gt; [org.hibernate.id.IncrementGenerator]
DEBUG DefaultIdentifierGeneratorFactory - Registering IdentifierGenerator strategy [foreign] -&gt; [org.hibernate.id.ForeignGenerator]
DEBUG DefaultIdentifierGeneratorFactory - Registering IdentifierGenerator strategy [sequence-identity] -&gt; [org.hibernate.id.SequenceIdentityGenerator]
DEBUG DefaultIdentifierGeneratorFactory - Registering IdentifierGenerator strategy [enhanced-sequence] -&gt; [org.hibernate.id.enhanced.SequenceStyleGenerator]
DEBUG DefaultIdentifierGeneratorFactory - Registering IdentifierGenerator strategy [enhanced-table] -&gt; [org.hibernate.id.enhanced.TableGenerator]
DEBUG Ejb3Configuration - Processing PersistenceUnitInfo [
	name: default
	persistence provider classname: null
	classloader: sun.misc.Launcher$AppClassLoader@6bc7c054
	Temporary classloader: org.springframework.instrument.classloading.SimpleThrowawayClassLoader@1450078a
	excludeUnlistedClasses: true
	JTA datasource: null
	Non JTA datasource: org.springframework.jdbc.datasource.DriverManagerDataSource@c68a5f8
	Transaction type: RESOURCE_LOCAL
	PU root URL: file:/C:/Users/chq-jamesgl/STS_work2/finalprojectgleixner/target/test-classes/
	Shared Cache Mode: UNSPECIFIED
	Validation Mode: AUTO
	Jar files URLs []
	Managed classes names [
		com.expeditors.training.course3demo.model.Address
		com.expeditors.training.course3demo.model.Card
		com.expeditors.training.course3demo.model.Container
		com.expeditors.training.course3demo.model.PhoneNumber
		com.expeditors.training.course3demo.model.Product
		com.expeditors.training.course3demo.model.Shipment
		com.expeditors.training.course3demo.model.UserAccount
		com.expeditors.training.course3demo.model.UserRole]
	Mapping files names []
	Properties []
DEBUG Ejb3Configuration - Detect class: true; detect hbm: true
DEBUG AbstractJarVisitor - Searching mapped entities in jar/par: file:/C:/Users/chq-jamesgl/STS_work2/finalprojectgleixner/target/test-classes/
DEBUG AbstractJarVisitor - Filtering: com.expeditors.training.course3demo.config.PersistenceJPATestConfig
DEBUG AbstractJarVisitor - Filtering: com.expeditors.training.course3demo.config.ServiceTestConfig
DEBUG AbstractJarVisitor - Filtering: com.expeditors.training.course3demo.config.TestConfig
DEBUG AbstractJarVisitor - Filtering: com.expeditors.training.course3demo.controller.ContainerControllerTest
DEBUG AbstractJarVisitor - Filtering: com.expeditors.training.course3demo.controller.ProductControllerTest
DEBUG AbstractJarVisitor - Filtering: com.expeditors.training.course3demo.controller.ShipmentControllerTest
DEBUG AbstractJarVisitor - Filtering: com.expeditors.training.course3demo.service.ContainerServiceTest
DEBUG AbstractJarVisitor - Filtering: com.expeditors.training.course3demo.service.ProductServiceTest
DEBUG AbstractJarVisitor - Filtering: com.expeditors.training.course3demo.service.ShipmentServiceTest
DEBUG IntegratorServiceImpl - Adding Integrator [org.hibernate.cfg.beanvalidation.BeanValidationIntegrator].
DEBUG IntegratorServiceImpl - Adding Integrator [org.hibernate.ejb.event.JpaIntegrator].
DEBUG NamingHelper - No JNDI name configured for binding Ejb3Configuration
DEBUG Configuration - Preparing to build session factory with filters : {}
DEBUG Configuration - Processing hbm.xml files
DEBUG Configuration - Process annotated classes
DEBUG AnnotationBinder - Binding entity from annotated class: com.expeditors.training.course3demo.model.Address
DEBUG Ejb3Column - Binding column: Ejb3DiscriminatorColumn{logicalColumnName&apos;DTYPE&apos;, discriminatorTypeName=&apos;string&apos;}
DEBUG EntityBinder - Import with entity name Address
DEBUG EntityBinder - Bind entity com.expeditors.training.course3demo.model.Address on table ADDRESS
DEBUG Ejb3Column - Binding column: Ejb3Column{table=org.hibernate.mapping.Table(ADDRESS), mappingColumn=ADDRESS_ID, insertable=true, updatable=true, unique=false}
DEBUG PropertyBinder - MetadataSourceProcessor property id with lazy=false
DEBUG SimpleValueBinder - building SimpleValue for id
DEBUG PropertyBinder - Building property id
DEBUG Ejb3Column - Binding column: Ejb3Column{table=org.hibernate.mapping.Table(ADDRESS), mappingColumn=city, insertable=true, updatable=true, unique=false}
DEBUG PropertyBinder - MetadataSourceProcessor property city with lazy=false
DEBUG SimpleValueBinder - building SimpleValue for city
DEBUG PropertyBinder - Building property city
DEBUG Ejb3Column - Binding column: Ejb3Column{table=org.hibernate.mapping.Table(ADDRESS), mappingColumn=state, insertable=true, updatable=true, unique=false}
DEBUG PropertyBinder - MetadataSourceProcessor property state with lazy=false
DEBUG SimpleValueBinder - building SimpleValue for state
DEBUG PropertyBinder - Building property state
DEBUG Ejb3Column - Binding column: Ejb3Column{table=org.hibernate.mapping.Table(ADDRESS), mappingColumn=street, insertable=true, updatable=true, unique=false}
DEBUG PropertyBinder - MetadataSourceProcessor property street with lazy=false
DEBUG SimpleValueBinder - building SimpleValue for street
DEBUG PropertyBinder - Building property street
DEBUG AnnotationBinder - Binding entity from annotated class: com.expeditors.training.course3demo.model.Card
DEBUG Ejb3Column - Binding column: Ejb3DiscriminatorColumn{logicalColumnName&apos;DTYPE&apos;, discriminatorTypeName=&apos;string&apos;}
DEBUG EntityBinder - Import with entity name Card
DEBUG EntityBinder - Bind entity com.expeditors.training.course3demo.model.Card on table CARD
DEBUG Ejb3Column - Binding column: Ejb3Column{table=org.hibernate.mapping.Table(CARD), mappingColumn=CARD_ID, insertable=true, updatable=true, unique=false}
DEBUG PropertyBinder - MetadataSourceProcessor property id with lazy=false
DEBUG SimpleValueBinder - building SimpleValue for id
DEBUG PropertyBinder - Building property id
DEBUG Ejb3Column - Binding column: Ejb3JoinColumn{logicalColumnName=&apos;address&apos;, referencedColumn=&apos;&apos;, mappedBy=&apos;&apos;}
DEBUG Ejb3Column - Binding column: Ejb3Column{table=org.hibernate.mapping.Table(CARD), mappingColumn=address, insertable=true, updatable=true, unique=false}
DEBUG PropertyBinder - Building property address
DEBUG Ejb3Column - Binding column: Ejb3Column{table=org.hibernate.mapping.Table(CARD), mappingColumn=amount, insertable=true, updatable=true, unique=false}
DEBUG PropertyBinder - MetadataSourceProcessor property amount with lazy=false
DEBUG SimpleValueBinder - building SimpleValue for amount
DEBUG PropertyBinder - Building property amount
DEBUG Ejb3Column - Binding column: Ejb3Column{table=org.hibernate.mapping.Table(CARD), mappingColumn=CARD_NUMBER, insertable=true, updatable=true, unique=false}
DEBUG PropertyBinder - MetadataSourceProcessor property number with lazy=false
DEBUG SimpleValueBinder - building SimpleValue for number
DEBUG PropertyBinder - Building property number
DEBUG Ejb3Column - Binding column: Ejb3Column{table=org.hibernate.mapping.Table(CARD), mappingColumn=OWNER_NAME, insertable=true, updatable=true, unique=false}
DEBUG PropertyBinder - MetadataSourceProcessor property owner with lazy=false
DEBUG SimpleValueBinder - building SimpleValue for owner
DEBUG PropertyBinder - Building property owner
DEBUG Ejb3Column - Binding column: Ejb3JoinColumn{logicalColumnName=&apos;null&apos;, referencedColumn=&apos;null&apos;, mappedBy=&apos;card&apos;}
DEBUG Ejb3Column - Binding column: Ejb3Column{table=org.hibernate.mapping.Table(CARD), mappingColumn=phoneNumbers, insertable=true, updatable=true, unique=false}
DEBUG Ejb3Column - Binding column: Ejb3Column{table=org.hibernate.mapping.Table(CARD), mappingColumn=index, insertable=true, updatable=true, unique=false}
DEBUG Ejb3Column - Binding column: Ejb3Column{table=org.hibernate.mapping.Table(CARD), mappingColumn=element, insertable=true, updatable=true, unique=false}
DEBUG Ejb3Column - Binding column: Ejb3Column{table=org.hibernate.mapping.Table(CARD), mappingColumn=phoneNumbers_KEY, insertable=true, updatable=true, unique=false}
DEBUG Ejb3Column - Binding column: Ejb3JoinColumn{logicalColumnName=&apos;phoneNumbers_KEY&apos;, referencedColumn=&apos;null&apos;, mappedBy=&apos;null&apos;}
DEBUG Ejb3Column - Binding column: Ejb3JoinColumn{logicalColumnName=&apos;null&apos;, referencedColumn=&apos;null&apos;, mappedBy=&apos;card&apos;}
DEBUG Ejb3Column - Binding column: Ejb3JoinColumn{logicalColumnName=&apos;null&apos;, referencedColumn=&apos;null&apos;, mappedBy=&apos;card&apos;}
DEBUG CollectionBinder - Collection role: com.expeditors.training.course3demo.model.Card.phoneNumbers
DEBUG PropertyBinder - Building property phoneNumbers
DEBUG AnnotationBinder - Binding entity from annotated class: com.expeditors.training.course3demo.model.Container
DEBUG Ejb3Column - Binding column: Ejb3DiscriminatorColumn{logicalColumnName&apos;DTYPE&apos;, discriminatorTypeName=&apos;string&apos;}
DEBUG EntityBinder - Import with entity name Container
DEBUG EntityBinder - Bind entity com.expeditors.training.course3demo.model.Container on table Container
DEBUG Ejb3Column - Binding column: Ejb3Column{table=org.hibernate.mapping.Table(Container), mappingColumn=CONTAINER_ID, insertable=true, updatable=true, unique=false}
DEBUG PropertyBinder - MetadataSourceProcessor property id with lazy=false
DEBUG SimpleValueBinder - building SimpleValue for id
DEBUG PropertyBinder - Building property id
DEBUG Ejb3Column - Binding column: Ejb3Column{table=org.hibernate.mapping.Table(Container), mappingColumn=capacity, insertable=true, updatable=true, unique=false}
DEBUG PropertyBinder - MetadataSourceProcessor property capacity with lazy=false
DEBUG SimpleValueBinder - building SimpleValue for capacity
DEBUG PropertyBinder - Building property capacity
DEBUG Ejb3Column - Binding column: Ejb3Column{table=org.hibernate.mapping.Table(Container), mappingColumn=destination, insertable=true, updatable=true, unique=false}
DEBUG PropertyBinder - MetadataSourceProcessor property destination with lazy=false
DEBUG SimpleValueBinder - building SimpleValue for destination
DEBUG PropertyBinder - Building property destination
DEBUG Ejb3Column - Binding column: Ejb3Column{table=org.hibernate.mapping.Table(Container), mappingColumn=location, insertable=true, updatable=true, unique=false}
DEBUG PropertyBinder - MetadataSourceProcessor property location with lazy=false
DEBUG SimpleValueBinder - building SimpleValue for location
DEBUG PropertyBinder - Building property location
DEBUG Ejb3Column - Binding column: Ejb3Column{table=org.hibernate.mapping.Table(Container), mappingColumn=name, insertable=true, updatable=true, unique=false}
DEBUG PropertyBinder - MetadataSourceProcessor property name with lazy=false
DEBUG SimpleValueBinder - building SimpleValue for name
DEBUG PropertyBinder - Building property name
DEBUG Ejb3Column - Binding column: Ejb3Column{table=org.hibernate.mapping.Table(Container), mappingColumn=status, insertable=true, updatable=true, unique=false}
DEBUG PropertyBinder - MetadataSourceProcessor property status with lazy=false
DEBUG SimpleValueBinder - building SimpleValue for status
DEBUG PropertyBinder - Building property status
DEBUG AnnotationBinder - Binding entity from annotated class: com.expeditors.training.course3demo.model.PhoneNumber
DEBUG Ejb3Column - Binding column: Ejb3DiscriminatorColumn{logicalColumnName&apos;DTYPE&apos;, discriminatorTypeName=&apos;string&apos;}
DEBUG EntityBinder - Import with entity name PhoneNumber
DEBUG EntityBinder - Bind entity com.expeditors.training.course3demo.model.PhoneNumber on table PHONE_NUMBER
DEBUG Ejb3Column - Binding column: Ejb3Column{table=org.hibernate.mapping.Table(PHONE_NUMBER), mappingColumn=PHONE_NUMBER_ID, insertable=true, updatable=true, unique=false}
DEBUG PropertyBinder - MetadataSourceProcessor property id with lazy=false
DEBUG SimpleValueBinder - building SimpleValue for id
DEBUG PropertyBinder - Building property id
DEBUG Ejb3Column - Binding column: Ejb3JoinColumn{logicalColumnName=&apos;CARD_ID&apos;, referencedColumn=&apos;&apos;, mappedBy=&apos;&apos;}
DEBUG Ejb3Column - Binding column: Ejb3Column{table=org.hibernate.mapping.Table(PHONE_NUMBER), mappingColumn=card, insertable=true, updatable=true, unique=false}
DEBUG PropertyBinder - Building property card
DEBUG Ejb3Column - Binding column: Ejb3Column{table=org.hibernate.mapping.Table(PHONE_NUMBER), mappingColumn=PHONE_NUMBER, insertable=true, updatable=true, unique=false}
DEBUG PropertyBinder - MetadataSourceProcessor property number with lazy=false
DEBUG SimpleValueBinder - building SimpleValue for number
DEBUG PropertyBinder - Building property number
DEBUG AnnotationBinder - Binding entity from annotated class: com.expeditors.training.course3demo.model.Product
DEBUG Ejb3Column - Binding column: Ejb3DiscriminatorColumn{logicalColumnName&apos;DTYPE&apos;, discriminatorTypeName=&apos;string&apos;}
DEBUG EntityBinder - Import with entity name Product
DEBUG EntityBinder - Bind entity com.expeditors.training.course3demo.model.Product on table PRODUCT
DEBUG Ejb3Column - Binding column: Ejb3Column{table=org.hibernate.mapping.Table(PRODUCT), mappingColumn=PRODUCT_ID, insertable=true, updatable=true, unique=false}
DEBUG PropertyBinder - MetadataSourceProcessor property id with lazy=false
DEBUG SimpleValueBinder - building SimpleValue for id
DEBUG PropertyBinder - Building property id
DEBUG Ejb3Column - Binding column: Ejb3Column{table=org.hibernate.mapping.Table(PRODUCT), mappingColumn=description, insertable=true, updatable=true, unique=false}
DEBUG PropertyBinder - MetadataSourceProcessor property description with lazy=false
DEBUG SimpleValueBinder - building SimpleValue for description
DEBUG PropertyBinder - Building property description
DEBUG Ejb3Column - Binding column: Ejb3Column{table=org.hibernate.mapping.Table(PRODUCT), mappingColumn=name, insertable=true, updatable=true, unique=false}
DEBUG PropertyBinder - MetadataSourceProcessor property name with lazy=false
DEBUG SimpleValueBinder - building SimpleValue for name
DEBUG PropertyBinder - Building property name
DEBUG Ejb3Column - Binding column: Ejb3Column{table=org.hibernate.mapping.Table(PRODUCT), mappingColumn=price, insertable=true, updatable=true, unique=false}
DEBUG PropertyBinder - MetadataSourceProcessor property price with lazy=false
DEBUG SimpleValueBinder - building SimpleValue for price
DEBUG PropertyBinder - Building property price
DEBUG AnnotationBinder - Binding entity from annotated class: com.expeditors.training.course3demo.model.Shipment
DEBUG Ejb3Column - Binding column: Ejb3DiscriminatorColumn{logicalColumnName&apos;DTYPE&apos;, discriminatorTypeName=&apos;string&apos;}
DEBUG EntityBinder - Import with entity name Shipment
DEBUG EntityBinder - Bind entity com.expeditors.training.course3demo.model.Shipment on table Shipment
DEBUG Ejb3Column - Binding column: Ejb3Column{table=org.hibernate.mapping.Table(Shipment), mappingColumn=SHIPMENT_ID, insertable=true, updatable=true, unique=false}
DEBUG PropertyBinder - MetadataSourceProcessor property id with lazy=false
DEBUG SimpleValueBinder - building SimpleValue for id
DEBUG PropertyBinder - Building property id
DEBUG Ejb3Column - Binding column: Ejb3Column{table=org.hibernate.mapping.Table(Shipment), mappingColumn=destination, insertable=true, updatable=true, unique=false}
DEBUG PropertyBinder - MetadataSourceProcessor property destination with lazy=false
DEBUG SimpleValueBinder - building SimpleValue for destination
DEBUG PropertyBinder - Building property destination
DEBUG Ejb3Column - Binding column: Ejb3Column{table=org.hibernate.mapping.Table(Shipment), mappingColumn=name, insertable=true, updatable=true, unique=false}
DEBUG PropertyBinder - MetadataSourceProcessor property name with lazy=false
DEBUG SimpleValueBinder - building SimpleValue for name
DEBUG PropertyBinder - Building property name
DEBUG Ejb3Column - Binding column: Ejb3Column{table=org.hibernate.mapping.Table(Shipment), mappingColumn=origin, insertable=true, updatable=true, unique=false}
DEBUG PropertyBinder - MetadataSourceProcessor property origin with lazy=false
DEBUG SimpleValueBinder - building SimpleValue for origin
DEBUG PropertyBinder - Building property origin
DEBUG Ejb3Column - Binding column: Ejb3Column{table=org.hibernate.mapping.Table(Shipment), mappingColumn=volume, insertable=true, updatable=true, unique=false}
DEBUG PropertyBinder - MetadataSourceProcessor property volume with lazy=false
DEBUG SimpleValueBinder - building SimpleValue for volume
DEBUG PropertyBinder - Building property volume
DEBUG AnnotationBinder - Binding entity from annotated class: com.expeditors.training.course3demo.model.UserAccount
DEBUG Ejb3Column - Binding column: Ejb3DiscriminatorColumn{logicalColumnName&apos;DTYPE&apos;, discriminatorTypeName=&apos;string&apos;}
DEBUG EntityBinder - Import with entity name UserAccount
DEBUG EntityBinder - Bind entity com.expeditors.training.course3demo.model.UserAccount on table USERACCOUNT
DEBUG Ejb3Column - Binding column: Ejb3Column{table=org.hibernate.mapping.Table(USERACCOUNT), mappingColumn=USER_ID, insertable=true, updatable=true, unique=false}
DEBUG PropertyBinder - MetadataSourceProcessor property id with lazy=false
DEBUG SimpleValueBinder - building SimpleValue for id
DEBUG PropertyBinder - Building property id
DEBUG Ejb3Column - Binding column: Ejb3Column{table=org.hibernate.mapping.Table(USERACCOUNT), mappingColumn=enabled, insertable=true, updatable=true, unique=false}
DEBUG PropertyBinder - MetadataSourceProcessor property enabled with lazy=false
DEBUG SimpleValueBinder - building SimpleValue for enabled
DEBUG PropertyBinder - Building property enabled
DEBUG Ejb3Column - Binding column: Ejb3Column{table=org.hibernate.mapping.Table(USERACCOUNT), mappingColumn=password, insertable=true, updatable=true, unique=false}
DEBUG PropertyBinder - MetadataSourceProcessor property password with lazy=false
DEBUG SimpleValueBinder - building SimpleValue for password
DEBUG PropertyBinder - Building property password
DEBUG Ejb3Column - Binding column: Ejb3JoinColumn{logicalColumnName=&apos;null&apos;, referencedColumn=&apos;null&apos;, mappedBy=&apos;userAccount&apos;}
DEBUG Ejb3Column - Binding column: Ejb3Column{table=org.hibernate.mapping.Table(USERACCOUNT), mappingColumn=userRoles, insertable=true, updatable=true, unique=false}
DEBUG Ejb3Column - Binding column: Ejb3Column{table=org.hibernate.mapping.Table(USERACCOUNT), mappingColumn=null, insertable=true, updatable=true, unique=false}
DEBUG Ejb3Column - Binding column: Ejb3Column{table=org.hibernate.mapping.Table(USERACCOUNT), mappingColumn=element, insertable=true, updatable=true, unique=false}
DEBUG Ejb3Column - Binding column: Ejb3Column{table=org.hibernate.mapping.Table(USERACCOUNT), mappingColumn=userRoles_KEY, insertable=true, updatable=true, unique=false}
DEBUG Ejb3Column - Binding column: Ejb3JoinColumn{logicalColumnName=&apos;userRoles_KEY&apos;, referencedColumn=&apos;null&apos;, mappedBy=&apos;null&apos;}
DEBUG Ejb3Column - Binding column: Ejb3JoinColumn{logicalColumnName=&apos;null&apos;, referencedColumn=&apos;null&apos;, mappedBy=&apos;userAccount&apos;}
DEBUG Ejb3Column - Binding column: Ejb3JoinColumn{logicalColumnName=&apos;null&apos;, referencedColumn=&apos;null&apos;, mappedBy=&apos;userAccount&apos;}
DEBUG CollectionBinder - Collection role: com.expeditors.training.course3demo.model.UserAccount.userRoles
DEBUG PropertyBinder - Building property userRoles
DEBUG Ejb3Column - Binding column: Ejb3Column{table=org.hibernate.mapping.Table(USERACCOUNT), mappingColumn=username, insertable=true, updatable=true, unique=false}
DEBUG PropertyBinder - MetadataSourceProcessor property username with lazy=false
DEBUG SimpleValueBinder - building SimpleValue for username
DEBUG PropertyBinder - Building property username
DEBUG AnnotationBinder - Binding entity from annotated class: com.expeditors.training.course3demo.model.UserRole
DEBUG Ejb3Column - Binding column: Ejb3DiscriminatorColumn{logicalColumnName&apos;DTYPE&apos;, discriminatorTypeName=&apos;string&apos;}
DEBUG EntityBinder - Import with entity name UserRole
DEBUG EntityBinder - Bind entity com.expeditors.training.course3demo.model.UserRole on table USERROLE
DEBUG Ejb3Column - Binding column: Ejb3Column{table=org.hibernate.mapping.Table(USERROLE), mappingColumn=ROLE_ID, insertable=true, updatable=true, unique=false}
DEBUG PropertyBinder - MetadataSourceProcessor property id with lazy=false
DEBUG SimpleValueBinder - building SimpleValue for id
DEBUG PropertyBinder - Building property id
DEBUG Ejb3Column - Binding column: Ejb3Column{table=org.hibernate.mapping.Table(USERROLE), mappingColumn=ROLE_NAME, insertable=true, updatable=true, unique=false}
DEBUG PropertyBinder - MetadataSourceProcessor property role with lazy=false
DEBUG SimpleValueBinder - building SimpleValue for role
DEBUG PropertyBinder - Building property role
DEBUG Ejb3Column - Binding column: Ejb3JoinColumn{logicalColumnName=&apos;ROLE_OWNER&apos;, referencedColumn=&apos;&apos;, mappedBy=&apos;&apos;}
DEBUG Ejb3Column - Binding column: Ejb3Column{table=org.hibernate.mapping.Table(USERROLE), mappingColumn=userAccount, insertable=true, updatable=true, unique=false}
DEBUG PropertyBinder - Building property userAccount
DEBUG SimpleValueBinder - Setting SimpleValue typeName for id
DEBUG SimpleValueBinder - Setting SimpleValue typeName for city
DEBUG SimpleValueBinder - Setting SimpleValue typeName for state
DEBUG SimpleValueBinder - Setting SimpleValue typeName for street
DEBUG SimpleValueBinder - Setting SimpleValue typeName for id
DEBUG SimpleValueBinder - Setting SimpleValue typeName for amount
DEBUG SimpleValueBinder - Setting SimpleValue typeName for number
DEBUG SimpleValueBinder - Setting SimpleValue typeName for owner
DEBUG SimpleValueBinder - Setting SimpleValue typeName for id
DEBUG SimpleValueBinder - Setting SimpleValue typeName for capacity
DEBUG SimpleValueBinder - Setting SimpleValue typeName for destination
DEBUG SimpleValueBinder - Setting SimpleValue typeName for location
DEBUG SimpleValueBinder - Setting SimpleValue typeName for name
DEBUG SimpleValueBinder - Setting SimpleValue typeName for status
DEBUG SimpleValueBinder - Setting SimpleValue typeName for id
DEBUG SimpleValueBinder - Setting SimpleValue typeName for number
DEBUG SimpleValueBinder - Setting SimpleValue typeName for id
DEBUG SimpleValueBinder - Setting SimpleValue typeName for description
DEBUG SimpleValueBinder - Setting SimpleValue typeName for name
DEBUG SimpleValueBinder - Setting SimpleValue typeName for price
DEBUG SimpleValueBinder - Setting SimpleValue typeName for id
DEBUG SimpleValueBinder - Setting SimpleValue typeName for destination
DEBUG SimpleValueBinder - Setting SimpleValue typeName for name
DEBUG SimpleValueBinder - Setting SimpleValue typeName for origin
DEBUG SimpleValueBinder - Setting SimpleValue typeName for volume
DEBUG SimpleValueBinder - Setting SimpleValue typeName for id
DEBUG SimpleValueBinder - Setting SimpleValue typeName for enabled
DEBUG SimpleValueBinder - Setting SimpleValue typeName for password
DEBUG SimpleValueBinder - Setting SimpleValue typeName for username
DEBUG SimpleValueBinder - Setting SimpleValue typeName for id
DEBUG SimpleValueBinder - Setting SimpleValue typeName for role
DEBUG Configuration - Processing fk mappings (*ToOne and JoinedSubclass)
DEBUG Configuration - Processing extends queue
DEBUG Configuration - Processing extends queue
DEBUG Configuration - Processing collection mappings
DEBUG CollectionSecondPass - Second pass for collection: com.expeditors.training.course3demo.model.Card.phoneNumbers
DEBUG CollectionBinder - Binding a OneToMany: com.expeditors.training.course3demo.model.Card.phoneNumbers through a foreign key
DEBUG CollectionBinder - Mapping collection: com.expeditors.training.course3demo.model.Card.phoneNumbers -&gt; PHONE_NUMBER
DEBUG TableBinder - Retrieving property com.expeditors.training.course3demo.model.PhoneNumber.card
DEBUG SimpleValueBinder - building SimpleValue for null
DEBUG SimpleValueBinder - Setting SimpleValue typeName for null
DEBUG CollectionSecondPass - Mapped collection key: CARD_ID, index: index, one-to-many: com.expeditors.training.course3demo.model.PhoneNumber
DEBUG CollectionSecondPass - Second pass for collection: com.expeditors.training.course3demo.model.UserAccount.userRoles
DEBUG CollectionBinder - Binding a OneToMany: com.expeditors.training.course3demo.model.UserAccount.userRoles through a foreign key
DEBUG CollectionBinder - Mapping collection: com.expeditors.training.course3demo.model.UserAccount.userRoles -&gt; USERROLE
DEBUG TableBinder - Retrieving property com.expeditors.training.course3demo.model.UserRole.userAccount
DEBUG CollectionSecondPass - Mapped collection key: ROLE_OWNER, one-to-many: com.expeditors.training.course3demo.model.UserRole
DEBUG Configuration - Processing native query and ResultSetMapping mappings
DEBUG Configuration - Processing association property references
DEBUG Configuration - Creating tables&apos; unique integer identifiers
DEBUG Configuration - Processing foreign key constraints
DEBUG Configuration - Resolving reference to class: com.expeditors.training.course3demo.model.Address
DEBUG Configuration - Resolving reference to class: com.expeditors.training.course3demo.model.Card
DEBUG Configuration - Resolving reference to class: com.expeditors.training.course3demo.model.UserAccount
INFO  ConnectionProviderInitiator - HHH000130: Instantiating explicit connection provider: org.hibernate.ejb.connection.InjectedDataSourceConnectionProvider
DEBUG DriverManagerDataSource - Creating new JDBC DriverManager Connection to [jdbc:hsqldb:mem:paging]
DEBUG JdbcServicesImpl - Database -&gt;
       name : HSQL Database Engine
    version : 2.2.4
      major : 2
      minor : 2
DEBUG JdbcServicesImpl - Driver -&gt;
       name : HSQL Database Engine Driver
    version : 2.2.4
      major : 2
      minor : 2
DEBUG JdbcServicesImpl - JDBC version : 4.0
INFO  Dialect - HHH000400: Using dialect: org.hibernate.dialect.HSQLDialect
DEBUG SettingsFactory - Automatic flush during beforeCompletion(): disabled
DEBUG SettingsFactory - Automatic session close at end of transaction: disabled
DEBUG SettingsFactory - JDBC batch size: 15
DEBUG SettingsFactory - JDBC batch updates for versioned data: disabled
DEBUG SettingsFactory - Scrollable result sets: enabled
DEBUG SettingsFactory - Wrap result sets: disabled
DEBUG SettingsFactory - JDBC3 getGeneratedKeys(): enabled
DEBUG SettingsFactory - multi-tenancy strategy : NONE
DEBUG SettingsFactory - Connection release mode: auto
INFO  TransactionFactoryInitiator - HHH000268: Transaction strategy: org.hibernate.engine.transaction.internal.jdbc.JdbcTransactionFactory
DEBUG SettingsFactory - Using BatchFetchStyle : LEGACY
DEBUG SettingsFactory - Default batch fetch size: 1
DEBUG SettingsFactory - Generate SQL with comments: disabled
DEBUG SettingsFactory - Order SQL updates by primary key: disabled
DEBUG SettingsFactory - Order SQL inserts for batching: disabled
DEBUG SettingsFactory - Default null ordering: none
DEBUG SettingsFactory - Query translator: org.hibernate.hql.internal.ast.ASTQueryTranslatorFactory
INFO  ASTQueryTranslatorFactory - HHH000397: Using ASTQueryTranslatorFactory
DEBUG SettingsFactory - Query language substitutions: {}
DEBUG SettingsFactory - JPA-QL strict compliance: enabled
DEBUG SettingsFactory - Second-level cache: enabled
DEBUG SettingsFactory - Query cache: disabled
DEBUG SettingsFactory - Cache region factory : org.hibernate.cache.internal.NoCachingRegionFactory
DEBUG SettingsFactory - org.hibernate.cache.internal.NoCachingRegionFactory did not provide constructor accepting java.util.Properties; attempting no-arg constructor.
DEBUG SettingsFactory - Optimize cache for minimal puts: disabled
DEBUG SettingsFactory - Structured second-level cache entries: disabled
DEBUG SettingsFactory - Second-level cache direct-reference entries: disabled
DEBUG SettingsFactory - Statistics: disabled
DEBUG SettingsFactory - Deleted entity synthetic identifier rollback: disabled
DEBUG SettingsFactory - Default entity-mode: pojo
DEBUG SettingsFactory - Named query checking : enabled
DEBUG SettingsFactory - Check Nullability in Core (should be disabled when Bean Validation is on): enabled
DEBUG SettingsFactory - Allow initialization of lazy state outside session : : disabled
DEBUG SettingsFactory - JTA Track by Thread: enabled
DEBUG SessionFactoryImpl - Building session factory
DEBUG SessionFactoryImpl - Session factory constructed with filter configurations : {}
DEBUG SessionFactoryImpl - Instantiating session factory with properties: {java.vendor=Oracle Corporation, localRepository=C:\Users\chq-jamesgl\.m2\repository, hibernate=org.hibernate.dialect.HSQLDialect, sun.java.launcher=SUN_STANDARD, sun.management.compiler=HotSpot 64-Bit Tiered Compilers, hibernate.ejb.discard_pc_on_close=false, hibernate.transaction.flush_before_completion=false, os.name=Windows 7, sun.boot.class.path=C:\Program Files\Java\jdk1.8.0_20\jre\lib\resources.jar;C:\Program Files\Java\jdk1.8.0_20\jre\lib\rt.jar;C:\Program Files\Java\jdk1.8.0_20\jre\lib\sunrsasign.jar;C:\Program Files\Java\jdk1.8.0_20\jre\lib\jsse.jar;C:\Program Files\Java\jdk1.8.0_20\jre\lib\jce.jar;C:\Program Files\Java\jdk1.8.0_20\jre\lib\charsets.jar;C:\Program Files\Java\jdk1.8.0_20\jre\lib\jfr.jar;C:\Program Files\Java\jdk1.8.0_20\jre\classes, sun.desktop=windows, java.vm.specification.vendor=Oracle Corporation, java.runtime.version=1.8.0_20-b26, hibernate.connection.autocommit=true, user.name=chq-jamesgl, javax.persistence.validation.mode=AUTO, hibernate.connection.release_mode=auto, user.language=en, sun.boot.library.path=C:\Program Files\Java\jdk1.8.0_20\jre\bin, java.version=1.8.0_20, user.timezone=America/Los_Angeles, sun.arch.data.model=64, java.endorsed.dirs=C:\Program Files\Java\jdk1.8.0_20\jre\lib\endorsed, sun.cpu.isalist=amd64, sun.jnu.encoding=Cp1252, file.encoding.pkg=sun.io, file.separator=\, java.specification.name=Java Platform API Specification, java.class.version=52.0, user.country=US, java.home=C:\Program Files\Java\jdk1.8.0_20\jre, java.vm.info=mixed mode, os.version=6.1, hibernate.transaction.factory_class=org.hibernate.engine.transaction.internal.jdbc.JdbcTransactionFactory, hibernate.connection.datasource=org.springframework.jdbc.datasource.DriverManagerDataSource@c68a5f8, surefire.real.class.path=C:\Users\chq-jamesgl\STS_work2\finalprojectgleixner\target\surefire\surefirebooter2652706606512848435.jar, hibernate.query.jpaql_strict_compliance=true, path.separator=;, java.vm.version=25.20-b23, user.variant=, java.awt.printerjob=sun.awt.windows.WPrinterJob, sun.io.unicode.encoding=UnicodeLittle, awt.toolkit=sun.awt.windows.WToolkit, user.script=, user.home=C:\Users\chq-jamesgl, java.specification.vendor=Oracle Corporation, hibernate.hbm2ddl.auto=create-drop, java.library.path=C:\Program Files\Java\jdk1.8.0_20\jre\bin;C:\WINDOWS\Sun\Java\bin;C:\WINDOWS\system32;C:\WINDOWS;C:/Program Files/Java/jdk1.7.0_45/bin/../jre/bin/server;C:/Program Files/Java/jdk1.7.0_45/bin/../jre/bin;C:/Program Files/Java/jdk1.7.0_45/bin/../jre/lib/amd64;C:\Program Files\spring-1.2.1.RELEASE\bin;C:\Maven\apache-maven-3.0.5\bin;C:\Program Files\Java\jdk1.7.0_45\bin;C:\ProgramData\Oracle\Java\javapath;C:\Program Files (x86)\Intel\iCLS Client\;C:\Program Files\Intel\iCLS Client\;C:\WINDOWS\system32;C:\WINDOWS;C:\WINDOWS\System32\Wbem;C:\WINDOWS\System32\WindowsPowerShell\v1.0\;C:\Program Files\Intel\DMIX;C:\WINDOWS\CCM;C:\WINDOWS\CCM;C:\WINDOWS\CCM;C:\WINDOWS\CCM;C:\WINDOWS\CCM;C:\WINDOWS\CCM;C:\WINDOWS\CCM;C:\PROGRA~2\IBM\SQLLIB\BIN;C:\PROGRA~2\IBM\SQLLIB\FUNCTION;C:\PROGRA~2\IBM\SQLLIB\SAMPLES\REPL;C:\Program Files\Intel\Intel(R) Management Engine Components\DAL;C:\Program Files\Intel\Intel(R) Management Engine Components\IPT;C:\Program Files (x86)\Intel\Intel(R) Management Engine Components\DAL;C:\Program Files (x86)\Intel\Intel(R) Management Engine Components\IPT;C:\Program Files\Microsoft\Web Platform Installer\;C:\Program Files\TortoiseSVN\bin;C:\Users\chq-jamesgl\Documents\STS2\sts-bundle\sts-3.6.3.SR1;;., java.vendor.url=http://java.oracle.com/, java.vm.vendor=Oracle Corporation, java.runtime.name=Java(TM) SE Runtime Environment, sun.java.command=C:\Users\chq-jamesgl\STS_work2\finalprojectgleixner\target\surefire\surefirebooter2652706606512848435.jar C:\Users\chq-jamesgl\STS_work2\finalprojectgleixner\target\surefire\surefire292260823960733787tmp C:\Users\chq-jamesgl\STS_work2\finalprojectgleixner\target\surefire\surefire_03224240600998134897tmp, java.class.path=C:\Users\chq-jamesgl\STS_work2\finalprojectgleixner\target\test-classes;C:\Users\chq-jamesgl\STS_work2\finalprojectgleixner\target\classes;C:\Users\chq-jamesgl\.m2\repository\org\springframework\spring-webmvc\3.2.3.RELEASE\spring-webmvc-3.2.3.RELEASE.jar;C:\Users\chq-jamesgl\.m2\repository\org\springframework\spring-beans\3.2.3.RELEASE\spring-beans-3.2.3.RELEASE.jar;C:\Users\chq-jamesgl\.m2\repository\org\springframework\spring-context\3.2.3.RELEASE\spring-context-3.2.3.RELEASE.jar;C:\Users\chq-jamesgl\.m2\repository\org\springframework\spring-core\3.2.3.RELEASE\spring-core-3.2.3.RELEASE.jar;C:\Users\chq-jamesgl\.m2\repository\commons-logging\commons-logging\1.1.1\commons-logging-1.1.1.jar;C:\Users\chq-jamesgl\.m2\repository\org\springframework\spring-expression\3.2.3.RELEASE\spring-expression-3.2.3.RELEASE.jar;C:\Users\chq-jamesgl\.m2\repository\org\springframework\spring-web\3.2.3.RELEASE\spring-web-3.2.3.RELEASE.jar;C:\Users\chq-jamesgl\.m2\repository\org\springframework\security\spring-security-web\3.2.3.RELEASE\spring-security-web-3.2.3.RELEASE.jar;C:\Users\chq-jamesgl\.m2\repository\aopalliance\aopalliance\1.0\aopalliance-1.0.jar;C:\Users\chq-jamesgl\.m2\repository\org\springframework\security\spring-security-core\3.2.3.RELEASE\spring-security-core-3.2.3.RELEASE.jar;C:\Users\chq-jamesgl\.m2\repository\org\springframework\security\spring-security-config\3.2.3.RELEASE\spring-security-config-3.2.3.RELEASE.jar;C:\Users\chq-jamesgl\.m2\repository\org\springframework\security\spring-security-taglibs\3.2.3.RELEASE\spring-security-taglibs-3.2.3.RELEASE.jar;C:\Users\chq-jamesgl\.m2\repository\org\springframework\security\spring-security-acl\3.2.3.RELEASE\spring-security-acl-3.2.3.RELEASE.jar;C:\Users\chq-jamesgl\.m2\repository\javax\servlet\jstl\1.2\jstl-1.2.jar;C:\Users\chq-jamesgl\.m2\repository\javax\servlet\servlet-api\2.5\servlet-api-2.5.jar;C:\Users\chq-jamesgl\.m2\repository\javax\servlet\jsp\jsp-api\2.2\jsp-api-2.2.jar;C:\Users\chq-jamesgl\.m2\repository\org\springframework\spring-tx\3.2.3.RELEASE\spring-tx-3.2.3.RELEASE.jar;C:\Users\chq-jamesgl\.m2\repository\org\springframework\spring-orm\3.2.3.RELEASE\spring-orm-3.2.3.RELEASE.jar;C:\Users\chq-jamesgl\.m2\repository\org\springframework\spring-jdbc\3.2.3.RELEASE\spring-jdbc-3.2.3.RELEASE.jar;C:\Users\chq-jamesgl\.m2\repository\org\springframework\spring-aop\3.2.3.RELEASE\spring-aop-3.2.3.RELEASE.jar;C:\Users\chq-jamesgl\.m2\repository\org\springframework\data\spring-data-jpa\1.3.1.RELEASE\spring-data-jpa-1.3.1.RELEASE.jar;C:\Users\chq-jamesgl\.m2\repository\org\springframework\data\spring-data-commons\1.5.1.RELEASE\spring-data-commons-1.5.1.RELEASE.jar;C:\Users\chq-jamesgl\.m2\repository\org\aspectj\aspectjrt\1.7.2\aspectjrt-1.7.2.jar;C:\Users\chq-jamesgl\.m2\repository\org\slf4j\jcl-over-slf4j\1.7.1\jcl-over-slf4j-1.7.1.jar;C:\Users\chq-jamesgl\.m2\repository\org\slf4j\slf4j-api\1.7.5\slf4j-api-1.7.5.jar;C:\Users\chq-jamesgl\.m2\repository\ch\qos\logback\logback-classic\1.0.13\logback-classic-1.0.13.jar;C:\Users\chq-jamesgl\.m2\repository\ch\qos\logback\logback-core\1.0.13\logback-core-1.0.13.jar;C:\Users\chq-jamesgl\.m2\repository\org\hibernate\hibernate-entitymanager\4.2.1.Final\hibernate-entitymanager-4.2.1.Final.jar;C:\Users\chq-jamesgl\.m2\repository\org\jboss\logging\jboss-logging\3.1.0.GA\jboss-logging-3.1.0.GA.jar;C:\Users\chq-jamesgl\.m2\repository\org\hibernate\hibernate-core\4.2.1.Final\hibernate-core-4.2.1.Final.jar;C:\Users\chq-jamesgl\.m2\repository\antlr\antlr\2.7.7\antlr-2.7.7.jar;C:\Users\chq-jamesgl\.m2\repository\dom4j\dom4j\1.6.1\dom4j-1.6.1.jar;C:\Users\chq-jamesgl\.m2\repository\org\jboss\spec\javax\transaction\jboss-transaction-api_1.1_spec\1.0.1.Final\jboss-transaction-api_1.1_spec-1.0.1.Final.jar;C:\Users\chq-jamesgl\.m2\repository\org\hibernate\javax\persistence\hibernate-jpa-2.0-api\1.0.1.Final\hibernate-jpa-2.0-api-1.0.1.Final.jar;C:\Users\chq-jamesgl\.m2\repository\org\javassist\javassist\3.15.0-GA\javassist-3.15.0-GA.jar;C:\Users\chq-jamesgl\.m2\repository\org\hibernate\common\hibernate-commons-annotations\4.0.1.Final\hibernate-commons-annotations-4.0.1.Final.jar;C:\Users\chq-jamesgl\.m2\repository\javax\validation\validation-api\1.1.0.Final\validation-api-1.1.0.Final.jar;C:\Users\chq-jamesgl\.m2\repository\org\hibernate\hibernate-validator\4.2.0.Final\hibernate-validator-4.2.0.Final.jar;C:\Users\chq-jamesgl\.m2\repository\org\hsqldb\hsqldb\2.2.4\hsqldb-2.2.4.jar;C:\Users\chq-jamesgl\.m2\repository\org\dbunit\dbunit\2.5.0\dbunit-2.5.0.jar;C:\Users\chq-jamesgl\.m2\repository\commons-collections\commons-collections\3.2.1\commons-collections-3.2.1.jar;C:\Users\chq-jamesgl\.m2\repository\com\github\springtestdbunit\spring-test-dbunit\1.2.0\spring-test-dbunit-1.2.0.jar;C:\Users\chq-jamesgl\.m2\repository\org\springframework\spring-test\3.2.3.RELEASE\spring-test-3.2.3.RELEASE.jar;C:\Users\chq-jamesgl\.m2\repository\org\hamcrest\hamcrest-all\1.3\hamcrest-all-1.3.jar;C:\Users\chq-jamesgl\.m2\repository\junit\junit\4.11\junit-4.11.jar;C:\Users\chq-jamesgl\.m2\repository\org\hamcrest\hamcrest-core\1.3\hamcrest-core-1.3.jar;C:\Users\chq-jamesgl\.m2\repository\org\mockito\mockito-core\1.9.5\mockito-core-1.9.5.jar;C:\Users\chq-jamesgl\.m2\repository\org\objenesis\objenesis\1.0\objenesis-1.0.jar;C:\Users\chq-jamesgl\.m2\repository\org\apache\derby\derbyclient\10.11.1.1\derbyclient-10.11.1.1.jar;C:\Users\chq-jamesgl\.m2\repository\org\sitemesh\sitemesh\3.0-alpha-2\sitemesh-3.0-alpha-2.jar;, hibernate.bytecode.use_reflection_optimizer=false, java.vm.specification.name=Java Virtual Machine Specification, java.vm.specification.version=1.8, sun.cpu.endian=little, sun.os.patch.level=Service Pack 1, hibernate.connection.provider_class=org.hibernate.ejb.connection.InjectedDataSourceConnectionProvider, surefire.test.class.path=C:\Users\chq-jamesgl\STS_work2\finalprojectgleixner\target\test-classes;C:\Users\chq-jamesgl\STS_work2\finalprojectgleixner\target\classes;C:\Users\chq-jamesgl\.m2\repository\org\springframework\spring-webmvc\3.2.3.RELEASE\spring-webmvc-3.2.3.RELEASE.jar;C:\Users\chq-jamesgl\.m2\repository\org\springframework\spring-beans\3.2.3.RELEASE\spring-beans-3.2.3.RELEASE.jar;C:\Users\chq-jamesgl\.m2\repository\org\springframework\spring-context\3.2.3.RELEASE\spring-context-3.2.3.RELEASE.jar;C:\Users\chq-jamesgl\.m2\repository\org\springframework\spring-core\3.2.3.RELEASE\spring-core-3.2.3.RELEASE.jar;C:\Users\chq-jamesgl\.m2\repository\commons-logging\commons-logging\1.1.1\commons-logging-1.1.1.jar;C:\Users\chq-jamesgl\.m2\repository\org\springframework\spring-expression\3.2.3.RELEASE\spring-expression-3.2.3.RELEASE.jar;C:\Users\chq-jamesgl\.m2\repository\org\springframework\spring-web\3.2.3.RELEASE\spring-web-3.2.3.RELEASE.jar;C:\Users\chq-jamesgl\.m2\repository\org\springframework\security\spring-security-web\3.2.3.RELEASE\spring-security-web-3.2.3.RELEASE.jar;C:\Users\chq-jamesgl\.m2\repository\aopalliance\aopalliance\1.0\aopalliance-1.0.jar;C:\Users\chq-jamesgl\.m2\repository\org\springframework\security\spring-security-core\3.2.3.RELEASE\spring-security-core-3.2.3.RELEASE.jar;C:\Users\chq-jamesgl\.m2\repository\org\springframework\security\spring-security-config\3.2.3.RELEASE\spring-security-config-3.2.3.RELEASE.jar;C:\Users\chq-jamesgl\.m2\repository\org\springframework\security\spring-security-taglibs\3.2.3.RELEASE\spring-security-taglibs-3.2.3.RELEASE.jar;C:\Users\chq-jamesgl\.m2\repository\org\springframework\security\spring-security-acl\3.2.3.RELEASE\spring-security-acl-3.2.3.RELEASE.jar;C:\Users\chq-jamesgl\.m2\repository\javax\servlet\jstl\1.2\jstl-1.2.jar;C:\Users\chq-jamesgl\.m2\repository\javax\servlet\servlet-api\2.5\servlet-api-2.5.jar;C:\Users\chq-jamesgl\.m2\repository\javax\servlet\jsp\jsp-api\2.2\jsp-api-2.2.jar;C:\Users\chq-jamesgl\.m2\repository\org\springframework\spring-tx\3.2.3.RELEASE\spring-tx-3.2.3.RELEASE.jar;C:\Users\chq-jamesgl\.m2\repository\org\springframework\spring-orm\3.2.3.RELEASE\spring-orm-3.2.3.RELEASE.jar;C:\Users\chq-jamesgl\.m2\repository\org\springframework\spring-jdbc\3.2.3.RELEASE\spring-jdbc-3.2.3.RELEASE.jar;C:\Users\chq-jamesgl\.m2\repository\org\springframework\spring-aop\3.2.3.RELEASE\spring-aop-3.2.3.RELEASE.jar;C:\Users\chq-jamesgl\.m2\repository\org\springframework\data\spring-data-jpa\1.3.1.RELEASE\spring-data-jpa-1.3.1.RELEASE.jar;C:\Users\chq-jamesgl\.m2\repository\org\springframework\data\spring-data-commons\1.5.1.RELEASE\spring-data-commons-1.5.1.RELEASE.jar;C:\Users\chq-jamesgl\.m2\repository\org\aspectj\aspectjrt\1.7.2\aspectjrt-1.7.2.jar;C:\Users\chq-jamesgl\.m2\repository\org\slf4j\jcl-over-slf4j\1.7.1\jcl-over-slf4j-1.7.1.jar;C:\Users\chq-jamesgl\.m2\repository\org\slf4j\slf4j-api\1.7.5\slf4j-api-1.7.5.jar;C:\Users\chq-jamesgl\.m2\repository\ch\qos\logback\logback-classic\1.0.13\logback-classic-1.0.13.jar;C:\Users\chq-jamesgl\.m2\repository\ch\qos\logback\logback-core\1.0.13\logback-core-1.0.13.jar;C:\Users\chq-jamesgl\.m2\repository\org\hibernate\hibernate-entitymanager\4.2.1.Final\hibernate-entitymanager-4.2.1.Final.jar;C:\Users\chq-jamesgl\.m2\repository\org\jboss\logging\jboss-logging\3.1.0.GA\jboss-logging-3.1.0.GA.jar;C:\Users\chq-jamesgl\.m2\repository\org\hibernate\hibernate-core\4.2.1.Final\hibernate-core-4.2.1.Final.jar;C:\Users\chq-jamesgl\.m2\repository\antlr\antlr\2.7.7\antlr-2.7.7.jar;C:\Users\chq-jamesgl\.m2\repository\dom4j\dom4j\1.6.1\dom4j-1.6.1.jar;C:\Users\chq-jamesgl\.m2\repository\org\jboss\spec\javax\transaction\jboss-transaction-api_1.1_spec\1.0.1.Final\jboss-transaction-api_1.1_spec-1.0.1.Final.jar;C:\Users\chq-jamesgl\.m2\repository\org\hibernate\javax\persistence\hibernate-jpa-2.0-api\1.0.1.Final\hibernate-jpa-2.0-api-1.0.1.Final.jar;C:\Users\chq-jamesgl\.m2\repository\org\javassist\javassist\3.15.0-GA\javassist-3.15.0-GA.jar;C:\Users\chq-jamesgl\.m2\repository\org\hibernate\common\hibernate-commons-annotations\4.0.1.Final\hibernate-commons-annotations-4.0.1.Final.jar;C:\Users\chq-jamesgl\.m2\repository\javax\validation\validation-api\1.1.0.Final\validation-api-1.1.0.Final.jar;C:\Users\chq-jamesgl\.m2\repository\org\hibernate\hibernate-validator\4.2.0.Final\hibernate-validator-4.2.0.Final.jar;C:\Users\chq-jamesgl\.m2\repository\org\hsqldb\hsqldb\2.2.4\hsqldb-2.2.4.jar;C:\Users\chq-jamesgl\.m2\repository\org\dbunit\dbunit\2.5.0\dbunit-2.5.0.jar;C:\Users\chq-jamesgl\.m2\repository\commons-collections\commons-collections\3.2.1\commons-collections-3.2.1.jar;C:\Users\chq-jamesgl\.m2\repository\com\github\springtestdbunit\spring-test-dbunit\1.2.0\spring-test-dbunit-1.2.0.jar;C:\Users\chq-jamesgl\.m2\repository\org\springframework\spring-test\3.2.3.RELEASE\spring-test-3.2.3.RELEASE.jar;C:\Users\chq-jamesgl\.m2\repository\org\hamcrest\hamcrest-all\1.3\hamcrest-all-1.3.jar;C:\Users\chq-jamesgl\.m2\repository\junit\junit\4.11\junit-4.11.jar;C:\Users\chq-jamesgl\.m2\repository\org\hamcrest\hamcrest-core\1.3\hamcrest-core-1.3.jar;C:\Users\chq-jamesgl\.m2\repository\org\mockito\mockito-core\1.9.5\mockito-core-1.9.5.jar;C:\Users\chq-jamesgl\.m2\repository\org\objenesis\objenesis\1.0\objenesis-1.0.jar;C:\Users\chq-jamesgl\.m2\repository\org\apache\derby\derbyclient\10.11.1.1\derbyclient-10.11.1.1.jar;C:\Users\chq-jamesgl\.m2\repository\org\sitemesh\sitemesh\3.0-alpha-2\sitemesh-3.0-alpha-2.jar;, java.io.tmpdir=C:\Users\CHQ-JA~1\AppData\Local\Temp\, java.vendor.url.bug=http://bugreport.sun.com/bugreport/, javax.persistence.sharedCache.mode=UNSPECIFIED, os.arch=amd64, java.awt.graphicsenv=sun.awt.Win32GraphicsEnvironment, java.ext.dirs=C:\Program Files\Java\jdk1.8.0_20\jre\lib\ext;C:\WINDOWS\Sun\Java\lib\ext, user.dir=C:\Users\chq-jamesgl\STS_work2\finalprojectgleixner, line.separator=
, java.vm.name=Java HotSpot(TM) 64-Bit Server VM, basedir=C:\Users\chq-jamesgl\STS_work2\finalprojectgleixner, file.encoding=Cp1252, hibernate.use_identifier_rollback=false, java.specification.version=1.8, hibernate.show_sql=true}
DEBUG DefaultTraversableResolver - Found javax.persistence.Persistence on classpath containing &apos;getPersistenceUtil&apos;. Assuming JPA 2 environment. Trying to instantiate JPA aware TraversableResolver
DEBUG DefaultTraversableResolver - Instantiated JPA aware TraversableResolver of type org.hibernate.validator.engine.resolver.JPATraversableResolver.
DEBUG ValidationXmlParser - Trying to load META-INF/validation.xml for XML based Validator configuration.
DEBUG ValidationXmlParser - No META-INF/validation.xml found. Using annotation based configuration only
DEBUG DefaultTraversableResolver - Found javax.persistence.Persistence on classpath containing &apos;getPersistenceUtil&apos;. Assuming JPA 2 environment. Trying to instantiate JPA aware TraversableResolver
DEBUG DefaultTraversableResolver - Instantiated JPA aware TraversableResolver of type org.hibernate.validator.engine.resolver.JPATraversableResolver.
DEBUG ValidationXmlParser - Trying to load META-INF/validation.xml for XML based Validator configuration.
DEBUG ValidationXmlParser - No META-INF/validation.xml found. Using annotation based configuration only
DEBUG ConstraintDescriptorImpl - Adding composing constraint: ConstraintDescriptorImpl{annotation=javax.validation.constraints.NotNull, payloads=[], hasComposingConstraints=true, isReportAsSingleInvalidConstraint=false, elementType=FIELD, definedOn=DEFINED_LOCALLY, groups=[interface javax.validation.groups.Default], attributes={message={javax.validation.constraints.NotNull.message}, groups=[Ljava.lang.Class;@5bb8f9e2, payload=[Ljava.lang.Class;@6a933be2}}
DEBUG ConstraintDescriptorImpl - Adding composing constraint: ConstraintDescriptorImpl{annotation=javax.validation.constraints.Size, payloads=[], hasComposingConstraints=true, isReportAsSingleInvalidConstraint=false, elementType=FIELD, definedOn=DEFINED_LOCALLY, groups=[interface javax.validation.groups.Default], attributes={groups=[Ljava.lang.Class;@516ebdf8, min=1, message={javax.validation.constraints.Size.message}, max=2147483647, payload=[Ljava.lang.Class;@4d8539de}}
DEBUG ConstraintDescriptorImpl - Adding composing constraint: ConstraintDescriptorImpl{annotation=javax.validation.constraints.NotNull, payloads=[], hasComposingConstraints=true, isReportAsSingleInvalidConstraint=false, elementType=FIELD, definedOn=DEFINED_LOCALLY, groups=[interface javax.validation.groups.Default], attributes={message={javax.validation.constraints.NotNull.message}, groups=[Ljava.lang.Class;@1517f633, payload=[Ljava.lang.Class;@4fe01803}}
DEBUG ConstraintDescriptorImpl - Adding composing constraint: ConstraintDescriptorImpl{annotation=javax.validation.constraints.Size, payloads=[], hasComposingConstraints=true, isReportAsSingleInvalidConstraint=false, elementType=FIELD, definedOn=DEFINED_LOCALLY, groups=[interface javax.validation.groups.Default], attributes={groups=[Ljava.lang.Class;@6f6962ba, min=1, message={javax.validation.constraints.Size.message}, max=2147483647, payload=[Ljava.lang.Class;@4565a70a}}
DEBUG ConstraintDescriptorImpl - Adding composing constraint: ConstraintDescriptorImpl{annotation=javax.validation.constraints.NotNull, payloads=[], hasComposingConstraints=true, isReportAsSingleInvalidConstraint=false, elementType=FIELD, definedOn=DEFINED_LOCALLY, groups=[interface javax.validation.groups.Default], attributes={message={javax.validation.constraints.NotNull.message}, groups=[Ljava.lang.Class;@15723761, payload=[Ljava.lang.Class;@312afbc7}}
DEBUG ConstraintDescriptorImpl - Adding composing constraint: ConstraintDescriptorImpl{annotation=javax.validation.constraints.Size, payloads=[], hasComposingConstraints=true, isReportAsSingleInvalidConstraint=false, elementType=FIELD, definedOn=DEFINED_LOCALLY, groups=[interface javax.validation.groups.Default], attributes={groups=[Ljava.lang.Class;@7b60c3e, min=1, message={javax.validation.constraints.Size.message}, max=2147483647, payload=[Ljava.lang.Class;@3fbfa96}}
DEBUG ConstraintDescriptorImpl - Adding composing constraint: ConstraintDescriptorImpl{annotation=javax.validation.constraints.NotNull, payloads=[], hasComposingConstraints=true, isReportAsSingleInvalidConstraint=false, elementType=FIELD, definedOn=DEFINED_LOCALLY, groups=[interface javax.validation.groups.Default], attributes={message={javax.validation.constraints.NotNull.message}, groups=[Ljava.lang.Class;@68e62ca4, payload=[Ljava.lang.Class;@5328a9c1}}
DEBUG ConstraintDescriptorImpl - Adding composing constraint: ConstraintDescriptorImpl{annotation=javax.validation.constraints.Size, payloads=[], hasComposingConstraints=true, isReportAsSingleInvalidConstraint=false, elementType=FIELD, definedOn=DEFINED_LOCALLY, groups=[interface javax.validation.groups.Default], attributes={groups=[Ljava.lang.Class;@48bfb884, min=1, message={javax.validation.constraints.Size.message}, max=2147483647, payload=[Ljava.lang.Class;@11653e3b}}
DEBUG ConstraintDescriptorImpl - Adding composing constraint: ConstraintDescriptorImpl{annotation=javax.validation.constraints.NotNull, payloads=[], hasComposingConstraints=true, isReportAsSingleInvalidConstraint=false, elementType=FIELD, definedOn=DEFINED_LOCALLY, groups=[interface javax.validation.groups.Default], attributes={message={javax.validation.constraints.NotNull.message}, groups=[Ljava.lang.Class;@34b9fc7d, payload=[Ljava.lang.Class;@27f1bbe0}}
DEBUG ConstraintDescriptorImpl - Adding composing constraint: ConstraintDescriptorImpl{annotation=javax.validation.constraints.Size, payloads=[], hasComposingConstraints=true, isReportAsSingleInvalidConstraint=false, elementType=FIELD, definedOn=DEFINED_LOCALLY, groups=[interface javax.validation.groups.Default], attributes={groups=[Ljava.lang.Class;@7c211fd0, min=1, message={javax.validation.constraints.Size.message}, max=2147483647, payload=[Ljava.lang.Class;@7004e3d}}
DEBUG ConstraintDescriptorImpl - Adding composing constraint: ConstraintDescriptorImpl{annotation=javax.validation.constraints.NotNull, payloads=[], hasComposingConstraints=true, isReportAsSingleInvalidConstraint=false, elementType=FIELD, definedOn=DEFINED_LOCALLY, groups=[interface javax.validation.groups.Default], attributes={message={javax.validation.constraints.NotNull.message}, groups=[Ljava.lang.Class;@71a3a190, payload=[Ljava.lang.Class;@588ffeb}}
DEBUG ConstraintDescriptorImpl - Adding composing constraint: ConstraintDescriptorImpl{annotation=javax.validation.constraints.Size, payloads=[], hasComposingConstraints=true, isReportAsSingleInvalidConstraint=false, elementType=FIELD, definedOn=DEFINED_LOCALLY, groups=[interface javax.validation.groups.Default], attributes={groups=[Ljava.lang.Class;@baf1bb3, min=1, message={javax.validation.constraints.Size.message}, max=2147483647, payload=[Ljava.lang.Class;@67ec8477}}
DEBUG ConstraintDescriptorImpl - Adding composing constraint: ConstraintDescriptorImpl{annotation=javax.validation.constraints.NotNull, payloads=[], hasComposingConstraints=true, isReportAsSingleInvalidConstraint=false, elementType=FIELD, definedOn=DEFINED_LOCALLY, groups=[interface javax.validation.groups.Default], attributes={message={javax.validation.constraints.NotNull.message}, groups=[Ljava.lang.Class;@4482469c, payload=[Ljava.lang.Class;@3703bf3c}}
DEBUG ConstraintDescriptorImpl - Adding composing constraint: ConstraintDescriptorImpl{annotation=javax.validation.constraints.Size, payloads=[], hasComposingConstraints=true, isReportAsSingleInvalidConstraint=false, elementType=FIELD, definedOn=DEFINED_LOCALLY, groups=[interface javax.validation.groups.Default], attributes={groups=[Ljava.lang.Class;@5b3f3ba0, min=1, message={javax.validation.constraints.Size.message}, max=2147483647, payload=[Ljava.lang.Class;@ddf20fd}}
DEBUG DefaultIdentifierGeneratorFactory - Setting dialect [org.hibernate.dialect.HSQLDialect]
DEBUG DefaultIdentifierGeneratorFactory - Setting dialect [org.hibernate.dialect.HSQLDialect]
DEBUG DefaultIdentifierGeneratorFactory - Setting dialect [org.hibernate.dialect.HSQLDialect]
DEBUG DefaultIdentifierGeneratorFactory - Setting dialect [org.hibernate.dialect.HSQLDialect]
DEBUG DefaultIdentifierGeneratorFactory - Setting dialect [org.hibernate.dialect.HSQLDialect]
DEBUG DefaultIdentifierGeneratorFactory - Setting dialect [org.hibernate.dialect.HSQLDialect]
DEBUG DefaultIdentifierGeneratorFactory - Setting dialect [org.hibernate.dialect.HSQLDialect]
DEBUG DefaultIdentifierGeneratorFactory - Setting dialect [org.hibernate.dialect.HSQLDialect]
DEBUG AbstractEntityPersister - Static SQL for entity: com.expeditors.training.course3demo.model.PhoneNumber
DEBUG AbstractEntityPersister -  Version select: select PHONE_NUMBER_ID from PHONE_NUMBER where PHONE_NUMBER_ID =?
DEBUG AbstractEntityPersister -  Snapshot select: select phonenumbe_.PHONE_NUMBER_ID, phonenumbe_.CARD_ID as CARD3_3_, phonenumbe_.PHONE_NUMBER as PHONE2_3_ from PHONE_NUMBER phonenumbe_ where phonenumbe_.PHONE_NUMBER_ID=?
DEBUG AbstractEntityPersister -  Insert 0: insert into PHONE_NUMBER (CARD_ID, PHONE_NUMBER, PHONE_NUMBER_ID) values (?, ?, ?)
DEBUG AbstractEntityPersister -  Update 0: update PHONE_NUMBER set CARD_ID=?, PHONE_NUMBER=? where PHONE_NUMBER_ID=?
DEBUG AbstractEntityPersister -  Delete 0: delete from PHONE_NUMBER where PHONE_NUMBER_ID=?
DEBUG AbstractEntityPersister -  Identity insert: insert into PHONE_NUMBER (PHONE_NUMBER_ID, CARD_ID, PHONE_NUMBER) values (default, ?, ?)
DEBUG AbstractEntityPersister - Static SQL for entity: com.expeditors.training.course3demo.model.Shipment
DEBUG AbstractEntityPersister -  Version select: select SHIPMENT_ID from Shipment where SHIPMENT_ID =?
DEBUG AbstractEntityPersister -  Snapshot select: select shipment_.SHIPMENT_ID, shipment_.destination as destinat2_5_, shipment_.name as name3_5_, shipment_.origin as origin4_5_, shipment_.volume as volume5_5_ from Shipment shipment_ where shipment_.SHIPMENT_ID=?
DEBUG AbstractEntityPersister -  Insert 0: insert into Shipment (destination, name, origin, volume, SHIPMENT_ID) values (?, ?, ?, ?, ?)
DEBUG AbstractEntityPersister -  Update 0: update Shipment set destination=?, name=?, origin=?, volume=? where SHIPMENT_ID=?
DEBUG AbstractEntityPersister -  Delete 0: delete from Shipment where SHIPMENT_ID=?
DEBUG AbstractEntityPersister -  Identity insert: insert into Shipment (SHIPMENT_ID, destination, name, origin, volume) values (default, ?, ?, ?, ?)
DEBUG AbstractEntityPersister - Static SQL for entity: com.expeditors.training.course3demo.model.Card
DEBUG AbstractEntityPersister -  Version select: select CARD_ID from CARD where CARD_ID =?
DEBUG AbstractEntityPersister -  Snapshot select: select card_.CARD_ID, card_.address as address5_1_, card_.amount as amount2_1_, card_.CARD_NUMBER as CARD3_1_, card_.OWNER_NAME as OWNER4_1_ from CARD card_ where card_.CARD_ID=?
DEBUG AbstractEntityPersister -  Insert 0: insert into CARD (address, amount, CARD_NUMBER, OWNER_NAME, CARD_ID) values (?, ?, ?, ?, ?)
DEBUG AbstractEntityPersister -  Update 0: update CARD set address=?, amount=?, CARD_NUMBER=?, OWNER_NAME=? where CARD_ID=?
DEBUG AbstractEntityPersister -  Delete 0: delete from CARD where CARD_ID=?
DEBUG AbstractEntityPersister -  Identity insert: insert into CARD (CARD_ID, address, amount, CARD_NUMBER, OWNER_NAME) values (default, ?, ?, ?, ?)
DEBUG AbstractEntityPersister - Static SQL for entity: com.expeditors.training.course3demo.model.Container
DEBUG AbstractEntityPersister -  Version select: select CONTAINER_ID from Container where CONTAINER_ID =?
DEBUG AbstractEntityPersister -  Snapshot select: select container_.CONTAINER_ID, container_.capacity as capacity2_2_, container_.destination as destinat3_2_, container_.location as location4_2_, container_.name as name5_2_, container_.status as status6_2_ from Container container_ where container_.CONTAINER_ID=?
DEBUG AbstractEntityPersister -  Insert 0: insert into Container (capacity, destination, location, name, status, CONTAINER_ID) values (?, ?, ?, ?, ?, ?)
DEBUG AbstractEntityPersister -  Update 0: update Container set capacity=?, destination=?, location=?, name=?, status=? where CONTAINER_ID=?
DEBUG AbstractEntityPersister -  Delete 0: delete from Container where CONTAINER_ID=?
DEBUG AbstractEntityPersister -  Identity insert: insert into Container (CONTAINER_ID, capacity, destination, location, name, status) values (default, ?, ?, ?, ?, ?)
DEBUG AbstractEntityPersister - Static SQL for entity: com.expeditors.training.course3demo.model.UserRole
DEBUG AbstractEntityPersister -  Version select: select ROLE_ID from USERROLE where ROLE_ID =?
DEBUG AbstractEntityPersister -  Snapshot select: select userrole_.ROLE_ID, userrole_.ROLE_NAME as ROLE2_7_, userrole_.ROLE_OWNER as ROLE3_7_ from USERROLE userrole_ where userrole_.ROLE_ID=?
DEBUG AbstractEntityPersister -  Insert 0: insert into USERROLE (ROLE_NAME, ROLE_OWNER, ROLE_ID) values (?, ?, ?)
DEBUG AbstractEntityPersister -  Update 0: update USERROLE set ROLE_NAME=?, ROLE_OWNER=? where ROLE_ID=?
DEBUG AbstractEntityPersister -  Delete 0: delete from USERROLE where ROLE_ID=?
DEBUG AbstractEntityPersister -  Identity insert: insert into USERROLE (ROLE_ID, ROLE_NAME, ROLE_OWNER) values (default, ?, ?)
DEBUG AbstractEntityPersister - Static SQL for entity: com.expeditors.training.course3demo.model.Address
DEBUG AbstractEntityPersister -  Version select: select ADDRESS_ID from ADDRESS where ADDRESS_ID =?
DEBUG AbstractEntityPersister -  Snapshot select: select address_.ADDRESS_ID, address_.city as city2_0_, address_.state as state3_0_, address_.street as street4_0_ from ADDRESS address_ where address_.ADDRESS_ID=?
DEBUG AbstractEntityPersister -  Insert 0: insert into ADDRESS (city, state, street, ADDRESS_ID) values (?, ?, ?, ?)
DEBUG AbstractEntityPersister -  Update 0: update ADDRESS set city=?, state=?, street=? where ADDRESS_ID=?
DEBUG AbstractEntityPersister -  Delete 0: delete from ADDRESS where ADDRESS_ID=?
DEBUG AbstractEntityPersister -  Identity insert: insert into ADDRESS (ADDRESS_ID, city, state, street) values (default, ?, ?, ?)
DEBUG AbstractEntityPersister - Static SQL for entity: com.expeditors.training.course3demo.model.UserAccount
DEBUG AbstractEntityPersister -  Version select: select USER_ID from USERACCOUNT where USER_ID =?
DEBUG AbstractEntityPersister -  Snapshot select: select useraccoun_.USER_ID, useraccoun_.enabled as enabled2_6_, useraccoun_.password as password3_6_, useraccoun_.username as username4_6_ from USERACCOUNT useraccoun_ where useraccoun_.USER_ID=?
DEBUG AbstractEntityPersister -  Insert 0: insert into USERACCOUNT (enabled, password, username, USER_ID) values (?, ?, ?, ?)
DEBUG AbstractEntityPersister -  Update 0: update USERACCOUNT set enabled=?, password=?, username=? where USER_ID=?
DEBUG AbstractEntityPersister -  Delete 0: delete from USERACCOUNT where USER_ID=?
DEBUG AbstractEntityPersister -  Identity insert: insert into USERACCOUNT (USER_ID, enabled, password, username) values (default, ?, ?, ?)
DEBUG AbstractEntityPersister - Static SQL for entity: com.expeditors.training.course3demo.model.Product
DEBUG AbstractEntityPersister -  Version select: select PRODUCT_ID from PRODUCT where PRODUCT_ID =?
DEBUG AbstractEntityPersister -  Snapshot select: select product_.PRODUCT_ID, product_.description as descript2_4_, product_.name as name3_4_, product_.price as price4_4_ from PRODUCT product_ where product_.PRODUCT_ID=?
DEBUG AbstractEntityPersister -  Insert 0: insert into PRODUCT (description, name, price, PRODUCT_ID) values (?, ?, ?, ?)
DEBUG AbstractEntityPersister -  Update 0: update PRODUCT set description=?, name=?, price=? where PRODUCT_ID=?
DEBUG AbstractEntityPersister -  Delete 0: delete from PRODUCT where PRODUCT_ID=?
DEBUG AbstractEntityPersister -  Identity insert: insert into PRODUCT (PRODUCT_ID, description, name, price) values (default, ?, ?, ?)
DEBUG AbstractCollectionPersister - Static SQL for collection: com.expeditors.training.course3demo.model.Card.phoneNumbers
DEBUG AbstractCollectionPersister -  Row insert: update PHONE_NUMBER set CARD_ID=?, index=? where PHONE_NUMBER_ID=?
DEBUG AbstractCollectionPersister -  Row update: update PHONE_NUMBER set index=? where PHONE_NUMBER_ID=?
DEBUG AbstractCollectionPersister -  Row delete: update PHONE_NUMBER set CARD_ID=null, index=null where CARD_ID=? and PHONE_NUMBER_ID=?
DEBUG AbstractCollectionPersister -  One-shot delete: update PHONE_NUMBER set CARD_ID=null, index=null where CARD_ID=?
DEBUG AbstractCollectionPersister - Static SQL for collection: com.expeditors.training.course3demo.model.UserAccount.userRoles
DEBUG AbstractCollectionPersister -  Row insert: update USERROLE set ROLE_OWNER=? where ROLE_ID=?
DEBUG AbstractCollectionPersister -  Row update: update USERROLE set  where ROLE_ID=?
DEBUG AbstractCollectionPersister -  Row delete: update USERROLE set ROLE_OWNER=null where ROLE_OWNER=? and ROLE_ID=?
DEBUG AbstractCollectionPersister -  One-shot delete: update USERROLE set ROLE_OWNER=null where ROLE_OWNER=?
DEBUG Loader - Static select for entity com.expeditors.training.course3demo.model.PhoneNumber [NONE]: select phonenumbe0_.PHONE_NUMBER_ID as PHONE1_3_0_, phonenumbe0_.CARD_ID as CARD3_3_0_, phonenumbe0_.PHONE_NUMBER as PHONE2_3_0_ from PHONE_NUMBER phonenumbe0_ where phonenumbe0_.PHONE_NUMBER_ID=?
DEBUG Loader - Static select for entity com.expeditors.training.course3demo.model.PhoneNumber [READ]: select phonenumbe0_.PHONE_NUMBER_ID as PHONE1_3_0_, phonenumbe0_.CARD_ID as CARD3_3_0_, phonenumbe0_.PHONE_NUMBER as PHONE2_3_0_ from PHONE_NUMBER phonenumbe0_ where phonenumbe0_.PHONE_NUMBER_ID=?
DEBUG Loader - Static select for entity com.expeditors.training.course3demo.model.PhoneNumber [UPGRADE]: select phonenumbe0_.PHONE_NUMBER_ID as PHONE1_3_0_, phonenumbe0_.CARD_ID as CARD3_3_0_, phonenumbe0_.PHONE_NUMBER as PHONE2_3_0_ from PHONE_NUMBER phonenumbe0_ where phonenumbe0_.PHONE_NUMBER_ID=?
DEBUG Loader - Static select for entity com.expeditors.training.course3demo.model.PhoneNumber [UPGRADE_NOWAIT]: select phonenumbe0_.PHONE_NUMBER_ID as PHONE1_3_0_, phonenumbe0_.CARD_ID as CARD3_3_0_, phonenumbe0_.PHONE_NUMBER as PHONE2_3_0_ from PHONE_NUMBER phonenumbe0_ where phonenumbe0_.PHONE_NUMBER_ID=?
DEBUG Loader - Static select for entity com.expeditors.training.course3demo.model.PhoneNumber [FORCE]: select phonenumbe0_.PHONE_NUMBER_ID as PHONE1_3_0_, phonenumbe0_.CARD_ID as CARD3_3_0_, phonenumbe0_.PHONE_NUMBER as PHONE2_3_0_ from PHONE_NUMBER phonenumbe0_ where phonenumbe0_.PHONE_NUMBER_ID=?
DEBUG Loader - Static select for entity com.expeditors.training.course3demo.model.PhoneNumber [PESSIMISTIC_READ]: select phonenumbe0_.PHONE_NUMBER_ID as PHONE1_3_0_, phonenumbe0_.CARD_ID as CARD3_3_0_, phonenumbe0_.PHONE_NUMBER as PHONE2_3_0_ from PHONE_NUMBER phonenumbe0_ where phonenumbe0_.PHONE_NUMBER_ID=?
DEBUG Loader - Static select for entity com.expeditors.training.course3demo.model.PhoneNumber [PESSIMISTIC_WRITE]: select phonenumbe0_.PHONE_NUMBER_ID as PHONE1_3_0_, phonenumbe0_.CARD_ID as CARD3_3_0_, phonenumbe0_.PHONE_NUMBER as PHONE2_3_0_ from PHONE_NUMBER phonenumbe0_ where phonenumbe0_.PHONE_NUMBER_ID=?
DEBUG Loader - Static select for entity com.expeditors.training.course3demo.model.PhoneNumber [PESSIMISTIC_FORCE_INCREMENT]: select phonenumbe0_.PHONE_NUMBER_ID as PHONE1_3_0_, phonenumbe0_.CARD_ID as CARD3_3_0_, phonenumbe0_.PHONE_NUMBER as PHONE2_3_0_ from PHONE_NUMBER phonenumbe0_ where phonenumbe0_.PHONE_NUMBER_ID=?
DEBUG Loader - Static select for entity com.expeditors.training.course3demo.model.PhoneNumber [OPTIMISTIC]: select phonenumbe0_.PHONE_NUMBER_ID as PHONE1_3_0_, phonenumbe0_.CARD_ID as CARD3_3_0_, phonenumbe0_.PHONE_NUMBER as PHONE2_3_0_ from PHONE_NUMBER phonenumbe0_ where phonenumbe0_.PHONE_NUMBER_ID=?
DEBUG Loader - Static select for entity com.expeditors.training.course3demo.model.PhoneNumber [OPTIMISTIC_FORCE_INCREMENT]: select phonenumbe0_.PHONE_NUMBER_ID as PHONE1_3_0_, phonenumbe0_.CARD_ID as CARD3_3_0_, phonenumbe0_.PHONE_NUMBER as PHONE2_3_0_ from PHONE_NUMBER phonenumbe0_ where phonenumbe0_.PHONE_NUMBER_ID=?
DEBUG Loader - Static select for action ACTION_MERGE on entity com.expeditors.training.course3demo.model.PhoneNumber: select phonenumbe0_.PHONE_NUMBER_ID as PHONE1_3_0_, phonenumbe0_.CARD_ID as CARD3_3_0_, phonenumbe0_.PHONE_NUMBER as PHONE2_3_0_ from PHONE_NUMBER phonenumbe0_ where phonenumbe0_.PHONE_NUMBER_ID=?
DEBUG Loader - Static select for action ACTION_REFRESH on entity com.expeditors.training.course3demo.model.PhoneNumber: select phonenumbe0_.PHONE_NUMBER_ID as PHONE1_3_0_, phonenumbe0_.CARD_ID as CARD3_3_0_, phonenumbe0_.PHONE_NUMBER as PHONE2_3_0_ from PHONE_NUMBER phonenumbe0_ where phonenumbe0_.PHONE_NUMBER_ID=?
DEBUG Loader - Static select for entity com.expeditors.training.course3demo.model.Shipment [NONE]: select shipment0_.SHIPMENT_ID as SHIPMENT1_5_0_, shipment0_.destination as destinat2_5_0_, shipment0_.name as name3_5_0_, shipment0_.origin as origin4_5_0_, shipment0_.volume as volume5_5_0_ from Shipment shipment0_ where shipment0_.SHIPMENT_ID=?
DEBUG Loader - Static select for entity com.expeditors.training.course3demo.model.Shipment [READ]: select shipment0_.SHIPMENT_ID as SHIPMENT1_5_0_, shipment0_.destination as destinat2_5_0_, shipment0_.name as name3_5_0_, shipment0_.origin as origin4_5_0_, shipment0_.volume as volume5_5_0_ from Shipment shipment0_ where shipment0_.SHIPMENT_ID=?
DEBUG Loader - Static select for entity com.expeditors.training.course3demo.model.Shipment [UPGRADE]: select shipment0_.SHIPMENT_ID as SHIPMENT1_5_0_, shipment0_.destination as destinat2_5_0_, shipment0_.name as name3_5_0_, shipment0_.origin as origin4_5_0_, shipment0_.volume as volume5_5_0_ from Shipment shipment0_ where shipment0_.SHIPMENT_ID=?
DEBUG Loader - Static select for entity com.expeditors.training.course3demo.model.Shipment [UPGRADE_NOWAIT]: select shipment0_.SHIPMENT_ID as SHIPMENT1_5_0_, shipment0_.destination as destinat2_5_0_, shipment0_.name as name3_5_0_, shipment0_.origin as origin4_5_0_, shipment0_.volume as volume5_5_0_ from Shipment shipment0_ where shipment0_.SHIPMENT_ID=?
DEBUG Loader - Static select for entity com.expeditors.training.course3demo.model.Shipment [FORCE]: select shipment0_.SHIPMENT_ID as SHIPMENT1_5_0_, shipment0_.destination as destinat2_5_0_, shipment0_.name as name3_5_0_, shipment0_.origin as origin4_5_0_, shipment0_.volume as volume5_5_0_ from Shipment shipment0_ where shipment0_.SHIPMENT_ID=?
DEBUG Loader - Static select for entity com.expeditors.training.course3demo.model.Shipment [PESSIMISTIC_READ]: select shipment0_.SHIPMENT_ID as SHIPMENT1_5_0_, shipment0_.destination as destinat2_5_0_, shipment0_.name as name3_5_0_, shipment0_.origin as origin4_5_0_, shipment0_.volume as volume5_5_0_ from Shipment shipment0_ where shipment0_.SHIPMENT_ID=?
DEBUG Loader - Static select for entity com.expeditors.training.course3demo.model.Shipment [PESSIMISTIC_WRITE]: select shipment0_.SHIPMENT_ID as SHIPMENT1_5_0_, shipment0_.destination as destinat2_5_0_, shipment0_.name as name3_5_0_, shipment0_.origin as origin4_5_0_, shipment0_.volume as volume5_5_0_ from Shipment shipment0_ where shipment0_.SHIPMENT_ID=?
DEBUG Loader - Static select for entity com.expeditors.training.course3demo.model.Shipment [PESSIMISTIC_FORCE_INCREMENT]: select shipment0_.SHIPMENT_ID as SHIPMENT1_5_0_, shipment0_.destination as destinat2_5_0_, shipment0_.name as name3_5_0_, shipment0_.origin as origin4_5_0_, shipment0_.volume as volume5_5_0_ from Shipment shipment0_ where shipment0_.SHIPMENT_ID=?
DEBUG Loader - Static select for entity com.expeditors.training.course3demo.model.Shipment [OPTIMISTIC]: select shipment0_.SHIPMENT_ID as SHIPMENT1_5_0_, shipment0_.destination as destinat2_5_0_, shipment0_.name as name3_5_0_, shipment0_.origin as origin4_5_0_, shipment0_.volume as volume5_5_0_ from Shipment shipment0_ where shipment0_.SHIPMENT_ID=?
DEBUG Loader - Static select for entity com.expeditors.training.course3demo.model.Shipment [OPTIMISTIC_FORCE_INCREMENT]: select shipment0_.SHIPMENT_ID as SHIPMENT1_5_0_, shipment0_.destination as destinat2_5_0_, shipment0_.name as name3_5_0_, shipment0_.origin as origin4_5_0_, shipment0_.volume as volume5_5_0_ from Shipment shipment0_ where shipment0_.SHIPMENT_ID=?
DEBUG Loader - Static select for action ACTION_MERGE on entity com.expeditors.training.course3demo.model.Shipment: select shipment0_.SHIPMENT_ID as SHIPMENT1_5_0_, shipment0_.destination as destinat2_5_0_, shipment0_.name as name3_5_0_, shipment0_.origin as origin4_5_0_, shipment0_.volume as volume5_5_0_ from Shipment shipment0_ where shipment0_.SHIPMENT_ID=?
DEBUG Loader - Static select for action ACTION_REFRESH on entity com.expeditors.training.course3demo.model.Shipment: select shipment0_.SHIPMENT_ID as SHIPMENT1_5_0_, shipment0_.destination as destinat2_5_0_, shipment0_.name as name3_5_0_, shipment0_.origin as origin4_5_0_, shipment0_.volume as volume5_5_0_ from Shipment shipment0_ where shipment0_.SHIPMENT_ID=?
DEBUG Loader - Static select for entity com.expeditors.training.course3demo.model.Card [NONE]: select card0_.CARD_ID as CARD1_1_2_, card0_.address as address5_1_2_, card0_.amount as amount2_1_2_, card0_.CARD_NUMBER as CARD3_1_2_, card0_.OWNER_NAME as OWNER4_1_2_, address1_.ADDRESS_ID as ADDRESS1_0_0_, address1_.city as city2_0_0_, address1_.state as state3_0_0_, address1_.street as street4_0_0_, phonenumbe2_.CARD_ID as CARD3_1_4_, phonenumbe2_.PHONE_NUMBER_ID as PHONE1_3_4_, phonenumbe2_.index as index4_4_, phonenumbe2_.PHONE_NUMBER_ID as PHONE1_3_1_, phonenumbe2_.CARD_ID as CARD3_3_1_, phonenumbe2_.PHONE_NUMBER as PHONE2_3_1_ from CARD card0_ left outer join ADDRESS address1_ on card0_.address=address1_.ADDRESS_ID left outer join PHONE_NUMBER phonenumbe2_ on card0_.CARD_ID=phonenumbe2_.CARD_ID where card0_.CARD_ID=?
DEBUG Loader - Static select for entity com.expeditors.training.course3demo.model.Card [READ]: select card0_.CARD_ID as CARD1_1_2_, card0_.address as address5_1_2_, card0_.amount as amount2_1_2_, card0_.CARD_NUMBER as CARD3_1_2_, card0_.OWNER_NAME as OWNER4_1_2_, address1_.ADDRESS_ID as ADDRESS1_0_0_, address1_.city as city2_0_0_, address1_.state as state3_0_0_, address1_.street as street4_0_0_, phonenumbe2_.CARD_ID as CARD3_1_4_, phonenumbe2_.PHONE_NUMBER_ID as PHONE1_3_4_, phonenumbe2_.index as index4_4_, phonenumbe2_.PHONE_NUMBER_ID as PHONE1_3_1_, phonenumbe2_.CARD_ID as CARD3_3_1_, phonenumbe2_.PHONE_NUMBER as PHONE2_3_1_ from CARD card0_ left outer join ADDRESS address1_ on card0_.address=address1_.ADDRESS_ID left outer join PHONE_NUMBER phonenumbe2_ on card0_.CARD_ID=phonenumbe2_.CARD_ID where card0_.CARD_ID=?
DEBUG Loader - Static select for entity com.expeditors.training.course3demo.model.Card [UPGRADE]: select card0_.CARD_ID as CARD1_1_0_, card0_.address as address5_1_0_, card0_.amount as amount2_1_0_, card0_.CARD_NUMBER as CARD3_1_0_, card0_.OWNER_NAME as OWNER4_1_0_ from CARD card0_ where card0_.CARD_ID=?
DEBUG Loader - Static select for entity com.expeditors.training.course3demo.model.Card [UPGRADE_NOWAIT]: select card0_.CARD_ID as CARD1_1_0_, card0_.address as address5_1_0_, card0_.amount as amount2_1_0_, card0_.CARD_NUMBER as CARD3_1_0_, card0_.OWNER_NAME as OWNER4_1_0_ from CARD card0_ where card0_.CARD_ID=?
DEBUG Loader - Static select for entity com.expeditors.training.course3demo.model.Card [FORCE]: select card0_.CARD_ID as CARD1_1_0_, card0_.address as address5_1_0_, card0_.amount as amount2_1_0_, card0_.CARD_NUMBER as CARD3_1_0_, card0_.OWNER_NAME as OWNER4_1_0_ from CARD card0_ where card0_.CARD_ID=?
DEBUG Loader - Static select for entity com.expeditors.training.course3demo.model.Card [PESSIMISTIC_READ]: select card0_.CARD_ID as CARD1_1_0_, card0_.address as address5_1_0_, card0_.amount as amount2_1_0_, card0_.CARD_NUMBER as CARD3_1_0_, card0_.OWNER_NAME as OWNER4_1_0_ from CARD card0_ where card0_.CARD_ID=?
DEBUG Loader - Static select for entity com.expeditors.training.course3demo.model.Card [PESSIMISTIC_WRITE]: select card0_.CARD_ID as CARD1_1_0_, card0_.address as address5_1_0_, card0_.amount as amount2_1_0_, card0_.CARD_NUMBER as CARD3_1_0_, card0_.OWNER_NAME as OWNER4_1_0_ from CARD card0_ where card0_.CARD_ID=?
DEBUG Loader - Static select for entity com.expeditors.training.course3demo.model.Card [PESSIMISTIC_FORCE_INCREMENT]: select card0_.CARD_ID as CARD1_1_0_, card0_.address as address5_1_0_, card0_.amount as amount2_1_0_, card0_.CARD_NUMBER as CARD3_1_0_, card0_.OWNER_NAME as OWNER4_1_0_ from CARD card0_ where card0_.CARD_ID=?
DEBUG Loader - Static select for entity com.expeditors.training.course3demo.model.Card [OPTIMISTIC]: select card0_.CARD_ID as CARD1_1_0_, card0_.address as address5_1_0_, card0_.amount as amount2_1_0_, card0_.CARD_NUMBER as CARD3_1_0_, card0_.OWNER_NAME as OWNER4_1_0_ from CARD card0_ where card0_.CARD_ID=?
DEBUG Loader - Static select for entity com.expeditors.training.course3demo.model.Card [OPTIMISTIC_FORCE_INCREMENT]: select card0_.CARD_ID as CARD1_1_0_, card0_.address as address5_1_0_, card0_.amount as amount2_1_0_, card0_.CARD_NUMBER as CARD3_1_0_, card0_.OWNER_NAME as OWNER4_1_0_ from CARD card0_ where card0_.CARD_ID=?
DEBUG Loader - Static select for action ACTION_MERGE on entity com.expeditors.training.course3demo.model.Card: select card0_.CARD_ID as CARD1_1_2_, card0_.address as address5_1_2_, card0_.amount as amount2_1_2_, card0_.CARD_NUMBER as CARD3_1_2_, card0_.OWNER_NAME as OWNER4_1_2_, address1_.ADDRESS_ID as ADDRESS1_0_0_, address1_.city as city2_0_0_, address1_.state as state3_0_0_, address1_.street as street4_0_0_, phonenumbe2_.CARD_ID as CARD3_1_4_, phonenumbe2_.PHONE_NUMBER_ID as PHONE1_3_4_, phonenumbe2_.index as index4_4_, phonenumbe2_.PHONE_NUMBER_ID as PHONE1_3_1_, phonenumbe2_.CARD_ID as CARD3_3_1_, phonenumbe2_.PHONE_NUMBER as PHONE2_3_1_ from CARD card0_ left outer join ADDRESS address1_ on card0_.address=address1_.ADDRESS_ID left outer join PHONE_NUMBER phonenumbe2_ on card0_.CARD_ID=phonenumbe2_.CARD_ID where card0_.CARD_ID=?
DEBUG Loader - Static select for action ACTION_REFRESH on entity com.expeditors.training.course3demo.model.Card: select card0_.CARD_ID as CARD1_1_2_, card0_.address as address5_1_2_, card0_.amount as amount2_1_2_, card0_.CARD_NUMBER as CARD3_1_2_, card0_.OWNER_NAME as OWNER4_1_2_, address1_.ADDRESS_ID as ADDRESS1_0_0_, address1_.city as city2_0_0_, address1_.state as state3_0_0_, address1_.street as street4_0_0_, phonenumbe2_.CARD_ID as CARD3_1_4_, phonenumbe2_.PHONE_NUMBER_ID as PHONE1_3_4_, phonenumbe2_.index as index4_4_, phonenumbe2_.PHONE_NUMBER_ID as PHONE1_3_1_, phonenumbe2_.CARD_ID as CARD3_3_1_, phonenumbe2_.PHONE_NUMBER as PHONE2_3_1_ from CARD card0_ left outer join ADDRESS address1_ on card0_.address=address1_.ADDRESS_ID left outer join PHONE_NUMBER phonenumbe2_ on card0_.CARD_ID=phonenumbe2_.CARD_ID where card0_.CARD_ID=?
DEBUG Loader - Static select for entity com.expeditors.training.course3demo.model.Container [NONE]: select container0_.CONTAINER_ID as CONTAINE1_2_0_, container0_.capacity as capacity2_2_0_, container0_.destination as destinat3_2_0_, container0_.location as location4_2_0_, container0_.name as name5_2_0_, container0_.status as status6_2_0_ from Container container0_ where container0_.CONTAINER_ID=?
DEBUG Loader - Static select for entity com.expeditors.training.course3demo.model.Container [READ]: select container0_.CONTAINER_ID as CONTAINE1_2_0_, container0_.capacity as capacity2_2_0_, container0_.destination as destinat3_2_0_, container0_.location as location4_2_0_, container0_.name as name5_2_0_, container0_.status as status6_2_0_ from Container container0_ where container0_.CONTAINER_ID=?
DEBUG Loader - Static select for entity com.expeditors.training.course3demo.model.Container [UPGRADE]: select container0_.CONTAINER_ID as CONTAINE1_2_0_, container0_.capacity as capacity2_2_0_, container0_.destination as destinat3_2_0_, container0_.location as location4_2_0_, container0_.name as name5_2_0_, container0_.status as status6_2_0_ from Container container0_ where container0_.CONTAINER_ID=?
DEBUG Loader - Static select for entity com.expeditors.training.course3demo.model.Container [UPGRADE_NOWAIT]: select container0_.CONTAINER_ID as CONTAINE1_2_0_, container0_.capacity as capacity2_2_0_, container0_.destination as destinat3_2_0_, container0_.location as location4_2_0_, container0_.name as name5_2_0_, container0_.status as status6_2_0_ from Container container0_ where container0_.CONTAINER_ID=?
DEBUG Loader - Static select for entity com.expeditors.training.course3demo.model.Container [FORCE]: select container0_.CONTAINER_ID as CONTAINE1_2_0_, container0_.capacity as capacity2_2_0_, container0_.destination as destinat3_2_0_, container0_.location as location4_2_0_, container0_.name as name5_2_0_, container0_.status as status6_2_0_ from Container container0_ where container0_.CONTAINER_ID=?
DEBUG Loader - Static select for entity com.expeditors.training.course3demo.model.Container [PESSIMISTIC_READ]: select container0_.CONTAINER_ID as CONTAINE1_2_0_, container0_.capacity as capacity2_2_0_, container0_.destination as destinat3_2_0_, container0_.location as location4_2_0_, container0_.name as name5_2_0_, container0_.status as status6_2_0_ from Container container0_ where container0_.CONTAINER_ID=?
DEBUG Loader - Static select for entity com.expeditors.training.course3demo.model.Container [PESSIMISTIC_WRITE]: select container0_.CONTAINER_ID as CONTAINE1_2_0_, container0_.capacity as capacity2_2_0_, container0_.destination as destinat3_2_0_, container0_.location as location4_2_0_, container0_.name as name5_2_0_, container0_.status as status6_2_0_ from Container container0_ where container0_.CONTAINER_ID=?
DEBUG Loader - Static select for entity com.expeditors.training.course3demo.model.Container [PESSIMISTIC_FORCE_INCREMENT]: select container0_.CONTAINER_ID as CONTAINE1_2_0_, container0_.capacity as capacity2_2_0_, container0_.destination as destinat3_2_0_, container0_.location as location4_2_0_, container0_.name as name5_2_0_, container0_.status as status6_2_0_ from Container container0_ where container0_.CONTAINER_ID=?
DEBUG Loader - Static select for entity com.expeditors.training.course3demo.model.Container [OPTIMISTIC]: select container0_.CONTAINER_ID as CONTAINE1_2_0_, container0_.capacity as capacity2_2_0_, container0_.destination as destinat3_2_0_, container0_.location as location4_2_0_, container0_.name as name5_2_0_, container0_.status as status6_2_0_ from Container container0_ where container0_.CONTAINER_ID=?
DEBUG Loader - Static select for entity com.expeditors.training.course3demo.model.Container [OPTIMISTIC_FORCE_INCREMENT]: select container0_.CONTAINER_ID as CONTAINE1_2_0_, container0_.capacity as capacity2_2_0_, container0_.destination as destinat3_2_0_, container0_.location as location4_2_0_, container0_.name as name5_2_0_, container0_.status as status6_2_0_ from Container container0_ where container0_.CONTAINER_ID=?
DEBUG Loader - Static select for action ACTION_MERGE on entity com.expeditors.training.course3demo.model.Container: select container0_.CONTAINER_ID as CONTAINE1_2_0_, container0_.capacity as capacity2_2_0_, container0_.destination as destinat3_2_0_, container0_.location as location4_2_0_, container0_.name as name5_2_0_, container0_.status as status6_2_0_ from Container container0_ where container0_.CONTAINER_ID=?
DEBUG Loader - Static select for action ACTION_REFRESH on entity com.expeditors.training.course3demo.model.Container: select container0_.CONTAINER_ID as CONTAINE1_2_0_, container0_.capacity as capacity2_2_0_, container0_.destination as destinat3_2_0_, container0_.location as location4_2_0_, container0_.name as name5_2_0_, container0_.status as status6_2_0_ from Container container0_ where container0_.CONTAINER_ID=?
DEBUG Loader - Static select for entity com.expeditors.training.course3demo.model.UserRole [NONE]: select userrole0_.ROLE_ID as ROLE1_7_0_, userrole0_.ROLE_NAME as ROLE2_7_0_, userrole0_.ROLE_OWNER as ROLE3_7_0_ from USERROLE userrole0_ where userrole0_.ROLE_ID=?
DEBUG Loader - Static select for entity com.expeditors.training.course3demo.model.UserRole [READ]: select userrole0_.ROLE_ID as ROLE1_7_0_, userrole0_.ROLE_NAME as ROLE2_7_0_, userrole0_.ROLE_OWNER as ROLE3_7_0_ from USERROLE userrole0_ where userrole0_.ROLE_ID=?
DEBUG Loader - Static select for entity com.expeditors.training.course3demo.model.UserRole [UPGRADE]: select userrole0_.ROLE_ID as ROLE1_7_0_, userrole0_.ROLE_NAME as ROLE2_7_0_, userrole0_.ROLE_OWNER as ROLE3_7_0_ from USERROLE userrole0_ where userrole0_.ROLE_ID=?
DEBUG Loader - Static select for entity com.expeditors.training.course3demo.model.UserRole [UPGRADE_NOWAIT]: select userrole0_.ROLE_ID as ROLE1_7_0_, userrole0_.ROLE_NAME as ROLE2_7_0_, userrole0_.ROLE_OWNER as ROLE3_7_0_ from USERROLE userrole0_ where userrole0_.ROLE_ID=?
DEBUG Loader - Static select for entity com.expeditors.training.course3demo.model.UserRole [FORCE]: select userrole0_.ROLE_ID as ROLE1_7_0_, userrole0_.ROLE_NAME as ROLE2_7_0_, userrole0_.ROLE_OWNER as ROLE3_7_0_ from USERROLE userrole0_ where userrole0_.ROLE_ID=?
DEBUG Loader - Static select for entity com.expeditors.training.course3demo.model.UserRole [PESSIMISTIC_READ]: select userrole0_.ROLE_ID as ROLE1_7_0_, userrole0_.ROLE_NAME as ROLE2_7_0_, userrole0_.ROLE_OWNER as ROLE3_7_0_ from USERROLE userrole0_ where userrole0_.ROLE_ID=?
DEBUG Loader - Static select for entity com.expeditors.training.course3demo.model.UserRole [PESSIMISTIC_WRITE]: select userrole0_.ROLE_ID as ROLE1_7_0_, userrole0_.ROLE_NAME as ROLE2_7_0_, userrole0_.ROLE_OWNER as ROLE3_7_0_ from USERROLE userrole0_ where userrole0_.ROLE_ID=?
DEBUG Loader - Static select for entity com.expeditors.training.course3demo.model.UserRole [PESSIMISTIC_FORCE_INCREMENT]: select userrole0_.ROLE_ID as ROLE1_7_0_, userrole0_.ROLE_NAME as ROLE2_7_0_, userrole0_.ROLE_OWNER as ROLE3_7_0_ from USERROLE userrole0_ where userrole0_.ROLE_ID=?
DEBUG Loader - Static select for entity com.expeditors.training.course3demo.model.UserRole [OPTIMISTIC]: select userrole0_.ROLE_ID as ROLE1_7_0_, userrole0_.ROLE_NAME as ROLE2_7_0_, userrole0_.ROLE_OWNER as ROLE3_7_0_ from USERROLE userrole0_ where userrole0_.ROLE_ID=?
DEBUG Loader - Static select for entity com.expeditors.training.course3demo.model.UserRole [OPTIMISTIC_FORCE_INCREMENT]: select userrole0_.ROLE_ID as ROLE1_7_0_, userrole0_.ROLE_NAME as ROLE2_7_0_, userrole0_.ROLE_OWNER as ROLE3_7_0_ from USERROLE userrole0_ where userrole0_.ROLE_ID=?
DEBUG Loader - Static select for action ACTION_MERGE on entity com.expeditors.training.course3demo.model.UserRole: select userrole0_.ROLE_ID as ROLE1_7_0_, userrole0_.ROLE_NAME as ROLE2_7_0_, userrole0_.ROLE_OWNER as ROLE3_7_0_ from USERROLE userrole0_ where userrole0_.ROLE_ID=?
DEBUG Loader - Static select for action ACTION_REFRESH on entity com.expeditors.training.course3demo.model.UserRole: select userrole0_.ROLE_ID as ROLE1_7_0_, userrole0_.ROLE_NAME as ROLE2_7_0_, userrole0_.ROLE_OWNER as ROLE3_7_0_ from USERROLE userrole0_ where userrole0_.ROLE_ID=?
DEBUG Loader - Static select for entity com.expeditors.training.course3demo.model.Address [NONE]: select address0_.ADDRESS_ID as ADDRESS1_0_0_, address0_.city as city2_0_0_, address0_.state as state3_0_0_, address0_.street as street4_0_0_ from ADDRESS address0_ where address0_.ADDRESS_ID=?
DEBUG Loader - Static select for entity com.expeditors.training.course3demo.model.Address [READ]: select address0_.ADDRESS_ID as ADDRESS1_0_0_, address0_.city as city2_0_0_, address0_.state as state3_0_0_, address0_.street as street4_0_0_ from ADDRESS address0_ where address0_.ADDRESS_ID=?
DEBUG Loader - Static select for entity com.expeditors.training.course3demo.model.Address [UPGRADE]: select address0_.ADDRESS_ID as ADDRESS1_0_0_, address0_.city as city2_0_0_, address0_.state as state3_0_0_, address0_.street as street4_0_0_ from ADDRESS address0_ where address0_.ADDRESS_ID=?
DEBUG Loader - Static select for entity com.expeditors.training.course3demo.model.Address [UPGRADE_NOWAIT]: select address0_.ADDRESS_ID as ADDRESS1_0_0_, address0_.city as city2_0_0_, address0_.state as state3_0_0_, address0_.street as street4_0_0_ from ADDRESS address0_ where address0_.ADDRESS_ID=?
DEBUG Loader - Static select for entity com.expeditors.training.course3demo.model.Address [FORCE]: select address0_.ADDRESS_ID as ADDRESS1_0_0_, address0_.city as city2_0_0_, address0_.state as state3_0_0_, address0_.street as street4_0_0_ from ADDRESS address0_ where address0_.ADDRESS_ID=?
DEBUG Loader - Static select for entity com.expeditors.training.course3demo.model.Address [PESSIMISTIC_READ]: select address0_.ADDRESS_ID as ADDRESS1_0_0_, address0_.city as city2_0_0_, address0_.state as state3_0_0_, address0_.street as street4_0_0_ from ADDRESS address0_ where address0_.ADDRESS_ID=?
DEBUG Loader - Static select for entity com.expeditors.training.course3demo.model.Address [PESSIMISTIC_WRITE]: select address0_.ADDRESS_ID as ADDRESS1_0_0_, address0_.city as city2_0_0_, address0_.state as state3_0_0_, address0_.street as street4_0_0_ from ADDRESS address0_ where address0_.ADDRESS_ID=?
DEBUG Loader - Static select for entity com.expeditors.training.course3demo.model.Address [PESSIMISTIC_FORCE_INCREMENT]: select address0_.ADDRESS_ID as ADDRESS1_0_0_, address0_.city as city2_0_0_, address0_.state as state3_0_0_, address0_.street as street4_0_0_ from ADDRESS address0_ where address0_.ADDRESS_ID=?
DEBUG Loader - Static select for entity com.expeditors.training.course3demo.model.Address [OPTIMISTIC]: select address0_.ADDRESS_ID as ADDRESS1_0_0_, address0_.city as city2_0_0_, address0_.state as state3_0_0_, address0_.street as street4_0_0_ from ADDRESS address0_ where address0_.ADDRESS_ID=?
DEBUG Loader - Static select for entity com.expeditors.training.course3demo.model.Address [OPTIMISTIC_FORCE_INCREMENT]: select address0_.ADDRESS_ID as ADDRESS1_0_0_, address0_.city as city2_0_0_, address0_.state as state3_0_0_, address0_.street as street4_0_0_ from ADDRESS address0_ where address0_.ADDRESS_ID=?
DEBUG Loader - Static select for action ACTION_MERGE on entity com.expeditors.training.course3demo.model.Address: select address0_.ADDRESS_ID as ADDRESS1_0_0_, address0_.city as city2_0_0_, address0_.state as state3_0_0_, address0_.street as street4_0_0_ from ADDRESS address0_ where address0_.ADDRESS_ID=?
DEBUG Loader - Static select for action ACTION_REFRESH on entity com.expeditors.training.course3demo.model.Address: select address0_.ADDRESS_ID as ADDRESS1_0_0_, address0_.city as city2_0_0_, address0_.state as state3_0_0_, address0_.street as street4_0_0_ from ADDRESS address0_ where address0_.ADDRESS_ID=?
DEBUG Loader - Static select for entity com.expeditors.training.course3demo.model.UserAccount [NONE]: select useraccoun0_.USER_ID as USER1_6_1_, useraccoun0_.enabled as enabled2_6_1_, useraccoun0_.password as password3_6_1_, useraccoun0_.username as username4_6_1_, userroles1_.ROLE_OWNER as ROLE3_6_3_, userroles1_.ROLE_ID as ROLE1_7_3_, userroles1_.ROLE_ID as ROLE1_7_0_, userroles1_.ROLE_NAME as ROLE2_7_0_, userroles1_.ROLE_OWNER as ROLE3_7_0_ from USERACCOUNT useraccoun0_ left outer join USERROLE userroles1_ on useraccoun0_.USER_ID=userroles1_.ROLE_OWNER where useraccoun0_.USER_ID=?
DEBUG Loader - Static select for entity com.expeditors.training.course3demo.model.UserAccount [READ]: select useraccoun0_.USER_ID as USER1_6_1_, useraccoun0_.enabled as enabled2_6_1_, useraccoun0_.password as password3_6_1_, useraccoun0_.username as username4_6_1_, userroles1_.ROLE_OWNER as ROLE3_6_3_, userroles1_.ROLE_ID as ROLE1_7_3_, userroles1_.ROLE_ID as ROLE1_7_0_, userroles1_.ROLE_NAME as ROLE2_7_0_, userroles1_.ROLE_OWNER as ROLE3_7_0_ from USERACCOUNT useraccoun0_ left outer join USERROLE userroles1_ on useraccoun0_.USER_ID=userroles1_.ROLE_OWNER where useraccoun0_.USER_ID=?
DEBUG Loader - Static select for entity com.expeditors.training.course3demo.model.UserAccount [UPGRADE]: select useraccoun0_.USER_ID as USER1_6_0_, useraccoun0_.enabled as enabled2_6_0_, useraccoun0_.password as password3_6_0_, useraccoun0_.username as username4_6_0_ from USERACCOUNT useraccoun0_ where useraccoun0_.USER_ID=?
DEBUG Loader - Static select for entity com.expeditors.training.course3demo.model.UserAccount [UPGRADE_NOWAIT]: select useraccoun0_.USER_ID as USER1_6_0_, useraccoun0_.enabled as enabled2_6_0_, useraccoun0_.password as password3_6_0_, useraccoun0_.username as username4_6_0_ from USERACCOUNT useraccoun0_ where useraccoun0_.USER_ID=?
DEBUG Loader - Static select for entity com.expeditors.training.course3demo.model.UserAccount [FORCE]: select useraccoun0_.USER_ID as USER1_6_0_, useraccoun0_.enabled as enabled2_6_0_, useraccoun0_.password as password3_6_0_, useraccoun0_.username as username4_6_0_ from USERACCOUNT useraccoun0_ where useraccoun0_.USER_ID=?
DEBUG Loader - Static select for entity com.expeditors.training.course3demo.model.UserAccount [PESSIMISTIC_READ]: select useraccoun0_.USER_ID as USER1_6_0_, useraccoun0_.enabled as enabled2_6_0_, useraccoun0_.password as password3_6_0_, useraccoun0_.username as username4_6_0_ from USERACCOUNT useraccoun0_ where useraccoun0_.USER_ID=?
DEBUG Loader - Static select for entity com.expeditors.training.course3demo.model.UserAccount [PESSIMISTIC_WRITE]: select useraccoun0_.USER_ID as USER1_6_0_, useraccoun0_.enabled as enabled2_6_0_, useraccoun0_.password as password3_6_0_, useraccoun0_.username as username4_6_0_ from USERACCOUNT useraccoun0_ where useraccoun0_.USER_ID=?
DEBUG Loader - Static select for entity com.expeditors.training.course3demo.model.UserAccount [PESSIMISTIC_FORCE_INCREMENT]: select useraccoun0_.USER_ID as USER1_6_0_, useraccoun0_.enabled as enabled2_6_0_, useraccoun0_.password as password3_6_0_, useraccoun0_.username as username4_6_0_ from USERACCOUNT useraccoun0_ where useraccoun0_.USER_ID=?
DEBUG Loader - Static select for entity com.expeditors.training.course3demo.model.UserAccount [OPTIMISTIC]: select useraccoun0_.USER_ID as USER1_6_0_, useraccoun0_.enabled as enabled2_6_0_, useraccoun0_.password as password3_6_0_, useraccoun0_.username as username4_6_0_ from USERACCOUNT useraccoun0_ where useraccoun0_.USER_ID=?
DEBUG Loader - Static select for entity com.expeditors.training.course3demo.model.UserAccount [OPTIMISTIC_FORCE_INCREMENT]: select useraccoun0_.USER_ID as USER1_6_0_, useraccoun0_.enabled as enabled2_6_0_, useraccoun0_.password as password3_6_0_, useraccoun0_.username as username4_6_0_ from USERACCOUNT useraccoun0_ where useraccoun0_.USER_ID=?
DEBUG Loader - Static select for action ACTION_MERGE on entity com.expeditors.training.course3demo.model.UserAccount: select useraccoun0_.USER_ID as USER1_6_1_, useraccoun0_.enabled as enabled2_6_1_, useraccoun0_.password as password3_6_1_, useraccoun0_.username as username4_6_1_, userroles1_.ROLE_OWNER as ROLE3_6_3_, userroles1_.ROLE_ID as ROLE1_7_3_, userroles1_.ROLE_ID as ROLE1_7_0_, userroles1_.ROLE_NAME as ROLE2_7_0_, userroles1_.ROLE_OWNER as ROLE3_7_0_ from USERACCOUNT useraccoun0_ left outer join USERROLE userroles1_ on useraccoun0_.USER_ID=userroles1_.ROLE_OWNER where useraccoun0_.USER_ID=?
DEBUG Loader - Static select for action ACTION_REFRESH on entity com.expeditors.training.course3demo.model.UserAccount: select useraccoun0_.USER_ID as USER1_6_1_, useraccoun0_.enabled as enabled2_6_1_, useraccoun0_.password as password3_6_1_, useraccoun0_.username as username4_6_1_, userroles1_.ROLE_OWNER as ROLE3_6_3_, userroles1_.ROLE_ID as ROLE1_7_3_, userroles1_.ROLE_ID as ROLE1_7_0_, userroles1_.ROLE_NAME as ROLE2_7_0_, userroles1_.ROLE_OWNER as ROLE3_7_0_ from USERACCOUNT useraccoun0_ left outer join USERROLE userroles1_ on useraccoun0_.USER_ID=userroles1_.ROLE_OWNER where useraccoun0_.USER_ID=?
DEBUG Loader - Static select for entity com.expeditors.training.course3demo.model.Product [NONE]: select product0_.PRODUCT_ID as PRODUCT1_4_0_, product0_.description as descript2_4_0_, product0_.name as name3_4_0_, product0_.price as price4_4_0_ from PRODUCT product0_ where product0_.PRODUCT_ID=?
DEBUG Loader - Static select for entity com.expeditors.training.course3demo.model.Product [READ]: select product0_.PRODUCT_ID as PRODUCT1_4_0_, product0_.description as descript2_4_0_, product0_.name as name3_4_0_, product0_.price as price4_4_0_ from PRODUCT product0_ where product0_.PRODUCT_ID=?
DEBUG Loader - Static select for entity com.expeditors.training.course3demo.model.Product [UPGRADE]: select product0_.PRODUCT_ID as PRODUCT1_4_0_, product0_.description as descript2_4_0_, product0_.name as name3_4_0_, product0_.price as price4_4_0_ from PRODUCT product0_ where product0_.PRODUCT_ID=?
DEBUG Loader - Static select for entity com.expeditors.training.course3demo.model.Product [UPGRADE_NOWAIT]: select product0_.PRODUCT_ID as PRODUCT1_4_0_, product0_.description as descript2_4_0_, product0_.name as name3_4_0_, product0_.price as price4_4_0_ from PRODUCT product0_ where product0_.PRODUCT_ID=?
DEBUG Loader - Static select for entity com.expeditors.training.course3demo.model.Product [FORCE]: select product0_.PRODUCT_ID as PRODUCT1_4_0_, product0_.description as descript2_4_0_, product0_.name as name3_4_0_, product0_.price as price4_4_0_ from PRODUCT product0_ where product0_.PRODUCT_ID=?
DEBUG Loader - Static select for entity com.expeditors.training.course3demo.model.Product [PESSIMISTIC_READ]: select product0_.PRODUCT_ID as PRODUCT1_4_0_, product0_.description as descript2_4_0_, product0_.name as name3_4_0_, product0_.price as price4_4_0_ from PRODUCT product0_ where product0_.PRODUCT_ID=?
DEBUG Loader - Static select for entity com.expeditors.training.course3demo.model.Product [PESSIMISTIC_WRITE]: select product0_.PRODUCT_ID as PRODUCT1_4_0_, product0_.description as descript2_4_0_, product0_.name as name3_4_0_, product0_.price as price4_4_0_ from PRODUCT product0_ where product0_.PRODUCT_ID=?
DEBUG Loader - Static select for entity com.expeditors.training.course3demo.model.Product [PESSIMISTIC_FORCE_INCREMENT]: select product0_.PRODUCT_ID as PRODUCT1_4_0_, product0_.description as descript2_4_0_, product0_.name as name3_4_0_, product0_.price as price4_4_0_ from PRODUCT product0_ where product0_.PRODUCT_ID=?
DEBUG Loader - Static select for entity com.expeditors.training.course3demo.model.Product [OPTIMISTIC]: select product0_.PRODUCT_ID as PRODUCT1_4_0_, product0_.description as descript2_4_0_, product0_.name as name3_4_0_, product0_.price as price4_4_0_ from PRODUCT product0_ where product0_.PRODUCT_ID=?
DEBUG Loader - Static select for entity com.expeditors.training.course3demo.model.Product [OPTIMISTIC_FORCE_INCREMENT]: select product0_.PRODUCT_ID as PRODUCT1_4_0_, product0_.description as descript2_4_0_, product0_.name as name3_4_0_, product0_.price as price4_4_0_ from PRODUCT product0_ where product0_.PRODUCT_ID=?
DEBUG Loader - Static select for action ACTION_MERGE on entity com.expeditors.training.course3demo.model.Product: select product0_.PRODUCT_ID as PRODUCT1_4_0_, product0_.description as descript2_4_0_, product0_.name as name3_4_0_, product0_.price as price4_4_0_ from PRODUCT product0_ where product0_.PRODUCT_ID=?
DEBUG Loader - Static select for action ACTION_REFRESH on entity com.expeditors.training.course3demo.model.Product: select product0_.PRODUCT_ID as PRODUCT1_4_0_, product0_.description as descript2_4_0_, product0_.name as name3_4_0_, product0_.price as price4_4_0_ from PRODUCT product0_ where product0_.PRODUCT_ID=?
DEBUG OneToManyLoader - Static select for one-to-many com.expeditors.training.course3demo.model.Card.phoneNumbers: select phonenumbe0_.CARD_ID as CARD3_1_1_, phonenumbe0_.PHONE_NUMBER_ID as PHONE1_3_1_, phonenumbe0_.index as index4_1_, phonenumbe0_.PHONE_NUMBER_ID as PHONE1_3_0_, phonenumbe0_.CARD_ID as CARD3_3_0_, phonenumbe0_.PHONE_NUMBER as PHONE2_3_0_ from PHONE_NUMBER phonenumbe0_ where phonenumbe0_.CARD_ID=?
DEBUG OneToManyLoader - Static select for one-to-many com.expeditors.training.course3demo.model.UserAccount.userRoles: select userroles0_.ROLE_OWNER as ROLE3_6_1_, userroles0_.ROLE_ID as ROLE1_7_1_, userroles0_.ROLE_ID as ROLE1_7_0_, userroles0_.ROLE_NAME as ROLE2_7_0_, userroles0_.ROLE_OWNER as ROLE3_7_0_ from USERROLE userroles0_ where userroles0_.ROLE_OWNER=?
DEBUG SessionFactoryRegistry - Registering SessionFactory: af123ae7-b7f5-4e50-9127-1fb275be301f (&lt;unnamed&gt;)
DEBUG SessionFactoryRegistry - Not binding SessionFactory to JNDI, no JNDI name configured
DEBUG SessionFactoryImpl - Instantiated session factory
DEBUG Configuration - Processing hbm.xml files
DEBUG Configuration - Process annotated classes
DEBUG Configuration - Processing fk mappings (*ToOne and JoinedSubclass)
DEBUG Configuration - Processing extends queue
DEBUG Configuration - Processing extends queue
DEBUG Configuration - Processing collection mappings
DEBUG Configuration - Processing native query and ResultSetMapping mappings
DEBUG Configuration - Processing association property references
DEBUG Configuration - Creating tables&apos; unique integer identifiers
DEBUG Configuration - Processing foreign key constraints
DEBUG Configuration - Resolving reference to class: com.expeditors.training.course3demo.model.Address
DEBUG Configuration - Resolving reference to class: com.expeditors.training.course3demo.model.Card
DEBUG Configuration - Resolving reference to class: com.expeditors.training.course3demo.model.UserAccount
DEBUG DefaultIdentifierGeneratorFactory - Setting dialect [org.hibernate.dialect.HSQLDialect]
DEBUG DefaultIdentifierGeneratorFactory - Setting dialect [org.hibernate.dialect.HSQLDialect]
DEBUG DefaultIdentifierGeneratorFactory - Setting dialect [org.hibernate.dialect.HSQLDialect]
DEBUG DefaultIdentifierGeneratorFactory - Setting dialect [org.hibernate.dialect.HSQLDialect]
DEBUG DefaultIdentifierGeneratorFactory - Setting dialect [org.hibernate.dialect.HSQLDialect]
DEBUG DefaultIdentifierGeneratorFactory - Setting dialect [org.hibernate.dialect.HSQLDialect]
DEBUG DefaultIdentifierGeneratorFactory - Setting dialect [org.hibernate.dialect.HSQLDialect]
DEBUG DefaultIdentifierGeneratorFactory - Setting dialect [org.hibernate.dialect.HSQLDialect]
DEBUG Configuration - Processing hbm.xml files
DEBUG Configuration - Process annotated classes
DEBUG Configuration - Processing fk mappings (*ToOne and JoinedSubclass)
DEBUG Configuration - Processing extends queue
DEBUG Configuration - Processing extends queue
DEBUG Configuration - Processing collection mappings
DEBUG Configuration - Processing native query and ResultSetMapping mappings
DEBUG Configuration - Processing association property references
DEBUG Configuration - Creating tables&apos; unique integer identifiers
DEBUG Configuration - Processing foreign key constraints
DEBUG Configuration - Resolving reference to class: com.expeditors.training.course3demo.model.Address
DEBUG Configuration - Resolving reference to class: com.expeditors.training.course3demo.model.Card
DEBUG Configuration - Resolving reference to class: com.expeditors.training.course3demo.model.UserAccount
DEBUG DefaultIdentifierGeneratorFactory - Setting dialect [org.hibernate.dialect.HSQLDialect]
DEBUG DefaultIdentifierGeneratorFactory - Setting dialect [org.hibernate.dialect.HSQLDialect]
DEBUG DefaultIdentifierGeneratorFactory - Setting dialect [org.hibernate.dialect.HSQLDialect]
DEBUG DefaultIdentifierGeneratorFactory - Setting dialect [org.hibernate.dialect.HSQLDialect]
DEBUG DefaultIdentifierGeneratorFactory - Setting dialect [org.hibernate.dialect.HSQLDialect]
DEBUG DefaultIdentifierGeneratorFactory - Setting dialect [org.hibernate.dialect.HSQLDialect]
DEBUG DefaultIdentifierGeneratorFactory - Setting dialect [org.hibernate.dialect.HSQLDialect]
DEBUG DefaultIdentifierGeneratorFactory - Setting dialect [org.hibernate.dialect.HSQLDialect]
DEBUG DefaultIdentifierGeneratorFactory - Setting dialect [org.hibernate.dialect.HSQLDialect]
DEBUG DefaultIdentifierGeneratorFactory - Setting dialect [org.hibernate.dialect.HSQLDialect]
DEBUG DefaultIdentifierGeneratorFactory - Setting dialect [org.hibernate.dialect.HSQLDialect]
DEBUG DefaultIdentifierGeneratorFactory - Setting dialect [org.hibernate.dialect.HSQLDialect]
DEBUG DefaultIdentifierGeneratorFactory - Setting dialect [org.hibernate.dialect.HSQLDialect]
DEBUG DefaultIdentifierGeneratorFactory - Setting dialect [org.hibernate.dialect.HSQLDialect]
DEBUG DefaultIdentifierGeneratorFactory - Setting dialect [org.hibernate.dialect.HSQLDialect]
DEBUG DefaultIdentifierGeneratorFactory - Setting dialect [org.hibernate.dialect.HSQLDialect]
INFO  SchemaExport - HHH000227: Running hbm2ddl schema export
DEBUG SchemaExport - Import file not found: /import.sql
DEBUG DriverManagerDataSource - Creating new JDBC DriverManager Connection to [jdbc:hsqldb:mem:paging]
DEBUG SQL - alter table CARD drop constraint FK_a6ae4b1149c043a2b5986f46d68
Hibernate: alter table CARD drop constraint FK_a6ae4b1149c043a2b5986f46d68
ERROR SchemaExport - HHH000389: Unsuccessful: alter table CARD drop constraint FK_a6ae4b1149c043a2b5986f46d68
ERROR SchemaExport - user lacks privilege or object not found: PUBLIC.CARD
DEBUG SQL - alter table PHONE_NUMBER drop constraint FK_ebea4a54904a401b8f11a8d05e1
Hibernate: alter table PHONE_NUMBER drop constraint FK_ebea4a54904a401b8f11a8d05e1
ERROR SchemaExport - HHH000389: Unsuccessful: alter table PHONE_NUMBER drop constraint FK_ebea4a54904a401b8f11a8d05e1
ERROR SchemaExport - user lacks privilege or object not found: PUBLIC.PHONE_NUMBER
DEBUG SQL - alter table USERROLE drop constraint FK_680430bb609a40eb8e0f9987176
Hibernate: alter table USERROLE drop constraint FK_680430bb609a40eb8e0f9987176
ERROR SchemaExport - HHH000389: Unsuccessful: alter table USERROLE drop constraint FK_680430bb609a40eb8e0f9987176
ERROR SchemaExport - user lacks privilege or object not found: PUBLIC.USERROLE
DEBUG SQL - drop table ADDRESS if exists
Hibernate: drop table ADDRESS if exists
DEBUG SQL - drop table CARD if exists
Hibernate: drop table CARD if exists
DEBUG SQL - drop table Container if exists
Hibernate: drop table Container if exists
DEBUG SQL - drop table PHONE_NUMBER if exists
Hibernate: drop table PHONE_NUMBER if exists
DEBUG SQL - drop table PRODUCT if exists
Hibernate: drop table PRODUCT if exists
DEBUG SQL - drop table Shipment if exists
Hibernate: drop table Shipment if exists
DEBUG SQL - drop table USERACCOUNT if exists
Hibernate: drop table USERACCOUNT if exists
DEBUG SQL - drop table USERROLE if exists
Hibernate: drop table USERROLE if exists
DEBUG SQL - create table ADDRESS (ADDRESS_ID bigint generated by default as identity (start with 1), city varchar(255) not null, state CHAR(2) not null, street varchar(255) not null, primary key (ADDRESS_ID))
Hibernate: create table ADDRESS (ADDRESS_ID bigint generated by default as identity (start with 1), city varchar(255) not null, state CHAR(2) not null, street varchar(255) not null, primary key (ADDRESS_ID))
DEBUG SQL - create table CARD (CARD_ID bigint generated by default as identity (start with 1), amount double, CARD_NUMBER char not null, OWNER_NAME varchar(255) not null, address bigint, primary key (CARD_ID))
Hibernate: create table CARD (CARD_ID bigint generated by default as identity (start with 1), amount double, CARD_NUMBER char not null, OWNER_NAME varchar(255) not null, address bigint, primary key (CARD_ID))
DEBUG SQL - create table Container (CONTAINER_ID bigint generated by default as identity (start with 1), capacity double not null check (capacity&gt;=0), destination varchar(255), location varchar(255), name varchar(40), status varchar(255), primary key (CONTAINER_ID))
Hibernate: create table Container (CONTAINER_ID bigint generated by default as identity (start with 1), capacity double not null check (capacity&gt;=0), destination varchar(255), location varchar(255), name varchar(40), status varchar(255), primary key (CONTAINER_ID))
DEBUG SQL - create table PHONE_NUMBER (PHONE_NUMBER_ID bigint generated by default as identity (start with 1), PHONE_NUMBER char not null, CARD_ID bigint not null, index integer, primary key (PHONE_NUMBER_ID))
Hibernate: create table PHONE_NUMBER (PHONE_NUMBER_ID bigint generated by default as identity (start with 1), PHONE_NUMBER char not null, CARD_ID bigint not null, index integer, primary key (PHONE_NUMBER_ID))
DEBUG SQL - create table PRODUCT (PRODUCT_ID bigint generated by default as identity (start with 1), description varchar(255), name varchar(255), price double, primary key (PRODUCT_ID))
Hibernate: create table PRODUCT (PRODUCT_ID bigint generated by default as identity (start with 1), description varchar(255), name varchar(255), price double, primary key (PRODUCT_ID))
DEBUG SQL - create table Shipment (SHIPMENT_ID bigint generated by default as identity (start with 1), destination varchar(255), name varchar(40), origin varchar(255), volume double not null check (volume&gt;=0), primary key (SHIPMENT_ID))
Hibernate: create table Shipment (SHIPMENT_ID bigint generated by default as identity (start with 1), destination varchar(255), name varchar(40), origin varchar(255), volume double not null check (volume&gt;=0), primary key (SHIPMENT_ID))
DEBUG SQL - create table USERACCOUNT (USER_ID bigint generated by default as identity (start with 1), enabled boolean, password varchar(50), username varchar(255), primary key (USER_ID))
Hibernate: create table USERACCOUNT (USER_ID bigint generated by default as identity (start with 1), enabled boolean, password varchar(50), username varchar(255), primary key (USER_ID))
DEBUG SQL - create table USERROLE (ROLE_ID bigint generated by default as identity (start with 1), ROLE_NAME varchar(40) not null, ROLE_OWNER bigint not null, primary key (ROLE_ID))
Hibernate: create table USERROLE (ROLE_ID bigint generated by default as identity (start with 1), ROLE_NAME varchar(40) not null, ROLE_OWNER bigint not null, primary key (ROLE_ID))
DEBUG SQL - alter table CARD add constraint FK_a6ae4b1149c043a2b5986f46d68 foreign key (address) references ADDRESS
Hibernate: alter table CARD add constraint FK_a6ae4b1149c043a2b5986f46d68 foreign key (address) references ADDRESS
DEBUG SQL - alter table PHONE_NUMBER add constraint FK_ebea4a54904a401b8f11a8d05e1 foreign key (CARD_ID) references CARD
Hibernate: alter table PHONE_NUMBER add constraint FK_ebea4a54904a401b8f11a8d05e1 foreign key (CARD_ID) references CARD
DEBUG SQL - alter table USERROLE add constraint FK_680430bb609a40eb8e0f9987176 foreign key (ROLE_OWNER) references USERACCOUNT
Hibernate: alter table USERROLE add constraint FK_680430bb609a40eb8e0f9987176 foreign key (ROLE_OWNER) references USERACCOUNT
INFO  SchemaExport - HHH000230: Schema export complete
DEBUG Configuration - Processing hbm.xml files
DEBUG Configuration - Process annotated classes
DEBUG Configuration - Processing fk mappings (*ToOne and JoinedSubclass)
DEBUG Configuration - Processing extends queue
DEBUG Configuration - Processing extends queue
DEBUG Configuration - Processing collection mappings
DEBUG Configuration - Processing native query and ResultSetMapping mappings
DEBUG Configuration - Processing association property references
DEBUG Configuration - Creating tables&apos; unique integer identifiers
DEBUG Configuration - Processing foreign key constraints
DEBUG Configuration - Resolving reference to class: com.expeditors.training.course3demo.model.Address
DEBUG Configuration - Resolving reference to class: com.expeditors.training.course3demo.model.Card
DEBUG Configuration - Resolving reference to class: com.expeditors.training.course3demo.model.UserAccount
DEBUG DefaultIdentifierGeneratorFactory - Setting dialect [org.hibernate.dialect.HSQLDialect]
DEBUG DefaultIdentifierGeneratorFactory - Setting dialect [org.hibernate.dialect.HSQLDialect]
DEBUG DefaultIdentifierGeneratorFactory - Setting dialect [org.hibernate.dialect.HSQLDialect]
DEBUG DefaultIdentifierGeneratorFactory - Setting dialect [org.hibernate.dialect.HSQLDialect]
DEBUG DefaultIdentifierGeneratorFactory - Setting dialect [org.hibernate.dialect.HSQLDialect]
DEBUG DefaultIdentifierGeneratorFactory - Setting dialect [org.hibernate.dialect.HSQLDialect]
DEBUG DefaultIdentifierGeneratorFactory - Setting dialect [org.hibernate.dialect.HSQLDialect]
DEBUG DefaultIdentifierGeneratorFactory - Setting dialect [org.hibernate.dialect.HSQLDialect]
DEBUG Configuration - Processing hbm.xml files
DEBUG Configuration - Process annotated classes
DEBUG Configuration - Processing fk mappings (*ToOne and JoinedSubclass)
DEBUG Configuration - Processing extends queue
DEBUG Configuration - Processing extends queue
DEBUG Configuration - Processing collection mappings
DEBUG Configuration - Processing native query and ResultSetMapping mappings
DEBUG Configuration - Processing association property references
DEBUG Configuration - Creating tables&apos; unique integer identifiers
DEBUG Configuration - Processing foreign key constraints
DEBUG Configuration - Resolving reference to class: com.expeditors.training.course3demo.model.Address
DEBUG Configuration - Resolving reference to class: com.expeditors.training.course3demo.model.Card
DEBUG Configuration - Resolving reference to class: com.expeditors.training.course3demo.model.UserAccount
DEBUG DefaultIdentifierGeneratorFactory - Setting dialect [org.hibernate.dialect.HSQLDialect]
DEBUG DefaultIdentifierGeneratorFactory - Setting dialect [org.hibernate.dialect.HSQLDialect]
DEBUG DefaultIdentifierGeneratorFactory - Setting dialect [org.hibernate.dialect.HSQLDialect]
DEBUG DefaultIdentifierGeneratorFactory - Setting dialect [org.hibernate.dialect.HSQLDialect]
DEBUG DefaultIdentifierGeneratorFactory - Setting dialect [org.hibernate.dialect.HSQLDialect]
DEBUG DefaultIdentifierGeneratorFactory - Setting dialect [org.hibernate.dialect.HSQLDialect]
DEBUG DefaultIdentifierGeneratorFactory - Setting dialect [org.hibernate.dialect.HSQLDialect]
DEBUG DefaultIdentifierGeneratorFactory - Setting dialect [org.hibernate.dialect.HSQLDialect]
DEBUG DefaultIdentifierGeneratorFactory - Setting dialect [org.hibernate.dialect.HSQLDialect]
DEBUG DefaultIdentifierGeneratorFactory - Setting dialect [org.hibernate.dialect.HSQLDialect]
DEBUG DefaultIdentifierGeneratorFactory - Setting dialect [org.hibernate.dialect.HSQLDialect]
DEBUG DefaultIdentifierGeneratorFactory - Setting dialect [org.hibernate.dialect.HSQLDialect]
DEBUG DefaultIdentifierGeneratorFactory - Setting dialect [org.hibernate.dialect.HSQLDialect]
DEBUG DefaultIdentifierGeneratorFactory - Setting dialect [org.hibernate.dialect.HSQLDialect]
DEBUG DefaultIdentifierGeneratorFactory - Setting dialect [org.hibernate.dialect.HSQLDialect]
DEBUG DefaultIdentifierGeneratorFactory - Setting dialect [org.hibernate.dialect.HSQLDialect]
DEBUG SessionFactoryImpl - Checking 0 named HQL queries
DEBUG SessionFactoryImpl - Checking 0 named SQL queries
DEBUG StatisticsInitiator - Statistics initialized [enabled=false]
DEBUG EntityManagerFactoryRegistry - Registering EntityManagerFactory: default 
DEBUG DefaultListableBeanFactory - Finished creating instance of bean &apos;entityManagerFactory&apos;
INFO  DefaultListableBeanFactory - Pre-instantiating singletons in org.springframework.beans.factory.support.DefaultListableBeanFactory@213deac2: defining beans [org.springframework.context.annotation.internalConfigurationAnnotationProcessor,org.springframework.context.annotation.internalAutowiredAnnotationProcessor,org.springframework.context.annotation.internalRequiredAnnotationProcessor,org.springframework.context.annotation.internalCommonAnnotationProcessor,org.springframework.context.annotation.internalPersistenceAnnotationProcessor,testConfig,org.springframework.context.annotation.ConfigurationClassPostProcessor.importAwareProcessor,cardController,containerController,errorLoginController,homeController,productController,securityController,shipmentController,org.springframework.web.servlet.config.annotation.DelegatingWebMvcConfiguration,requestMappingHandlerMapping,mvcContentNegotiationManager,viewControllerHandlerMapping,beanNameHandlerMapping,resourceHandlerMapping,defaultServletHandlerMapping,requestMappingHandlerAdapter,mvcConversionService,httpRequestHandlerAdapter,simpleControllerHandlerAdapter,handlerExceptionResolver,mvcValidator,com.expeditors.training.course3demo.config.PersistenceJPATestConfig,entityManagerFactory,dataSource,containerService,shipmentService,productService,viewResolver]; root of factory hierarchy
DEBUG DefaultListableBeanFactory - Returning cached instance of singleton bean &apos;org.springframework.context.annotation.internalConfigurationAnnotationProcessor&apos;
DEBUG DefaultListableBeanFactory - Returning cached instance of singleton bean &apos;org.springframework.context.annotation.internalAutowiredAnnotationProcessor&apos;
DEBUG DefaultListableBeanFactory - Returning cached instance of singleton bean &apos;org.springframework.context.annotation.internalRequiredAnnotationProcessor&apos;
DEBUG DefaultListableBeanFactory - Returning cached instance of singleton bean &apos;org.springframework.context.annotation.internalCommonAnnotationProcessor&apos;
DEBUG DefaultListableBeanFactory - Returning cached instance of singleton bean &apos;org.springframework.context.annotation.internalPersistenceAnnotationProcessor&apos;
DEBUG DefaultListableBeanFactory - Creating shared instance of singleton bean &apos;testConfig&apos;
DEBUG DefaultListableBeanFactory - Creating instance of bean &apos;testConfig&apos;
DEBUG DefaultListableBeanFactory - Eagerly caching bean &apos;testConfig&apos; to allow for resolving potential circular references
DEBUG DefaultListableBeanFactory - Finished creating instance of bean &apos;testConfig&apos;
DEBUG DefaultListableBeanFactory - Returning cached instance of singleton bean &apos;org.springframework.context.annotation.ConfigurationClassPostProcessor.importAwareProcessor&apos;
DEBUG DefaultListableBeanFactory - Creating shared instance of singleton bean &apos;cardController&apos;
DEBUG DefaultListableBeanFactory - Creating instance of bean &apos;cardController&apos;
DEBUG InjectionMetadata - Registered injected element on class [com.expeditors.training.course3demo.controller.CardController]: AutowiredFieldElement for com.expeditors.training.course3demo.service.CardService com.expeditors.training.course3demo.controller.CardController.cardService
DEBUG DefaultListableBeanFactory - Eagerly caching bean &apos;cardController&apos; to allow for resolving potential circular references
DEBUG InjectionMetadata - Processing injected method of bean &apos;cardController&apos;: AutowiredFieldElement for com.expeditors.training.course3demo.service.CardService com.expeditors.training.course3demo.controller.CardController.cardService
INFO  DefaultListableBeanFactory - Destroying singletons in org.springframework.beans.factory.support.DefaultListableBeanFactory@213deac2: defining beans [org.springframework.context.annotation.internalConfigurationAnnotationProcessor,org.springframework.context.annotation.internalAutowiredAnnotationProcessor,org.springframework.context.annotation.internalRequiredAnnotationProcessor,org.springframework.context.annotation.internalCommonAnnotationProcessor,org.springframework.context.annotation.internalPersistenceAnnotationProcessor,testConfig,org.springframework.context.annotation.ConfigurationClassPostProcessor.importAwareProcessor,cardController,containerController,errorLoginController,homeController,productController,securityController,shipmentController,org.springframework.web.servlet.config.annotation.DelegatingWebMvcConfiguration,requestMappingHandlerMapping,mvcContentNegotiationManager,viewControllerHandlerMapping,beanNameHandlerMapping,resourceHandlerMapping,defaultServletHandlerMapping,requestMappingHandlerAdapter,mvcConversionService,httpRequestHandlerAdapter,simpleControllerHandlerAdapter,handlerExceptionResolver,mvcValidator,com.expeditors.training.course3demo.config.PersistenceJPATestConfig,entityManagerFactory,dataSource,containerService,shipmentService,productService,viewResolver]; root of factory hierarchy
DEBUG DisposableBeanAdapter - Invoking destroy() on bean with name &apos;testConfig&apos;
DEBUG DisposableBeanAdapter - Invoking destroy() on bean with name &apos;entityManagerFactory&apos;
INFO  LocalContainerEntityManagerFactoryBean - Closing JPA EntityManagerFactory for persistence unit &apos;default&apos;
DEBUG SessionFactoryImpl - HHH000031: Closing
INFO  SchemaExport - HHH000227: Running hbm2ddl schema export
DEBUG SchemaExport - Import file not found: /import.sql
DEBUG DriverManagerDataSource - Creating new JDBC DriverManager Connection to [jdbc:hsqldb:mem:paging]
DEBUG SQL - alter table CARD drop constraint FK_a6ae4b1149c043a2b5986f46d68
Hibernate: alter table CARD drop constraint FK_a6ae4b1149c043a2b5986f46d68
DEBUG SQL - alter table PHONE_NUMBER drop constraint FK_ebea4a54904a401b8f11a8d05e1
Hibernate: alter table PHONE_NUMBER drop constraint FK_ebea4a54904a401b8f11a8d05e1
DEBUG SQL - alter table USERROLE drop constraint FK_680430bb609a40eb8e0f9987176
Hibernate: alter table USERROLE drop constraint FK_680430bb609a40eb8e0f9987176
DEBUG SQL - drop table ADDRESS if exists
Hibernate: drop table ADDRESS if exists
DEBUG SQL - drop table CARD if exists
Hibernate: drop table CARD if exists
DEBUG SQL - drop table Container if exists
Hibernate: drop table Container if exists
DEBUG SQL - drop table PHONE_NUMBER if exists
Hibernate: drop table PHONE_NUMBER if exists
DEBUG SQL - drop table PRODUCT if exists
Hibernate: drop table PRODUCT if exists
DEBUG SQL - drop table Shipment if exists
Hibernate: drop table Shipment if exists
DEBUG SQL - drop table USERACCOUNT if exists
Hibernate: drop table USERACCOUNT if exists
DEBUG SQL - drop table USERROLE if exists
Hibernate: drop table USERROLE if exists
INFO  SchemaExport - HHH000230: Schema export complete
DEBUG EntityManagerFactoryRegistry - Remove: name=default
DEBUG DisposableBeanAdapter - Invoking destroy() on bean with name &apos;com.expeditors.training.course3demo.config.PersistenceJPATestConfig&apos;
ERROR TestContextManager - Caught exception while allowing TestExecutionListener [org.springframework.test.context.web.ServletTestExecutionListener@5942ee04] to prepare test instance [com.expeditors.training.course3demo.controller.ContainerControllerTest@4c9e38]
java.lang.IllegalStateException: Failed to load ApplicationContext
	at org.springframework.test.context.CacheAwareContextLoaderDelegate.loadContext(CacheAwareContextLoaderDelegate.java:99) ~[spring-test-3.2.3.RELEASE.jar:3.2.3.RELEASE]
	at org.springframework.test.context.TestContext.getApplicationContext(TestContext.java:122) ~[spring-test-3.2.3.RELEASE.jar:3.2.3.RELEASE]
	at org.springframework.test.context.web.ServletTestExecutionListener.setUpRequestContextIfNecessary(ServletTestExecutionListener.java:105) ~[spring-test-3.2.3.RELEASE.jar:3.2.3.RELEASE]
	at org.springframework.test.context.web.ServletTestExecutionListener.prepareTestInstance(ServletTestExecutionListener.java:74) ~[spring-test-3.2.3.RELEASE.jar:3.2.3.RELEASE]
	at org.springframework.test.context.TestContextManager.prepareTestInstance(TestContextManager.java:312) ~[spring-test-3.2.3.RELEASE.jar:3.2.3.RELEASE]
	at org.springframework.test.context.junit4.SpringJUnit4ClassRunner.createTest(SpringJUnit4ClassRunner.java:211) [spring-test-3.2.3.RELEASE.jar:3.2.3.RELEASE]
	at org.springframework.test.context.junit4.SpringJUnit4ClassRunner$1.runReflectiveCall(SpringJUnit4ClassRunner.java:288) [spring-test-3.2.3.RELEASE.jar:3.2.3.RELEASE]
	at org.junit.internal.runners.model.ReflectiveCallable.run(ReflectiveCallable.java:12) [junit-4.11.jar:na]
	at org.springframework.test.context.junit4.SpringJUnit4ClassRunner.methodBlock(SpringJUnit4ClassRunner.java:284) [spring-test-3.2.3.RELEASE.jar:3.2.3.RELEASE]
	at org.springframework.test.context.junit4.SpringJUnit4ClassRunner.runChild(SpringJUnit4ClassRunner.java:231) [spring-test-3.2.3.RELEASE.jar:3.2.3.RELEASE]
	at org.springframework.test.context.junit4.SpringJUnit4ClassRunner.runChild(SpringJUnit4ClassRunner.java:88) [spring-test-3.2.3.RELEASE.jar:3.2.3.RELEASE]
	at org.junit.runners.ParentRunner$3.run(ParentRunner.java:238) [junit-4.11.jar:na]
	at org.junit.runners.ParentRunner$1.schedule(ParentRunner.java:63) [junit-4.11.jar:na]
	at org.junit.runners.ParentRunner.runChildren(ParentRunner.java:236) [junit-4.11.jar:na]
	at org.junit.runners.ParentRunner.access$000(ParentRunner.java:53) [junit-4.11.jar:na]
	at org.junit.runners.ParentRunner$2.evaluate(ParentRunner.java:229) [junit-4.11.jar:na]
	at org.springframework.test.context.junit4.statements.RunBeforeTestClassCallbacks.evaluate(RunBeforeTestClassCallbacks.java:61) [spring-test-3.2.3.RELEASE.jar:3.2.3.RELEASE]
	at org.springframework.test.context.junit4.statements.RunAfterTestClassCallbacks.evaluate(RunAfterTestClassCallbacks.java:71) [spring-test-3.2.3.RELEASE.jar:3.2.3.RELEASE]
	at org.junit.runners.ParentRunner.run(ParentRunner.java:309) [junit-4.11.jar:na]
	at org.springframework.test.context.junit4.SpringJUnit4ClassRunner.run(SpringJUnit4ClassRunner.java:174) [spring-test-3.2.3.RELEASE.jar:3.2.3.RELEASE]
	at org.apache.maven.surefire.junit4.JUnit4Provider.execute(JUnit4Provider.java:252) [surefire-junit4-2.12.4.jar:2.12.4]
	at org.apache.maven.surefire.junit4.JUnit4Provider.executeTestSet(JUnit4Provider.java:141) [surefire-junit4-2.12.4.jar:2.12.4]
	at org.apache.maven.surefire.junit4.JUnit4Provider.invoke(JUnit4Provider.java:112) [surefire-junit4-2.12.4.jar:2.12.4]
	at sun.reflect.NativeMethodAccessorImpl.invoke0(Native Method) ~[na:1.8.0_20]
	at sun.reflect.NativeMethodAccessorImpl.invoke(NativeMethodAccessorImpl.java:62) ~[na:1.8.0_20]
	at sun.reflect.DelegatingMethodAccessorImpl.invoke(DelegatingMethodAccessorImpl.java:43) ~[na:1.8.0_20]
	at java.lang.reflect.Method.invoke(Method.java:483) ~[na:1.8.0_20]
	at org.apache.maven.surefire.util.ReflectionUtils.invokeMethodWithArray(ReflectionUtils.java:189) [surefire-api-2.12.4.jar:2.12.4]
	at org.apache.maven.surefire.booter.ProviderFactory$ProviderProxy.invoke(ProviderFactory.java:165) [surefire-booter-2.12.4.jar:2.12.4]
	at org.apache.maven.surefire.booter.ProviderFactory.invokeProvider(ProviderFactory.java:85) [surefire-booter-2.12.4.jar:2.12.4]
	at org.apache.maven.surefire.booter.ForkedBooter.runSuitesInProcess(ForkedBooter.java:115) [surefire-booter-2.12.4.jar:2.12.4]
	at org.apache.maven.surefire.booter.ForkedBooter.main(ForkedBooter.java:75) [surefire-booter-2.12.4.jar:2.12.4]
Caused by: org.springframework.beans.factory.BeanCreationException: Error creating bean with name &apos;cardController&apos;: Injection of autowired dependencies failed; nested exception is org.springframework.beans.factory.BeanCreationException: Could not autowire field: com.expeditors.training.course3demo.service.CardService com.expeditors.training.course3demo.controller.CardController.cardService; nested exception is org.springframework.beans.factory.NoSuchBeanDefinitionException: No qualifying bean of type [com.expeditors.training.course3demo.service.CardService] found for dependency: expected at least 1 bean which qualifies as autowire candidate for this dependency. Dependency annotations: {@org.springframework.beans.factory.annotation.Autowired(required=true)}
	at org.springframework.beans.factory.annotation.AutowiredAnnotationBeanPostProcessor.postProcessPropertyValues(AutowiredAnnotationBeanPostProcessor.java:288) ~[spring-beans-3.2.3.RELEASE.jar:3.2.3.RELEASE]
	at org.springframework.beans.factory.support.AbstractAutowireCapableBeanFactory.populateBean(AbstractAutowireCapableBeanFactory.java:1116) ~[spring-beans-3.2.3.RELEASE.jar:3.2.3.RELEASE]
	at org.springframework.beans.factory.support.AbstractAutowireCapableBeanFactory.doCreateBean(AbstractAutowireCapableBeanFactory.java:519) ~[spring-beans-3.2.3.RELEASE.jar:3.2.3.RELEASE]
	at org.springframework.beans.factory.support.AbstractAutowireCapableBeanFactory.createBean(AbstractAutowireCapableBeanFactory.java:458) ~[spring-beans-3.2.3.RELEASE.jar:3.2.3.RELEASE]
	at org.springframework.beans.factory.support.AbstractBeanFactory$1.getObject(AbstractBeanFactory.java:295) ~[spring-beans-3.2.3.RELEASE.jar:3.2.3.RELEASE]
	at org.springframework.beans.factory.support.DefaultSingletonBeanRegistry.getSingleton(DefaultSingletonBeanRegistry.java:223) ~[spring-beans-3.2.3.RELEASE.jar:3.2.3.RELEASE]
	at org.springframework.beans.factory.support.AbstractBeanFactory.doGetBean(AbstractBeanFactory.java:292) ~[spring-beans-3.2.3.RELEASE.jar:3.2.3.RELEASE]
	at org.springframework.beans.factory.support.AbstractBeanFactory.getBean(AbstractBeanFactory.java:194) ~[spring-beans-3.2.3.RELEASE.jar:3.2.3.RELEASE]
	at org.springframework.beans.factory.support.DefaultListableBeanFactory.preInstantiateSingletons(DefaultListableBeanFactory.java:626) ~[spring-beans-3.2.3.RELEASE.jar:3.2.3.RELEASE]
	at org.springframework.context.support.AbstractApplicationContext.finishBeanFactoryInitialization(AbstractApplicationContext.java:932) ~[spring-context-3.2.3.RELEASE.jar:3.2.3.RELEASE]
	at org.springframework.context.support.AbstractApplicationContext.refresh(AbstractApplicationContext.java:479) ~[spring-context-3.2.3.RELEASE.jar:3.2.3.RELEASE]
	at org.springframework.test.context.web.AbstractGenericWebContextLoader.loadContext(AbstractGenericWebContextLoader.java:128) ~[spring-test-3.2.3.RELEASE.jar:3.2.3.RELEASE]
	at org.springframework.test.context.web.AbstractGenericWebContextLoader.loadContext(AbstractGenericWebContextLoader.java:60) ~[spring-test-3.2.3.RELEASE.jar:3.2.3.RELEASE]
	at org.springframework.test.context.support.AbstractDelegatingSmartContextLoader.delegateLoading(AbstractDelegatingSmartContextLoader.java:100) ~[spring-test-3.2.3.RELEASE.jar:3.2.3.RELEASE]
	at org.springframework.test.context.support.AbstractDelegatingSmartContextLoader.loadContext(AbstractDelegatingSmartContextLoader.java:248) ~[spring-test-3.2.3.RELEASE.jar:3.2.3.RELEASE]
	at org.springframework.test.context.CacheAwareContextLoaderDelegate.loadContextInternal(CacheAwareContextLoaderDelegate.java:64) ~[spring-test-3.2.3.RELEASE.jar:3.2.3.RELEASE]
	at org.springframework.test.context.CacheAwareContextLoaderDelegate.loadContext(CacheAwareContextLoaderDelegate.java:91) ~[spring-test-3.2.3.RELEASE.jar:3.2.3.RELEASE]
	... 31 common frames omitted
Caused by: org.springframework.beans.factory.BeanCreationException: Could not autowire field: com.expeditors.training.course3demo.service.CardService com.expeditors.training.course3demo.controller.CardController.cardService; nested exception is org.springframework.beans.factory.NoSuchBeanDefinitionException: No qualifying bean of type [com.expeditors.training.course3demo.service.CardService] found for dependency: expected at least 1 bean which qualifies as autowire candidate for this dependency. Dependency annotations: {@org.springframework.beans.factory.annotation.Autowired(required=true)}
	at org.springframework.beans.factory.annotation.AutowiredAnnotationBeanPostProcessor$AutowiredFieldElement.inject(AutowiredAnnotationBeanPostProcessor.java:514) ~[spring-beans-3.2.3.RELEASE.jar:3.2.3.RELEASE]
	at org.springframework.beans.factory.annotation.InjectionMetadata.inject(InjectionMetadata.java:87) ~[spring-beans-3.2.3.RELEASE.jar:3.2.3.RELEASE]
	at org.springframework.beans.factory.annotation.AutowiredAnnotationBeanPostProcessor.postProcessPropertyValues(AutowiredAnnotationBeanPostProcessor.java:285) ~[spring-beans-3.2.3.RELEASE.jar:3.2.3.RELEASE]
	... 47 common frames omitted
Caused by: org.springframework.beans.factory.NoSuchBeanDefinitionException: No qualifying bean of type [com.expeditors.training.course3demo.service.CardService] found for dependency: expected at least 1 bean which qualifies as autowire candidate for this dependency. Dependency annotations: {@org.springframework.beans.factory.annotation.Autowired(required=true)}
	at org.springframework.beans.factory.support.DefaultListableBeanFactory.raiseNoSuchBeanDefinitionException(DefaultListableBeanFactory.java:986) ~[spring-beans-3.2.3.RELEASE.jar:3.2.3.RELEASE]
	at org.springframework.beans.factory.support.DefaultListableBeanFactory.doResolveDependency(DefaultListableBeanFactory.java:856) ~[spring-beans-3.2.3.RELEASE.jar:3.2.3.RELEASE]
	at org.springframework.beans.factory.support.DefaultListableBeanFactory.resolveDependency(DefaultListableBeanFactory.java:768) ~[spring-beans-3.2.3.RELEASE.jar:3.2.3.RELEASE]
	at org.springframework.beans.factory.annotation.AutowiredAnnotationBeanPostProcessor$AutowiredFieldElement.inject(AutowiredAnnotationBeanPostProcessor.java:486) ~[spring-beans-3.2.3.RELEASE.jar:3.2.3.RELEASE]
	... 49 common frames omitted
</system-out>
  </testcase>
  <testcase classname="com.expeditors.training.course3demo.controller.ContainerControllerTest" name="testAddContainerNameError" time="0.139">
    <error message="Failed to load ApplicationContext" type="java.lang.IllegalStateException">java.lang.IllegalStateException: Failed to load ApplicationContext
	at org.springframework.test.context.CacheAwareContextLoaderDelegate.loadContext(CacheAwareContextLoaderDelegate.java:99)
	at org.springframework.test.context.TestContext.getApplicationContext(TestContext.java:122)
	at org.springframework.test.context.web.ServletTestExecutionListener.setUpRequestContextIfNecessary(ServletTestExecutionListener.java:105)
	at org.springframework.test.context.web.ServletTestExecutionListener.prepareTestInstance(ServletTestExecutionListener.java:74)
	at org.springframework.test.context.TestContextManager.prepareTestInstance(TestContextManager.java:312)
	at org.springframework.test.context.junit4.SpringJUnit4ClassRunner.createTest(SpringJUnit4ClassRunner.java:211)
	at org.springframework.test.context.junit4.SpringJUnit4ClassRunner$1.runReflectiveCall(SpringJUnit4ClassRunner.java:288)
	at org.junit.internal.runners.model.ReflectiveCallable.run(ReflectiveCallable.java:12)
	at org.springframework.test.context.junit4.SpringJUnit4ClassRunner.methodBlock(SpringJUnit4ClassRunner.java:284)
	at org.springframework.test.context.junit4.SpringJUnit4ClassRunner.runChild(SpringJUnit4ClassRunner.java:231)
	at org.springframework.test.context.junit4.SpringJUnit4ClassRunner.runChild(SpringJUnit4ClassRunner.java:88)
	at org.junit.runners.ParentRunner$3.run(ParentRunner.java:238)
	at org.junit.runners.ParentRunner$1.schedule(ParentRunner.java:63)
	at org.junit.runners.ParentRunner.runChildren(ParentRunner.java:236)
	at org.junit.runners.ParentRunner.access$000(ParentRunner.java:53)
	at org.junit.runners.ParentRunner$2.evaluate(ParentRunner.java:229)
	at org.springframework.test.context.junit4.statements.RunBeforeTestClassCallbacks.evaluate(RunBeforeTestClassCallbacks.java:61)
	at org.springframework.test.context.junit4.statements.RunAfterTestClassCallbacks.evaluate(RunAfterTestClassCallbacks.java:71)
	at org.junit.runners.ParentRunner.run(ParentRunner.java:309)
	at org.springframework.test.context.junit4.SpringJUnit4ClassRunner.run(SpringJUnit4ClassRunner.java:174)
	at org.apache.maven.surefire.junit4.JUnit4Provider.execute(JUnit4Provider.java:252)
	at org.apache.maven.surefire.junit4.JUnit4Provider.executeTestSet(JUnit4Provider.java:141)
	at org.apache.maven.surefire.junit4.JUnit4Provider.invoke(JUnit4Provider.java:112)
	at sun.reflect.NativeMethodAccessorImpl.invoke0(Native Method)
	at sun.reflect.NativeMethodAccessorImpl.invoke(NativeMethodAccessorImpl.java:62)
	at sun.reflect.DelegatingMethodAccessorImpl.invoke(DelegatingMethodAccessorImpl.java:43)
	at java.lang.reflect.Method.invoke(Method.java:483)
	at org.apache.maven.surefire.util.ReflectionUtils.invokeMethodWithArray(ReflectionUtils.java:189)
	at org.apache.maven.surefire.booter.ProviderFactory$ProviderProxy.invoke(ProviderFactory.java:165)
	at org.apache.maven.surefire.booter.ProviderFactory.invokeProvider(ProviderFactory.java:85)
	at org.apache.maven.surefire.booter.ForkedBooter.runSuitesInProcess(ForkedBooter.java:115)
	at org.apache.maven.surefire.booter.ForkedBooter.main(ForkedBooter.java:75)
Caused by: org.springframework.beans.factory.BeanCreationException: Error creating bean with name &apos;cardController&apos;: Injection of autowired dependencies failed; nested exception is org.springframework.beans.factory.BeanCreationException: Could not autowire field: com.expeditors.training.course3demo.service.CardService com.expeditors.training.course3demo.controller.CardController.cardService; nested exception is org.springframework.beans.factory.NoSuchBeanDefinitionException: No qualifying bean of type [com.expeditors.training.course3demo.service.CardService] found for dependency: expected at least 1 bean which qualifies as autowire candidate for this dependency. Dependency annotations: {@org.springframework.beans.factory.annotation.Autowired(required=true)}
	at org.springframework.beans.factory.annotation.AutowiredAnnotationBeanPostProcessor.postProcessPropertyValues(AutowiredAnnotationBeanPostProcessor.java:288)
	at org.springframework.beans.factory.support.AbstractAutowireCapableBeanFactory.populateBean(AbstractAutowireCapableBeanFactory.java:1116)
	at org.springframework.beans.factory.support.AbstractAutowireCapableBeanFactory.doCreateBean(AbstractAutowireCapableBeanFactory.java:519)
	at org.springframework.beans.factory.support.AbstractAutowireCapableBeanFactory.createBean(AbstractAutowireCapableBeanFactory.java:458)
	at org.springframework.beans.factory.support.AbstractBeanFactory$1.getObject(AbstractBeanFactory.java:295)
	at org.springframework.beans.factory.support.DefaultSingletonBeanRegistry.getSingleton(DefaultSingletonBeanRegistry.java:223)
	at org.springframework.beans.factory.support.AbstractBeanFactory.doGetBean(AbstractBeanFactory.java:292)
	at org.springframework.beans.factory.support.AbstractBeanFactory.getBean(AbstractBeanFactory.java:194)
	at org.springframework.beans.factory.support.DefaultListableBeanFactory.preInstantiateSingletons(DefaultListableBeanFactory.java:626)
	at org.springframework.context.support.AbstractApplicationContext.finishBeanFactoryInitialization(AbstractApplicationContext.java:932)
	at org.springframework.context.support.AbstractApplicationContext.refresh(AbstractApplicationContext.java:479)
	at org.springframework.test.context.web.AbstractGenericWebContextLoader.loadContext(AbstractGenericWebContextLoader.java:128)
	at org.springframework.test.context.web.AbstractGenericWebContextLoader.loadContext(AbstractGenericWebContextLoader.java:60)
	at org.springframework.test.context.support.AbstractDelegatingSmartContextLoader.delegateLoading(AbstractDelegatingSmartContextLoader.java:100)
	at org.springframework.test.context.support.AbstractDelegatingSmartContextLoader.loadContext(AbstractDelegatingSmartContextLoader.java:248)
	at org.springframework.test.context.CacheAwareContextLoaderDelegate.loadContextInternal(CacheAwareContextLoaderDelegate.java:64)
	at org.springframework.test.context.CacheAwareContextLoaderDelegate.loadContext(CacheAwareContextLoaderDelegate.java:91)
	... 31 more
Caused by: org.springframework.beans.factory.BeanCreationException: Could not autowire field: com.expeditors.training.course3demo.service.CardService com.expeditors.training.course3demo.controller.CardController.cardService; nested exception is org.springframework.beans.factory.NoSuchBeanDefinitionException: No qualifying bean of type [com.expeditors.training.course3demo.service.CardService] found for dependency: expected at least 1 bean which qualifies as autowire candidate for this dependency. Dependency annotations: {@org.springframework.beans.factory.annotation.Autowired(required=true)}
	at org.springframework.beans.factory.annotation.AutowiredAnnotationBeanPostProcessor$AutowiredFieldElement.inject(AutowiredAnnotationBeanPostProcessor.java:514)
	at org.springframework.beans.factory.annotation.InjectionMetadata.inject(InjectionMetadata.java:87)
	at org.springframework.beans.factory.annotation.AutowiredAnnotationBeanPostProcessor.postProcessPropertyValues(AutowiredAnnotationBeanPostProcessor.java:285)
	... 47 more
Caused by: org.springframework.beans.factory.NoSuchBeanDefinitionException: No qualifying bean of type [com.expeditors.training.course3demo.service.CardService] found for dependency: expected at least 1 bean which qualifies as autowire candidate for this dependency. Dependency annotations: {@org.springframework.beans.factory.annotation.Autowired(required=true)}
	at org.springframework.beans.factory.support.DefaultListableBeanFactory.raiseNoSuchBeanDefinitionException(DefaultListableBeanFactory.java:986)
	at org.springframework.beans.factory.support.DefaultListableBeanFactory.doResolveDependency(DefaultListableBeanFactory.java:856)
	at org.springframework.beans.factory.support.DefaultListableBeanFactory.resolveDependency(DefaultListableBeanFactory.java:768)
	at org.springframework.beans.factory.annotation.AutowiredAnnotationBeanPostProcessor$AutowiredFieldElement.inject(AutowiredAnnotationBeanPostProcessor.java:486)
	... 49 more
</error>
    <system-out>DEBUG ProfileValueUtils - Retrieved @ProfileValueSourceConfiguration [null] for test class [com.expeditors.training.course3demo.controller.ContainerControllerTest]
DEBUG ProfileValueUtils - Retrieved ProfileValueSource type [class org.springframework.test.annotation.SystemProfileValueSource] for class [com.expeditors.training.course3demo.controller.ContainerControllerTest]
DEBUG AbstractDelegatingSmartContextLoader - Delegating to AnnotationConfigWebContextLoader to load context from [WebMergedContextConfiguration@1da51a35 testClass = ContainerControllerTest, locations = &apos;{}&apos;, classes = &apos;{class com.expeditors.training.course3demo.config.TestConfig}&apos;, contextInitializerClasses = &apos;[]&apos;, activeProfiles = &apos;{}&apos;, resourceBasePath = &apos;src/main/webapp&apos;, contextLoader = &apos;org.springframework.test.context.web.WebDelegatingSmartContextLoader&apos;, parent = [null]].
DEBUG AbstractGenericWebContextLoader - Loading WebApplicationContext for merged context configuration [WebMergedContextConfiguration@1da51a35 testClass = ContainerControllerTest, locations = &apos;{}&apos;, classes = &apos;{class com.expeditors.training.course3demo.config.TestConfig}&apos;, contextInitializerClasses = &apos;[]&apos;, activeProfiles = &apos;{}&apos;, resourceBasePath = &apos;src/main/webapp&apos;, contextLoader = &apos;org.springframework.test.context.web.WebDelegatingSmartContextLoader&apos;, parent = [null]].
DEBUG StandardServletEnvironment - Initializing new StandardServletEnvironment
DEBUG StandardServletEnvironment - Adding [servletConfigInitParams] PropertySource with lowest search precedence
DEBUG StandardServletEnvironment - Adding [servletContextInitParams] PropertySource with lowest search precedence
DEBUG StandardServletEnvironment - Adding [jndiProperties] PropertySource with lowest search precedence
DEBUG StandardServletEnvironment - Adding [systemProperties] PropertySource with lowest search precedence
DEBUG StandardServletEnvironment - Adding [systemEnvironment] PropertySource with lowest search precedence
DEBUG StandardServletEnvironment - Initialized StandardServletEnvironment with PropertySources [servletConfigInitParams,servletContextInitParams,jndiProperties,systemProperties,systemEnvironment]
DEBUG AnnotationConfigWebContextLoader - Registering annotated classes: {class com.expeditors.training.course3demo.config.TestConfig}
INFO  GenericWebApplicationContext - Refreshing org.springframework.web.context.support.GenericWebApplicationContext@726a17c4: startup date [Thu Mar 05 07:38:52 PST 2015]; root of context hierarchy
DEBUG StandardServletEnvironment - Replacing [servletContextInitParams] PropertySource with [servletContextInitParams]
DEBUG GenericWebApplicationContext - Bean factory for org.springframework.web.context.support.GenericWebApplicationContext@726a17c4: org.springframework.beans.factory.support.DefaultListableBeanFactory@5dc3fcb7: defining beans [org.springframework.context.annotation.internalConfigurationAnnotationProcessor,org.springframework.context.annotation.internalAutowiredAnnotationProcessor,org.springframework.context.annotation.internalRequiredAnnotationProcessor,org.springframework.context.annotation.internalCommonAnnotationProcessor,org.springframework.context.annotation.internalPersistenceAnnotationProcessor,testConfig]; root of factory hierarchy
DEBUG DefaultListableBeanFactory - Creating shared instance of singleton bean &apos;org.springframework.context.annotation.internalConfigurationAnnotationProcessor&apos;
DEBUG DefaultListableBeanFactory - Creating instance of bean &apos;org.springframework.context.annotation.internalConfigurationAnnotationProcessor&apos;
DEBUG DefaultListableBeanFactory - Eagerly caching bean &apos;org.springframework.context.annotation.internalConfigurationAnnotationProcessor&apos; to allow for resolving potential circular references
DEBUG DefaultListableBeanFactory - Finished creating instance of bean &apos;org.springframework.context.annotation.internalConfigurationAnnotationProcessor&apos;
DEBUG StandardEnvironment - Initializing new StandardEnvironment
DEBUG StandardEnvironment - Adding [systemProperties] PropertySource with lowest search precedence
DEBUG StandardEnvironment - Adding [systemEnvironment] PropertySource with lowest search precedence
DEBUG StandardEnvironment - Initialized StandardEnvironment with PropertySources [systemProperties,systemEnvironment]
DEBUG PathMatchingResourcePatternResolver - Looking for matching resources in directory tree [C:\Users\chq-jamesgl\STS_work2\finalprojectgleixner\target\test-classes\com\expeditors\training\course3demo\controller]
DEBUG PathMatchingResourcePatternResolver - Searching directory [C:\Users\chq-jamesgl\STS_work2\finalprojectgleixner\target\test-classes\com\expeditors\training\course3demo\controller] for files matching pattern [C:/Users/chq-jamesgl/STS_work2/finalprojectgleixner/target/test-classes/com/expeditors/training/course3demo/controller/**/*.class]
DEBUG PathMatchingResourcePatternResolver - Looking for matching resources in directory tree [C:\Users\chq-jamesgl\STS_work2\finalprojectgleixner\target\classes\com\expeditors\training\course3demo\controller]
DEBUG PathMatchingResourcePatternResolver - Searching directory [C:\Users\chq-jamesgl\STS_work2\finalprojectgleixner\target\classes\com\expeditors\training\course3demo\controller] for files matching pattern [C:/Users/chq-jamesgl/STS_work2/finalprojectgleixner/target/classes/com/expeditors/training/course3demo/controller/**/*.class]
DEBUG PathMatchingResourcePatternResolver - Resolved location pattern [classpath*:com/expeditors/training/course3demo/controller/**/*.class] to resources [file [C:\Users\chq-jamesgl\STS_work2\finalprojectgleixner\target\test-classes\com\expeditors\training\course3demo\controller\ContainerControllerTest.class], file [C:\Users\chq-jamesgl\STS_work2\finalprojectgleixner\target\test-classes\com\expeditors\training\course3demo\controller\ProductControllerTest.class], file [C:\Users\chq-jamesgl\STS_work2\finalprojectgleixner\target\test-classes\com\expeditors\training\course3demo\controller\ShipmentControllerTest.class], file [C:\Users\chq-jamesgl\STS_work2\finalprojectgleixner\target\classes\com\expeditors\training\course3demo\controller\CardController.class], file [C:\Users\chq-jamesgl\STS_work2\finalprojectgleixner\target\classes\com\expeditors\training\course3demo\controller\ContainerController.class], file [C:\Users\chq-jamesgl\STS_work2\finalprojectgleixner\target\classes\com\expeditors\training\course3demo\controller\ErrorLoginController.class], file [C:\Users\chq-jamesgl\STS_work2\finalprojectgleixner\target\classes\com\expeditors\training\course3demo\controller\HomeController.class], file [C:\Users\chq-jamesgl\STS_work2\finalprojectgleixner\target\classes\com\expeditors\training\course3demo\controller\ProductController.class], file [C:\Users\chq-jamesgl\STS_work2\finalprojectgleixner\target\classes\com\expeditors\training\course3demo\controller\SecurityController.class], file [C:\Users\chq-jamesgl\STS_work2\finalprojectgleixner\target\classes\com\expeditors\training\course3demo\controller\ShipmentController.class]]
DEBUG ClassPathBeanDefinitionScanner - Identified candidate component class: file [C:\Users\chq-jamesgl\STS_work2\finalprojectgleixner\target\classes\com\expeditors\training\course3demo\controller\CardController.class]
DEBUG ClassPathBeanDefinitionScanner - Identified candidate component class: file [C:\Users\chq-jamesgl\STS_work2\finalprojectgleixner\target\classes\com\expeditors\training\course3demo\controller\ContainerController.class]
DEBUG ClassPathBeanDefinitionScanner - Identified candidate component class: file [C:\Users\chq-jamesgl\STS_work2\finalprojectgleixner\target\classes\com\expeditors\training\course3demo\controller\ErrorLoginController.class]
DEBUG ClassPathBeanDefinitionScanner - Identified candidate component class: file [C:\Users\chq-jamesgl\STS_work2\finalprojectgleixner\target\classes\com\expeditors\training\course3demo\controller\HomeController.class]
DEBUG ClassPathBeanDefinitionScanner - Identified candidate component class: file [C:\Users\chq-jamesgl\STS_work2\finalprojectgleixner\target\classes\com\expeditors\training\course3demo\controller\ProductController.class]
DEBUG ClassPathBeanDefinitionScanner - Identified candidate component class: file [C:\Users\chq-jamesgl\STS_work2\finalprojectgleixner\target\classes\com\expeditors\training\course3demo\controller\SecurityController.class]
DEBUG ClassPathBeanDefinitionScanner - Identified candidate component class: file [C:\Users\chq-jamesgl\STS_work2\finalprojectgleixner\target\classes\com\expeditors\training\course3demo\controller\ShipmentController.class]
DEBUG ConfigurationClassBeanDefinitionReader - Registered bean definition for imported @Configuration class org.springframework.web.servlet.config.annotation.DelegatingWebMvcConfiguration
DEBUG ConfigurationClassBeanDefinitionReader - Registering bean definition for @Bean method org.springframework.web.servlet.config.annotation.DelegatingWebMvcConfiguration.requestMappingHandlerMapping()
DEBUG ConfigurationClassBeanDefinitionReader - Registering bean definition for @Bean method org.springframework.web.servlet.config.annotation.DelegatingWebMvcConfiguration.mvcContentNegotiationManager()
DEBUG ConfigurationClassBeanDefinitionReader - Registering bean definition for @Bean method org.springframework.web.servlet.config.annotation.DelegatingWebMvcConfiguration.viewControllerHandlerMapping()
DEBUG ConfigurationClassBeanDefinitionReader - Registering bean definition for @Bean method org.springframework.web.servlet.config.annotation.DelegatingWebMvcConfiguration.beanNameHandlerMapping()
DEBUG ConfigurationClassBeanDefinitionReader - Registering bean definition for @Bean method org.springframework.web.servlet.config.annotation.DelegatingWebMvcConfiguration.resourceHandlerMapping()
DEBUG ConfigurationClassBeanDefinitionReader - Registering bean definition for @Bean method org.springframework.web.servlet.config.annotation.DelegatingWebMvcConfiguration.defaultServletHandlerMapping()
DEBUG ConfigurationClassBeanDefinitionReader - Registering bean definition for @Bean method org.springframework.web.servlet.config.annotation.DelegatingWebMvcConfiguration.requestMappingHandlerAdapter()
DEBUG ConfigurationClassBeanDefinitionReader - Registering bean definition for @Bean method org.springframework.web.servlet.config.annotation.DelegatingWebMvcConfiguration.mvcConversionService()
DEBUG ConfigurationClassBeanDefinitionReader - Registering bean definition for @Bean method org.springframework.web.servlet.config.annotation.DelegatingWebMvcConfiguration.httpRequestHandlerAdapter()
DEBUG ConfigurationClassBeanDefinitionReader - Registering bean definition for @Bean method org.springframework.web.servlet.config.annotation.DelegatingWebMvcConfiguration.simpleControllerHandlerAdapter()
DEBUG ConfigurationClassBeanDefinitionReader - Registering bean definition for @Bean method org.springframework.web.servlet.config.annotation.DelegatingWebMvcConfiguration.handlerExceptionResolver()
DEBUG ConfigurationClassBeanDefinitionReader - Registering bean definition for @Bean method org.springframework.web.servlet.config.annotation.DelegatingWebMvcConfiguration.mvcValidator()
DEBUG ConfigurationClassBeanDefinitionReader - Registered bean definition for imported @Configuration class com.expeditors.training.course3demo.config.PersistenceJPATestConfig
DEBUG ConfigurationClassBeanDefinitionReader - Registering bean definition for @Bean method com.expeditors.training.course3demo.config.PersistenceJPATestConfig.entityManagerFactory()
DEBUG ConfigurationClassBeanDefinitionReader - Registering bean definition for @Bean method com.expeditors.training.course3demo.config.PersistenceJPATestConfig.dataSource()
DEBUG ConfigurationClassBeanDefinitionReader - Registering bean definition for @Bean method com.expeditors.training.course3demo.config.TestConfig.containerService()
DEBUG ConfigurationClassBeanDefinitionReader - Registering bean definition for @Bean method com.expeditors.training.course3demo.config.TestConfig.shipmentService()
DEBUG ConfigurationClassBeanDefinitionReader - Registering bean definition for @Bean method com.expeditors.training.course3demo.config.TestConfig.productService()
DEBUG ConfigurationClassBeanDefinitionReader - Registering bean definition for @Bean method com.expeditors.training.course3demo.config.TestConfig.viewResolver()
DEBUG ConfigurationClassEnhancer - Successfully enhanced com.expeditors.training.course3demo.config.TestConfig; enhanced class name is: com.expeditors.training.course3demo.config.TestConfig$$EnhancerByCGLIB$$aae1cafb
DEBUG ConfigurationClassPostProcessor - Replacing bean definition &apos;testConfig&apos; existing class name &apos;com.expeditors.training.course3demo.config.TestConfig&apos; with enhanced class name &apos;com.expeditors.training.course3demo.config.TestConfig$$EnhancerByCGLIB$$aae1cafb&apos;
DEBUG ConfigurationClassEnhancer - Successfully enhanced org.springframework.web.servlet.config.annotation.DelegatingWebMvcConfiguration; enhanced class name is: org.springframework.web.servlet.config.annotation.DelegatingWebMvcConfiguration$$EnhancerByCGLIB$$a164085b
DEBUG ConfigurationClassPostProcessor - Replacing bean definition &apos;org.springframework.web.servlet.config.annotation.DelegatingWebMvcConfiguration&apos; existing class name &apos;org.springframework.web.servlet.config.annotation.DelegatingWebMvcConfiguration&apos; with enhanced class name &apos;org.springframework.web.servlet.config.annotation.DelegatingWebMvcConfiguration$$EnhancerByCGLIB$$a164085b&apos;
DEBUG ConfigurationClassEnhancer - Successfully enhanced com.expeditors.training.course3demo.config.PersistenceJPATestConfig; enhanced class name is: com.expeditors.training.course3demo.config.PersistenceJPATestConfig$$EnhancerByCGLIB$$f6c89e17
DEBUG ConfigurationClassPostProcessor - Replacing bean definition &apos;com.expeditors.training.course3demo.config.PersistenceJPATestConfig&apos; existing class name &apos;com.expeditors.training.course3demo.config.PersistenceJPATestConfig&apos; with enhanced class name &apos;com.expeditors.training.course3demo.config.PersistenceJPATestConfig$$EnhancerByCGLIB$$f6c89e17&apos;
DEBUG DefaultListableBeanFactory - Creating shared instance of singleton bean &apos;org.springframework.context.annotation.internalAutowiredAnnotationProcessor&apos;
DEBUG DefaultListableBeanFactory - Creating instance of bean &apos;org.springframework.context.annotation.internalAutowiredAnnotationProcessor&apos;
DEBUG DefaultListableBeanFactory - Eagerly caching bean &apos;org.springframework.context.annotation.internalAutowiredAnnotationProcessor&apos; to allow for resolving potential circular references
DEBUG DefaultListableBeanFactory - Finished creating instance of bean &apos;org.springframework.context.annotation.internalAutowiredAnnotationProcessor&apos;
DEBUG DefaultListableBeanFactory - Creating shared instance of singleton bean &apos;org.springframework.context.annotation.internalRequiredAnnotationProcessor&apos;
DEBUG DefaultListableBeanFactory - Creating instance of bean &apos;org.springframework.context.annotation.internalRequiredAnnotationProcessor&apos;
DEBUG DefaultListableBeanFactory - Eagerly caching bean &apos;org.springframework.context.annotation.internalRequiredAnnotationProcessor&apos; to allow for resolving potential circular references
DEBUG DefaultListableBeanFactory - Finished creating instance of bean &apos;org.springframework.context.annotation.internalRequiredAnnotationProcessor&apos;
DEBUG DefaultListableBeanFactory - Creating shared instance of singleton bean &apos;org.springframework.context.annotation.internalCommonAnnotationProcessor&apos;
DEBUG DefaultListableBeanFactory - Creating instance of bean &apos;org.springframework.context.annotation.internalCommonAnnotationProcessor&apos;
DEBUG DefaultListableBeanFactory - Eagerly caching bean &apos;org.springframework.context.annotation.internalCommonAnnotationProcessor&apos; to allow for resolving potential circular references
DEBUG DefaultListableBeanFactory - Finished creating instance of bean &apos;org.springframework.context.annotation.internalCommonAnnotationProcessor&apos;
DEBUG DefaultListableBeanFactory - Creating shared instance of singleton bean &apos;org.springframework.context.annotation.internalPersistenceAnnotationProcessor&apos;
DEBUG DefaultListableBeanFactory - Creating instance of bean &apos;org.springframework.context.annotation.internalPersistenceAnnotationProcessor&apos;
DEBUG DefaultListableBeanFactory - Eagerly caching bean &apos;org.springframework.context.annotation.internalPersistenceAnnotationProcessor&apos; to allow for resolving potential circular references
DEBUG DefaultListableBeanFactory - Finished creating instance of bean &apos;org.springframework.context.annotation.internalPersistenceAnnotationProcessor&apos;
DEBUG DefaultListableBeanFactory - Creating shared instance of singleton bean &apos;org.springframework.context.annotation.ConfigurationClassPostProcessor.importAwareProcessor&apos;
DEBUG DefaultListableBeanFactory - Creating instance of bean &apos;org.springframework.context.annotation.ConfigurationClassPostProcessor.importAwareProcessor&apos;
DEBUG DefaultListableBeanFactory - Eagerly caching bean &apos;org.springframework.context.annotation.ConfigurationClassPostProcessor.importAwareProcessor&apos; to allow for resolving potential circular references
DEBUG DefaultListableBeanFactory - Finished creating instance of bean &apos;org.springframework.context.annotation.ConfigurationClassPostProcessor.importAwareProcessor&apos;
DEBUG GenericWebApplicationContext - Unable to locate MessageSource with name &apos;messageSource&apos;: using default [org.springframework.context.support.DelegatingMessageSource@4e8e8621]
DEBUG GenericWebApplicationContext - Unable to locate ApplicationEventMulticaster with name &apos;applicationEventMulticaster&apos;: using default [org.springframework.context.event.SimpleApplicationEventMulticaster@c446b14]
DEBUG UiApplicationContextUtils - Unable to locate ThemeSource with name &apos;themeSource&apos;: using default [org.springframework.ui.context.support.ResourceBundleThemeSource@3af356f]
DEBUG DefaultListableBeanFactory - Creating shared instance of singleton bean &apos;entityManagerFactory&apos;
DEBUG DefaultListableBeanFactory - Creating instance of bean &apos;entityManagerFactory&apos;
DEBUG DefaultListableBeanFactory - Creating shared instance of singleton bean &apos;com.expeditors.training.course3demo.config.PersistenceJPATestConfig&apos;
DEBUG DefaultListableBeanFactory - Creating instance of bean &apos;com.expeditors.training.course3demo.config.PersistenceJPATestConfig&apos;
DEBUG InjectionMetadata - Registered injected element on class [com.expeditors.training.course3demo.config.PersistenceJPATestConfig$$EnhancerByCGLIB$$f6c89e17]: AutowiredFieldElement for private org.springframework.core.env.Environment com.expeditors.training.course3demo.config.PersistenceJPATestConfig.environment
DEBUG DefaultListableBeanFactory - Eagerly caching bean &apos;com.expeditors.training.course3demo.config.PersistenceJPATestConfig&apos; to allow for resolving potential circular references
DEBUG InjectionMetadata - Processing injected method of bean &apos;com.expeditors.training.course3demo.config.PersistenceJPATestConfig&apos;: AutowiredFieldElement for private org.springframework.core.env.Environment com.expeditors.training.course3demo.config.PersistenceJPATestConfig.environment
DEBUG DefaultListableBeanFactory - Returning cached instance of singleton bean &apos;environment&apos;
DEBUG AutowiredAnnotationBeanPostProcessor - Autowiring by type from bean name &apos;com.expeditors.training.course3demo.config.PersistenceJPATestConfig&apos; to bean named &apos;environment&apos;
DEBUG DefaultListableBeanFactory - Finished creating instance of bean &apos;com.expeditors.training.course3demo.config.PersistenceJPATestConfig&apos;
DEBUG DefaultListableBeanFactory - Creating shared instance of singleton bean &apos;dataSource&apos;
DEBUG DefaultListableBeanFactory - Creating instance of bean &apos;dataSource&apos;
DEBUG DefaultListableBeanFactory - Returning cached instance of singleton bean &apos;com.expeditors.training.course3demo.config.PersistenceJPATestConfig&apos;
INFO  DriverManagerDataSource - Loaded JDBC driver: org.hsqldb.jdbcDriver
DEBUG DefaultListableBeanFactory - Eagerly caching bean &apos;dataSource&apos; to allow for resolving potential circular references
DEBUG DefaultListableBeanFactory - Finished creating instance of bean &apos;dataSource&apos;
DEBUG DefaultListableBeanFactory - Eagerly caching bean &apos;entityManagerFactory&apos; to allow for resolving potential circular references
DEBUG DefaultListableBeanFactory - Invoking afterPropertiesSet() on bean with name &apos;entityManagerFactory&apos;
DEBUG PathMatchingResourcePatternResolver - Looking for matching resources in directory tree [C:\Users\chq-jamesgl\STS_work2\finalprojectgleixner\target\classes\com\expeditors\training\course3demo\model]
DEBUG PathMatchingResourcePatternResolver - Searching directory [C:\Users\chq-jamesgl\STS_work2\finalprojectgleixner\target\classes\com\expeditors\training\course3demo\model] for files matching pattern [C:/Users/chq-jamesgl/STS_work2/finalprojectgleixner/target/classes/com/expeditors/training/course3demo/model/**/*.class]
DEBUG PathMatchingResourcePatternResolver - Resolved location pattern [classpath*:com/expeditors/training/course3demo/model/**/*.class] to resources [file [C:\Users\chq-jamesgl\STS_work2\finalprojectgleixner\target\classes\com\expeditors\training\course3demo\model\Address.class], file [C:\Users\chq-jamesgl\STS_work2\finalprojectgleixner\target\classes\com\expeditors\training\course3demo\model\Card.class], file [C:\Users\chq-jamesgl\STS_work2\finalprojectgleixner\target\classes\com\expeditors\training\course3demo\model\Container.class], file [C:\Users\chq-jamesgl\STS_work2\finalprojectgleixner\target\classes\com\expeditors\training\course3demo\model\PhoneNumber.class], file [C:\Users\chq-jamesgl\STS_work2\finalprojectgleixner\target\classes\com\expeditors\training\course3demo\model\Product.class], file [C:\Users\chq-jamesgl\STS_work2\finalprojectgleixner\target\classes\com\expeditors\training\course3demo\model\Shipment.class], file [C:\Users\chq-jamesgl\STS_work2\finalprojectgleixner\target\classes\com\expeditors\training\course3demo\model\UserAccount.class], file [C:\Users\chq-jamesgl\STS_work2\finalprojectgleixner\target\classes\com\expeditors\training\course3demo\model\UserRole.class]]
INFO  LocalContainerEntityManagerFactoryBean - Building JPA container EntityManagerFactory for persistence unit &apos;default&apos;
DEBUG BasicTypeRegistry - Adding type registration boolean -&gt; org.hibernate.type.BooleanType@71ba6d4e
DEBUG BasicTypeRegistry - Adding type registration boolean -&gt; org.hibernate.type.BooleanType@71ba6d4e
DEBUG BasicTypeRegistry - Adding type registration java.lang.Boolean -&gt; org.hibernate.type.BooleanType@71ba6d4e
DEBUG BasicTypeRegistry - Adding type registration numeric_boolean -&gt; org.hibernate.type.NumericBooleanType@d86a6f
DEBUG BasicTypeRegistry - Adding type registration true_false -&gt; org.hibernate.type.TrueFalseType@2ddc9a9f
DEBUG BasicTypeRegistry - Adding type registration yes_no -&gt; org.hibernate.type.YesNoType@46cdf8bd
DEBUG BasicTypeRegistry - Adding type registration byte -&gt; org.hibernate.type.ByteType@1ed4ae0f
DEBUG BasicTypeRegistry - Adding type registration byte -&gt; org.hibernate.type.ByteType@1ed4ae0f
DEBUG BasicTypeRegistry - Adding type registration java.lang.Byte -&gt; org.hibernate.type.ByteType@1ed4ae0f
DEBUG BasicTypeRegistry - Adding type registration character -&gt; org.hibernate.type.CharacterType@6892b3b6
DEBUG BasicTypeRegistry - Adding type registration char -&gt; org.hibernate.type.CharacterType@6892b3b6
DEBUG BasicTypeRegistry - Adding type registration java.lang.Character -&gt; org.hibernate.type.CharacterType@6892b3b6
DEBUG BasicTypeRegistry - Adding type registration short -&gt; org.hibernate.type.ShortType@5b1669c0
DEBUG BasicTypeRegistry - Adding type registration short -&gt; org.hibernate.type.ShortType@5b1669c0
DEBUG BasicTypeRegistry - Adding type registration java.lang.Short -&gt; org.hibernate.type.ShortType@5b1669c0
DEBUG BasicTypeRegistry - Adding type registration integer -&gt; org.hibernate.type.IntegerType@2eae8e6e
DEBUG BasicTypeRegistry - Adding type registration int -&gt; org.hibernate.type.IntegerType@2eae8e6e
DEBUG BasicTypeRegistry - Adding type registration java.lang.Integer -&gt; org.hibernate.type.IntegerType@2eae8e6e
DEBUG BasicTypeRegistry - Adding type registration long -&gt; org.hibernate.type.LongType@25ce9dc4
DEBUG BasicTypeRegistry - Adding type registration long -&gt; org.hibernate.type.LongType@25ce9dc4
DEBUG BasicTypeRegistry - Adding type registration java.lang.Long -&gt; org.hibernate.type.LongType@25ce9dc4
DEBUG BasicTypeRegistry - Adding type registration float -&gt; org.hibernate.type.FloatType@3e8c3cb
DEBUG BasicTypeRegistry - Adding type registration float -&gt; org.hibernate.type.FloatType@3e8c3cb
DEBUG BasicTypeRegistry - Adding type registration java.lang.Float -&gt; org.hibernate.type.FloatType@3e8c3cb
DEBUG BasicTypeRegistry - Adding type registration double -&gt; org.hibernate.type.DoubleType@3b0fe47a
DEBUG BasicTypeRegistry - Adding type registration double -&gt; org.hibernate.type.DoubleType@3b0fe47a
DEBUG BasicTypeRegistry - Adding type registration java.lang.Double -&gt; org.hibernate.type.DoubleType@3b0fe47a
DEBUG BasicTypeRegistry - Adding type registration big_decimal -&gt; org.hibernate.type.BigDecimalType@74e28667
DEBUG BasicTypeRegistry - Adding type registration java.math.BigDecimal -&gt; org.hibernate.type.BigDecimalType@74e28667
DEBUG BasicTypeRegistry - Adding type registration big_integer -&gt; org.hibernate.type.BigIntegerType@53045c6c
DEBUG BasicTypeRegistry - Adding type registration java.math.BigInteger -&gt; org.hibernate.type.BigIntegerType@53045c6c
DEBUG BasicTypeRegistry - Adding type registration string -&gt; org.hibernate.type.StringType@548d708a
DEBUG BasicTypeRegistry - Adding type registration java.lang.String -&gt; org.hibernate.type.StringType@548d708a
DEBUG BasicTypeRegistry - Adding type registration nstring -&gt; org.hibernate.type.StringNVarcharType@712625fd
DEBUG BasicTypeRegistry - Adding type registration ncharacter -&gt; org.hibernate.type.CharacterNCharType@1c5920df
DEBUG BasicTypeRegistry - Adding type registration url -&gt; org.hibernate.type.UrlType@15043a2f
DEBUG BasicTypeRegistry - Adding type registration java.net.URL -&gt; org.hibernate.type.UrlType@15043a2f
DEBUG BasicTypeRegistry - Adding type registration date -&gt; org.hibernate.type.DateType@2d901eb0
DEBUG BasicTypeRegistry - Adding type registration java.sql.Date -&gt; org.hibernate.type.DateType@2d901eb0
DEBUG BasicTypeRegistry - Adding type registration time -&gt; org.hibernate.type.TimeType@909217e
DEBUG BasicTypeRegistry - Adding type registration java.sql.Time -&gt; org.hibernate.type.TimeType@909217e
DEBUG BasicTypeRegistry - Adding type registration timestamp -&gt; org.hibernate.type.TimestampType@5e2c3d18
DEBUG BasicTypeRegistry - Adding type registration java.sql.Timestamp -&gt; org.hibernate.type.TimestampType@5e2c3d18
DEBUG BasicTypeRegistry - Adding type registration java.util.Date -&gt; org.hibernate.type.TimestampType@5e2c3d18
DEBUG BasicTypeRegistry - Adding type registration dbtimestamp -&gt; org.hibernate.type.DbTimestampType@5b218417
DEBUG BasicTypeRegistry - Adding type registration calendar -&gt; org.hibernate.type.CalendarType@273444fe
DEBUG BasicTypeRegistry - Adding type registration java.util.Calendar -&gt; org.hibernate.type.CalendarType@273444fe
DEBUG BasicTypeRegistry - Adding type registration java.util.GregorianCalendar -&gt; org.hibernate.type.CalendarType@273444fe
DEBUG BasicTypeRegistry - Adding type registration calendar_date -&gt; org.hibernate.type.CalendarDateType@5524cca1
DEBUG BasicTypeRegistry - Adding type registration locale -&gt; org.hibernate.type.LocaleType@57a78e3
DEBUG BasicTypeRegistry - Adding type registration java.util.Locale -&gt; org.hibernate.type.LocaleType@57a78e3
DEBUG BasicTypeRegistry - Adding type registration currency -&gt; org.hibernate.type.CurrencyType@5386659f
DEBUG BasicTypeRegistry - Adding type registration java.util.Currency -&gt; org.hibernate.type.CurrencyType@5386659f
DEBUG BasicTypeRegistry - Adding type registration timezone -&gt; org.hibernate.type.TimeZoneType@7ce69770
DEBUG BasicTypeRegistry - Adding type registration java.util.TimeZone -&gt; org.hibernate.type.TimeZoneType@7ce69770
DEBUG BasicTypeRegistry - Adding type registration class -&gt; org.hibernate.type.ClassType@7e057f43
DEBUG BasicTypeRegistry - Adding type registration java.lang.Class -&gt; org.hibernate.type.ClassType@7e057f43
DEBUG BasicTypeRegistry - Adding type registration uuid-binary -&gt; org.hibernate.type.UUIDBinaryType@221a3fa4
DEBUG BasicTypeRegistry - Adding type registration java.util.UUID -&gt; org.hibernate.type.UUIDBinaryType@221a3fa4
DEBUG BasicTypeRegistry - Adding type registration uuid-char -&gt; org.hibernate.type.UUIDCharType@3e08ff24
DEBUG BasicTypeRegistry - Adding type registration pg-uuid -&gt; org.hibernate.type.PostgresUUIDType@70ed52de
DEBUG BasicTypeRegistry - Adding type registration binary -&gt; org.hibernate.type.BinaryType@7c37508a
DEBUG BasicTypeRegistry - Adding type registration byte[] -&gt; org.hibernate.type.BinaryType@7c37508a
DEBUG BasicTypeRegistry - Adding type registration [B -&gt; org.hibernate.type.BinaryType@7c37508a
DEBUG BasicTypeRegistry - Adding type registration wrapper-binary -&gt; org.hibernate.type.WrapperBinaryType@4a003cbe
DEBUG BasicTypeRegistry - Adding type registration Byte[] -&gt; org.hibernate.type.WrapperBinaryType@4a003cbe
DEBUG BasicTypeRegistry - Adding type registration [Ljava.lang.Byte; -&gt; org.hibernate.type.WrapperBinaryType@4a003cbe
DEBUG BasicTypeRegistry - Adding type registration image -&gt; org.hibernate.type.ImageType@359df09a
DEBUG BasicTypeRegistry - Adding type registration characters -&gt; org.hibernate.type.CharArrayType@19932c16
DEBUG BasicTypeRegistry - Adding type registration char[] -&gt; org.hibernate.type.CharArrayType@19932c16
DEBUG BasicTypeRegistry - Adding type registration [C -&gt; org.hibernate.type.CharArrayType@19932c16
DEBUG BasicTypeRegistry - Adding type registration wrapper-characters -&gt; org.hibernate.type.CharacterArrayType@1972e513
DEBUG BasicTypeRegistry - Adding type registration [Ljava.lang.Character; -&gt; org.hibernate.type.CharacterArrayType@1972e513
DEBUG BasicTypeRegistry - Adding type registration Character[] -&gt; org.hibernate.type.CharacterArrayType@1972e513
DEBUG BasicTypeRegistry - Adding type registration text -&gt; org.hibernate.type.TextType@1040be71
DEBUG BasicTypeRegistry - Adding type registration ntext -&gt; org.hibernate.type.NTextType@7fd50002
DEBUG BasicTypeRegistry - Adding type registration blob -&gt; org.hibernate.type.BlobType@7d900ecf
DEBUG BasicTypeRegistry - Adding type registration java.sql.Blob -&gt; org.hibernate.type.BlobType@7d900ecf
DEBUG BasicTypeRegistry - Adding type registration materialized_blob -&gt; org.hibernate.type.MaterializedBlobType@1a245833
DEBUG BasicTypeRegistry - Adding type registration clob -&gt; org.hibernate.type.ClobType@15a34df2
DEBUG BasicTypeRegistry - Adding type registration java.sql.Clob -&gt; org.hibernate.type.ClobType@15a34df2
DEBUG BasicTypeRegistry - Adding type registration nclob -&gt; org.hibernate.type.NClobType@5e7cd6cc
DEBUG BasicTypeRegistry - Adding type registration java.sql.NClob -&gt; org.hibernate.type.NClobType@5e7cd6cc
DEBUG BasicTypeRegistry - Adding type registration materialized_clob -&gt; org.hibernate.type.MaterializedClobType@2dfaea86
DEBUG BasicTypeRegistry - Adding type registration materialized_nclob -&gt; org.hibernate.type.MaterializedNClobType@14fc5f04
DEBUG BasicTypeRegistry - Adding type registration serializable -&gt; org.hibernate.type.SerializableType@333d4a8c
DEBUG BasicTypeRegistry - Adding type registration object -&gt; org.hibernate.type.ObjectType@60f00693
DEBUG BasicTypeRegistry - Adding type registration java.lang.Object -&gt; org.hibernate.type.ObjectType@60f00693
DEBUG BasicTypeRegistry - Adding type registration imm_date -&gt; org.hibernate.type.AdaptedImmutableType@7e46d648
DEBUG BasicTypeRegistry - Adding type registration imm_time -&gt; org.hibernate.type.AdaptedImmutableType@51751e5f
DEBUG BasicTypeRegistry - Adding type registration imm_timestamp -&gt; org.hibernate.type.AdaptedImmutableType@2b0b4d53
DEBUG BasicTypeRegistry - Adding type registration imm_dbtimestamp -&gt; org.hibernate.type.AdaptedImmutableType@7068f7ca
DEBUG BasicTypeRegistry - Adding type registration imm_calendar -&gt; org.hibernate.type.AdaptedImmutableType@38548b19
DEBUG BasicTypeRegistry - Adding type registration imm_calendar_date -&gt; org.hibernate.type.AdaptedImmutableType@41aaedaa
DEBUG BasicTypeRegistry - Adding type registration imm_binary -&gt; org.hibernate.type.AdaptedImmutableType@303a5119
DEBUG BasicTypeRegistry - Adding type registration imm_serializable -&gt; org.hibernate.type.AdaptedImmutableType@75b3673
DEBUG DefaultIdentifierGeneratorFactory - Registering IdentifierGenerator strategy [uuid2] -&gt; [org.hibernate.id.UUIDGenerator]
DEBUG DefaultIdentifierGeneratorFactory - Registering IdentifierGenerator strategy [guid] -&gt; [org.hibernate.id.GUIDGenerator]
DEBUG DefaultIdentifierGeneratorFactory - Registering IdentifierGenerator strategy [uuid] -&gt; [org.hibernate.id.UUIDHexGenerator]
DEBUG DefaultIdentifierGeneratorFactory - Registering IdentifierGenerator strategy [uuid.hex] -&gt; [org.hibernate.id.UUIDHexGenerator]
DEBUG DefaultIdentifierGeneratorFactory - Registering IdentifierGenerator strategy [hilo] -&gt; [org.hibernate.id.TableHiLoGenerator]
DEBUG DefaultIdentifierGeneratorFactory - Registering IdentifierGenerator strategy [assigned] -&gt; [org.hibernate.id.Assigned]
DEBUG DefaultIdentifierGeneratorFactory - Registering IdentifierGenerator strategy [identity] -&gt; [org.hibernate.id.IdentityGenerator]
DEBUG DefaultIdentifierGeneratorFactory - Registering IdentifierGenerator strategy [select] -&gt; [org.hibernate.id.SelectGenerator]
DEBUG DefaultIdentifierGeneratorFactory - Registering IdentifierGenerator strategy [sequence] -&gt; [org.hibernate.id.SequenceGenerator]
DEBUG DefaultIdentifierGeneratorFactory - Registering IdentifierGenerator strategy [seqhilo] -&gt; [org.hibernate.id.SequenceHiLoGenerator]
DEBUG DefaultIdentifierGeneratorFactory - Registering IdentifierGenerator strategy [increment] -&gt; [org.hibernate.id.IncrementGenerator]
DEBUG DefaultIdentifierGeneratorFactory - Registering IdentifierGenerator strategy [foreign] -&gt; [org.hibernate.id.ForeignGenerator]
DEBUG DefaultIdentifierGeneratorFactory - Registering IdentifierGenerator strategy [sequence-identity] -&gt; [org.hibernate.id.SequenceIdentityGenerator]
DEBUG DefaultIdentifierGeneratorFactory - Registering IdentifierGenerator strategy [enhanced-sequence] -&gt; [org.hibernate.id.enhanced.SequenceStyleGenerator]
DEBUG DefaultIdentifierGeneratorFactory - Registering IdentifierGenerator strategy [enhanced-table] -&gt; [org.hibernate.id.enhanced.TableGenerator]
DEBUG Ejb3Configuration - Processing PersistenceUnitInfo [
	name: default
	persistence provider classname: null
	classloader: sun.misc.Launcher$AppClassLoader@6bc7c054
	Temporary classloader: org.springframework.instrument.classloading.SimpleThrowawayClassLoader@1bcb79c2
	excludeUnlistedClasses: true
	JTA datasource: null
	Non JTA datasource: org.springframework.jdbc.datasource.DriverManagerDataSource@d1a10ac
	Transaction type: RESOURCE_LOCAL
	PU root URL: file:/C:/Users/chq-jamesgl/STS_work2/finalprojectgleixner/target/test-classes/
	Shared Cache Mode: UNSPECIFIED
	Validation Mode: AUTO
	Jar files URLs []
	Managed classes names [
		com.expeditors.training.course3demo.model.Address
		com.expeditors.training.course3demo.model.Card
		com.expeditors.training.course3demo.model.Container
		com.expeditors.training.course3demo.model.PhoneNumber
		com.expeditors.training.course3demo.model.Product
		com.expeditors.training.course3demo.model.Shipment
		com.expeditors.training.course3demo.model.UserAccount
		com.expeditors.training.course3demo.model.UserRole]
	Mapping files names []
	Properties []
DEBUG Ejb3Configuration - Detect class: true; detect hbm: true
DEBUG AbstractJarVisitor - Searching mapped entities in jar/par: file:/C:/Users/chq-jamesgl/STS_work2/finalprojectgleixner/target/test-classes/
DEBUG AbstractJarVisitor - Filtering: com.expeditors.training.course3demo.config.PersistenceJPATestConfig
DEBUG AbstractJarVisitor - Filtering: com.expeditors.training.course3demo.config.ServiceTestConfig
DEBUG AbstractJarVisitor - Filtering: com.expeditors.training.course3demo.config.TestConfig
DEBUG AbstractJarVisitor - Filtering: com.expeditors.training.course3demo.controller.ContainerControllerTest
DEBUG AbstractJarVisitor - Filtering: com.expeditors.training.course3demo.controller.ProductControllerTest
DEBUG AbstractJarVisitor - Filtering: com.expeditors.training.course3demo.controller.ShipmentControllerTest
DEBUG AbstractJarVisitor - Filtering: com.expeditors.training.course3demo.service.ContainerServiceTest
DEBUG AbstractJarVisitor - Filtering: com.expeditors.training.course3demo.service.ProductServiceTest
DEBUG AbstractJarVisitor - Filtering: com.expeditors.training.course3demo.service.ShipmentServiceTest
DEBUG IntegratorServiceImpl - Adding Integrator [org.hibernate.cfg.beanvalidation.BeanValidationIntegrator].
DEBUG IntegratorServiceImpl - Adding Integrator [org.hibernate.ejb.event.JpaIntegrator].
DEBUG NamingHelper - No JNDI name configured for binding Ejb3Configuration
DEBUG Configuration - Preparing to build session factory with filters : {}
DEBUG Configuration - Processing hbm.xml files
DEBUG Configuration - Process annotated classes
DEBUG AnnotationBinder - Binding entity from annotated class: com.expeditors.training.course3demo.model.Address
DEBUG Ejb3Column - Binding column: Ejb3DiscriminatorColumn{logicalColumnName&apos;DTYPE&apos;, discriminatorTypeName=&apos;string&apos;}
DEBUG EntityBinder - Import with entity name Address
DEBUG EntityBinder - Bind entity com.expeditors.training.course3demo.model.Address on table ADDRESS
DEBUG Ejb3Column - Binding column: Ejb3Column{table=org.hibernate.mapping.Table(ADDRESS), mappingColumn=ADDRESS_ID, insertable=true, updatable=true, unique=false}
DEBUG PropertyBinder - MetadataSourceProcessor property id with lazy=false
DEBUG SimpleValueBinder - building SimpleValue for id
DEBUG PropertyBinder - Building property id
DEBUG Ejb3Column - Binding column: Ejb3Column{table=org.hibernate.mapping.Table(ADDRESS), mappingColumn=city, insertable=true, updatable=true, unique=false}
DEBUG PropertyBinder - MetadataSourceProcessor property city with lazy=false
DEBUG SimpleValueBinder - building SimpleValue for city
DEBUG PropertyBinder - Building property city
DEBUG Ejb3Column - Binding column: Ejb3Column{table=org.hibernate.mapping.Table(ADDRESS), mappingColumn=state, insertable=true, updatable=true, unique=false}
DEBUG PropertyBinder - MetadataSourceProcessor property state with lazy=false
DEBUG SimpleValueBinder - building SimpleValue for state
DEBUG PropertyBinder - Building property state
DEBUG Ejb3Column - Binding column: Ejb3Column{table=org.hibernate.mapping.Table(ADDRESS), mappingColumn=street, insertable=true, updatable=true, unique=false}
DEBUG PropertyBinder - MetadataSourceProcessor property street with lazy=false
DEBUG SimpleValueBinder - building SimpleValue for street
DEBUG PropertyBinder - Building property street
DEBUG AnnotationBinder - Binding entity from annotated class: com.expeditors.training.course3demo.model.Card
DEBUG Ejb3Column - Binding column: Ejb3DiscriminatorColumn{logicalColumnName&apos;DTYPE&apos;, discriminatorTypeName=&apos;string&apos;}
DEBUG EntityBinder - Import with entity name Card
DEBUG EntityBinder - Bind entity com.expeditors.training.course3demo.model.Card on table CARD
DEBUG Ejb3Column - Binding column: Ejb3Column{table=org.hibernate.mapping.Table(CARD), mappingColumn=CARD_ID, insertable=true, updatable=true, unique=false}
DEBUG PropertyBinder - MetadataSourceProcessor property id with lazy=false
DEBUG SimpleValueBinder - building SimpleValue for id
DEBUG PropertyBinder - Building property id
DEBUG Ejb3Column - Binding column: Ejb3JoinColumn{logicalColumnName=&apos;address&apos;, referencedColumn=&apos;&apos;, mappedBy=&apos;&apos;}
DEBUG Ejb3Column - Binding column: Ejb3Column{table=org.hibernate.mapping.Table(CARD), mappingColumn=address, insertable=true, updatable=true, unique=false}
DEBUG PropertyBinder - Building property address
DEBUG Ejb3Column - Binding column: Ejb3Column{table=org.hibernate.mapping.Table(CARD), mappingColumn=amount, insertable=true, updatable=true, unique=false}
DEBUG PropertyBinder - MetadataSourceProcessor property amount with lazy=false
DEBUG SimpleValueBinder - building SimpleValue for amount
DEBUG PropertyBinder - Building property amount
DEBUG Ejb3Column - Binding column: Ejb3Column{table=org.hibernate.mapping.Table(CARD), mappingColumn=CARD_NUMBER, insertable=true, updatable=true, unique=false}
DEBUG PropertyBinder - MetadataSourceProcessor property number with lazy=false
DEBUG SimpleValueBinder - building SimpleValue for number
DEBUG PropertyBinder - Building property number
DEBUG Ejb3Column - Binding column: Ejb3Column{table=org.hibernate.mapping.Table(CARD), mappingColumn=OWNER_NAME, insertable=true, updatable=true, unique=false}
DEBUG PropertyBinder - MetadataSourceProcessor property owner with lazy=false
DEBUG SimpleValueBinder - building SimpleValue for owner
DEBUG PropertyBinder - Building property owner
DEBUG Ejb3Column - Binding column: Ejb3JoinColumn{logicalColumnName=&apos;null&apos;, referencedColumn=&apos;null&apos;, mappedBy=&apos;card&apos;}
DEBUG Ejb3Column - Binding column: Ejb3Column{table=org.hibernate.mapping.Table(CARD), mappingColumn=phoneNumbers, insertable=true, updatable=true, unique=false}
DEBUG Ejb3Column - Binding column: Ejb3Column{table=org.hibernate.mapping.Table(CARD), mappingColumn=index, insertable=true, updatable=true, unique=false}
DEBUG Ejb3Column - Binding column: Ejb3Column{table=org.hibernate.mapping.Table(CARD), mappingColumn=element, insertable=true, updatable=true, unique=false}
DEBUG Ejb3Column - Binding column: Ejb3Column{table=org.hibernate.mapping.Table(CARD), mappingColumn=phoneNumbers_KEY, insertable=true, updatable=true, unique=false}
DEBUG Ejb3Column - Binding column: Ejb3JoinColumn{logicalColumnName=&apos;phoneNumbers_KEY&apos;, referencedColumn=&apos;null&apos;, mappedBy=&apos;null&apos;}
DEBUG Ejb3Column - Binding column: Ejb3JoinColumn{logicalColumnName=&apos;null&apos;, referencedColumn=&apos;null&apos;, mappedBy=&apos;card&apos;}
DEBUG Ejb3Column - Binding column: Ejb3JoinColumn{logicalColumnName=&apos;null&apos;, referencedColumn=&apos;null&apos;, mappedBy=&apos;card&apos;}
DEBUG CollectionBinder - Collection role: com.expeditors.training.course3demo.model.Card.phoneNumbers
DEBUG PropertyBinder - Building property phoneNumbers
DEBUG AnnotationBinder - Binding entity from annotated class: com.expeditors.training.course3demo.model.Container
DEBUG Ejb3Column - Binding column: Ejb3DiscriminatorColumn{logicalColumnName&apos;DTYPE&apos;, discriminatorTypeName=&apos;string&apos;}
DEBUG EntityBinder - Import with entity name Container
DEBUG EntityBinder - Bind entity com.expeditors.training.course3demo.model.Container on table Container
DEBUG Ejb3Column - Binding column: Ejb3Column{table=org.hibernate.mapping.Table(Container), mappingColumn=CONTAINER_ID, insertable=true, updatable=true, unique=false}
DEBUG PropertyBinder - MetadataSourceProcessor property id with lazy=false
DEBUG SimpleValueBinder - building SimpleValue for id
DEBUG PropertyBinder - Building property id
DEBUG Ejb3Column - Binding column: Ejb3Column{table=org.hibernate.mapping.Table(Container), mappingColumn=capacity, insertable=true, updatable=true, unique=false}
DEBUG PropertyBinder - MetadataSourceProcessor property capacity with lazy=false
DEBUG SimpleValueBinder - building SimpleValue for capacity
DEBUG PropertyBinder - Building property capacity
DEBUG Ejb3Column - Binding column: Ejb3Column{table=org.hibernate.mapping.Table(Container), mappingColumn=destination, insertable=true, updatable=true, unique=false}
DEBUG PropertyBinder - MetadataSourceProcessor property destination with lazy=false
DEBUG SimpleValueBinder - building SimpleValue for destination
DEBUG PropertyBinder - Building property destination
DEBUG Ejb3Column - Binding column: Ejb3Column{table=org.hibernate.mapping.Table(Container), mappingColumn=location, insertable=true, updatable=true, unique=false}
DEBUG PropertyBinder - MetadataSourceProcessor property location with lazy=false
DEBUG SimpleValueBinder - building SimpleValue for location
DEBUG PropertyBinder - Building property location
DEBUG Ejb3Column - Binding column: Ejb3Column{table=org.hibernate.mapping.Table(Container), mappingColumn=name, insertable=true, updatable=true, unique=false}
DEBUG PropertyBinder - MetadataSourceProcessor property name with lazy=false
DEBUG SimpleValueBinder - building SimpleValue for name
DEBUG PropertyBinder - Building property name
DEBUG Ejb3Column - Binding column: Ejb3Column{table=org.hibernate.mapping.Table(Container), mappingColumn=status, insertable=true, updatable=true, unique=false}
DEBUG PropertyBinder - MetadataSourceProcessor property status with lazy=false
DEBUG SimpleValueBinder - building SimpleValue for status
DEBUG PropertyBinder - Building property status
DEBUG AnnotationBinder - Binding entity from annotated class: com.expeditors.training.course3demo.model.PhoneNumber
DEBUG Ejb3Column - Binding column: Ejb3DiscriminatorColumn{logicalColumnName&apos;DTYPE&apos;, discriminatorTypeName=&apos;string&apos;}
DEBUG EntityBinder - Import with entity name PhoneNumber
DEBUG EntityBinder - Bind entity com.expeditors.training.course3demo.model.PhoneNumber on table PHONE_NUMBER
DEBUG Ejb3Column - Binding column: Ejb3Column{table=org.hibernate.mapping.Table(PHONE_NUMBER), mappingColumn=PHONE_NUMBER_ID, insertable=true, updatable=true, unique=false}
DEBUG PropertyBinder - MetadataSourceProcessor property id with lazy=false
DEBUG SimpleValueBinder - building SimpleValue for id
DEBUG PropertyBinder - Building property id
DEBUG Ejb3Column - Binding column: Ejb3JoinColumn{logicalColumnName=&apos;CARD_ID&apos;, referencedColumn=&apos;&apos;, mappedBy=&apos;&apos;}
DEBUG Ejb3Column - Binding column: Ejb3Column{table=org.hibernate.mapping.Table(PHONE_NUMBER), mappingColumn=card, insertable=true, updatable=true, unique=false}
DEBUG PropertyBinder - Building property card
DEBUG Ejb3Column - Binding column: Ejb3Column{table=org.hibernate.mapping.Table(PHONE_NUMBER), mappingColumn=PHONE_NUMBER, insertable=true, updatable=true, unique=false}
DEBUG PropertyBinder - MetadataSourceProcessor property number with lazy=false
DEBUG SimpleValueBinder - building SimpleValue for number
DEBUG PropertyBinder - Building property number
DEBUG AnnotationBinder - Binding entity from annotated class: com.expeditors.training.course3demo.model.Product
DEBUG Ejb3Column - Binding column: Ejb3DiscriminatorColumn{logicalColumnName&apos;DTYPE&apos;, discriminatorTypeName=&apos;string&apos;}
DEBUG EntityBinder - Import with entity name Product
DEBUG EntityBinder - Bind entity com.expeditors.training.course3demo.model.Product on table PRODUCT
DEBUG Ejb3Column - Binding column: Ejb3Column{table=org.hibernate.mapping.Table(PRODUCT), mappingColumn=PRODUCT_ID, insertable=true, updatable=true, unique=false}
DEBUG PropertyBinder - MetadataSourceProcessor property id with lazy=false
DEBUG SimpleValueBinder - building SimpleValue for id
DEBUG PropertyBinder - Building property id
DEBUG Ejb3Column - Binding column: Ejb3Column{table=org.hibernate.mapping.Table(PRODUCT), mappingColumn=description, insertable=true, updatable=true, unique=false}
DEBUG PropertyBinder - MetadataSourceProcessor property description with lazy=false
DEBUG SimpleValueBinder - building SimpleValue for description
DEBUG PropertyBinder - Building property description
DEBUG Ejb3Column - Binding column: Ejb3Column{table=org.hibernate.mapping.Table(PRODUCT), mappingColumn=name, insertable=true, updatable=true, unique=false}
DEBUG PropertyBinder - MetadataSourceProcessor property name with lazy=false
DEBUG SimpleValueBinder - building SimpleValue for name
DEBUG PropertyBinder - Building property name
DEBUG Ejb3Column - Binding column: Ejb3Column{table=org.hibernate.mapping.Table(PRODUCT), mappingColumn=price, insertable=true, updatable=true, unique=false}
DEBUG PropertyBinder - MetadataSourceProcessor property price with lazy=false
DEBUG SimpleValueBinder - building SimpleValue for price
DEBUG PropertyBinder - Building property price
DEBUG AnnotationBinder - Binding entity from annotated class: com.expeditors.training.course3demo.model.Shipment
DEBUG Ejb3Column - Binding column: Ejb3DiscriminatorColumn{logicalColumnName&apos;DTYPE&apos;, discriminatorTypeName=&apos;string&apos;}
DEBUG EntityBinder - Import with entity name Shipment
DEBUG EntityBinder - Bind entity com.expeditors.training.course3demo.model.Shipment on table Shipment
DEBUG Ejb3Column - Binding column: Ejb3Column{table=org.hibernate.mapping.Table(Shipment), mappingColumn=SHIPMENT_ID, insertable=true, updatable=true, unique=false}
DEBUG PropertyBinder - MetadataSourceProcessor property id with lazy=false
DEBUG SimpleValueBinder - building SimpleValue for id
DEBUG PropertyBinder - Building property id
DEBUG Ejb3Column - Binding column: Ejb3Column{table=org.hibernate.mapping.Table(Shipment), mappingColumn=destination, insertable=true, updatable=true, unique=false}
DEBUG PropertyBinder - MetadataSourceProcessor property destination with lazy=false
DEBUG SimpleValueBinder - building SimpleValue for destination
DEBUG PropertyBinder - Building property destination
DEBUG Ejb3Column - Binding column: Ejb3Column{table=org.hibernate.mapping.Table(Shipment), mappingColumn=name, insertable=true, updatable=true, unique=false}
DEBUG PropertyBinder - MetadataSourceProcessor property name with lazy=false
DEBUG SimpleValueBinder - building SimpleValue for name
DEBUG PropertyBinder - Building property name
DEBUG Ejb3Column - Binding column: Ejb3Column{table=org.hibernate.mapping.Table(Shipment), mappingColumn=origin, insertable=true, updatable=true, unique=false}
DEBUG PropertyBinder - MetadataSourceProcessor property origin with lazy=false
DEBUG SimpleValueBinder - building SimpleValue for origin
DEBUG PropertyBinder - Building property origin
DEBUG Ejb3Column - Binding column: Ejb3Column{table=org.hibernate.mapping.Table(Shipment), mappingColumn=volume, insertable=true, updatable=true, unique=false}
DEBUG PropertyBinder - MetadataSourceProcessor property volume with lazy=false
DEBUG SimpleValueBinder - building SimpleValue for volume
DEBUG PropertyBinder - Building property volume
DEBUG AnnotationBinder - Binding entity from annotated class: com.expeditors.training.course3demo.model.UserAccount
DEBUG Ejb3Column - Binding column: Ejb3DiscriminatorColumn{logicalColumnName&apos;DTYPE&apos;, discriminatorTypeName=&apos;string&apos;}
DEBUG EntityBinder - Import with entity name UserAccount
DEBUG EntityBinder - Bind entity com.expeditors.training.course3demo.model.UserAccount on table USERACCOUNT
DEBUG Ejb3Column - Binding column: Ejb3Column{table=org.hibernate.mapping.Table(USERACCOUNT), mappingColumn=USER_ID, insertable=true, updatable=true, unique=false}
DEBUG PropertyBinder - MetadataSourceProcessor property id with lazy=false
DEBUG SimpleValueBinder - building SimpleValue for id
DEBUG PropertyBinder - Building property id
DEBUG Ejb3Column - Binding column: Ejb3Column{table=org.hibernate.mapping.Table(USERACCOUNT), mappingColumn=enabled, insertable=true, updatable=true, unique=false}
DEBUG PropertyBinder - MetadataSourceProcessor property enabled with lazy=false
DEBUG SimpleValueBinder - building SimpleValue for enabled
DEBUG PropertyBinder - Building property enabled
DEBUG Ejb3Column - Binding column: Ejb3Column{table=org.hibernate.mapping.Table(USERACCOUNT), mappingColumn=password, insertable=true, updatable=true, unique=false}
DEBUG PropertyBinder - MetadataSourceProcessor property password with lazy=false
DEBUG SimpleValueBinder - building SimpleValue for password
DEBUG PropertyBinder - Building property password
DEBUG Ejb3Column - Binding column: Ejb3JoinColumn{logicalColumnName=&apos;null&apos;, referencedColumn=&apos;null&apos;, mappedBy=&apos;userAccount&apos;}
DEBUG Ejb3Column - Binding column: Ejb3Column{table=org.hibernate.mapping.Table(USERACCOUNT), mappingColumn=userRoles, insertable=true, updatable=true, unique=false}
DEBUG Ejb3Column - Binding column: Ejb3Column{table=org.hibernate.mapping.Table(USERACCOUNT), mappingColumn=null, insertable=true, updatable=true, unique=false}
DEBUG Ejb3Column - Binding column: Ejb3Column{table=org.hibernate.mapping.Table(USERACCOUNT), mappingColumn=element, insertable=true, updatable=true, unique=false}
DEBUG Ejb3Column - Binding column: Ejb3Column{table=org.hibernate.mapping.Table(USERACCOUNT), mappingColumn=userRoles_KEY, insertable=true, updatable=true, unique=false}
DEBUG Ejb3Column - Binding column: Ejb3JoinColumn{logicalColumnName=&apos;userRoles_KEY&apos;, referencedColumn=&apos;null&apos;, mappedBy=&apos;null&apos;}
DEBUG Ejb3Column - Binding column: Ejb3JoinColumn{logicalColumnName=&apos;null&apos;, referencedColumn=&apos;null&apos;, mappedBy=&apos;userAccount&apos;}
DEBUG Ejb3Column - Binding column: Ejb3JoinColumn{logicalColumnName=&apos;null&apos;, referencedColumn=&apos;null&apos;, mappedBy=&apos;userAccount&apos;}
DEBUG CollectionBinder - Collection role: com.expeditors.training.course3demo.model.UserAccount.userRoles
DEBUG PropertyBinder - Building property userRoles
DEBUG Ejb3Column - Binding column: Ejb3Column{table=org.hibernate.mapping.Table(USERACCOUNT), mappingColumn=username, insertable=true, updatable=true, unique=false}
DEBUG PropertyBinder - MetadataSourceProcessor property username with lazy=false
DEBUG SimpleValueBinder - building SimpleValue for username
DEBUG PropertyBinder - Building property username
DEBUG AnnotationBinder - Binding entity from annotated class: com.expeditors.training.course3demo.model.UserRole
DEBUG Ejb3Column - Binding column: Ejb3DiscriminatorColumn{logicalColumnName&apos;DTYPE&apos;, discriminatorTypeName=&apos;string&apos;}
DEBUG EntityBinder - Import with entity name UserRole
DEBUG EntityBinder - Bind entity com.expeditors.training.course3demo.model.UserRole on table USERROLE
DEBUG Ejb3Column - Binding column: Ejb3Column{table=org.hibernate.mapping.Table(USERROLE), mappingColumn=ROLE_ID, insertable=true, updatable=true, unique=false}
DEBUG PropertyBinder - MetadataSourceProcessor property id with lazy=false
DEBUG SimpleValueBinder - building SimpleValue for id
DEBUG PropertyBinder - Building property id
DEBUG Ejb3Column - Binding column: Ejb3Column{table=org.hibernate.mapping.Table(USERROLE), mappingColumn=ROLE_NAME, insertable=true, updatable=true, unique=false}
DEBUG PropertyBinder - MetadataSourceProcessor property role with lazy=false
DEBUG SimpleValueBinder - building SimpleValue for role
DEBUG PropertyBinder - Building property role
DEBUG Ejb3Column - Binding column: Ejb3JoinColumn{logicalColumnName=&apos;ROLE_OWNER&apos;, referencedColumn=&apos;&apos;, mappedBy=&apos;&apos;}
DEBUG Ejb3Column - Binding column: Ejb3Column{table=org.hibernate.mapping.Table(USERROLE), mappingColumn=userAccount, insertable=true, updatable=true, unique=false}
DEBUG PropertyBinder - Building property userAccount
DEBUG SimpleValueBinder - Setting SimpleValue typeName for id
DEBUG SimpleValueBinder - Setting SimpleValue typeName for city
DEBUG SimpleValueBinder - Setting SimpleValue typeName for state
DEBUG SimpleValueBinder - Setting SimpleValue typeName for street
DEBUG SimpleValueBinder - Setting SimpleValue typeName for id
DEBUG SimpleValueBinder - Setting SimpleValue typeName for amount
DEBUG SimpleValueBinder - Setting SimpleValue typeName for number
DEBUG SimpleValueBinder - Setting SimpleValue typeName for owner
DEBUG SimpleValueBinder - Setting SimpleValue typeName for id
DEBUG SimpleValueBinder - Setting SimpleValue typeName for capacity
DEBUG SimpleValueBinder - Setting SimpleValue typeName for destination
DEBUG SimpleValueBinder - Setting SimpleValue typeName for location
DEBUG SimpleValueBinder - Setting SimpleValue typeName for name
DEBUG SimpleValueBinder - Setting SimpleValue typeName for status
DEBUG SimpleValueBinder - Setting SimpleValue typeName for id
DEBUG SimpleValueBinder - Setting SimpleValue typeName for number
DEBUG SimpleValueBinder - Setting SimpleValue typeName for id
DEBUG SimpleValueBinder - Setting SimpleValue typeName for description
DEBUG SimpleValueBinder - Setting SimpleValue typeName for name
DEBUG SimpleValueBinder - Setting SimpleValue typeName for price
DEBUG SimpleValueBinder - Setting SimpleValue typeName for id
DEBUG SimpleValueBinder - Setting SimpleValue typeName for destination
DEBUG SimpleValueBinder - Setting SimpleValue typeName for name
DEBUG SimpleValueBinder - Setting SimpleValue typeName for origin
DEBUG SimpleValueBinder - Setting SimpleValue typeName for volume
DEBUG SimpleValueBinder - Setting SimpleValue typeName for id
DEBUG SimpleValueBinder - Setting SimpleValue typeName for enabled
DEBUG SimpleValueBinder - Setting SimpleValue typeName for password
DEBUG SimpleValueBinder - Setting SimpleValue typeName for username
DEBUG SimpleValueBinder - Setting SimpleValue typeName for id
DEBUG SimpleValueBinder - Setting SimpleValue typeName for role
DEBUG Configuration - Processing fk mappings (*ToOne and JoinedSubclass)
DEBUG Configuration - Processing extends queue
DEBUG Configuration - Processing extends queue
DEBUG Configuration - Processing collection mappings
DEBUG CollectionSecondPass - Second pass for collection: com.expeditors.training.course3demo.model.Card.phoneNumbers
DEBUG CollectionBinder - Binding a OneToMany: com.expeditors.training.course3demo.model.Card.phoneNumbers through a foreign key
DEBUG CollectionBinder - Mapping collection: com.expeditors.training.course3demo.model.Card.phoneNumbers -&gt; PHONE_NUMBER
DEBUG TableBinder - Retrieving property com.expeditors.training.course3demo.model.PhoneNumber.card
DEBUG SimpleValueBinder - building SimpleValue for null
DEBUG SimpleValueBinder - Setting SimpleValue typeName for null
DEBUG CollectionSecondPass - Mapped collection key: CARD_ID, index: index, one-to-many: com.expeditors.training.course3demo.model.PhoneNumber
DEBUG CollectionSecondPass - Second pass for collection: com.expeditors.training.course3demo.model.UserAccount.userRoles
DEBUG CollectionBinder - Binding a OneToMany: com.expeditors.training.course3demo.model.UserAccount.userRoles through a foreign key
DEBUG CollectionBinder - Mapping collection: com.expeditors.training.course3demo.model.UserAccount.userRoles -&gt; USERROLE
DEBUG TableBinder - Retrieving property com.expeditors.training.course3demo.model.UserRole.userAccount
DEBUG CollectionSecondPass - Mapped collection key: ROLE_OWNER, one-to-many: com.expeditors.training.course3demo.model.UserRole
DEBUG Configuration - Processing native query and ResultSetMapping mappings
DEBUG Configuration - Processing association property references
DEBUG Configuration - Creating tables&apos; unique integer identifiers
DEBUG Configuration - Processing foreign key constraints
DEBUG Configuration - Resolving reference to class: com.expeditors.training.course3demo.model.Address
DEBUG Configuration - Resolving reference to class: com.expeditors.training.course3demo.model.Card
DEBUG Configuration - Resolving reference to class: com.expeditors.training.course3demo.model.UserAccount
INFO  ConnectionProviderInitiator - HHH000130: Instantiating explicit connection provider: org.hibernate.ejb.connection.InjectedDataSourceConnectionProvider
DEBUG DriverManagerDataSource - Creating new JDBC DriverManager Connection to [jdbc:hsqldb:mem:paging]
DEBUG JdbcServicesImpl - Database -&gt;
       name : HSQL Database Engine
    version : 2.2.4
      major : 2
      minor : 2
DEBUG JdbcServicesImpl - Driver -&gt;
       name : HSQL Database Engine Driver
    version : 2.2.4
      major : 2
      minor : 2
DEBUG JdbcServicesImpl - JDBC version : 4.0
INFO  Dialect - HHH000400: Using dialect: org.hibernate.dialect.HSQLDialect
DEBUG SettingsFactory - Automatic flush during beforeCompletion(): disabled
DEBUG SettingsFactory - Automatic session close at end of transaction: disabled
DEBUG SettingsFactory - JDBC batch size: 15
DEBUG SettingsFactory - JDBC batch updates for versioned data: disabled
DEBUG SettingsFactory - Scrollable result sets: enabled
DEBUG SettingsFactory - Wrap result sets: disabled
DEBUG SettingsFactory - JDBC3 getGeneratedKeys(): enabled
DEBUG SettingsFactory - multi-tenancy strategy : NONE
DEBUG SettingsFactory - Connection release mode: auto
INFO  TransactionFactoryInitiator - HHH000268: Transaction strategy: org.hibernate.engine.transaction.internal.jdbc.JdbcTransactionFactory
DEBUG SettingsFactory - Using BatchFetchStyle : LEGACY
DEBUG SettingsFactory - Default batch fetch size: 1
DEBUG SettingsFactory - Generate SQL with comments: disabled
DEBUG SettingsFactory - Order SQL updates by primary key: disabled
DEBUG SettingsFactory - Order SQL inserts for batching: disabled
DEBUG SettingsFactory - Default null ordering: none
DEBUG SettingsFactory - Query translator: org.hibernate.hql.internal.ast.ASTQueryTranslatorFactory
INFO  ASTQueryTranslatorFactory - HHH000397: Using ASTQueryTranslatorFactory
DEBUG SettingsFactory - Query language substitutions: {}
DEBUG SettingsFactory - JPA-QL strict compliance: enabled
DEBUG SettingsFactory - Second-level cache: enabled
DEBUG SettingsFactory - Query cache: disabled
DEBUG SettingsFactory - Cache region factory : org.hibernate.cache.internal.NoCachingRegionFactory
DEBUG SettingsFactory - org.hibernate.cache.internal.NoCachingRegionFactory did not provide constructor accepting java.util.Properties; attempting no-arg constructor.
DEBUG SettingsFactory - Optimize cache for minimal puts: disabled
DEBUG SettingsFactory - Structured second-level cache entries: disabled
DEBUG SettingsFactory - Second-level cache direct-reference entries: disabled
DEBUG SettingsFactory - Statistics: disabled
DEBUG SettingsFactory - Deleted entity synthetic identifier rollback: disabled
DEBUG SettingsFactory - Default entity-mode: pojo
DEBUG SettingsFactory - Named query checking : enabled
DEBUG SettingsFactory - Check Nullability in Core (should be disabled when Bean Validation is on): enabled
DEBUG SettingsFactory - Allow initialization of lazy state outside session : : disabled
DEBUG SettingsFactory - JTA Track by Thread: enabled
DEBUG SessionFactoryImpl - Building session factory
DEBUG SessionFactoryImpl - Session factory constructed with filter configurations : {}
DEBUG SessionFactoryImpl - Instantiating session factory with properties: {java.vendor=Oracle Corporation, localRepository=C:\Users\chq-jamesgl\.m2\repository, hibernate=org.hibernate.dialect.HSQLDialect, sun.java.launcher=SUN_STANDARD, sun.management.compiler=HotSpot 64-Bit Tiered Compilers, hibernate.ejb.discard_pc_on_close=false, hibernate.transaction.flush_before_completion=false, os.name=Windows 7, sun.boot.class.path=C:\Program Files\Java\jdk1.8.0_20\jre\lib\resources.jar;C:\Program Files\Java\jdk1.8.0_20\jre\lib\rt.jar;C:\Program Files\Java\jdk1.8.0_20\jre\lib\sunrsasign.jar;C:\Program Files\Java\jdk1.8.0_20\jre\lib\jsse.jar;C:\Program Files\Java\jdk1.8.0_20\jre\lib\jce.jar;C:\Program Files\Java\jdk1.8.0_20\jre\lib\charsets.jar;C:\Program Files\Java\jdk1.8.0_20\jre\lib\jfr.jar;C:\Program Files\Java\jdk1.8.0_20\jre\classes, sun.desktop=windows, java.vm.specification.vendor=Oracle Corporation, java.runtime.version=1.8.0_20-b26, hibernate.connection.autocommit=true, user.name=chq-jamesgl, javax.persistence.validation.mode=AUTO, hibernate.connection.release_mode=auto, user.language=en, sun.boot.library.path=C:\Program Files\Java\jdk1.8.0_20\jre\bin, java.version=1.8.0_20, user.timezone=America/Los_Angeles, sun.arch.data.model=64, java.endorsed.dirs=C:\Program Files\Java\jdk1.8.0_20\jre\lib\endorsed, sun.cpu.isalist=amd64, sun.jnu.encoding=Cp1252, file.encoding.pkg=sun.io, file.separator=\, java.specification.name=Java Platform API Specification, java.class.version=52.0, user.country=US, java.home=C:\Program Files\Java\jdk1.8.0_20\jre, java.vm.info=mixed mode, os.version=6.1, hibernate.transaction.factory_class=org.hibernate.engine.transaction.internal.jdbc.JdbcTransactionFactory, hibernate.connection.datasource=org.springframework.jdbc.datasource.DriverManagerDataSource@d1a10ac, surefire.real.class.path=C:\Users\chq-jamesgl\STS_work2\finalprojectgleixner\target\surefire\surefirebooter2652706606512848435.jar, hibernate.query.jpaql_strict_compliance=true, path.separator=;, java.vm.version=25.20-b23, user.variant=, java.awt.printerjob=sun.awt.windows.WPrinterJob, sun.io.unicode.encoding=UnicodeLittle, awt.toolkit=sun.awt.windows.WToolkit, user.script=, user.home=C:\Users\chq-jamesgl, java.specification.vendor=Oracle Corporation, hibernate.hbm2ddl.auto=create-drop, java.library.path=C:\Program Files\Java\jdk1.8.0_20\jre\bin;C:\WINDOWS\Sun\Java\bin;C:\WINDOWS\system32;C:\WINDOWS;C:/Program Files/Java/jdk1.7.0_45/bin/../jre/bin/server;C:/Program Files/Java/jdk1.7.0_45/bin/../jre/bin;C:/Program Files/Java/jdk1.7.0_45/bin/../jre/lib/amd64;C:\Program Files\spring-1.2.1.RELEASE\bin;C:\Maven\apache-maven-3.0.5\bin;C:\Program Files\Java\jdk1.7.0_45\bin;C:\ProgramData\Oracle\Java\javapath;C:\Program Files (x86)\Intel\iCLS Client\;C:\Program Files\Intel\iCLS Client\;C:\WINDOWS\system32;C:\WINDOWS;C:\WINDOWS\System32\Wbem;C:\WINDOWS\System32\WindowsPowerShell\v1.0\;C:\Program Files\Intel\DMIX;C:\WINDOWS\CCM;C:\WINDOWS\CCM;C:\WINDOWS\CCM;C:\WINDOWS\CCM;C:\WINDOWS\CCM;C:\WINDOWS\CCM;C:\WINDOWS\CCM;C:\PROGRA~2\IBM\SQLLIB\BIN;C:\PROGRA~2\IBM\SQLLIB\FUNCTION;C:\PROGRA~2\IBM\SQLLIB\SAMPLES\REPL;C:\Program Files\Intel\Intel(R) Management Engine Components\DAL;C:\Program Files\Intel\Intel(R) Management Engine Components\IPT;C:\Program Files (x86)\Intel\Intel(R) Management Engine Components\DAL;C:\Program Files (x86)\Intel\Intel(R) Management Engine Components\IPT;C:\Program Files\Microsoft\Web Platform Installer\;C:\Program Files\TortoiseSVN\bin;C:\Users\chq-jamesgl\Documents\STS2\sts-bundle\sts-3.6.3.SR1;;., java.vendor.url=http://java.oracle.com/, java.vm.vendor=Oracle Corporation, java.runtime.name=Java(TM) SE Runtime Environment, sun.java.command=C:\Users\chq-jamesgl\STS_work2\finalprojectgleixner\target\surefire\surefirebooter2652706606512848435.jar C:\Users\chq-jamesgl\STS_work2\finalprojectgleixner\target\surefire\surefire292260823960733787tmp C:\Users\chq-jamesgl\STS_work2\finalprojectgleixner\target\surefire\surefire_03224240600998134897tmp, java.class.path=C:\Users\chq-jamesgl\STS_work2\finalprojectgleixner\target\test-classes;C:\Users\chq-jamesgl\STS_work2\finalprojectgleixner\target\classes;C:\Users\chq-jamesgl\.m2\repository\org\springframework\spring-webmvc\3.2.3.RELEASE\spring-webmvc-3.2.3.RELEASE.jar;C:\Users\chq-jamesgl\.m2\repository\org\springframework\spring-beans\3.2.3.RELEASE\spring-beans-3.2.3.RELEASE.jar;C:\Users\chq-jamesgl\.m2\repository\org\springframework\spring-context\3.2.3.RELEASE\spring-context-3.2.3.RELEASE.jar;C:\Users\chq-jamesgl\.m2\repository\org\springframework\spring-core\3.2.3.RELEASE\spring-core-3.2.3.RELEASE.jar;C:\Users\chq-jamesgl\.m2\repository\commons-logging\commons-logging\1.1.1\commons-logging-1.1.1.jar;C:\Users\chq-jamesgl\.m2\repository\org\springframework\spring-expression\3.2.3.RELEASE\spring-expression-3.2.3.RELEASE.jar;C:\Users\chq-jamesgl\.m2\repository\org\springframework\spring-web\3.2.3.RELEASE\spring-web-3.2.3.RELEASE.jar;C:\Users\chq-jamesgl\.m2\repository\org\springframework\security\spring-security-web\3.2.3.RELEASE\spring-security-web-3.2.3.RELEASE.jar;C:\Users\chq-jamesgl\.m2\repository\aopalliance\aopalliance\1.0\aopalliance-1.0.jar;C:\Users\chq-jamesgl\.m2\repository\org\springframework\security\spring-security-core\3.2.3.RELEASE\spring-security-core-3.2.3.RELEASE.jar;C:\Users\chq-jamesgl\.m2\repository\org\springframework\security\spring-security-config\3.2.3.RELEASE\spring-security-config-3.2.3.RELEASE.jar;C:\Users\chq-jamesgl\.m2\repository\org\springframework\security\spring-security-taglibs\3.2.3.RELEASE\spring-security-taglibs-3.2.3.RELEASE.jar;C:\Users\chq-jamesgl\.m2\repository\org\springframework\security\spring-security-acl\3.2.3.RELEASE\spring-security-acl-3.2.3.RELEASE.jar;C:\Users\chq-jamesgl\.m2\repository\javax\servlet\jstl\1.2\jstl-1.2.jar;C:\Users\chq-jamesgl\.m2\repository\javax\servlet\servlet-api\2.5\servlet-api-2.5.jar;C:\Users\chq-jamesgl\.m2\repository\javax\servlet\jsp\jsp-api\2.2\jsp-api-2.2.jar;C:\Users\chq-jamesgl\.m2\repository\org\springframework\spring-tx\3.2.3.RELEASE\spring-tx-3.2.3.RELEASE.jar;C:\Users\chq-jamesgl\.m2\repository\org\springframework\spring-orm\3.2.3.RELEASE\spring-orm-3.2.3.RELEASE.jar;C:\Users\chq-jamesgl\.m2\repository\org\springframework\spring-jdbc\3.2.3.RELEASE\spring-jdbc-3.2.3.RELEASE.jar;C:\Users\chq-jamesgl\.m2\repository\org\springframework\spring-aop\3.2.3.RELEASE\spring-aop-3.2.3.RELEASE.jar;C:\Users\chq-jamesgl\.m2\repository\org\springframework\data\spring-data-jpa\1.3.1.RELEASE\spring-data-jpa-1.3.1.RELEASE.jar;C:\Users\chq-jamesgl\.m2\repository\org\springframework\data\spring-data-commons\1.5.1.RELEASE\spring-data-commons-1.5.1.RELEASE.jar;C:\Users\chq-jamesgl\.m2\repository\org\aspectj\aspectjrt\1.7.2\aspectjrt-1.7.2.jar;C:\Users\chq-jamesgl\.m2\repository\org\slf4j\jcl-over-slf4j\1.7.1\jcl-over-slf4j-1.7.1.jar;C:\Users\chq-jamesgl\.m2\repository\org\slf4j\slf4j-api\1.7.5\slf4j-api-1.7.5.jar;C:\Users\chq-jamesgl\.m2\repository\ch\qos\logback\logback-classic\1.0.13\logback-classic-1.0.13.jar;C:\Users\chq-jamesgl\.m2\repository\ch\qos\logback\logback-core\1.0.13\logback-core-1.0.13.jar;C:\Users\chq-jamesgl\.m2\repository\org\hibernate\hibernate-entitymanager\4.2.1.Final\hibernate-entitymanager-4.2.1.Final.jar;C:\Users\chq-jamesgl\.m2\repository\org\jboss\logging\jboss-logging\3.1.0.GA\jboss-logging-3.1.0.GA.jar;C:\Users\chq-jamesgl\.m2\repository\org\hibernate\hibernate-core\4.2.1.Final\hibernate-core-4.2.1.Final.jar;C:\Users\chq-jamesgl\.m2\repository\antlr\antlr\2.7.7\antlr-2.7.7.jar;C:\Users\chq-jamesgl\.m2\repository\dom4j\dom4j\1.6.1\dom4j-1.6.1.jar;C:\Users\chq-jamesgl\.m2\repository\org\jboss\spec\javax\transaction\jboss-transaction-api_1.1_spec\1.0.1.Final\jboss-transaction-api_1.1_spec-1.0.1.Final.jar;C:\Users\chq-jamesgl\.m2\repository\org\hibernate\javax\persistence\hibernate-jpa-2.0-api\1.0.1.Final\hibernate-jpa-2.0-api-1.0.1.Final.jar;C:\Users\chq-jamesgl\.m2\repository\org\javassist\javassist\3.15.0-GA\javassist-3.15.0-GA.jar;C:\Users\chq-jamesgl\.m2\repository\org\hibernate\common\hibernate-commons-annotations\4.0.1.Final\hibernate-commons-annotations-4.0.1.Final.jar;C:\Users\chq-jamesgl\.m2\repository\javax\validation\validation-api\1.1.0.Final\validation-api-1.1.0.Final.jar;C:\Users\chq-jamesgl\.m2\repository\org\hibernate\hibernate-validator\4.2.0.Final\hibernate-validator-4.2.0.Final.jar;C:\Users\chq-jamesgl\.m2\repository\org\hsqldb\hsqldb\2.2.4\hsqldb-2.2.4.jar;C:\Users\chq-jamesgl\.m2\repository\org\dbunit\dbunit\2.5.0\dbunit-2.5.0.jar;C:\Users\chq-jamesgl\.m2\repository\commons-collections\commons-collections\3.2.1\commons-collections-3.2.1.jar;C:\Users\chq-jamesgl\.m2\repository\com\github\springtestdbunit\spring-test-dbunit\1.2.0\spring-test-dbunit-1.2.0.jar;C:\Users\chq-jamesgl\.m2\repository\org\springframework\spring-test\3.2.3.RELEASE\spring-test-3.2.3.RELEASE.jar;C:\Users\chq-jamesgl\.m2\repository\org\hamcrest\hamcrest-all\1.3\hamcrest-all-1.3.jar;C:\Users\chq-jamesgl\.m2\repository\junit\junit\4.11\junit-4.11.jar;C:\Users\chq-jamesgl\.m2\repository\org\hamcrest\hamcrest-core\1.3\hamcrest-core-1.3.jar;C:\Users\chq-jamesgl\.m2\repository\org\mockito\mockito-core\1.9.5\mockito-core-1.9.5.jar;C:\Users\chq-jamesgl\.m2\repository\org\objenesis\objenesis\1.0\objenesis-1.0.jar;C:\Users\chq-jamesgl\.m2\repository\org\apache\derby\derbyclient\10.11.1.1\derbyclient-10.11.1.1.jar;C:\Users\chq-jamesgl\.m2\repository\org\sitemesh\sitemesh\3.0-alpha-2\sitemesh-3.0-alpha-2.jar;, hibernate.bytecode.use_reflection_optimizer=false, java.vm.specification.name=Java Virtual Machine Specification, java.vm.specification.version=1.8, sun.cpu.endian=little, sun.os.patch.level=Service Pack 1, hibernate.connection.provider_class=org.hibernate.ejb.connection.InjectedDataSourceConnectionProvider, surefire.test.class.path=C:\Users\chq-jamesgl\STS_work2\finalprojectgleixner\target\test-classes;C:\Users\chq-jamesgl\STS_work2\finalprojectgleixner\target\classes;C:\Users\chq-jamesgl\.m2\repository\org\springframework\spring-webmvc\3.2.3.RELEASE\spring-webmvc-3.2.3.RELEASE.jar;C:\Users\chq-jamesgl\.m2\repository\org\springframework\spring-beans\3.2.3.RELEASE\spring-beans-3.2.3.RELEASE.jar;C:\Users\chq-jamesgl\.m2\repository\org\springframework\spring-context\3.2.3.RELEASE\spring-context-3.2.3.RELEASE.jar;C:\Users\chq-jamesgl\.m2\repository\org\springframework\spring-core\3.2.3.RELEASE\spring-core-3.2.3.RELEASE.jar;C:\Users\chq-jamesgl\.m2\repository\commons-logging\commons-logging\1.1.1\commons-logging-1.1.1.jar;C:\Users\chq-jamesgl\.m2\repository\org\springframework\spring-expression\3.2.3.RELEASE\spring-expression-3.2.3.RELEASE.jar;C:\Users\chq-jamesgl\.m2\repository\org\springframework\spring-web\3.2.3.RELEASE\spring-web-3.2.3.RELEASE.jar;C:\Users\chq-jamesgl\.m2\repository\org\springframework\security\spring-security-web\3.2.3.RELEASE\spring-security-web-3.2.3.RELEASE.jar;C:\Users\chq-jamesgl\.m2\repository\aopalliance\aopalliance\1.0\aopalliance-1.0.jar;C:\Users\chq-jamesgl\.m2\repository\org\springframework\security\spring-security-core\3.2.3.RELEASE\spring-security-core-3.2.3.RELEASE.jar;C:\Users\chq-jamesgl\.m2\repository\org\springframework\security\spring-security-config\3.2.3.RELEASE\spring-security-config-3.2.3.RELEASE.jar;C:\Users\chq-jamesgl\.m2\repository\org\springframework\security\spring-security-taglibs\3.2.3.RELEASE\spring-security-taglibs-3.2.3.RELEASE.jar;C:\Users\chq-jamesgl\.m2\repository\org\springframework\security\spring-security-acl\3.2.3.RELEASE\spring-security-acl-3.2.3.RELEASE.jar;C:\Users\chq-jamesgl\.m2\repository\javax\servlet\jstl\1.2\jstl-1.2.jar;C:\Users\chq-jamesgl\.m2\repository\javax\servlet\servlet-api\2.5\servlet-api-2.5.jar;C:\Users\chq-jamesgl\.m2\repository\javax\servlet\jsp\jsp-api\2.2\jsp-api-2.2.jar;C:\Users\chq-jamesgl\.m2\repository\org\springframework\spring-tx\3.2.3.RELEASE\spring-tx-3.2.3.RELEASE.jar;C:\Users\chq-jamesgl\.m2\repository\org\springframework\spring-orm\3.2.3.RELEASE\spring-orm-3.2.3.RELEASE.jar;C:\Users\chq-jamesgl\.m2\repository\org\springframework\spring-jdbc\3.2.3.RELEASE\spring-jdbc-3.2.3.RELEASE.jar;C:\Users\chq-jamesgl\.m2\repository\org\springframework\spring-aop\3.2.3.RELEASE\spring-aop-3.2.3.RELEASE.jar;C:\Users\chq-jamesgl\.m2\repository\org\springframework\data\spring-data-jpa\1.3.1.RELEASE\spring-data-jpa-1.3.1.RELEASE.jar;C:\Users\chq-jamesgl\.m2\repository\org\springframework\data\spring-data-commons\1.5.1.RELEASE\spring-data-commons-1.5.1.RELEASE.jar;C:\Users\chq-jamesgl\.m2\repository\org\aspectj\aspectjrt\1.7.2\aspectjrt-1.7.2.jar;C:\Users\chq-jamesgl\.m2\repository\org\slf4j\jcl-over-slf4j\1.7.1\jcl-over-slf4j-1.7.1.jar;C:\Users\chq-jamesgl\.m2\repository\org\slf4j\slf4j-api\1.7.5\slf4j-api-1.7.5.jar;C:\Users\chq-jamesgl\.m2\repository\ch\qos\logback\logback-classic\1.0.13\logback-classic-1.0.13.jar;C:\Users\chq-jamesgl\.m2\repository\ch\qos\logback\logback-core\1.0.13\logback-core-1.0.13.jar;C:\Users\chq-jamesgl\.m2\repository\org\hibernate\hibernate-entitymanager\4.2.1.Final\hibernate-entitymanager-4.2.1.Final.jar;C:\Users\chq-jamesgl\.m2\repository\org\jboss\logging\jboss-logging\3.1.0.GA\jboss-logging-3.1.0.GA.jar;C:\Users\chq-jamesgl\.m2\repository\org\hibernate\hibernate-core\4.2.1.Final\hibernate-core-4.2.1.Final.jar;C:\Users\chq-jamesgl\.m2\repository\antlr\antlr\2.7.7\antlr-2.7.7.jar;C:\Users\chq-jamesgl\.m2\repository\dom4j\dom4j\1.6.1\dom4j-1.6.1.jar;C:\Users\chq-jamesgl\.m2\repository\org\jboss\spec\javax\transaction\jboss-transaction-api_1.1_spec\1.0.1.Final\jboss-transaction-api_1.1_spec-1.0.1.Final.jar;C:\Users\chq-jamesgl\.m2\repository\org\hibernate\javax\persistence\hibernate-jpa-2.0-api\1.0.1.Final\hibernate-jpa-2.0-api-1.0.1.Final.jar;C:\Users\chq-jamesgl\.m2\repository\org\javassist\javassist\3.15.0-GA\javassist-3.15.0-GA.jar;C:\Users\chq-jamesgl\.m2\repository\org\hibernate\common\hibernate-commons-annotations\4.0.1.Final\hibernate-commons-annotations-4.0.1.Final.jar;C:\Users\chq-jamesgl\.m2\repository\javax\validation\validation-api\1.1.0.Final\validation-api-1.1.0.Final.jar;C:\Users\chq-jamesgl\.m2\repository\org\hibernate\hibernate-validator\4.2.0.Final\hibernate-validator-4.2.0.Final.jar;C:\Users\chq-jamesgl\.m2\repository\org\hsqldb\hsqldb\2.2.4\hsqldb-2.2.4.jar;C:\Users\chq-jamesgl\.m2\repository\org\dbunit\dbunit\2.5.0\dbunit-2.5.0.jar;C:\Users\chq-jamesgl\.m2\repository\commons-collections\commons-collections\3.2.1\commons-collections-3.2.1.jar;C:\Users\chq-jamesgl\.m2\repository\com\github\springtestdbunit\spring-test-dbunit\1.2.0\spring-test-dbunit-1.2.0.jar;C:\Users\chq-jamesgl\.m2\repository\org\springframework\spring-test\3.2.3.RELEASE\spring-test-3.2.3.RELEASE.jar;C:\Users\chq-jamesgl\.m2\repository\org\hamcrest\hamcrest-all\1.3\hamcrest-all-1.3.jar;C:\Users\chq-jamesgl\.m2\repository\junit\junit\4.11\junit-4.11.jar;C:\Users\chq-jamesgl\.m2\repository\org\hamcrest\hamcrest-core\1.3\hamcrest-core-1.3.jar;C:\Users\chq-jamesgl\.m2\repository\org\mockito\mockito-core\1.9.5\mockito-core-1.9.5.jar;C:\Users\chq-jamesgl\.m2\repository\org\objenesis\objenesis\1.0\objenesis-1.0.jar;C:\Users\chq-jamesgl\.m2\repository\org\apache\derby\derbyclient\10.11.1.1\derbyclient-10.11.1.1.jar;C:\Users\chq-jamesgl\.m2\repository\org\sitemesh\sitemesh\3.0-alpha-2\sitemesh-3.0-alpha-2.jar;, java.io.tmpdir=C:\Users\CHQ-JA~1\AppData\Local\Temp\, java.vendor.url.bug=http://bugreport.sun.com/bugreport/, javax.persistence.sharedCache.mode=UNSPECIFIED, os.arch=amd64, java.awt.graphicsenv=sun.awt.Win32GraphicsEnvironment, java.ext.dirs=C:\Program Files\Java\jdk1.8.0_20\jre\lib\ext;C:\WINDOWS\Sun\Java\lib\ext, user.dir=C:\Users\chq-jamesgl\STS_work2\finalprojectgleixner, line.separator=
, java.vm.name=Java HotSpot(TM) 64-Bit Server VM, basedir=C:\Users\chq-jamesgl\STS_work2\finalprojectgleixner, file.encoding=Cp1252, hibernate.use_identifier_rollback=false, java.specification.version=1.8, hibernate.show_sql=true}
DEBUG DefaultTraversableResolver - Found javax.persistence.Persistence on classpath containing &apos;getPersistenceUtil&apos;. Assuming JPA 2 environment. Trying to instantiate JPA aware TraversableResolver
DEBUG DefaultTraversableResolver - Instantiated JPA aware TraversableResolver of type org.hibernate.validator.engine.resolver.JPATraversableResolver.
DEBUG ValidationXmlParser - Trying to load META-INF/validation.xml for XML based Validator configuration.
DEBUG ValidationXmlParser - No META-INF/validation.xml found. Using annotation based configuration only
DEBUG DefaultTraversableResolver - Found javax.persistence.Persistence on classpath containing &apos;getPersistenceUtil&apos;. Assuming JPA 2 environment. Trying to instantiate JPA aware TraversableResolver
DEBUG DefaultTraversableResolver - Instantiated JPA aware TraversableResolver of type org.hibernate.validator.engine.resolver.JPATraversableResolver.
DEBUG ValidationXmlParser - Trying to load META-INF/validation.xml for XML based Validator configuration.
DEBUG ValidationXmlParser - No META-INF/validation.xml found. Using annotation based configuration only
DEBUG ConstraintDescriptorImpl - Adding composing constraint: ConstraintDescriptorImpl{annotation=javax.validation.constraints.NotNull, payloads=[], hasComposingConstraints=true, isReportAsSingleInvalidConstraint=false, elementType=FIELD, definedOn=DEFINED_LOCALLY, groups=[interface javax.validation.groups.Default], attributes={message={javax.validation.constraints.NotNull.message}, groups=[Ljava.lang.Class;@3df978b9, payload=[Ljava.lang.Class;@7906578e}}
DEBUG ConstraintDescriptorImpl - Adding composing constraint: ConstraintDescriptorImpl{annotation=javax.validation.constraints.Size, payloads=[], hasComposingConstraints=true, isReportAsSingleInvalidConstraint=false, elementType=FIELD, definedOn=DEFINED_LOCALLY, groups=[interface javax.validation.groups.Default], attributes={groups=[Ljava.lang.Class;@61a91912, min=1, message={javax.validation.constraints.Size.message}, max=2147483647, payload=[Ljava.lang.Class;@1763992e}}
DEBUG ConstraintDescriptorImpl - Adding composing constraint: ConstraintDescriptorImpl{annotation=javax.validation.constraints.NotNull, payloads=[], hasComposingConstraints=true, isReportAsSingleInvalidConstraint=false, elementType=FIELD, definedOn=DEFINED_LOCALLY, groups=[interface javax.validation.groups.Default], attributes={message={javax.validation.constraints.NotNull.message}, groups=[Ljava.lang.Class;@30331109, payload=[Ljava.lang.Class;@2571066a}}
DEBUG ConstraintDescriptorImpl - Adding composing constraint: ConstraintDescriptorImpl{annotation=javax.validation.constraints.Size, payloads=[], hasComposingConstraints=true, isReportAsSingleInvalidConstraint=false, elementType=FIELD, definedOn=DEFINED_LOCALLY, groups=[interface javax.validation.groups.Default], attributes={groups=[Ljava.lang.Class;@4fe875be, min=1, message={javax.validation.constraints.Size.message}, max=2147483647, payload=[Ljava.lang.Class;@677b8e13}}
DEBUG ConstraintDescriptorImpl - Adding composing constraint: ConstraintDescriptorImpl{annotation=javax.validation.constraints.NotNull, payloads=[], hasComposingConstraints=true, isReportAsSingleInvalidConstraint=false, elementType=FIELD, definedOn=DEFINED_LOCALLY, groups=[interface javax.validation.groups.Default], attributes={message={javax.validation.constraints.NotNull.message}, groups=[Ljava.lang.Class;@4c27d39d, payload=[Ljava.lang.Class;@40ee0a22}}
DEBUG ConstraintDescriptorImpl - Adding composing constraint: ConstraintDescriptorImpl{annotation=javax.validation.constraints.Size, payloads=[], hasComposingConstraints=true, isReportAsSingleInvalidConstraint=false, elementType=FIELD, definedOn=DEFINED_LOCALLY, groups=[interface javax.validation.groups.Default], attributes={groups=[Ljava.lang.Class;@15923407, min=1, message={javax.validation.constraints.Size.message}, max=2147483647, payload=[Ljava.lang.Class;@67dba613}}
DEBUG ConstraintDescriptorImpl - Adding composing constraint: ConstraintDescriptorImpl{annotation=javax.validation.constraints.NotNull, payloads=[], hasComposingConstraints=true, isReportAsSingleInvalidConstraint=false, elementType=FIELD, definedOn=DEFINED_LOCALLY, groups=[interface javax.validation.groups.Default], attributes={message={javax.validation.constraints.NotNull.message}, groups=[Ljava.lang.Class;@55cff952, payload=[Ljava.lang.Class;@660591fb}}
DEBUG ConstraintDescriptorImpl - Adding composing constraint: ConstraintDescriptorImpl{annotation=javax.validation.constraints.Size, payloads=[], hasComposingConstraints=true, isReportAsSingleInvalidConstraint=false, elementType=FIELD, definedOn=DEFINED_LOCALLY, groups=[interface javax.validation.groups.Default], attributes={groups=[Ljava.lang.Class;@8c46918, min=1, message={javax.validation.constraints.Size.message}, max=2147483647, payload=[Ljava.lang.Class;@226b143b}}
DEBUG ConstraintDescriptorImpl - Adding composing constraint: ConstraintDescriptorImpl{annotation=javax.validation.constraints.NotNull, payloads=[], hasComposingConstraints=true, isReportAsSingleInvalidConstraint=false, elementType=FIELD, definedOn=DEFINED_LOCALLY, groups=[interface javax.validation.groups.Default], attributes={message={javax.validation.constraints.NotNull.message}, groups=[Ljava.lang.Class;@4abf3f0, payload=[Ljava.lang.Class;@4e4c3a38}}
DEBUG ConstraintDescriptorImpl - Adding composing constraint: ConstraintDescriptorImpl{annotation=javax.validation.constraints.Size, payloads=[], hasComposingConstraints=true, isReportAsSingleInvalidConstraint=false, elementType=FIELD, definedOn=DEFINED_LOCALLY, groups=[interface javax.validation.groups.Default], attributes={groups=[Ljava.lang.Class;@c27d163, min=1, message={javax.validation.constraints.Size.message}, max=2147483647, payload=[Ljava.lang.Class;@57c88764}}
DEBUG ConstraintDescriptorImpl - Adding composing constraint: ConstraintDescriptorImpl{annotation=javax.validation.constraints.NotNull, payloads=[], hasComposingConstraints=true, isReportAsSingleInvalidConstraint=false, elementType=FIELD, definedOn=DEFINED_LOCALLY, groups=[interface javax.validation.groups.Default], attributes={message={javax.validation.constraints.NotNull.message}, groups=[Ljava.lang.Class;@37fdfb05, payload=[Ljava.lang.Class;@5e39850}}
DEBUG ConstraintDescriptorImpl - Adding composing constraint: ConstraintDescriptorImpl{annotation=javax.validation.constraints.Size, payloads=[], hasComposingConstraints=true, isReportAsSingleInvalidConstraint=false, elementType=FIELD, definedOn=DEFINED_LOCALLY, groups=[interface javax.validation.groups.Default], attributes={groups=[Ljava.lang.Class;@398474a2, min=1, message={javax.validation.constraints.Size.message}, max=2147483647, payload=[Ljava.lang.Class;@61799544}}
DEBUG ConstraintDescriptorImpl - Adding composing constraint: ConstraintDescriptorImpl{annotation=javax.validation.constraints.NotNull, payloads=[], hasComposingConstraints=true, isReportAsSingleInvalidConstraint=false, elementType=FIELD, definedOn=DEFINED_LOCALLY, groups=[interface javax.validation.groups.Default], attributes={message={javax.validation.constraints.NotNull.message}, groups=[Ljava.lang.Class;@70abf9b0, payload=[Ljava.lang.Class;@6a10b263}}
DEBUG ConstraintDescriptorImpl - Adding composing constraint: ConstraintDescriptorImpl{annotation=javax.validation.constraints.Size, payloads=[], hasComposingConstraints=true, isReportAsSingleInvalidConstraint=false, elementType=FIELD, definedOn=DEFINED_LOCALLY, groups=[interface javax.validation.groups.Default], attributes={groups=[Ljava.lang.Class;@325bb9a6, min=1, message={javax.validation.constraints.Size.message}, max=2147483647, payload=[Ljava.lang.Class;@1d12b024}}
DEBUG DefaultIdentifierGeneratorFactory - Setting dialect [org.hibernate.dialect.HSQLDialect]
DEBUG DefaultIdentifierGeneratorFactory - Setting dialect [org.hibernate.dialect.HSQLDialect]
DEBUG DefaultIdentifierGeneratorFactory - Setting dialect [org.hibernate.dialect.HSQLDialect]
DEBUG DefaultIdentifierGeneratorFactory - Setting dialect [org.hibernate.dialect.HSQLDialect]
DEBUG DefaultIdentifierGeneratorFactory - Setting dialect [org.hibernate.dialect.HSQLDialect]
DEBUG DefaultIdentifierGeneratorFactory - Setting dialect [org.hibernate.dialect.HSQLDialect]
DEBUG DefaultIdentifierGeneratorFactory - Setting dialect [org.hibernate.dialect.HSQLDialect]
DEBUG DefaultIdentifierGeneratorFactory - Setting dialect [org.hibernate.dialect.HSQLDialect]
DEBUG AbstractEntityPersister - Static SQL for entity: com.expeditors.training.course3demo.model.PhoneNumber
DEBUG AbstractEntityPersister -  Version select: select PHONE_NUMBER_ID from PHONE_NUMBER where PHONE_NUMBER_ID =?
DEBUG AbstractEntityPersister -  Snapshot select: select phonenumbe_.PHONE_NUMBER_ID, phonenumbe_.CARD_ID as CARD3_3_, phonenumbe_.PHONE_NUMBER as PHONE2_3_ from PHONE_NUMBER phonenumbe_ where phonenumbe_.PHONE_NUMBER_ID=?
DEBUG AbstractEntityPersister -  Insert 0: insert into PHONE_NUMBER (CARD_ID, PHONE_NUMBER, PHONE_NUMBER_ID) values (?, ?, ?)
DEBUG AbstractEntityPersister -  Update 0: update PHONE_NUMBER set CARD_ID=?, PHONE_NUMBER=? where PHONE_NUMBER_ID=?
DEBUG AbstractEntityPersister -  Delete 0: delete from PHONE_NUMBER where PHONE_NUMBER_ID=?
DEBUG AbstractEntityPersister -  Identity insert: insert into PHONE_NUMBER (PHONE_NUMBER_ID, CARD_ID, PHONE_NUMBER) values (default, ?, ?)
DEBUG AbstractEntityPersister - Static SQL for entity: com.expeditors.training.course3demo.model.Shipment
DEBUG AbstractEntityPersister -  Version select: select SHIPMENT_ID from Shipment where SHIPMENT_ID =?
DEBUG AbstractEntityPersister -  Snapshot select: select shipment_.SHIPMENT_ID, shipment_.destination as destinat2_5_, shipment_.name as name3_5_, shipment_.origin as origin4_5_, shipment_.volume as volume5_5_ from Shipment shipment_ where shipment_.SHIPMENT_ID=?
DEBUG AbstractEntityPersister -  Insert 0: insert into Shipment (destination, name, origin, volume, SHIPMENT_ID) values (?, ?, ?, ?, ?)
DEBUG AbstractEntityPersister -  Update 0: update Shipment set destination=?, name=?, origin=?, volume=? where SHIPMENT_ID=?
DEBUG AbstractEntityPersister -  Delete 0: delete from Shipment where SHIPMENT_ID=?
DEBUG AbstractEntityPersister -  Identity insert: insert into Shipment (SHIPMENT_ID, destination, name, origin, volume) values (default, ?, ?, ?, ?)
DEBUG AbstractEntityPersister - Static SQL for entity: com.expeditors.training.course3demo.model.Card
DEBUG AbstractEntityPersister -  Version select: select CARD_ID from CARD where CARD_ID =?
DEBUG AbstractEntityPersister -  Snapshot select: select card_.CARD_ID, card_.address as address5_1_, card_.amount as amount2_1_, card_.CARD_NUMBER as CARD3_1_, card_.OWNER_NAME as OWNER4_1_ from CARD card_ where card_.CARD_ID=?
DEBUG AbstractEntityPersister -  Insert 0: insert into CARD (address, amount, CARD_NUMBER, OWNER_NAME, CARD_ID) values (?, ?, ?, ?, ?)
DEBUG AbstractEntityPersister -  Update 0: update CARD set address=?, amount=?, CARD_NUMBER=?, OWNER_NAME=? where CARD_ID=?
DEBUG AbstractEntityPersister -  Delete 0: delete from CARD where CARD_ID=?
DEBUG AbstractEntityPersister -  Identity insert: insert into CARD (CARD_ID, address, amount, CARD_NUMBER, OWNER_NAME) values (default, ?, ?, ?, ?)
DEBUG AbstractEntityPersister - Static SQL for entity: com.expeditors.training.course3demo.model.Container
DEBUG AbstractEntityPersister -  Version select: select CONTAINER_ID from Container where CONTAINER_ID =?
DEBUG AbstractEntityPersister -  Snapshot select: select container_.CONTAINER_ID, container_.capacity as capacity2_2_, container_.destination as destinat3_2_, container_.location as location4_2_, container_.name as name5_2_, container_.status as status6_2_ from Container container_ where container_.CONTAINER_ID=?
DEBUG AbstractEntityPersister -  Insert 0: insert into Container (capacity, destination, location, name, status, CONTAINER_ID) values (?, ?, ?, ?, ?, ?)
DEBUG AbstractEntityPersister -  Update 0: update Container set capacity=?, destination=?, location=?, name=?, status=? where CONTAINER_ID=?
DEBUG AbstractEntityPersister -  Delete 0: delete from Container where CONTAINER_ID=?
DEBUG AbstractEntityPersister -  Identity insert: insert into Container (CONTAINER_ID, capacity, destination, location, name, status) values (default, ?, ?, ?, ?, ?)
DEBUG AbstractEntityPersister - Static SQL for entity: com.expeditors.training.course3demo.model.UserRole
DEBUG AbstractEntityPersister -  Version select: select ROLE_ID from USERROLE where ROLE_ID =?
DEBUG AbstractEntityPersister -  Snapshot select: select userrole_.ROLE_ID, userrole_.ROLE_NAME as ROLE2_7_, userrole_.ROLE_OWNER as ROLE3_7_ from USERROLE userrole_ where userrole_.ROLE_ID=?
DEBUG AbstractEntityPersister -  Insert 0: insert into USERROLE (ROLE_NAME, ROLE_OWNER, ROLE_ID) values (?, ?, ?)
DEBUG AbstractEntityPersister -  Update 0: update USERROLE set ROLE_NAME=?, ROLE_OWNER=? where ROLE_ID=?
DEBUG AbstractEntityPersister -  Delete 0: delete from USERROLE where ROLE_ID=?
DEBUG AbstractEntityPersister -  Identity insert: insert into USERROLE (ROLE_ID, ROLE_NAME, ROLE_OWNER) values (default, ?, ?)
DEBUG AbstractEntityPersister - Static SQL for entity: com.expeditors.training.course3demo.model.Address
DEBUG AbstractEntityPersister -  Version select: select ADDRESS_ID from ADDRESS where ADDRESS_ID =?
DEBUG AbstractEntityPersister -  Snapshot select: select address_.ADDRESS_ID, address_.city as city2_0_, address_.state as state3_0_, address_.street as street4_0_ from ADDRESS address_ where address_.ADDRESS_ID=?
DEBUG AbstractEntityPersister -  Insert 0: insert into ADDRESS (city, state, street, ADDRESS_ID) values (?, ?, ?, ?)
DEBUG AbstractEntityPersister -  Update 0: update ADDRESS set city=?, state=?, street=? where ADDRESS_ID=?
DEBUG AbstractEntityPersister -  Delete 0: delete from ADDRESS where ADDRESS_ID=?
DEBUG AbstractEntityPersister -  Identity insert: insert into ADDRESS (ADDRESS_ID, city, state, street) values (default, ?, ?, ?)
DEBUG AbstractEntityPersister - Static SQL for entity: com.expeditors.training.course3demo.model.UserAccount
DEBUG AbstractEntityPersister -  Version select: select USER_ID from USERACCOUNT where USER_ID =?
DEBUG AbstractEntityPersister -  Snapshot select: select useraccoun_.USER_ID, useraccoun_.enabled as enabled2_6_, useraccoun_.password as password3_6_, useraccoun_.username as username4_6_ from USERACCOUNT useraccoun_ where useraccoun_.USER_ID=?
DEBUG AbstractEntityPersister -  Insert 0: insert into USERACCOUNT (enabled, password, username, USER_ID) values (?, ?, ?, ?)
DEBUG AbstractEntityPersister -  Update 0: update USERACCOUNT set enabled=?, password=?, username=? where USER_ID=?
DEBUG AbstractEntityPersister -  Delete 0: delete from USERACCOUNT where USER_ID=?
DEBUG AbstractEntityPersister -  Identity insert: insert into USERACCOUNT (USER_ID, enabled, password, username) values (default, ?, ?, ?)
DEBUG AbstractEntityPersister - Static SQL for entity: com.expeditors.training.course3demo.model.Product
DEBUG AbstractEntityPersister -  Version select: select PRODUCT_ID from PRODUCT where PRODUCT_ID =?
DEBUG AbstractEntityPersister -  Snapshot select: select product_.PRODUCT_ID, product_.description as descript2_4_, product_.name as name3_4_, product_.price as price4_4_ from PRODUCT product_ where product_.PRODUCT_ID=?
DEBUG AbstractEntityPersister -  Insert 0: insert into PRODUCT (description, name, price, PRODUCT_ID) values (?, ?, ?, ?)
DEBUG AbstractEntityPersister -  Update 0: update PRODUCT set description=?, name=?, price=? where PRODUCT_ID=?
DEBUG AbstractEntityPersister -  Delete 0: delete from PRODUCT where PRODUCT_ID=?
DEBUG AbstractEntityPersister -  Identity insert: insert into PRODUCT (PRODUCT_ID, description, name, price) values (default, ?, ?, ?)
DEBUG AbstractCollectionPersister - Static SQL for collection: com.expeditors.training.course3demo.model.Card.phoneNumbers
DEBUG AbstractCollectionPersister -  Row insert: update PHONE_NUMBER set CARD_ID=?, index=? where PHONE_NUMBER_ID=?
DEBUG AbstractCollectionPersister -  Row update: update PHONE_NUMBER set index=? where PHONE_NUMBER_ID=?
DEBUG AbstractCollectionPersister -  Row delete: update PHONE_NUMBER set CARD_ID=null, index=null where CARD_ID=? and PHONE_NUMBER_ID=?
DEBUG AbstractCollectionPersister -  One-shot delete: update PHONE_NUMBER set CARD_ID=null, index=null where CARD_ID=?
DEBUG AbstractCollectionPersister - Static SQL for collection: com.expeditors.training.course3demo.model.UserAccount.userRoles
DEBUG AbstractCollectionPersister -  Row insert: update USERROLE set ROLE_OWNER=? where ROLE_ID=?
DEBUG AbstractCollectionPersister -  Row update: update USERROLE set  where ROLE_ID=?
DEBUG AbstractCollectionPersister -  Row delete: update USERROLE set ROLE_OWNER=null where ROLE_OWNER=? and ROLE_ID=?
DEBUG AbstractCollectionPersister -  One-shot delete: update USERROLE set ROLE_OWNER=null where ROLE_OWNER=?
DEBUG Loader - Static select for entity com.expeditors.training.course3demo.model.PhoneNumber [NONE]: select phonenumbe0_.PHONE_NUMBER_ID as PHONE1_3_0_, phonenumbe0_.CARD_ID as CARD3_3_0_, phonenumbe0_.PHONE_NUMBER as PHONE2_3_0_ from PHONE_NUMBER phonenumbe0_ where phonenumbe0_.PHONE_NUMBER_ID=?
DEBUG Loader - Static select for entity com.expeditors.training.course3demo.model.PhoneNumber [READ]: select phonenumbe0_.PHONE_NUMBER_ID as PHONE1_3_0_, phonenumbe0_.CARD_ID as CARD3_3_0_, phonenumbe0_.PHONE_NUMBER as PHONE2_3_0_ from PHONE_NUMBER phonenumbe0_ where phonenumbe0_.PHONE_NUMBER_ID=?
DEBUG Loader - Static select for entity com.expeditors.training.course3demo.model.PhoneNumber [UPGRADE]: select phonenumbe0_.PHONE_NUMBER_ID as PHONE1_3_0_, phonenumbe0_.CARD_ID as CARD3_3_0_, phonenumbe0_.PHONE_NUMBER as PHONE2_3_0_ from PHONE_NUMBER phonenumbe0_ where phonenumbe0_.PHONE_NUMBER_ID=?
DEBUG Loader - Static select for entity com.expeditors.training.course3demo.model.PhoneNumber [UPGRADE_NOWAIT]: select phonenumbe0_.PHONE_NUMBER_ID as PHONE1_3_0_, phonenumbe0_.CARD_ID as CARD3_3_0_, phonenumbe0_.PHONE_NUMBER as PHONE2_3_0_ from PHONE_NUMBER phonenumbe0_ where phonenumbe0_.PHONE_NUMBER_ID=?
DEBUG Loader - Static select for entity com.expeditors.training.course3demo.model.PhoneNumber [FORCE]: select phonenumbe0_.PHONE_NUMBER_ID as PHONE1_3_0_, phonenumbe0_.CARD_ID as CARD3_3_0_, phonenumbe0_.PHONE_NUMBER as PHONE2_3_0_ from PHONE_NUMBER phonenumbe0_ where phonenumbe0_.PHONE_NUMBER_ID=?
DEBUG Loader - Static select for entity com.expeditors.training.course3demo.model.PhoneNumber [PESSIMISTIC_READ]: select phonenumbe0_.PHONE_NUMBER_ID as PHONE1_3_0_, phonenumbe0_.CARD_ID as CARD3_3_0_, phonenumbe0_.PHONE_NUMBER as PHONE2_3_0_ from PHONE_NUMBER phonenumbe0_ where phonenumbe0_.PHONE_NUMBER_ID=?
DEBUG Loader - Static select for entity com.expeditors.training.course3demo.model.PhoneNumber [PESSIMISTIC_WRITE]: select phonenumbe0_.PHONE_NUMBER_ID as PHONE1_3_0_, phonenumbe0_.CARD_ID as CARD3_3_0_, phonenumbe0_.PHONE_NUMBER as PHONE2_3_0_ from PHONE_NUMBER phonenumbe0_ where phonenumbe0_.PHONE_NUMBER_ID=?
DEBUG Loader - Static select for entity com.expeditors.training.course3demo.model.PhoneNumber [PESSIMISTIC_FORCE_INCREMENT]: select phonenumbe0_.PHONE_NUMBER_ID as PHONE1_3_0_, phonenumbe0_.CARD_ID as CARD3_3_0_, phonenumbe0_.PHONE_NUMBER as PHONE2_3_0_ from PHONE_NUMBER phonenumbe0_ where phonenumbe0_.PHONE_NUMBER_ID=?
DEBUG Loader - Static select for entity com.expeditors.training.course3demo.model.PhoneNumber [OPTIMISTIC]: select phonenumbe0_.PHONE_NUMBER_ID as PHONE1_3_0_, phonenumbe0_.CARD_ID as CARD3_3_0_, phonenumbe0_.PHONE_NUMBER as PHONE2_3_0_ from PHONE_NUMBER phonenumbe0_ where phonenumbe0_.PHONE_NUMBER_ID=?
DEBUG Loader - Static select for entity com.expeditors.training.course3demo.model.PhoneNumber [OPTIMISTIC_FORCE_INCREMENT]: select phonenumbe0_.PHONE_NUMBER_ID as PHONE1_3_0_, phonenumbe0_.CARD_ID as CARD3_3_0_, phonenumbe0_.PHONE_NUMBER as PHONE2_3_0_ from PHONE_NUMBER phonenumbe0_ where phonenumbe0_.PHONE_NUMBER_ID=?
DEBUG Loader - Static select for action ACTION_MERGE on entity com.expeditors.training.course3demo.model.PhoneNumber: select phonenumbe0_.PHONE_NUMBER_ID as PHONE1_3_0_, phonenumbe0_.CARD_ID as CARD3_3_0_, phonenumbe0_.PHONE_NUMBER as PHONE2_3_0_ from PHONE_NUMBER phonenumbe0_ where phonenumbe0_.PHONE_NUMBER_ID=?
DEBUG Loader - Static select for action ACTION_REFRESH on entity com.expeditors.training.course3demo.model.PhoneNumber: select phonenumbe0_.PHONE_NUMBER_ID as PHONE1_3_0_, phonenumbe0_.CARD_ID as CARD3_3_0_, phonenumbe0_.PHONE_NUMBER as PHONE2_3_0_ from PHONE_NUMBER phonenumbe0_ where phonenumbe0_.PHONE_NUMBER_ID=?
DEBUG Loader - Static select for entity com.expeditors.training.course3demo.model.Shipment [NONE]: select shipment0_.SHIPMENT_ID as SHIPMENT1_5_0_, shipment0_.destination as destinat2_5_0_, shipment0_.name as name3_5_0_, shipment0_.origin as origin4_5_0_, shipment0_.volume as volume5_5_0_ from Shipment shipment0_ where shipment0_.SHIPMENT_ID=?
DEBUG Loader - Static select for entity com.expeditors.training.course3demo.model.Shipment [READ]: select shipment0_.SHIPMENT_ID as SHIPMENT1_5_0_, shipment0_.destination as destinat2_5_0_, shipment0_.name as name3_5_0_, shipment0_.origin as origin4_5_0_, shipment0_.volume as volume5_5_0_ from Shipment shipment0_ where shipment0_.SHIPMENT_ID=?
DEBUG Loader - Static select for entity com.expeditors.training.course3demo.model.Shipment [UPGRADE]: select shipment0_.SHIPMENT_ID as SHIPMENT1_5_0_, shipment0_.destination as destinat2_5_0_, shipment0_.name as name3_5_0_, shipment0_.origin as origin4_5_0_, shipment0_.volume as volume5_5_0_ from Shipment shipment0_ where shipment0_.SHIPMENT_ID=?
DEBUG Loader - Static select for entity com.expeditors.training.course3demo.model.Shipment [UPGRADE_NOWAIT]: select shipment0_.SHIPMENT_ID as SHIPMENT1_5_0_, shipment0_.destination as destinat2_5_0_, shipment0_.name as name3_5_0_, shipment0_.origin as origin4_5_0_, shipment0_.volume as volume5_5_0_ from Shipment shipment0_ where shipment0_.SHIPMENT_ID=?
DEBUG Loader - Static select for entity com.expeditors.training.course3demo.model.Shipment [FORCE]: select shipment0_.SHIPMENT_ID as SHIPMENT1_5_0_, shipment0_.destination as destinat2_5_0_, shipment0_.name as name3_5_0_, shipment0_.origin as origin4_5_0_, shipment0_.volume as volume5_5_0_ from Shipment shipment0_ where shipment0_.SHIPMENT_ID=?
DEBUG Loader - Static select for entity com.expeditors.training.course3demo.model.Shipment [PESSIMISTIC_READ]: select shipment0_.SHIPMENT_ID as SHIPMENT1_5_0_, shipment0_.destination as destinat2_5_0_, shipment0_.name as name3_5_0_, shipment0_.origin as origin4_5_0_, shipment0_.volume as volume5_5_0_ from Shipment shipment0_ where shipment0_.SHIPMENT_ID=?
DEBUG Loader - Static select for entity com.expeditors.training.course3demo.model.Shipment [PESSIMISTIC_WRITE]: select shipment0_.SHIPMENT_ID as SHIPMENT1_5_0_, shipment0_.destination as destinat2_5_0_, shipment0_.name as name3_5_0_, shipment0_.origin as origin4_5_0_, shipment0_.volume as volume5_5_0_ from Shipment shipment0_ where shipment0_.SHIPMENT_ID=?
DEBUG Loader - Static select for entity com.expeditors.training.course3demo.model.Shipment [PESSIMISTIC_FORCE_INCREMENT]: select shipment0_.SHIPMENT_ID as SHIPMENT1_5_0_, shipment0_.destination as destinat2_5_0_, shipment0_.name as name3_5_0_, shipment0_.origin as origin4_5_0_, shipment0_.volume as volume5_5_0_ from Shipment shipment0_ where shipment0_.SHIPMENT_ID=?
DEBUG Loader - Static select for entity com.expeditors.training.course3demo.model.Shipment [OPTIMISTIC]: select shipment0_.SHIPMENT_ID as SHIPMENT1_5_0_, shipment0_.destination as destinat2_5_0_, shipment0_.name as name3_5_0_, shipment0_.origin as origin4_5_0_, shipment0_.volume as volume5_5_0_ from Shipment shipment0_ where shipment0_.SHIPMENT_ID=?
DEBUG Loader - Static select for entity com.expeditors.training.course3demo.model.Shipment [OPTIMISTIC_FORCE_INCREMENT]: select shipment0_.SHIPMENT_ID as SHIPMENT1_5_0_, shipment0_.destination as destinat2_5_0_, shipment0_.name as name3_5_0_, shipment0_.origin as origin4_5_0_, shipment0_.volume as volume5_5_0_ from Shipment shipment0_ where shipment0_.SHIPMENT_ID=?
DEBUG Loader - Static select for action ACTION_MERGE on entity com.expeditors.training.course3demo.model.Shipment: select shipment0_.SHIPMENT_ID as SHIPMENT1_5_0_, shipment0_.destination as destinat2_5_0_, shipment0_.name as name3_5_0_, shipment0_.origin as origin4_5_0_, shipment0_.volume as volume5_5_0_ from Shipment shipment0_ where shipment0_.SHIPMENT_ID=?
DEBUG Loader - Static select for action ACTION_REFRESH on entity com.expeditors.training.course3demo.model.Shipment: select shipment0_.SHIPMENT_ID as SHIPMENT1_5_0_, shipment0_.destination as destinat2_5_0_, shipment0_.name as name3_5_0_, shipment0_.origin as origin4_5_0_, shipment0_.volume as volume5_5_0_ from Shipment shipment0_ where shipment0_.SHIPMENT_ID=?
DEBUG Loader - Static select for entity com.expeditors.training.course3demo.model.Card [NONE]: select card0_.CARD_ID as CARD1_1_2_, card0_.address as address5_1_2_, card0_.amount as amount2_1_2_, card0_.CARD_NUMBER as CARD3_1_2_, card0_.OWNER_NAME as OWNER4_1_2_, address1_.ADDRESS_ID as ADDRESS1_0_0_, address1_.city as city2_0_0_, address1_.state as state3_0_0_, address1_.street as street4_0_0_, phonenumbe2_.CARD_ID as CARD3_1_4_, phonenumbe2_.PHONE_NUMBER_ID as PHONE1_3_4_, phonenumbe2_.index as index4_4_, phonenumbe2_.PHONE_NUMBER_ID as PHONE1_3_1_, phonenumbe2_.CARD_ID as CARD3_3_1_, phonenumbe2_.PHONE_NUMBER as PHONE2_3_1_ from CARD card0_ left outer join ADDRESS address1_ on card0_.address=address1_.ADDRESS_ID left outer join PHONE_NUMBER phonenumbe2_ on card0_.CARD_ID=phonenumbe2_.CARD_ID where card0_.CARD_ID=?
DEBUG Loader - Static select for entity com.expeditors.training.course3demo.model.Card [READ]: select card0_.CARD_ID as CARD1_1_2_, card0_.address as address5_1_2_, card0_.amount as amount2_1_2_, card0_.CARD_NUMBER as CARD3_1_2_, card0_.OWNER_NAME as OWNER4_1_2_, address1_.ADDRESS_ID as ADDRESS1_0_0_, address1_.city as city2_0_0_, address1_.state as state3_0_0_, address1_.street as street4_0_0_, phonenumbe2_.CARD_ID as CARD3_1_4_, phonenumbe2_.PHONE_NUMBER_ID as PHONE1_3_4_, phonenumbe2_.index as index4_4_, phonenumbe2_.PHONE_NUMBER_ID as PHONE1_3_1_, phonenumbe2_.CARD_ID as CARD3_3_1_, phonenumbe2_.PHONE_NUMBER as PHONE2_3_1_ from CARD card0_ left outer join ADDRESS address1_ on card0_.address=address1_.ADDRESS_ID left outer join PHONE_NUMBER phonenumbe2_ on card0_.CARD_ID=phonenumbe2_.CARD_ID where card0_.CARD_ID=?
DEBUG Loader - Static select for entity com.expeditors.training.course3demo.model.Card [UPGRADE]: select card0_.CARD_ID as CARD1_1_0_, card0_.address as address5_1_0_, card0_.amount as amount2_1_0_, card0_.CARD_NUMBER as CARD3_1_0_, card0_.OWNER_NAME as OWNER4_1_0_ from CARD card0_ where card0_.CARD_ID=?
DEBUG Loader - Static select for entity com.expeditors.training.course3demo.model.Card [UPGRADE_NOWAIT]: select card0_.CARD_ID as CARD1_1_0_, card0_.address as address5_1_0_, card0_.amount as amount2_1_0_, card0_.CARD_NUMBER as CARD3_1_0_, card0_.OWNER_NAME as OWNER4_1_0_ from CARD card0_ where card0_.CARD_ID=?
DEBUG Loader - Static select for entity com.expeditors.training.course3demo.model.Card [FORCE]: select card0_.CARD_ID as CARD1_1_0_, card0_.address as address5_1_0_, card0_.amount as amount2_1_0_, card0_.CARD_NUMBER as CARD3_1_0_, card0_.OWNER_NAME as OWNER4_1_0_ from CARD card0_ where card0_.CARD_ID=?
DEBUG Loader - Static select for entity com.expeditors.training.course3demo.model.Card [PESSIMISTIC_READ]: select card0_.CARD_ID as CARD1_1_0_, card0_.address as address5_1_0_, card0_.amount as amount2_1_0_, card0_.CARD_NUMBER as CARD3_1_0_, card0_.OWNER_NAME as OWNER4_1_0_ from CARD card0_ where card0_.CARD_ID=?
DEBUG Loader - Static select for entity com.expeditors.training.course3demo.model.Card [PESSIMISTIC_WRITE]: select card0_.CARD_ID as CARD1_1_0_, card0_.address as address5_1_0_, card0_.amount as amount2_1_0_, card0_.CARD_NUMBER as CARD3_1_0_, card0_.OWNER_NAME as OWNER4_1_0_ from CARD card0_ where card0_.CARD_ID=?
DEBUG Loader - Static select for entity com.expeditors.training.course3demo.model.Card [PESSIMISTIC_FORCE_INCREMENT]: select card0_.CARD_ID as CARD1_1_0_, card0_.address as address5_1_0_, card0_.amount as amount2_1_0_, card0_.CARD_NUMBER as CARD3_1_0_, card0_.OWNER_NAME as OWNER4_1_0_ from CARD card0_ where card0_.CARD_ID=?
DEBUG Loader - Static select for entity com.expeditors.training.course3demo.model.Card [OPTIMISTIC]: select card0_.CARD_ID as CARD1_1_0_, card0_.address as address5_1_0_, card0_.amount as amount2_1_0_, card0_.CARD_NUMBER as CARD3_1_0_, card0_.OWNER_NAME as OWNER4_1_0_ from CARD card0_ where card0_.CARD_ID=?
DEBUG Loader - Static select for entity com.expeditors.training.course3demo.model.Card [OPTIMISTIC_FORCE_INCREMENT]: select card0_.CARD_ID as CARD1_1_0_, card0_.address as address5_1_0_, card0_.amount as amount2_1_0_, card0_.CARD_NUMBER as CARD3_1_0_, card0_.OWNER_NAME as OWNER4_1_0_ from CARD card0_ where card0_.CARD_ID=?
DEBUG Loader - Static select for action ACTION_MERGE on entity com.expeditors.training.course3demo.model.Card: select card0_.CARD_ID as CARD1_1_2_, card0_.address as address5_1_2_, card0_.amount as amount2_1_2_, card0_.CARD_NUMBER as CARD3_1_2_, card0_.OWNER_NAME as OWNER4_1_2_, address1_.ADDRESS_ID as ADDRESS1_0_0_, address1_.city as city2_0_0_, address1_.state as state3_0_0_, address1_.street as street4_0_0_, phonenumbe2_.CARD_ID as CARD3_1_4_, phonenumbe2_.PHONE_NUMBER_ID as PHONE1_3_4_, phonenumbe2_.index as index4_4_, phonenumbe2_.PHONE_NUMBER_ID as PHONE1_3_1_, phonenumbe2_.CARD_ID as CARD3_3_1_, phonenumbe2_.PHONE_NUMBER as PHONE2_3_1_ from CARD card0_ left outer join ADDRESS address1_ on card0_.address=address1_.ADDRESS_ID left outer join PHONE_NUMBER phonenumbe2_ on card0_.CARD_ID=phonenumbe2_.CARD_ID where card0_.CARD_ID=?
DEBUG Loader - Static select for action ACTION_REFRESH on entity com.expeditors.training.course3demo.model.Card: select card0_.CARD_ID as CARD1_1_2_, card0_.address as address5_1_2_, card0_.amount as amount2_1_2_, card0_.CARD_NUMBER as CARD3_1_2_, card0_.OWNER_NAME as OWNER4_1_2_, address1_.ADDRESS_ID as ADDRESS1_0_0_, address1_.city as city2_0_0_, address1_.state as state3_0_0_, address1_.street as street4_0_0_, phonenumbe2_.CARD_ID as CARD3_1_4_, phonenumbe2_.PHONE_NUMBER_ID as PHONE1_3_4_, phonenumbe2_.index as index4_4_, phonenumbe2_.PHONE_NUMBER_ID as PHONE1_3_1_, phonenumbe2_.CARD_ID as CARD3_3_1_, phonenumbe2_.PHONE_NUMBER as PHONE2_3_1_ from CARD card0_ left outer join ADDRESS address1_ on card0_.address=address1_.ADDRESS_ID left outer join PHONE_NUMBER phonenumbe2_ on card0_.CARD_ID=phonenumbe2_.CARD_ID where card0_.CARD_ID=?
DEBUG Loader - Static select for entity com.expeditors.training.course3demo.model.Container [NONE]: select container0_.CONTAINER_ID as CONTAINE1_2_0_, container0_.capacity as capacity2_2_0_, container0_.destination as destinat3_2_0_, container0_.location as location4_2_0_, container0_.name as name5_2_0_, container0_.status as status6_2_0_ from Container container0_ where container0_.CONTAINER_ID=?
DEBUG Loader - Static select for entity com.expeditors.training.course3demo.model.Container [READ]: select container0_.CONTAINER_ID as CONTAINE1_2_0_, container0_.capacity as capacity2_2_0_, container0_.destination as destinat3_2_0_, container0_.location as location4_2_0_, container0_.name as name5_2_0_, container0_.status as status6_2_0_ from Container container0_ where container0_.CONTAINER_ID=?
DEBUG Loader - Static select for entity com.expeditors.training.course3demo.model.Container [UPGRADE]: select container0_.CONTAINER_ID as CONTAINE1_2_0_, container0_.capacity as capacity2_2_0_, container0_.destination as destinat3_2_0_, container0_.location as location4_2_0_, container0_.name as name5_2_0_, container0_.status as status6_2_0_ from Container container0_ where container0_.CONTAINER_ID=?
DEBUG Loader - Static select for entity com.expeditors.training.course3demo.model.Container [UPGRADE_NOWAIT]: select container0_.CONTAINER_ID as CONTAINE1_2_0_, container0_.capacity as capacity2_2_0_, container0_.destination as destinat3_2_0_, container0_.location as location4_2_0_, container0_.name as name5_2_0_, container0_.status as status6_2_0_ from Container container0_ where container0_.CONTAINER_ID=?
DEBUG Loader - Static select for entity com.expeditors.training.course3demo.model.Container [FORCE]: select container0_.CONTAINER_ID as CONTAINE1_2_0_, container0_.capacity as capacity2_2_0_, container0_.destination as destinat3_2_0_, container0_.location as location4_2_0_, container0_.name as name5_2_0_, container0_.status as status6_2_0_ from Container container0_ where container0_.CONTAINER_ID=?
DEBUG Loader - Static select for entity com.expeditors.training.course3demo.model.Container [PESSIMISTIC_READ]: select container0_.CONTAINER_ID as CONTAINE1_2_0_, container0_.capacity as capacity2_2_0_, container0_.destination as destinat3_2_0_, container0_.location as location4_2_0_, container0_.name as name5_2_0_, container0_.status as status6_2_0_ from Container container0_ where container0_.CONTAINER_ID=?
DEBUG Loader - Static select for entity com.expeditors.training.course3demo.model.Container [PESSIMISTIC_WRITE]: select container0_.CONTAINER_ID as CONTAINE1_2_0_, container0_.capacity as capacity2_2_0_, container0_.destination as destinat3_2_0_, container0_.location as location4_2_0_, container0_.name as name5_2_0_, container0_.status as status6_2_0_ from Container container0_ where container0_.CONTAINER_ID=?
DEBUG Loader - Static select for entity com.expeditors.training.course3demo.model.Container [PESSIMISTIC_FORCE_INCREMENT]: select container0_.CONTAINER_ID as CONTAINE1_2_0_, container0_.capacity as capacity2_2_0_, container0_.destination as destinat3_2_0_, container0_.location as location4_2_0_, container0_.name as name5_2_0_, container0_.status as status6_2_0_ from Container container0_ where container0_.CONTAINER_ID=?
DEBUG Loader - Static select for entity com.expeditors.training.course3demo.model.Container [OPTIMISTIC]: select container0_.CONTAINER_ID as CONTAINE1_2_0_, container0_.capacity as capacity2_2_0_, container0_.destination as destinat3_2_0_, container0_.location as location4_2_0_, container0_.name as name5_2_0_, container0_.status as status6_2_0_ from Container container0_ where container0_.CONTAINER_ID=?
DEBUG Loader - Static select for entity com.expeditors.training.course3demo.model.Container [OPTIMISTIC_FORCE_INCREMENT]: select container0_.CONTAINER_ID as CONTAINE1_2_0_, container0_.capacity as capacity2_2_0_, container0_.destination as destinat3_2_0_, container0_.location as location4_2_0_, container0_.name as name5_2_0_, container0_.status as status6_2_0_ from Container container0_ where container0_.CONTAINER_ID=?
DEBUG Loader - Static select for action ACTION_MERGE on entity com.expeditors.training.course3demo.model.Container: select container0_.CONTAINER_ID as CONTAINE1_2_0_, container0_.capacity as capacity2_2_0_, container0_.destination as destinat3_2_0_, container0_.location as location4_2_0_, container0_.name as name5_2_0_, container0_.status as status6_2_0_ from Container container0_ where container0_.CONTAINER_ID=?
DEBUG Loader - Static select for action ACTION_REFRESH on entity com.expeditors.training.course3demo.model.Container: select container0_.CONTAINER_ID as CONTAINE1_2_0_, container0_.capacity as capacity2_2_0_, container0_.destination as destinat3_2_0_, container0_.location as location4_2_0_, container0_.name as name5_2_0_, container0_.status as status6_2_0_ from Container container0_ where container0_.CONTAINER_ID=?
DEBUG Loader - Static select for entity com.expeditors.training.course3demo.model.UserRole [NONE]: select userrole0_.ROLE_ID as ROLE1_7_0_, userrole0_.ROLE_NAME as ROLE2_7_0_, userrole0_.ROLE_OWNER as ROLE3_7_0_ from USERROLE userrole0_ where userrole0_.ROLE_ID=?
DEBUG Loader - Static select for entity com.expeditors.training.course3demo.model.UserRole [READ]: select userrole0_.ROLE_ID as ROLE1_7_0_, userrole0_.ROLE_NAME as ROLE2_7_0_, userrole0_.ROLE_OWNER as ROLE3_7_0_ from USERROLE userrole0_ where userrole0_.ROLE_ID=?
DEBUG Loader - Static select for entity com.expeditors.training.course3demo.model.UserRole [UPGRADE]: select userrole0_.ROLE_ID as ROLE1_7_0_, userrole0_.ROLE_NAME as ROLE2_7_0_, userrole0_.ROLE_OWNER as ROLE3_7_0_ from USERROLE userrole0_ where userrole0_.ROLE_ID=?
DEBUG Loader - Static select for entity com.expeditors.training.course3demo.model.UserRole [UPGRADE_NOWAIT]: select userrole0_.ROLE_ID as ROLE1_7_0_, userrole0_.ROLE_NAME as ROLE2_7_0_, userrole0_.ROLE_OWNER as ROLE3_7_0_ from USERROLE userrole0_ where userrole0_.ROLE_ID=?
DEBUG Loader - Static select for entity com.expeditors.training.course3demo.model.UserRole [FORCE]: select userrole0_.ROLE_ID as ROLE1_7_0_, userrole0_.ROLE_NAME as ROLE2_7_0_, userrole0_.ROLE_OWNER as ROLE3_7_0_ from USERROLE userrole0_ where userrole0_.ROLE_ID=?
DEBUG Loader - Static select for entity com.expeditors.training.course3demo.model.UserRole [PESSIMISTIC_READ]: select userrole0_.ROLE_ID as ROLE1_7_0_, userrole0_.ROLE_NAME as ROLE2_7_0_, userrole0_.ROLE_OWNER as ROLE3_7_0_ from USERROLE userrole0_ where userrole0_.ROLE_ID=?
DEBUG Loader - Static select for entity com.expeditors.training.course3demo.model.UserRole [PESSIMISTIC_WRITE]: select userrole0_.ROLE_ID as ROLE1_7_0_, userrole0_.ROLE_NAME as ROLE2_7_0_, userrole0_.ROLE_OWNER as ROLE3_7_0_ from USERROLE userrole0_ where userrole0_.ROLE_ID=?
DEBUG Loader - Static select for entity com.expeditors.training.course3demo.model.UserRole [PESSIMISTIC_FORCE_INCREMENT]: select userrole0_.ROLE_ID as ROLE1_7_0_, userrole0_.ROLE_NAME as ROLE2_7_0_, userrole0_.ROLE_OWNER as ROLE3_7_0_ from USERROLE userrole0_ where userrole0_.ROLE_ID=?
DEBUG Loader - Static select for entity com.expeditors.training.course3demo.model.UserRole [OPTIMISTIC]: select userrole0_.ROLE_ID as ROLE1_7_0_, userrole0_.ROLE_NAME as ROLE2_7_0_, userrole0_.ROLE_OWNER as ROLE3_7_0_ from USERROLE userrole0_ where userrole0_.ROLE_ID=?
DEBUG Loader - Static select for entity com.expeditors.training.course3demo.model.UserRole [OPTIMISTIC_FORCE_INCREMENT]: select userrole0_.ROLE_ID as ROLE1_7_0_, userrole0_.ROLE_NAME as ROLE2_7_0_, userrole0_.ROLE_OWNER as ROLE3_7_0_ from USERROLE userrole0_ where userrole0_.ROLE_ID=?
DEBUG Loader - Static select for action ACTION_MERGE on entity com.expeditors.training.course3demo.model.UserRole: select userrole0_.ROLE_ID as ROLE1_7_0_, userrole0_.ROLE_NAME as ROLE2_7_0_, userrole0_.ROLE_OWNER as ROLE3_7_0_ from USERROLE userrole0_ where userrole0_.ROLE_ID=?
DEBUG Loader - Static select for action ACTION_REFRESH on entity com.expeditors.training.course3demo.model.UserRole: select userrole0_.ROLE_ID as ROLE1_7_0_, userrole0_.ROLE_NAME as ROLE2_7_0_, userrole0_.ROLE_OWNER as ROLE3_7_0_ from USERROLE userrole0_ where userrole0_.ROLE_ID=?
DEBUG Loader - Static select for entity com.expeditors.training.course3demo.model.Address [NONE]: select address0_.ADDRESS_ID as ADDRESS1_0_0_, address0_.city as city2_0_0_, address0_.state as state3_0_0_, address0_.street as street4_0_0_ from ADDRESS address0_ where address0_.ADDRESS_ID=?
DEBUG Loader - Static select for entity com.expeditors.training.course3demo.model.Address [READ]: select address0_.ADDRESS_ID as ADDRESS1_0_0_, address0_.city as city2_0_0_, address0_.state as state3_0_0_, address0_.street as street4_0_0_ from ADDRESS address0_ where address0_.ADDRESS_ID=?
DEBUG Loader - Static select for entity com.expeditors.training.course3demo.model.Address [UPGRADE]: select address0_.ADDRESS_ID as ADDRESS1_0_0_, address0_.city as city2_0_0_, address0_.state as state3_0_0_, address0_.street as street4_0_0_ from ADDRESS address0_ where address0_.ADDRESS_ID=?
DEBUG Loader - Static select for entity com.expeditors.training.course3demo.model.Address [UPGRADE_NOWAIT]: select address0_.ADDRESS_ID as ADDRESS1_0_0_, address0_.city as city2_0_0_, address0_.state as state3_0_0_, address0_.street as street4_0_0_ from ADDRESS address0_ where address0_.ADDRESS_ID=?
DEBUG Loader - Static select for entity com.expeditors.training.course3demo.model.Address [FORCE]: select address0_.ADDRESS_ID as ADDRESS1_0_0_, address0_.city as city2_0_0_, address0_.state as state3_0_0_, address0_.street as street4_0_0_ from ADDRESS address0_ where address0_.ADDRESS_ID=?
DEBUG Loader - Static select for entity com.expeditors.training.course3demo.model.Address [PESSIMISTIC_READ]: select address0_.ADDRESS_ID as ADDRESS1_0_0_, address0_.city as city2_0_0_, address0_.state as state3_0_0_, address0_.street as street4_0_0_ from ADDRESS address0_ where address0_.ADDRESS_ID=?
DEBUG Loader - Static select for entity com.expeditors.training.course3demo.model.Address [PESSIMISTIC_WRITE]: select address0_.ADDRESS_ID as ADDRESS1_0_0_, address0_.city as city2_0_0_, address0_.state as state3_0_0_, address0_.street as street4_0_0_ from ADDRESS address0_ where address0_.ADDRESS_ID=?
DEBUG Loader - Static select for entity com.expeditors.training.course3demo.model.Address [PESSIMISTIC_FORCE_INCREMENT]: select address0_.ADDRESS_ID as ADDRESS1_0_0_, address0_.city as city2_0_0_, address0_.state as state3_0_0_, address0_.street as street4_0_0_ from ADDRESS address0_ where address0_.ADDRESS_ID=?
DEBUG Loader - Static select for entity com.expeditors.training.course3demo.model.Address [OPTIMISTIC]: select address0_.ADDRESS_ID as ADDRESS1_0_0_, address0_.city as city2_0_0_, address0_.state as state3_0_0_, address0_.street as street4_0_0_ from ADDRESS address0_ where address0_.ADDRESS_ID=?
DEBUG Loader - Static select for entity com.expeditors.training.course3demo.model.Address [OPTIMISTIC_FORCE_INCREMENT]: select address0_.ADDRESS_ID as ADDRESS1_0_0_, address0_.city as city2_0_0_, address0_.state as state3_0_0_, address0_.street as street4_0_0_ from ADDRESS address0_ where address0_.ADDRESS_ID=?
DEBUG Loader - Static select for action ACTION_MERGE on entity com.expeditors.training.course3demo.model.Address: select address0_.ADDRESS_ID as ADDRESS1_0_0_, address0_.city as city2_0_0_, address0_.state as state3_0_0_, address0_.street as street4_0_0_ from ADDRESS address0_ where address0_.ADDRESS_ID=?
DEBUG Loader - Static select for action ACTION_REFRESH on entity com.expeditors.training.course3demo.model.Address: select address0_.ADDRESS_ID as ADDRESS1_0_0_, address0_.city as city2_0_0_, address0_.state as state3_0_0_, address0_.street as street4_0_0_ from ADDRESS address0_ where address0_.ADDRESS_ID=?
DEBUG Loader - Static select for entity com.expeditors.training.course3demo.model.UserAccount [NONE]: select useraccoun0_.USER_ID as USER1_6_1_, useraccoun0_.enabled as enabled2_6_1_, useraccoun0_.password as password3_6_1_, useraccoun0_.username as username4_6_1_, userroles1_.ROLE_OWNER as ROLE3_6_3_, userroles1_.ROLE_ID as ROLE1_7_3_, userroles1_.ROLE_ID as ROLE1_7_0_, userroles1_.ROLE_NAME as ROLE2_7_0_, userroles1_.ROLE_OWNER as ROLE3_7_0_ from USERACCOUNT useraccoun0_ left outer join USERROLE userroles1_ on useraccoun0_.USER_ID=userroles1_.ROLE_OWNER where useraccoun0_.USER_ID=?
DEBUG Loader - Static select for entity com.expeditors.training.course3demo.model.UserAccount [READ]: select useraccoun0_.USER_ID as USER1_6_1_, useraccoun0_.enabled as enabled2_6_1_, useraccoun0_.password as password3_6_1_, useraccoun0_.username as username4_6_1_, userroles1_.ROLE_OWNER as ROLE3_6_3_, userroles1_.ROLE_ID as ROLE1_7_3_, userroles1_.ROLE_ID as ROLE1_7_0_, userroles1_.ROLE_NAME as ROLE2_7_0_, userroles1_.ROLE_OWNER as ROLE3_7_0_ from USERACCOUNT useraccoun0_ left outer join USERROLE userroles1_ on useraccoun0_.USER_ID=userroles1_.ROLE_OWNER where useraccoun0_.USER_ID=?
DEBUG Loader - Static select for entity com.expeditors.training.course3demo.model.UserAccount [UPGRADE]: select useraccoun0_.USER_ID as USER1_6_0_, useraccoun0_.enabled as enabled2_6_0_, useraccoun0_.password as password3_6_0_, useraccoun0_.username as username4_6_0_ from USERACCOUNT useraccoun0_ where useraccoun0_.USER_ID=?
DEBUG Loader - Static select for entity com.expeditors.training.course3demo.model.UserAccount [UPGRADE_NOWAIT]: select useraccoun0_.USER_ID as USER1_6_0_, useraccoun0_.enabled as enabled2_6_0_, useraccoun0_.password as password3_6_0_, useraccoun0_.username as username4_6_0_ from USERACCOUNT useraccoun0_ where useraccoun0_.USER_ID=?
DEBUG Loader - Static select for entity com.expeditors.training.course3demo.model.UserAccount [FORCE]: select useraccoun0_.USER_ID as USER1_6_0_, useraccoun0_.enabled as enabled2_6_0_, useraccoun0_.password as password3_6_0_, useraccoun0_.username as username4_6_0_ from USERACCOUNT useraccoun0_ where useraccoun0_.USER_ID=?
DEBUG Loader - Static select for entity com.expeditors.training.course3demo.model.UserAccount [PESSIMISTIC_READ]: select useraccoun0_.USER_ID as USER1_6_0_, useraccoun0_.enabled as enabled2_6_0_, useraccoun0_.password as password3_6_0_, useraccoun0_.username as username4_6_0_ from USERACCOUNT useraccoun0_ where useraccoun0_.USER_ID=?
DEBUG Loader - Static select for entity com.expeditors.training.course3demo.model.UserAccount [PESSIMISTIC_WRITE]: select useraccoun0_.USER_ID as USER1_6_0_, useraccoun0_.enabled as enabled2_6_0_, useraccoun0_.password as password3_6_0_, useraccoun0_.username as username4_6_0_ from USERACCOUNT useraccoun0_ where useraccoun0_.USER_ID=?
DEBUG Loader - Static select for entity com.expeditors.training.course3demo.model.UserAccount [PESSIMISTIC_FORCE_INCREMENT]: select useraccoun0_.USER_ID as USER1_6_0_, useraccoun0_.enabled as enabled2_6_0_, useraccoun0_.password as password3_6_0_, useraccoun0_.username as username4_6_0_ from USERACCOUNT useraccoun0_ where useraccoun0_.USER_ID=?
DEBUG Loader - Static select for entity com.expeditors.training.course3demo.model.UserAccount [OPTIMISTIC]: select useraccoun0_.USER_ID as USER1_6_0_, useraccoun0_.enabled as enabled2_6_0_, useraccoun0_.password as password3_6_0_, useraccoun0_.username as username4_6_0_ from USERACCOUNT useraccoun0_ where useraccoun0_.USER_ID=?
DEBUG Loader - Static select for entity com.expeditors.training.course3demo.model.UserAccount [OPTIMISTIC_FORCE_INCREMENT]: select useraccoun0_.USER_ID as USER1_6_0_, useraccoun0_.enabled as enabled2_6_0_, useraccoun0_.password as password3_6_0_, useraccoun0_.username as username4_6_0_ from USERACCOUNT useraccoun0_ where useraccoun0_.USER_ID=?
DEBUG Loader - Static select for action ACTION_MERGE on entity com.expeditors.training.course3demo.model.UserAccount: select useraccoun0_.USER_ID as USER1_6_1_, useraccoun0_.enabled as enabled2_6_1_, useraccoun0_.password as password3_6_1_, useraccoun0_.username as username4_6_1_, userroles1_.ROLE_OWNER as ROLE3_6_3_, userroles1_.ROLE_ID as ROLE1_7_3_, userroles1_.ROLE_ID as ROLE1_7_0_, userroles1_.ROLE_NAME as ROLE2_7_0_, userroles1_.ROLE_OWNER as ROLE3_7_0_ from USERACCOUNT useraccoun0_ left outer join USERROLE userroles1_ on useraccoun0_.USER_ID=userroles1_.ROLE_OWNER where useraccoun0_.USER_ID=?
DEBUG Loader - Static select for action ACTION_REFRESH on entity com.expeditors.training.course3demo.model.UserAccount: select useraccoun0_.USER_ID as USER1_6_1_, useraccoun0_.enabled as enabled2_6_1_, useraccoun0_.password as password3_6_1_, useraccoun0_.username as username4_6_1_, userroles1_.ROLE_OWNER as ROLE3_6_3_, userroles1_.ROLE_ID as ROLE1_7_3_, userroles1_.ROLE_ID as ROLE1_7_0_, userroles1_.ROLE_NAME as ROLE2_7_0_, userroles1_.ROLE_OWNER as ROLE3_7_0_ from USERACCOUNT useraccoun0_ left outer join USERROLE userroles1_ on useraccoun0_.USER_ID=userroles1_.ROLE_OWNER where useraccoun0_.USER_ID=?
DEBUG Loader - Static select for entity com.expeditors.training.course3demo.model.Product [NONE]: select product0_.PRODUCT_ID as PRODUCT1_4_0_, product0_.description as descript2_4_0_, product0_.name as name3_4_0_, product0_.price as price4_4_0_ from PRODUCT product0_ where product0_.PRODUCT_ID=?
DEBUG Loader - Static select for entity com.expeditors.training.course3demo.model.Product [READ]: select product0_.PRODUCT_ID as PRODUCT1_4_0_, product0_.description as descript2_4_0_, product0_.name as name3_4_0_, product0_.price as price4_4_0_ from PRODUCT product0_ where product0_.PRODUCT_ID=?
DEBUG Loader - Static select for entity com.expeditors.training.course3demo.model.Product [UPGRADE]: select product0_.PRODUCT_ID as PRODUCT1_4_0_, product0_.description as descript2_4_0_, product0_.name as name3_4_0_, product0_.price as price4_4_0_ from PRODUCT product0_ where product0_.PRODUCT_ID=?
DEBUG Loader - Static select for entity com.expeditors.training.course3demo.model.Product [UPGRADE_NOWAIT]: select product0_.PRODUCT_ID as PRODUCT1_4_0_, product0_.description as descript2_4_0_, product0_.name as name3_4_0_, product0_.price as price4_4_0_ from PRODUCT product0_ where product0_.PRODUCT_ID=?
DEBUG Loader - Static select for entity com.expeditors.training.course3demo.model.Product [FORCE]: select product0_.PRODUCT_ID as PRODUCT1_4_0_, product0_.description as descript2_4_0_, product0_.name as name3_4_0_, product0_.price as price4_4_0_ from PRODUCT product0_ where product0_.PRODUCT_ID=?
DEBUG Loader - Static select for entity com.expeditors.training.course3demo.model.Product [PESSIMISTIC_READ]: select product0_.PRODUCT_ID as PRODUCT1_4_0_, product0_.description as descript2_4_0_, product0_.name as name3_4_0_, product0_.price as price4_4_0_ from PRODUCT product0_ where product0_.PRODUCT_ID=?
DEBUG Loader - Static select for entity com.expeditors.training.course3demo.model.Product [PESSIMISTIC_WRITE]: select product0_.PRODUCT_ID as PRODUCT1_4_0_, product0_.description as descript2_4_0_, product0_.name as name3_4_0_, product0_.price as price4_4_0_ from PRODUCT product0_ where product0_.PRODUCT_ID=?
DEBUG Loader - Static select for entity com.expeditors.training.course3demo.model.Product [PESSIMISTIC_FORCE_INCREMENT]: select product0_.PRODUCT_ID as PRODUCT1_4_0_, product0_.description as descript2_4_0_, product0_.name as name3_4_0_, product0_.price as price4_4_0_ from PRODUCT product0_ where product0_.PRODUCT_ID=?
DEBUG Loader - Static select for entity com.expeditors.training.course3demo.model.Product [OPTIMISTIC]: select product0_.PRODUCT_ID as PRODUCT1_4_0_, product0_.description as descript2_4_0_, product0_.name as name3_4_0_, product0_.price as price4_4_0_ from PRODUCT product0_ where product0_.PRODUCT_ID=?
DEBUG Loader - Static select for entity com.expeditors.training.course3demo.model.Product [OPTIMISTIC_FORCE_INCREMENT]: select product0_.PRODUCT_ID as PRODUCT1_4_0_, product0_.description as descript2_4_0_, product0_.name as name3_4_0_, product0_.price as price4_4_0_ from PRODUCT product0_ where product0_.PRODUCT_ID=?
DEBUG Loader - Static select for action ACTION_MERGE on entity com.expeditors.training.course3demo.model.Product: select product0_.PRODUCT_ID as PRODUCT1_4_0_, product0_.description as descript2_4_0_, product0_.name as name3_4_0_, product0_.price as price4_4_0_ from PRODUCT product0_ where product0_.PRODUCT_ID=?
DEBUG Loader - Static select for action ACTION_REFRESH on entity com.expeditors.training.course3demo.model.Product: select product0_.PRODUCT_ID as PRODUCT1_4_0_, product0_.description as descript2_4_0_, product0_.name as name3_4_0_, product0_.price as price4_4_0_ from PRODUCT product0_ where product0_.PRODUCT_ID=?
DEBUG OneToManyLoader - Static select for one-to-many com.expeditors.training.course3demo.model.Card.phoneNumbers: select phonenumbe0_.CARD_ID as CARD3_1_1_, phonenumbe0_.PHONE_NUMBER_ID as PHONE1_3_1_, phonenumbe0_.index as index4_1_, phonenumbe0_.PHONE_NUMBER_ID as PHONE1_3_0_, phonenumbe0_.CARD_ID as CARD3_3_0_, phonenumbe0_.PHONE_NUMBER as PHONE2_3_0_ from PHONE_NUMBER phonenumbe0_ where phonenumbe0_.CARD_ID=?
DEBUG OneToManyLoader - Static select for one-to-many com.expeditors.training.course3demo.model.UserAccount.userRoles: select userroles0_.ROLE_OWNER as ROLE3_6_1_, userroles0_.ROLE_ID as ROLE1_7_1_, userroles0_.ROLE_ID as ROLE1_7_0_, userroles0_.ROLE_NAME as ROLE2_7_0_, userroles0_.ROLE_OWNER as ROLE3_7_0_ from USERROLE userroles0_ where userroles0_.ROLE_OWNER=?
DEBUG SessionFactoryRegistry - Registering SessionFactory: bd149c5f-7cd2-4203-949a-56208b1fddc4 (&lt;unnamed&gt;)
DEBUG SessionFactoryRegistry - Not binding SessionFactory to JNDI, no JNDI name configured
DEBUG SessionFactoryImpl - Instantiated session factory
DEBUG Configuration - Processing hbm.xml files
DEBUG Configuration - Process annotated classes
DEBUG Configuration - Processing fk mappings (*ToOne and JoinedSubclass)
DEBUG Configuration - Processing extends queue
DEBUG Configuration - Processing extends queue
DEBUG Configuration - Processing collection mappings
DEBUG Configuration - Processing native query and ResultSetMapping mappings
DEBUG Configuration - Processing association property references
DEBUG Configuration - Creating tables&apos; unique integer identifiers
DEBUG Configuration - Processing foreign key constraints
DEBUG Configuration - Resolving reference to class: com.expeditors.training.course3demo.model.Address
DEBUG Configuration - Resolving reference to class: com.expeditors.training.course3demo.model.Card
DEBUG Configuration - Resolving reference to class: com.expeditors.training.course3demo.model.UserAccount
DEBUG DefaultIdentifierGeneratorFactory - Setting dialect [org.hibernate.dialect.HSQLDialect]
DEBUG DefaultIdentifierGeneratorFactory - Setting dialect [org.hibernate.dialect.HSQLDialect]
DEBUG DefaultIdentifierGeneratorFactory - Setting dialect [org.hibernate.dialect.HSQLDialect]
DEBUG DefaultIdentifierGeneratorFactory - Setting dialect [org.hibernate.dialect.HSQLDialect]
DEBUG DefaultIdentifierGeneratorFactory - Setting dialect [org.hibernate.dialect.HSQLDialect]
DEBUG DefaultIdentifierGeneratorFactory - Setting dialect [org.hibernate.dialect.HSQLDialect]
DEBUG DefaultIdentifierGeneratorFactory - Setting dialect [org.hibernate.dialect.HSQLDialect]
DEBUG DefaultIdentifierGeneratorFactory - Setting dialect [org.hibernate.dialect.HSQLDialect]
DEBUG Configuration - Processing hbm.xml files
DEBUG Configuration - Process annotated classes
DEBUG Configuration - Processing fk mappings (*ToOne and JoinedSubclass)
DEBUG Configuration - Processing extends queue
DEBUG Configuration - Processing extends queue
DEBUG Configuration - Processing collection mappings
DEBUG Configuration - Processing native query and ResultSetMapping mappings
DEBUG Configuration - Processing association property references
DEBUG Configuration - Creating tables&apos; unique integer identifiers
DEBUG Configuration - Processing foreign key constraints
DEBUG Configuration - Resolving reference to class: com.expeditors.training.course3demo.model.Address
DEBUG Configuration - Resolving reference to class: com.expeditors.training.course3demo.model.Card
DEBUG Configuration - Resolving reference to class: com.expeditors.training.course3demo.model.UserAccount
DEBUG DefaultIdentifierGeneratorFactory - Setting dialect [org.hibernate.dialect.HSQLDialect]
DEBUG DefaultIdentifierGeneratorFactory - Setting dialect [org.hibernate.dialect.HSQLDialect]
DEBUG DefaultIdentifierGeneratorFactory - Setting dialect [org.hibernate.dialect.HSQLDialect]
DEBUG DefaultIdentifierGeneratorFactory - Setting dialect [org.hibernate.dialect.HSQLDialect]
DEBUG DefaultIdentifierGeneratorFactory - Setting dialect [org.hibernate.dialect.HSQLDialect]
DEBUG DefaultIdentifierGeneratorFactory - Setting dialect [org.hibernate.dialect.HSQLDialect]
DEBUG DefaultIdentifierGeneratorFactory - Setting dialect [org.hibernate.dialect.HSQLDialect]
DEBUG DefaultIdentifierGeneratorFactory - Setting dialect [org.hibernate.dialect.HSQLDialect]
DEBUG DefaultIdentifierGeneratorFactory - Setting dialect [org.hibernate.dialect.HSQLDialect]
DEBUG DefaultIdentifierGeneratorFactory - Setting dialect [org.hibernate.dialect.HSQLDialect]
DEBUG DefaultIdentifierGeneratorFactory - Setting dialect [org.hibernate.dialect.HSQLDialect]
DEBUG DefaultIdentifierGeneratorFactory - Setting dialect [org.hibernate.dialect.HSQLDialect]
DEBUG DefaultIdentifierGeneratorFactory - Setting dialect [org.hibernate.dialect.HSQLDialect]
DEBUG DefaultIdentifierGeneratorFactory - Setting dialect [org.hibernate.dialect.HSQLDialect]
DEBUG DefaultIdentifierGeneratorFactory - Setting dialect [org.hibernate.dialect.HSQLDialect]
DEBUG DefaultIdentifierGeneratorFactory - Setting dialect [org.hibernate.dialect.HSQLDialect]
INFO  SchemaExport - HHH000227: Running hbm2ddl schema export
DEBUG SchemaExport - Import file not found: /import.sql
DEBUG DriverManagerDataSource - Creating new JDBC DriverManager Connection to [jdbc:hsqldb:mem:paging]
DEBUG SQL - alter table CARD drop constraint FK_f34598d509974b3cb92fbc74ad9
Hibernate: alter table CARD drop constraint FK_f34598d509974b3cb92fbc74ad9
ERROR SchemaExport - HHH000389: Unsuccessful: alter table CARD drop constraint FK_f34598d509974b3cb92fbc74ad9
ERROR SchemaExport - user lacks privilege or object not found: PUBLIC.CARD
DEBUG SQL - alter table PHONE_NUMBER drop constraint FK_e52330e670fc4bffa090fa58324
Hibernate: alter table PHONE_NUMBER drop constraint FK_e52330e670fc4bffa090fa58324
ERROR SchemaExport - HHH000389: Unsuccessful: alter table PHONE_NUMBER drop constraint FK_e52330e670fc4bffa090fa58324
ERROR SchemaExport - user lacks privilege or object not found: PUBLIC.PHONE_NUMBER
DEBUG SQL - alter table USERROLE drop constraint FK_eb839cf8f6054ba28f760c20842
Hibernate: alter table USERROLE drop constraint FK_eb839cf8f6054ba28f760c20842
ERROR SchemaExport - HHH000389: Unsuccessful: alter table USERROLE drop constraint FK_eb839cf8f6054ba28f760c20842
ERROR SchemaExport - user lacks privilege or object not found: PUBLIC.USERROLE
DEBUG SQL - drop table ADDRESS if exists
Hibernate: drop table ADDRESS if exists
DEBUG SQL - drop table CARD if exists
Hibernate: drop table CARD if exists
DEBUG SQL - drop table Container if exists
Hibernate: drop table Container if exists
DEBUG SQL - drop table PHONE_NUMBER if exists
Hibernate: drop table PHONE_NUMBER if exists
DEBUG SQL - drop table PRODUCT if exists
Hibernate: drop table PRODUCT if exists
DEBUG SQL - drop table Shipment if exists
Hibernate: drop table Shipment if exists
DEBUG SQL - drop table USERACCOUNT if exists
Hibernate: drop table USERACCOUNT if exists
DEBUG SQL - drop table USERROLE if exists
Hibernate: drop table USERROLE if exists
DEBUG SQL - create table ADDRESS (ADDRESS_ID bigint generated by default as identity (start with 1), city varchar(255) not null, state CHAR(2) not null, street varchar(255) not null, primary key (ADDRESS_ID))
Hibernate: create table ADDRESS (ADDRESS_ID bigint generated by default as identity (start with 1), city varchar(255) not null, state CHAR(2) not null, street varchar(255) not null, primary key (ADDRESS_ID))
DEBUG SQL - create table CARD (CARD_ID bigint generated by default as identity (start with 1), amount double, CARD_NUMBER char not null, OWNER_NAME varchar(255) not null, address bigint, primary key (CARD_ID))
Hibernate: create table CARD (CARD_ID bigint generated by default as identity (start with 1), amount double, CARD_NUMBER char not null, OWNER_NAME varchar(255) not null, address bigint, primary key (CARD_ID))
DEBUG SQL - create table Container (CONTAINER_ID bigint generated by default as identity (start with 1), capacity double not null check (capacity&gt;=0), destination varchar(255), location varchar(255), name varchar(40), status varchar(255), primary key (CONTAINER_ID))
Hibernate: create table Container (CONTAINER_ID bigint generated by default as identity (start with 1), capacity double not null check (capacity&gt;=0), destination varchar(255), location varchar(255), name varchar(40), status varchar(255), primary key (CONTAINER_ID))
DEBUG SQL - create table PHONE_NUMBER (PHONE_NUMBER_ID bigint generated by default as identity (start with 1), PHONE_NUMBER char not null, CARD_ID bigint not null, index integer, primary key (PHONE_NUMBER_ID))
Hibernate: create table PHONE_NUMBER (PHONE_NUMBER_ID bigint generated by default as identity (start with 1), PHONE_NUMBER char not null, CARD_ID bigint not null, index integer, primary key (PHONE_NUMBER_ID))
DEBUG SQL - create table PRODUCT (PRODUCT_ID bigint generated by default as identity (start with 1), description varchar(255), name varchar(255), price double, primary key (PRODUCT_ID))
Hibernate: create table PRODUCT (PRODUCT_ID bigint generated by default as identity (start with 1), description varchar(255), name varchar(255), price double, primary key (PRODUCT_ID))
DEBUG SQL - create table Shipment (SHIPMENT_ID bigint generated by default as identity (start with 1), destination varchar(255), name varchar(40), origin varchar(255), volume double not null check (volume&gt;=0), primary key (SHIPMENT_ID))
Hibernate: create table Shipment (SHIPMENT_ID bigint generated by default as identity (start with 1), destination varchar(255), name varchar(40), origin varchar(255), volume double not null check (volume&gt;=0), primary key (SHIPMENT_ID))
DEBUG SQL - create table USERACCOUNT (USER_ID bigint generated by default as identity (start with 1), enabled boolean, password varchar(50), username varchar(255), primary key (USER_ID))
Hibernate: create table USERACCOUNT (USER_ID bigint generated by default as identity (start with 1), enabled boolean, password varchar(50), username varchar(255), primary key (USER_ID))
DEBUG SQL - create table USERROLE (ROLE_ID bigint generated by default as identity (start with 1), ROLE_NAME varchar(40) not null, ROLE_OWNER bigint not null, primary key (ROLE_ID))
Hibernate: create table USERROLE (ROLE_ID bigint generated by default as identity (start with 1), ROLE_NAME varchar(40) not null, ROLE_OWNER bigint not null, primary key (ROLE_ID))
DEBUG SQL - alter table CARD add constraint FK_f34598d509974b3cb92fbc74ad9 foreign key (address) references ADDRESS
Hibernate: alter table CARD add constraint FK_f34598d509974b3cb92fbc74ad9 foreign key (address) references ADDRESS
DEBUG SQL - alter table PHONE_NUMBER add constraint FK_e52330e670fc4bffa090fa58324 foreign key (CARD_ID) references CARD
Hibernate: alter table PHONE_NUMBER add constraint FK_e52330e670fc4bffa090fa58324 foreign key (CARD_ID) references CARD
DEBUG SQL - alter table USERROLE add constraint FK_eb839cf8f6054ba28f760c20842 foreign key (ROLE_OWNER) references USERACCOUNT
Hibernate: alter table USERROLE add constraint FK_eb839cf8f6054ba28f760c20842 foreign key (ROLE_OWNER) references USERACCOUNT
INFO  SchemaExport - HHH000230: Schema export complete
DEBUG Configuration - Processing hbm.xml files
DEBUG Configuration - Process annotated classes
DEBUG Configuration - Processing fk mappings (*ToOne and JoinedSubclass)
DEBUG Configuration - Processing extends queue
DEBUG Configuration - Processing extends queue
DEBUG Configuration - Processing collection mappings
DEBUG Configuration - Processing native query and ResultSetMapping mappings
DEBUG Configuration - Processing association property references
DEBUG Configuration - Creating tables&apos; unique integer identifiers
DEBUG Configuration - Processing foreign key constraints
DEBUG Configuration - Resolving reference to class: com.expeditors.training.course3demo.model.Address
DEBUG Configuration - Resolving reference to class: com.expeditors.training.course3demo.model.Card
DEBUG Configuration - Resolving reference to class: com.expeditors.training.course3demo.model.UserAccount
DEBUG DefaultIdentifierGeneratorFactory - Setting dialect [org.hibernate.dialect.HSQLDialect]
DEBUG DefaultIdentifierGeneratorFactory - Setting dialect [org.hibernate.dialect.HSQLDialect]
DEBUG DefaultIdentifierGeneratorFactory - Setting dialect [org.hibernate.dialect.HSQLDialect]
DEBUG DefaultIdentifierGeneratorFactory - Setting dialect [org.hibernate.dialect.HSQLDialect]
DEBUG DefaultIdentifierGeneratorFactory - Setting dialect [org.hibernate.dialect.HSQLDialect]
DEBUG DefaultIdentifierGeneratorFactory - Setting dialect [org.hibernate.dialect.HSQLDialect]
DEBUG DefaultIdentifierGeneratorFactory - Setting dialect [org.hibernate.dialect.HSQLDialect]
DEBUG DefaultIdentifierGeneratorFactory - Setting dialect [org.hibernate.dialect.HSQLDialect]
DEBUG Configuration - Processing hbm.xml files
DEBUG Configuration - Process annotated classes
DEBUG Configuration - Processing fk mappings (*ToOne and JoinedSubclass)
DEBUG Configuration - Processing extends queue
DEBUG Configuration - Processing extends queue
DEBUG Configuration - Processing collection mappings
DEBUG Configuration - Processing native query and ResultSetMapping mappings
DEBUG Configuration - Processing association property references
DEBUG Configuration - Creating tables&apos; unique integer identifiers
DEBUG Configuration - Processing foreign key constraints
DEBUG Configuration - Resolving reference to class: com.expeditors.training.course3demo.model.Address
DEBUG Configuration - Resolving reference to class: com.expeditors.training.course3demo.model.Card
DEBUG Configuration - Resolving reference to class: com.expeditors.training.course3demo.model.UserAccount
DEBUG DefaultIdentifierGeneratorFactory - Setting dialect [org.hibernate.dialect.HSQLDialect]
DEBUG DefaultIdentifierGeneratorFactory - Setting dialect [org.hibernate.dialect.HSQLDialect]
DEBUG DefaultIdentifierGeneratorFactory - Setting dialect [org.hibernate.dialect.HSQLDialect]
DEBUG DefaultIdentifierGeneratorFactory - Setting dialect [org.hibernate.dialect.HSQLDialect]
DEBUG DefaultIdentifierGeneratorFactory - Setting dialect [org.hibernate.dialect.HSQLDialect]
DEBUG DefaultIdentifierGeneratorFactory - Setting dialect [org.hibernate.dialect.HSQLDialect]
DEBUG DefaultIdentifierGeneratorFactory - Setting dialect [org.hibernate.dialect.HSQLDialect]
DEBUG DefaultIdentifierGeneratorFactory - Setting dialect [org.hibernate.dialect.HSQLDialect]
DEBUG DefaultIdentifierGeneratorFactory - Setting dialect [org.hibernate.dialect.HSQLDialect]
DEBUG DefaultIdentifierGeneratorFactory - Setting dialect [org.hibernate.dialect.HSQLDialect]
DEBUG DefaultIdentifierGeneratorFactory - Setting dialect [org.hibernate.dialect.HSQLDialect]
DEBUG DefaultIdentifierGeneratorFactory - Setting dialect [org.hibernate.dialect.HSQLDialect]
DEBUG DefaultIdentifierGeneratorFactory - Setting dialect [org.hibernate.dialect.HSQLDialect]
DEBUG DefaultIdentifierGeneratorFactory - Setting dialect [org.hibernate.dialect.HSQLDialect]
DEBUG DefaultIdentifierGeneratorFactory - Setting dialect [org.hibernate.dialect.HSQLDialect]
DEBUG DefaultIdentifierGeneratorFactory - Setting dialect [org.hibernate.dialect.HSQLDialect]
DEBUG SessionFactoryImpl - Checking 0 named HQL queries
DEBUG SessionFactoryImpl - Checking 0 named SQL queries
DEBUG StatisticsInitiator - Statistics initialized [enabled=false]
DEBUG EntityManagerFactoryRegistry - Registering EntityManagerFactory: default 
DEBUG DefaultListableBeanFactory - Finished creating instance of bean &apos;entityManagerFactory&apos;
INFO  DefaultListableBeanFactory - Pre-instantiating singletons in org.springframework.beans.factory.support.DefaultListableBeanFactory@5dc3fcb7: defining beans [org.springframework.context.annotation.internalConfigurationAnnotationProcessor,org.springframework.context.annotation.internalAutowiredAnnotationProcessor,org.springframework.context.annotation.internalRequiredAnnotationProcessor,org.springframework.context.annotation.internalCommonAnnotationProcessor,org.springframework.context.annotation.internalPersistenceAnnotationProcessor,testConfig,org.springframework.context.annotation.ConfigurationClassPostProcessor.importAwareProcessor,cardController,containerController,errorLoginController,homeController,productController,securityController,shipmentController,org.springframework.web.servlet.config.annotation.DelegatingWebMvcConfiguration,requestMappingHandlerMapping,mvcContentNegotiationManager,viewControllerHandlerMapping,beanNameHandlerMapping,resourceHandlerMapping,defaultServletHandlerMapping,requestMappingHandlerAdapter,mvcConversionService,httpRequestHandlerAdapter,simpleControllerHandlerAdapter,handlerExceptionResolver,mvcValidator,com.expeditors.training.course3demo.config.PersistenceJPATestConfig,entityManagerFactory,dataSource,containerService,shipmentService,productService,viewResolver]; root of factory hierarchy
DEBUG DefaultListableBeanFactory - Returning cached instance of singleton bean &apos;org.springframework.context.annotation.internalConfigurationAnnotationProcessor&apos;
DEBUG DefaultListableBeanFactory - Returning cached instance of singleton bean &apos;org.springframework.context.annotation.internalAutowiredAnnotationProcessor&apos;
DEBUG DefaultListableBeanFactory - Returning cached instance of singleton bean &apos;org.springframework.context.annotation.internalRequiredAnnotationProcessor&apos;
DEBUG DefaultListableBeanFactory - Returning cached instance of singleton bean &apos;org.springframework.context.annotation.internalCommonAnnotationProcessor&apos;
DEBUG DefaultListableBeanFactory - Returning cached instance of singleton bean &apos;org.springframework.context.annotation.internalPersistenceAnnotationProcessor&apos;
DEBUG DefaultListableBeanFactory - Creating shared instance of singleton bean &apos;testConfig&apos;
DEBUG DefaultListableBeanFactory - Creating instance of bean &apos;testConfig&apos;
DEBUG DefaultListableBeanFactory - Eagerly caching bean &apos;testConfig&apos; to allow for resolving potential circular references
DEBUG DefaultListableBeanFactory - Finished creating instance of bean &apos;testConfig&apos;
DEBUG DefaultListableBeanFactory - Returning cached instance of singleton bean &apos;org.springframework.context.annotation.ConfigurationClassPostProcessor.importAwareProcessor&apos;
DEBUG DefaultListableBeanFactory - Creating shared instance of singleton bean &apos;cardController&apos;
DEBUG DefaultListableBeanFactory - Creating instance of bean &apos;cardController&apos;
DEBUG InjectionMetadata - Registered injected element on class [com.expeditors.training.course3demo.controller.CardController]: AutowiredFieldElement for com.expeditors.training.course3demo.service.CardService com.expeditors.training.course3demo.controller.CardController.cardService
DEBUG DefaultListableBeanFactory - Eagerly caching bean &apos;cardController&apos; to allow for resolving potential circular references
DEBUG InjectionMetadata - Processing injected method of bean &apos;cardController&apos;: AutowiredFieldElement for com.expeditors.training.course3demo.service.CardService com.expeditors.training.course3demo.controller.CardController.cardService
INFO  DefaultListableBeanFactory - Destroying singletons in org.springframework.beans.factory.support.DefaultListableBeanFactory@5dc3fcb7: defining beans [org.springframework.context.annotation.internalConfigurationAnnotationProcessor,org.springframework.context.annotation.internalAutowiredAnnotationProcessor,org.springframework.context.annotation.internalRequiredAnnotationProcessor,org.springframework.context.annotation.internalCommonAnnotationProcessor,org.springframework.context.annotation.internalPersistenceAnnotationProcessor,testConfig,org.springframework.context.annotation.ConfigurationClassPostProcessor.importAwareProcessor,cardController,containerController,errorLoginController,homeController,productController,securityController,shipmentController,org.springframework.web.servlet.config.annotation.DelegatingWebMvcConfiguration,requestMappingHandlerMapping,mvcContentNegotiationManager,viewControllerHandlerMapping,beanNameHandlerMapping,resourceHandlerMapping,defaultServletHandlerMapping,requestMappingHandlerAdapter,mvcConversionService,httpRequestHandlerAdapter,simpleControllerHandlerAdapter,handlerExceptionResolver,mvcValidator,com.expeditors.training.course3demo.config.PersistenceJPATestConfig,entityManagerFactory,dataSource,containerService,shipmentService,productService,viewResolver]; root of factory hierarchy
DEBUG DisposableBeanAdapter - Invoking destroy() on bean with name &apos;testConfig&apos;
DEBUG DisposableBeanAdapter - Invoking destroy() on bean with name &apos;entityManagerFactory&apos;
INFO  LocalContainerEntityManagerFactoryBean - Closing JPA EntityManagerFactory for persistence unit &apos;default&apos;
DEBUG SessionFactoryImpl - HHH000031: Closing
INFO  SchemaExport - HHH000227: Running hbm2ddl schema export
DEBUG SchemaExport - Import file not found: /import.sql
DEBUG DriverManagerDataSource - Creating new JDBC DriverManager Connection to [jdbc:hsqldb:mem:paging]
DEBUG SQL - alter table CARD drop constraint FK_f34598d509974b3cb92fbc74ad9
Hibernate: alter table CARD drop constraint FK_f34598d509974b3cb92fbc74ad9
DEBUG SQL - alter table PHONE_NUMBER drop constraint FK_e52330e670fc4bffa090fa58324
Hibernate: alter table PHONE_NUMBER drop constraint FK_e52330e670fc4bffa090fa58324
DEBUG SQL - alter table USERROLE drop constraint FK_eb839cf8f6054ba28f760c20842
Hibernate: alter table USERROLE drop constraint FK_eb839cf8f6054ba28f760c20842
DEBUG SQL - drop table ADDRESS if exists
Hibernate: drop table ADDRESS if exists
DEBUG SQL - drop table CARD if exists
Hibernate: drop table CARD if exists
DEBUG SQL - drop table Container if exists
Hibernate: drop table Container if exists
DEBUG SQL - drop table PHONE_NUMBER if exists
Hibernate: drop table PHONE_NUMBER if exists
DEBUG SQL - drop table PRODUCT if exists
Hibernate: drop table PRODUCT if exists
DEBUG SQL - drop table Shipment if exists
Hibernate: drop table Shipment if exists
DEBUG SQL - drop table USERACCOUNT if exists
Hibernate: drop table USERACCOUNT if exists
DEBUG SQL - drop table USERROLE if exists
Hibernate: drop table USERROLE if exists
INFO  SchemaExport - HHH000230: Schema export complete
DEBUG EntityManagerFactoryRegistry - Remove: name=default
DEBUG DisposableBeanAdapter - Invoking destroy() on bean with name &apos;com.expeditors.training.course3demo.config.PersistenceJPATestConfig&apos;
ERROR TestContextManager - Caught exception while allowing TestExecutionListener [org.springframework.test.context.web.ServletTestExecutionListener@5942ee04] to prepare test instance [com.expeditors.training.course3demo.controller.ContainerControllerTest@19ccca5]
java.lang.IllegalStateException: Failed to load ApplicationContext
	at org.springframework.test.context.CacheAwareContextLoaderDelegate.loadContext(CacheAwareContextLoaderDelegate.java:99) ~[spring-test-3.2.3.RELEASE.jar:3.2.3.RELEASE]
	at org.springframework.test.context.TestContext.getApplicationContext(TestContext.java:122) ~[spring-test-3.2.3.RELEASE.jar:3.2.3.RELEASE]
	at org.springframework.test.context.web.ServletTestExecutionListener.setUpRequestContextIfNecessary(ServletTestExecutionListener.java:105) ~[spring-test-3.2.3.RELEASE.jar:3.2.3.RELEASE]
	at org.springframework.test.context.web.ServletTestExecutionListener.prepareTestInstance(ServletTestExecutionListener.java:74) ~[spring-test-3.2.3.RELEASE.jar:3.2.3.RELEASE]
	at org.springframework.test.context.TestContextManager.prepareTestInstance(TestContextManager.java:312) ~[spring-test-3.2.3.RELEASE.jar:3.2.3.RELEASE]
	at org.springframework.test.context.junit4.SpringJUnit4ClassRunner.createTest(SpringJUnit4ClassRunner.java:211) [spring-test-3.2.3.RELEASE.jar:3.2.3.RELEASE]
	at org.springframework.test.context.junit4.SpringJUnit4ClassRunner$1.runReflectiveCall(SpringJUnit4ClassRunner.java:288) [spring-test-3.2.3.RELEASE.jar:3.2.3.RELEASE]
	at org.junit.internal.runners.model.ReflectiveCallable.run(ReflectiveCallable.java:12) [junit-4.11.jar:na]
	at org.springframework.test.context.junit4.SpringJUnit4ClassRunner.methodBlock(SpringJUnit4ClassRunner.java:284) [spring-test-3.2.3.RELEASE.jar:3.2.3.RELEASE]
	at org.springframework.test.context.junit4.SpringJUnit4ClassRunner.runChild(SpringJUnit4ClassRunner.java:231) [spring-test-3.2.3.RELEASE.jar:3.2.3.RELEASE]
	at org.springframework.test.context.junit4.SpringJUnit4ClassRunner.runChild(SpringJUnit4ClassRunner.java:88) [spring-test-3.2.3.RELEASE.jar:3.2.3.RELEASE]
	at org.junit.runners.ParentRunner$3.run(ParentRunner.java:238) [junit-4.11.jar:na]
	at org.junit.runners.ParentRunner$1.schedule(ParentRunner.java:63) [junit-4.11.jar:na]
	at org.junit.runners.ParentRunner.runChildren(ParentRunner.java:236) [junit-4.11.jar:na]
	at org.junit.runners.ParentRunner.access$000(ParentRunner.java:53) [junit-4.11.jar:na]
	at org.junit.runners.ParentRunner$2.evaluate(ParentRunner.java:229) [junit-4.11.jar:na]
	at org.springframework.test.context.junit4.statements.RunBeforeTestClassCallbacks.evaluate(RunBeforeTestClassCallbacks.java:61) [spring-test-3.2.3.RELEASE.jar:3.2.3.RELEASE]
	at org.springframework.test.context.junit4.statements.RunAfterTestClassCallbacks.evaluate(RunAfterTestClassCallbacks.java:71) [spring-test-3.2.3.RELEASE.jar:3.2.3.RELEASE]
	at org.junit.runners.ParentRunner.run(ParentRunner.java:309) [junit-4.11.jar:na]
	at org.springframework.test.context.junit4.SpringJUnit4ClassRunner.run(SpringJUnit4ClassRunner.java:174) [spring-test-3.2.3.RELEASE.jar:3.2.3.RELEASE]
	at org.apache.maven.surefire.junit4.JUnit4Provider.execute(JUnit4Provider.java:252) [surefire-junit4-2.12.4.jar:2.12.4]
	at org.apache.maven.surefire.junit4.JUnit4Provider.executeTestSet(JUnit4Provider.java:141) [surefire-junit4-2.12.4.jar:2.12.4]
	at org.apache.maven.surefire.junit4.JUnit4Provider.invoke(JUnit4Provider.java:112) [surefire-junit4-2.12.4.jar:2.12.4]
	at sun.reflect.NativeMethodAccessorImpl.invoke0(Native Method) ~[na:1.8.0_20]
	at sun.reflect.NativeMethodAccessorImpl.invoke(NativeMethodAccessorImpl.java:62) ~[na:1.8.0_20]
	at sun.reflect.DelegatingMethodAccessorImpl.invoke(DelegatingMethodAccessorImpl.java:43) ~[na:1.8.0_20]
	at java.lang.reflect.Method.invoke(Method.java:483) ~[na:1.8.0_20]
	at org.apache.maven.surefire.util.ReflectionUtils.invokeMethodWithArray(ReflectionUtils.java:189) [surefire-api-2.12.4.jar:2.12.4]
	at org.apache.maven.surefire.booter.ProviderFactory$ProviderProxy.invoke(ProviderFactory.java:165) [surefire-booter-2.12.4.jar:2.12.4]
	at org.apache.maven.surefire.booter.ProviderFactory.invokeProvider(ProviderFactory.java:85) [surefire-booter-2.12.4.jar:2.12.4]
	at org.apache.maven.surefire.booter.ForkedBooter.runSuitesInProcess(ForkedBooter.java:115) [surefire-booter-2.12.4.jar:2.12.4]
	at org.apache.maven.surefire.booter.ForkedBooter.main(ForkedBooter.java:75) [surefire-booter-2.12.4.jar:2.12.4]
Caused by: org.springframework.beans.factory.BeanCreationException: Error creating bean with name &apos;cardController&apos;: Injection of autowired dependencies failed; nested exception is org.springframework.beans.factory.BeanCreationException: Could not autowire field: com.expeditors.training.course3demo.service.CardService com.expeditors.training.course3demo.controller.CardController.cardService; nested exception is org.springframework.beans.factory.NoSuchBeanDefinitionException: No qualifying bean of type [com.expeditors.training.course3demo.service.CardService] found for dependency: expected at least 1 bean which qualifies as autowire candidate for this dependency. Dependency annotations: {@org.springframework.beans.factory.annotation.Autowired(required=true)}
	at org.springframework.beans.factory.annotation.AutowiredAnnotationBeanPostProcessor.postProcessPropertyValues(AutowiredAnnotationBeanPostProcessor.java:288) ~[spring-beans-3.2.3.RELEASE.jar:3.2.3.RELEASE]
	at org.springframework.beans.factory.support.AbstractAutowireCapableBeanFactory.populateBean(AbstractAutowireCapableBeanFactory.java:1116) ~[spring-beans-3.2.3.RELEASE.jar:3.2.3.RELEASE]
	at org.springframework.beans.factory.support.AbstractAutowireCapableBeanFactory.doCreateBean(AbstractAutowireCapableBeanFactory.java:519) ~[spring-beans-3.2.3.RELEASE.jar:3.2.3.RELEASE]
	at org.springframework.beans.factory.support.AbstractAutowireCapableBeanFactory.createBean(AbstractAutowireCapableBeanFactory.java:458) ~[spring-beans-3.2.3.RELEASE.jar:3.2.3.RELEASE]
	at org.springframework.beans.factory.support.AbstractBeanFactory$1.getObject(AbstractBeanFactory.java:295) ~[spring-beans-3.2.3.RELEASE.jar:3.2.3.RELEASE]
	at org.springframework.beans.factory.support.DefaultSingletonBeanRegistry.getSingleton(DefaultSingletonBeanRegistry.java:223) ~[spring-beans-3.2.3.RELEASE.jar:3.2.3.RELEASE]
	at org.springframework.beans.factory.support.AbstractBeanFactory.doGetBean(AbstractBeanFactory.java:292) ~[spring-beans-3.2.3.RELEASE.jar:3.2.3.RELEASE]
	at org.springframework.beans.factory.support.AbstractBeanFactory.getBean(AbstractBeanFactory.java:194) ~[spring-beans-3.2.3.RELEASE.jar:3.2.3.RELEASE]
	at org.springframework.beans.factory.support.DefaultListableBeanFactory.preInstantiateSingletons(DefaultListableBeanFactory.java:626) ~[spring-beans-3.2.3.RELEASE.jar:3.2.3.RELEASE]
	at org.springframework.context.support.AbstractApplicationContext.finishBeanFactoryInitialization(AbstractApplicationContext.java:932) ~[spring-context-3.2.3.RELEASE.jar:3.2.3.RELEASE]
	at org.springframework.context.support.AbstractApplicationContext.refresh(AbstractApplicationContext.java:479) ~[spring-context-3.2.3.RELEASE.jar:3.2.3.RELEASE]
	at org.springframework.test.context.web.AbstractGenericWebContextLoader.loadContext(AbstractGenericWebContextLoader.java:128) ~[spring-test-3.2.3.RELEASE.jar:3.2.3.RELEASE]
	at org.springframework.test.context.web.AbstractGenericWebContextLoader.loadContext(AbstractGenericWebContextLoader.java:60) ~[spring-test-3.2.3.RELEASE.jar:3.2.3.RELEASE]
	at org.springframework.test.context.support.AbstractDelegatingSmartContextLoader.delegateLoading(AbstractDelegatingSmartContextLoader.java:100) ~[spring-test-3.2.3.RELEASE.jar:3.2.3.RELEASE]
	at org.springframework.test.context.support.AbstractDelegatingSmartContextLoader.loadContext(AbstractDelegatingSmartContextLoader.java:248) ~[spring-test-3.2.3.RELEASE.jar:3.2.3.RELEASE]
	at org.springframework.test.context.CacheAwareContextLoaderDelegate.loadContextInternal(CacheAwareContextLoaderDelegate.java:64) ~[spring-test-3.2.3.RELEASE.jar:3.2.3.RELEASE]
	at org.springframework.test.context.CacheAwareContextLoaderDelegate.loadContext(CacheAwareContextLoaderDelegate.java:91) ~[spring-test-3.2.3.RELEASE.jar:3.2.3.RELEASE]
	... 31 common frames omitted
Caused by: org.springframework.beans.factory.BeanCreationException: Could not autowire field: com.expeditors.training.course3demo.service.CardService com.expeditors.training.course3demo.controller.CardController.cardService; nested exception is org.springframework.beans.factory.NoSuchBeanDefinitionException: No qualifying bean of type [com.expeditors.training.course3demo.service.CardService] found for dependency: expected at least 1 bean which qualifies as autowire candidate for this dependency. Dependency annotations: {@org.springframework.beans.factory.annotation.Autowired(required=true)}
	at org.springframework.beans.factory.annotation.AutowiredAnnotationBeanPostProcessor$AutowiredFieldElement.inject(AutowiredAnnotationBeanPostProcessor.java:514) ~[spring-beans-3.2.3.RELEASE.jar:3.2.3.RELEASE]
	at org.springframework.beans.factory.annotation.InjectionMetadata.inject(InjectionMetadata.java:87) ~[spring-beans-3.2.3.RELEASE.jar:3.2.3.RELEASE]
	at org.springframework.beans.factory.annotation.AutowiredAnnotationBeanPostProcessor.postProcessPropertyValues(AutowiredAnnotationBeanPostProcessor.java:285) ~[spring-beans-3.2.3.RELEASE.jar:3.2.3.RELEASE]
	... 47 common frames omitted
Caused by: org.springframework.beans.factory.NoSuchBeanDefinitionException: No qualifying bean of type [com.expeditors.training.course3demo.service.CardService] found for dependency: expected at least 1 bean which qualifies as autowire candidate for this dependency. Dependency annotations: {@org.springframework.beans.factory.annotation.Autowired(required=true)}
	at org.springframework.beans.factory.support.DefaultListableBeanFactory.raiseNoSuchBeanDefinitionException(DefaultListableBeanFactory.java:986) ~[spring-beans-3.2.3.RELEASE.jar:3.2.3.RELEASE]
	at org.springframework.beans.factory.support.DefaultListableBeanFactory.doResolveDependency(DefaultListableBeanFactory.java:856) ~[spring-beans-3.2.3.RELEASE.jar:3.2.3.RELEASE]
	at org.springframework.beans.factory.support.DefaultListableBeanFactory.resolveDependency(DefaultListableBeanFactory.java:768) ~[spring-beans-3.2.3.RELEASE.jar:3.2.3.RELEASE]
	at org.springframework.beans.factory.annotation.AutowiredAnnotationBeanPostProcessor$AutowiredFieldElement.inject(AutowiredAnnotationBeanPostProcessor.java:486) ~[spring-beans-3.2.3.RELEASE.jar:3.2.3.RELEASE]
	... 49 common frames omitted
</system-out>
  </testcase>
  <testcase classname="com.expeditors.training.course3demo.controller.ContainerControllerTest" name="testAddContainerDestinationFailure" time="0.226">
    <error message="Failed to load ApplicationContext" type="java.lang.IllegalStateException">java.lang.IllegalStateException: Failed to load ApplicationContext
	at org.springframework.test.context.CacheAwareContextLoaderDelegate.loadContext(CacheAwareContextLoaderDelegate.java:99)
	at org.springframework.test.context.TestContext.getApplicationContext(TestContext.java:122)
	at org.springframework.test.context.web.ServletTestExecutionListener.setUpRequestContextIfNecessary(ServletTestExecutionListener.java:105)
	at org.springframework.test.context.web.ServletTestExecutionListener.prepareTestInstance(ServletTestExecutionListener.java:74)
	at org.springframework.test.context.TestContextManager.prepareTestInstance(TestContextManager.java:312)
	at org.springframework.test.context.junit4.SpringJUnit4ClassRunner.createTest(SpringJUnit4ClassRunner.java:211)
	at org.springframework.test.context.junit4.SpringJUnit4ClassRunner$1.runReflectiveCall(SpringJUnit4ClassRunner.java:288)
	at org.junit.internal.runners.model.ReflectiveCallable.run(ReflectiveCallable.java:12)
	at org.springframework.test.context.junit4.SpringJUnit4ClassRunner.methodBlock(SpringJUnit4ClassRunner.java:284)
	at org.springframework.test.context.junit4.SpringJUnit4ClassRunner.runChild(SpringJUnit4ClassRunner.java:231)
	at org.springframework.test.context.junit4.SpringJUnit4ClassRunner.runChild(SpringJUnit4ClassRunner.java:88)
	at org.junit.runners.ParentRunner$3.run(ParentRunner.java:238)
	at org.junit.runners.ParentRunner$1.schedule(ParentRunner.java:63)
	at org.junit.runners.ParentRunner.runChildren(ParentRunner.java:236)
	at org.junit.runners.ParentRunner.access$000(ParentRunner.java:53)
	at org.junit.runners.ParentRunner$2.evaluate(ParentRunner.java:229)
	at org.springframework.test.context.junit4.statements.RunBeforeTestClassCallbacks.evaluate(RunBeforeTestClassCallbacks.java:61)
	at org.springframework.test.context.junit4.statements.RunAfterTestClassCallbacks.evaluate(RunAfterTestClassCallbacks.java:71)
	at org.junit.runners.ParentRunner.run(ParentRunner.java:309)
	at org.springframework.test.context.junit4.SpringJUnit4ClassRunner.run(SpringJUnit4ClassRunner.java:174)
	at org.apache.maven.surefire.junit4.JUnit4Provider.execute(JUnit4Provider.java:252)
	at org.apache.maven.surefire.junit4.JUnit4Provider.executeTestSet(JUnit4Provider.java:141)
	at org.apache.maven.surefire.junit4.JUnit4Provider.invoke(JUnit4Provider.java:112)
	at sun.reflect.NativeMethodAccessorImpl.invoke0(Native Method)
	at sun.reflect.NativeMethodAccessorImpl.invoke(NativeMethodAccessorImpl.java:62)
	at sun.reflect.DelegatingMethodAccessorImpl.invoke(DelegatingMethodAccessorImpl.java:43)
	at java.lang.reflect.Method.invoke(Method.java:483)
	at org.apache.maven.surefire.util.ReflectionUtils.invokeMethodWithArray(ReflectionUtils.java:189)
	at org.apache.maven.surefire.booter.ProviderFactory$ProviderProxy.invoke(ProviderFactory.java:165)
	at org.apache.maven.surefire.booter.ProviderFactory.invokeProvider(ProviderFactory.java:85)
	at org.apache.maven.surefire.booter.ForkedBooter.runSuitesInProcess(ForkedBooter.java:115)
	at org.apache.maven.surefire.booter.ForkedBooter.main(ForkedBooter.java:75)
Caused by: org.springframework.beans.factory.BeanCreationException: Error creating bean with name &apos;cardController&apos;: Injection of autowired dependencies failed; nested exception is org.springframework.beans.factory.BeanCreationException: Could not autowire field: com.expeditors.training.course3demo.service.CardService com.expeditors.training.course3demo.controller.CardController.cardService; nested exception is org.springframework.beans.factory.NoSuchBeanDefinitionException: No qualifying bean of type [com.expeditors.training.course3demo.service.CardService] found for dependency: expected at least 1 bean which qualifies as autowire candidate for this dependency. Dependency annotations: {@org.springframework.beans.factory.annotation.Autowired(required=true)}
	at org.springframework.beans.factory.annotation.AutowiredAnnotationBeanPostProcessor.postProcessPropertyValues(AutowiredAnnotationBeanPostProcessor.java:288)
	at org.springframework.beans.factory.support.AbstractAutowireCapableBeanFactory.populateBean(AbstractAutowireCapableBeanFactory.java:1116)
	at org.springframework.beans.factory.support.AbstractAutowireCapableBeanFactory.doCreateBean(AbstractAutowireCapableBeanFactory.java:519)
	at org.springframework.beans.factory.support.AbstractAutowireCapableBeanFactory.createBean(AbstractAutowireCapableBeanFactory.java:458)
	at org.springframework.beans.factory.support.AbstractBeanFactory$1.getObject(AbstractBeanFactory.java:295)
	at org.springframework.beans.factory.support.DefaultSingletonBeanRegistry.getSingleton(DefaultSingletonBeanRegistry.java:223)
	at org.springframework.beans.factory.support.AbstractBeanFactory.doGetBean(AbstractBeanFactory.java:292)
	at org.springframework.beans.factory.support.AbstractBeanFactory.getBean(AbstractBeanFactory.java:194)
	at org.springframework.beans.factory.support.DefaultListableBeanFactory.preInstantiateSingletons(DefaultListableBeanFactory.java:626)
	at org.springframework.context.support.AbstractApplicationContext.finishBeanFactoryInitialization(AbstractApplicationContext.java:932)
	at org.springframework.context.support.AbstractApplicationContext.refresh(AbstractApplicationContext.java:479)
	at org.springframework.test.context.web.AbstractGenericWebContextLoader.loadContext(AbstractGenericWebContextLoader.java:128)
	at org.springframework.test.context.web.AbstractGenericWebContextLoader.loadContext(AbstractGenericWebContextLoader.java:60)
	at org.springframework.test.context.support.AbstractDelegatingSmartContextLoader.delegateLoading(AbstractDelegatingSmartContextLoader.java:100)
	at org.springframework.test.context.support.AbstractDelegatingSmartContextLoader.loadContext(AbstractDelegatingSmartContextLoader.java:248)
	at org.springframework.test.context.CacheAwareContextLoaderDelegate.loadContextInternal(CacheAwareContextLoaderDelegate.java:64)
	at org.springframework.test.context.CacheAwareContextLoaderDelegate.loadContext(CacheAwareContextLoaderDelegate.java:91)
	... 31 more
Caused by: org.springframework.beans.factory.BeanCreationException: Could not autowire field: com.expeditors.training.course3demo.service.CardService com.expeditors.training.course3demo.controller.CardController.cardService; nested exception is org.springframework.beans.factory.NoSuchBeanDefinitionException: No qualifying bean of type [com.expeditors.training.course3demo.service.CardService] found for dependency: expected at least 1 bean which qualifies as autowire candidate for this dependency. Dependency annotations: {@org.springframework.beans.factory.annotation.Autowired(required=true)}
	at org.springframework.beans.factory.annotation.AutowiredAnnotationBeanPostProcessor$AutowiredFieldElement.inject(AutowiredAnnotationBeanPostProcessor.java:514)
	at org.springframework.beans.factory.annotation.InjectionMetadata.inject(InjectionMetadata.java:87)
	at org.springframework.beans.factory.annotation.AutowiredAnnotationBeanPostProcessor.postProcessPropertyValues(AutowiredAnnotationBeanPostProcessor.java:285)
	... 47 more
Caused by: org.springframework.beans.factory.NoSuchBeanDefinitionException: No qualifying bean of type [com.expeditors.training.course3demo.service.CardService] found for dependency: expected at least 1 bean which qualifies as autowire candidate for this dependency. Dependency annotations: {@org.springframework.beans.factory.annotation.Autowired(required=true)}
	at org.springframework.beans.factory.support.DefaultListableBeanFactory.raiseNoSuchBeanDefinitionException(DefaultListableBeanFactory.java:986)
	at org.springframework.beans.factory.support.DefaultListableBeanFactory.doResolveDependency(DefaultListableBeanFactory.java:856)
	at org.springframework.beans.factory.support.DefaultListableBeanFactory.resolveDependency(DefaultListableBeanFactory.java:768)
	at org.springframework.beans.factory.annotation.AutowiredAnnotationBeanPostProcessor$AutowiredFieldElement.inject(AutowiredAnnotationBeanPostProcessor.java:486)
	... 49 more
</error>
    <system-out>DEBUG ProfileValueUtils - Retrieved @ProfileValueSourceConfiguration [null] for test class [com.expeditors.training.course3demo.controller.ContainerControllerTest]
DEBUG ProfileValueUtils - Retrieved ProfileValueSource type [class org.springframework.test.annotation.SystemProfileValueSource] for class [com.expeditors.training.course3demo.controller.ContainerControllerTest]
DEBUG AbstractDelegatingSmartContextLoader - Delegating to AnnotationConfigWebContextLoader to load context from [WebMergedContextConfiguration@1da51a35 testClass = ContainerControllerTest, locations = &apos;{}&apos;, classes = &apos;{class com.expeditors.training.course3demo.config.TestConfig}&apos;, contextInitializerClasses = &apos;[]&apos;, activeProfiles = &apos;{}&apos;, resourceBasePath = &apos;src/main/webapp&apos;, contextLoader = &apos;org.springframework.test.context.web.WebDelegatingSmartContextLoader&apos;, parent = [null]].
DEBUG AbstractGenericWebContextLoader - Loading WebApplicationContext for merged context configuration [WebMergedContextConfiguration@1da51a35 testClass = ContainerControllerTest, locations = &apos;{}&apos;, classes = &apos;{class com.expeditors.training.course3demo.config.TestConfig}&apos;, contextInitializerClasses = &apos;[]&apos;, activeProfiles = &apos;{}&apos;, resourceBasePath = &apos;src/main/webapp&apos;, contextLoader = &apos;org.springframework.test.context.web.WebDelegatingSmartContextLoader&apos;, parent = [null]].
DEBUG StandardServletEnvironment - Initializing new StandardServletEnvironment
DEBUG StandardServletEnvironment - Adding [servletConfigInitParams] PropertySource with lowest search precedence
DEBUG StandardServletEnvironment - Adding [servletContextInitParams] PropertySource with lowest search precedence
DEBUG StandardServletEnvironment - Adding [jndiProperties] PropertySource with lowest search precedence
DEBUG StandardServletEnvironment - Adding [systemProperties] PropertySource with lowest search precedence
DEBUG StandardServletEnvironment - Adding [systemEnvironment] PropertySource with lowest search precedence
DEBUG StandardServletEnvironment - Initialized StandardServletEnvironment with PropertySources [servletConfigInitParams,servletContextInitParams,jndiProperties,systemProperties,systemEnvironment]
DEBUG AnnotationConfigWebContextLoader - Registering annotated classes: {class com.expeditors.training.course3demo.config.TestConfig}
INFO  GenericWebApplicationContext - Refreshing org.springframework.web.context.support.GenericWebApplicationContext@769a58e5: startup date [Thu Mar 05 07:38:52 PST 2015]; root of context hierarchy
DEBUG StandardServletEnvironment - Replacing [servletContextInitParams] PropertySource with [servletContextInitParams]
DEBUG GenericWebApplicationContext - Bean factory for org.springframework.web.context.support.GenericWebApplicationContext@769a58e5: org.springframework.beans.factory.support.DefaultListableBeanFactory@55f8669d: defining beans [org.springframework.context.annotation.internalConfigurationAnnotationProcessor,org.springframework.context.annotation.internalAutowiredAnnotationProcessor,org.springframework.context.annotation.internalRequiredAnnotationProcessor,org.springframework.context.annotation.internalCommonAnnotationProcessor,org.springframework.context.annotation.internalPersistenceAnnotationProcessor,testConfig]; root of factory hierarchy
DEBUG DefaultListableBeanFactory - Creating shared instance of singleton bean &apos;org.springframework.context.annotation.internalConfigurationAnnotationProcessor&apos;
DEBUG DefaultListableBeanFactory - Creating instance of bean &apos;org.springframework.context.annotation.internalConfigurationAnnotationProcessor&apos;
DEBUG DefaultListableBeanFactory - Eagerly caching bean &apos;org.springframework.context.annotation.internalConfigurationAnnotationProcessor&apos; to allow for resolving potential circular references
DEBUG DefaultListableBeanFactory - Finished creating instance of bean &apos;org.springframework.context.annotation.internalConfigurationAnnotationProcessor&apos;
DEBUG StandardEnvironment - Initializing new StandardEnvironment
DEBUG StandardEnvironment - Adding [systemProperties] PropertySource with lowest search precedence
DEBUG StandardEnvironment - Adding [systemEnvironment] PropertySource with lowest search precedence
DEBUG StandardEnvironment - Initialized StandardEnvironment with PropertySources [systemProperties,systemEnvironment]
DEBUG PathMatchingResourcePatternResolver - Looking for matching resources in directory tree [C:\Users\chq-jamesgl\STS_work2\finalprojectgleixner\target\test-classes\com\expeditors\training\course3demo\controller]
DEBUG PathMatchingResourcePatternResolver - Searching directory [C:\Users\chq-jamesgl\STS_work2\finalprojectgleixner\target\test-classes\com\expeditors\training\course3demo\controller] for files matching pattern [C:/Users/chq-jamesgl/STS_work2/finalprojectgleixner/target/test-classes/com/expeditors/training/course3demo/controller/**/*.class]
DEBUG PathMatchingResourcePatternResolver - Looking for matching resources in directory tree [C:\Users\chq-jamesgl\STS_work2\finalprojectgleixner\target\classes\com\expeditors\training\course3demo\controller]
DEBUG PathMatchingResourcePatternResolver - Searching directory [C:\Users\chq-jamesgl\STS_work2\finalprojectgleixner\target\classes\com\expeditors\training\course3demo\controller] for files matching pattern [C:/Users/chq-jamesgl/STS_work2/finalprojectgleixner/target/classes/com/expeditors/training/course3demo/controller/**/*.class]
DEBUG PathMatchingResourcePatternResolver - Resolved location pattern [classpath*:com/expeditors/training/course3demo/controller/**/*.class] to resources [file [C:\Users\chq-jamesgl\STS_work2\finalprojectgleixner\target\test-classes\com\expeditors\training\course3demo\controller\ContainerControllerTest.class], file [C:\Users\chq-jamesgl\STS_work2\finalprojectgleixner\target\test-classes\com\expeditors\training\course3demo\controller\ProductControllerTest.class], file [C:\Users\chq-jamesgl\STS_work2\finalprojectgleixner\target\test-classes\com\expeditors\training\course3demo\controller\ShipmentControllerTest.class], file [C:\Users\chq-jamesgl\STS_work2\finalprojectgleixner\target\classes\com\expeditors\training\course3demo\controller\CardController.class], file [C:\Users\chq-jamesgl\STS_work2\finalprojectgleixner\target\classes\com\expeditors\training\course3demo\controller\ContainerController.class], file [C:\Users\chq-jamesgl\STS_work2\finalprojectgleixner\target\classes\com\expeditors\training\course3demo\controller\ErrorLoginController.class], file [C:\Users\chq-jamesgl\STS_work2\finalprojectgleixner\target\classes\com\expeditors\training\course3demo\controller\HomeController.class], file [C:\Users\chq-jamesgl\STS_work2\finalprojectgleixner\target\classes\com\expeditors\training\course3demo\controller\ProductController.class], file [C:\Users\chq-jamesgl\STS_work2\finalprojectgleixner\target\classes\com\expeditors\training\course3demo\controller\SecurityController.class], file [C:\Users\chq-jamesgl\STS_work2\finalprojectgleixner\target\classes\com\expeditors\training\course3demo\controller\ShipmentController.class]]
DEBUG ClassPathBeanDefinitionScanner - Identified candidate component class: file [C:\Users\chq-jamesgl\STS_work2\finalprojectgleixner\target\classes\com\expeditors\training\course3demo\controller\CardController.class]
DEBUG ClassPathBeanDefinitionScanner - Identified candidate component class: file [C:\Users\chq-jamesgl\STS_work2\finalprojectgleixner\target\classes\com\expeditors\training\course3demo\controller\ContainerController.class]
DEBUG ClassPathBeanDefinitionScanner - Identified candidate component class: file [C:\Users\chq-jamesgl\STS_work2\finalprojectgleixner\target\classes\com\expeditors\training\course3demo\controller\ErrorLoginController.class]
DEBUG ClassPathBeanDefinitionScanner - Identified candidate component class: file [C:\Users\chq-jamesgl\STS_work2\finalprojectgleixner\target\classes\com\expeditors\training\course3demo\controller\HomeController.class]
DEBUG ClassPathBeanDefinitionScanner - Identified candidate component class: file [C:\Users\chq-jamesgl\STS_work2\finalprojectgleixner\target\classes\com\expeditors\training\course3demo\controller\ProductController.class]
DEBUG ClassPathBeanDefinitionScanner - Identified candidate component class: file [C:\Users\chq-jamesgl\STS_work2\finalprojectgleixner\target\classes\com\expeditors\training\course3demo\controller\SecurityController.class]
DEBUG ClassPathBeanDefinitionScanner - Identified candidate component class: file [C:\Users\chq-jamesgl\STS_work2\finalprojectgleixner\target\classes\com\expeditors\training\course3demo\controller\ShipmentController.class]
DEBUG ConfigurationClassBeanDefinitionReader - Registered bean definition for imported @Configuration class org.springframework.web.servlet.config.annotation.DelegatingWebMvcConfiguration
DEBUG ConfigurationClassBeanDefinitionReader - Registering bean definition for @Bean method org.springframework.web.servlet.config.annotation.DelegatingWebMvcConfiguration.requestMappingHandlerMapping()
DEBUG ConfigurationClassBeanDefinitionReader - Registering bean definition for @Bean method org.springframework.web.servlet.config.annotation.DelegatingWebMvcConfiguration.mvcContentNegotiationManager()
DEBUG ConfigurationClassBeanDefinitionReader - Registering bean definition for @Bean method org.springframework.web.servlet.config.annotation.DelegatingWebMvcConfiguration.viewControllerHandlerMapping()
DEBUG ConfigurationClassBeanDefinitionReader - Registering bean definition for @Bean method org.springframework.web.servlet.config.annotation.DelegatingWebMvcConfiguration.beanNameHandlerMapping()
DEBUG ConfigurationClassBeanDefinitionReader - Registering bean definition for @Bean method org.springframework.web.servlet.config.annotation.DelegatingWebMvcConfiguration.resourceHandlerMapping()
DEBUG ConfigurationClassBeanDefinitionReader - Registering bean definition for @Bean method org.springframework.web.servlet.config.annotation.DelegatingWebMvcConfiguration.defaultServletHandlerMapping()
DEBUG ConfigurationClassBeanDefinitionReader - Registering bean definition for @Bean method org.springframework.web.servlet.config.annotation.DelegatingWebMvcConfiguration.requestMappingHandlerAdapter()
DEBUG ConfigurationClassBeanDefinitionReader - Registering bean definition for @Bean method org.springframework.web.servlet.config.annotation.DelegatingWebMvcConfiguration.mvcConversionService()
DEBUG ConfigurationClassBeanDefinitionReader - Registering bean definition for @Bean method org.springframework.web.servlet.config.annotation.DelegatingWebMvcConfiguration.httpRequestHandlerAdapter()
DEBUG ConfigurationClassBeanDefinitionReader - Registering bean definition for @Bean method org.springframework.web.servlet.config.annotation.DelegatingWebMvcConfiguration.simpleControllerHandlerAdapter()
DEBUG ConfigurationClassBeanDefinitionReader - Registering bean definition for @Bean method org.springframework.web.servlet.config.annotation.DelegatingWebMvcConfiguration.handlerExceptionResolver()
DEBUG ConfigurationClassBeanDefinitionReader - Registering bean definition for @Bean method org.springframework.web.servlet.config.annotation.DelegatingWebMvcConfiguration.mvcValidator()
DEBUG ConfigurationClassBeanDefinitionReader - Registered bean definition for imported @Configuration class com.expeditors.training.course3demo.config.PersistenceJPATestConfig
DEBUG ConfigurationClassBeanDefinitionReader - Registering bean definition for @Bean method com.expeditors.training.course3demo.config.PersistenceJPATestConfig.entityManagerFactory()
DEBUG ConfigurationClassBeanDefinitionReader - Registering bean definition for @Bean method com.expeditors.training.course3demo.config.PersistenceJPATestConfig.dataSource()
DEBUG ConfigurationClassBeanDefinitionReader - Registering bean definition for @Bean method com.expeditors.training.course3demo.config.TestConfig.containerService()
DEBUG ConfigurationClassBeanDefinitionReader - Registering bean definition for @Bean method com.expeditors.training.course3demo.config.TestConfig.shipmentService()
DEBUG ConfigurationClassBeanDefinitionReader - Registering bean definition for @Bean method com.expeditors.training.course3demo.config.TestConfig.productService()
DEBUG ConfigurationClassBeanDefinitionReader - Registering bean definition for @Bean method com.expeditors.training.course3demo.config.TestConfig.viewResolver()
DEBUG ConfigurationClassEnhancer - Successfully enhanced com.expeditors.training.course3demo.config.TestConfig; enhanced class name is: com.expeditors.training.course3demo.config.TestConfig$$EnhancerByCGLIB$$aae1cafb
DEBUG ConfigurationClassPostProcessor - Replacing bean definition &apos;testConfig&apos; existing class name &apos;com.expeditors.training.course3demo.config.TestConfig&apos; with enhanced class name &apos;com.expeditors.training.course3demo.config.TestConfig$$EnhancerByCGLIB$$aae1cafb&apos;
DEBUG ConfigurationClassEnhancer - Successfully enhanced org.springframework.web.servlet.config.annotation.DelegatingWebMvcConfiguration; enhanced class name is: org.springframework.web.servlet.config.annotation.DelegatingWebMvcConfiguration$$EnhancerByCGLIB$$a164085b
DEBUG ConfigurationClassPostProcessor - Replacing bean definition &apos;org.springframework.web.servlet.config.annotation.DelegatingWebMvcConfiguration&apos; existing class name &apos;org.springframework.web.servlet.config.annotation.DelegatingWebMvcConfiguration&apos; with enhanced class name &apos;org.springframework.web.servlet.config.annotation.DelegatingWebMvcConfiguration$$EnhancerByCGLIB$$a164085b&apos;
DEBUG ConfigurationClassEnhancer - Successfully enhanced com.expeditors.training.course3demo.config.PersistenceJPATestConfig; enhanced class name is: com.expeditors.training.course3demo.config.PersistenceJPATestConfig$$EnhancerByCGLIB$$f6c89e17
DEBUG ConfigurationClassPostProcessor - Replacing bean definition &apos;com.expeditors.training.course3demo.config.PersistenceJPATestConfig&apos; existing class name &apos;com.expeditors.training.course3demo.config.PersistenceJPATestConfig&apos; with enhanced class name &apos;com.expeditors.training.course3demo.config.PersistenceJPATestConfig$$EnhancerByCGLIB$$f6c89e17&apos;
DEBUG DefaultListableBeanFactory - Creating shared instance of singleton bean &apos;org.springframework.context.annotation.internalAutowiredAnnotationProcessor&apos;
DEBUG DefaultListableBeanFactory - Creating instance of bean &apos;org.springframework.context.annotation.internalAutowiredAnnotationProcessor&apos;
DEBUG DefaultListableBeanFactory - Eagerly caching bean &apos;org.springframework.context.annotation.internalAutowiredAnnotationProcessor&apos; to allow for resolving potential circular references
DEBUG DefaultListableBeanFactory - Finished creating instance of bean &apos;org.springframework.context.annotation.internalAutowiredAnnotationProcessor&apos;
DEBUG DefaultListableBeanFactory - Creating shared instance of singleton bean &apos;org.springframework.context.annotation.internalRequiredAnnotationProcessor&apos;
DEBUG DefaultListableBeanFactory - Creating instance of bean &apos;org.springframework.context.annotation.internalRequiredAnnotationProcessor&apos;
DEBUG DefaultListableBeanFactory - Eagerly caching bean &apos;org.springframework.context.annotation.internalRequiredAnnotationProcessor&apos; to allow for resolving potential circular references
DEBUG DefaultListableBeanFactory - Finished creating instance of bean &apos;org.springframework.context.annotation.internalRequiredAnnotationProcessor&apos;
DEBUG DefaultListableBeanFactory - Creating shared instance of singleton bean &apos;org.springframework.context.annotation.internalCommonAnnotationProcessor&apos;
DEBUG DefaultListableBeanFactory - Creating instance of bean &apos;org.springframework.context.annotation.internalCommonAnnotationProcessor&apos;
DEBUG DefaultListableBeanFactory - Eagerly caching bean &apos;org.springframework.context.annotation.internalCommonAnnotationProcessor&apos; to allow for resolving potential circular references
DEBUG DefaultListableBeanFactory - Finished creating instance of bean &apos;org.springframework.context.annotation.internalCommonAnnotationProcessor&apos;
DEBUG DefaultListableBeanFactory - Creating shared instance of singleton bean &apos;org.springframework.context.annotation.internalPersistenceAnnotationProcessor&apos;
DEBUG DefaultListableBeanFactory - Creating instance of bean &apos;org.springframework.context.annotation.internalPersistenceAnnotationProcessor&apos;
DEBUG DefaultListableBeanFactory - Eagerly caching bean &apos;org.springframework.context.annotation.internalPersistenceAnnotationProcessor&apos; to allow for resolving potential circular references
DEBUG DefaultListableBeanFactory - Finished creating instance of bean &apos;org.springframework.context.annotation.internalPersistenceAnnotationProcessor&apos;
DEBUG DefaultListableBeanFactory - Creating shared instance of singleton bean &apos;org.springframework.context.annotation.ConfigurationClassPostProcessor.importAwareProcessor&apos;
DEBUG DefaultListableBeanFactory - Creating instance of bean &apos;org.springframework.context.annotation.ConfigurationClassPostProcessor.importAwareProcessor&apos;
DEBUG DefaultListableBeanFactory - Eagerly caching bean &apos;org.springframework.context.annotation.ConfigurationClassPostProcessor.importAwareProcessor&apos; to allow for resolving potential circular references
DEBUG DefaultListableBeanFactory - Finished creating instance of bean &apos;org.springframework.context.annotation.ConfigurationClassPostProcessor.importAwareProcessor&apos;
DEBUG GenericWebApplicationContext - Unable to locate MessageSource with name &apos;messageSource&apos;: using default [org.springframework.context.support.DelegatingMessageSource@515ebef3]
DEBUG GenericWebApplicationContext - Unable to locate ApplicationEventMulticaster with name &apos;applicationEventMulticaster&apos;: using default [org.springframework.context.event.SimpleApplicationEventMulticaster@545607f2]
DEBUG UiApplicationContextUtils - Unable to locate ThemeSource with name &apos;themeSource&apos;: using default [org.springframework.ui.context.support.ResourceBundleThemeSource@39109136]
DEBUG DefaultListableBeanFactory - Creating shared instance of singleton bean &apos;entityManagerFactory&apos;
DEBUG DefaultListableBeanFactory - Creating instance of bean &apos;entityManagerFactory&apos;
DEBUG DefaultListableBeanFactory - Creating shared instance of singleton bean &apos;com.expeditors.training.course3demo.config.PersistenceJPATestConfig&apos;
DEBUG DefaultListableBeanFactory - Creating instance of bean &apos;com.expeditors.training.course3demo.config.PersistenceJPATestConfig&apos;
DEBUG InjectionMetadata - Registered injected element on class [com.expeditors.training.course3demo.config.PersistenceJPATestConfig$$EnhancerByCGLIB$$f6c89e17]: AutowiredFieldElement for private org.springframework.core.env.Environment com.expeditors.training.course3demo.config.PersistenceJPATestConfig.environment
DEBUG DefaultListableBeanFactory - Eagerly caching bean &apos;com.expeditors.training.course3demo.config.PersistenceJPATestConfig&apos; to allow for resolving potential circular references
DEBUG InjectionMetadata - Processing injected method of bean &apos;com.expeditors.training.course3demo.config.PersistenceJPATestConfig&apos;: AutowiredFieldElement for private org.springframework.core.env.Environment com.expeditors.training.course3demo.config.PersistenceJPATestConfig.environment
DEBUG DefaultListableBeanFactory - Returning cached instance of singleton bean &apos;environment&apos;
DEBUG AutowiredAnnotationBeanPostProcessor - Autowiring by type from bean name &apos;com.expeditors.training.course3demo.config.PersistenceJPATestConfig&apos; to bean named &apos;environment&apos;
DEBUG DefaultListableBeanFactory - Finished creating instance of bean &apos;com.expeditors.training.course3demo.config.PersistenceJPATestConfig&apos;
DEBUG DefaultListableBeanFactory - Creating shared instance of singleton bean &apos;dataSource&apos;
DEBUG DefaultListableBeanFactory - Creating instance of bean &apos;dataSource&apos;
DEBUG DefaultListableBeanFactory - Returning cached instance of singleton bean &apos;com.expeditors.training.course3demo.config.PersistenceJPATestConfig&apos;
INFO  DriverManagerDataSource - Loaded JDBC driver: org.hsqldb.jdbcDriver
DEBUG DefaultListableBeanFactory - Eagerly caching bean &apos;dataSource&apos; to allow for resolving potential circular references
DEBUG DefaultListableBeanFactory - Finished creating instance of bean &apos;dataSource&apos;
DEBUG DefaultListableBeanFactory - Eagerly caching bean &apos;entityManagerFactory&apos; to allow for resolving potential circular references
DEBUG DefaultListableBeanFactory - Invoking afterPropertiesSet() on bean with name &apos;entityManagerFactory&apos;
DEBUG PathMatchingResourcePatternResolver - Looking for matching resources in directory tree [C:\Users\chq-jamesgl\STS_work2\finalprojectgleixner\target\classes\com\expeditors\training\course3demo\model]
DEBUG PathMatchingResourcePatternResolver - Searching directory [C:\Users\chq-jamesgl\STS_work2\finalprojectgleixner\target\classes\com\expeditors\training\course3demo\model] for files matching pattern [C:/Users/chq-jamesgl/STS_work2/finalprojectgleixner/target/classes/com/expeditors/training/course3demo/model/**/*.class]
DEBUG PathMatchingResourcePatternResolver - Resolved location pattern [classpath*:com/expeditors/training/course3demo/model/**/*.class] to resources [file [C:\Users\chq-jamesgl\STS_work2\finalprojectgleixner\target\classes\com\expeditors\training\course3demo\model\Address.class], file [C:\Users\chq-jamesgl\STS_work2\finalprojectgleixner\target\classes\com\expeditors\training\course3demo\model\Card.class], file [C:\Users\chq-jamesgl\STS_work2\finalprojectgleixner\target\classes\com\expeditors\training\course3demo\model\Container.class], file [C:\Users\chq-jamesgl\STS_work2\finalprojectgleixner\target\classes\com\expeditors\training\course3demo\model\PhoneNumber.class], file [C:\Users\chq-jamesgl\STS_work2\finalprojectgleixner\target\classes\com\expeditors\training\course3demo\model\Product.class], file [C:\Users\chq-jamesgl\STS_work2\finalprojectgleixner\target\classes\com\expeditors\training\course3demo\model\Shipment.class], file [C:\Users\chq-jamesgl\STS_work2\finalprojectgleixner\target\classes\com\expeditors\training\course3demo\model\UserAccount.class], file [C:\Users\chq-jamesgl\STS_work2\finalprojectgleixner\target\classes\com\expeditors\training\course3demo\model\UserRole.class]]
INFO  LocalContainerEntityManagerFactoryBean - Building JPA container EntityManagerFactory for persistence unit &apos;default&apos;
DEBUG BasicTypeRegistry - Adding type registration boolean -&gt; org.hibernate.type.BooleanType@71ba6d4e
DEBUG BasicTypeRegistry - Adding type registration boolean -&gt; org.hibernate.type.BooleanType@71ba6d4e
DEBUG BasicTypeRegistry - Adding type registration java.lang.Boolean -&gt; org.hibernate.type.BooleanType@71ba6d4e
DEBUG BasicTypeRegistry - Adding type registration numeric_boolean -&gt; org.hibernate.type.NumericBooleanType@d86a6f
DEBUG BasicTypeRegistry - Adding type registration true_false -&gt; org.hibernate.type.TrueFalseType@2ddc9a9f
DEBUG BasicTypeRegistry - Adding type registration yes_no -&gt; org.hibernate.type.YesNoType@46cdf8bd
DEBUG BasicTypeRegistry - Adding type registration byte -&gt; org.hibernate.type.ByteType@1ed4ae0f
DEBUG BasicTypeRegistry - Adding type registration byte -&gt; org.hibernate.type.ByteType@1ed4ae0f
DEBUG BasicTypeRegistry - Adding type registration java.lang.Byte -&gt; org.hibernate.type.ByteType@1ed4ae0f
DEBUG BasicTypeRegistry - Adding type registration character -&gt; org.hibernate.type.CharacterType@6892b3b6
DEBUG BasicTypeRegistry - Adding type registration char -&gt; org.hibernate.type.CharacterType@6892b3b6
DEBUG BasicTypeRegistry - Adding type registration java.lang.Character -&gt; org.hibernate.type.CharacterType@6892b3b6
DEBUG BasicTypeRegistry - Adding type registration short -&gt; org.hibernate.type.ShortType@5b1669c0
DEBUG BasicTypeRegistry - Adding type registration short -&gt; org.hibernate.type.ShortType@5b1669c0
DEBUG BasicTypeRegistry - Adding type registration java.lang.Short -&gt; org.hibernate.type.ShortType@5b1669c0
DEBUG BasicTypeRegistry - Adding type registration integer -&gt; org.hibernate.type.IntegerType@2eae8e6e
DEBUG BasicTypeRegistry - Adding type registration int -&gt; org.hibernate.type.IntegerType@2eae8e6e
DEBUG BasicTypeRegistry - Adding type registration java.lang.Integer -&gt; org.hibernate.type.IntegerType@2eae8e6e
DEBUG BasicTypeRegistry - Adding type registration long -&gt; org.hibernate.type.LongType@25ce9dc4
DEBUG BasicTypeRegistry - Adding type registration long -&gt; org.hibernate.type.LongType@25ce9dc4
DEBUG BasicTypeRegistry - Adding type registration java.lang.Long -&gt; org.hibernate.type.LongType@25ce9dc4
DEBUG BasicTypeRegistry - Adding type registration float -&gt; org.hibernate.type.FloatType@3e8c3cb
DEBUG BasicTypeRegistry - Adding type registration float -&gt; org.hibernate.type.FloatType@3e8c3cb
DEBUG BasicTypeRegistry - Adding type registration java.lang.Float -&gt; org.hibernate.type.FloatType@3e8c3cb
DEBUG BasicTypeRegistry - Adding type registration double -&gt; org.hibernate.type.DoubleType@3b0fe47a
DEBUG BasicTypeRegistry - Adding type registration double -&gt; org.hibernate.type.DoubleType@3b0fe47a
DEBUG BasicTypeRegistry - Adding type registration java.lang.Double -&gt; org.hibernate.type.DoubleType@3b0fe47a
DEBUG BasicTypeRegistry - Adding type registration big_decimal -&gt; org.hibernate.type.BigDecimalType@74e28667
DEBUG BasicTypeRegistry - Adding type registration java.math.BigDecimal -&gt; org.hibernate.type.BigDecimalType@74e28667
DEBUG BasicTypeRegistry - Adding type registration big_integer -&gt; org.hibernate.type.BigIntegerType@53045c6c
DEBUG BasicTypeRegistry - Adding type registration java.math.BigInteger -&gt; org.hibernate.type.BigIntegerType@53045c6c
DEBUG BasicTypeRegistry - Adding type registration string -&gt; org.hibernate.type.StringType@548d708a
DEBUG BasicTypeRegistry - Adding type registration java.lang.String -&gt; org.hibernate.type.StringType@548d708a
DEBUG BasicTypeRegistry - Adding type registration nstring -&gt; org.hibernate.type.StringNVarcharType@712625fd
DEBUG BasicTypeRegistry - Adding type registration ncharacter -&gt; org.hibernate.type.CharacterNCharType@1c5920df
DEBUG BasicTypeRegistry - Adding type registration url -&gt; org.hibernate.type.UrlType@15043a2f
DEBUG BasicTypeRegistry - Adding type registration java.net.URL -&gt; org.hibernate.type.UrlType@15043a2f
DEBUG BasicTypeRegistry - Adding type registration date -&gt; org.hibernate.type.DateType@2d901eb0
DEBUG BasicTypeRegistry - Adding type registration java.sql.Date -&gt; org.hibernate.type.DateType@2d901eb0
DEBUG BasicTypeRegistry - Adding type registration time -&gt; org.hibernate.type.TimeType@909217e
DEBUG BasicTypeRegistry - Adding type registration java.sql.Time -&gt; org.hibernate.type.TimeType@909217e
DEBUG BasicTypeRegistry - Adding type registration timestamp -&gt; org.hibernate.type.TimestampType@5e2c3d18
DEBUG BasicTypeRegistry - Adding type registration java.sql.Timestamp -&gt; org.hibernate.type.TimestampType@5e2c3d18
DEBUG BasicTypeRegistry - Adding type registration java.util.Date -&gt; org.hibernate.type.TimestampType@5e2c3d18
DEBUG BasicTypeRegistry - Adding type registration dbtimestamp -&gt; org.hibernate.type.DbTimestampType@5b218417
DEBUG BasicTypeRegistry - Adding type registration calendar -&gt; org.hibernate.type.CalendarType@273444fe
DEBUG BasicTypeRegistry - Adding type registration java.util.Calendar -&gt; org.hibernate.type.CalendarType@273444fe
DEBUG BasicTypeRegistry - Adding type registration java.util.GregorianCalendar -&gt; org.hibernate.type.CalendarType@273444fe
DEBUG BasicTypeRegistry - Adding type registration calendar_date -&gt; org.hibernate.type.CalendarDateType@5524cca1
DEBUG BasicTypeRegistry - Adding type registration locale -&gt; org.hibernate.type.LocaleType@57a78e3
DEBUG BasicTypeRegistry - Adding type registration java.util.Locale -&gt; org.hibernate.type.LocaleType@57a78e3
DEBUG BasicTypeRegistry - Adding type registration currency -&gt; org.hibernate.type.CurrencyType@5386659f
DEBUG BasicTypeRegistry - Adding type registration java.util.Currency -&gt; org.hibernate.type.CurrencyType@5386659f
DEBUG BasicTypeRegistry - Adding type registration timezone -&gt; org.hibernate.type.TimeZoneType@7ce69770
DEBUG BasicTypeRegistry - Adding type registration java.util.TimeZone -&gt; org.hibernate.type.TimeZoneType@7ce69770
DEBUG BasicTypeRegistry - Adding type registration class -&gt; org.hibernate.type.ClassType@7e057f43
DEBUG BasicTypeRegistry - Adding type registration java.lang.Class -&gt; org.hibernate.type.ClassType@7e057f43
DEBUG BasicTypeRegistry - Adding type registration uuid-binary -&gt; org.hibernate.type.UUIDBinaryType@221a3fa4
DEBUG BasicTypeRegistry - Adding type registration java.util.UUID -&gt; org.hibernate.type.UUIDBinaryType@221a3fa4
DEBUG BasicTypeRegistry - Adding type registration uuid-char -&gt; org.hibernate.type.UUIDCharType@3e08ff24
DEBUG BasicTypeRegistry - Adding type registration pg-uuid -&gt; org.hibernate.type.PostgresUUIDType@70ed52de
DEBUG BasicTypeRegistry - Adding type registration binary -&gt; org.hibernate.type.BinaryType@7c37508a
DEBUG BasicTypeRegistry - Adding type registration byte[] -&gt; org.hibernate.type.BinaryType@7c37508a
DEBUG BasicTypeRegistry - Adding type registration [B -&gt; org.hibernate.type.BinaryType@7c37508a
DEBUG BasicTypeRegistry - Adding type registration wrapper-binary -&gt; org.hibernate.type.WrapperBinaryType@4a003cbe
DEBUG BasicTypeRegistry - Adding type registration Byte[] -&gt; org.hibernate.type.WrapperBinaryType@4a003cbe
DEBUG BasicTypeRegistry - Adding type registration [Ljava.lang.Byte; -&gt; org.hibernate.type.WrapperBinaryType@4a003cbe
DEBUG BasicTypeRegistry - Adding type registration image -&gt; org.hibernate.type.ImageType@359df09a
DEBUG BasicTypeRegistry - Adding type registration characters -&gt; org.hibernate.type.CharArrayType@19932c16
DEBUG BasicTypeRegistry - Adding type registration char[] -&gt; org.hibernate.type.CharArrayType@19932c16
DEBUG BasicTypeRegistry - Adding type registration [C -&gt; org.hibernate.type.CharArrayType@19932c16
DEBUG BasicTypeRegistry - Adding type registration wrapper-characters -&gt; org.hibernate.type.CharacterArrayType@1972e513
DEBUG BasicTypeRegistry - Adding type registration [Ljava.lang.Character; -&gt; org.hibernate.type.CharacterArrayType@1972e513
DEBUG BasicTypeRegistry - Adding type registration Character[] -&gt; org.hibernate.type.CharacterArrayType@1972e513
DEBUG BasicTypeRegistry - Adding type registration text -&gt; org.hibernate.type.TextType@1040be71
DEBUG BasicTypeRegistry - Adding type registration ntext -&gt; org.hibernate.type.NTextType@7fd50002
DEBUG BasicTypeRegistry - Adding type registration blob -&gt; org.hibernate.type.BlobType@7d900ecf
DEBUG BasicTypeRegistry - Adding type registration java.sql.Blob -&gt; org.hibernate.type.BlobType@7d900ecf
DEBUG BasicTypeRegistry - Adding type registration materialized_blob -&gt; org.hibernate.type.MaterializedBlobType@1a245833
DEBUG BasicTypeRegistry - Adding type registration clob -&gt; org.hibernate.type.ClobType@15a34df2
DEBUG BasicTypeRegistry - Adding type registration java.sql.Clob -&gt; org.hibernate.type.ClobType@15a34df2
DEBUG BasicTypeRegistry - Adding type registration nclob -&gt; org.hibernate.type.NClobType@5e7cd6cc
DEBUG BasicTypeRegistry - Adding type registration java.sql.NClob -&gt; org.hibernate.type.NClobType@5e7cd6cc
DEBUG BasicTypeRegistry - Adding type registration materialized_clob -&gt; org.hibernate.type.MaterializedClobType@2dfaea86
DEBUG BasicTypeRegistry - Adding type registration materialized_nclob -&gt; org.hibernate.type.MaterializedNClobType@14fc5f04
DEBUG BasicTypeRegistry - Adding type registration serializable -&gt; org.hibernate.type.SerializableType@333d4a8c
DEBUG BasicTypeRegistry - Adding type registration object -&gt; org.hibernate.type.ObjectType@60f00693
DEBUG BasicTypeRegistry - Adding type registration java.lang.Object -&gt; org.hibernate.type.ObjectType@60f00693
DEBUG BasicTypeRegistry - Adding type registration imm_date -&gt; org.hibernate.type.AdaptedImmutableType@67403656
DEBUG BasicTypeRegistry - Adding type registration imm_time -&gt; org.hibernate.type.AdaptedImmutableType@5a6482a9
DEBUG BasicTypeRegistry - Adding type registration imm_timestamp -&gt; org.hibernate.type.AdaptedImmutableType@7f9ab969
DEBUG BasicTypeRegistry - Adding type registration imm_dbtimestamp -&gt; org.hibernate.type.AdaptedImmutableType@12f8b1d8
DEBUG BasicTypeRegistry - Adding type registration imm_calendar -&gt; org.hibernate.type.AdaptedImmutableType@746cd757
DEBUG BasicTypeRegistry - Adding type registration imm_calendar_date -&gt; org.hibernate.type.AdaptedImmutableType@ae372b9
DEBUG BasicTypeRegistry - Adding type registration imm_binary -&gt; org.hibernate.type.AdaptedImmutableType@2098d37d
DEBUG BasicTypeRegistry - Adding type registration imm_serializable -&gt; org.hibernate.type.AdaptedImmutableType@77b9d0c7
DEBUG DefaultIdentifierGeneratorFactory - Registering IdentifierGenerator strategy [uuid2] -&gt; [org.hibernate.id.UUIDGenerator]
DEBUG DefaultIdentifierGeneratorFactory - Registering IdentifierGenerator strategy [guid] -&gt; [org.hibernate.id.GUIDGenerator]
DEBUG DefaultIdentifierGeneratorFactory - Registering IdentifierGenerator strategy [uuid] -&gt; [org.hibernate.id.UUIDHexGenerator]
DEBUG DefaultIdentifierGeneratorFactory - Registering IdentifierGenerator strategy [uuid.hex] -&gt; [org.hibernate.id.UUIDHexGenerator]
DEBUG DefaultIdentifierGeneratorFactory - Registering IdentifierGenerator strategy [hilo] -&gt; [org.hibernate.id.TableHiLoGenerator]
DEBUG DefaultIdentifierGeneratorFactory - Registering IdentifierGenerator strategy [assigned] -&gt; [org.hibernate.id.Assigned]
DEBUG DefaultIdentifierGeneratorFactory - Registering IdentifierGenerator strategy [identity] -&gt; [org.hibernate.id.IdentityGenerator]
DEBUG DefaultIdentifierGeneratorFactory - Registering IdentifierGenerator strategy [select] -&gt; [org.hibernate.id.SelectGenerator]
DEBUG DefaultIdentifierGeneratorFactory - Registering IdentifierGenerator strategy [sequence] -&gt; [org.hibernate.id.SequenceGenerator]
DEBUG DefaultIdentifierGeneratorFactory - Registering IdentifierGenerator strategy [seqhilo] -&gt; [org.hibernate.id.SequenceHiLoGenerator]
DEBUG DefaultIdentifierGeneratorFactory - Registering IdentifierGenerator strategy [increment] -&gt; [org.hibernate.id.IncrementGenerator]
DEBUG DefaultIdentifierGeneratorFactory - Registering IdentifierGenerator strategy [foreign] -&gt; [org.hibernate.id.ForeignGenerator]
DEBUG DefaultIdentifierGeneratorFactory - Registering IdentifierGenerator strategy [sequence-identity] -&gt; [org.hibernate.id.SequenceIdentityGenerator]
DEBUG DefaultIdentifierGeneratorFactory - Registering IdentifierGenerator strategy [enhanced-sequence] -&gt; [org.hibernate.id.enhanced.SequenceStyleGenerator]
DEBUG DefaultIdentifierGeneratorFactory - Registering IdentifierGenerator strategy [enhanced-table] -&gt; [org.hibernate.id.enhanced.TableGenerator]
DEBUG Ejb3Configuration - Processing PersistenceUnitInfo [
	name: default
	persistence provider classname: null
	classloader: sun.misc.Launcher$AppClassLoader@6bc7c054
	Temporary classloader: org.springframework.instrument.classloading.SimpleThrowawayClassLoader@65fd6708
	excludeUnlistedClasses: true
	JTA datasource: null
	Non JTA datasource: org.springframework.jdbc.datasource.DriverManagerDataSource@749ab7b4
	Transaction type: RESOURCE_LOCAL
	PU root URL: file:/C:/Users/chq-jamesgl/STS_work2/finalprojectgleixner/target/test-classes/
	Shared Cache Mode: UNSPECIFIED
	Validation Mode: AUTO
	Jar files URLs []
	Managed classes names [
		com.expeditors.training.course3demo.model.Address
		com.expeditors.training.course3demo.model.Card
		com.expeditors.training.course3demo.model.Container
		com.expeditors.training.course3demo.model.PhoneNumber
		com.expeditors.training.course3demo.model.Product
		com.expeditors.training.course3demo.model.Shipment
		com.expeditors.training.course3demo.model.UserAccount
		com.expeditors.training.course3demo.model.UserRole]
	Mapping files names []
	Properties []
DEBUG Ejb3Configuration - Detect class: true; detect hbm: true
DEBUG AbstractJarVisitor - Searching mapped entities in jar/par: file:/C:/Users/chq-jamesgl/STS_work2/finalprojectgleixner/target/test-classes/
DEBUG AbstractJarVisitor - Filtering: com.expeditors.training.course3demo.config.PersistenceJPATestConfig
DEBUG AbstractJarVisitor - Filtering: com.expeditors.training.course3demo.config.ServiceTestConfig
DEBUG AbstractJarVisitor - Filtering: com.expeditors.training.course3demo.config.TestConfig
DEBUG AbstractJarVisitor - Filtering: com.expeditors.training.course3demo.controller.ContainerControllerTest
DEBUG AbstractJarVisitor - Filtering: com.expeditors.training.course3demo.controller.ProductControllerTest
DEBUG AbstractJarVisitor - Filtering: com.expeditors.training.course3demo.controller.ShipmentControllerTest
DEBUG AbstractJarVisitor - Filtering: com.expeditors.training.course3demo.service.ContainerServiceTest
DEBUG AbstractJarVisitor - Filtering: com.expeditors.training.course3demo.service.ProductServiceTest
DEBUG AbstractJarVisitor - Filtering: com.expeditors.training.course3demo.service.ShipmentServiceTest
DEBUG IntegratorServiceImpl - Adding Integrator [org.hibernate.cfg.beanvalidation.BeanValidationIntegrator].
DEBUG IntegratorServiceImpl - Adding Integrator [org.hibernate.ejb.event.JpaIntegrator].
DEBUG NamingHelper - No JNDI name configured for binding Ejb3Configuration
DEBUG Configuration - Preparing to build session factory with filters : {}
DEBUG Configuration - Processing hbm.xml files
DEBUG Configuration - Process annotated classes
DEBUG AnnotationBinder - Binding entity from annotated class: com.expeditors.training.course3demo.model.Address
DEBUG Ejb3Column - Binding column: Ejb3DiscriminatorColumn{logicalColumnName&apos;DTYPE&apos;, discriminatorTypeName=&apos;string&apos;}
DEBUG EntityBinder - Import with entity name Address
DEBUG EntityBinder - Bind entity com.expeditors.training.course3demo.model.Address on table ADDRESS
DEBUG Ejb3Column - Binding column: Ejb3Column{table=org.hibernate.mapping.Table(ADDRESS), mappingColumn=ADDRESS_ID, insertable=true, updatable=true, unique=false}
DEBUG PropertyBinder - MetadataSourceProcessor property id with lazy=false
DEBUG SimpleValueBinder - building SimpleValue for id
DEBUG PropertyBinder - Building property id
DEBUG Ejb3Column - Binding column: Ejb3Column{table=org.hibernate.mapping.Table(ADDRESS), mappingColumn=city, insertable=true, updatable=true, unique=false}
DEBUG PropertyBinder - MetadataSourceProcessor property city with lazy=false
DEBUG SimpleValueBinder - building SimpleValue for city
DEBUG PropertyBinder - Building property city
DEBUG Ejb3Column - Binding column: Ejb3Column{table=org.hibernate.mapping.Table(ADDRESS), mappingColumn=state, insertable=true, updatable=true, unique=false}
DEBUG PropertyBinder - MetadataSourceProcessor property state with lazy=false
DEBUG SimpleValueBinder - building SimpleValue for state
DEBUG PropertyBinder - Building property state
DEBUG Ejb3Column - Binding column: Ejb3Column{table=org.hibernate.mapping.Table(ADDRESS), mappingColumn=street, insertable=true, updatable=true, unique=false}
DEBUG PropertyBinder - MetadataSourceProcessor property street with lazy=false
DEBUG SimpleValueBinder - building SimpleValue for street
DEBUG PropertyBinder - Building property street
DEBUG AnnotationBinder - Binding entity from annotated class: com.expeditors.training.course3demo.model.Card
DEBUG Ejb3Column - Binding column: Ejb3DiscriminatorColumn{logicalColumnName&apos;DTYPE&apos;, discriminatorTypeName=&apos;string&apos;}
DEBUG EntityBinder - Import with entity name Card
DEBUG EntityBinder - Bind entity com.expeditors.training.course3demo.model.Card on table CARD
DEBUG Ejb3Column - Binding column: Ejb3Column{table=org.hibernate.mapping.Table(CARD), mappingColumn=CARD_ID, insertable=true, updatable=true, unique=false}
DEBUG PropertyBinder - MetadataSourceProcessor property id with lazy=false
DEBUG SimpleValueBinder - building SimpleValue for id
DEBUG PropertyBinder - Building property id
DEBUG Ejb3Column - Binding column: Ejb3JoinColumn{logicalColumnName=&apos;address&apos;, referencedColumn=&apos;&apos;, mappedBy=&apos;&apos;}
DEBUG Ejb3Column - Binding column: Ejb3Column{table=org.hibernate.mapping.Table(CARD), mappingColumn=address, insertable=true, updatable=true, unique=false}
DEBUG PropertyBinder - Building property address
DEBUG Ejb3Column - Binding column: Ejb3Column{table=org.hibernate.mapping.Table(CARD), mappingColumn=amount, insertable=true, updatable=true, unique=false}
DEBUG PropertyBinder - MetadataSourceProcessor property amount with lazy=false
DEBUG SimpleValueBinder - building SimpleValue for amount
DEBUG PropertyBinder - Building property amount
DEBUG Ejb3Column - Binding column: Ejb3Column{table=org.hibernate.mapping.Table(CARD), mappingColumn=CARD_NUMBER, insertable=true, updatable=true, unique=false}
DEBUG PropertyBinder - MetadataSourceProcessor property number with lazy=false
DEBUG SimpleValueBinder - building SimpleValue for number
DEBUG PropertyBinder - Building property number
DEBUG Ejb3Column - Binding column: Ejb3Column{table=org.hibernate.mapping.Table(CARD), mappingColumn=OWNER_NAME, insertable=true, updatable=true, unique=false}
DEBUG PropertyBinder - MetadataSourceProcessor property owner with lazy=false
DEBUG SimpleValueBinder - building SimpleValue for owner
DEBUG PropertyBinder - Building property owner
DEBUG Ejb3Column - Binding column: Ejb3JoinColumn{logicalColumnName=&apos;null&apos;, referencedColumn=&apos;null&apos;, mappedBy=&apos;card&apos;}
DEBUG Ejb3Column - Binding column: Ejb3Column{table=org.hibernate.mapping.Table(CARD), mappingColumn=phoneNumbers, insertable=true, updatable=true, unique=false}
DEBUG Ejb3Column - Binding column: Ejb3Column{table=org.hibernate.mapping.Table(CARD), mappingColumn=index, insertable=true, updatable=true, unique=false}
DEBUG Ejb3Column - Binding column: Ejb3Column{table=org.hibernate.mapping.Table(CARD), mappingColumn=element, insertable=true, updatable=true, unique=false}
DEBUG Ejb3Column - Binding column: Ejb3Column{table=org.hibernate.mapping.Table(CARD), mappingColumn=phoneNumbers_KEY, insertable=true, updatable=true, unique=false}
DEBUG Ejb3Column - Binding column: Ejb3JoinColumn{logicalColumnName=&apos;phoneNumbers_KEY&apos;, referencedColumn=&apos;null&apos;, mappedBy=&apos;null&apos;}
DEBUG Ejb3Column - Binding column: Ejb3JoinColumn{logicalColumnName=&apos;null&apos;, referencedColumn=&apos;null&apos;, mappedBy=&apos;card&apos;}
DEBUG Ejb3Column - Binding column: Ejb3JoinColumn{logicalColumnName=&apos;null&apos;, referencedColumn=&apos;null&apos;, mappedBy=&apos;card&apos;}
DEBUG CollectionBinder - Collection role: com.expeditors.training.course3demo.model.Card.phoneNumbers
DEBUG PropertyBinder - Building property phoneNumbers
DEBUG AnnotationBinder - Binding entity from annotated class: com.expeditors.training.course3demo.model.Container
DEBUG Ejb3Column - Binding column: Ejb3DiscriminatorColumn{logicalColumnName&apos;DTYPE&apos;, discriminatorTypeName=&apos;string&apos;}
DEBUG EntityBinder - Import with entity name Container
DEBUG EntityBinder - Bind entity com.expeditors.training.course3demo.model.Container on table Container
DEBUG Ejb3Column - Binding column: Ejb3Column{table=org.hibernate.mapping.Table(Container), mappingColumn=CONTAINER_ID, insertable=true, updatable=true, unique=false}
DEBUG PropertyBinder - MetadataSourceProcessor property id with lazy=false
DEBUG SimpleValueBinder - building SimpleValue for id
DEBUG PropertyBinder - Building property id
DEBUG Ejb3Column - Binding column: Ejb3Column{table=org.hibernate.mapping.Table(Container), mappingColumn=capacity, insertable=true, updatable=true, unique=false}
DEBUG PropertyBinder - MetadataSourceProcessor property capacity with lazy=false
DEBUG SimpleValueBinder - building SimpleValue for capacity
DEBUG PropertyBinder - Building property capacity
DEBUG Ejb3Column - Binding column: Ejb3Column{table=org.hibernate.mapping.Table(Container), mappingColumn=destination, insertable=true, updatable=true, unique=false}
DEBUG PropertyBinder - MetadataSourceProcessor property destination with lazy=false
DEBUG SimpleValueBinder - building SimpleValue for destination
DEBUG PropertyBinder - Building property destination
DEBUG Ejb3Column - Binding column: Ejb3Column{table=org.hibernate.mapping.Table(Container), mappingColumn=location, insertable=true, updatable=true, unique=false}
DEBUG PropertyBinder - MetadataSourceProcessor property location with lazy=false
DEBUG SimpleValueBinder - building SimpleValue for location
DEBUG PropertyBinder - Building property location
DEBUG Ejb3Column - Binding column: Ejb3Column{table=org.hibernate.mapping.Table(Container), mappingColumn=name, insertable=true, updatable=true, unique=false}
DEBUG PropertyBinder - MetadataSourceProcessor property name with lazy=false
DEBUG SimpleValueBinder - building SimpleValue for name
DEBUG PropertyBinder - Building property name
DEBUG Ejb3Column - Binding column: Ejb3Column{table=org.hibernate.mapping.Table(Container), mappingColumn=status, insertable=true, updatable=true, unique=false}
DEBUG PropertyBinder - MetadataSourceProcessor property status with lazy=false
DEBUG SimpleValueBinder - building SimpleValue for status
DEBUG PropertyBinder - Building property status
DEBUG AnnotationBinder - Binding entity from annotated class: com.expeditors.training.course3demo.model.PhoneNumber
DEBUG Ejb3Column - Binding column: Ejb3DiscriminatorColumn{logicalColumnName&apos;DTYPE&apos;, discriminatorTypeName=&apos;string&apos;}
DEBUG EntityBinder - Import with entity name PhoneNumber
DEBUG EntityBinder - Bind entity com.expeditors.training.course3demo.model.PhoneNumber on table PHONE_NUMBER
DEBUG Ejb3Column - Binding column: Ejb3Column{table=org.hibernate.mapping.Table(PHONE_NUMBER), mappingColumn=PHONE_NUMBER_ID, insertable=true, updatable=true, unique=false}
DEBUG PropertyBinder - MetadataSourceProcessor property id with lazy=false
DEBUG SimpleValueBinder - building SimpleValue for id
DEBUG PropertyBinder - Building property id
DEBUG Ejb3Column - Binding column: Ejb3JoinColumn{logicalColumnName=&apos;CARD_ID&apos;, referencedColumn=&apos;&apos;, mappedBy=&apos;&apos;}
DEBUG Ejb3Column - Binding column: Ejb3Column{table=org.hibernate.mapping.Table(PHONE_NUMBER), mappingColumn=card, insertable=true, updatable=true, unique=false}
DEBUG PropertyBinder - Building property card
DEBUG Ejb3Column - Binding column: Ejb3Column{table=org.hibernate.mapping.Table(PHONE_NUMBER), mappingColumn=PHONE_NUMBER, insertable=true, updatable=true, unique=false}
DEBUG PropertyBinder - MetadataSourceProcessor property number with lazy=false
DEBUG SimpleValueBinder - building SimpleValue for number
DEBUG PropertyBinder - Building property number
DEBUG AnnotationBinder - Binding entity from annotated class: com.expeditors.training.course3demo.model.Product
DEBUG Ejb3Column - Binding column: Ejb3DiscriminatorColumn{logicalColumnName&apos;DTYPE&apos;, discriminatorTypeName=&apos;string&apos;}
DEBUG EntityBinder - Import with entity name Product
DEBUG EntityBinder - Bind entity com.expeditors.training.course3demo.model.Product on table PRODUCT
DEBUG Ejb3Column - Binding column: Ejb3Column{table=org.hibernate.mapping.Table(PRODUCT), mappingColumn=PRODUCT_ID, insertable=true, updatable=true, unique=false}
DEBUG PropertyBinder - MetadataSourceProcessor property id with lazy=false
DEBUG SimpleValueBinder - building SimpleValue for id
DEBUG PropertyBinder - Building property id
DEBUG Ejb3Column - Binding column: Ejb3Column{table=org.hibernate.mapping.Table(PRODUCT), mappingColumn=description, insertable=true, updatable=true, unique=false}
DEBUG PropertyBinder - MetadataSourceProcessor property description with lazy=false
DEBUG SimpleValueBinder - building SimpleValue for description
DEBUG PropertyBinder - Building property description
DEBUG Ejb3Column - Binding column: Ejb3Column{table=org.hibernate.mapping.Table(PRODUCT), mappingColumn=name, insertable=true, updatable=true, unique=false}
DEBUG PropertyBinder - MetadataSourceProcessor property name with lazy=false
DEBUG SimpleValueBinder - building SimpleValue for name
DEBUG PropertyBinder - Building property name
DEBUG Ejb3Column - Binding column: Ejb3Column{table=org.hibernate.mapping.Table(PRODUCT), mappingColumn=price, insertable=true, updatable=true, unique=false}
DEBUG PropertyBinder - MetadataSourceProcessor property price with lazy=false
DEBUG SimpleValueBinder - building SimpleValue for price
DEBUG PropertyBinder - Building property price
DEBUG AnnotationBinder - Binding entity from annotated class: com.expeditors.training.course3demo.model.Shipment
DEBUG Ejb3Column - Binding column: Ejb3DiscriminatorColumn{logicalColumnName&apos;DTYPE&apos;, discriminatorTypeName=&apos;string&apos;}
DEBUG EntityBinder - Import with entity name Shipment
DEBUG EntityBinder - Bind entity com.expeditors.training.course3demo.model.Shipment on table Shipment
DEBUG Ejb3Column - Binding column: Ejb3Column{table=org.hibernate.mapping.Table(Shipment), mappingColumn=SHIPMENT_ID, insertable=true, updatable=true, unique=false}
DEBUG PropertyBinder - MetadataSourceProcessor property id with lazy=false
DEBUG SimpleValueBinder - building SimpleValue for id
DEBUG PropertyBinder - Building property id
DEBUG Ejb3Column - Binding column: Ejb3Column{table=org.hibernate.mapping.Table(Shipment), mappingColumn=destination, insertable=true, updatable=true, unique=false}
DEBUG PropertyBinder - MetadataSourceProcessor property destination with lazy=false
DEBUG SimpleValueBinder - building SimpleValue for destination
DEBUG PropertyBinder - Building property destination
DEBUG Ejb3Column - Binding column: Ejb3Column{table=org.hibernate.mapping.Table(Shipment), mappingColumn=name, insertable=true, updatable=true, unique=false}
DEBUG PropertyBinder - MetadataSourceProcessor property name with lazy=false
DEBUG SimpleValueBinder - building SimpleValue for name
DEBUG PropertyBinder - Building property name
DEBUG Ejb3Column - Binding column: Ejb3Column{table=org.hibernate.mapping.Table(Shipment), mappingColumn=origin, insertable=true, updatable=true, unique=false}
DEBUG PropertyBinder - MetadataSourceProcessor property origin with lazy=false
DEBUG SimpleValueBinder - building SimpleValue for origin
DEBUG PropertyBinder - Building property origin
DEBUG Ejb3Column - Binding column: Ejb3Column{table=org.hibernate.mapping.Table(Shipment), mappingColumn=volume, insertable=true, updatable=true, unique=false}
DEBUG PropertyBinder - MetadataSourceProcessor property volume with lazy=false
DEBUG SimpleValueBinder - building SimpleValue for volume
DEBUG PropertyBinder - Building property volume
DEBUG AnnotationBinder - Binding entity from annotated class: com.expeditors.training.course3demo.model.UserAccount
DEBUG Ejb3Column - Binding column: Ejb3DiscriminatorColumn{logicalColumnName&apos;DTYPE&apos;, discriminatorTypeName=&apos;string&apos;}
DEBUG EntityBinder - Import with entity name UserAccount
DEBUG EntityBinder - Bind entity com.expeditors.training.course3demo.model.UserAccount on table USERACCOUNT
DEBUG Ejb3Column - Binding column: Ejb3Column{table=org.hibernate.mapping.Table(USERACCOUNT), mappingColumn=USER_ID, insertable=true, updatable=true, unique=false}
DEBUG PropertyBinder - MetadataSourceProcessor property id with lazy=false
DEBUG SimpleValueBinder - building SimpleValue for id
DEBUG PropertyBinder - Building property id
DEBUG Ejb3Column - Binding column: Ejb3Column{table=org.hibernate.mapping.Table(USERACCOUNT), mappingColumn=enabled, insertable=true, updatable=true, unique=false}
DEBUG PropertyBinder - MetadataSourceProcessor property enabled with lazy=false
DEBUG SimpleValueBinder - building SimpleValue for enabled
DEBUG PropertyBinder - Building property enabled
DEBUG Ejb3Column - Binding column: Ejb3Column{table=org.hibernate.mapping.Table(USERACCOUNT), mappingColumn=password, insertable=true, updatable=true, unique=false}
DEBUG PropertyBinder - MetadataSourceProcessor property password with lazy=false
DEBUG SimpleValueBinder - building SimpleValue for password
DEBUG PropertyBinder - Building property password
DEBUG Ejb3Column - Binding column: Ejb3JoinColumn{logicalColumnName=&apos;null&apos;, referencedColumn=&apos;null&apos;, mappedBy=&apos;userAccount&apos;}
DEBUG Ejb3Column - Binding column: Ejb3Column{table=org.hibernate.mapping.Table(USERACCOUNT), mappingColumn=userRoles, insertable=true, updatable=true, unique=false}
DEBUG Ejb3Column - Binding column: Ejb3Column{table=org.hibernate.mapping.Table(USERACCOUNT), mappingColumn=null, insertable=true, updatable=true, unique=false}
DEBUG Ejb3Column - Binding column: Ejb3Column{table=org.hibernate.mapping.Table(USERACCOUNT), mappingColumn=element, insertable=true, updatable=true, unique=false}
DEBUG Ejb3Column - Binding column: Ejb3Column{table=org.hibernate.mapping.Table(USERACCOUNT), mappingColumn=userRoles_KEY, insertable=true, updatable=true, unique=false}
DEBUG Ejb3Column - Binding column: Ejb3JoinColumn{logicalColumnName=&apos;userRoles_KEY&apos;, referencedColumn=&apos;null&apos;, mappedBy=&apos;null&apos;}
DEBUG Ejb3Column - Binding column: Ejb3JoinColumn{logicalColumnName=&apos;null&apos;, referencedColumn=&apos;null&apos;, mappedBy=&apos;userAccount&apos;}
DEBUG Ejb3Column - Binding column: Ejb3JoinColumn{logicalColumnName=&apos;null&apos;, referencedColumn=&apos;null&apos;, mappedBy=&apos;userAccount&apos;}
DEBUG CollectionBinder - Collection role: com.expeditors.training.course3demo.model.UserAccount.userRoles
DEBUG PropertyBinder - Building property userRoles
DEBUG Ejb3Column - Binding column: Ejb3Column{table=org.hibernate.mapping.Table(USERACCOUNT), mappingColumn=username, insertable=true, updatable=true, unique=false}
DEBUG PropertyBinder - MetadataSourceProcessor property username with lazy=false
DEBUG SimpleValueBinder - building SimpleValue for username
DEBUG PropertyBinder - Building property username
DEBUG AnnotationBinder - Binding entity from annotated class: com.expeditors.training.course3demo.model.UserRole
DEBUG Ejb3Column - Binding column: Ejb3DiscriminatorColumn{logicalColumnName&apos;DTYPE&apos;, discriminatorTypeName=&apos;string&apos;}
DEBUG EntityBinder - Import with entity name UserRole
DEBUG EntityBinder - Bind entity com.expeditors.training.course3demo.model.UserRole on table USERROLE
DEBUG Ejb3Column - Binding column: Ejb3Column{table=org.hibernate.mapping.Table(USERROLE), mappingColumn=ROLE_ID, insertable=true, updatable=true, unique=false}
DEBUG PropertyBinder - MetadataSourceProcessor property id with lazy=false
DEBUG SimpleValueBinder - building SimpleValue for id
DEBUG PropertyBinder - Building property id
DEBUG Ejb3Column - Binding column: Ejb3Column{table=org.hibernate.mapping.Table(USERROLE), mappingColumn=ROLE_NAME, insertable=true, updatable=true, unique=false}
DEBUG PropertyBinder - MetadataSourceProcessor property role with lazy=false
DEBUG SimpleValueBinder - building SimpleValue for role
DEBUG PropertyBinder - Building property role
DEBUG Ejb3Column - Binding column: Ejb3JoinColumn{logicalColumnName=&apos;ROLE_OWNER&apos;, referencedColumn=&apos;&apos;, mappedBy=&apos;&apos;}
DEBUG Ejb3Column - Binding column: Ejb3Column{table=org.hibernate.mapping.Table(USERROLE), mappingColumn=userAccount, insertable=true, updatable=true, unique=false}
DEBUG PropertyBinder - Building property userAccount
DEBUG SimpleValueBinder - Setting SimpleValue typeName for id
DEBUG SimpleValueBinder - Setting SimpleValue typeName for city
DEBUG SimpleValueBinder - Setting SimpleValue typeName for state
DEBUG SimpleValueBinder - Setting SimpleValue typeName for street
DEBUG SimpleValueBinder - Setting SimpleValue typeName for id
DEBUG SimpleValueBinder - Setting SimpleValue typeName for amount
DEBUG SimpleValueBinder - Setting SimpleValue typeName for number
DEBUG SimpleValueBinder - Setting SimpleValue typeName for owner
DEBUG SimpleValueBinder - Setting SimpleValue typeName for id
DEBUG SimpleValueBinder - Setting SimpleValue typeName for capacity
DEBUG SimpleValueBinder - Setting SimpleValue typeName for destination
DEBUG SimpleValueBinder - Setting SimpleValue typeName for location
DEBUG SimpleValueBinder - Setting SimpleValue typeName for name
DEBUG SimpleValueBinder - Setting SimpleValue typeName for status
DEBUG SimpleValueBinder - Setting SimpleValue typeName for id
DEBUG SimpleValueBinder - Setting SimpleValue typeName for number
DEBUG SimpleValueBinder - Setting SimpleValue typeName for id
DEBUG SimpleValueBinder - Setting SimpleValue typeName for description
DEBUG SimpleValueBinder - Setting SimpleValue typeName for name
DEBUG SimpleValueBinder - Setting SimpleValue typeName for price
DEBUG SimpleValueBinder - Setting SimpleValue typeName for id
DEBUG SimpleValueBinder - Setting SimpleValue typeName for destination
DEBUG SimpleValueBinder - Setting SimpleValue typeName for name
DEBUG SimpleValueBinder - Setting SimpleValue typeName for origin
DEBUG SimpleValueBinder - Setting SimpleValue typeName for volume
DEBUG SimpleValueBinder - Setting SimpleValue typeName for id
DEBUG SimpleValueBinder - Setting SimpleValue typeName for enabled
DEBUG SimpleValueBinder - Setting SimpleValue typeName for password
DEBUG SimpleValueBinder - Setting SimpleValue typeName for username
DEBUG SimpleValueBinder - Setting SimpleValue typeName for id
DEBUG SimpleValueBinder - Setting SimpleValue typeName for role
DEBUG Configuration - Processing fk mappings (*ToOne and JoinedSubclass)
DEBUG Configuration - Processing extends queue
DEBUG Configuration - Processing extends queue
DEBUG Configuration - Processing collection mappings
DEBUG CollectionSecondPass - Second pass for collection: com.expeditors.training.course3demo.model.Card.phoneNumbers
DEBUG CollectionBinder - Binding a OneToMany: com.expeditors.training.course3demo.model.Card.phoneNumbers through a foreign key
DEBUG CollectionBinder - Mapping collection: com.expeditors.training.course3demo.model.Card.phoneNumbers -&gt; PHONE_NUMBER
DEBUG TableBinder - Retrieving property com.expeditors.training.course3demo.model.PhoneNumber.card
DEBUG SimpleValueBinder - building SimpleValue for null
DEBUG SimpleValueBinder - Setting SimpleValue typeName for null
DEBUG CollectionSecondPass - Mapped collection key: CARD_ID, index: index, one-to-many: com.expeditors.training.course3demo.model.PhoneNumber
DEBUG CollectionSecondPass - Second pass for collection: com.expeditors.training.course3demo.model.UserAccount.userRoles
DEBUG CollectionBinder - Binding a OneToMany: com.expeditors.training.course3demo.model.UserAccount.userRoles through a foreign key
DEBUG CollectionBinder - Mapping collection: com.expeditors.training.course3demo.model.UserAccount.userRoles -&gt; USERROLE
DEBUG TableBinder - Retrieving property com.expeditors.training.course3demo.model.UserRole.userAccount
DEBUG CollectionSecondPass - Mapped collection key: ROLE_OWNER, one-to-many: com.expeditors.training.course3demo.model.UserRole
DEBUG Configuration - Processing native query and ResultSetMapping mappings
DEBUG Configuration - Processing association property references
DEBUG Configuration - Creating tables&apos; unique integer identifiers
DEBUG Configuration - Processing foreign key constraints
DEBUG Configuration - Resolving reference to class: com.expeditors.training.course3demo.model.Address
DEBUG Configuration - Resolving reference to class: com.expeditors.training.course3demo.model.Card
DEBUG Configuration - Resolving reference to class: com.expeditors.training.course3demo.model.UserAccount
INFO  ConnectionProviderInitiator - HHH000130: Instantiating explicit connection provider: org.hibernate.ejb.connection.InjectedDataSourceConnectionProvider
DEBUG DriverManagerDataSource - Creating new JDBC DriverManager Connection to [jdbc:hsqldb:mem:paging]
DEBUG JdbcServicesImpl - Database -&gt;
       name : HSQL Database Engine
    version : 2.2.4
      major : 2
      minor : 2
DEBUG JdbcServicesImpl - Driver -&gt;
       name : HSQL Database Engine Driver
    version : 2.2.4
      major : 2
      minor : 2
DEBUG JdbcServicesImpl - JDBC version : 4.0
INFO  Dialect - HHH000400: Using dialect: org.hibernate.dialect.HSQLDialect
DEBUG SettingsFactory - Automatic flush during beforeCompletion(): disabled
DEBUG SettingsFactory - Automatic session close at end of transaction: disabled
DEBUG SettingsFactory - JDBC batch size: 15
DEBUG SettingsFactory - JDBC batch updates for versioned data: disabled
DEBUG SettingsFactory - Scrollable result sets: enabled
DEBUG SettingsFactory - Wrap result sets: disabled
DEBUG SettingsFactory - JDBC3 getGeneratedKeys(): enabled
DEBUG SettingsFactory - multi-tenancy strategy : NONE
DEBUG SettingsFactory - Connection release mode: auto
INFO  TransactionFactoryInitiator - HHH000268: Transaction strategy: org.hibernate.engine.transaction.internal.jdbc.JdbcTransactionFactory
DEBUG SettingsFactory - Using BatchFetchStyle : LEGACY
DEBUG SettingsFactory - Default batch fetch size: 1
DEBUG SettingsFactory - Generate SQL with comments: disabled
DEBUG SettingsFactory - Order SQL updates by primary key: disabled
DEBUG SettingsFactory - Order SQL inserts for batching: disabled
DEBUG SettingsFactory - Default null ordering: none
DEBUG SettingsFactory - Query translator: org.hibernate.hql.internal.ast.ASTQueryTranslatorFactory
INFO  ASTQueryTranslatorFactory - HHH000397: Using ASTQueryTranslatorFactory
DEBUG SettingsFactory - Query language substitutions: {}
DEBUG SettingsFactory - JPA-QL strict compliance: enabled
DEBUG SettingsFactory - Second-level cache: enabled
DEBUG SettingsFactory - Query cache: disabled
DEBUG SettingsFactory - Cache region factory : org.hibernate.cache.internal.NoCachingRegionFactory
DEBUG SettingsFactory - org.hibernate.cache.internal.NoCachingRegionFactory did not provide constructor accepting java.util.Properties; attempting no-arg constructor.
DEBUG SettingsFactory - Optimize cache for minimal puts: disabled
DEBUG SettingsFactory - Structured second-level cache entries: disabled
DEBUG SettingsFactory - Second-level cache direct-reference entries: disabled
DEBUG SettingsFactory - Statistics: disabled
DEBUG SettingsFactory - Deleted entity synthetic identifier rollback: disabled
DEBUG SettingsFactory - Default entity-mode: pojo
DEBUG SettingsFactory - Named query checking : enabled
DEBUG SettingsFactory - Check Nullability in Core (should be disabled when Bean Validation is on): enabled
DEBUG SettingsFactory - Allow initialization of lazy state outside session : : disabled
DEBUG SettingsFactory - JTA Track by Thread: enabled
DEBUG SessionFactoryImpl - Building session factory
DEBUG SessionFactoryImpl - Session factory constructed with filter configurations : {}
DEBUG SessionFactoryImpl - Instantiating session factory with properties: {java.vendor=Oracle Corporation, localRepository=C:\Users\chq-jamesgl\.m2\repository, hibernate=org.hibernate.dialect.HSQLDialect, sun.java.launcher=SUN_STANDARD, sun.management.compiler=HotSpot 64-Bit Tiered Compilers, hibernate.ejb.discard_pc_on_close=false, hibernate.transaction.flush_before_completion=false, os.name=Windows 7, sun.boot.class.path=C:\Program Files\Java\jdk1.8.0_20\jre\lib\resources.jar;C:\Program Files\Java\jdk1.8.0_20\jre\lib\rt.jar;C:\Program Files\Java\jdk1.8.0_20\jre\lib\sunrsasign.jar;C:\Program Files\Java\jdk1.8.0_20\jre\lib\jsse.jar;C:\Program Files\Java\jdk1.8.0_20\jre\lib\jce.jar;C:\Program Files\Java\jdk1.8.0_20\jre\lib\charsets.jar;C:\Program Files\Java\jdk1.8.0_20\jre\lib\jfr.jar;C:\Program Files\Java\jdk1.8.0_20\jre\classes, sun.desktop=windows, java.vm.specification.vendor=Oracle Corporation, java.runtime.version=1.8.0_20-b26, hibernate.connection.autocommit=true, user.name=chq-jamesgl, javax.persistence.validation.mode=AUTO, hibernate.connection.release_mode=auto, user.language=en, sun.boot.library.path=C:\Program Files\Java\jdk1.8.0_20\jre\bin, java.version=1.8.0_20, user.timezone=America/Los_Angeles, sun.arch.data.model=64, java.endorsed.dirs=C:\Program Files\Java\jdk1.8.0_20\jre\lib\endorsed, sun.cpu.isalist=amd64, sun.jnu.encoding=Cp1252, file.encoding.pkg=sun.io, file.separator=\, java.specification.name=Java Platform API Specification, java.class.version=52.0, user.country=US, java.home=C:\Program Files\Java\jdk1.8.0_20\jre, java.vm.info=mixed mode, os.version=6.1, hibernate.transaction.factory_class=org.hibernate.engine.transaction.internal.jdbc.JdbcTransactionFactory, hibernate.connection.datasource=org.springframework.jdbc.datasource.DriverManagerDataSource@749ab7b4, surefire.real.class.path=C:\Users\chq-jamesgl\STS_work2\finalprojectgleixner\target\surefire\surefirebooter2652706606512848435.jar, hibernate.query.jpaql_strict_compliance=true, path.separator=;, java.vm.version=25.20-b23, user.variant=, java.awt.printerjob=sun.awt.windows.WPrinterJob, sun.io.unicode.encoding=UnicodeLittle, awt.toolkit=sun.awt.windows.WToolkit, user.script=, user.home=C:\Users\chq-jamesgl, java.specification.vendor=Oracle Corporation, hibernate.hbm2ddl.auto=create-drop, java.library.path=C:\Program Files\Java\jdk1.8.0_20\jre\bin;C:\WINDOWS\Sun\Java\bin;C:\WINDOWS\system32;C:\WINDOWS;C:/Program Files/Java/jdk1.7.0_45/bin/../jre/bin/server;C:/Program Files/Java/jdk1.7.0_45/bin/../jre/bin;C:/Program Files/Java/jdk1.7.0_45/bin/../jre/lib/amd64;C:\Program Files\spring-1.2.1.RELEASE\bin;C:\Maven\apache-maven-3.0.5\bin;C:\Program Files\Java\jdk1.7.0_45\bin;C:\ProgramData\Oracle\Java\javapath;C:\Program Files (x86)\Intel\iCLS Client\;C:\Program Files\Intel\iCLS Client\;C:\WINDOWS\system32;C:\WINDOWS;C:\WINDOWS\System32\Wbem;C:\WINDOWS\System32\WindowsPowerShell\v1.0\;C:\Program Files\Intel\DMIX;C:\WINDOWS\CCM;C:\WINDOWS\CCM;C:\WINDOWS\CCM;C:\WINDOWS\CCM;C:\WINDOWS\CCM;C:\WINDOWS\CCM;C:\WINDOWS\CCM;C:\PROGRA~2\IBM\SQLLIB\BIN;C:\PROGRA~2\IBM\SQLLIB\FUNCTION;C:\PROGRA~2\IBM\SQLLIB\SAMPLES\REPL;C:\Program Files\Intel\Intel(R) Management Engine Components\DAL;C:\Program Files\Intel\Intel(R) Management Engine Components\IPT;C:\Program Files (x86)\Intel\Intel(R) Management Engine Components\DAL;C:\Program Files (x86)\Intel\Intel(R) Management Engine Components\IPT;C:\Program Files\Microsoft\Web Platform Installer\;C:\Program Files\TortoiseSVN\bin;C:\Users\chq-jamesgl\Documents\STS2\sts-bundle\sts-3.6.3.SR1;;., java.vendor.url=http://java.oracle.com/, java.vm.vendor=Oracle Corporation, java.runtime.name=Java(TM) SE Runtime Environment, sun.java.command=C:\Users\chq-jamesgl\STS_work2\finalprojectgleixner\target\surefire\surefirebooter2652706606512848435.jar C:\Users\chq-jamesgl\STS_work2\finalprojectgleixner\target\surefire\surefire292260823960733787tmp C:\Users\chq-jamesgl\STS_work2\finalprojectgleixner\target\surefire\surefire_03224240600998134897tmp, java.class.path=C:\Users\chq-jamesgl\STS_work2\finalprojectgleixner\target\test-classes;C:\Users\chq-jamesgl\STS_work2\finalprojectgleixner\target\classes;C:\Users\chq-jamesgl\.m2\repository\org\springframework\spring-webmvc\3.2.3.RELEASE\spring-webmvc-3.2.3.RELEASE.jar;C:\Users\chq-jamesgl\.m2\repository\org\springframework\spring-beans\3.2.3.RELEASE\spring-beans-3.2.3.RELEASE.jar;C:\Users\chq-jamesgl\.m2\repository\org\springframework\spring-context\3.2.3.RELEASE\spring-context-3.2.3.RELEASE.jar;C:\Users\chq-jamesgl\.m2\repository\org\springframework\spring-core\3.2.3.RELEASE\spring-core-3.2.3.RELEASE.jar;C:\Users\chq-jamesgl\.m2\repository\commons-logging\commons-logging\1.1.1\commons-logging-1.1.1.jar;C:\Users\chq-jamesgl\.m2\repository\org\springframework\spring-expression\3.2.3.RELEASE\spring-expression-3.2.3.RELEASE.jar;C:\Users\chq-jamesgl\.m2\repository\org\springframework\spring-web\3.2.3.RELEASE\spring-web-3.2.3.RELEASE.jar;C:\Users\chq-jamesgl\.m2\repository\org\springframework\security\spring-security-web\3.2.3.RELEASE\spring-security-web-3.2.3.RELEASE.jar;C:\Users\chq-jamesgl\.m2\repository\aopalliance\aopalliance\1.0\aopalliance-1.0.jar;C:\Users\chq-jamesgl\.m2\repository\org\springframework\security\spring-security-core\3.2.3.RELEASE\spring-security-core-3.2.3.RELEASE.jar;C:\Users\chq-jamesgl\.m2\repository\org\springframework\security\spring-security-config\3.2.3.RELEASE\spring-security-config-3.2.3.RELEASE.jar;C:\Users\chq-jamesgl\.m2\repository\org\springframework\security\spring-security-taglibs\3.2.3.RELEASE\spring-security-taglibs-3.2.3.RELEASE.jar;C:\Users\chq-jamesgl\.m2\repository\org\springframework\security\spring-security-acl\3.2.3.RELEASE\spring-security-acl-3.2.3.RELEASE.jar;C:\Users\chq-jamesgl\.m2\repository\javax\servlet\jstl\1.2\jstl-1.2.jar;C:\Users\chq-jamesgl\.m2\repository\javax\servlet\servlet-api\2.5\servlet-api-2.5.jar;C:\Users\chq-jamesgl\.m2\repository\javax\servlet\jsp\jsp-api\2.2\jsp-api-2.2.jar;C:\Users\chq-jamesgl\.m2\repository\org\springframework\spring-tx\3.2.3.RELEASE\spring-tx-3.2.3.RELEASE.jar;C:\Users\chq-jamesgl\.m2\repository\org\springframework\spring-orm\3.2.3.RELEASE\spring-orm-3.2.3.RELEASE.jar;C:\Users\chq-jamesgl\.m2\repository\org\springframework\spring-jdbc\3.2.3.RELEASE\spring-jdbc-3.2.3.RELEASE.jar;C:\Users\chq-jamesgl\.m2\repository\org\springframework\spring-aop\3.2.3.RELEASE\spring-aop-3.2.3.RELEASE.jar;C:\Users\chq-jamesgl\.m2\repository\org\springframework\data\spring-data-jpa\1.3.1.RELEASE\spring-data-jpa-1.3.1.RELEASE.jar;C:\Users\chq-jamesgl\.m2\repository\org\springframework\data\spring-data-commons\1.5.1.RELEASE\spring-data-commons-1.5.1.RELEASE.jar;C:\Users\chq-jamesgl\.m2\repository\org\aspectj\aspectjrt\1.7.2\aspectjrt-1.7.2.jar;C:\Users\chq-jamesgl\.m2\repository\org\slf4j\jcl-over-slf4j\1.7.1\jcl-over-slf4j-1.7.1.jar;C:\Users\chq-jamesgl\.m2\repository\org\slf4j\slf4j-api\1.7.5\slf4j-api-1.7.5.jar;C:\Users\chq-jamesgl\.m2\repository\ch\qos\logback\logback-classic\1.0.13\logback-classic-1.0.13.jar;C:\Users\chq-jamesgl\.m2\repository\ch\qos\logback\logback-core\1.0.13\logback-core-1.0.13.jar;C:\Users\chq-jamesgl\.m2\repository\org\hibernate\hibernate-entitymanager\4.2.1.Final\hibernate-entitymanager-4.2.1.Final.jar;C:\Users\chq-jamesgl\.m2\repository\org\jboss\logging\jboss-logging\3.1.0.GA\jboss-logging-3.1.0.GA.jar;C:\Users\chq-jamesgl\.m2\repository\org\hibernate\hibernate-core\4.2.1.Final\hibernate-core-4.2.1.Final.jar;C:\Users\chq-jamesgl\.m2\repository\antlr\antlr\2.7.7\antlr-2.7.7.jar;C:\Users\chq-jamesgl\.m2\repository\dom4j\dom4j\1.6.1\dom4j-1.6.1.jar;C:\Users\chq-jamesgl\.m2\repository\org\jboss\spec\javax\transaction\jboss-transaction-api_1.1_spec\1.0.1.Final\jboss-transaction-api_1.1_spec-1.0.1.Final.jar;C:\Users\chq-jamesgl\.m2\repository\org\hibernate\javax\persistence\hibernate-jpa-2.0-api\1.0.1.Final\hibernate-jpa-2.0-api-1.0.1.Final.jar;C:\Users\chq-jamesgl\.m2\repository\org\javassist\javassist\3.15.0-GA\javassist-3.15.0-GA.jar;C:\Users\chq-jamesgl\.m2\repository\org\hibernate\common\hibernate-commons-annotations\4.0.1.Final\hibernate-commons-annotations-4.0.1.Final.jar;C:\Users\chq-jamesgl\.m2\repository\javax\validation\validation-api\1.1.0.Final\validation-api-1.1.0.Final.jar;C:\Users\chq-jamesgl\.m2\repository\org\hibernate\hibernate-validator\4.2.0.Final\hibernate-validator-4.2.0.Final.jar;C:\Users\chq-jamesgl\.m2\repository\org\hsqldb\hsqldb\2.2.4\hsqldb-2.2.4.jar;C:\Users\chq-jamesgl\.m2\repository\org\dbunit\dbunit\2.5.0\dbunit-2.5.0.jar;C:\Users\chq-jamesgl\.m2\repository\commons-collections\commons-collections\3.2.1\commons-collections-3.2.1.jar;C:\Users\chq-jamesgl\.m2\repository\com\github\springtestdbunit\spring-test-dbunit\1.2.0\spring-test-dbunit-1.2.0.jar;C:\Users\chq-jamesgl\.m2\repository\org\springframework\spring-test\3.2.3.RELEASE\spring-test-3.2.3.RELEASE.jar;C:\Users\chq-jamesgl\.m2\repository\org\hamcrest\hamcrest-all\1.3\hamcrest-all-1.3.jar;C:\Users\chq-jamesgl\.m2\repository\junit\junit\4.11\junit-4.11.jar;C:\Users\chq-jamesgl\.m2\repository\org\hamcrest\hamcrest-core\1.3\hamcrest-core-1.3.jar;C:\Users\chq-jamesgl\.m2\repository\org\mockito\mockito-core\1.9.5\mockito-core-1.9.5.jar;C:\Users\chq-jamesgl\.m2\repository\org\objenesis\objenesis\1.0\objenesis-1.0.jar;C:\Users\chq-jamesgl\.m2\repository\org\apache\derby\derbyclient\10.11.1.1\derbyclient-10.11.1.1.jar;C:\Users\chq-jamesgl\.m2\repository\org\sitemesh\sitemesh\3.0-alpha-2\sitemesh-3.0-alpha-2.jar;, hibernate.bytecode.use_reflection_optimizer=false, java.vm.specification.name=Java Virtual Machine Specification, java.vm.specification.version=1.8, sun.cpu.endian=little, sun.os.patch.level=Service Pack 1, hibernate.connection.provider_class=org.hibernate.ejb.connection.InjectedDataSourceConnectionProvider, surefire.test.class.path=C:\Users\chq-jamesgl\STS_work2\finalprojectgleixner\target\test-classes;C:\Users\chq-jamesgl\STS_work2\finalprojectgleixner\target\classes;C:\Users\chq-jamesgl\.m2\repository\org\springframework\spring-webmvc\3.2.3.RELEASE\spring-webmvc-3.2.3.RELEASE.jar;C:\Users\chq-jamesgl\.m2\repository\org\springframework\spring-beans\3.2.3.RELEASE\spring-beans-3.2.3.RELEASE.jar;C:\Users\chq-jamesgl\.m2\repository\org\springframework\spring-context\3.2.3.RELEASE\spring-context-3.2.3.RELEASE.jar;C:\Users\chq-jamesgl\.m2\repository\org\springframework\spring-core\3.2.3.RELEASE\spring-core-3.2.3.RELEASE.jar;C:\Users\chq-jamesgl\.m2\repository\commons-logging\commons-logging\1.1.1\commons-logging-1.1.1.jar;C:\Users\chq-jamesgl\.m2\repository\org\springframework\spring-expression\3.2.3.RELEASE\spring-expression-3.2.3.RELEASE.jar;C:\Users\chq-jamesgl\.m2\repository\org\springframework\spring-web\3.2.3.RELEASE\spring-web-3.2.3.RELEASE.jar;C:\Users\chq-jamesgl\.m2\repository\org\springframework\security\spring-security-web\3.2.3.RELEASE\spring-security-web-3.2.3.RELEASE.jar;C:\Users\chq-jamesgl\.m2\repository\aopalliance\aopalliance\1.0\aopalliance-1.0.jar;C:\Users\chq-jamesgl\.m2\repository\org\springframework\security\spring-security-core\3.2.3.RELEASE\spring-security-core-3.2.3.RELEASE.jar;C:\Users\chq-jamesgl\.m2\repository\org\springframework\security\spring-security-config\3.2.3.RELEASE\spring-security-config-3.2.3.RELEASE.jar;C:\Users\chq-jamesgl\.m2\repository\org\springframework\security\spring-security-taglibs\3.2.3.RELEASE\spring-security-taglibs-3.2.3.RELEASE.jar;C:\Users\chq-jamesgl\.m2\repository\org\springframework\security\spring-security-acl\3.2.3.RELEASE\spring-security-acl-3.2.3.RELEASE.jar;C:\Users\chq-jamesgl\.m2\repository\javax\servlet\jstl\1.2\jstl-1.2.jar;C:\Users\chq-jamesgl\.m2\repository\javax\servlet\servlet-api\2.5\servlet-api-2.5.jar;C:\Users\chq-jamesgl\.m2\repository\javax\servlet\jsp\jsp-api\2.2\jsp-api-2.2.jar;C:\Users\chq-jamesgl\.m2\repository\org\springframework\spring-tx\3.2.3.RELEASE\spring-tx-3.2.3.RELEASE.jar;C:\Users\chq-jamesgl\.m2\repository\org\springframework\spring-orm\3.2.3.RELEASE\spring-orm-3.2.3.RELEASE.jar;C:\Users\chq-jamesgl\.m2\repository\org\springframework\spring-jdbc\3.2.3.RELEASE\spring-jdbc-3.2.3.RELEASE.jar;C:\Users\chq-jamesgl\.m2\repository\org\springframework\spring-aop\3.2.3.RELEASE\spring-aop-3.2.3.RELEASE.jar;C:\Users\chq-jamesgl\.m2\repository\org\springframework\data\spring-data-jpa\1.3.1.RELEASE\spring-data-jpa-1.3.1.RELEASE.jar;C:\Users\chq-jamesgl\.m2\repository\org\springframework\data\spring-data-commons\1.5.1.RELEASE\spring-data-commons-1.5.1.RELEASE.jar;C:\Users\chq-jamesgl\.m2\repository\org\aspectj\aspectjrt\1.7.2\aspectjrt-1.7.2.jar;C:\Users\chq-jamesgl\.m2\repository\org\slf4j\jcl-over-slf4j\1.7.1\jcl-over-slf4j-1.7.1.jar;C:\Users\chq-jamesgl\.m2\repository\org\slf4j\slf4j-api\1.7.5\slf4j-api-1.7.5.jar;C:\Users\chq-jamesgl\.m2\repository\ch\qos\logback\logback-classic\1.0.13\logback-classic-1.0.13.jar;C:\Users\chq-jamesgl\.m2\repository\ch\qos\logback\logback-core\1.0.13\logback-core-1.0.13.jar;C:\Users\chq-jamesgl\.m2\repository\org\hibernate\hibernate-entitymanager\4.2.1.Final\hibernate-entitymanager-4.2.1.Final.jar;C:\Users\chq-jamesgl\.m2\repository\org\jboss\logging\jboss-logging\3.1.0.GA\jboss-logging-3.1.0.GA.jar;C:\Users\chq-jamesgl\.m2\repository\org\hibernate\hibernate-core\4.2.1.Final\hibernate-core-4.2.1.Final.jar;C:\Users\chq-jamesgl\.m2\repository\antlr\antlr\2.7.7\antlr-2.7.7.jar;C:\Users\chq-jamesgl\.m2\repository\dom4j\dom4j\1.6.1\dom4j-1.6.1.jar;C:\Users\chq-jamesgl\.m2\repository\org\jboss\spec\javax\transaction\jboss-transaction-api_1.1_spec\1.0.1.Final\jboss-transaction-api_1.1_spec-1.0.1.Final.jar;C:\Users\chq-jamesgl\.m2\repository\org\hibernate\javax\persistence\hibernate-jpa-2.0-api\1.0.1.Final\hibernate-jpa-2.0-api-1.0.1.Final.jar;C:\Users\chq-jamesgl\.m2\repository\org\javassist\javassist\3.15.0-GA\javassist-3.15.0-GA.jar;C:\Users\chq-jamesgl\.m2\repository\org\hibernate\common\hibernate-commons-annotations\4.0.1.Final\hibernate-commons-annotations-4.0.1.Final.jar;C:\Users\chq-jamesgl\.m2\repository\javax\validation\validation-api\1.1.0.Final\validation-api-1.1.0.Final.jar;C:\Users\chq-jamesgl\.m2\repository\org\hibernate\hibernate-validator\4.2.0.Final\hibernate-validator-4.2.0.Final.jar;C:\Users\chq-jamesgl\.m2\repository\org\hsqldb\hsqldb\2.2.4\hsqldb-2.2.4.jar;C:\Users\chq-jamesgl\.m2\repository\org\dbunit\dbunit\2.5.0\dbunit-2.5.0.jar;C:\Users\chq-jamesgl\.m2\repository\commons-collections\commons-collections\3.2.1\commons-collections-3.2.1.jar;C:\Users\chq-jamesgl\.m2\repository\com\github\springtestdbunit\spring-test-dbunit\1.2.0\spring-test-dbunit-1.2.0.jar;C:\Users\chq-jamesgl\.m2\repository\org\springframework\spring-test\3.2.3.RELEASE\spring-test-3.2.3.RELEASE.jar;C:\Users\chq-jamesgl\.m2\repository\org\hamcrest\hamcrest-all\1.3\hamcrest-all-1.3.jar;C:\Users\chq-jamesgl\.m2\repository\junit\junit\4.11\junit-4.11.jar;C:\Users\chq-jamesgl\.m2\repository\org\hamcrest\hamcrest-core\1.3\hamcrest-core-1.3.jar;C:\Users\chq-jamesgl\.m2\repository\org\mockito\mockito-core\1.9.5\mockito-core-1.9.5.jar;C:\Users\chq-jamesgl\.m2\repository\org\objenesis\objenesis\1.0\objenesis-1.0.jar;C:\Users\chq-jamesgl\.m2\repository\org\apache\derby\derbyclient\10.11.1.1\derbyclient-10.11.1.1.jar;C:\Users\chq-jamesgl\.m2\repository\org\sitemesh\sitemesh\3.0-alpha-2\sitemesh-3.0-alpha-2.jar;, java.io.tmpdir=C:\Users\CHQ-JA~1\AppData\Local\Temp\, java.vendor.url.bug=http://bugreport.sun.com/bugreport/, javax.persistence.sharedCache.mode=UNSPECIFIED, os.arch=amd64, java.awt.graphicsenv=sun.awt.Win32GraphicsEnvironment, java.ext.dirs=C:\Program Files\Java\jdk1.8.0_20\jre\lib\ext;C:\WINDOWS\Sun\Java\lib\ext, user.dir=C:\Users\chq-jamesgl\STS_work2\finalprojectgleixner, line.separator=
, java.vm.name=Java HotSpot(TM) 64-Bit Server VM, basedir=C:\Users\chq-jamesgl\STS_work2\finalprojectgleixner, file.encoding=Cp1252, hibernate.use_identifier_rollback=false, java.specification.version=1.8, hibernate.show_sql=true}
DEBUG DefaultTraversableResolver - Found javax.persistence.Persistence on classpath containing &apos;getPersistenceUtil&apos;. Assuming JPA 2 environment. Trying to instantiate JPA aware TraversableResolver
DEBUG DefaultTraversableResolver - Instantiated JPA aware TraversableResolver of type org.hibernate.validator.engine.resolver.JPATraversableResolver.
DEBUG ValidationXmlParser - Trying to load META-INF/validation.xml for XML based Validator configuration.
DEBUG ValidationXmlParser - No META-INF/validation.xml found. Using annotation based configuration only
DEBUG DefaultTraversableResolver - Found javax.persistence.Persistence on classpath containing &apos;getPersistenceUtil&apos;. Assuming JPA 2 environment. Trying to instantiate JPA aware TraversableResolver
DEBUG DefaultTraversableResolver - Instantiated JPA aware TraversableResolver of type org.hibernate.validator.engine.resolver.JPATraversableResolver.
DEBUG ValidationXmlParser - Trying to load META-INF/validation.xml for XML based Validator configuration.
DEBUG ValidationXmlParser - No META-INF/validation.xml found. Using annotation based configuration only
DEBUG ConstraintDescriptorImpl - Adding composing constraint: ConstraintDescriptorImpl{annotation=javax.validation.constraints.NotNull, payloads=[], hasComposingConstraints=true, isReportAsSingleInvalidConstraint=false, elementType=FIELD, definedOn=DEFINED_LOCALLY, groups=[interface javax.validation.groups.Default], attributes={message={javax.validation.constraints.NotNull.message}, groups=[Ljava.lang.Class;@4a3be6a5, payload=[Ljava.lang.Class;@7cf162bc}}
DEBUG ConstraintDescriptorImpl - Adding composing constraint: ConstraintDescriptorImpl{annotation=javax.validation.constraints.Size, payloads=[], hasComposingConstraints=true, isReportAsSingleInvalidConstraint=false, elementType=FIELD, definedOn=DEFINED_LOCALLY, groups=[interface javax.validation.groups.Default], attributes={groups=[Ljava.lang.Class;@766a4535, min=1, message={javax.validation.constraints.Size.message}, max=2147483647, payload=[Ljava.lang.Class;@63718b93}}
DEBUG ConstraintDescriptorImpl - Adding composing constraint: ConstraintDescriptorImpl{annotation=javax.validation.constraints.NotNull, payloads=[], hasComposingConstraints=true, isReportAsSingleInvalidConstraint=false, elementType=FIELD, definedOn=DEFINED_LOCALLY, groups=[interface javax.validation.groups.Default], attributes={message={javax.validation.constraints.NotNull.message}, groups=[Ljava.lang.Class;@65bcf7c2, payload=[Ljava.lang.Class;@3db64bd4}}
DEBUG ConstraintDescriptorImpl - Adding composing constraint: ConstraintDescriptorImpl{annotation=javax.validation.constraints.Size, payloads=[], hasComposingConstraints=true, isReportAsSingleInvalidConstraint=false, elementType=FIELD, definedOn=DEFINED_LOCALLY, groups=[interface javax.validation.groups.Default], attributes={groups=[Ljava.lang.Class;@576c5536, min=1, message={javax.validation.constraints.Size.message}, max=2147483647, payload=[Ljava.lang.Class;@55ecbafe}}
DEBUG ConstraintDescriptorImpl - Adding composing constraint: ConstraintDescriptorImpl{annotation=javax.validation.constraints.NotNull, payloads=[], hasComposingConstraints=true, isReportAsSingleInvalidConstraint=false, elementType=FIELD, definedOn=DEFINED_LOCALLY, groups=[interface javax.validation.groups.Default], attributes={message={javax.validation.constraints.NotNull.message}, groups=[Ljava.lang.Class;@37c2eacb, payload=[Ljava.lang.Class;@232cce0}}
DEBUG ConstraintDescriptorImpl - Adding composing constraint: ConstraintDescriptorImpl{annotation=javax.validation.constraints.Size, payloads=[], hasComposingConstraints=true, isReportAsSingleInvalidConstraint=false, elementType=FIELD, definedOn=DEFINED_LOCALLY, groups=[interface javax.validation.groups.Default], attributes={groups=[Ljava.lang.Class;@352e787a, min=1, message={javax.validation.constraints.Size.message}, max=2147483647, payload=[Ljava.lang.Class;@159a48a6}}
DEBUG ConstraintDescriptorImpl - Adding composing constraint: ConstraintDescriptorImpl{annotation=javax.validation.constraints.NotNull, payloads=[], hasComposingConstraints=true, isReportAsSingleInvalidConstraint=false, elementType=FIELD, definedOn=DEFINED_LOCALLY, groups=[interface javax.validation.groups.Default], attributes={message={javax.validation.constraints.NotNull.message}, groups=[Ljava.lang.Class;@7b3315a5, payload=[Ljava.lang.Class;@8ed9cf}}
DEBUG ConstraintDescriptorImpl - Adding composing constraint: ConstraintDescriptorImpl{annotation=javax.validation.constraints.Size, payloads=[], hasComposingConstraints=true, isReportAsSingleInvalidConstraint=false, elementType=FIELD, definedOn=DEFINED_LOCALLY, groups=[interface javax.validation.groups.Default], attributes={groups=[Ljava.lang.Class;@377008df, min=1, message={javax.validation.constraints.Size.message}, max=2147483647, payload=[Ljava.lang.Class;@540dbda9}}
DEBUG ConstraintDescriptorImpl - Adding composing constraint: ConstraintDescriptorImpl{annotation=javax.validation.constraints.NotNull, payloads=[], hasComposingConstraints=true, isReportAsSingleInvalidConstraint=false, elementType=FIELD, definedOn=DEFINED_LOCALLY, groups=[interface javax.validation.groups.Default], attributes={message={javax.validation.constraints.NotNull.message}, groups=[Ljava.lang.Class;@6dcd5639, payload=[Ljava.lang.Class;@3b36e000}}
DEBUG ConstraintDescriptorImpl - Adding composing constraint: ConstraintDescriptorImpl{annotation=javax.validation.constraints.Size, payloads=[], hasComposingConstraints=true, isReportAsSingleInvalidConstraint=false, elementType=FIELD, definedOn=DEFINED_LOCALLY, groups=[interface javax.validation.groups.Default], attributes={groups=[Ljava.lang.Class;@629ae7e, min=1, message={javax.validation.constraints.Size.message}, max=2147483647, payload=[Ljava.lang.Class;@1d25c1c}}
DEBUG ConstraintDescriptorImpl - Adding composing constraint: ConstraintDescriptorImpl{annotation=javax.validation.constraints.NotNull, payloads=[], hasComposingConstraints=true, isReportAsSingleInvalidConstraint=false, elementType=FIELD, definedOn=DEFINED_LOCALLY, groups=[interface javax.validation.groups.Default], attributes={message={javax.validation.constraints.NotNull.message}, groups=[Ljava.lang.Class;@5bca7664, payload=[Ljava.lang.Class;@105b693d}}
DEBUG ConstraintDescriptorImpl - Adding composing constraint: ConstraintDescriptorImpl{annotation=javax.validation.constraints.Size, payloads=[], hasComposingConstraints=true, isReportAsSingleInvalidConstraint=false, elementType=FIELD, definedOn=DEFINED_LOCALLY, groups=[interface javax.validation.groups.Default], attributes={groups=[Ljava.lang.Class;@4a0df195, min=1, message={javax.validation.constraints.Size.message}, max=2147483647, payload=[Ljava.lang.Class;@42fcc7e6}}
DEBUG ConstraintDescriptorImpl - Adding composing constraint: ConstraintDescriptorImpl{annotation=javax.validation.constraints.NotNull, payloads=[], hasComposingConstraints=true, isReportAsSingleInvalidConstraint=false, elementType=FIELD, definedOn=DEFINED_LOCALLY, groups=[interface javax.validation.groups.Default], attributes={message={javax.validation.constraints.NotNull.message}, groups=[Ljava.lang.Class;@5da7cee2, payload=[Ljava.lang.Class;@78830d9a}}
DEBUG ConstraintDescriptorImpl - Adding composing constraint: ConstraintDescriptorImpl{annotation=javax.validation.constraints.Size, payloads=[], hasComposingConstraints=true, isReportAsSingleInvalidConstraint=false, elementType=FIELD, definedOn=DEFINED_LOCALLY, groups=[interface javax.validation.groups.Default], attributes={groups=[Ljava.lang.Class;@7f829c76, min=1, message={javax.validation.constraints.Size.message}, max=2147483647, payload=[Ljava.lang.Class;@1cb19dba}}
DEBUG DefaultIdentifierGeneratorFactory - Setting dialect [org.hibernate.dialect.HSQLDialect]
DEBUG DefaultIdentifierGeneratorFactory - Setting dialect [org.hibernate.dialect.HSQLDialect]
DEBUG DefaultIdentifierGeneratorFactory - Setting dialect [org.hibernate.dialect.HSQLDialect]
DEBUG DefaultIdentifierGeneratorFactory - Setting dialect [org.hibernate.dialect.HSQLDialect]
DEBUG DefaultIdentifierGeneratorFactory - Setting dialect [org.hibernate.dialect.HSQLDialect]
DEBUG DefaultIdentifierGeneratorFactory - Setting dialect [org.hibernate.dialect.HSQLDialect]
DEBUG DefaultIdentifierGeneratorFactory - Setting dialect [org.hibernate.dialect.HSQLDialect]
DEBUG DefaultIdentifierGeneratorFactory - Setting dialect [org.hibernate.dialect.HSQLDialect]
DEBUG AbstractEntityPersister - Static SQL for entity: com.expeditors.training.course3demo.model.PhoneNumber
DEBUG AbstractEntityPersister -  Version select: select PHONE_NUMBER_ID from PHONE_NUMBER where PHONE_NUMBER_ID =?
DEBUG AbstractEntityPersister -  Snapshot select: select phonenumbe_.PHONE_NUMBER_ID, phonenumbe_.CARD_ID as CARD3_3_, phonenumbe_.PHONE_NUMBER as PHONE2_3_ from PHONE_NUMBER phonenumbe_ where phonenumbe_.PHONE_NUMBER_ID=?
DEBUG AbstractEntityPersister -  Insert 0: insert into PHONE_NUMBER (CARD_ID, PHONE_NUMBER, PHONE_NUMBER_ID) values (?, ?, ?)
DEBUG AbstractEntityPersister -  Update 0: update PHONE_NUMBER set CARD_ID=?, PHONE_NUMBER=? where PHONE_NUMBER_ID=?
DEBUG AbstractEntityPersister -  Delete 0: delete from PHONE_NUMBER where PHONE_NUMBER_ID=?
DEBUG AbstractEntityPersister -  Identity insert: insert into PHONE_NUMBER (PHONE_NUMBER_ID, CARD_ID, PHONE_NUMBER) values (default, ?, ?)
DEBUG AbstractEntityPersister - Static SQL for entity: com.expeditors.training.course3demo.model.Shipment
DEBUG AbstractEntityPersister -  Version select: select SHIPMENT_ID from Shipment where SHIPMENT_ID =?
DEBUG AbstractEntityPersister -  Snapshot select: select shipment_.SHIPMENT_ID, shipment_.destination as destinat2_5_, shipment_.name as name3_5_, shipment_.origin as origin4_5_, shipment_.volume as volume5_5_ from Shipment shipment_ where shipment_.SHIPMENT_ID=?
DEBUG AbstractEntityPersister -  Insert 0: insert into Shipment (destination, name, origin, volume, SHIPMENT_ID) values (?, ?, ?, ?, ?)
DEBUG AbstractEntityPersister -  Update 0: update Shipment set destination=?, name=?, origin=?, volume=? where SHIPMENT_ID=?
DEBUG AbstractEntityPersister -  Delete 0: delete from Shipment where SHIPMENT_ID=?
DEBUG AbstractEntityPersister -  Identity insert: insert into Shipment (SHIPMENT_ID, destination, name, origin, volume) values (default, ?, ?, ?, ?)
DEBUG AbstractEntityPersister - Static SQL for entity: com.expeditors.training.course3demo.model.Card
DEBUG AbstractEntityPersister -  Version select: select CARD_ID from CARD where CARD_ID =?
DEBUG AbstractEntityPersister -  Snapshot select: select card_.CARD_ID, card_.address as address5_1_, card_.amount as amount2_1_, card_.CARD_NUMBER as CARD3_1_, card_.OWNER_NAME as OWNER4_1_ from CARD card_ where card_.CARD_ID=?
DEBUG AbstractEntityPersister -  Insert 0: insert into CARD (address, amount, CARD_NUMBER, OWNER_NAME, CARD_ID) values (?, ?, ?, ?, ?)
DEBUG AbstractEntityPersister -  Update 0: update CARD set address=?, amount=?, CARD_NUMBER=?, OWNER_NAME=? where CARD_ID=?
DEBUG AbstractEntityPersister -  Delete 0: delete from CARD where CARD_ID=?
DEBUG AbstractEntityPersister -  Identity insert: insert into CARD (CARD_ID, address, amount, CARD_NUMBER, OWNER_NAME) values (default, ?, ?, ?, ?)
DEBUG AbstractEntityPersister - Static SQL for entity: com.expeditors.training.course3demo.model.Container
DEBUG AbstractEntityPersister -  Version select: select CONTAINER_ID from Container where CONTAINER_ID =?
DEBUG AbstractEntityPersister -  Snapshot select: select container_.CONTAINER_ID, container_.capacity as capacity2_2_, container_.destination as destinat3_2_, container_.location as location4_2_, container_.name as name5_2_, container_.status as status6_2_ from Container container_ where container_.CONTAINER_ID=?
DEBUG AbstractEntityPersister -  Insert 0: insert into Container (capacity, destination, location, name, status, CONTAINER_ID) values (?, ?, ?, ?, ?, ?)
DEBUG AbstractEntityPersister -  Update 0: update Container set capacity=?, destination=?, location=?, name=?, status=? where CONTAINER_ID=?
DEBUG AbstractEntityPersister -  Delete 0: delete from Container where CONTAINER_ID=?
DEBUG AbstractEntityPersister -  Identity insert: insert into Container (CONTAINER_ID, capacity, destination, location, name, status) values (default, ?, ?, ?, ?, ?)
DEBUG AbstractEntityPersister - Static SQL for entity: com.expeditors.training.course3demo.model.UserRole
DEBUG AbstractEntityPersister -  Version select: select ROLE_ID from USERROLE where ROLE_ID =?
DEBUG AbstractEntityPersister -  Snapshot select: select userrole_.ROLE_ID, userrole_.ROLE_NAME as ROLE2_7_, userrole_.ROLE_OWNER as ROLE3_7_ from USERROLE userrole_ where userrole_.ROLE_ID=?
DEBUG AbstractEntityPersister -  Insert 0: insert into USERROLE (ROLE_NAME, ROLE_OWNER, ROLE_ID) values (?, ?, ?)
DEBUG AbstractEntityPersister -  Update 0: update USERROLE set ROLE_NAME=?, ROLE_OWNER=? where ROLE_ID=?
DEBUG AbstractEntityPersister -  Delete 0: delete from USERROLE where ROLE_ID=?
DEBUG AbstractEntityPersister -  Identity insert: insert into USERROLE (ROLE_ID, ROLE_NAME, ROLE_OWNER) values (default, ?, ?)
DEBUG AbstractEntityPersister - Static SQL for entity: com.expeditors.training.course3demo.model.Address
DEBUG AbstractEntityPersister -  Version select: select ADDRESS_ID from ADDRESS where ADDRESS_ID =?
DEBUG AbstractEntityPersister -  Snapshot select: select address_.ADDRESS_ID, address_.city as city2_0_, address_.state as state3_0_, address_.street as street4_0_ from ADDRESS address_ where address_.ADDRESS_ID=?
DEBUG AbstractEntityPersister -  Insert 0: insert into ADDRESS (city, state, street, ADDRESS_ID) values (?, ?, ?, ?)
DEBUG AbstractEntityPersister -  Update 0: update ADDRESS set city=?, state=?, street=? where ADDRESS_ID=?
DEBUG AbstractEntityPersister -  Delete 0: delete from ADDRESS where ADDRESS_ID=?
DEBUG AbstractEntityPersister -  Identity insert: insert into ADDRESS (ADDRESS_ID, city, state, street) values (default, ?, ?, ?)
DEBUG AbstractEntityPersister - Static SQL for entity: com.expeditors.training.course3demo.model.UserAccount
DEBUG AbstractEntityPersister -  Version select: select USER_ID from USERACCOUNT where USER_ID =?
DEBUG AbstractEntityPersister -  Snapshot select: select useraccoun_.USER_ID, useraccoun_.enabled as enabled2_6_, useraccoun_.password as password3_6_, useraccoun_.username as username4_6_ from USERACCOUNT useraccoun_ where useraccoun_.USER_ID=?
DEBUG AbstractEntityPersister -  Insert 0: insert into USERACCOUNT (enabled, password, username, USER_ID) values (?, ?, ?, ?)
DEBUG AbstractEntityPersister -  Update 0: update USERACCOUNT set enabled=?, password=?, username=? where USER_ID=?
DEBUG AbstractEntityPersister -  Delete 0: delete from USERACCOUNT where USER_ID=?
DEBUG AbstractEntityPersister -  Identity insert: insert into USERACCOUNT (USER_ID, enabled, password, username) values (default, ?, ?, ?)
DEBUG AbstractEntityPersister - Static SQL for entity: com.expeditors.training.course3demo.model.Product
DEBUG AbstractEntityPersister -  Version select: select PRODUCT_ID from PRODUCT where PRODUCT_ID =?
DEBUG AbstractEntityPersister -  Snapshot select: select product_.PRODUCT_ID, product_.description as descript2_4_, product_.name as name3_4_, product_.price as price4_4_ from PRODUCT product_ where product_.PRODUCT_ID=?
DEBUG AbstractEntityPersister -  Insert 0: insert into PRODUCT (description, name, price, PRODUCT_ID) values (?, ?, ?, ?)
DEBUG AbstractEntityPersister -  Update 0: update PRODUCT set description=?, name=?, price=? where PRODUCT_ID=?
DEBUG AbstractEntityPersister -  Delete 0: delete from PRODUCT where PRODUCT_ID=?
DEBUG AbstractEntityPersister -  Identity insert: insert into PRODUCT (PRODUCT_ID, description, name, price) values (default, ?, ?, ?)
DEBUG AbstractCollectionPersister - Static SQL for collection: com.expeditors.training.course3demo.model.Card.phoneNumbers
DEBUG AbstractCollectionPersister -  Row insert: update PHONE_NUMBER set CARD_ID=?, index=? where PHONE_NUMBER_ID=?
DEBUG AbstractCollectionPersister -  Row update: update PHONE_NUMBER set index=? where PHONE_NUMBER_ID=?
DEBUG AbstractCollectionPersister -  Row delete: update PHONE_NUMBER set CARD_ID=null, index=null where CARD_ID=? and PHONE_NUMBER_ID=?
DEBUG AbstractCollectionPersister -  One-shot delete: update PHONE_NUMBER set CARD_ID=null, index=null where CARD_ID=?
DEBUG AbstractCollectionPersister - Static SQL for collection: com.expeditors.training.course3demo.model.UserAccount.userRoles
DEBUG AbstractCollectionPersister -  Row insert: update USERROLE set ROLE_OWNER=? where ROLE_ID=?
DEBUG AbstractCollectionPersister -  Row update: update USERROLE set  where ROLE_ID=?
DEBUG AbstractCollectionPersister -  Row delete: update USERROLE set ROLE_OWNER=null where ROLE_OWNER=? and ROLE_ID=?
DEBUG AbstractCollectionPersister -  One-shot delete: update USERROLE set ROLE_OWNER=null where ROLE_OWNER=?
DEBUG Loader - Static select for entity com.expeditors.training.course3demo.model.PhoneNumber [NONE]: select phonenumbe0_.PHONE_NUMBER_ID as PHONE1_3_0_, phonenumbe0_.CARD_ID as CARD3_3_0_, phonenumbe0_.PHONE_NUMBER as PHONE2_3_0_ from PHONE_NUMBER phonenumbe0_ where phonenumbe0_.PHONE_NUMBER_ID=?
DEBUG Loader - Static select for entity com.expeditors.training.course3demo.model.PhoneNumber [READ]: select phonenumbe0_.PHONE_NUMBER_ID as PHONE1_3_0_, phonenumbe0_.CARD_ID as CARD3_3_0_, phonenumbe0_.PHONE_NUMBER as PHONE2_3_0_ from PHONE_NUMBER phonenumbe0_ where phonenumbe0_.PHONE_NUMBER_ID=?
DEBUG Loader - Static select for entity com.expeditors.training.course3demo.model.PhoneNumber [UPGRADE]: select phonenumbe0_.PHONE_NUMBER_ID as PHONE1_3_0_, phonenumbe0_.CARD_ID as CARD3_3_0_, phonenumbe0_.PHONE_NUMBER as PHONE2_3_0_ from PHONE_NUMBER phonenumbe0_ where phonenumbe0_.PHONE_NUMBER_ID=?
DEBUG Loader - Static select for entity com.expeditors.training.course3demo.model.PhoneNumber [UPGRADE_NOWAIT]: select phonenumbe0_.PHONE_NUMBER_ID as PHONE1_3_0_, phonenumbe0_.CARD_ID as CARD3_3_0_, phonenumbe0_.PHONE_NUMBER as PHONE2_3_0_ from PHONE_NUMBER phonenumbe0_ where phonenumbe0_.PHONE_NUMBER_ID=?
DEBUG Loader - Static select for entity com.expeditors.training.course3demo.model.PhoneNumber [FORCE]: select phonenumbe0_.PHONE_NUMBER_ID as PHONE1_3_0_, phonenumbe0_.CARD_ID as CARD3_3_0_, phonenumbe0_.PHONE_NUMBER as PHONE2_3_0_ from PHONE_NUMBER phonenumbe0_ where phonenumbe0_.PHONE_NUMBER_ID=?
DEBUG Loader - Static select for entity com.expeditors.training.course3demo.model.PhoneNumber [PESSIMISTIC_READ]: select phonenumbe0_.PHONE_NUMBER_ID as PHONE1_3_0_, phonenumbe0_.CARD_ID as CARD3_3_0_, phonenumbe0_.PHONE_NUMBER as PHONE2_3_0_ from PHONE_NUMBER phonenumbe0_ where phonenumbe0_.PHONE_NUMBER_ID=?
DEBUG Loader - Static select for entity com.expeditors.training.course3demo.model.PhoneNumber [PESSIMISTIC_WRITE]: select phonenumbe0_.PHONE_NUMBER_ID as PHONE1_3_0_, phonenumbe0_.CARD_ID as CARD3_3_0_, phonenumbe0_.PHONE_NUMBER as PHONE2_3_0_ from PHONE_NUMBER phonenumbe0_ where phonenumbe0_.PHONE_NUMBER_ID=?
DEBUG Loader - Static select for entity com.expeditors.training.course3demo.model.PhoneNumber [PESSIMISTIC_FORCE_INCREMENT]: select phonenumbe0_.PHONE_NUMBER_ID as PHONE1_3_0_, phonenumbe0_.CARD_ID as CARD3_3_0_, phonenumbe0_.PHONE_NUMBER as PHONE2_3_0_ from PHONE_NUMBER phonenumbe0_ where phonenumbe0_.PHONE_NUMBER_ID=?
DEBUG Loader - Static select for entity com.expeditors.training.course3demo.model.PhoneNumber [OPTIMISTIC]: select phonenumbe0_.PHONE_NUMBER_ID as PHONE1_3_0_, phonenumbe0_.CARD_ID as CARD3_3_0_, phonenumbe0_.PHONE_NUMBER as PHONE2_3_0_ from PHONE_NUMBER phonenumbe0_ where phonenumbe0_.PHONE_NUMBER_ID=?
DEBUG Loader - Static select for entity com.expeditors.training.course3demo.model.PhoneNumber [OPTIMISTIC_FORCE_INCREMENT]: select phonenumbe0_.PHONE_NUMBER_ID as PHONE1_3_0_, phonenumbe0_.CARD_ID as CARD3_3_0_, phonenumbe0_.PHONE_NUMBER as PHONE2_3_0_ from PHONE_NUMBER phonenumbe0_ where phonenumbe0_.PHONE_NUMBER_ID=?
DEBUG Loader - Static select for action ACTION_MERGE on entity com.expeditors.training.course3demo.model.PhoneNumber: select phonenumbe0_.PHONE_NUMBER_ID as PHONE1_3_0_, phonenumbe0_.CARD_ID as CARD3_3_0_, phonenumbe0_.PHONE_NUMBER as PHONE2_3_0_ from PHONE_NUMBER phonenumbe0_ where phonenumbe0_.PHONE_NUMBER_ID=?
DEBUG Loader - Static select for action ACTION_REFRESH on entity com.expeditors.training.course3demo.model.PhoneNumber: select phonenumbe0_.PHONE_NUMBER_ID as PHONE1_3_0_, phonenumbe0_.CARD_ID as CARD3_3_0_, phonenumbe0_.PHONE_NUMBER as PHONE2_3_0_ from PHONE_NUMBER phonenumbe0_ where phonenumbe0_.PHONE_NUMBER_ID=?
DEBUG Loader - Static select for entity com.expeditors.training.course3demo.model.Shipment [NONE]: select shipment0_.SHIPMENT_ID as SHIPMENT1_5_0_, shipment0_.destination as destinat2_5_0_, shipment0_.name as name3_5_0_, shipment0_.origin as origin4_5_0_, shipment0_.volume as volume5_5_0_ from Shipment shipment0_ where shipment0_.SHIPMENT_ID=?
DEBUG Loader - Static select for entity com.expeditors.training.course3demo.model.Shipment [READ]: select shipment0_.SHIPMENT_ID as SHIPMENT1_5_0_, shipment0_.destination as destinat2_5_0_, shipment0_.name as name3_5_0_, shipment0_.origin as origin4_5_0_, shipment0_.volume as volume5_5_0_ from Shipment shipment0_ where shipment0_.SHIPMENT_ID=?
DEBUG Loader - Static select for entity com.expeditors.training.course3demo.model.Shipment [UPGRADE]: select shipment0_.SHIPMENT_ID as SHIPMENT1_5_0_, shipment0_.destination as destinat2_5_0_, shipment0_.name as name3_5_0_, shipment0_.origin as origin4_5_0_, shipment0_.volume as volume5_5_0_ from Shipment shipment0_ where shipment0_.SHIPMENT_ID=?
DEBUG Loader - Static select for entity com.expeditors.training.course3demo.model.Shipment [UPGRADE_NOWAIT]: select shipment0_.SHIPMENT_ID as SHIPMENT1_5_0_, shipment0_.destination as destinat2_5_0_, shipment0_.name as name3_5_0_, shipment0_.origin as origin4_5_0_, shipment0_.volume as volume5_5_0_ from Shipment shipment0_ where shipment0_.SHIPMENT_ID=?
DEBUG Loader - Static select for entity com.expeditors.training.course3demo.model.Shipment [FORCE]: select shipment0_.SHIPMENT_ID as SHIPMENT1_5_0_, shipment0_.destination as destinat2_5_0_, shipment0_.name as name3_5_0_, shipment0_.origin as origin4_5_0_, shipment0_.volume as volume5_5_0_ from Shipment shipment0_ where shipment0_.SHIPMENT_ID=?
DEBUG Loader - Static select for entity com.expeditors.training.course3demo.model.Shipment [PESSIMISTIC_READ]: select shipment0_.SHIPMENT_ID as SHIPMENT1_5_0_, shipment0_.destination as destinat2_5_0_, shipment0_.name as name3_5_0_, shipment0_.origin as origin4_5_0_, shipment0_.volume as volume5_5_0_ from Shipment shipment0_ where shipment0_.SHIPMENT_ID=?
DEBUG Loader - Static select for entity com.expeditors.training.course3demo.model.Shipment [PESSIMISTIC_WRITE]: select shipment0_.SHIPMENT_ID as SHIPMENT1_5_0_, shipment0_.destination as destinat2_5_0_, shipment0_.name as name3_5_0_, shipment0_.origin as origin4_5_0_, shipment0_.volume as volume5_5_0_ from Shipment shipment0_ where shipment0_.SHIPMENT_ID=?
DEBUG Loader - Static select for entity com.expeditors.training.course3demo.model.Shipment [PESSIMISTIC_FORCE_INCREMENT]: select shipment0_.SHIPMENT_ID as SHIPMENT1_5_0_, shipment0_.destination as destinat2_5_0_, shipment0_.name as name3_5_0_, shipment0_.origin as origin4_5_0_, shipment0_.volume as volume5_5_0_ from Shipment shipment0_ where shipment0_.SHIPMENT_ID=?
DEBUG Loader - Static select for entity com.expeditors.training.course3demo.model.Shipment [OPTIMISTIC]: select shipment0_.SHIPMENT_ID as SHIPMENT1_5_0_, shipment0_.destination as destinat2_5_0_, shipment0_.name as name3_5_0_, shipment0_.origin as origin4_5_0_, shipment0_.volume as volume5_5_0_ from Shipment shipment0_ where shipment0_.SHIPMENT_ID=?
DEBUG Loader - Static select for entity com.expeditors.training.course3demo.model.Shipment [OPTIMISTIC_FORCE_INCREMENT]: select shipment0_.SHIPMENT_ID as SHIPMENT1_5_0_, shipment0_.destination as destinat2_5_0_, shipment0_.name as name3_5_0_, shipment0_.origin as origin4_5_0_, shipment0_.volume as volume5_5_0_ from Shipment shipment0_ where shipment0_.SHIPMENT_ID=?
DEBUG Loader - Static select for action ACTION_MERGE on entity com.expeditors.training.course3demo.model.Shipment: select shipment0_.SHIPMENT_ID as SHIPMENT1_5_0_, shipment0_.destination as destinat2_5_0_, shipment0_.name as name3_5_0_, shipment0_.origin as origin4_5_0_, shipment0_.volume as volume5_5_0_ from Shipment shipment0_ where shipment0_.SHIPMENT_ID=?
DEBUG Loader - Static select for action ACTION_REFRESH on entity com.expeditors.training.course3demo.model.Shipment: select shipment0_.SHIPMENT_ID as SHIPMENT1_5_0_, shipment0_.destination as destinat2_5_0_, shipment0_.name as name3_5_0_, shipment0_.origin as origin4_5_0_, shipment0_.volume as volume5_5_0_ from Shipment shipment0_ where shipment0_.SHIPMENT_ID=?
DEBUG Loader - Static select for entity com.expeditors.training.course3demo.model.Card [NONE]: select card0_.CARD_ID as CARD1_1_2_, card0_.address as address5_1_2_, card0_.amount as amount2_1_2_, card0_.CARD_NUMBER as CARD3_1_2_, card0_.OWNER_NAME as OWNER4_1_2_, address1_.ADDRESS_ID as ADDRESS1_0_0_, address1_.city as city2_0_0_, address1_.state as state3_0_0_, address1_.street as street4_0_0_, phonenumbe2_.CARD_ID as CARD3_1_4_, phonenumbe2_.PHONE_NUMBER_ID as PHONE1_3_4_, phonenumbe2_.index as index4_4_, phonenumbe2_.PHONE_NUMBER_ID as PHONE1_3_1_, phonenumbe2_.CARD_ID as CARD3_3_1_, phonenumbe2_.PHONE_NUMBER as PHONE2_3_1_ from CARD card0_ left outer join ADDRESS address1_ on card0_.address=address1_.ADDRESS_ID left outer join PHONE_NUMBER phonenumbe2_ on card0_.CARD_ID=phonenumbe2_.CARD_ID where card0_.CARD_ID=?
DEBUG Loader - Static select for entity com.expeditors.training.course3demo.model.Card [READ]: select card0_.CARD_ID as CARD1_1_2_, card0_.address as address5_1_2_, card0_.amount as amount2_1_2_, card0_.CARD_NUMBER as CARD3_1_2_, card0_.OWNER_NAME as OWNER4_1_2_, address1_.ADDRESS_ID as ADDRESS1_0_0_, address1_.city as city2_0_0_, address1_.state as state3_0_0_, address1_.street as street4_0_0_, phonenumbe2_.CARD_ID as CARD3_1_4_, phonenumbe2_.PHONE_NUMBER_ID as PHONE1_3_4_, phonenumbe2_.index as index4_4_, phonenumbe2_.PHONE_NUMBER_ID as PHONE1_3_1_, phonenumbe2_.CARD_ID as CARD3_3_1_, phonenumbe2_.PHONE_NUMBER as PHONE2_3_1_ from CARD card0_ left outer join ADDRESS address1_ on card0_.address=address1_.ADDRESS_ID left outer join PHONE_NUMBER phonenumbe2_ on card0_.CARD_ID=phonenumbe2_.CARD_ID where card0_.CARD_ID=?
DEBUG Loader - Static select for entity com.expeditors.training.course3demo.model.Card [UPGRADE]: select card0_.CARD_ID as CARD1_1_0_, card0_.address as address5_1_0_, card0_.amount as amount2_1_0_, card0_.CARD_NUMBER as CARD3_1_0_, card0_.OWNER_NAME as OWNER4_1_0_ from CARD card0_ where card0_.CARD_ID=?
DEBUG Loader - Static select for entity com.expeditors.training.course3demo.model.Card [UPGRADE_NOWAIT]: select card0_.CARD_ID as CARD1_1_0_, card0_.address as address5_1_0_, card0_.amount as amount2_1_0_, card0_.CARD_NUMBER as CARD3_1_0_, card0_.OWNER_NAME as OWNER4_1_0_ from CARD card0_ where card0_.CARD_ID=?
DEBUG Loader - Static select for entity com.expeditors.training.course3demo.model.Card [FORCE]: select card0_.CARD_ID as CARD1_1_0_, card0_.address as address5_1_0_, card0_.amount as amount2_1_0_, card0_.CARD_NUMBER as CARD3_1_0_, card0_.OWNER_NAME as OWNER4_1_0_ from CARD card0_ where card0_.CARD_ID=?
DEBUG Loader - Static select for entity com.expeditors.training.course3demo.model.Card [PESSIMISTIC_READ]: select card0_.CARD_ID as CARD1_1_0_, card0_.address as address5_1_0_, card0_.amount as amount2_1_0_, card0_.CARD_NUMBER as CARD3_1_0_, card0_.OWNER_NAME as OWNER4_1_0_ from CARD card0_ where card0_.CARD_ID=?
DEBUG Loader - Static select for entity com.expeditors.training.course3demo.model.Card [PESSIMISTIC_WRITE]: select card0_.CARD_ID as CARD1_1_0_, card0_.address as address5_1_0_, card0_.amount as amount2_1_0_, card0_.CARD_NUMBER as CARD3_1_0_, card0_.OWNER_NAME as OWNER4_1_0_ from CARD card0_ where card0_.CARD_ID=?
DEBUG Loader - Static select for entity com.expeditors.training.course3demo.model.Card [PESSIMISTIC_FORCE_INCREMENT]: select card0_.CARD_ID as CARD1_1_0_, card0_.address as address5_1_0_, card0_.amount as amount2_1_0_, card0_.CARD_NUMBER as CARD3_1_0_, card0_.OWNER_NAME as OWNER4_1_0_ from CARD card0_ where card0_.CARD_ID=?
DEBUG Loader - Static select for entity com.expeditors.training.course3demo.model.Card [OPTIMISTIC]: select card0_.CARD_ID as CARD1_1_0_, card0_.address as address5_1_0_, card0_.amount as amount2_1_0_, card0_.CARD_NUMBER as CARD3_1_0_, card0_.OWNER_NAME as OWNER4_1_0_ from CARD card0_ where card0_.CARD_ID=?
DEBUG Loader - Static select for entity com.expeditors.training.course3demo.model.Card [OPTIMISTIC_FORCE_INCREMENT]: select card0_.CARD_ID as CARD1_1_0_, card0_.address as address5_1_0_, card0_.amount as amount2_1_0_, card0_.CARD_NUMBER as CARD3_1_0_, card0_.OWNER_NAME as OWNER4_1_0_ from CARD card0_ where card0_.CARD_ID=?
DEBUG Loader - Static select for action ACTION_MERGE on entity com.expeditors.training.course3demo.model.Card: select card0_.CARD_ID as CARD1_1_2_, card0_.address as address5_1_2_, card0_.amount as amount2_1_2_, card0_.CARD_NUMBER as CARD3_1_2_, card0_.OWNER_NAME as OWNER4_1_2_, address1_.ADDRESS_ID as ADDRESS1_0_0_, address1_.city as city2_0_0_, address1_.state as state3_0_0_, address1_.street as street4_0_0_, phonenumbe2_.CARD_ID as CARD3_1_4_, phonenumbe2_.PHONE_NUMBER_ID as PHONE1_3_4_, phonenumbe2_.index as index4_4_, phonenumbe2_.PHONE_NUMBER_ID as PHONE1_3_1_, phonenumbe2_.CARD_ID as CARD3_3_1_, phonenumbe2_.PHONE_NUMBER as PHONE2_3_1_ from CARD card0_ left outer join ADDRESS address1_ on card0_.address=address1_.ADDRESS_ID left outer join PHONE_NUMBER phonenumbe2_ on card0_.CARD_ID=phonenumbe2_.CARD_ID where card0_.CARD_ID=?
DEBUG Loader - Static select for action ACTION_REFRESH on entity com.expeditors.training.course3demo.model.Card: select card0_.CARD_ID as CARD1_1_2_, card0_.address as address5_1_2_, card0_.amount as amount2_1_2_, card0_.CARD_NUMBER as CARD3_1_2_, card0_.OWNER_NAME as OWNER4_1_2_, address1_.ADDRESS_ID as ADDRESS1_0_0_, address1_.city as city2_0_0_, address1_.state as state3_0_0_, address1_.street as street4_0_0_, phonenumbe2_.CARD_ID as CARD3_1_4_, phonenumbe2_.PHONE_NUMBER_ID as PHONE1_3_4_, phonenumbe2_.index as index4_4_, phonenumbe2_.PHONE_NUMBER_ID as PHONE1_3_1_, phonenumbe2_.CARD_ID as CARD3_3_1_, phonenumbe2_.PHONE_NUMBER as PHONE2_3_1_ from CARD card0_ left outer join ADDRESS address1_ on card0_.address=address1_.ADDRESS_ID left outer join PHONE_NUMBER phonenumbe2_ on card0_.CARD_ID=phonenumbe2_.CARD_ID where card0_.CARD_ID=?
DEBUG Loader - Static select for entity com.expeditors.training.course3demo.model.Container [NONE]: select container0_.CONTAINER_ID as CONTAINE1_2_0_, container0_.capacity as capacity2_2_0_, container0_.destination as destinat3_2_0_, container0_.location as location4_2_0_, container0_.name as name5_2_0_, container0_.status as status6_2_0_ from Container container0_ where container0_.CONTAINER_ID=?
DEBUG Loader - Static select for entity com.expeditors.training.course3demo.model.Container [READ]: select container0_.CONTAINER_ID as CONTAINE1_2_0_, container0_.capacity as capacity2_2_0_, container0_.destination as destinat3_2_0_, container0_.location as location4_2_0_, container0_.name as name5_2_0_, container0_.status as status6_2_0_ from Container container0_ where container0_.CONTAINER_ID=?
DEBUG Loader - Static select for entity com.expeditors.training.course3demo.model.Container [UPGRADE]: select container0_.CONTAINER_ID as CONTAINE1_2_0_, container0_.capacity as capacity2_2_0_, container0_.destination as destinat3_2_0_, container0_.location as location4_2_0_, container0_.name as name5_2_0_, container0_.status as status6_2_0_ from Container container0_ where container0_.CONTAINER_ID=?
DEBUG Loader - Static select for entity com.expeditors.training.course3demo.model.Container [UPGRADE_NOWAIT]: select container0_.CONTAINER_ID as CONTAINE1_2_0_, container0_.capacity as capacity2_2_0_, container0_.destination as destinat3_2_0_, container0_.location as location4_2_0_, container0_.name as name5_2_0_, container0_.status as status6_2_0_ from Container container0_ where container0_.CONTAINER_ID=?
DEBUG Loader - Static select for entity com.expeditors.training.course3demo.model.Container [FORCE]: select container0_.CONTAINER_ID as CONTAINE1_2_0_, container0_.capacity as capacity2_2_0_, container0_.destination as destinat3_2_0_, container0_.location as location4_2_0_, container0_.name as name5_2_0_, container0_.status as status6_2_0_ from Container container0_ where container0_.CONTAINER_ID=?
DEBUG Loader - Static select for entity com.expeditors.training.course3demo.model.Container [PESSIMISTIC_READ]: select container0_.CONTAINER_ID as CONTAINE1_2_0_, container0_.capacity as capacity2_2_0_, container0_.destination as destinat3_2_0_, container0_.location as location4_2_0_, container0_.name as name5_2_0_, container0_.status as status6_2_0_ from Container container0_ where container0_.CONTAINER_ID=?
DEBUG Loader - Static select for entity com.expeditors.training.course3demo.model.Container [PESSIMISTIC_WRITE]: select container0_.CONTAINER_ID as CONTAINE1_2_0_, container0_.capacity as capacity2_2_0_, container0_.destination as destinat3_2_0_, container0_.location as location4_2_0_, container0_.name as name5_2_0_, container0_.status as status6_2_0_ from Container container0_ where container0_.CONTAINER_ID=?
DEBUG Loader - Static select for entity com.expeditors.training.course3demo.model.Container [PESSIMISTIC_FORCE_INCREMENT]: select container0_.CONTAINER_ID as CONTAINE1_2_0_, container0_.capacity as capacity2_2_0_, container0_.destination as destinat3_2_0_, container0_.location as location4_2_0_, container0_.name as name5_2_0_, container0_.status as status6_2_0_ from Container container0_ where container0_.CONTAINER_ID=?
DEBUG Loader - Static select for entity com.expeditors.training.course3demo.model.Container [OPTIMISTIC]: select container0_.CONTAINER_ID as CONTAINE1_2_0_, container0_.capacity as capacity2_2_0_, container0_.destination as destinat3_2_0_, container0_.location as location4_2_0_, container0_.name as name5_2_0_, container0_.status as status6_2_0_ from Container container0_ where container0_.CONTAINER_ID=?
DEBUG Loader - Static select for entity com.expeditors.training.course3demo.model.Container [OPTIMISTIC_FORCE_INCREMENT]: select container0_.CONTAINER_ID as CONTAINE1_2_0_, container0_.capacity as capacity2_2_0_, container0_.destination as destinat3_2_0_, container0_.location as location4_2_0_, container0_.name as name5_2_0_, container0_.status as status6_2_0_ from Container container0_ where container0_.CONTAINER_ID=?
DEBUG Loader - Static select for action ACTION_MERGE on entity com.expeditors.training.course3demo.model.Container: select container0_.CONTAINER_ID as CONTAINE1_2_0_, container0_.capacity as capacity2_2_0_, container0_.destination as destinat3_2_0_, container0_.location as location4_2_0_, container0_.name as name5_2_0_, container0_.status as status6_2_0_ from Container container0_ where container0_.CONTAINER_ID=?
DEBUG Loader - Static select for action ACTION_REFRESH on entity com.expeditors.training.course3demo.model.Container: select container0_.CONTAINER_ID as CONTAINE1_2_0_, container0_.capacity as capacity2_2_0_, container0_.destination as destinat3_2_0_, container0_.location as location4_2_0_, container0_.name as name5_2_0_, container0_.status as status6_2_0_ from Container container0_ where container0_.CONTAINER_ID=?
DEBUG Loader - Static select for entity com.expeditors.training.course3demo.model.UserRole [NONE]: select userrole0_.ROLE_ID as ROLE1_7_0_, userrole0_.ROLE_NAME as ROLE2_7_0_, userrole0_.ROLE_OWNER as ROLE3_7_0_ from USERROLE userrole0_ where userrole0_.ROLE_ID=?
DEBUG Loader - Static select for entity com.expeditors.training.course3demo.model.UserRole [READ]: select userrole0_.ROLE_ID as ROLE1_7_0_, userrole0_.ROLE_NAME as ROLE2_7_0_, userrole0_.ROLE_OWNER as ROLE3_7_0_ from USERROLE userrole0_ where userrole0_.ROLE_ID=?
DEBUG Loader - Static select for entity com.expeditors.training.course3demo.model.UserRole [UPGRADE]: select userrole0_.ROLE_ID as ROLE1_7_0_, userrole0_.ROLE_NAME as ROLE2_7_0_, userrole0_.ROLE_OWNER as ROLE3_7_0_ from USERROLE userrole0_ where userrole0_.ROLE_ID=?
DEBUG Loader - Static select for entity com.expeditors.training.course3demo.model.UserRole [UPGRADE_NOWAIT]: select userrole0_.ROLE_ID as ROLE1_7_0_, userrole0_.ROLE_NAME as ROLE2_7_0_, userrole0_.ROLE_OWNER as ROLE3_7_0_ from USERROLE userrole0_ where userrole0_.ROLE_ID=?
DEBUG Loader - Static select for entity com.expeditors.training.course3demo.model.UserRole [FORCE]: select userrole0_.ROLE_ID as ROLE1_7_0_, userrole0_.ROLE_NAME as ROLE2_7_0_, userrole0_.ROLE_OWNER as ROLE3_7_0_ from USERROLE userrole0_ where userrole0_.ROLE_ID=?
DEBUG Loader - Static select for entity com.expeditors.training.course3demo.model.UserRole [PESSIMISTIC_READ]: select userrole0_.ROLE_ID as ROLE1_7_0_, userrole0_.ROLE_NAME as ROLE2_7_0_, userrole0_.ROLE_OWNER as ROLE3_7_0_ from USERROLE userrole0_ where userrole0_.ROLE_ID=?
DEBUG Loader - Static select for entity com.expeditors.training.course3demo.model.UserRole [PESSIMISTIC_WRITE]: select userrole0_.ROLE_ID as ROLE1_7_0_, userrole0_.ROLE_NAME as ROLE2_7_0_, userrole0_.ROLE_OWNER as ROLE3_7_0_ from USERROLE userrole0_ where userrole0_.ROLE_ID=?
DEBUG Loader - Static select for entity com.expeditors.training.course3demo.model.UserRole [PESSIMISTIC_FORCE_INCREMENT]: select userrole0_.ROLE_ID as ROLE1_7_0_, userrole0_.ROLE_NAME as ROLE2_7_0_, userrole0_.ROLE_OWNER as ROLE3_7_0_ from USERROLE userrole0_ where userrole0_.ROLE_ID=?
DEBUG Loader - Static select for entity com.expeditors.training.course3demo.model.UserRole [OPTIMISTIC]: select userrole0_.ROLE_ID as ROLE1_7_0_, userrole0_.ROLE_NAME as ROLE2_7_0_, userrole0_.ROLE_OWNER as ROLE3_7_0_ from USERROLE userrole0_ where userrole0_.ROLE_ID=?
DEBUG Loader - Static select for entity com.expeditors.training.course3demo.model.UserRole [OPTIMISTIC_FORCE_INCREMENT]: select userrole0_.ROLE_ID as ROLE1_7_0_, userrole0_.ROLE_NAME as ROLE2_7_0_, userrole0_.ROLE_OWNER as ROLE3_7_0_ from USERROLE userrole0_ where userrole0_.ROLE_ID=?
DEBUG Loader - Static select for action ACTION_MERGE on entity com.expeditors.training.course3demo.model.UserRole: select userrole0_.ROLE_ID as ROLE1_7_0_, userrole0_.ROLE_NAME as ROLE2_7_0_, userrole0_.ROLE_OWNER as ROLE3_7_0_ from USERROLE userrole0_ where userrole0_.ROLE_ID=?
DEBUG Loader - Static select for action ACTION_REFRESH on entity com.expeditors.training.course3demo.model.UserRole: select userrole0_.ROLE_ID as ROLE1_7_0_, userrole0_.ROLE_NAME as ROLE2_7_0_, userrole0_.ROLE_OWNER as ROLE3_7_0_ from USERROLE userrole0_ where userrole0_.ROLE_ID=?
DEBUG Loader - Static select for entity com.expeditors.training.course3demo.model.Address [NONE]: select address0_.ADDRESS_ID as ADDRESS1_0_0_, address0_.city as city2_0_0_, address0_.state as state3_0_0_, address0_.street as street4_0_0_ from ADDRESS address0_ where address0_.ADDRESS_ID=?
DEBUG Loader - Static select for entity com.expeditors.training.course3demo.model.Address [READ]: select address0_.ADDRESS_ID as ADDRESS1_0_0_, address0_.city as city2_0_0_, address0_.state as state3_0_0_, address0_.street as street4_0_0_ from ADDRESS address0_ where address0_.ADDRESS_ID=?
DEBUG Loader - Static select for entity com.expeditors.training.course3demo.model.Address [UPGRADE]: select address0_.ADDRESS_ID as ADDRESS1_0_0_, address0_.city as city2_0_0_, address0_.state as state3_0_0_, address0_.street as street4_0_0_ from ADDRESS address0_ where address0_.ADDRESS_ID=?
DEBUG Loader - Static select for entity com.expeditors.training.course3demo.model.Address [UPGRADE_NOWAIT]: select address0_.ADDRESS_ID as ADDRESS1_0_0_, address0_.city as city2_0_0_, address0_.state as state3_0_0_, address0_.street as street4_0_0_ from ADDRESS address0_ where address0_.ADDRESS_ID=?
DEBUG Loader - Static select for entity com.expeditors.training.course3demo.model.Address [FORCE]: select address0_.ADDRESS_ID as ADDRESS1_0_0_, address0_.city as city2_0_0_, address0_.state as state3_0_0_, address0_.street as street4_0_0_ from ADDRESS address0_ where address0_.ADDRESS_ID=?
DEBUG Loader - Static select for entity com.expeditors.training.course3demo.model.Address [PESSIMISTIC_READ]: select address0_.ADDRESS_ID as ADDRESS1_0_0_, address0_.city as city2_0_0_, address0_.state as state3_0_0_, address0_.street as street4_0_0_ from ADDRESS address0_ where address0_.ADDRESS_ID=?
DEBUG Loader - Static select for entity com.expeditors.training.course3demo.model.Address [PESSIMISTIC_WRITE]: select address0_.ADDRESS_ID as ADDRESS1_0_0_, address0_.city as city2_0_0_, address0_.state as state3_0_0_, address0_.street as street4_0_0_ from ADDRESS address0_ where address0_.ADDRESS_ID=?
DEBUG Loader - Static select for entity com.expeditors.training.course3demo.model.Address [PESSIMISTIC_FORCE_INCREMENT]: select address0_.ADDRESS_ID as ADDRESS1_0_0_, address0_.city as city2_0_0_, address0_.state as state3_0_0_, address0_.street as street4_0_0_ from ADDRESS address0_ where address0_.ADDRESS_ID=?
DEBUG Loader - Static select for entity com.expeditors.training.course3demo.model.Address [OPTIMISTIC]: select address0_.ADDRESS_ID as ADDRESS1_0_0_, address0_.city as city2_0_0_, address0_.state as state3_0_0_, address0_.street as street4_0_0_ from ADDRESS address0_ where address0_.ADDRESS_ID=?
DEBUG Loader - Static select for entity com.expeditors.training.course3demo.model.Address [OPTIMISTIC_FORCE_INCREMENT]: select address0_.ADDRESS_ID as ADDRESS1_0_0_, address0_.city as city2_0_0_, address0_.state as state3_0_0_, address0_.street as street4_0_0_ from ADDRESS address0_ where address0_.ADDRESS_ID=?
DEBUG Loader - Static select for action ACTION_MERGE on entity com.expeditors.training.course3demo.model.Address: select address0_.ADDRESS_ID as ADDRESS1_0_0_, address0_.city as city2_0_0_, address0_.state as state3_0_0_, address0_.street as street4_0_0_ from ADDRESS address0_ where address0_.ADDRESS_ID=?
DEBUG Loader - Static select for action ACTION_REFRESH on entity com.expeditors.training.course3demo.model.Address: select address0_.ADDRESS_ID as ADDRESS1_0_0_, address0_.city as city2_0_0_, address0_.state as state3_0_0_, address0_.street as street4_0_0_ from ADDRESS address0_ where address0_.ADDRESS_ID=?
DEBUG Loader - Static select for entity com.expeditors.training.course3demo.model.UserAccount [NONE]: select useraccoun0_.USER_ID as USER1_6_1_, useraccoun0_.enabled as enabled2_6_1_, useraccoun0_.password as password3_6_1_, useraccoun0_.username as username4_6_1_, userroles1_.ROLE_OWNER as ROLE3_6_3_, userroles1_.ROLE_ID as ROLE1_7_3_, userroles1_.ROLE_ID as ROLE1_7_0_, userroles1_.ROLE_NAME as ROLE2_7_0_, userroles1_.ROLE_OWNER as ROLE3_7_0_ from USERACCOUNT useraccoun0_ left outer join USERROLE userroles1_ on useraccoun0_.USER_ID=userroles1_.ROLE_OWNER where useraccoun0_.USER_ID=?
DEBUG Loader - Static select for entity com.expeditors.training.course3demo.model.UserAccount [READ]: select useraccoun0_.USER_ID as USER1_6_1_, useraccoun0_.enabled as enabled2_6_1_, useraccoun0_.password as password3_6_1_, useraccoun0_.username as username4_6_1_, userroles1_.ROLE_OWNER as ROLE3_6_3_, userroles1_.ROLE_ID as ROLE1_7_3_, userroles1_.ROLE_ID as ROLE1_7_0_, userroles1_.ROLE_NAME as ROLE2_7_0_, userroles1_.ROLE_OWNER as ROLE3_7_0_ from USERACCOUNT useraccoun0_ left outer join USERROLE userroles1_ on useraccoun0_.USER_ID=userroles1_.ROLE_OWNER where useraccoun0_.USER_ID=?
DEBUG Loader - Static select for entity com.expeditors.training.course3demo.model.UserAccount [UPGRADE]: select useraccoun0_.USER_ID as USER1_6_0_, useraccoun0_.enabled as enabled2_6_0_, useraccoun0_.password as password3_6_0_, useraccoun0_.username as username4_6_0_ from USERACCOUNT useraccoun0_ where useraccoun0_.USER_ID=?
DEBUG Loader - Static select for entity com.expeditors.training.course3demo.model.UserAccount [UPGRADE_NOWAIT]: select useraccoun0_.USER_ID as USER1_6_0_, useraccoun0_.enabled as enabled2_6_0_, useraccoun0_.password as password3_6_0_, useraccoun0_.username as username4_6_0_ from USERACCOUNT useraccoun0_ where useraccoun0_.USER_ID=?
DEBUG Loader - Static select for entity com.expeditors.training.course3demo.model.UserAccount [FORCE]: select useraccoun0_.USER_ID as USER1_6_0_, useraccoun0_.enabled as enabled2_6_0_, useraccoun0_.password as password3_6_0_, useraccoun0_.username as username4_6_0_ from USERACCOUNT useraccoun0_ where useraccoun0_.USER_ID=?
DEBUG Loader - Static select for entity com.expeditors.training.course3demo.model.UserAccount [PESSIMISTIC_READ]: select useraccoun0_.USER_ID as USER1_6_0_, useraccoun0_.enabled as enabled2_6_0_, useraccoun0_.password as password3_6_0_, useraccoun0_.username as username4_6_0_ from USERACCOUNT useraccoun0_ where useraccoun0_.USER_ID=?
DEBUG Loader - Static select for entity com.expeditors.training.course3demo.model.UserAccount [PESSIMISTIC_WRITE]: select useraccoun0_.USER_ID as USER1_6_0_, useraccoun0_.enabled as enabled2_6_0_, useraccoun0_.password as password3_6_0_, useraccoun0_.username as username4_6_0_ from USERACCOUNT useraccoun0_ where useraccoun0_.USER_ID=?
DEBUG Loader - Static select for entity com.expeditors.training.course3demo.model.UserAccount [PESSIMISTIC_FORCE_INCREMENT]: select useraccoun0_.USER_ID as USER1_6_0_, useraccoun0_.enabled as enabled2_6_0_, useraccoun0_.password as password3_6_0_, useraccoun0_.username as username4_6_0_ from USERACCOUNT useraccoun0_ where useraccoun0_.USER_ID=?
DEBUG Loader - Static select for entity com.expeditors.training.course3demo.model.UserAccount [OPTIMISTIC]: select useraccoun0_.USER_ID as USER1_6_0_, useraccoun0_.enabled as enabled2_6_0_, useraccoun0_.password as password3_6_0_, useraccoun0_.username as username4_6_0_ from USERACCOUNT useraccoun0_ where useraccoun0_.USER_ID=?
DEBUG Loader - Static select for entity com.expeditors.training.course3demo.model.UserAccount [OPTIMISTIC_FORCE_INCREMENT]: select useraccoun0_.USER_ID as USER1_6_0_, useraccoun0_.enabled as enabled2_6_0_, useraccoun0_.password as password3_6_0_, useraccoun0_.username as username4_6_0_ from USERACCOUNT useraccoun0_ where useraccoun0_.USER_ID=?
DEBUG Loader - Static select for action ACTION_MERGE on entity com.expeditors.training.course3demo.model.UserAccount: select useraccoun0_.USER_ID as USER1_6_1_, useraccoun0_.enabled as enabled2_6_1_, useraccoun0_.password as password3_6_1_, useraccoun0_.username as username4_6_1_, userroles1_.ROLE_OWNER as ROLE3_6_3_, userroles1_.ROLE_ID as ROLE1_7_3_, userroles1_.ROLE_ID as ROLE1_7_0_, userroles1_.ROLE_NAME as ROLE2_7_0_, userroles1_.ROLE_OWNER as ROLE3_7_0_ from USERACCOUNT useraccoun0_ left outer join USERROLE userroles1_ on useraccoun0_.USER_ID=userroles1_.ROLE_OWNER where useraccoun0_.USER_ID=?
DEBUG Loader - Static select for action ACTION_REFRESH on entity com.expeditors.training.course3demo.model.UserAccount: select useraccoun0_.USER_ID as USER1_6_1_, useraccoun0_.enabled as enabled2_6_1_, useraccoun0_.password as password3_6_1_, useraccoun0_.username as username4_6_1_, userroles1_.ROLE_OWNER as ROLE3_6_3_, userroles1_.ROLE_ID as ROLE1_7_3_, userroles1_.ROLE_ID as ROLE1_7_0_, userroles1_.ROLE_NAME as ROLE2_7_0_, userroles1_.ROLE_OWNER as ROLE3_7_0_ from USERACCOUNT useraccoun0_ left outer join USERROLE userroles1_ on useraccoun0_.USER_ID=userroles1_.ROLE_OWNER where useraccoun0_.USER_ID=?
DEBUG Loader - Static select for entity com.expeditors.training.course3demo.model.Product [NONE]: select product0_.PRODUCT_ID as PRODUCT1_4_0_, product0_.description as descript2_4_0_, product0_.name as name3_4_0_, product0_.price as price4_4_0_ from PRODUCT product0_ where product0_.PRODUCT_ID=?
DEBUG Loader - Static select for entity com.expeditors.training.course3demo.model.Product [READ]: select product0_.PRODUCT_ID as PRODUCT1_4_0_, product0_.description as descript2_4_0_, product0_.name as name3_4_0_, product0_.price as price4_4_0_ from PRODUCT product0_ where product0_.PRODUCT_ID=?
DEBUG Loader - Static select for entity com.expeditors.training.course3demo.model.Product [UPGRADE]: select product0_.PRODUCT_ID as PRODUCT1_4_0_, product0_.description as descript2_4_0_, product0_.name as name3_4_0_, product0_.price as price4_4_0_ from PRODUCT product0_ where product0_.PRODUCT_ID=?
DEBUG Loader - Static select for entity com.expeditors.training.course3demo.model.Product [UPGRADE_NOWAIT]: select product0_.PRODUCT_ID as PRODUCT1_4_0_, product0_.description as descript2_4_0_, product0_.name as name3_4_0_, product0_.price as price4_4_0_ from PRODUCT product0_ where product0_.PRODUCT_ID=?
DEBUG Loader - Static select for entity com.expeditors.training.course3demo.model.Product [FORCE]: select product0_.PRODUCT_ID as PRODUCT1_4_0_, product0_.description as descript2_4_0_, product0_.name as name3_4_0_, product0_.price as price4_4_0_ from PRODUCT product0_ where product0_.PRODUCT_ID=?
DEBUG Loader - Static select for entity com.expeditors.training.course3demo.model.Product [PESSIMISTIC_READ]: select product0_.PRODUCT_ID as PRODUCT1_4_0_, product0_.description as descript2_4_0_, product0_.name as name3_4_0_, product0_.price as price4_4_0_ from PRODUCT product0_ where product0_.PRODUCT_ID=?
DEBUG Loader - Static select for entity com.expeditors.training.course3demo.model.Product [PESSIMISTIC_WRITE]: select product0_.PRODUCT_ID as PRODUCT1_4_0_, product0_.description as descript2_4_0_, product0_.name as name3_4_0_, product0_.price as price4_4_0_ from PRODUCT product0_ where product0_.PRODUCT_ID=?
DEBUG Loader - Static select for entity com.expeditors.training.course3demo.model.Product [PESSIMISTIC_FORCE_INCREMENT]: select product0_.PRODUCT_ID as PRODUCT1_4_0_, product0_.description as descript2_4_0_, product0_.name as name3_4_0_, product0_.price as price4_4_0_ from PRODUCT product0_ where product0_.PRODUCT_ID=?
DEBUG Loader - Static select for entity com.expeditors.training.course3demo.model.Product [OPTIMISTIC]: select product0_.PRODUCT_ID as PRODUCT1_4_0_, product0_.description as descript2_4_0_, product0_.name as name3_4_0_, product0_.price as price4_4_0_ from PRODUCT product0_ where product0_.PRODUCT_ID=?
DEBUG Loader - Static select for entity com.expeditors.training.course3demo.model.Product [OPTIMISTIC_FORCE_INCREMENT]: select product0_.PRODUCT_ID as PRODUCT1_4_0_, product0_.description as descript2_4_0_, product0_.name as name3_4_0_, product0_.price as price4_4_0_ from PRODUCT product0_ where product0_.PRODUCT_ID=?
DEBUG Loader - Static select for action ACTION_MERGE on entity com.expeditors.training.course3demo.model.Product: select product0_.PRODUCT_ID as PRODUCT1_4_0_, product0_.description as descript2_4_0_, product0_.name as name3_4_0_, product0_.price as price4_4_0_ from PRODUCT product0_ where product0_.PRODUCT_ID=?
DEBUG Loader - Static select for action ACTION_REFRESH on entity com.expeditors.training.course3demo.model.Product: select product0_.PRODUCT_ID as PRODUCT1_4_0_, product0_.description as descript2_4_0_, product0_.name as name3_4_0_, product0_.price as price4_4_0_ from PRODUCT product0_ where product0_.PRODUCT_ID=?
DEBUG OneToManyLoader - Static select for one-to-many com.expeditors.training.course3demo.model.Card.phoneNumbers: select phonenumbe0_.CARD_ID as CARD3_1_1_, phonenumbe0_.PHONE_NUMBER_ID as PHONE1_3_1_, phonenumbe0_.index as index4_1_, phonenumbe0_.PHONE_NUMBER_ID as PHONE1_3_0_, phonenumbe0_.CARD_ID as CARD3_3_0_, phonenumbe0_.PHONE_NUMBER as PHONE2_3_0_ from PHONE_NUMBER phonenumbe0_ where phonenumbe0_.CARD_ID=?
DEBUG OneToManyLoader - Static select for one-to-many com.expeditors.training.course3demo.model.UserAccount.userRoles: select userroles0_.ROLE_OWNER as ROLE3_6_1_, userroles0_.ROLE_ID as ROLE1_7_1_, userroles0_.ROLE_ID as ROLE1_7_0_, userroles0_.ROLE_NAME as ROLE2_7_0_, userroles0_.ROLE_OWNER as ROLE3_7_0_ from USERROLE userroles0_ where userroles0_.ROLE_OWNER=?
DEBUG SessionFactoryRegistry - Registering SessionFactory: afdde625-0fd5-4ca7-bb40-9a0828239cbf (&lt;unnamed&gt;)
DEBUG SessionFactoryRegistry - Not binding SessionFactory to JNDI, no JNDI name configured
DEBUG SessionFactoryImpl - Instantiated session factory
DEBUG Configuration - Processing hbm.xml files
DEBUG Configuration - Process annotated classes
DEBUG Configuration - Processing fk mappings (*ToOne and JoinedSubclass)
DEBUG Configuration - Processing extends queue
DEBUG Configuration - Processing extends queue
DEBUG Configuration - Processing collection mappings
DEBUG Configuration - Processing native query and ResultSetMapping mappings
DEBUG Configuration - Processing association property references
DEBUG Configuration - Creating tables&apos; unique integer identifiers
DEBUG Configuration - Processing foreign key constraints
DEBUG Configuration - Resolving reference to class: com.expeditors.training.course3demo.model.Address
DEBUG Configuration - Resolving reference to class: com.expeditors.training.course3demo.model.Card
DEBUG Configuration - Resolving reference to class: com.expeditors.training.course3demo.model.UserAccount
DEBUG DefaultIdentifierGeneratorFactory - Setting dialect [org.hibernate.dialect.HSQLDialect]
DEBUG DefaultIdentifierGeneratorFactory - Setting dialect [org.hibernate.dialect.HSQLDialect]
DEBUG DefaultIdentifierGeneratorFactory - Setting dialect [org.hibernate.dialect.HSQLDialect]
DEBUG DefaultIdentifierGeneratorFactory - Setting dialect [org.hibernate.dialect.HSQLDialect]
DEBUG DefaultIdentifierGeneratorFactory - Setting dialect [org.hibernate.dialect.HSQLDialect]
DEBUG DefaultIdentifierGeneratorFactory - Setting dialect [org.hibernate.dialect.HSQLDialect]
DEBUG DefaultIdentifierGeneratorFactory - Setting dialect [org.hibernate.dialect.HSQLDialect]
DEBUG DefaultIdentifierGeneratorFactory - Setting dialect [org.hibernate.dialect.HSQLDialect]
DEBUG Configuration - Processing hbm.xml files
DEBUG Configuration - Process annotated classes
DEBUG Configuration - Processing fk mappings (*ToOne and JoinedSubclass)
DEBUG Configuration - Processing extends queue
DEBUG Configuration - Processing extends queue
DEBUG Configuration - Processing collection mappings
DEBUG Configuration - Processing native query and ResultSetMapping mappings
DEBUG Configuration - Processing association property references
DEBUG Configuration - Creating tables&apos; unique integer identifiers
DEBUG Configuration - Processing foreign key constraints
DEBUG Configuration - Resolving reference to class: com.expeditors.training.course3demo.model.Address
DEBUG Configuration - Resolving reference to class: com.expeditors.training.course3demo.model.Card
DEBUG Configuration - Resolving reference to class: com.expeditors.training.course3demo.model.UserAccount
DEBUG DefaultIdentifierGeneratorFactory - Setting dialect [org.hibernate.dialect.HSQLDialect]
DEBUG DefaultIdentifierGeneratorFactory - Setting dialect [org.hibernate.dialect.HSQLDialect]
DEBUG DefaultIdentifierGeneratorFactory - Setting dialect [org.hibernate.dialect.HSQLDialect]
DEBUG DefaultIdentifierGeneratorFactory - Setting dialect [org.hibernate.dialect.HSQLDialect]
DEBUG DefaultIdentifierGeneratorFactory - Setting dialect [org.hibernate.dialect.HSQLDialect]
DEBUG DefaultIdentifierGeneratorFactory - Setting dialect [org.hibernate.dialect.HSQLDialect]
DEBUG DefaultIdentifierGeneratorFactory - Setting dialect [org.hibernate.dialect.HSQLDialect]
DEBUG DefaultIdentifierGeneratorFactory - Setting dialect [org.hibernate.dialect.HSQLDialect]
DEBUG DefaultIdentifierGeneratorFactory - Setting dialect [org.hibernate.dialect.HSQLDialect]
DEBUG DefaultIdentifierGeneratorFactory - Setting dialect [org.hibernate.dialect.HSQLDialect]
DEBUG DefaultIdentifierGeneratorFactory - Setting dialect [org.hibernate.dialect.HSQLDialect]
DEBUG DefaultIdentifierGeneratorFactory - Setting dialect [org.hibernate.dialect.HSQLDialect]
DEBUG DefaultIdentifierGeneratorFactory - Setting dialect [org.hibernate.dialect.HSQLDialect]
DEBUG DefaultIdentifierGeneratorFactory - Setting dialect [org.hibernate.dialect.HSQLDialect]
DEBUG DefaultIdentifierGeneratorFactory - Setting dialect [org.hibernate.dialect.HSQLDialect]
DEBUG DefaultIdentifierGeneratorFactory - Setting dialect [org.hibernate.dialect.HSQLDialect]
INFO  SchemaExport - HHH000227: Running hbm2ddl schema export
DEBUG SchemaExport - Import file not found: /import.sql
DEBUG DriverManagerDataSource - Creating new JDBC DriverManager Connection to [jdbc:hsqldb:mem:paging]
DEBUG SQL - alter table CARD drop constraint FK_54a30a8abe81442b9977b26d3aa
Hibernate: alter table CARD drop constraint FK_54a30a8abe81442b9977b26d3aa
ERROR SchemaExport - HHH000389: Unsuccessful: alter table CARD drop constraint FK_54a30a8abe81442b9977b26d3aa
ERROR SchemaExport - user lacks privilege or object not found: PUBLIC.CARD
DEBUG SQL - alter table PHONE_NUMBER drop constraint FK_c42abaa6fc664b8695b74c48232
Hibernate: alter table PHONE_NUMBER drop constraint FK_c42abaa6fc664b8695b74c48232
ERROR SchemaExport - HHH000389: Unsuccessful: alter table PHONE_NUMBER drop constraint FK_c42abaa6fc664b8695b74c48232
ERROR SchemaExport - user lacks privilege or object not found: PUBLIC.PHONE_NUMBER
DEBUG SQL - alter table USERROLE drop constraint FK_e61c6f39d592438fa30a1cb92e6
Hibernate: alter table USERROLE drop constraint FK_e61c6f39d592438fa30a1cb92e6
ERROR SchemaExport - HHH000389: Unsuccessful: alter table USERROLE drop constraint FK_e61c6f39d592438fa30a1cb92e6
ERROR SchemaExport - user lacks privilege or object not found: PUBLIC.USERROLE
DEBUG SQL - drop table ADDRESS if exists
Hibernate: drop table ADDRESS if exists
DEBUG SQL - drop table CARD if exists
Hibernate: drop table CARD if exists
DEBUG SQL - drop table Container if exists
Hibernate: drop table Container if exists
DEBUG SQL - drop table PHONE_NUMBER if exists
Hibernate: drop table PHONE_NUMBER if exists
DEBUG SQL - drop table PRODUCT if exists
Hibernate: drop table PRODUCT if exists
DEBUG SQL - drop table Shipment if exists
Hibernate: drop table Shipment if exists
DEBUG SQL - drop table USERACCOUNT if exists
Hibernate: drop table USERACCOUNT if exists
DEBUG SQL - drop table USERROLE if exists
Hibernate: drop table USERROLE if exists
DEBUG SQL - create table ADDRESS (ADDRESS_ID bigint generated by default as identity (start with 1), city varchar(255) not null, state CHAR(2) not null, street varchar(255) not null, primary key (ADDRESS_ID))
Hibernate: create table ADDRESS (ADDRESS_ID bigint generated by default as identity (start with 1), city varchar(255) not null, state CHAR(2) not null, street varchar(255) not null, primary key (ADDRESS_ID))
DEBUG SQL - create table CARD (CARD_ID bigint generated by default as identity (start with 1), amount double, CARD_NUMBER char not null, OWNER_NAME varchar(255) not null, address bigint, primary key (CARD_ID))
Hibernate: create table CARD (CARD_ID bigint generated by default as identity (start with 1), amount double, CARD_NUMBER char not null, OWNER_NAME varchar(255) not null, address bigint, primary key (CARD_ID))
DEBUG SQL - create table Container (CONTAINER_ID bigint generated by default as identity (start with 1), capacity double not null check (capacity&gt;=0), destination varchar(255), location varchar(255), name varchar(40), status varchar(255), primary key (CONTAINER_ID))
Hibernate: create table Container (CONTAINER_ID bigint generated by default as identity (start with 1), capacity double not null check (capacity&gt;=0), destination varchar(255), location varchar(255), name varchar(40), status varchar(255), primary key (CONTAINER_ID))
DEBUG SQL - create table PHONE_NUMBER (PHONE_NUMBER_ID bigint generated by default as identity (start with 1), PHONE_NUMBER char not null, CARD_ID bigint not null, index integer, primary key (PHONE_NUMBER_ID))
Hibernate: create table PHONE_NUMBER (PHONE_NUMBER_ID bigint generated by default as identity (start with 1), PHONE_NUMBER char not null, CARD_ID bigint not null, index integer, primary key (PHONE_NUMBER_ID))
DEBUG SQL - create table PRODUCT (PRODUCT_ID bigint generated by default as identity (start with 1), description varchar(255), name varchar(255), price double, primary key (PRODUCT_ID))
Hibernate: create table PRODUCT (PRODUCT_ID bigint generated by default as identity (start with 1), description varchar(255), name varchar(255), price double, primary key (PRODUCT_ID))
DEBUG SQL - create table Shipment (SHIPMENT_ID bigint generated by default as identity (start with 1), destination varchar(255), name varchar(40), origin varchar(255), volume double not null check (volume&gt;=0), primary key (SHIPMENT_ID))
Hibernate: create table Shipment (SHIPMENT_ID bigint generated by default as identity (start with 1), destination varchar(255), name varchar(40), origin varchar(255), volume double not null check (volume&gt;=0), primary key (SHIPMENT_ID))
DEBUG SQL - create table USERACCOUNT (USER_ID bigint generated by default as identity (start with 1), enabled boolean, password varchar(50), username varchar(255), primary key (USER_ID))
Hibernate: create table USERACCOUNT (USER_ID bigint generated by default as identity (start with 1), enabled boolean, password varchar(50), username varchar(255), primary key (USER_ID))
DEBUG SQL - create table USERROLE (ROLE_ID bigint generated by default as identity (start with 1), ROLE_NAME varchar(40) not null, ROLE_OWNER bigint not null, primary key (ROLE_ID))
Hibernate: create table USERROLE (ROLE_ID bigint generated by default as identity (start with 1), ROLE_NAME varchar(40) not null, ROLE_OWNER bigint not null, primary key (ROLE_ID))
DEBUG SQL - alter table CARD add constraint FK_54a30a8abe81442b9977b26d3aa foreign key (address) references ADDRESS
Hibernate: alter table CARD add constraint FK_54a30a8abe81442b9977b26d3aa foreign key (address) references ADDRESS
DEBUG SQL - alter table PHONE_NUMBER add constraint FK_c42abaa6fc664b8695b74c48232 foreign key (CARD_ID) references CARD
Hibernate: alter table PHONE_NUMBER add constraint FK_c42abaa6fc664b8695b74c48232 foreign key (CARD_ID) references CARD
DEBUG SQL - alter table USERROLE add constraint FK_e61c6f39d592438fa30a1cb92e6 foreign key (ROLE_OWNER) references USERACCOUNT
Hibernate: alter table USERROLE add constraint FK_e61c6f39d592438fa30a1cb92e6 foreign key (ROLE_OWNER) references USERACCOUNT
INFO  SchemaExport - HHH000230: Schema export complete
DEBUG Configuration - Processing hbm.xml files
DEBUG Configuration - Process annotated classes
DEBUG Configuration - Processing fk mappings (*ToOne and JoinedSubclass)
DEBUG Configuration - Processing extends queue
DEBUG Configuration - Processing extends queue
DEBUG Configuration - Processing collection mappings
DEBUG Configuration - Processing native query and ResultSetMapping mappings
DEBUG Configuration - Processing association property references
DEBUG Configuration - Creating tables&apos; unique integer identifiers
DEBUG Configuration - Processing foreign key constraints
DEBUG Configuration - Resolving reference to class: com.expeditors.training.course3demo.model.Address
DEBUG Configuration - Resolving reference to class: com.expeditors.training.course3demo.model.Card
DEBUG Configuration - Resolving reference to class: com.expeditors.training.course3demo.model.UserAccount
DEBUG DefaultIdentifierGeneratorFactory - Setting dialect [org.hibernate.dialect.HSQLDialect]
DEBUG DefaultIdentifierGeneratorFactory - Setting dialect [org.hibernate.dialect.HSQLDialect]
DEBUG DefaultIdentifierGeneratorFactory - Setting dialect [org.hibernate.dialect.HSQLDialect]
DEBUG DefaultIdentifierGeneratorFactory - Setting dialect [org.hibernate.dialect.HSQLDialect]
DEBUG DefaultIdentifierGeneratorFactory - Setting dialect [org.hibernate.dialect.HSQLDialect]
DEBUG DefaultIdentifierGeneratorFactory - Setting dialect [org.hibernate.dialect.HSQLDialect]
DEBUG DefaultIdentifierGeneratorFactory - Setting dialect [org.hibernate.dialect.HSQLDialect]
DEBUG DefaultIdentifierGeneratorFactory - Setting dialect [org.hibernate.dialect.HSQLDialect]
DEBUG Configuration - Processing hbm.xml files
DEBUG Configuration - Process annotated classes
DEBUG Configuration - Processing fk mappings (*ToOne and JoinedSubclass)
DEBUG Configuration - Processing extends queue
DEBUG Configuration - Processing extends queue
DEBUG Configuration - Processing collection mappings
DEBUG Configuration - Processing native query and ResultSetMapping mappings
DEBUG Configuration - Processing association property references
DEBUG Configuration - Creating tables&apos; unique integer identifiers
DEBUG Configuration - Processing foreign key constraints
DEBUG Configuration - Resolving reference to class: com.expeditors.training.course3demo.model.Address
DEBUG Configuration - Resolving reference to class: com.expeditors.training.course3demo.model.Card
DEBUG Configuration - Resolving reference to class: com.expeditors.training.course3demo.model.UserAccount
DEBUG DefaultIdentifierGeneratorFactory - Setting dialect [org.hibernate.dialect.HSQLDialect]
DEBUG DefaultIdentifierGeneratorFactory - Setting dialect [org.hibernate.dialect.HSQLDialect]
DEBUG DefaultIdentifierGeneratorFactory - Setting dialect [org.hibernate.dialect.HSQLDialect]
DEBUG DefaultIdentifierGeneratorFactory - Setting dialect [org.hibernate.dialect.HSQLDialect]
DEBUG DefaultIdentifierGeneratorFactory - Setting dialect [org.hibernate.dialect.HSQLDialect]
DEBUG DefaultIdentifierGeneratorFactory - Setting dialect [org.hibernate.dialect.HSQLDialect]
DEBUG DefaultIdentifierGeneratorFactory - Setting dialect [org.hibernate.dialect.HSQLDialect]
DEBUG DefaultIdentifierGeneratorFactory - Setting dialect [org.hibernate.dialect.HSQLDialect]
DEBUG DefaultIdentifierGeneratorFactory - Setting dialect [org.hibernate.dialect.HSQLDialect]
DEBUG DefaultIdentifierGeneratorFactory - Setting dialect [org.hibernate.dialect.HSQLDialect]
DEBUG DefaultIdentifierGeneratorFactory - Setting dialect [org.hibernate.dialect.HSQLDialect]
DEBUG DefaultIdentifierGeneratorFactory - Setting dialect [org.hibernate.dialect.HSQLDialect]
DEBUG DefaultIdentifierGeneratorFactory - Setting dialect [org.hibernate.dialect.HSQLDialect]
DEBUG DefaultIdentifierGeneratorFactory - Setting dialect [org.hibernate.dialect.HSQLDialect]
DEBUG DefaultIdentifierGeneratorFactory - Setting dialect [org.hibernate.dialect.HSQLDialect]
DEBUG DefaultIdentifierGeneratorFactory - Setting dialect [org.hibernate.dialect.HSQLDialect]
DEBUG SessionFactoryImpl - Checking 0 named HQL queries
DEBUG SessionFactoryImpl - Checking 0 named SQL queries
DEBUG StatisticsInitiator - Statistics initialized [enabled=false]
DEBUG EntityManagerFactoryRegistry - Registering EntityManagerFactory: default 
DEBUG DefaultListableBeanFactory - Finished creating instance of bean &apos;entityManagerFactory&apos;
INFO  DefaultListableBeanFactory - Pre-instantiating singletons in org.springframework.beans.factory.support.DefaultListableBeanFactory@55f8669d: defining beans [org.springframework.context.annotation.internalConfigurationAnnotationProcessor,org.springframework.context.annotation.internalAutowiredAnnotationProcessor,org.springframework.context.annotation.internalRequiredAnnotationProcessor,org.springframework.context.annotation.internalCommonAnnotationProcessor,org.springframework.context.annotation.internalPersistenceAnnotationProcessor,testConfig,org.springframework.context.annotation.ConfigurationClassPostProcessor.importAwareProcessor,cardController,containerController,errorLoginController,homeController,productController,securityController,shipmentController,org.springframework.web.servlet.config.annotation.DelegatingWebMvcConfiguration,requestMappingHandlerMapping,mvcContentNegotiationManager,viewControllerHandlerMapping,beanNameHandlerMapping,resourceHandlerMapping,defaultServletHandlerMapping,requestMappingHandlerAdapter,mvcConversionService,httpRequestHandlerAdapter,simpleControllerHandlerAdapter,handlerExceptionResolver,mvcValidator,com.expeditors.training.course3demo.config.PersistenceJPATestConfig,entityManagerFactory,dataSource,containerService,shipmentService,productService,viewResolver]; root of factory hierarchy
DEBUG DefaultListableBeanFactory - Returning cached instance of singleton bean &apos;org.springframework.context.annotation.internalConfigurationAnnotationProcessor&apos;
DEBUG DefaultListableBeanFactory - Returning cached instance of singleton bean &apos;org.springframework.context.annotation.internalAutowiredAnnotationProcessor&apos;
DEBUG DefaultListableBeanFactory - Returning cached instance of singleton bean &apos;org.springframework.context.annotation.internalRequiredAnnotationProcessor&apos;
DEBUG DefaultListableBeanFactory - Returning cached instance of singleton bean &apos;org.springframework.context.annotation.internalCommonAnnotationProcessor&apos;
DEBUG DefaultListableBeanFactory - Returning cached instance of singleton bean &apos;org.springframework.context.annotation.internalPersistenceAnnotationProcessor&apos;
DEBUG DefaultListableBeanFactory - Creating shared instance of singleton bean &apos;testConfig&apos;
DEBUG DefaultListableBeanFactory - Creating instance of bean &apos;testConfig&apos;
DEBUG DefaultListableBeanFactory - Eagerly caching bean &apos;testConfig&apos; to allow for resolving potential circular references
DEBUG DefaultListableBeanFactory - Finished creating instance of bean &apos;testConfig&apos;
DEBUG DefaultListableBeanFactory - Returning cached instance of singleton bean &apos;org.springframework.context.annotation.ConfigurationClassPostProcessor.importAwareProcessor&apos;
DEBUG DefaultListableBeanFactory - Creating shared instance of singleton bean &apos;cardController&apos;
DEBUG DefaultListableBeanFactory - Creating instance of bean &apos;cardController&apos;
DEBUG InjectionMetadata - Registered injected element on class [com.expeditors.training.course3demo.controller.CardController]: AutowiredFieldElement for com.expeditors.training.course3demo.service.CardService com.expeditors.training.course3demo.controller.CardController.cardService
DEBUG DefaultListableBeanFactory - Eagerly caching bean &apos;cardController&apos; to allow for resolving potential circular references
DEBUG InjectionMetadata - Processing injected method of bean &apos;cardController&apos;: AutowiredFieldElement for com.expeditors.training.course3demo.service.CardService com.expeditors.training.course3demo.controller.CardController.cardService
INFO  DefaultListableBeanFactory - Destroying singletons in org.springframework.beans.factory.support.DefaultListableBeanFactory@55f8669d: defining beans [org.springframework.context.annotation.internalConfigurationAnnotationProcessor,org.springframework.context.annotation.internalAutowiredAnnotationProcessor,org.springframework.context.annotation.internalRequiredAnnotationProcessor,org.springframework.context.annotation.internalCommonAnnotationProcessor,org.springframework.context.annotation.internalPersistenceAnnotationProcessor,testConfig,org.springframework.context.annotation.ConfigurationClassPostProcessor.importAwareProcessor,cardController,containerController,errorLoginController,homeController,productController,securityController,shipmentController,org.springframework.web.servlet.config.annotation.DelegatingWebMvcConfiguration,requestMappingHandlerMapping,mvcContentNegotiationManager,viewControllerHandlerMapping,beanNameHandlerMapping,resourceHandlerMapping,defaultServletHandlerMapping,requestMappingHandlerAdapter,mvcConversionService,httpRequestHandlerAdapter,simpleControllerHandlerAdapter,handlerExceptionResolver,mvcValidator,com.expeditors.training.course3demo.config.PersistenceJPATestConfig,entityManagerFactory,dataSource,containerService,shipmentService,productService,viewResolver]; root of factory hierarchy
DEBUG DisposableBeanAdapter - Invoking destroy() on bean with name &apos;testConfig&apos;
DEBUG DisposableBeanAdapter - Invoking destroy() on bean with name &apos;entityManagerFactory&apos;
INFO  LocalContainerEntityManagerFactoryBean - Closing JPA EntityManagerFactory for persistence unit &apos;default&apos;
DEBUG SessionFactoryImpl - HHH000031: Closing
INFO  SchemaExport - HHH000227: Running hbm2ddl schema export
DEBUG SchemaExport - Import file not found: /import.sql
DEBUG DriverManagerDataSource - Creating new JDBC DriverManager Connection to [jdbc:hsqldb:mem:paging]
DEBUG SQL - alter table CARD drop constraint FK_54a30a8abe81442b9977b26d3aa
Hibernate: alter table CARD drop constraint FK_54a30a8abe81442b9977b26d3aa
DEBUG SQL - alter table PHONE_NUMBER drop constraint FK_c42abaa6fc664b8695b74c48232
Hibernate: alter table PHONE_NUMBER drop constraint FK_c42abaa6fc664b8695b74c48232
DEBUG SQL - alter table USERROLE drop constraint FK_e61c6f39d592438fa30a1cb92e6
Hibernate: alter table USERROLE drop constraint FK_e61c6f39d592438fa30a1cb92e6
DEBUG SQL - drop table ADDRESS if exists
Hibernate: drop table ADDRESS if exists
DEBUG SQL - drop table CARD if exists
Hibernate: drop table CARD if exists
DEBUG SQL - drop table Container if exists
Hibernate: drop table Container if exists
DEBUG SQL - drop table PHONE_NUMBER if exists
Hibernate: drop table PHONE_NUMBER if exists
DEBUG SQL - drop table PRODUCT if exists
Hibernate: drop table PRODUCT if exists
DEBUG SQL - drop table Shipment if exists
Hibernate: drop table Shipment if exists
DEBUG SQL - drop table USERACCOUNT if exists
Hibernate: drop table USERACCOUNT if exists
DEBUG SQL - drop table USERROLE if exists
Hibernate: drop table USERROLE if exists
INFO  SchemaExport - HHH000230: Schema export complete
DEBUG EntityManagerFactoryRegistry - Remove: name=default
DEBUG DisposableBeanAdapter - Invoking destroy() on bean with name &apos;com.expeditors.training.course3demo.config.PersistenceJPATestConfig&apos;
ERROR TestContextManager - Caught exception while allowing TestExecutionListener [org.springframework.test.context.web.ServletTestExecutionListener@5942ee04] to prepare test instance [com.expeditors.training.course3demo.controller.ContainerControllerTest@1aa99005]
java.lang.IllegalStateException: Failed to load ApplicationContext
	at org.springframework.test.context.CacheAwareContextLoaderDelegate.loadContext(CacheAwareContextLoaderDelegate.java:99) ~[spring-test-3.2.3.RELEASE.jar:3.2.3.RELEASE]
	at org.springframework.test.context.TestContext.getApplicationContext(TestContext.java:122) ~[spring-test-3.2.3.RELEASE.jar:3.2.3.RELEASE]
	at org.springframework.test.context.web.ServletTestExecutionListener.setUpRequestContextIfNecessary(ServletTestExecutionListener.java:105) ~[spring-test-3.2.3.RELEASE.jar:3.2.3.RELEASE]
	at org.springframework.test.context.web.ServletTestExecutionListener.prepareTestInstance(ServletTestExecutionListener.java:74) ~[spring-test-3.2.3.RELEASE.jar:3.2.3.RELEASE]
	at org.springframework.test.context.TestContextManager.prepareTestInstance(TestContextManager.java:312) ~[spring-test-3.2.3.RELEASE.jar:3.2.3.RELEASE]
	at org.springframework.test.context.junit4.SpringJUnit4ClassRunner.createTest(SpringJUnit4ClassRunner.java:211) [spring-test-3.2.3.RELEASE.jar:3.2.3.RELEASE]
	at org.springframework.test.context.junit4.SpringJUnit4ClassRunner$1.runReflectiveCall(SpringJUnit4ClassRunner.java:288) [spring-test-3.2.3.RELEASE.jar:3.2.3.RELEASE]
	at org.junit.internal.runners.model.ReflectiveCallable.run(ReflectiveCallable.java:12) [junit-4.11.jar:na]
	at org.springframework.test.context.junit4.SpringJUnit4ClassRunner.methodBlock(SpringJUnit4ClassRunner.java:284) [spring-test-3.2.3.RELEASE.jar:3.2.3.RELEASE]
	at org.springframework.test.context.junit4.SpringJUnit4ClassRunner.runChild(SpringJUnit4ClassRunner.java:231) [spring-test-3.2.3.RELEASE.jar:3.2.3.RELEASE]
	at org.springframework.test.context.junit4.SpringJUnit4ClassRunner.runChild(SpringJUnit4ClassRunner.java:88) [spring-test-3.2.3.RELEASE.jar:3.2.3.RELEASE]
	at org.junit.runners.ParentRunner$3.run(ParentRunner.java:238) [junit-4.11.jar:na]
	at org.junit.runners.ParentRunner$1.schedule(ParentRunner.java:63) [junit-4.11.jar:na]
	at org.junit.runners.ParentRunner.runChildren(ParentRunner.java:236) [junit-4.11.jar:na]
	at org.junit.runners.ParentRunner.access$000(ParentRunner.java:53) [junit-4.11.jar:na]
	at org.junit.runners.ParentRunner$2.evaluate(ParentRunner.java:229) [junit-4.11.jar:na]
	at org.springframework.test.context.junit4.statements.RunBeforeTestClassCallbacks.evaluate(RunBeforeTestClassCallbacks.java:61) [spring-test-3.2.3.RELEASE.jar:3.2.3.RELEASE]
	at org.springframework.test.context.junit4.statements.RunAfterTestClassCallbacks.evaluate(RunAfterTestClassCallbacks.java:71) [spring-test-3.2.3.RELEASE.jar:3.2.3.RELEASE]
	at org.junit.runners.ParentRunner.run(ParentRunner.java:309) [junit-4.11.jar:na]
	at org.springframework.test.context.junit4.SpringJUnit4ClassRunner.run(SpringJUnit4ClassRunner.java:174) [spring-test-3.2.3.RELEASE.jar:3.2.3.RELEASE]
	at org.apache.maven.surefire.junit4.JUnit4Provider.execute(JUnit4Provider.java:252) [surefire-junit4-2.12.4.jar:2.12.4]
	at org.apache.maven.surefire.junit4.JUnit4Provider.executeTestSet(JUnit4Provider.java:141) [surefire-junit4-2.12.4.jar:2.12.4]
	at org.apache.maven.surefire.junit4.JUnit4Provider.invoke(JUnit4Provider.java:112) [surefire-junit4-2.12.4.jar:2.12.4]
	at sun.reflect.NativeMethodAccessorImpl.invoke0(Native Method) ~[na:1.8.0_20]
	at sun.reflect.NativeMethodAccessorImpl.invoke(NativeMethodAccessorImpl.java:62) ~[na:1.8.0_20]
	at sun.reflect.DelegatingMethodAccessorImpl.invoke(DelegatingMethodAccessorImpl.java:43) ~[na:1.8.0_20]
	at java.lang.reflect.Method.invoke(Method.java:483) ~[na:1.8.0_20]
	at org.apache.maven.surefire.util.ReflectionUtils.invokeMethodWithArray(ReflectionUtils.java:189) [surefire-api-2.12.4.jar:2.12.4]
	at org.apache.maven.surefire.booter.ProviderFactory$ProviderProxy.invoke(ProviderFactory.java:165) [surefire-booter-2.12.4.jar:2.12.4]
	at org.apache.maven.surefire.booter.ProviderFactory.invokeProvider(ProviderFactory.java:85) [surefire-booter-2.12.4.jar:2.12.4]
	at org.apache.maven.surefire.booter.ForkedBooter.runSuitesInProcess(ForkedBooter.java:115) [surefire-booter-2.12.4.jar:2.12.4]
	at org.apache.maven.surefire.booter.ForkedBooter.main(ForkedBooter.java:75) [surefire-booter-2.12.4.jar:2.12.4]
Caused by: org.springframework.beans.factory.BeanCreationException: Error creating bean with name &apos;cardController&apos;: Injection of autowired dependencies failed; nested exception is org.springframework.beans.factory.BeanCreationException: Could not autowire field: com.expeditors.training.course3demo.service.CardService com.expeditors.training.course3demo.controller.CardController.cardService; nested exception is org.springframework.beans.factory.NoSuchBeanDefinitionException: No qualifying bean of type [com.expeditors.training.course3demo.service.CardService] found for dependency: expected at least 1 bean which qualifies as autowire candidate for this dependency. Dependency annotations: {@org.springframework.beans.factory.annotation.Autowired(required=true)}
	at org.springframework.beans.factory.annotation.AutowiredAnnotationBeanPostProcessor.postProcessPropertyValues(AutowiredAnnotationBeanPostProcessor.java:288) ~[spring-beans-3.2.3.RELEASE.jar:3.2.3.RELEASE]
	at org.springframework.beans.factory.support.AbstractAutowireCapableBeanFactory.populateBean(AbstractAutowireCapableBeanFactory.java:1116) ~[spring-beans-3.2.3.RELEASE.jar:3.2.3.RELEASE]
	at org.springframework.beans.factory.support.AbstractAutowireCapableBeanFactory.doCreateBean(AbstractAutowireCapableBeanFactory.java:519) ~[spring-beans-3.2.3.RELEASE.jar:3.2.3.RELEASE]
	at org.springframework.beans.factory.support.AbstractAutowireCapableBeanFactory.createBean(AbstractAutowireCapableBeanFactory.java:458) ~[spring-beans-3.2.3.RELEASE.jar:3.2.3.RELEASE]
	at org.springframework.beans.factory.support.AbstractBeanFactory$1.getObject(AbstractBeanFactory.java:295) ~[spring-beans-3.2.3.RELEASE.jar:3.2.3.RELEASE]
	at org.springframework.beans.factory.support.DefaultSingletonBeanRegistry.getSingleton(DefaultSingletonBeanRegistry.java:223) ~[spring-beans-3.2.3.RELEASE.jar:3.2.3.RELEASE]
	at org.springframework.beans.factory.support.AbstractBeanFactory.doGetBean(AbstractBeanFactory.java:292) ~[spring-beans-3.2.3.RELEASE.jar:3.2.3.RELEASE]
	at org.springframework.beans.factory.support.AbstractBeanFactory.getBean(AbstractBeanFactory.java:194) ~[spring-beans-3.2.3.RELEASE.jar:3.2.3.RELEASE]
	at org.springframework.beans.factory.support.DefaultListableBeanFactory.preInstantiateSingletons(DefaultListableBeanFactory.java:626) ~[spring-beans-3.2.3.RELEASE.jar:3.2.3.RELEASE]
	at org.springframework.context.support.AbstractApplicationContext.finishBeanFactoryInitialization(AbstractApplicationContext.java:932) ~[spring-context-3.2.3.RELEASE.jar:3.2.3.RELEASE]
	at org.springframework.context.support.AbstractApplicationContext.refresh(AbstractApplicationContext.java:479) ~[spring-context-3.2.3.RELEASE.jar:3.2.3.RELEASE]
	at org.springframework.test.context.web.AbstractGenericWebContextLoader.loadContext(AbstractGenericWebContextLoader.java:128) ~[spring-test-3.2.3.RELEASE.jar:3.2.3.RELEASE]
	at org.springframework.test.context.web.AbstractGenericWebContextLoader.loadContext(AbstractGenericWebContextLoader.java:60) ~[spring-test-3.2.3.RELEASE.jar:3.2.3.RELEASE]
	at org.springframework.test.context.support.AbstractDelegatingSmartContextLoader.delegateLoading(AbstractDelegatingSmartContextLoader.java:100) ~[spring-test-3.2.3.RELEASE.jar:3.2.3.RELEASE]
	at org.springframework.test.context.support.AbstractDelegatingSmartContextLoader.loadContext(AbstractDelegatingSmartContextLoader.java:248) ~[spring-test-3.2.3.RELEASE.jar:3.2.3.RELEASE]
	at org.springframework.test.context.CacheAwareContextLoaderDelegate.loadContextInternal(CacheAwareContextLoaderDelegate.java:64) ~[spring-test-3.2.3.RELEASE.jar:3.2.3.RELEASE]
	at org.springframework.test.context.CacheAwareContextLoaderDelegate.loadContext(CacheAwareContextLoaderDelegate.java:91) ~[spring-test-3.2.3.RELEASE.jar:3.2.3.RELEASE]
	... 31 common frames omitted
Caused by: org.springframework.beans.factory.BeanCreationException: Could not autowire field: com.expeditors.training.course3demo.service.CardService com.expeditors.training.course3demo.controller.CardController.cardService; nested exception is org.springframework.beans.factory.NoSuchBeanDefinitionException: No qualifying bean of type [com.expeditors.training.course3demo.service.CardService] found for dependency: expected at least 1 bean which qualifies as autowire candidate for this dependency. Dependency annotations: {@org.springframework.beans.factory.annotation.Autowired(required=true)}
	at org.springframework.beans.factory.annotation.AutowiredAnnotationBeanPostProcessor$AutowiredFieldElement.inject(AutowiredAnnotationBeanPostProcessor.java:514) ~[spring-beans-3.2.3.RELEASE.jar:3.2.3.RELEASE]
	at org.springframework.beans.factory.annotation.InjectionMetadata.inject(InjectionMetadata.java:87) ~[spring-beans-3.2.3.RELEASE.jar:3.2.3.RELEASE]
	at org.springframework.beans.factory.annotation.AutowiredAnnotationBeanPostProcessor.postProcessPropertyValues(AutowiredAnnotationBeanPostProcessor.java:285) ~[spring-beans-3.2.3.RELEASE.jar:3.2.3.RELEASE]
	... 47 common frames omitted
Caused by: org.springframework.beans.factory.NoSuchBeanDefinitionException: No qualifying bean of type [com.expeditors.training.course3demo.service.CardService] found for dependency: expected at least 1 bean which qualifies as autowire candidate for this dependency. Dependency annotations: {@org.springframework.beans.factory.annotation.Autowired(required=true)}
	at org.springframework.beans.factory.support.DefaultListableBeanFactory.raiseNoSuchBeanDefinitionException(DefaultListableBeanFactory.java:986) ~[spring-beans-3.2.3.RELEASE.jar:3.2.3.RELEASE]
	at org.springframework.beans.factory.support.DefaultListableBeanFactory.doResolveDependency(DefaultListableBeanFactory.java:856) ~[spring-beans-3.2.3.RELEASE.jar:3.2.3.RELEASE]
	at org.springframework.beans.factory.support.DefaultListableBeanFactory.resolveDependency(DefaultListableBeanFactory.java:768) ~[spring-beans-3.2.3.RELEASE.jar:3.2.3.RELEASE]
	at org.springframework.beans.factory.annotation.AutowiredAnnotationBeanPostProcessor$AutowiredFieldElement.inject(AutowiredAnnotationBeanPostProcessor.java:486) ~[spring-beans-3.2.3.RELEASE.jar:3.2.3.RELEASE]
	... 49 common frames omitted
</system-out>
  </testcase>
  <testcase classname="com.expeditors.training.course3demo.controller.ContainerControllerTest" name="testAddContainerLocationError" time="1.044">
    <error message="Failed to load ApplicationContext" type="java.lang.IllegalStateException">java.lang.IllegalStateException: Failed to load ApplicationContext
	at org.springframework.test.context.CacheAwareContextLoaderDelegate.loadContext(CacheAwareContextLoaderDelegate.java:99)
	at org.springframework.test.context.TestContext.getApplicationContext(TestContext.java:122)
	at org.springframework.test.context.web.ServletTestExecutionListener.setUpRequestContextIfNecessary(ServletTestExecutionListener.java:105)
	at org.springframework.test.context.web.ServletTestExecutionListener.prepareTestInstance(ServletTestExecutionListener.java:74)
	at org.springframework.test.context.TestContextManager.prepareTestInstance(TestContextManager.java:312)
	at org.springframework.test.context.junit4.SpringJUnit4ClassRunner.createTest(SpringJUnit4ClassRunner.java:211)
	at org.springframework.test.context.junit4.SpringJUnit4ClassRunner$1.runReflectiveCall(SpringJUnit4ClassRunner.java:288)
	at org.junit.internal.runners.model.ReflectiveCallable.run(ReflectiveCallable.java:12)
	at org.springframework.test.context.junit4.SpringJUnit4ClassRunner.methodBlock(SpringJUnit4ClassRunner.java:284)
	at org.springframework.test.context.junit4.SpringJUnit4ClassRunner.runChild(SpringJUnit4ClassRunner.java:231)
	at org.springframework.test.context.junit4.SpringJUnit4ClassRunner.runChild(SpringJUnit4ClassRunner.java:88)
	at org.junit.runners.ParentRunner$3.run(ParentRunner.java:238)
	at org.junit.runners.ParentRunner$1.schedule(ParentRunner.java:63)
	at org.junit.runners.ParentRunner.runChildren(ParentRunner.java:236)
	at org.junit.runners.ParentRunner.access$000(ParentRunner.java:53)
	at org.junit.runners.ParentRunner$2.evaluate(ParentRunner.java:229)
	at org.springframework.test.context.junit4.statements.RunBeforeTestClassCallbacks.evaluate(RunBeforeTestClassCallbacks.java:61)
	at org.springframework.test.context.junit4.statements.RunAfterTestClassCallbacks.evaluate(RunAfterTestClassCallbacks.java:71)
	at org.junit.runners.ParentRunner.run(ParentRunner.java:309)
	at org.springframework.test.context.junit4.SpringJUnit4ClassRunner.run(SpringJUnit4ClassRunner.java:174)
	at org.apache.maven.surefire.junit4.JUnit4Provider.execute(JUnit4Provider.java:252)
	at org.apache.maven.surefire.junit4.JUnit4Provider.executeTestSet(JUnit4Provider.java:141)
	at org.apache.maven.surefire.junit4.JUnit4Provider.invoke(JUnit4Provider.java:112)
	at sun.reflect.NativeMethodAccessorImpl.invoke0(Native Method)
	at sun.reflect.NativeMethodAccessorImpl.invoke(NativeMethodAccessorImpl.java:62)
	at sun.reflect.DelegatingMethodAccessorImpl.invoke(DelegatingMethodAccessorImpl.java:43)
	at java.lang.reflect.Method.invoke(Method.java:483)
	at org.apache.maven.surefire.util.ReflectionUtils.invokeMethodWithArray(ReflectionUtils.java:189)
	at org.apache.maven.surefire.booter.ProviderFactory$ProviderProxy.invoke(ProviderFactory.java:165)
	at org.apache.maven.surefire.booter.ProviderFactory.invokeProvider(ProviderFactory.java:85)
	at org.apache.maven.surefire.booter.ForkedBooter.runSuitesInProcess(ForkedBooter.java:115)
	at org.apache.maven.surefire.booter.ForkedBooter.main(ForkedBooter.java:75)
Caused by: org.springframework.beans.factory.BeanCreationException: Error creating bean with name &apos;cardController&apos;: Injection of autowired dependencies failed; nested exception is org.springframework.beans.factory.BeanCreationException: Could not autowire field: com.expeditors.training.course3demo.service.CardService com.expeditors.training.course3demo.controller.CardController.cardService; nested exception is org.springframework.beans.factory.NoSuchBeanDefinitionException: No qualifying bean of type [com.expeditors.training.course3demo.service.CardService] found for dependency: expected at least 1 bean which qualifies as autowire candidate for this dependency. Dependency annotations: {@org.springframework.beans.factory.annotation.Autowired(required=true)}
	at org.springframework.beans.factory.annotation.AutowiredAnnotationBeanPostProcessor.postProcessPropertyValues(AutowiredAnnotationBeanPostProcessor.java:288)
	at org.springframework.beans.factory.support.AbstractAutowireCapableBeanFactory.populateBean(AbstractAutowireCapableBeanFactory.java:1116)
	at org.springframework.beans.factory.support.AbstractAutowireCapableBeanFactory.doCreateBean(AbstractAutowireCapableBeanFactory.java:519)
	at org.springframework.beans.factory.support.AbstractAutowireCapableBeanFactory.createBean(AbstractAutowireCapableBeanFactory.java:458)
	at org.springframework.beans.factory.support.AbstractBeanFactory$1.getObject(AbstractBeanFactory.java:295)
	at org.springframework.beans.factory.support.DefaultSingletonBeanRegistry.getSingleton(DefaultSingletonBeanRegistry.java:223)
	at org.springframework.beans.factory.support.AbstractBeanFactory.doGetBean(AbstractBeanFactory.java:292)
	at org.springframework.beans.factory.support.AbstractBeanFactory.getBean(AbstractBeanFactory.java:194)
	at org.springframework.beans.factory.support.DefaultListableBeanFactory.preInstantiateSingletons(DefaultListableBeanFactory.java:626)
	at org.springframework.context.support.AbstractApplicationContext.finishBeanFactoryInitialization(AbstractApplicationContext.java:932)
	at org.springframework.context.support.AbstractApplicationContext.refresh(AbstractApplicationContext.java:479)
	at org.springframework.test.context.web.AbstractGenericWebContextLoader.loadContext(AbstractGenericWebContextLoader.java:128)
	at org.springframework.test.context.web.AbstractGenericWebContextLoader.loadContext(AbstractGenericWebContextLoader.java:60)
	at org.springframework.test.context.support.AbstractDelegatingSmartContextLoader.delegateLoading(AbstractDelegatingSmartContextLoader.java:100)
	at org.springframework.test.context.support.AbstractDelegatingSmartContextLoader.loadContext(AbstractDelegatingSmartContextLoader.java:248)
	at org.springframework.test.context.CacheAwareContextLoaderDelegate.loadContextInternal(CacheAwareContextLoaderDelegate.java:64)
	at org.springframework.test.context.CacheAwareContextLoaderDelegate.loadContext(CacheAwareContextLoaderDelegate.java:91)
	... 31 more
Caused by: org.springframework.beans.factory.BeanCreationException: Could not autowire field: com.expeditors.training.course3demo.service.CardService com.expeditors.training.course3demo.controller.CardController.cardService; nested exception is org.springframework.beans.factory.NoSuchBeanDefinitionException: No qualifying bean of type [com.expeditors.training.course3demo.service.CardService] found for dependency: expected at least 1 bean which qualifies as autowire candidate for this dependency. Dependency annotations: {@org.springframework.beans.factory.annotation.Autowired(required=true)}
	at org.springframework.beans.factory.annotation.AutowiredAnnotationBeanPostProcessor$AutowiredFieldElement.inject(AutowiredAnnotationBeanPostProcessor.java:514)
	at org.springframework.beans.factory.annotation.InjectionMetadata.inject(InjectionMetadata.java:87)
	at org.springframework.beans.factory.annotation.AutowiredAnnotationBeanPostProcessor.postProcessPropertyValues(AutowiredAnnotationBeanPostProcessor.java:285)
	... 47 more
Caused by: org.springframework.beans.factory.NoSuchBeanDefinitionException: No qualifying bean of type [com.expeditors.training.course3demo.service.CardService] found for dependency: expected at least 1 bean which qualifies as autowire candidate for this dependency. Dependency annotations: {@org.springframework.beans.factory.annotation.Autowired(required=true)}
	at org.springframework.beans.factory.support.DefaultListableBeanFactory.raiseNoSuchBeanDefinitionException(DefaultListableBeanFactory.java:986)
	at org.springframework.beans.factory.support.DefaultListableBeanFactory.doResolveDependency(DefaultListableBeanFactory.java:856)
	at org.springframework.beans.factory.support.DefaultListableBeanFactory.resolveDependency(DefaultListableBeanFactory.java:768)
	at org.springframework.beans.factory.annotation.AutowiredAnnotationBeanPostProcessor$AutowiredFieldElement.inject(AutowiredAnnotationBeanPostProcessor.java:486)
	... 49 more
</error>
    <system-out>DEBUG ProfileValueUtils - Retrieved @ProfileValueSourceConfiguration [null] for test class [com.expeditors.training.course3demo.controller.ContainerControllerTest]
DEBUG ProfileValueUtils - Retrieved ProfileValueSource type [class org.springframework.test.annotation.SystemProfileValueSource] for class [com.expeditors.training.course3demo.controller.ContainerControllerTest]
DEBUG AbstractDelegatingSmartContextLoader - Delegating to AnnotationConfigWebContextLoader to load context from [WebMergedContextConfiguration@1da51a35 testClass = ContainerControllerTest, locations = &apos;{}&apos;, classes = &apos;{class com.expeditors.training.course3demo.config.TestConfig}&apos;, contextInitializerClasses = &apos;[]&apos;, activeProfiles = &apos;{}&apos;, resourceBasePath = &apos;src/main/webapp&apos;, contextLoader = &apos;org.springframework.test.context.web.WebDelegatingSmartContextLoader&apos;, parent = [null]].
DEBUG AbstractGenericWebContextLoader - Loading WebApplicationContext for merged context configuration [WebMergedContextConfiguration@1da51a35 testClass = ContainerControllerTest, locations = &apos;{}&apos;, classes = &apos;{class com.expeditors.training.course3demo.config.TestConfig}&apos;, contextInitializerClasses = &apos;[]&apos;, activeProfiles = &apos;{}&apos;, resourceBasePath = &apos;src/main/webapp&apos;, contextLoader = &apos;org.springframework.test.context.web.WebDelegatingSmartContextLoader&apos;, parent = [null]].
DEBUG StandardServletEnvironment - Initializing new StandardServletEnvironment
DEBUG StandardServletEnvironment - Adding [servletConfigInitParams] PropertySource with lowest search precedence
DEBUG StandardServletEnvironment - Adding [servletContextInitParams] PropertySource with lowest search precedence
DEBUG StandardServletEnvironment - Adding [jndiProperties] PropertySource with lowest search precedence
DEBUG StandardServletEnvironment - Adding [systemProperties] PropertySource with lowest search precedence
DEBUG StandardServletEnvironment - Adding [systemEnvironment] PropertySource with lowest search precedence
DEBUG StandardServletEnvironment - Initialized StandardServletEnvironment with PropertySources [servletConfigInitParams,servletContextInitParams,jndiProperties,systemProperties,systemEnvironment]
DEBUG AnnotationConfigWebContextLoader - Registering annotated classes: {class com.expeditors.training.course3demo.config.TestConfig}
INFO  GenericWebApplicationContext - Refreshing org.springframework.web.context.support.GenericWebApplicationContext@3cd59ef5: startup date [Thu Mar 05 07:38:52 PST 2015]; root of context hierarchy
DEBUG StandardServletEnvironment - Replacing [servletContextInitParams] PropertySource with [servletContextInitParams]
DEBUG GenericWebApplicationContext - Bean factory for org.springframework.web.context.support.GenericWebApplicationContext@3cd59ef5: org.springframework.beans.factory.support.DefaultListableBeanFactory@33b082c5: defining beans [org.springframework.context.annotation.internalConfigurationAnnotationProcessor,org.springframework.context.annotation.internalAutowiredAnnotationProcessor,org.springframework.context.annotation.internalRequiredAnnotationProcessor,org.springframework.context.annotation.internalCommonAnnotationProcessor,org.springframework.context.annotation.internalPersistenceAnnotationProcessor,testConfig]; root of factory hierarchy
DEBUG DefaultListableBeanFactory - Creating shared instance of singleton bean &apos;org.springframework.context.annotation.internalConfigurationAnnotationProcessor&apos;
DEBUG DefaultListableBeanFactory - Creating instance of bean &apos;org.springframework.context.annotation.internalConfigurationAnnotationProcessor&apos;
DEBUG DefaultListableBeanFactory - Eagerly caching bean &apos;org.springframework.context.annotation.internalConfigurationAnnotationProcessor&apos; to allow for resolving potential circular references
DEBUG DefaultListableBeanFactory - Finished creating instance of bean &apos;org.springframework.context.annotation.internalConfigurationAnnotationProcessor&apos;
DEBUG StandardEnvironment - Initializing new StandardEnvironment
DEBUG StandardEnvironment - Adding [systemProperties] PropertySource with lowest search precedence
DEBUG StandardEnvironment - Adding [systemEnvironment] PropertySource with lowest search precedence
DEBUG StandardEnvironment - Initialized StandardEnvironment with PropertySources [systemProperties,systemEnvironment]
DEBUG PathMatchingResourcePatternResolver - Looking for matching resources in directory tree [C:\Users\chq-jamesgl\STS_work2\finalprojectgleixner\target\test-classes\com\expeditors\training\course3demo\controller]
DEBUG PathMatchingResourcePatternResolver - Searching directory [C:\Users\chq-jamesgl\STS_work2\finalprojectgleixner\target\test-classes\com\expeditors\training\course3demo\controller] for files matching pattern [C:/Users/chq-jamesgl/STS_work2/finalprojectgleixner/target/test-classes/com/expeditors/training/course3demo/controller/**/*.class]
DEBUG PathMatchingResourcePatternResolver - Looking for matching resources in directory tree [C:\Users\chq-jamesgl\STS_work2\finalprojectgleixner\target\classes\com\expeditors\training\course3demo\controller]
DEBUG PathMatchingResourcePatternResolver - Searching directory [C:\Users\chq-jamesgl\STS_work2\finalprojectgleixner\target\classes\com\expeditors\training\course3demo\controller] for files matching pattern [C:/Users/chq-jamesgl/STS_work2/finalprojectgleixner/target/classes/com/expeditors/training/course3demo/controller/**/*.class]
DEBUG PathMatchingResourcePatternResolver - Resolved location pattern [classpath*:com/expeditors/training/course3demo/controller/**/*.class] to resources [file [C:\Users\chq-jamesgl\STS_work2\finalprojectgleixner\target\test-classes\com\expeditors\training\course3demo\controller\ContainerControllerTest.class], file [C:\Users\chq-jamesgl\STS_work2\finalprojectgleixner\target\test-classes\com\expeditors\training\course3demo\controller\ProductControllerTest.class], file [C:\Users\chq-jamesgl\STS_work2\finalprojectgleixner\target\test-classes\com\expeditors\training\course3demo\controller\ShipmentControllerTest.class], file [C:\Users\chq-jamesgl\STS_work2\finalprojectgleixner\target\classes\com\expeditors\training\course3demo\controller\CardController.class], file [C:\Users\chq-jamesgl\STS_work2\finalprojectgleixner\target\classes\com\expeditors\training\course3demo\controller\ContainerController.class], file [C:\Users\chq-jamesgl\STS_work2\finalprojectgleixner\target\classes\com\expeditors\training\course3demo\controller\ErrorLoginController.class], file [C:\Users\chq-jamesgl\STS_work2\finalprojectgleixner\target\classes\com\expeditors\training\course3demo\controller\HomeController.class], file [C:\Users\chq-jamesgl\STS_work2\finalprojectgleixner\target\classes\com\expeditors\training\course3demo\controller\ProductController.class], file [C:\Users\chq-jamesgl\STS_work2\finalprojectgleixner\target\classes\com\expeditors\training\course3demo\controller\SecurityController.class], file [C:\Users\chq-jamesgl\STS_work2\finalprojectgleixner\target\classes\com\expeditors\training\course3demo\controller\ShipmentController.class]]
DEBUG ClassPathBeanDefinitionScanner - Identified candidate component class: file [C:\Users\chq-jamesgl\STS_work2\finalprojectgleixner\target\classes\com\expeditors\training\course3demo\controller\CardController.class]
DEBUG ClassPathBeanDefinitionScanner - Identified candidate component class: file [C:\Users\chq-jamesgl\STS_work2\finalprojectgleixner\target\classes\com\expeditors\training\course3demo\controller\ContainerController.class]
DEBUG ClassPathBeanDefinitionScanner - Identified candidate component class: file [C:\Users\chq-jamesgl\STS_work2\finalprojectgleixner\target\classes\com\expeditors\training\course3demo\controller\ErrorLoginController.class]
DEBUG ClassPathBeanDefinitionScanner - Identified candidate component class: file [C:\Users\chq-jamesgl\STS_work2\finalprojectgleixner\target\classes\com\expeditors\training\course3demo\controller\HomeController.class]
DEBUG ClassPathBeanDefinitionScanner - Identified candidate component class: file [C:\Users\chq-jamesgl\STS_work2\finalprojectgleixner\target\classes\com\expeditors\training\course3demo\controller\ProductController.class]
DEBUG ClassPathBeanDefinitionScanner - Identified candidate component class: file [C:\Users\chq-jamesgl\STS_work2\finalprojectgleixner\target\classes\com\expeditors\training\course3demo\controller\SecurityController.class]
DEBUG ClassPathBeanDefinitionScanner - Identified candidate component class: file [C:\Users\chq-jamesgl\STS_work2\finalprojectgleixner\target\classes\com\expeditors\training\course3demo\controller\ShipmentController.class]
DEBUG ConfigurationClassBeanDefinitionReader - Registered bean definition for imported @Configuration class org.springframework.web.servlet.config.annotation.DelegatingWebMvcConfiguration
DEBUG ConfigurationClassBeanDefinitionReader - Registering bean definition for @Bean method org.springframework.web.servlet.config.annotation.DelegatingWebMvcConfiguration.requestMappingHandlerMapping()
DEBUG ConfigurationClassBeanDefinitionReader - Registering bean definition for @Bean method org.springframework.web.servlet.config.annotation.DelegatingWebMvcConfiguration.mvcContentNegotiationManager()
DEBUG ConfigurationClassBeanDefinitionReader - Registering bean definition for @Bean method org.springframework.web.servlet.config.annotation.DelegatingWebMvcConfiguration.viewControllerHandlerMapping()
DEBUG ConfigurationClassBeanDefinitionReader - Registering bean definition for @Bean method org.springframework.web.servlet.config.annotation.DelegatingWebMvcConfiguration.beanNameHandlerMapping()
DEBUG ConfigurationClassBeanDefinitionReader - Registering bean definition for @Bean method org.springframework.web.servlet.config.annotation.DelegatingWebMvcConfiguration.resourceHandlerMapping()
DEBUG ConfigurationClassBeanDefinitionReader - Registering bean definition for @Bean method org.springframework.web.servlet.config.annotation.DelegatingWebMvcConfiguration.defaultServletHandlerMapping()
DEBUG ConfigurationClassBeanDefinitionReader - Registering bean definition for @Bean method org.springframework.web.servlet.config.annotation.DelegatingWebMvcConfiguration.requestMappingHandlerAdapter()
DEBUG ConfigurationClassBeanDefinitionReader - Registering bean definition for @Bean method org.springframework.web.servlet.config.annotation.DelegatingWebMvcConfiguration.mvcConversionService()
DEBUG ConfigurationClassBeanDefinitionReader - Registering bean definition for @Bean method org.springframework.web.servlet.config.annotation.DelegatingWebMvcConfiguration.httpRequestHandlerAdapter()
DEBUG ConfigurationClassBeanDefinitionReader - Registering bean definition for @Bean method org.springframework.web.servlet.config.annotation.DelegatingWebMvcConfiguration.simpleControllerHandlerAdapter()
DEBUG ConfigurationClassBeanDefinitionReader - Registering bean definition for @Bean method org.springframework.web.servlet.config.annotation.DelegatingWebMvcConfiguration.handlerExceptionResolver()
DEBUG ConfigurationClassBeanDefinitionReader - Registering bean definition for @Bean method org.springframework.web.servlet.config.annotation.DelegatingWebMvcConfiguration.mvcValidator()
DEBUG ConfigurationClassBeanDefinitionReader - Registered bean definition for imported @Configuration class com.expeditors.training.course3demo.config.PersistenceJPATestConfig
DEBUG ConfigurationClassBeanDefinitionReader - Registering bean definition for @Bean method com.expeditors.training.course3demo.config.PersistenceJPATestConfig.entityManagerFactory()
DEBUG ConfigurationClassBeanDefinitionReader - Registering bean definition for @Bean method com.expeditors.training.course3demo.config.PersistenceJPATestConfig.dataSource()
DEBUG ConfigurationClassBeanDefinitionReader - Registering bean definition for @Bean method com.expeditors.training.course3demo.config.TestConfig.containerService()
DEBUG ConfigurationClassBeanDefinitionReader - Registering bean definition for @Bean method com.expeditors.training.course3demo.config.TestConfig.shipmentService()
DEBUG ConfigurationClassBeanDefinitionReader - Registering bean definition for @Bean method com.expeditors.training.course3demo.config.TestConfig.productService()
DEBUG ConfigurationClassBeanDefinitionReader - Registering bean definition for @Bean method com.expeditors.training.course3demo.config.TestConfig.viewResolver()
DEBUG ConfigurationClassEnhancer - Successfully enhanced com.expeditors.training.course3demo.config.TestConfig; enhanced class name is: com.expeditors.training.course3demo.config.TestConfig$$EnhancerByCGLIB$$aae1cafb
DEBUG ConfigurationClassPostProcessor - Replacing bean definition &apos;testConfig&apos; existing class name &apos;com.expeditors.training.course3demo.config.TestConfig&apos; with enhanced class name &apos;com.expeditors.training.course3demo.config.TestConfig$$EnhancerByCGLIB$$aae1cafb&apos;
DEBUG ConfigurationClassEnhancer - Successfully enhanced org.springframework.web.servlet.config.annotation.DelegatingWebMvcConfiguration; enhanced class name is: org.springframework.web.servlet.config.annotation.DelegatingWebMvcConfiguration$$EnhancerByCGLIB$$a164085b
DEBUG ConfigurationClassPostProcessor - Replacing bean definition &apos;org.springframework.web.servlet.config.annotation.DelegatingWebMvcConfiguration&apos; existing class name &apos;org.springframework.web.servlet.config.annotation.DelegatingWebMvcConfiguration&apos; with enhanced class name &apos;org.springframework.web.servlet.config.annotation.DelegatingWebMvcConfiguration$$EnhancerByCGLIB$$a164085b&apos;
DEBUG ConfigurationClassEnhancer - Successfully enhanced com.expeditors.training.course3demo.config.PersistenceJPATestConfig; enhanced class name is: com.expeditors.training.course3demo.config.PersistenceJPATestConfig$$EnhancerByCGLIB$$f6c89e17
DEBUG ConfigurationClassPostProcessor - Replacing bean definition &apos;com.expeditors.training.course3demo.config.PersistenceJPATestConfig&apos; existing class name &apos;com.expeditors.training.course3demo.config.PersistenceJPATestConfig&apos; with enhanced class name &apos;com.expeditors.training.course3demo.config.PersistenceJPATestConfig$$EnhancerByCGLIB$$f6c89e17&apos;
DEBUG DefaultListableBeanFactory - Creating shared instance of singleton bean &apos;org.springframework.context.annotation.internalAutowiredAnnotationProcessor&apos;
DEBUG DefaultListableBeanFactory - Creating instance of bean &apos;org.springframework.context.annotation.internalAutowiredAnnotationProcessor&apos;
DEBUG DefaultListableBeanFactory - Eagerly caching bean &apos;org.springframework.context.annotation.internalAutowiredAnnotationProcessor&apos; to allow for resolving potential circular references
DEBUG DefaultListableBeanFactory - Finished creating instance of bean &apos;org.springframework.context.annotation.internalAutowiredAnnotationProcessor&apos;
DEBUG DefaultListableBeanFactory - Creating shared instance of singleton bean &apos;org.springframework.context.annotation.internalRequiredAnnotationProcessor&apos;
DEBUG DefaultListableBeanFactory - Creating instance of bean &apos;org.springframework.context.annotation.internalRequiredAnnotationProcessor&apos;
DEBUG DefaultListableBeanFactory - Eagerly caching bean &apos;org.springframework.context.annotation.internalRequiredAnnotationProcessor&apos; to allow for resolving potential circular references
DEBUG DefaultListableBeanFactory - Finished creating instance of bean &apos;org.springframework.context.annotation.internalRequiredAnnotationProcessor&apos;
DEBUG DefaultListableBeanFactory - Creating shared instance of singleton bean &apos;org.springframework.context.annotation.internalCommonAnnotationProcessor&apos;
DEBUG DefaultListableBeanFactory - Creating instance of bean &apos;org.springframework.context.annotation.internalCommonAnnotationProcessor&apos;
DEBUG DefaultListableBeanFactory - Eagerly caching bean &apos;org.springframework.context.annotation.internalCommonAnnotationProcessor&apos; to allow for resolving potential circular references
DEBUG DefaultListableBeanFactory - Finished creating instance of bean &apos;org.springframework.context.annotation.internalCommonAnnotationProcessor&apos;
DEBUG DefaultListableBeanFactory - Creating shared instance of singleton bean &apos;org.springframework.context.annotation.internalPersistenceAnnotationProcessor&apos;
DEBUG DefaultListableBeanFactory - Creating instance of bean &apos;org.springframework.context.annotation.internalPersistenceAnnotationProcessor&apos;
DEBUG DefaultListableBeanFactory - Eagerly caching bean &apos;org.springframework.context.annotation.internalPersistenceAnnotationProcessor&apos; to allow for resolving potential circular references
DEBUG DefaultListableBeanFactory - Finished creating instance of bean &apos;org.springframework.context.annotation.internalPersistenceAnnotationProcessor&apos;
DEBUG DefaultListableBeanFactory - Creating shared instance of singleton bean &apos;org.springframework.context.annotation.ConfigurationClassPostProcessor.importAwareProcessor&apos;
DEBUG DefaultListableBeanFactory - Creating instance of bean &apos;org.springframework.context.annotation.ConfigurationClassPostProcessor.importAwareProcessor&apos;
DEBUG DefaultListableBeanFactory - Eagerly caching bean &apos;org.springframework.context.annotation.ConfigurationClassPostProcessor.importAwareProcessor&apos; to allow for resolving potential circular references
DEBUG DefaultListableBeanFactory - Finished creating instance of bean &apos;org.springframework.context.annotation.ConfigurationClassPostProcessor.importAwareProcessor&apos;
DEBUG GenericWebApplicationContext - Unable to locate MessageSource with name &apos;messageSource&apos;: using default [org.springframework.context.support.DelegatingMessageSource@79b08632]
DEBUG GenericWebApplicationContext - Unable to locate ApplicationEventMulticaster with name &apos;applicationEventMulticaster&apos;: using default [org.springframework.context.event.SimpleApplicationEventMulticaster@787f32b7]
DEBUG UiApplicationContextUtils - Unable to locate ThemeSource with name &apos;themeSource&apos;: using default [org.springframework.ui.context.support.ResourceBundleThemeSource@6aef4eb8]
DEBUG DefaultListableBeanFactory - Creating shared instance of singleton bean &apos;entityManagerFactory&apos;
DEBUG DefaultListableBeanFactory - Creating instance of bean &apos;entityManagerFactory&apos;
DEBUG DefaultListableBeanFactory - Creating shared instance of singleton bean &apos;com.expeditors.training.course3demo.config.PersistenceJPATestConfig&apos;
DEBUG DefaultListableBeanFactory - Creating instance of bean &apos;com.expeditors.training.course3demo.config.PersistenceJPATestConfig&apos;
DEBUG InjectionMetadata - Registered injected element on class [com.expeditors.training.course3demo.config.PersistenceJPATestConfig$$EnhancerByCGLIB$$f6c89e17]: AutowiredFieldElement for private org.springframework.core.env.Environment com.expeditors.training.course3demo.config.PersistenceJPATestConfig.environment
DEBUG DefaultListableBeanFactory - Eagerly caching bean &apos;com.expeditors.training.course3demo.config.PersistenceJPATestConfig&apos; to allow for resolving potential circular references
DEBUG InjectionMetadata - Processing injected method of bean &apos;com.expeditors.training.course3demo.config.PersistenceJPATestConfig&apos;: AutowiredFieldElement for private org.springframework.core.env.Environment com.expeditors.training.course3demo.config.PersistenceJPATestConfig.environment
DEBUG DefaultListableBeanFactory - Returning cached instance of singleton bean &apos;environment&apos;
DEBUG AutowiredAnnotationBeanPostProcessor - Autowiring by type from bean name &apos;com.expeditors.training.course3demo.config.PersistenceJPATestConfig&apos; to bean named &apos;environment&apos;
DEBUG DefaultListableBeanFactory - Finished creating instance of bean &apos;com.expeditors.training.course3demo.config.PersistenceJPATestConfig&apos;
DEBUG DefaultListableBeanFactory - Creating shared instance of singleton bean &apos;dataSource&apos;
DEBUG DefaultListableBeanFactory - Creating instance of bean &apos;dataSource&apos;
DEBUG DefaultListableBeanFactory - Returning cached instance of singleton bean &apos;com.expeditors.training.course3demo.config.PersistenceJPATestConfig&apos;
INFO  DriverManagerDataSource - Loaded JDBC driver: org.hsqldb.jdbcDriver
DEBUG DefaultListableBeanFactory - Eagerly caching bean &apos;dataSource&apos; to allow for resolving potential circular references
DEBUG DefaultListableBeanFactory - Finished creating instance of bean &apos;dataSource&apos;
DEBUG DefaultListableBeanFactory - Eagerly caching bean &apos;entityManagerFactory&apos; to allow for resolving potential circular references
DEBUG DefaultListableBeanFactory - Invoking afterPropertiesSet() on bean with name &apos;entityManagerFactory&apos;
DEBUG PathMatchingResourcePatternResolver - Looking for matching resources in directory tree [C:\Users\chq-jamesgl\STS_work2\finalprojectgleixner\target\classes\com\expeditors\training\course3demo\model]
DEBUG PathMatchingResourcePatternResolver - Searching directory [C:\Users\chq-jamesgl\STS_work2\finalprojectgleixner\target\classes\com\expeditors\training\course3demo\model] for files matching pattern [C:/Users/chq-jamesgl/STS_work2/finalprojectgleixner/target/classes/com/expeditors/training/course3demo/model/**/*.class]
DEBUG PathMatchingResourcePatternResolver - Resolved location pattern [classpath*:com/expeditors/training/course3demo/model/**/*.class] to resources [file [C:\Users\chq-jamesgl\STS_work2\finalprojectgleixner\target\classes\com\expeditors\training\course3demo\model\Address.class], file [C:\Users\chq-jamesgl\STS_work2\finalprojectgleixner\target\classes\com\expeditors\training\course3demo\model\Card.class], file [C:\Users\chq-jamesgl\STS_work2\finalprojectgleixner\target\classes\com\expeditors\training\course3demo\model\Container.class], file [C:\Users\chq-jamesgl\STS_work2\finalprojectgleixner\target\classes\com\expeditors\training\course3demo\model\PhoneNumber.class], file [C:\Users\chq-jamesgl\STS_work2\finalprojectgleixner\target\classes\com\expeditors\training\course3demo\model\Product.class], file [C:\Users\chq-jamesgl\STS_work2\finalprojectgleixner\target\classes\com\expeditors\training\course3demo\model\Shipment.class], file [C:\Users\chq-jamesgl\STS_work2\finalprojectgleixner\target\classes\com\expeditors\training\course3demo\model\UserAccount.class], file [C:\Users\chq-jamesgl\STS_work2\finalprojectgleixner\target\classes\com\expeditors\training\course3demo\model\UserRole.class]]
INFO  LocalContainerEntityManagerFactoryBean - Building JPA container EntityManagerFactory for persistence unit &apos;default&apos;
DEBUG BasicTypeRegistry - Adding type registration boolean -&gt; org.hibernate.type.BooleanType@71ba6d4e
DEBUG BasicTypeRegistry - Adding type registration boolean -&gt; org.hibernate.type.BooleanType@71ba6d4e
DEBUG BasicTypeRegistry - Adding type registration java.lang.Boolean -&gt; org.hibernate.type.BooleanType@71ba6d4e
DEBUG BasicTypeRegistry - Adding type registration numeric_boolean -&gt; org.hibernate.type.NumericBooleanType@d86a6f
DEBUG BasicTypeRegistry - Adding type registration true_false -&gt; org.hibernate.type.TrueFalseType@2ddc9a9f
DEBUG BasicTypeRegistry - Adding type registration yes_no -&gt; org.hibernate.type.YesNoType@46cdf8bd
DEBUG BasicTypeRegistry - Adding type registration byte -&gt; org.hibernate.type.ByteType@1ed4ae0f
DEBUG BasicTypeRegistry - Adding type registration byte -&gt; org.hibernate.type.ByteType@1ed4ae0f
DEBUG BasicTypeRegistry - Adding type registration java.lang.Byte -&gt; org.hibernate.type.ByteType@1ed4ae0f
DEBUG BasicTypeRegistry - Adding type registration character -&gt; org.hibernate.type.CharacterType@6892b3b6
DEBUG BasicTypeRegistry - Adding type registration char -&gt; org.hibernate.type.CharacterType@6892b3b6
DEBUG BasicTypeRegistry - Adding type registration java.lang.Character -&gt; org.hibernate.type.CharacterType@6892b3b6
DEBUG BasicTypeRegistry - Adding type registration short -&gt; org.hibernate.type.ShortType@5b1669c0
DEBUG BasicTypeRegistry - Adding type registration short -&gt; org.hibernate.type.ShortType@5b1669c0
DEBUG BasicTypeRegistry - Adding type registration java.lang.Short -&gt; org.hibernate.type.ShortType@5b1669c0
DEBUG BasicTypeRegistry - Adding type registration integer -&gt; org.hibernate.type.IntegerType@2eae8e6e
DEBUG BasicTypeRegistry - Adding type registration int -&gt; org.hibernate.type.IntegerType@2eae8e6e
DEBUG BasicTypeRegistry - Adding type registration java.lang.Integer -&gt; org.hibernate.type.IntegerType@2eae8e6e
DEBUG BasicTypeRegistry - Adding type registration long -&gt; org.hibernate.type.LongType@25ce9dc4
DEBUG BasicTypeRegistry - Adding type registration long -&gt; org.hibernate.type.LongType@25ce9dc4
DEBUG BasicTypeRegistry - Adding type registration java.lang.Long -&gt; org.hibernate.type.LongType@25ce9dc4
DEBUG BasicTypeRegistry - Adding type registration float -&gt; org.hibernate.type.FloatType@3e8c3cb
DEBUG BasicTypeRegistry - Adding type registration float -&gt; org.hibernate.type.FloatType@3e8c3cb
DEBUG BasicTypeRegistry - Adding type registration java.lang.Float -&gt; org.hibernate.type.FloatType@3e8c3cb
DEBUG BasicTypeRegistry - Adding type registration double -&gt; org.hibernate.type.DoubleType@3b0fe47a
DEBUG BasicTypeRegistry - Adding type registration double -&gt; org.hibernate.type.DoubleType@3b0fe47a
DEBUG BasicTypeRegistry - Adding type registration java.lang.Double -&gt; org.hibernate.type.DoubleType@3b0fe47a
DEBUG BasicTypeRegistry - Adding type registration big_decimal -&gt; org.hibernate.type.BigDecimalType@74e28667
DEBUG BasicTypeRegistry - Adding type registration java.math.BigDecimal -&gt; org.hibernate.type.BigDecimalType@74e28667
DEBUG BasicTypeRegistry - Adding type registration big_integer -&gt; org.hibernate.type.BigIntegerType@53045c6c
DEBUG BasicTypeRegistry - Adding type registration java.math.BigInteger -&gt; org.hibernate.type.BigIntegerType@53045c6c
DEBUG BasicTypeRegistry - Adding type registration string -&gt; org.hibernate.type.StringType@548d708a
DEBUG BasicTypeRegistry - Adding type registration java.lang.String -&gt; org.hibernate.type.StringType@548d708a
DEBUG BasicTypeRegistry - Adding type registration nstring -&gt; org.hibernate.type.StringNVarcharType@712625fd
DEBUG BasicTypeRegistry - Adding type registration ncharacter -&gt; org.hibernate.type.CharacterNCharType@1c5920df
DEBUG BasicTypeRegistry - Adding type registration url -&gt; org.hibernate.type.UrlType@15043a2f
DEBUG BasicTypeRegistry - Adding type registration java.net.URL -&gt; org.hibernate.type.UrlType@15043a2f
DEBUG BasicTypeRegistry - Adding type registration date -&gt; org.hibernate.type.DateType@2d901eb0
DEBUG BasicTypeRegistry - Adding type registration java.sql.Date -&gt; org.hibernate.type.DateType@2d901eb0
DEBUG BasicTypeRegistry - Adding type registration time -&gt; org.hibernate.type.TimeType@909217e
DEBUG BasicTypeRegistry - Adding type registration java.sql.Time -&gt; org.hibernate.type.TimeType@909217e
DEBUG BasicTypeRegistry - Adding type registration timestamp -&gt; org.hibernate.type.TimestampType@5e2c3d18
DEBUG BasicTypeRegistry - Adding type registration java.sql.Timestamp -&gt; org.hibernate.type.TimestampType@5e2c3d18
DEBUG BasicTypeRegistry - Adding type registration java.util.Date -&gt; org.hibernate.type.TimestampType@5e2c3d18
DEBUG BasicTypeRegistry - Adding type registration dbtimestamp -&gt; org.hibernate.type.DbTimestampType@5b218417
DEBUG BasicTypeRegistry - Adding type registration calendar -&gt; org.hibernate.type.CalendarType@273444fe
DEBUG BasicTypeRegistry - Adding type registration java.util.Calendar -&gt; org.hibernate.type.CalendarType@273444fe
DEBUG BasicTypeRegistry - Adding type registration java.util.GregorianCalendar -&gt; org.hibernate.type.CalendarType@273444fe
DEBUG BasicTypeRegistry - Adding type registration calendar_date -&gt; org.hibernate.type.CalendarDateType@5524cca1
DEBUG BasicTypeRegistry - Adding type registration locale -&gt; org.hibernate.type.LocaleType@57a78e3
DEBUG BasicTypeRegistry - Adding type registration java.util.Locale -&gt; org.hibernate.type.LocaleType@57a78e3
DEBUG BasicTypeRegistry - Adding type registration currency -&gt; org.hibernate.type.CurrencyType@5386659f
DEBUG BasicTypeRegistry - Adding type registration java.util.Currency -&gt; org.hibernate.type.CurrencyType@5386659f
DEBUG BasicTypeRegistry - Adding type registration timezone -&gt; org.hibernate.type.TimeZoneType@7ce69770
DEBUG BasicTypeRegistry - Adding type registration java.util.TimeZone -&gt; org.hibernate.type.TimeZoneType@7ce69770
DEBUG BasicTypeRegistry - Adding type registration class -&gt; org.hibernate.type.ClassType@7e057f43
DEBUG BasicTypeRegistry - Adding type registration java.lang.Class -&gt; org.hibernate.type.ClassType@7e057f43
DEBUG BasicTypeRegistry - Adding type registration uuid-binary -&gt; org.hibernate.type.UUIDBinaryType@221a3fa4
DEBUG BasicTypeRegistry - Adding type registration java.util.UUID -&gt; org.hibernate.type.UUIDBinaryType@221a3fa4
DEBUG BasicTypeRegistry - Adding type registration uuid-char -&gt; org.hibernate.type.UUIDCharType@3e08ff24
DEBUG BasicTypeRegistry - Adding type registration pg-uuid -&gt; org.hibernate.type.PostgresUUIDType@70ed52de
DEBUG BasicTypeRegistry - Adding type registration binary -&gt; org.hibernate.type.BinaryType@7c37508a
DEBUG BasicTypeRegistry - Adding type registration byte[] -&gt; org.hibernate.type.BinaryType@7c37508a
DEBUG BasicTypeRegistry - Adding type registration [B -&gt; org.hibernate.type.BinaryType@7c37508a
DEBUG BasicTypeRegistry - Adding type registration wrapper-binary -&gt; org.hibernate.type.WrapperBinaryType@4a003cbe
DEBUG BasicTypeRegistry - Adding type registration Byte[] -&gt; org.hibernate.type.WrapperBinaryType@4a003cbe
DEBUG BasicTypeRegistry - Adding type registration [Ljava.lang.Byte; -&gt; org.hibernate.type.WrapperBinaryType@4a003cbe
DEBUG BasicTypeRegistry - Adding type registration image -&gt; org.hibernate.type.ImageType@359df09a
DEBUG BasicTypeRegistry - Adding type registration characters -&gt; org.hibernate.type.CharArrayType@19932c16
DEBUG BasicTypeRegistry - Adding type registration char[] -&gt; org.hibernate.type.CharArrayType@19932c16
DEBUG BasicTypeRegistry - Adding type registration [C -&gt; org.hibernate.type.CharArrayType@19932c16
DEBUG BasicTypeRegistry - Adding type registration wrapper-characters -&gt; org.hibernate.type.CharacterArrayType@1972e513
DEBUG BasicTypeRegistry - Adding type registration [Ljava.lang.Character; -&gt; org.hibernate.type.CharacterArrayType@1972e513
DEBUG BasicTypeRegistry - Adding type registration Character[] -&gt; org.hibernate.type.CharacterArrayType@1972e513
DEBUG BasicTypeRegistry - Adding type registration text -&gt; org.hibernate.type.TextType@1040be71
DEBUG BasicTypeRegistry - Adding type registration ntext -&gt; org.hibernate.type.NTextType@7fd50002
DEBUG BasicTypeRegistry - Adding type registration blob -&gt; org.hibernate.type.BlobType@7d900ecf
DEBUG BasicTypeRegistry - Adding type registration java.sql.Blob -&gt; org.hibernate.type.BlobType@7d900ecf
DEBUG BasicTypeRegistry - Adding type registration materialized_blob -&gt; org.hibernate.type.MaterializedBlobType@1a245833
DEBUG BasicTypeRegistry - Adding type registration clob -&gt; org.hibernate.type.ClobType@15a34df2
DEBUG BasicTypeRegistry - Adding type registration java.sql.Clob -&gt; org.hibernate.type.ClobType@15a34df2
DEBUG BasicTypeRegistry - Adding type registration nclob -&gt; org.hibernate.type.NClobType@5e7cd6cc
DEBUG BasicTypeRegistry - Adding type registration java.sql.NClob -&gt; org.hibernate.type.NClobType@5e7cd6cc
DEBUG BasicTypeRegistry - Adding type registration materialized_clob -&gt; org.hibernate.type.MaterializedClobType@2dfaea86
DEBUG BasicTypeRegistry - Adding type registration materialized_nclob -&gt; org.hibernate.type.MaterializedNClobType@14fc5f04
DEBUG BasicTypeRegistry - Adding type registration serializable -&gt; org.hibernate.type.SerializableType@333d4a8c
DEBUG BasicTypeRegistry - Adding type registration object -&gt; org.hibernate.type.ObjectType@60f00693
DEBUG BasicTypeRegistry - Adding type registration java.lang.Object -&gt; org.hibernate.type.ObjectType@60f00693
DEBUG BasicTypeRegistry - Adding type registration imm_date -&gt; org.hibernate.type.AdaptedImmutableType@bb9ab64
DEBUG BasicTypeRegistry - Adding type registration imm_time -&gt; org.hibernate.type.AdaptedImmutableType@a52ca2e
DEBUG BasicTypeRegistry - Adding type registration imm_timestamp -&gt; org.hibernate.type.AdaptedImmutableType@1ad8df52
DEBUG BasicTypeRegistry - Adding type registration imm_dbtimestamp -&gt; org.hibernate.type.AdaptedImmutableType@45d6ef73
DEBUG BasicTypeRegistry - Adding type registration imm_calendar -&gt; org.hibernate.type.AdaptedImmutableType@3f29e26
DEBUG BasicTypeRegistry - Adding type registration imm_calendar_date -&gt; org.hibernate.type.AdaptedImmutableType@1f6d27cc
DEBUG BasicTypeRegistry - Adding type registration imm_binary -&gt; org.hibernate.type.AdaptedImmutableType@4393593c
DEBUG BasicTypeRegistry - Adding type registration imm_serializable -&gt; org.hibernate.type.AdaptedImmutableType@314c8b4a
DEBUG DefaultIdentifierGeneratorFactory - Registering IdentifierGenerator strategy [uuid2] -&gt; [org.hibernate.id.UUIDGenerator]
DEBUG DefaultIdentifierGeneratorFactory - Registering IdentifierGenerator strategy [guid] -&gt; [org.hibernate.id.GUIDGenerator]
DEBUG DefaultIdentifierGeneratorFactory - Registering IdentifierGenerator strategy [uuid] -&gt; [org.hibernate.id.UUIDHexGenerator]
DEBUG DefaultIdentifierGeneratorFactory - Registering IdentifierGenerator strategy [uuid.hex] -&gt; [org.hibernate.id.UUIDHexGenerator]
DEBUG DefaultIdentifierGeneratorFactory - Registering IdentifierGenerator strategy [hilo] -&gt; [org.hibernate.id.TableHiLoGenerator]
DEBUG DefaultIdentifierGeneratorFactory - Registering IdentifierGenerator strategy [assigned] -&gt; [org.hibernate.id.Assigned]
DEBUG DefaultIdentifierGeneratorFactory - Registering IdentifierGenerator strategy [identity] -&gt; [org.hibernate.id.IdentityGenerator]
DEBUG DefaultIdentifierGeneratorFactory - Registering IdentifierGenerator strategy [select] -&gt; [org.hibernate.id.SelectGenerator]
DEBUG DefaultIdentifierGeneratorFactory - Registering IdentifierGenerator strategy [sequence] -&gt; [org.hibernate.id.SequenceGenerator]
DEBUG DefaultIdentifierGeneratorFactory - Registering IdentifierGenerator strategy [seqhilo] -&gt; [org.hibernate.id.SequenceHiLoGenerator]
DEBUG DefaultIdentifierGeneratorFactory - Registering IdentifierGenerator strategy [increment] -&gt; [org.hibernate.id.IncrementGenerator]
DEBUG DefaultIdentifierGeneratorFactory - Registering IdentifierGenerator strategy [foreign] -&gt; [org.hibernate.id.ForeignGenerator]
DEBUG DefaultIdentifierGeneratorFactory - Registering IdentifierGenerator strategy [sequence-identity] -&gt; [org.hibernate.id.SequenceIdentityGenerator]
DEBUG DefaultIdentifierGeneratorFactory - Registering IdentifierGenerator strategy [enhanced-sequence] -&gt; [org.hibernate.id.enhanced.SequenceStyleGenerator]
DEBUG DefaultIdentifierGeneratorFactory - Registering IdentifierGenerator strategy [enhanced-table] -&gt; [org.hibernate.id.enhanced.TableGenerator]
DEBUG Ejb3Configuration - Processing PersistenceUnitInfo [
	name: default
	persistence provider classname: null
	classloader: sun.misc.Launcher$AppClassLoader@6bc7c054
	Temporary classloader: org.springframework.instrument.classloading.SimpleThrowawayClassLoader@26d820eb
	excludeUnlistedClasses: true
	JTA datasource: null
	Non JTA datasource: org.springframework.jdbc.datasource.DriverManagerDataSource@507d20bb
	Transaction type: RESOURCE_LOCAL
	PU root URL: file:/C:/Users/chq-jamesgl/STS_work2/finalprojectgleixner/target/test-classes/
	Shared Cache Mode: UNSPECIFIED
	Validation Mode: AUTO
	Jar files URLs []
	Managed classes names [
		com.expeditors.training.course3demo.model.Address
		com.expeditors.training.course3demo.model.Card
		com.expeditors.training.course3demo.model.Container
		com.expeditors.training.course3demo.model.PhoneNumber
		com.expeditors.training.course3demo.model.Product
		com.expeditors.training.course3demo.model.Shipment
		com.expeditors.training.course3demo.model.UserAccount
		com.expeditors.training.course3demo.model.UserRole]
	Mapping files names []
	Properties []
DEBUG Ejb3Configuration - Detect class: true; detect hbm: true
DEBUG AbstractJarVisitor - Searching mapped entities in jar/par: file:/C:/Users/chq-jamesgl/STS_work2/finalprojectgleixner/target/test-classes/
DEBUG AbstractJarVisitor - Filtering: com.expeditors.training.course3demo.config.PersistenceJPATestConfig
DEBUG AbstractJarVisitor - Filtering: com.expeditors.training.course3demo.config.ServiceTestConfig
DEBUG AbstractJarVisitor - Filtering: com.expeditors.training.course3demo.config.TestConfig
DEBUG AbstractJarVisitor - Filtering: com.expeditors.training.course3demo.controller.ContainerControllerTest
DEBUG AbstractJarVisitor - Filtering: com.expeditors.training.course3demo.controller.ProductControllerTest
DEBUG AbstractJarVisitor - Filtering: com.expeditors.training.course3demo.controller.ShipmentControllerTest
DEBUG AbstractJarVisitor - Filtering: com.expeditors.training.course3demo.service.ContainerServiceTest
DEBUG AbstractJarVisitor - Filtering: com.expeditors.training.course3demo.service.ProductServiceTest
DEBUG AbstractJarVisitor - Filtering: com.expeditors.training.course3demo.service.ShipmentServiceTest
DEBUG IntegratorServiceImpl - Adding Integrator [org.hibernate.cfg.beanvalidation.BeanValidationIntegrator].
DEBUG IntegratorServiceImpl - Adding Integrator [org.hibernate.ejb.event.JpaIntegrator].
DEBUG NamingHelper - No JNDI name configured for binding Ejb3Configuration
DEBUG Configuration - Preparing to build session factory with filters : {}
DEBUG Configuration - Processing hbm.xml files
DEBUG Configuration - Process annotated classes
DEBUG AnnotationBinder - Binding entity from annotated class: com.expeditors.training.course3demo.model.Address
DEBUG Ejb3Column - Binding column: Ejb3DiscriminatorColumn{logicalColumnName&apos;DTYPE&apos;, discriminatorTypeName=&apos;string&apos;}
DEBUG EntityBinder - Import with entity name Address
DEBUG EntityBinder - Bind entity com.expeditors.training.course3demo.model.Address on table ADDRESS
DEBUG Ejb3Column - Binding column: Ejb3Column{table=org.hibernate.mapping.Table(ADDRESS), mappingColumn=ADDRESS_ID, insertable=true, updatable=true, unique=false}
DEBUG PropertyBinder - MetadataSourceProcessor property id with lazy=false
DEBUG SimpleValueBinder - building SimpleValue for id
DEBUG PropertyBinder - Building property id
DEBUG Ejb3Column - Binding column: Ejb3Column{table=org.hibernate.mapping.Table(ADDRESS), mappingColumn=city, insertable=true, updatable=true, unique=false}
DEBUG PropertyBinder - MetadataSourceProcessor property city with lazy=false
DEBUG SimpleValueBinder - building SimpleValue for city
DEBUG PropertyBinder - Building property city
DEBUG Ejb3Column - Binding column: Ejb3Column{table=org.hibernate.mapping.Table(ADDRESS), mappingColumn=state, insertable=true, updatable=true, unique=false}
DEBUG PropertyBinder - MetadataSourceProcessor property state with lazy=false
DEBUG SimpleValueBinder - building SimpleValue for state
DEBUG PropertyBinder - Building property state
DEBUG Ejb3Column - Binding column: Ejb3Column{table=org.hibernate.mapping.Table(ADDRESS), mappingColumn=street, insertable=true, updatable=true, unique=false}
DEBUG PropertyBinder - MetadataSourceProcessor property street with lazy=false
DEBUG SimpleValueBinder - building SimpleValue for street
DEBUG PropertyBinder - Building property street
DEBUG AnnotationBinder - Binding entity from annotated class: com.expeditors.training.course3demo.model.Card
DEBUG Ejb3Column - Binding column: Ejb3DiscriminatorColumn{logicalColumnName&apos;DTYPE&apos;, discriminatorTypeName=&apos;string&apos;}
DEBUG EntityBinder - Import with entity name Card
DEBUG EntityBinder - Bind entity com.expeditors.training.course3demo.model.Card on table CARD
DEBUG Ejb3Column - Binding column: Ejb3Column{table=org.hibernate.mapping.Table(CARD), mappingColumn=CARD_ID, insertable=true, updatable=true, unique=false}
DEBUG PropertyBinder - MetadataSourceProcessor property id with lazy=false
DEBUG SimpleValueBinder - building SimpleValue for id
DEBUG PropertyBinder - Building property id
DEBUG Ejb3Column - Binding column: Ejb3JoinColumn{logicalColumnName=&apos;address&apos;, referencedColumn=&apos;&apos;, mappedBy=&apos;&apos;}
DEBUG Ejb3Column - Binding column: Ejb3Column{table=org.hibernate.mapping.Table(CARD), mappingColumn=address, insertable=true, updatable=true, unique=false}
DEBUG PropertyBinder - Building property address
DEBUG Ejb3Column - Binding column: Ejb3Column{table=org.hibernate.mapping.Table(CARD), mappingColumn=amount, insertable=true, updatable=true, unique=false}
DEBUG PropertyBinder - MetadataSourceProcessor property amount with lazy=false
DEBUG SimpleValueBinder - building SimpleValue for amount
DEBUG PropertyBinder - Building property amount
DEBUG Ejb3Column - Binding column: Ejb3Column{table=org.hibernate.mapping.Table(CARD), mappingColumn=CARD_NUMBER, insertable=true, updatable=true, unique=false}
DEBUG PropertyBinder - MetadataSourceProcessor property number with lazy=false
DEBUG SimpleValueBinder - building SimpleValue for number
DEBUG PropertyBinder - Building property number
DEBUG Ejb3Column - Binding column: Ejb3Column{table=org.hibernate.mapping.Table(CARD), mappingColumn=OWNER_NAME, insertable=true, updatable=true, unique=false}
DEBUG PropertyBinder - MetadataSourceProcessor property owner with lazy=false
DEBUG SimpleValueBinder - building SimpleValue for owner
DEBUG PropertyBinder - Building property owner
DEBUG Ejb3Column - Binding column: Ejb3JoinColumn{logicalColumnName=&apos;null&apos;, referencedColumn=&apos;null&apos;, mappedBy=&apos;card&apos;}
DEBUG Ejb3Column - Binding column: Ejb3Column{table=org.hibernate.mapping.Table(CARD), mappingColumn=phoneNumbers, insertable=true, updatable=true, unique=false}
DEBUG Ejb3Column - Binding column: Ejb3Column{table=org.hibernate.mapping.Table(CARD), mappingColumn=index, insertable=true, updatable=true, unique=false}
DEBUG Ejb3Column - Binding column: Ejb3Column{table=org.hibernate.mapping.Table(CARD), mappingColumn=element, insertable=true, updatable=true, unique=false}
DEBUG Ejb3Column - Binding column: Ejb3Column{table=org.hibernate.mapping.Table(CARD), mappingColumn=phoneNumbers_KEY, insertable=true, updatable=true, unique=false}
DEBUG Ejb3Column - Binding column: Ejb3JoinColumn{logicalColumnName=&apos;phoneNumbers_KEY&apos;, referencedColumn=&apos;null&apos;, mappedBy=&apos;null&apos;}
DEBUG Ejb3Column - Binding column: Ejb3JoinColumn{logicalColumnName=&apos;null&apos;, referencedColumn=&apos;null&apos;, mappedBy=&apos;card&apos;}
DEBUG Ejb3Column - Binding column: Ejb3JoinColumn{logicalColumnName=&apos;null&apos;, referencedColumn=&apos;null&apos;, mappedBy=&apos;card&apos;}
DEBUG CollectionBinder - Collection role: com.expeditors.training.course3demo.model.Card.phoneNumbers
DEBUG PropertyBinder - Building property phoneNumbers
DEBUG AnnotationBinder - Binding entity from annotated class: com.expeditors.training.course3demo.model.Container
DEBUG Ejb3Column - Binding column: Ejb3DiscriminatorColumn{logicalColumnName&apos;DTYPE&apos;, discriminatorTypeName=&apos;string&apos;}
DEBUG EntityBinder - Import with entity name Container
DEBUG EntityBinder - Bind entity com.expeditors.training.course3demo.model.Container on table Container
DEBUG Ejb3Column - Binding column: Ejb3Column{table=org.hibernate.mapping.Table(Container), mappingColumn=CONTAINER_ID, insertable=true, updatable=true, unique=false}
DEBUG PropertyBinder - MetadataSourceProcessor property id with lazy=false
DEBUG SimpleValueBinder - building SimpleValue for id
DEBUG PropertyBinder - Building property id
DEBUG Ejb3Column - Binding column: Ejb3Column{table=org.hibernate.mapping.Table(Container), mappingColumn=capacity, insertable=true, updatable=true, unique=false}
DEBUG PropertyBinder - MetadataSourceProcessor property capacity with lazy=false
DEBUG SimpleValueBinder - building SimpleValue for capacity
DEBUG PropertyBinder - Building property capacity
DEBUG Ejb3Column - Binding column: Ejb3Column{table=org.hibernate.mapping.Table(Container), mappingColumn=destination, insertable=true, updatable=true, unique=false}
DEBUG PropertyBinder - MetadataSourceProcessor property destination with lazy=false
DEBUG SimpleValueBinder - building SimpleValue for destination
DEBUG PropertyBinder - Building property destination
DEBUG Ejb3Column - Binding column: Ejb3Column{table=org.hibernate.mapping.Table(Container), mappingColumn=location, insertable=true, updatable=true, unique=false}
DEBUG PropertyBinder - MetadataSourceProcessor property location with lazy=false
DEBUG SimpleValueBinder - building SimpleValue for location
DEBUG PropertyBinder - Building property location
DEBUG Ejb3Column - Binding column: Ejb3Column{table=org.hibernate.mapping.Table(Container), mappingColumn=name, insertable=true, updatable=true, unique=false}
DEBUG PropertyBinder - MetadataSourceProcessor property name with lazy=false
DEBUG SimpleValueBinder - building SimpleValue for name
DEBUG PropertyBinder - Building property name
DEBUG Ejb3Column - Binding column: Ejb3Column{table=org.hibernate.mapping.Table(Container), mappingColumn=status, insertable=true, updatable=true, unique=false}
DEBUG PropertyBinder - MetadataSourceProcessor property status with lazy=false
DEBUG SimpleValueBinder - building SimpleValue for status
DEBUG PropertyBinder - Building property status
DEBUG AnnotationBinder - Binding entity from annotated class: com.expeditors.training.course3demo.model.PhoneNumber
DEBUG Ejb3Column - Binding column: Ejb3DiscriminatorColumn{logicalColumnName&apos;DTYPE&apos;, discriminatorTypeName=&apos;string&apos;}
DEBUG EntityBinder - Import with entity name PhoneNumber
DEBUG EntityBinder - Bind entity com.expeditors.training.course3demo.model.PhoneNumber on table PHONE_NUMBER
DEBUG Ejb3Column - Binding column: Ejb3Column{table=org.hibernate.mapping.Table(PHONE_NUMBER), mappingColumn=PHONE_NUMBER_ID, insertable=true, updatable=true, unique=false}
DEBUG PropertyBinder - MetadataSourceProcessor property id with lazy=false
DEBUG SimpleValueBinder - building SimpleValue for id
DEBUG PropertyBinder - Building property id
DEBUG Ejb3Column - Binding column: Ejb3JoinColumn{logicalColumnName=&apos;CARD_ID&apos;, referencedColumn=&apos;&apos;, mappedBy=&apos;&apos;}
DEBUG Ejb3Column - Binding column: Ejb3Column{table=org.hibernate.mapping.Table(PHONE_NUMBER), mappingColumn=card, insertable=true, updatable=true, unique=false}
DEBUG PropertyBinder - Building property card
DEBUG Ejb3Column - Binding column: Ejb3Column{table=org.hibernate.mapping.Table(PHONE_NUMBER), mappingColumn=PHONE_NUMBER, insertable=true, updatable=true, unique=false}
DEBUG PropertyBinder - MetadataSourceProcessor property number with lazy=false
DEBUG SimpleValueBinder - building SimpleValue for number
DEBUG PropertyBinder - Building property number
DEBUG AnnotationBinder - Binding entity from annotated class: com.expeditors.training.course3demo.model.Product
DEBUG Ejb3Column - Binding column: Ejb3DiscriminatorColumn{logicalColumnName&apos;DTYPE&apos;, discriminatorTypeName=&apos;string&apos;}
DEBUG EntityBinder - Import with entity name Product
DEBUG EntityBinder - Bind entity com.expeditors.training.course3demo.model.Product on table PRODUCT
DEBUG Ejb3Column - Binding column: Ejb3Column{table=org.hibernate.mapping.Table(PRODUCT), mappingColumn=PRODUCT_ID, insertable=true, updatable=true, unique=false}
DEBUG PropertyBinder - MetadataSourceProcessor property id with lazy=false
DEBUG SimpleValueBinder - building SimpleValue for id
DEBUG PropertyBinder - Building property id
DEBUG Ejb3Column - Binding column: Ejb3Column{table=org.hibernate.mapping.Table(PRODUCT), mappingColumn=description, insertable=true, updatable=true, unique=false}
DEBUG PropertyBinder - MetadataSourceProcessor property description with lazy=false
DEBUG SimpleValueBinder - building SimpleValue for description
DEBUG PropertyBinder - Building property description
DEBUG Ejb3Column - Binding column: Ejb3Column{table=org.hibernate.mapping.Table(PRODUCT), mappingColumn=name, insertable=true, updatable=true, unique=false}
DEBUG PropertyBinder - MetadataSourceProcessor property name with lazy=false
DEBUG SimpleValueBinder - building SimpleValue for name
DEBUG PropertyBinder - Building property name
DEBUG Ejb3Column - Binding column: Ejb3Column{table=org.hibernate.mapping.Table(PRODUCT), mappingColumn=price, insertable=true, updatable=true, unique=false}
DEBUG PropertyBinder - MetadataSourceProcessor property price with lazy=false
DEBUG SimpleValueBinder - building SimpleValue for price
DEBUG PropertyBinder - Building property price
DEBUG AnnotationBinder - Binding entity from annotated class: com.expeditors.training.course3demo.model.Shipment
DEBUG Ejb3Column - Binding column: Ejb3DiscriminatorColumn{logicalColumnName&apos;DTYPE&apos;, discriminatorTypeName=&apos;string&apos;}
DEBUG EntityBinder - Import with entity name Shipment
DEBUG EntityBinder - Bind entity com.expeditors.training.course3demo.model.Shipment on table Shipment
DEBUG Ejb3Column - Binding column: Ejb3Column{table=org.hibernate.mapping.Table(Shipment), mappingColumn=SHIPMENT_ID, insertable=true, updatable=true, unique=false}
DEBUG PropertyBinder - MetadataSourceProcessor property id with lazy=false
DEBUG SimpleValueBinder - building SimpleValue for id
DEBUG PropertyBinder - Building property id
DEBUG Ejb3Column - Binding column: Ejb3Column{table=org.hibernate.mapping.Table(Shipment), mappingColumn=destination, insertable=true, updatable=true, unique=false}
DEBUG PropertyBinder - MetadataSourceProcessor property destination with lazy=false
DEBUG SimpleValueBinder - building SimpleValue for destination
DEBUG PropertyBinder - Building property destination
DEBUG Ejb3Column - Binding column: Ejb3Column{table=org.hibernate.mapping.Table(Shipment), mappingColumn=name, insertable=true, updatable=true, unique=false}
DEBUG PropertyBinder - MetadataSourceProcessor property name with lazy=false
DEBUG SimpleValueBinder - building SimpleValue for name
DEBUG PropertyBinder - Building property name
DEBUG Ejb3Column - Binding column: Ejb3Column{table=org.hibernate.mapping.Table(Shipment), mappingColumn=origin, insertable=true, updatable=true, unique=false}
DEBUG PropertyBinder - MetadataSourceProcessor property origin with lazy=false
DEBUG SimpleValueBinder - building SimpleValue for origin
DEBUG PropertyBinder - Building property origin
DEBUG Ejb3Column - Binding column: Ejb3Column{table=org.hibernate.mapping.Table(Shipment), mappingColumn=volume, insertable=true, updatable=true, unique=false}
DEBUG PropertyBinder - MetadataSourceProcessor property volume with lazy=false
DEBUG SimpleValueBinder - building SimpleValue for volume
DEBUG PropertyBinder - Building property volume
DEBUG AnnotationBinder - Binding entity from annotated class: com.expeditors.training.course3demo.model.UserAccount
DEBUG Ejb3Column - Binding column: Ejb3DiscriminatorColumn{logicalColumnName&apos;DTYPE&apos;, discriminatorTypeName=&apos;string&apos;}
DEBUG EntityBinder - Import with entity name UserAccount
DEBUG EntityBinder - Bind entity com.expeditors.training.course3demo.model.UserAccount on table USERACCOUNT
DEBUG Ejb3Column - Binding column: Ejb3Column{table=org.hibernate.mapping.Table(USERACCOUNT), mappingColumn=USER_ID, insertable=true, updatable=true, unique=false}
DEBUG PropertyBinder - MetadataSourceProcessor property id with lazy=false
DEBUG SimpleValueBinder - building SimpleValue for id
DEBUG PropertyBinder - Building property id
DEBUG Ejb3Column - Binding column: Ejb3Column{table=org.hibernate.mapping.Table(USERACCOUNT), mappingColumn=enabled, insertable=true, updatable=true, unique=false}
DEBUG PropertyBinder - MetadataSourceProcessor property enabled with lazy=false
DEBUG SimpleValueBinder - building SimpleValue for enabled
DEBUG PropertyBinder - Building property enabled
DEBUG Ejb3Column - Binding column: Ejb3Column{table=org.hibernate.mapping.Table(USERACCOUNT), mappingColumn=password, insertable=true, updatable=true, unique=false}
DEBUG PropertyBinder - MetadataSourceProcessor property password with lazy=false
DEBUG SimpleValueBinder - building SimpleValue for password
DEBUG PropertyBinder - Building property password
DEBUG Ejb3Column - Binding column: Ejb3JoinColumn{logicalColumnName=&apos;null&apos;, referencedColumn=&apos;null&apos;, mappedBy=&apos;userAccount&apos;}
DEBUG Ejb3Column - Binding column: Ejb3Column{table=org.hibernate.mapping.Table(USERACCOUNT), mappingColumn=userRoles, insertable=true, updatable=true, unique=false}
DEBUG Ejb3Column - Binding column: Ejb3Column{table=org.hibernate.mapping.Table(USERACCOUNT), mappingColumn=null, insertable=true, updatable=true, unique=false}
DEBUG Ejb3Column - Binding column: Ejb3Column{table=org.hibernate.mapping.Table(USERACCOUNT), mappingColumn=element, insertable=true, updatable=true, unique=false}
DEBUG Ejb3Column - Binding column: Ejb3Column{table=org.hibernate.mapping.Table(USERACCOUNT), mappingColumn=userRoles_KEY, insertable=true, updatable=true, unique=false}
DEBUG Ejb3Column - Binding column: Ejb3JoinColumn{logicalColumnName=&apos;userRoles_KEY&apos;, referencedColumn=&apos;null&apos;, mappedBy=&apos;null&apos;}
DEBUG Ejb3Column - Binding column: Ejb3JoinColumn{logicalColumnName=&apos;null&apos;, referencedColumn=&apos;null&apos;, mappedBy=&apos;userAccount&apos;}
DEBUG Ejb3Column - Binding column: Ejb3JoinColumn{logicalColumnName=&apos;null&apos;, referencedColumn=&apos;null&apos;, mappedBy=&apos;userAccount&apos;}
DEBUG CollectionBinder - Collection role: com.expeditors.training.course3demo.model.UserAccount.userRoles
DEBUG PropertyBinder - Building property userRoles
DEBUG Ejb3Column - Binding column: Ejb3Column{table=org.hibernate.mapping.Table(USERACCOUNT), mappingColumn=username, insertable=true, updatable=true, unique=false}
DEBUG PropertyBinder - MetadataSourceProcessor property username with lazy=false
DEBUG SimpleValueBinder - building SimpleValue for username
DEBUG PropertyBinder - Building property username
DEBUG AnnotationBinder - Binding entity from annotated class: com.expeditors.training.course3demo.model.UserRole
DEBUG Ejb3Column - Binding column: Ejb3DiscriminatorColumn{logicalColumnName&apos;DTYPE&apos;, discriminatorTypeName=&apos;string&apos;}
DEBUG EntityBinder - Import with entity name UserRole
DEBUG EntityBinder - Bind entity com.expeditors.training.course3demo.model.UserRole on table USERROLE
DEBUG Ejb3Column - Binding column: Ejb3Column{table=org.hibernate.mapping.Table(USERROLE), mappingColumn=ROLE_ID, insertable=true, updatable=true, unique=false}
DEBUG PropertyBinder - MetadataSourceProcessor property id with lazy=false
DEBUG SimpleValueBinder - building SimpleValue for id
DEBUG PropertyBinder - Building property id
DEBUG Ejb3Column - Binding column: Ejb3Column{table=org.hibernate.mapping.Table(USERROLE), mappingColumn=ROLE_NAME, insertable=true, updatable=true, unique=false}
DEBUG PropertyBinder - MetadataSourceProcessor property role with lazy=false
DEBUG SimpleValueBinder - building SimpleValue for role
DEBUG PropertyBinder - Building property role
DEBUG Ejb3Column - Binding column: Ejb3JoinColumn{logicalColumnName=&apos;ROLE_OWNER&apos;, referencedColumn=&apos;&apos;, mappedBy=&apos;&apos;}
DEBUG Ejb3Column - Binding column: Ejb3Column{table=org.hibernate.mapping.Table(USERROLE), mappingColumn=userAccount, insertable=true, updatable=true, unique=false}
DEBUG PropertyBinder - Building property userAccount
DEBUG SimpleValueBinder - Setting SimpleValue typeName for id
DEBUG SimpleValueBinder - Setting SimpleValue typeName for city
DEBUG SimpleValueBinder - Setting SimpleValue typeName for state
DEBUG SimpleValueBinder - Setting SimpleValue typeName for street
DEBUG SimpleValueBinder - Setting SimpleValue typeName for id
DEBUG SimpleValueBinder - Setting SimpleValue typeName for amount
DEBUG SimpleValueBinder - Setting SimpleValue typeName for number
DEBUG SimpleValueBinder - Setting SimpleValue typeName for owner
DEBUG SimpleValueBinder - Setting SimpleValue typeName for id
DEBUG SimpleValueBinder - Setting SimpleValue typeName for capacity
DEBUG SimpleValueBinder - Setting SimpleValue typeName for destination
DEBUG SimpleValueBinder - Setting SimpleValue typeName for location
DEBUG SimpleValueBinder - Setting SimpleValue typeName for name
DEBUG SimpleValueBinder - Setting SimpleValue typeName for status
DEBUG SimpleValueBinder - Setting SimpleValue typeName for id
DEBUG SimpleValueBinder - Setting SimpleValue typeName for number
DEBUG SimpleValueBinder - Setting SimpleValue typeName for id
DEBUG SimpleValueBinder - Setting SimpleValue typeName for description
DEBUG SimpleValueBinder - Setting SimpleValue typeName for name
DEBUG SimpleValueBinder - Setting SimpleValue typeName for price
DEBUG SimpleValueBinder - Setting SimpleValue typeName for id
DEBUG SimpleValueBinder - Setting SimpleValue typeName for destination
DEBUG SimpleValueBinder - Setting SimpleValue typeName for name
DEBUG SimpleValueBinder - Setting SimpleValue typeName for origin
DEBUG SimpleValueBinder - Setting SimpleValue typeName for volume
DEBUG SimpleValueBinder - Setting SimpleValue typeName for id
DEBUG SimpleValueBinder - Setting SimpleValue typeName for enabled
DEBUG SimpleValueBinder - Setting SimpleValue typeName for password
DEBUG SimpleValueBinder - Setting SimpleValue typeName for username
DEBUG SimpleValueBinder - Setting SimpleValue typeName for id
DEBUG SimpleValueBinder - Setting SimpleValue typeName for role
DEBUG Configuration - Processing fk mappings (*ToOne and JoinedSubclass)
DEBUG Configuration - Processing extends queue
DEBUG Configuration - Processing extends queue
DEBUG Configuration - Processing collection mappings
DEBUG CollectionSecondPass - Second pass for collection: com.expeditors.training.course3demo.model.Card.phoneNumbers
DEBUG CollectionBinder - Binding a OneToMany: com.expeditors.training.course3demo.model.Card.phoneNumbers through a foreign key
DEBUG CollectionBinder - Mapping collection: com.expeditors.training.course3demo.model.Card.phoneNumbers -&gt; PHONE_NUMBER
DEBUG TableBinder - Retrieving property com.expeditors.training.course3demo.model.PhoneNumber.card
DEBUG SimpleValueBinder - building SimpleValue for null
DEBUG SimpleValueBinder - Setting SimpleValue typeName for null
DEBUG CollectionSecondPass - Mapped collection key: CARD_ID, index: index, one-to-many: com.expeditors.training.course3demo.model.PhoneNumber
DEBUG CollectionSecondPass - Second pass for collection: com.expeditors.training.course3demo.model.UserAccount.userRoles
DEBUG CollectionBinder - Binding a OneToMany: com.expeditors.training.course3demo.model.UserAccount.userRoles through a foreign key
DEBUG CollectionBinder - Mapping collection: com.expeditors.training.course3demo.model.UserAccount.userRoles -&gt; USERROLE
DEBUG TableBinder - Retrieving property com.expeditors.training.course3demo.model.UserRole.userAccount
DEBUG CollectionSecondPass - Mapped collection key: ROLE_OWNER, one-to-many: com.expeditors.training.course3demo.model.UserRole
DEBUG Configuration - Processing native query and ResultSetMapping mappings
DEBUG Configuration - Processing association property references
DEBUG Configuration - Creating tables&apos; unique integer identifiers
DEBUG Configuration - Processing foreign key constraints
DEBUG Configuration - Resolving reference to class: com.expeditors.training.course3demo.model.Address
DEBUG Configuration - Resolving reference to class: com.expeditors.training.course3demo.model.Card
DEBUG Configuration - Resolving reference to class: com.expeditors.training.course3demo.model.UserAccount
INFO  ConnectionProviderInitiator - HHH000130: Instantiating explicit connection provider: org.hibernate.ejb.connection.InjectedDataSourceConnectionProvider
DEBUG DriverManagerDataSource - Creating new JDBC DriverManager Connection to [jdbc:hsqldb:mem:paging]
DEBUG JdbcServicesImpl - Database -&gt;
       name : HSQL Database Engine
    version : 2.2.4
      major : 2
      minor : 2
DEBUG JdbcServicesImpl - Driver -&gt;
       name : HSQL Database Engine Driver
    version : 2.2.4
      major : 2
      minor : 2
DEBUG JdbcServicesImpl - JDBC version : 4.0
INFO  Dialect - HHH000400: Using dialect: org.hibernate.dialect.HSQLDialect
DEBUG SettingsFactory - Automatic flush during beforeCompletion(): disabled
DEBUG SettingsFactory - Automatic session close at end of transaction: disabled
DEBUG SettingsFactory - JDBC batch size: 15
DEBUG SettingsFactory - JDBC batch updates for versioned data: disabled
DEBUG SettingsFactory - Scrollable result sets: enabled
DEBUG SettingsFactory - Wrap result sets: disabled
DEBUG SettingsFactory - JDBC3 getGeneratedKeys(): enabled
DEBUG SettingsFactory - multi-tenancy strategy : NONE
DEBUG SettingsFactory - Connection release mode: auto
INFO  TransactionFactoryInitiator - HHH000268: Transaction strategy: org.hibernate.engine.transaction.internal.jdbc.JdbcTransactionFactory
DEBUG SettingsFactory - Using BatchFetchStyle : LEGACY
DEBUG SettingsFactory - Default batch fetch size: 1
DEBUG SettingsFactory - Generate SQL with comments: disabled
DEBUG SettingsFactory - Order SQL updates by primary key: disabled
DEBUG SettingsFactory - Order SQL inserts for batching: disabled
DEBUG SettingsFactory - Default null ordering: none
DEBUG SettingsFactory - Query translator: org.hibernate.hql.internal.ast.ASTQueryTranslatorFactory
INFO  ASTQueryTranslatorFactory - HHH000397: Using ASTQueryTranslatorFactory
DEBUG SettingsFactory - Query language substitutions: {}
DEBUG SettingsFactory - JPA-QL strict compliance: enabled
DEBUG SettingsFactory - Second-level cache: enabled
DEBUG SettingsFactory - Query cache: disabled
DEBUG SettingsFactory - Cache region factory : org.hibernate.cache.internal.NoCachingRegionFactory
DEBUG SettingsFactory - org.hibernate.cache.internal.NoCachingRegionFactory did not provide constructor accepting java.util.Properties; attempting no-arg constructor.
DEBUG SettingsFactory - Optimize cache for minimal puts: disabled
DEBUG SettingsFactory - Structured second-level cache entries: disabled
DEBUG SettingsFactory - Second-level cache direct-reference entries: disabled
DEBUG SettingsFactory - Statistics: disabled
DEBUG SettingsFactory - Deleted entity synthetic identifier rollback: disabled
DEBUG SettingsFactory - Default entity-mode: pojo
DEBUG SettingsFactory - Named query checking : enabled
DEBUG SettingsFactory - Check Nullability in Core (should be disabled when Bean Validation is on): enabled
DEBUG SettingsFactory - Allow initialization of lazy state outside session : : disabled
DEBUG SettingsFactory - JTA Track by Thread: enabled
DEBUG SessionFactoryImpl - Building session factory
DEBUG SessionFactoryImpl - Session factory constructed with filter configurations : {}
DEBUG SessionFactoryImpl - Instantiating session factory with properties: {java.vendor=Oracle Corporation, localRepository=C:\Users\chq-jamesgl\.m2\repository, hibernate=org.hibernate.dialect.HSQLDialect, sun.java.launcher=SUN_STANDARD, sun.management.compiler=HotSpot 64-Bit Tiered Compilers, hibernate.ejb.discard_pc_on_close=false, hibernate.transaction.flush_before_completion=false, os.name=Windows 7, sun.boot.class.path=C:\Program Files\Java\jdk1.8.0_20\jre\lib\resources.jar;C:\Program Files\Java\jdk1.8.0_20\jre\lib\rt.jar;C:\Program Files\Java\jdk1.8.0_20\jre\lib\sunrsasign.jar;C:\Program Files\Java\jdk1.8.0_20\jre\lib\jsse.jar;C:\Program Files\Java\jdk1.8.0_20\jre\lib\jce.jar;C:\Program Files\Java\jdk1.8.0_20\jre\lib\charsets.jar;C:\Program Files\Java\jdk1.8.0_20\jre\lib\jfr.jar;C:\Program Files\Java\jdk1.8.0_20\jre\classes, sun.desktop=windows, java.vm.specification.vendor=Oracle Corporation, java.runtime.version=1.8.0_20-b26, hibernate.connection.autocommit=true, user.name=chq-jamesgl, javax.persistence.validation.mode=AUTO, hibernate.connection.release_mode=auto, user.language=en, sun.boot.library.path=C:\Program Files\Java\jdk1.8.0_20\jre\bin, java.version=1.8.0_20, user.timezone=America/Los_Angeles, sun.arch.data.model=64, java.endorsed.dirs=C:\Program Files\Java\jdk1.8.0_20\jre\lib\endorsed, sun.cpu.isalist=amd64, sun.jnu.encoding=Cp1252, file.encoding.pkg=sun.io, file.separator=\, java.specification.name=Java Platform API Specification, java.class.version=52.0, user.country=US, java.home=C:\Program Files\Java\jdk1.8.0_20\jre, java.vm.info=mixed mode, os.version=6.1, hibernate.transaction.factory_class=org.hibernate.engine.transaction.internal.jdbc.JdbcTransactionFactory, hibernate.connection.datasource=org.springframework.jdbc.datasource.DriverManagerDataSource@507d20bb, surefire.real.class.path=C:\Users\chq-jamesgl\STS_work2\finalprojectgleixner\target\surefire\surefirebooter2652706606512848435.jar, hibernate.query.jpaql_strict_compliance=true, path.separator=;, java.vm.version=25.20-b23, user.variant=, java.awt.printerjob=sun.awt.windows.WPrinterJob, sun.io.unicode.encoding=UnicodeLittle, awt.toolkit=sun.awt.windows.WToolkit, user.script=, user.home=C:\Users\chq-jamesgl, java.specification.vendor=Oracle Corporation, hibernate.hbm2ddl.auto=create-drop, java.library.path=C:\Program Files\Java\jdk1.8.0_20\jre\bin;C:\WINDOWS\Sun\Java\bin;C:\WINDOWS\system32;C:\WINDOWS;C:/Program Files/Java/jdk1.7.0_45/bin/../jre/bin/server;C:/Program Files/Java/jdk1.7.0_45/bin/../jre/bin;C:/Program Files/Java/jdk1.7.0_45/bin/../jre/lib/amd64;C:\Program Files\spring-1.2.1.RELEASE\bin;C:\Maven\apache-maven-3.0.5\bin;C:\Program Files\Java\jdk1.7.0_45\bin;C:\ProgramData\Oracle\Java\javapath;C:\Program Files (x86)\Intel\iCLS Client\;C:\Program Files\Intel\iCLS Client\;C:\WINDOWS\system32;C:\WINDOWS;C:\WINDOWS\System32\Wbem;C:\WINDOWS\System32\WindowsPowerShell\v1.0\;C:\Program Files\Intel\DMIX;C:\WINDOWS\CCM;C:\WINDOWS\CCM;C:\WINDOWS\CCM;C:\WINDOWS\CCM;C:\WINDOWS\CCM;C:\WINDOWS\CCM;C:\WINDOWS\CCM;C:\PROGRA~2\IBM\SQLLIB\BIN;C:\PROGRA~2\IBM\SQLLIB\FUNCTION;C:\PROGRA~2\IBM\SQLLIB\SAMPLES\REPL;C:\Program Files\Intel\Intel(R) Management Engine Components\DAL;C:\Program Files\Intel\Intel(R) Management Engine Components\IPT;C:\Program Files (x86)\Intel\Intel(R) Management Engine Components\DAL;C:\Program Files (x86)\Intel\Intel(R) Management Engine Components\IPT;C:\Program Files\Microsoft\Web Platform Installer\;C:\Program Files\TortoiseSVN\bin;C:\Users\chq-jamesgl\Documents\STS2\sts-bundle\sts-3.6.3.SR1;;., java.vendor.url=http://java.oracle.com/, java.vm.vendor=Oracle Corporation, java.runtime.name=Java(TM) SE Runtime Environment, sun.java.command=C:\Users\chq-jamesgl\STS_work2\finalprojectgleixner\target\surefire\surefirebooter2652706606512848435.jar C:\Users\chq-jamesgl\STS_work2\finalprojectgleixner\target\surefire\surefire292260823960733787tmp C:\Users\chq-jamesgl\STS_work2\finalprojectgleixner\target\surefire\surefire_03224240600998134897tmp, java.class.path=C:\Users\chq-jamesgl\STS_work2\finalprojectgleixner\target\test-classes;C:\Users\chq-jamesgl\STS_work2\finalprojectgleixner\target\classes;C:\Users\chq-jamesgl\.m2\repository\org\springframework\spring-webmvc\3.2.3.RELEASE\spring-webmvc-3.2.3.RELEASE.jar;C:\Users\chq-jamesgl\.m2\repository\org\springframework\spring-beans\3.2.3.RELEASE\spring-beans-3.2.3.RELEASE.jar;C:\Users\chq-jamesgl\.m2\repository\org\springframework\spring-context\3.2.3.RELEASE\spring-context-3.2.3.RELEASE.jar;C:\Users\chq-jamesgl\.m2\repository\org\springframework\spring-core\3.2.3.RELEASE\spring-core-3.2.3.RELEASE.jar;C:\Users\chq-jamesgl\.m2\repository\commons-logging\commons-logging\1.1.1\commons-logging-1.1.1.jar;C:\Users\chq-jamesgl\.m2\repository\org\springframework\spring-expression\3.2.3.RELEASE\spring-expression-3.2.3.RELEASE.jar;C:\Users\chq-jamesgl\.m2\repository\org\springframework\spring-web\3.2.3.RELEASE\spring-web-3.2.3.RELEASE.jar;C:\Users\chq-jamesgl\.m2\repository\org\springframework\security\spring-security-web\3.2.3.RELEASE\spring-security-web-3.2.3.RELEASE.jar;C:\Users\chq-jamesgl\.m2\repository\aopalliance\aopalliance\1.0\aopalliance-1.0.jar;C:\Users\chq-jamesgl\.m2\repository\org\springframework\security\spring-security-core\3.2.3.RELEASE\spring-security-core-3.2.3.RELEASE.jar;C:\Users\chq-jamesgl\.m2\repository\org\springframework\security\spring-security-config\3.2.3.RELEASE\spring-security-config-3.2.3.RELEASE.jar;C:\Users\chq-jamesgl\.m2\repository\org\springframework\security\spring-security-taglibs\3.2.3.RELEASE\spring-security-taglibs-3.2.3.RELEASE.jar;C:\Users\chq-jamesgl\.m2\repository\org\springframework\security\spring-security-acl\3.2.3.RELEASE\spring-security-acl-3.2.3.RELEASE.jar;C:\Users\chq-jamesgl\.m2\repository\javax\servlet\jstl\1.2\jstl-1.2.jar;C:\Users\chq-jamesgl\.m2\repository\javax\servlet\servlet-api\2.5\servlet-api-2.5.jar;C:\Users\chq-jamesgl\.m2\repository\javax\servlet\jsp\jsp-api\2.2\jsp-api-2.2.jar;C:\Users\chq-jamesgl\.m2\repository\org\springframework\spring-tx\3.2.3.RELEASE\spring-tx-3.2.3.RELEASE.jar;C:\Users\chq-jamesgl\.m2\repository\org\springframework\spring-orm\3.2.3.RELEASE\spring-orm-3.2.3.RELEASE.jar;C:\Users\chq-jamesgl\.m2\repository\org\springframework\spring-jdbc\3.2.3.RELEASE\spring-jdbc-3.2.3.RELEASE.jar;C:\Users\chq-jamesgl\.m2\repository\org\springframework\spring-aop\3.2.3.RELEASE\spring-aop-3.2.3.RELEASE.jar;C:\Users\chq-jamesgl\.m2\repository\org\springframework\data\spring-data-jpa\1.3.1.RELEASE\spring-data-jpa-1.3.1.RELEASE.jar;C:\Users\chq-jamesgl\.m2\repository\org\springframework\data\spring-data-commons\1.5.1.RELEASE\spring-data-commons-1.5.1.RELEASE.jar;C:\Users\chq-jamesgl\.m2\repository\org\aspectj\aspectjrt\1.7.2\aspectjrt-1.7.2.jar;C:\Users\chq-jamesgl\.m2\repository\org\slf4j\jcl-over-slf4j\1.7.1\jcl-over-slf4j-1.7.1.jar;C:\Users\chq-jamesgl\.m2\repository\org\slf4j\slf4j-api\1.7.5\slf4j-api-1.7.5.jar;C:\Users\chq-jamesgl\.m2\repository\ch\qos\logback\logback-classic\1.0.13\logback-classic-1.0.13.jar;C:\Users\chq-jamesgl\.m2\repository\ch\qos\logback\logback-core\1.0.13\logback-core-1.0.13.jar;C:\Users\chq-jamesgl\.m2\repository\org\hibernate\hibernate-entitymanager\4.2.1.Final\hibernate-entitymanager-4.2.1.Final.jar;C:\Users\chq-jamesgl\.m2\repository\org\jboss\logging\jboss-logging\3.1.0.GA\jboss-logging-3.1.0.GA.jar;C:\Users\chq-jamesgl\.m2\repository\org\hibernate\hibernate-core\4.2.1.Final\hibernate-core-4.2.1.Final.jar;C:\Users\chq-jamesgl\.m2\repository\antlr\antlr\2.7.7\antlr-2.7.7.jar;C:\Users\chq-jamesgl\.m2\repository\dom4j\dom4j\1.6.1\dom4j-1.6.1.jar;C:\Users\chq-jamesgl\.m2\repository\org\jboss\spec\javax\transaction\jboss-transaction-api_1.1_spec\1.0.1.Final\jboss-transaction-api_1.1_spec-1.0.1.Final.jar;C:\Users\chq-jamesgl\.m2\repository\org\hibernate\javax\persistence\hibernate-jpa-2.0-api\1.0.1.Final\hibernate-jpa-2.0-api-1.0.1.Final.jar;C:\Users\chq-jamesgl\.m2\repository\org\javassist\javassist\3.15.0-GA\javassist-3.15.0-GA.jar;C:\Users\chq-jamesgl\.m2\repository\org\hibernate\common\hibernate-commons-annotations\4.0.1.Final\hibernate-commons-annotations-4.0.1.Final.jar;C:\Users\chq-jamesgl\.m2\repository\javax\validation\validation-api\1.1.0.Final\validation-api-1.1.0.Final.jar;C:\Users\chq-jamesgl\.m2\repository\org\hibernate\hibernate-validator\4.2.0.Final\hibernate-validator-4.2.0.Final.jar;C:\Users\chq-jamesgl\.m2\repository\org\hsqldb\hsqldb\2.2.4\hsqldb-2.2.4.jar;C:\Users\chq-jamesgl\.m2\repository\org\dbunit\dbunit\2.5.0\dbunit-2.5.0.jar;C:\Users\chq-jamesgl\.m2\repository\commons-collections\commons-collections\3.2.1\commons-collections-3.2.1.jar;C:\Users\chq-jamesgl\.m2\repository\com\github\springtestdbunit\spring-test-dbunit\1.2.0\spring-test-dbunit-1.2.0.jar;C:\Users\chq-jamesgl\.m2\repository\org\springframework\spring-test\3.2.3.RELEASE\spring-test-3.2.3.RELEASE.jar;C:\Users\chq-jamesgl\.m2\repository\org\hamcrest\hamcrest-all\1.3\hamcrest-all-1.3.jar;C:\Users\chq-jamesgl\.m2\repository\junit\junit\4.11\junit-4.11.jar;C:\Users\chq-jamesgl\.m2\repository\org\hamcrest\hamcrest-core\1.3\hamcrest-core-1.3.jar;C:\Users\chq-jamesgl\.m2\repository\org\mockito\mockito-core\1.9.5\mockito-core-1.9.5.jar;C:\Users\chq-jamesgl\.m2\repository\org\objenesis\objenesis\1.0\objenesis-1.0.jar;C:\Users\chq-jamesgl\.m2\repository\org\apache\derby\derbyclient\10.11.1.1\derbyclient-10.11.1.1.jar;C:\Users\chq-jamesgl\.m2\repository\org\sitemesh\sitemesh\3.0-alpha-2\sitemesh-3.0-alpha-2.jar;, hibernate.bytecode.use_reflection_optimizer=false, java.vm.specification.name=Java Virtual Machine Specification, java.vm.specification.version=1.8, sun.cpu.endian=little, sun.os.patch.level=Service Pack 1, hibernate.connection.provider_class=org.hibernate.ejb.connection.InjectedDataSourceConnectionProvider, surefire.test.class.path=C:\Users\chq-jamesgl\STS_work2\finalprojectgleixner\target\test-classes;C:\Users\chq-jamesgl\STS_work2\finalprojectgleixner\target\classes;C:\Users\chq-jamesgl\.m2\repository\org\springframework\spring-webmvc\3.2.3.RELEASE\spring-webmvc-3.2.3.RELEASE.jar;C:\Users\chq-jamesgl\.m2\repository\org\springframework\spring-beans\3.2.3.RELEASE\spring-beans-3.2.3.RELEASE.jar;C:\Users\chq-jamesgl\.m2\repository\org\springframework\spring-context\3.2.3.RELEASE\spring-context-3.2.3.RELEASE.jar;C:\Users\chq-jamesgl\.m2\repository\org\springframework\spring-core\3.2.3.RELEASE\spring-core-3.2.3.RELEASE.jar;C:\Users\chq-jamesgl\.m2\repository\commons-logging\commons-logging\1.1.1\commons-logging-1.1.1.jar;C:\Users\chq-jamesgl\.m2\repository\org\springframework\spring-expression\3.2.3.RELEASE\spring-expression-3.2.3.RELEASE.jar;C:\Users\chq-jamesgl\.m2\repository\org\springframework\spring-web\3.2.3.RELEASE\spring-web-3.2.3.RELEASE.jar;C:\Users\chq-jamesgl\.m2\repository\org\springframework\security\spring-security-web\3.2.3.RELEASE\spring-security-web-3.2.3.RELEASE.jar;C:\Users\chq-jamesgl\.m2\repository\aopalliance\aopalliance\1.0\aopalliance-1.0.jar;C:\Users\chq-jamesgl\.m2\repository\org\springframework\security\spring-security-core\3.2.3.RELEASE\spring-security-core-3.2.3.RELEASE.jar;C:\Users\chq-jamesgl\.m2\repository\org\springframework\security\spring-security-config\3.2.3.RELEASE\spring-security-config-3.2.3.RELEASE.jar;C:\Users\chq-jamesgl\.m2\repository\org\springframework\security\spring-security-taglibs\3.2.3.RELEASE\spring-security-taglibs-3.2.3.RELEASE.jar;C:\Users\chq-jamesgl\.m2\repository\org\springframework\security\spring-security-acl\3.2.3.RELEASE\spring-security-acl-3.2.3.RELEASE.jar;C:\Users\chq-jamesgl\.m2\repository\javax\servlet\jstl\1.2\jstl-1.2.jar;C:\Users\chq-jamesgl\.m2\repository\javax\servlet\servlet-api\2.5\servlet-api-2.5.jar;C:\Users\chq-jamesgl\.m2\repository\javax\servlet\jsp\jsp-api\2.2\jsp-api-2.2.jar;C:\Users\chq-jamesgl\.m2\repository\org\springframework\spring-tx\3.2.3.RELEASE\spring-tx-3.2.3.RELEASE.jar;C:\Users\chq-jamesgl\.m2\repository\org\springframework\spring-orm\3.2.3.RELEASE\spring-orm-3.2.3.RELEASE.jar;C:\Users\chq-jamesgl\.m2\repository\org\springframework\spring-jdbc\3.2.3.RELEASE\spring-jdbc-3.2.3.RELEASE.jar;C:\Users\chq-jamesgl\.m2\repository\org\springframework\spring-aop\3.2.3.RELEASE\spring-aop-3.2.3.RELEASE.jar;C:\Users\chq-jamesgl\.m2\repository\org\springframework\data\spring-data-jpa\1.3.1.RELEASE\spring-data-jpa-1.3.1.RELEASE.jar;C:\Users\chq-jamesgl\.m2\repository\org\springframework\data\spring-data-commons\1.5.1.RELEASE\spring-data-commons-1.5.1.RELEASE.jar;C:\Users\chq-jamesgl\.m2\repository\org\aspectj\aspectjrt\1.7.2\aspectjrt-1.7.2.jar;C:\Users\chq-jamesgl\.m2\repository\org\slf4j\jcl-over-slf4j\1.7.1\jcl-over-slf4j-1.7.1.jar;C:\Users\chq-jamesgl\.m2\repository\org\slf4j\slf4j-api\1.7.5\slf4j-api-1.7.5.jar;C:\Users\chq-jamesgl\.m2\repository\ch\qos\logback\logback-classic\1.0.13\logback-classic-1.0.13.jar;C:\Users\chq-jamesgl\.m2\repository\ch\qos\logback\logback-core\1.0.13\logback-core-1.0.13.jar;C:\Users\chq-jamesgl\.m2\repository\org\hibernate\hibernate-entitymanager\4.2.1.Final\hibernate-entitymanager-4.2.1.Final.jar;C:\Users\chq-jamesgl\.m2\repository\org\jboss\logging\jboss-logging\3.1.0.GA\jboss-logging-3.1.0.GA.jar;C:\Users\chq-jamesgl\.m2\repository\org\hibernate\hibernate-core\4.2.1.Final\hibernate-core-4.2.1.Final.jar;C:\Users\chq-jamesgl\.m2\repository\antlr\antlr\2.7.7\antlr-2.7.7.jar;C:\Users\chq-jamesgl\.m2\repository\dom4j\dom4j\1.6.1\dom4j-1.6.1.jar;C:\Users\chq-jamesgl\.m2\repository\org\jboss\spec\javax\transaction\jboss-transaction-api_1.1_spec\1.0.1.Final\jboss-transaction-api_1.1_spec-1.0.1.Final.jar;C:\Users\chq-jamesgl\.m2\repository\org\hibernate\javax\persistence\hibernate-jpa-2.0-api\1.0.1.Final\hibernate-jpa-2.0-api-1.0.1.Final.jar;C:\Users\chq-jamesgl\.m2\repository\org\javassist\javassist\3.15.0-GA\javassist-3.15.0-GA.jar;C:\Users\chq-jamesgl\.m2\repository\org\hibernate\common\hibernate-commons-annotations\4.0.1.Final\hibernate-commons-annotations-4.0.1.Final.jar;C:\Users\chq-jamesgl\.m2\repository\javax\validation\validation-api\1.1.0.Final\validation-api-1.1.0.Final.jar;C:\Users\chq-jamesgl\.m2\repository\org\hibernate\hibernate-validator\4.2.0.Final\hibernate-validator-4.2.0.Final.jar;C:\Users\chq-jamesgl\.m2\repository\org\hsqldb\hsqldb\2.2.4\hsqldb-2.2.4.jar;C:\Users\chq-jamesgl\.m2\repository\org\dbunit\dbunit\2.5.0\dbunit-2.5.0.jar;C:\Users\chq-jamesgl\.m2\repository\commons-collections\commons-collections\3.2.1\commons-collections-3.2.1.jar;C:\Users\chq-jamesgl\.m2\repository\com\github\springtestdbunit\spring-test-dbunit\1.2.0\spring-test-dbunit-1.2.0.jar;C:\Users\chq-jamesgl\.m2\repository\org\springframework\spring-test\3.2.3.RELEASE\spring-test-3.2.3.RELEASE.jar;C:\Users\chq-jamesgl\.m2\repository\org\hamcrest\hamcrest-all\1.3\hamcrest-all-1.3.jar;C:\Users\chq-jamesgl\.m2\repository\junit\junit\4.11\junit-4.11.jar;C:\Users\chq-jamesgl\.m2\repository\org\hamcrest\hamcrest-core\1.3\hamcrest-core-1.3.jar;C:\Users\chq-jamesgl\.m2\repository\org\mockito\mockito-core\1.9.5\mockito-core-1.9.5.jar;C:\Users\chq-jamesgl\.m2\repository\org\objenesis\objenesis\1.0\objenesis-1.0.jar;C:\Users\chq-jamesgl\.m2\repository\org\apache\derby\derbyclient\10.11.1.1\derbyclient-10.11.1.1.jar;C:\Users\chq-jamesgl\.m2\repository\org\sitemesh\sitemesh\3.0-alpha-2\sitemesh-3.0-alpha-2.jar;, java.io.tmpdir=C:\Users\CHQ-JA~1\AppData\Local\Temp\, java.vendor.url.bug=http://bugreport.sun.com/bugreport/, javax.persistence.sharedCache.mode=UNSPECIFIED, os.arch=amd64, java.awt.graphicsenv=sun.awt.Win32GraphicsEnvironment, java.ext.dirs=C:\Program Files\Java\jdk1.8.0_20\jre\lib\ext;C:\WINDOWS\Sun\Java\lib\ext, user.dir=C:\Users\chq-jamesgl\STS_work2\finalprojectgleixner, line.separator=
, java.vm.name=Java HotSpot(TM) 64-Bit Server VM, basedir=C:\Users\chq-jamesgl\STS_work2\finalprojectgleixner, file.encoding=Cp1252, hibernate.use_identifier_rollback=false, java.specification.version=1.8, hibernate.show_sql=true}
DEBUG DefaultTraversableResolver - Found javax.persistence.Persistence on classpath containing &apos;getPersistenceUtil&apos;. Assuming JPA 2 environment. Trying to instantiate JPA aware TraversableResolver
DEBUG DefaultTraversableResolver - Instantiated JPA aware TraversableResolver of type org.hibernate.validator.engine.resolver.JPATraversableResolver.
DEBUG ValidationXmlParser - Trying to load META-INF/validation.xml for XML based Validator configuration.
DEBUG ValidationXmlParser - No META-INF/validation.xml found. Using annotation based configuration only
DEBUG DefaultTraversableResolver - Found javax.persistence.Persistence on classpath containing &apos;getPersistenceUtil&apos;. Assuming JPA 2 environment. Trying to instantiate JPA aware TraversableResolver
DEBUG DefaultTraversableResolver - Instantiated JPA aware TraversableResolver of type org.hibernate.validator.engine.resolver.JPATraversableResolver.
DEBUG ValidationXmlParser - Trying to load META-INF/validation.xml for XML based Validator configuration.
DEBUG ValidationXmlParser - No META-INF/validation.xml found. Using annotation based configuration only
DEBUG ConstraintDescriptorImpl - Adding composing constraint: ConstraintDescriptorImpl{annotation=javax.validation.constraints.NotNull, payloads=[], hasComposingConstraints=true, isReportAsSingleInvalidConstraint=false, elementType=FIELD, definedOn=DEFINED_LOCALLY, groups=[interface javax.validation.groups.Default], attributes={message={javax.validation.constraints.NotNull.message}, groups=[Ljava.lang.Class;@252f626c, payload=[Ljava.lang.Class;@33f98231}}
DEBUG ConstraintDescriptorImpl - Adding composing constraint: ConstraintDescriptorImpl{annotation=javax.validation.constraints.Size, payloads=[], hasComposingConstraints=true, isReportAsSingleInvalidConstraint=false, elementType=FIELD, definedOn=DEFINED_LOCALLY, groups=[interface javax.validation.groups.Default], attributes={groups=[Ljava.lang.Class;@557286ad, min=1, message={javax.validation.constraints.Size.message}, max=2147483647, payload=[Ljava.lang.Class;@b10a26d}}
DEBUG ConstraintDescriptorImpl - Adding composing constraint: ConstraintDescriptorImpl{annotation=javax.validation.constraints.NotNull, payloads=[], hasComposingConstraints=true, isReportAsSingleInvalidConstraint=false, elementType=FIELD, definedOn=DEFINED_LOCALLY, groups=[interface javax.validation.groups.Default], attributes={message={javax.validation.constraints.NotNull.message}, groups=[Ljava.lang.Class;@6f38a289, payload=[Ljava.lang.Class;@61e3cf4d}}
DEBUG ConstraintDescriptorImpl - Adding composing constraint: ConstraintDescriptorImpl{annotation=javax.validation.constraints.Size, payloads=[], hasComposingConstraints=true, isReportAsSingleInvalidConstraint=false, elementType=FIELD, definedOn=DEFINED_LOCALLY, groups=[interface javax.validation.groups.Default], attributes={groups=[Ljava.lang.Class;@64b70919, min=1, message={javax.validation.constraints.Size.message}, max=2147483647, payload=[Ljava.lang.Class;@4e31c3ec}}
DEBUG ConstraintDescriptorImpl - Adding composing constraint: ConstraintDescriptorImpl{annotation=javax.validation.constraints.NotNull, payloads=[], hasComposingConstraints=true, isReportAsSingleInvalidConstraint=false, elementType=FIELD, definedOn=DEFINED_LOCALLY, groups=[interface javax.validation.groups.Default], attributes={message={javax.validation.constraints.NotNull.message}, groups=[Ljava.lang.Class;@6eaa21d8, payload=[Ljava.lang.Class;@328902d5}}
DEBUG ConstraintDescriptorImpl - Adding composing constraint: ConstraintDescriptorImpl{annotation=javax.validation.constraints.Size, payloads=[], hasComposingConstraints=true, isReportAsSingleInvalidConstraint=false, elementType=FIELD, definedOn=DEFINED_LOCALLY, groups=[interface javax.validation.groups.Default], attributes={groups=[Ljava.lang.Class;@7c1812b3, min=1, message={javax.validation.constraints.Size.message}, max=2147483647, payload=[Ljava.lang.Class;@43034809}}
DEBUG ConstraintDescriptorImpl - Adding composing constraint: ConstraintDescriptorImpl{annotation=javax.validation.constraints.NotNull, payloads=[], hasComposingConstraints=true, isReportAsSingleInvalidConstraint=false, elementType=FIELD, definedOn=DEFINED_LOCALLY, groups=[interface javax.validation.groups.Default], attributes={message={javax.validation.constraints.NotNull.message}, groups=[Ljava.lang.Class;@4ba380c7, payload=[Ljava.lang.Class;@784c5ef5}}
DEBUG ConstraintDescriptorImpl - Adding composing constraint: ConstraintDescriptorImpl{annotation=javax.validation.constraints.Size, payloads=[], hasComposingConstraints=true, isReportAsSingleInvalidConstraint=false, elementType=FIELD, definedOn=DEFINED_LOCALLY, groups=[interface javax.validation.groups.Default], attributes={groups=[Ljava.lang.Class;@29528a22, min=1, message={javax.validation.constraints.Size.message}, max=2147483647, payload=[Ljava.lang.Class;@7ea08277}}
DEBUG ConstraintDescriptorImpl - Adding composing constraint: ConstraintDescriptorImpl{annotation=javax.validation.constraints.NotNull, payloads=[], hasComposingConstraints=true, isReportAsSingleInvalidConstraint=false, elementType=FIELD, definedOn=DEFINED_LOCALLY, groups=[interface javax.validation.groups.Default], attributes={message={javax.validation.constraints.NotNull.message}, groups=[Ljava.lang.Class;@af9a89f, payload=[Ljava.lang.Class;@6482eef}}
DEBUG ConstraintDescriptorImpl - Adding composing constraint: ConstraintDescriptorImpl{annotation=javax.validation.constraints.Size, payloads=[], hasComposingConstraints=true, isReportAsSingleInvalidConstraint=false, elementType=FIELD, definedOn=DEFINED_LOCALLY, groups=[interface javax.validation.groups.Default], attributes={groups=[Ljava.lang.Class;@5b498842, min=1, message={javax.validation.constraints.Size.message}, max=2147483647, payload=[Ljava.lang.Class;@1cb37ee4}}
DEBUG ConstraintDescriptorImpl - Adding composing constraint: ConstraintDescriptorImpl{annotation=javax.validation.constraints.NotNull, payloads=[], hasComposingConstraints=true, isReportAsSingleInvalidConstraint=false, elementType=FIELD, definedOn=DEFINED_LOCALLY, groups=[interface javax.validation.groups.Default], attributes={message={javax.validation.constraints.NotNull.message}, groups=[Ljava.lang.Class;@385e36d4, payload=[Ljava.lang.Class;@2fc2a205}}
DEBUG ConstraintDescriptorImpl - Adding composing constraint: ConstraintDescriptorImpl{annotation=javax.validation.constraints.Size, payloads=[], hasComposingConstraints=true, isReportAsSingleInvalidConstraint=false, elementType=FIELD, definedOn=DEFINED_LOCALLY, groups=[interface javax.validation.groups.Default], attributes={groups=[Ljava.lang.Class;@2bef09c0, min=1, message={javax.validation.constraints.Size.message}, max=2147483647, payload=[Ljava.lang.Class;@62ce72ff}}
DEBUG ConstraintDescriptorImpl - Adding composing constraint: ConstraintDescriptorImpl{annotation=javax.validation.constraints.NotNull, payloads=[], hasComposingConstraints=true, isReportAsSingleInvalidConstraint=false, elementType=FIELD, definedOn=DEFINED_LOCALLY, groups=[interface javax.validation.groups.Default], attributes={message={javax.validation.constraints.NotNull.message}, groups=[Ljava.lang.Class;@7de843ef, payload=[Ljava.lang.Class;@2e1af49b}}
DEBUG ConstraintDescriptorImpl - Adding composing constraint: ConstraintDescriptorImpl{annotation=javax.validation.constraints.Size, payloads=[], hasComposingConstraints=true, isReportAsSingleInvalidConstraint=false, elementType=FIELD, definedOn=DEFINED_LOCALLY, groups=[interface javax.validation.groups.Default], attributes={groups=[Ljava.lang.Class;@56ac5c80, min=1, message={javax.validation.constraints.Size.message}, max=2147483647, payload=[Ljava.lang.Class;@69e49a81}}
DEBUG DefaultIdentifierGeneratorFactory - Setting dialect [org.hibernate.dialect.HSQLDialect]
DEBUG DefaultIdentifierGeneratorFactory - Setting dialect [org.hibernate.dialect.HSQLDialect]
DEBUG DefaultIdentifierGeneratorFactory - Setting dialect [org.hibernate.dialect.HSQLDialect]
DEBUG DefaultIdentifierGeneratorFactory - Setting dialect [org.hibernate.dialect.HSQLDialect]
DEBUG DefaultIdentifierGeneratorFactory - Setting dialect [org.hibernate.dialect.HSQLDialect]
DEBUG DefaultIdentifierGeneratorFactory - Setting dialect [org.hibernate.dialect.HSQLDialect]
DEBUG DefaultIdentifierGeneratorFactory - Setting dialect [org.hibernate.dialect.HSQLDialect]
DEBUG DefaultIdentifierGeneratorFactory - Setting dialect [org.hibernate.dialect.HSQLDialect]
DEBUG AbstractEntityPersister - Static SQL for entity: com.expeditors.training.course3demo.model.PhoneNumber
DEBUG AbstractEntityPersister -  Version select: select PHONE_NUMBER_ID from PHONE_NUMBER where PHONE_NUMBER_ID =?
DEBUG AbstractEntityPersister -  Snapshot select: select phonenumbe_.PHONE_NUMBER_ID, phonenumbe_.CARD_ID as CARD3_3_, phonenumbe_.PHONE_NUMBER as PHONE2_3_ from PHONE_NUMBER phonenumbe_ where phonenumbe_.PHONE_NUMBER_ID=?
DEBUG AbstractEntityPersister -  Insert 0: insert into PHONE_NUMBER (CARD_ID, PHONE_NUMBER, PHONE_NUMBER_ID) values (?, ?, ?)
DEBUG AbstractEntityPersister -  Update 0: update PHONE_NUMBER set CARD_ID=?, PHONE_NUMBER=? where PHONE_NUMBER_ID=?
DEBUG AbstractEntityPersister -  Delete 0: delete from PHONE_NUMBER where PHONE_NUMBER_ID=?
DEBUG AbstractEntityPersister -  Identity insert: insert into PHONE_NUMBER (PHONE_NUMBER_ID, CARD_ID, PHONE_NUMBER) values (default, ?, ?)
DEBUG AbstractEntityPersister - Static SQL for entity: com.expeditors.training.course3demo.model.Shipment
DEBUG AbstractEntityPersister -  Version select: select SHIPMENT_ID from Shipment where SHIPMENT_ID =?
DEBUG AbstractEntityPersister -  Snapshot select: select shipment_.SHIPMENT_ID, shipment_.destination as destinat2_5_, shipment_.name as name3_5_, shipment_.origin as origin4_5_, shipment_.volume as volume5_5_ from Shipment shipment_ where shipment_.SHIPMENT_ID=?
DEBUG AbstractEntityPersister -  Insert 0: insert into Shipment (destination, name, origin, volume, SHIPMENT_ID) values (?, ?, ?, ?, ?)
DEBUG AbstractEntityPersister -  Update 0: update Shipment set destination=?, name=?, origin=?, volume=? where SHIPMENT_ID=?
DEBUG AbstractEntityPersister -  Delete 0: delete from Shipment where SHIPMENT_ID=?
DEBUG AbstractEntityPersister -  Identity insert: insert into Shipment (SHIPMENT_ID, destination, name, origin, volume) values (default, ?, ?, ?, ?)
DEBUG AbstractEntityPersister - Static SQL for entity: com.expeditors.training.course3demo.model.Card
DEBUG AbstractEntityPersister -  Version select: select CARD_ID from CARD where CARD_ID =?
DEBUG AbstractEntityPersister -  Snapshot select: select card_.CARD_ID, card_.address as address5_1_, card_.amount as amount2_1_, card_.CARD_NUMBER as CARD3_1_, card_.OWNER_NAME as OWNER4_1_ from CARD card_ where card_.CARD_ID=?
DEBUG AbstractEntityPersister -  Insert 0: insert into CARD (address, amount, CARD_NUMBER, OWNER_NAME, CARD_ID) values (?, ?, ?, ?, ?)
DEBUG AbstractEntityPersister -  Update 0: update CARD set address=?, amount=?, CARD_NUMBER=?, OWNER_NAME=? where CARD_ID=?
DEBUG AbstractEntityPersister -  Delete 0: delete from CARD where CARD_ID=?
DEBUG AbstractEntityPersister -  Identity insert: insert into CARD (CARD_ID, address, amount, CARD_NUMBER, OWNER_NAME) values (default, ?, ?, ?, ?)
DEBUG AbstractEntityPersister - Static SQL for entity: com.expeditors.training.course3demo.model.Container
DEBUG AbstractEntityPersister -  Version select: select CONTAINER_ID from Container where CONTAINER_ID =?
DEBUG AbstractEntityPersister -  Snapshot select: select container_.CONTAINER_ID, container_.capacity as capacity2_2_, container_.destination as destinat3_2_, container_.location as location4_2_, container_.name as name5_2_, container_.status as status6_2_ from Container container_ where container_.CONTAINER_ID=?
DEBUG AbstractEntityPersister -  Insert 0: insert into Container (capacity, destination, location, name, status, CONTAINER_ID) values (?, ?, ?, ?, ?, ?)
DEBUG AbstractEntityPersister -  Update 0: update Container set capacity=?, destination=?, location=?, name=?, status=? where CONTAINER_ID=?
DEBUG AbstractEntityPersister -  Delete 0: delete from Container where CONTAINER_ID=?
DEBUG AbstractEntityPersister -  Identity insert: insert into Container (CONTAINER_ID, capacity, destination, location, name, status) values (default, ?, ?, ?, ?, ?)
DEBUG AbstractEntityPersister - Static SQL for entity: com.expeditors.training.course3demo.model.UserRole
DEBUG AbstractEntityPersister -  Version select: select ROLE_ID from USERROLE where ROLE_ID =?
DEBUG AbstractEntityPersister -  Snapshot select: select userrole_.ROLE_ID, userrole_.ROLE_NAME as ROLE2_7_, userrole_.ROLE_OWNER as ROLE3_7_ from USERROLE userrole_ where userrole_.ROLE_ID=?
DEBUG AbstractEntityPersister -  Insert 0: insert into USERROLE (ROLE_NAME, ROLE_OWNER, ROLE_ID) values (?, ?, ?)
DEBUG AbstractEntityPersister -  Update 0: update USERROLE set ROLE_NAME=?, ROLE_OWNER=? where ROLE_ID=?
DEBUG AbstractEntityPersister -  Delete 0: delete from USERROLE where ROLE_ID=?
DEBUG AbstractEntityPersister -  Identity insert: insert into USERROLE (ROLE_ID, ROLE_NAME, ROLE_OWNER) values (default, ?, ?)
DEBUG AbstractEntityPersister - Static SQL for entity: com.expeditors.training.course3demo.model.Address
DEBUG AbstractEntityPersister -  Version select: select ADDRESS_ID from ADDRESS where ADDRESS_ID =?
DEBUG AbstractEntityPersister -  Snapshot select: select address_.ADDRESS_ID, address_.city as city2_0_, address_.state as state3_0_, address_.street as street4_0_ from ADDRESS address_ where address_.ADDRESS_ID=?
DEBUG AbstractEntityPersister -  Insert 0: insert into ADDRESS (city, state, street, ADDRESS_ID) values (?, ?, ?, ?)
DEBUG AbstractEntityPersister -  Update 0: update ADDRESS set city=?, state=?, street=? where ADDRESS_ID=?
DEBUG AbstractEntityPersister -  Delete 0: delete from ADDRESS where ADDRESS_ID=?
DEBUG AbstractEntityPersister -  Identity insert: insert into ADDRESS (ADDRESS_ID, city, state, street) values (default, ?, ?, ?)
DEBUG AbstractEntityPersister - Static SQL for entity: com.expeditors.training.course3demo.model.UserAccount
DEBUG AbstractEntityPersister -  Version select: select USER_ID from USERACCOUNT where USER_ID =?
DEBUG AbstractEntityPersister -  Snapshot select: select useraccoun_.USER_ID, useraccoun_.enabled as enabled2_6_, useraccoun_.password as password3_6_, useraccoun_.username as username4_6_ from USERACCOUNT useraccoun_ where useraccoun_.USER_ID=?
DEBUG AbstractEntityPersister -  Insert 0: insert into USERACCOUNT (enabled, password, username, USER_ID) values (?, ?, ?, ?)
DEBUG AbstractEntityPersister -  Update 0: update USERACCOUNT set enabled=?, password=?, username=? where USER_ID=?
DEBUG AbstractEntityPersister -  Delete 0: delete from USERACCOUNT where USER_ID=?
DEBUG AbstractEntityPersister -  Identity insert: insert into USERACCOUNT (USER_ID, enabled, password, username) values (default, ?, ?, ?)
DEBUG AbstractEntityPersister - Static SQL for entity: com.expeditors.training.course3demo.model.Product
DEBUG AbstractEntityPersister -  Version select: select PRODUCT_ID from PRODUCT where PRODUCT_ID =?
DEBUG AbstractEntityPersister -  Snapshot select: select product_.PRODUCT_ID, product_.description as descript2_4_, product_.name as name3_4_, product_.price as price4_4_ from PRODUCT product_ where product_.PRODUCT_ID=?
DEBUG AbstractEntityPersister -  Insert 0: insert into PRODUCT (description, name, price, PRODUCT_ID) values (?, ?, ?, ?)
DEBUG AbstractEntityPersister -  Update 0: update PRODUCT set description=?, name=?, price=? where PRODUCT_ID=?
DEBUG AbstractEntityPersister -  Delete 0: delete from PRODUCT where PRODUCT_ID=?
DEBUG AbstractEntityPersister -  Identity insert: insert into PRODUCT (PRODUCT_ID, description, name, price) values (default, ?, ?, ?)
DEBUG AbstractCollectionPersister - Static SQL for collection: com.expeditors.training.course3demo.model.Card.phoneNumbers
DEBUG AbstractCollectionPersister -  Row insert: update PHONE_NUMBER set CARD_ID=?, index=? where PHONE_NUMBER_ID=?
DEBUG AbstractCollectionPersister -  Row update: update PHONE_NUMBER set index=? where PHONE_NUMBER_ID=?
DEBUG AbstractCollectionPersister -  Row delete: update PHONE_NUMBER set CARD_ID=null, index=null where CARD_ID=? and PHONE_NUMBER_ID=?
DEBUG AbstractCollectionPersister -  One-shot delete: update PHONE_NUMBER set CARD_ID=null, index=null where CARD_ID=?
DEBUG AbstractCollectionPersister - Static SQL for collection: com.expeditors.training.course3demo.model.UserAccount.userRoles
DEBUG AbstractCollectionPersister -  Row insert: update USERROLE set ROLE_OWNER=? where ROLE_ID=?
DEBUG AbstractCollectionPersister -  Row update: update USERROLE set  where ROLE_ID=?
DEBUG AbstractCollectionPersister -  Row delete: update USERROLE set ROLE_OWNER=null where ROLE_OWNER=? and ROLE_ID=?
DEBUG AbstractCollectionPersister -  One-shot delete: update USERROLE set ROLE_OWNER=null where ROLE_OWNER=?
DEBUG Loader - Static select for entity com.expeditors.training.course3demo.model.PhoneNumber [NONE]: select phonenumbe0_.PHONE_NUMBER_ID as PHONE1_3_0_, phonenumbe0_.CARD_ID as CARD3_3_0_, phonenumbe0_.PHONE_NUMBER as PHONE2_3_0_ from PHONE_NUMBER phonenumbe0_ where phonenumbe0_.PHONE_NUMBER_ID=?
DEBUG Loader - Static select for entity com.expeditors.training.course3demo.model.PhoneNumber [READ]: select phonenumbe0_.PHONE_NUMBER_ID as PHONE1_3_0_, phonenumbe0_.CARD_ID as CARD3_3_0_, phonenumbe0_.PHONE_NUMBER as PHONE2_3_0_ from PHONE_NUMBER phonenumbe0_ where phonenumbe0_.PHONE_NUMBER_ID=?
DEBUG Loader - Static select for entity com.expeditors.training.course3demo.model.PhoneNumber [UPGRADE]: select phonenumbe0_.PHONE_NUMBER_ID as PHONE1_3_0_, phonenumbe0_.CARD_ID as CARD3_3_0_, phonenumbe0_.PHONE_NUMBER as PHONE2_3_0_ from PHONE_NUMBER phonenumbe0_ where phonenumbe0_.PHONE_NUMBER_ID=?
DEBUG Loader - Static select for entity com.expeditors.training.course3demo.model.PhoneNumber [UPGRADE_NOWAIT]: select phonenumbe0_.PHONE_NUMBER_ID as PHONE1_3_0_, phonenumbe0_.CARD_ID as CARD3_3_0_, phonenumbe0_.PHONE_NUMBER as PHONE2_3_0_ from PHONE_NUMBER phonenumbe0_ where phonenumbe0_.PHONE_NUMBER_ID=?
DEBUG Loader - Static select for entity com.expeditors.training.course3demo.model.PhoneNumber [FORCE]: select phonenumbe0_.PHONE_NUMBER_ID as PHONE1_3_0_, phonenumbe0_.CARD_ID as CARD3_3_0_, phonenumbe0_.PHONE_NUMBER as PHONE2_3_0_ from PHONE_NUMBER phonenumbe0_ where phonenumbe0_.PHONE_NUMBER_ID=?
DEBUG Loader - Static select for entity com.expeditors.training.course3demo.model.PhoneNumber [PESSIMISTIC_READ]: select phonenumbe0_.PHONE_NUMBER_ID as PHONE1_3_0_, phonenumbe0_.CARD_ID as CARD3_3_0_, phonenumbe0_.PHONE_NUMBER as PHONE2_3_0_ from PHONE_NUMBER phonenumbe0_ where phonenumbe0_.PHONE_NUMBER_ID=?
DEBUG Loader - Static select for entity com.expeditors.training.course3demo.model.PhoneNumber [PESSIMISTIC_WRITE]: select phonenumbe0_.PHONE_NUMBER_ID as PHONE1_3_0_, phonenumbe0_.CARD_ID as CARD3_3_0_, phonenumbe0_.PHONE_NUMBER as PHONE2_3_0_ from PHONE_NUMBER phonenumbe0_ where phonenumbe0_.PHONE_NUMBER_ID=?
DEBUG Loader - Static select for entity com.expeditors.training.course3demo.model.PhoneNumber [PESSIMISTIC_FORCE_INCREMENT]: select phonenumbe0_.PHONE_NUMBER_ID as PHONE1_3_0_, phonenumbe0_.CARD_ID as CARD3_3_0_, phonenumbe0_.PHONE_NUMBER as PHONE2_3_0_ from PHONE_NUMBER phonenumbe0_ where phonenumbe0_.PHONE_NUMBER_ID=?
DEBUG Loader - Static select for entity com.expeditors.training.course3demo.model.PhoneNumber [OPTIMISTIC]: select phonenumbe0_.PHONE_NUMBER_ID as PHONE1_3_0_, phonenumbe0_.CARD_ID as CARD3_3_0_, phonenumbe0_.PHONE_NUMBER as PHONE2_3_0_ from PHONE_NUMBER phonenumbe0_ where phonenumbe0_.PHONE_NUMBER_ID=?
DEBUG Loader - Static select for entity com.expeditors.training.course3demo.model.PhoneNumber [OPTIMISTIC_FORCE_INCREMENT]: select phonenumbe0_.PHONE_NUMBER_ID as PHONE1_3_0_, phonenumbe0_.CARD_ID as CARD3_3_0_, phonenumbe0_.PHONE_NUMBER as PHONE2_3_0_ from PHONE_NUMBER phonenumbe0_ where phonenumbe0_.PHONE_NUMBER_ID=?
DEBUG Loader - Static select for action ACTION_MERGE on entity com.expeditors.training.course3demo.model.PhoneNumber: select phonenumbe0_.PHONE_NUMBER_ID as PHONE1_3_0_, phonenumbe0_.CARD_ID as CARD3_3_0_, phonenumbe0_.PHONE_NUMBER as PHONE2_3_0_ from PHONE_NUMBER phonenumbe0_ where phonenumbe0_.PHONE_NUMBER_ID=?
DEBUG Loader - Static select for action ACTION_REFRESH on entity com.expeditors.training.course3demo.model.PhoneNumber: select phonenumbe0_.PHONE_NUMBER_ID as PHONE1_3_0_, phonenumbe0_.CARD_ID as CARD3_3_0_, phonenumbe0_.PHONE_NUMBER as PHONE2_3_0_ from PHONE_NUMBER phonenumbe0_ where phonenumbe0_.PHONE_NUMBER_ID=?
DEBUG Loader - Static select for entity com.expeditors.training.course3demo.model.Shipment [NONE]: select shipment0_.SHIPMENT_ID as SHIPMENT1_5_0_, shipment0_.destination as destinat2_5_0_, shipment0_.name as name3_5_0_, shipment0_.origin as origin4_5_0_, shipment0_.volume as volume5_5_0_ from Shipment shipment0_ where shipment0_.SHIPMENT_ID=?
DEBUG Loader - Static select for entity com.expeditors.training.course3demo.model.Shipment [READ]: select shipment0_.SHIPMENT_ID as SHIPMENT1_5_0_, shipment0_.destination as destinat2_5_0_, shipment0_.name as name3_5_0_, shipment0_.origin as origin4_5_0_, shipment0_.volume as volume5_5_0_ from Shipment shipment0_ where shipment0_.SHIPMENT_ID=?
DEBUG Loader - Static select for entity com.expeditors.training.course3demo.model.Shipment [UPGRADE]: select shipment0_.SHIPMENT_ID as SHIPMENT1_5_0_, shipment0_.destination as destinat2_5_0_, shipment0_.name as name3_5_0_, shipment0_.origin as origin4_5_0_, shipment0_.volume as volume5_5_0_ from Shipment shipment0_ where shipment0_.SHIPMENT_ID=?
DEBUG Loader - Static select for entity com.expeditors.training.course3demo.model.Shipment [UPGRADE_NOWAIT]: select shipment0_.SHIPMENT_ID as SHIPMENT1_5_0_, shipment0_.destination as destinat2_5_0_, shipment0_.name as name3_5_0_, shipment0_.origin as origin4_5_0_, shipment0_.volume as volume5_5_0_ from Shipment shipment0_ where shipment0_.SHIPMENT_ID=?
DEBUG Loader - Static select for entity com.expeditors.training.course3demo.model.Shipment [FORCE]: select shipment0_.SHIPMENT_ID as SHIPMENT1_5_0_, shipment0_.destination as destinat2_5_0_, shipment0_.name as name3_5_0_, shipment0_.origin as origin4_5_0_, shipment0_.volume as volume5_5_0_ from Shipment shipment0_ where shipment0_.SHIPMENT_ID=?
DEBUG Loader - Static select for entity com.expeditors.training.course3demo.model.Shipment [PESSIMISTIC_READ]: select shipment0_.SHIPMENT_ID as SHIPMENT1_5_0_, shipment0_.destination as destinat2_5_0_, shipment0_.name as name3_5_0_, shipment0_.origin as origin4_5_0_, shipment0_.volume as volume5_5_0_ from Shipment shipment0_ where shipment0_.SHIPMENT_ID=?
DEBUG Loader - Static select for entity com.expeditors.training.course3demo.model.Shipment [PESSIMISTIC_WRITE]: select shipment0_.SHIPMENT_ID as SHIPMENT1_5_0_, shipment0_.destination as destinat2_5_0_, shipment0_.name as name3_5_0_, shipment0_.origin as origin4_5_0_, shipment0_.volume as volume5_5_0_ from Shipment shipment0_ where shipment0_.SHIPMENT_ID=?
DEBUG Loader - Static select for entity com.expeditors.training.course3demo.model.Shipment [PESSIMISTIC_FORCE_INCREMENT]: select shipment0_.SHIPMENT_ID as SHIPMENT1_5_0_, shipment0_.destination as destinat2_5_0_, shipment0_.name as name3_5_0_, shipment0_.origin as origin4_5_0_, shipment0_.volume as volume5_5_0_ from Shipment shipment0_ where shipment0_.SHIPMENT_ID=?
DEBUG Loader - Static select for entity com.expeditors.training.course3demo.model.Shipment [OPTIMISTIC]: select shipment0_.SHIPMENT_ID as SHIPMENT1_5_0_, shipment0_.destination as destinat2_5_0_, shipment0_.name as name3_5_0_, shipment0_.origin as origin4_5_0_, shipment0_.volume as volume5_5_0_ from Shipment shipment0_ where shipment0_.SHIPMENT_ID=?
DEBUG Loader - Static select for entity com.expeditors.training.course3demo.model.Shipment [OPTIMISTIC_FORCE_INCREMENT]: select shipment0_.SHIPMENT_ID as SHIPMENT1_5_0_, shipment0_.destination as destinat2_5_0_, shipment0_.name as name3_5_0_, shipment0_.origin as origin4_5_0_, shipment0_.volume as volume5_5_0_ from Shipment shipment0_ where shipment0_.SHIPMENT_ID=?
DEBUG Loader - Static select for action ACTION_MERGE on entity com.expeditors.training.course3demo.model.Shipment: select shipment0_.SHIPMENT_ID as SHIPMENT1_5_0_, shipment0_.destination as destinat2_5_0_, shipment0_.name as name3_5_0_, shipment0_.origin as origin4_5_0_, shipment0_.volume as volume5_5_0_ from Shipment shipment0_ where shipment0_.SHIPMENT_ID=?
DEBUG Loader - Static select for action ACTION_REFRESH on entity com.expeditors.training.course3demo.model.Shipment: select shipment0_.SHIPMENT_ID as SHIPMENT1_5_0_, shipment0_.destination as destinat2_5_0_, shipment0_.name as name3_5_0_, shipment0_.origin as origin4_5_0_, shipment0_.volume as volume5_5_0_ from Shipment shipment0_ where shipment0_.SHIPMENT_ID=?
DEBUG Loader - Static select for entity com.expeditors.training.course3demo.model.Card [NONE]: select card0_.CARD_ID as CARD1_1_2_, card0_.address as address5_1_2_, card0_.amount as amount2_1_2_, card0_.CARD_NUMBER as CARD3_1_2_, card0_.OWNER_NAME as OWNER4_1_2_, address1_.ADDRESS_ID as ADDRESS1_0_0_, address1_.city as city2_0_0_, address1_.state as state3_0_0_, address1_.street as street4_0_0_, phonenumbe2_.CARD_ID as CARD3_1_4_, phonenumbe2_.PHONE_NUMBER_ID as PHONE1_3_4_, phonenumbe2_.index as index4_4_, phonenumbe2_.PHONE_NUMBER_ID as PHONE1_3_1_, phonenumbe2_.CARD_ID as CARD3_3_1_, phonenumbe2_.PHONE_NUMBER as PHONE2_3_1_ from CARD card0_ left outer join ADDRESS address1_ on card0_.address=address1_.ADDRESS_ID left outer join PHONE_NUMBER phonenumbe2_ on card0_.CARD_ID=phonenumbe2_.CARD_ID where card0_.CARD_ID=?
DEBUG Loader - Static select for entity com.expeditors.training.course3demo.model.Card [READ]: select card0_.CARD_ID as CARD1_1_2_, card0_.address as address5_1_2_, card0_.amount as amount2_1_2_, card0_.CARD_NUMBER as CARD3_1_2_, card0_.OWNER_NAME as OWNER4_1_2_, address1_.ADDRESS_ID as ADDRESS1_0_0_, address1_.city as city2_0_0_, address1_.state as state3_0_0_, address1_.street as street4_0_0_, phonenumbe2_.CARD_ID as CARD3_1_4_, phonenumbe2_.PHONE_NUMBER_ID as PHONE1_3_4_, phonenumbe2_.index as index4_4_, phonenumbe2_.PHONE_NUMBER_ID as PHONE1_3_1_, phonenumbe2_.CARD_ID as CARD3_3_1_, phonenumbe2_.PHONE_NUMBER as PHONE2_3_1_ from CARD card0_ left outer join ADDRESS address1_ on card0_.address=address1_.ADDRESS_ID left outer join PHONE_NUMBER phonenumbe2_ on card0_.CARD_ID=phonenumbe2_.CARD_ID where card0_.CARD_ID=?
DEBUG Loader - Static select for entity com.expeditors.training.course3demo.model.Card [UPGRADE]: select card0_.CARD_ID as CARD1_1_0_, card0_.address as address5_1_0_, card0_.amount as amount2_1_0_, card0_.CARD_NUMBER as CARD3_1_0_, card0_.OWNER_NAME as OWNER4_1_0_ from CARD card0_ where card0_.CARD_ID=?
DEBUG Loader - Static select for entity com.expeditors.training.course3demo.model.Card [UPGRADE_NOWAIT]: select card0_.CARD_ID as CARD1_1_0_, card0_.address as address5_1_0_, card0_.amount as amount2_1_0_, card0_.CARD_NUMBER as CARD3_1_0_, card0_.OWNER_NAME as OWNER4_1_0_ from CARD card0_ where card0_.CARD_ID=?
DEBUG Loader - Static select for entity com.expeditors.training.course3demo.model.Card [FORCE]: select card0_.CARD_ID as CARD1_1_0_, card0_.address as address5_1_0_, card0_.amount as amount2_1_0_, card0_.CARD_NUMBER as CARD3_1_0_, card0_.OWNER_NAME as OWNER4_1_0_ from CARD card0_ where card0_.CARD_ID=?
DEBUG Loader - Static select for entity com.expeditors.training.course3demo.model.Card [PESSIMISTIC_READ]: select card0_.CARD_ID as CARD1_1_0_, card0_.address as address5_1_0_, card0_.amount as amount2_1_0_, card0_.CARD_NUMBER as CARD3_1_0_, card0_.OWNER_NAME as OWNER4_1_0_ from CARD card0_ where card0_.CARD_ID=?
DEBUG Loader - Static select for entity com.expeditors.training.course3demo.model.Card [PESSIMISTIC_WRITE]: select card0_.CARD_ID as CARD1_1_0_, card0_.address as address5_1_0_, card0_.amount as amount2_1_0_, card0_.CARD_NUMBER as CARD3_1_0_, card0_.OWNER_NAME as OWNER4_1_0_ from CARD card0_ where card0_.CARD_ID=?
DEBUG Loader - Static select for entity com.expeditors.training.course3demo.model.Card [PESSIMISTIC_FORCE_INCREMENT]: select card0_.CARD_ID as CARD1_1_0_, card0_.address as address5_1_0_, card0_.amount as amount2_1_0_, card0_.CARD_NUMBER as CARD3_1_0_, card0_.OWNER_NAME as OWNER4_1_0_ from CARD card0_ where card0_.CARD_ID=?
DEBUG Loader - Static select for entity com.expeditors.training.course3demo.model.Card [OPTIMISTIC]: select card0_.CARD_ID as CARD1_1_0_, card0_.address as address5_1_0_, card0_.amount as amount2_1_0_, card0_.CARD_NUMBER as CARD3_1_0_, card0_.OWNER_NAME as OWNER4_1_0_ from CARD card0_ where card0_.CARD_ID=?
DEBUG Loader - Static select for entity com.expeditors.training.course3demo.model.Card [OPTIMISTIC_FORCE_INCREMENT]: select card0_.CARD_ID as CARD1_1_0_, card0_.address as address5_1_0_, card0_.amount as amount2_1_0_, card0_.CARD_NUMBER as CARD3_1_0_, card0_.OWNER_NAME as OWNER4_1_0_ from CARD card0_ where card0_.CARD_ID=?
DEBUG Loader - Static select for action ACTION_MERGE on entity com.expeditors.training.course3demo.model.Card: select card0_.CARD_ID as CARD1_1_2_, card0_.address as address5_1_2_, card0_.amount as amount2_1_2_, card0_.CARD_NUMBER as CARD3_1_2_, card0_.OWNER_NAME as OWNER4_1_2_, address1_.ADDRESS_ID as ADDRESS1_0_0_, address1_.city as city2_0_0_, address1_.state as state3_0_0_, address1_.street as street4_0_0_, phonenumbe2_.CARD_ID as CARD3_1_4_, phonenumbe2_.PHONE_NUMBER_ID as PHONE1_3_4_, phonenumbe2_.index as index4_4_, phonenumbe2_.PHONE_NUMBER_ID as PHONE1_3_1_, phonenumbe2_.CARD_ID as CARD3_3_1_, phonenumbe2_.PHONE_NUMBER as PHONE2_3_1_ from CARD card0_ left outer join ADDRESS address1_ on card0_.address=address1_.ADDRESS_ID left outer join PHONE_NUMBER phonenumbe2_ on card0_.CARD_ID=phonenumbe2_.CARD_ID where card0_.CARD_ID=?
DEBUG Loader - Static select for action ACTION_REFRESH on entity com.expeditors.training.course3demo.model.Card: select card0_.CARD_ID as CARD1_1_2_, card0_.address as address5_1_2_, card0_.amount as amount2_1_2_, card0_.CARD_NUMBER as CARD3_1_2_, card0_.OWNER_NAME as OWNER4_1_2_, address1_.ADDRESS_ID as ADDRESS1_0_0_, address1_.city as city2_0_0_, address1_.state as state3_0_0_, address1_.street as street4_0_0_, phonenumbe2_.CARD_ID as CARD3_1_4_, phonenumbe2_.PHONE_NUMBER_ID as PHONE1_3_4_, phonenumbe2_.index as index4_4_, phonenumbe2_.PHONE_NUMBER_ID as PHONE1_3_1_, phonenumbe2_.CARD_ID as CARD3_3_1_, phonenumbe2_.PHONE_NUMBER as PHONE2_3_1_ from CARD card0_ left outer join ADDRESS address1_ on card0_.address=address1_.ADDRESS_ID left outer join PHONE_NUMBER phonenumbe2_ on card0_.CARD_ID=phonenumbe2_.CARD_ID where card0_.CARD_ID=?
DEBUG Loader - Static select for entity com.expeditors.training.course3demo.model.Container [NONE]: select container0_.CONTAINER_ID as CONTAINE1_2_0_, container0_.capacity as capacity2_2_0_, container0_.destination as destinat3_2_0_, container0_.location as location4_2_0_, container0_.name as name5_2_0_, container0_.status as status6_2_0_ from Container container0_ where container0_.CONTAINER_ID=?
DEBUG Loader - Static select for entity com.expeditors.training.course3demo.model.Container [READ]: select container0_.CONTAINER_ID as CONTAINE1_2_0_, container0_.capacity as capacity2_2_0_, container0_.destination as destinat3_2_0_, container0_.location as location4_2_0_, container0_.name as name5_2_0_, container0_.status as status6_2_0_ from Container container0_ where container0_.CONTAINER_ID=?
DEBUG Loader - Static select for entity com.expeditors.training.course3demo.model.Container [UPGRADE]: select container0_.CONTAINER_ID as CONTAINE1_2_0_, container0_.capacity as capacity2_2_0_, container0_.destination as destinat3_2_0_, container0_.location as location4_2_0_, container0_.name as name5_2_0_, container0_.status as status6_2_0_ from Container container0_ where container0_.CONTAINER_ID=?
DEBUG Loader - Static select for entity com.expeditors.training.course3demo.model.Container [UPGRADE_NOWAIT]: select container0_.CONTAINER_ID as CONTAINE1_2_0_, container0_.capacity as capacity2_2_0_, container0_.destination as destinat3_2_0_, container0_.location as location4_2_0_, container0_.name as name5_2_0_, container0_.status as status6_2_0_ from Container container0_ where container0_.CONTAINER_ID=?
DEBUG Loader - Static select for entity com.expeditors.training.course3demo.model.Container [FORCE]: select container0_.CONTAINER_ID as CONTAINE1_2_0_, container0_.capacity as capacity2_2_0_, container0_.destination as destinat3_2_0_, container0_.location as location4_2_0_, container0_.name as name5_2_0_, container0_.status as status6_2_0_ from Container container0_ where container0_.CONTAINER_ID=?
DEBUG Loader - Static select for entity com.expeditors.training.course3demo.model.Container [PESSIMISTIC_READ]: select container0_.CONTAINER_ID as CONTAINE1_2_0_, container0_.capacity as capacity2_2_0_, container0_.destination as destinat3_2_0_, container0_.location as location4_2_0_, container0_.name as name5_2_0_, container0_.status as status6_2_0_ from Container container0_ where container0_.CONTAINER_ID=?
DEBUG Loader - Static select for entity com.expeditors.training.course3demo.model.Container [PESSIMISTIC_WRITE]: select container0_.CONTAINER_ID as CONTAINE1_2_0_, container0_.capacity as capacity2_2_0_, container0_.destination as destinat3_2_0_, container0_.location as location4_2_0_, container0_.name as name5_2_0_, container0_.status as status6_2_0_ from Container container0_ where container0_.CONTAINER_ID=?
DEBUG Loader - Static select for entity com.expeditors.training.course3demo.model.Container [PESSIMISTIC_FORCE_INCREMENT]: select container0_.CONTAINER_ID as CONTAINE1_2_0_, container0_.capacity as capacity2_2_0_, container0_.destination as destinat3_2_0_, container0_.location as location4_2_0_, container0_.name as name5_2_0_, container0_.status as status6_2_0_ from Container container0_ where container0_.CONTAINER_ID=?
DEBUG Loader - Static select for entity com.expeditors.training.course3demo.model.Container [OPTIMISTIC]: select container0_.CONTAINER_ID as CONTAINE1_2_0_, container0_.capacity as capacity2_2_0_, container0_.destination as destinat3_2_0_, container0_.location as location4_2_0_, container0_.name as name5_2_0_, container0_.status as status6_2_0_ from Container container0_ where container0_.CONTAINER_ID=?
DEBUG Loader - Static select for entity com.expeditors.training.course3demo.model.Container [OPTIMISTIC_FORCE_INCREMENT]: select container0_.CONTAINER_ID as CONTAINE1_2_0_, container0_.capacity as capacity2_2_0_, container0_.destination as destinat3_2_0_, container0_.location as location4_2_0_, container0_.name as name5_2_0_, container0_.status as status6_2_0_ from Container container0_ where container0_.CONTAINER_ID=?
DEBUG Loader - Static select for action ACTION_MERGE on entity com.expeditors.training.course3demo.model.Container: select container0_.CONTAINER_ID as CONTAINE1_2_0_, container0_.capacity as capacity2_2_0_, container0_.destination as destinat3_2_0_, container0_.location as location4_2_0_, container0_.name as name5_2_0_, container0_.status as status6_2_0_ from Container container0_ where container0_.CONTAINER_ID=?
DEBUG Loader - Static select for action ACTION_REFRESH on entity com.expeditors.training.course3demo.model.Container: select container0_.CONTAINER_ID as CONTAINE1_2_0_, container0_.capacity as capacity2_2_0_, container0_.destination as destinat3_2_0_, container0_.location as location4_2_0_, container0_.name as name5_2_0_, container0_.status as status6_2_0_ from Container container0_ where container0_.CONTAINER_ID=?
DEBUG Loader - Static select for entity com.expeditors.training.course3demo.model.UserRole [NONE]: select userrole0_.ROLE_ID as ROLE1_7_0_, userrole0_.ROLE_NAME as ROLE2_7_0_, userrole0_.ROLE_OWNER as ROLE3_7_0_ from USERROLE userrole0_ where userrole0_.ROLE_ID=?
DEBUG Loader - Static select for entity com.expeditors.training.course3demo.model.UserRole [READ]: select userrole0_.ROLE_ID as ROLE1_7_0_, userrole0_.ROLE_NAME as ROLE2_7_0_, userrole0_.ROLE_OWNER as ROLE3_7_0_ from USERROLE userrole0_ where userrole0_.ROLE_ID=?
DEBUG Loader - Static select for entity com.expeditors.training.course3demo.model.UserRole [UPGRADE]: select userrole0_.ROLE_ID as ROLE1_7_0_, userrole0_.ROLE_NAME as ROLE2_7_0_, userrole0_.ROLE_OWNER as ROLE3_7_0_ from USERROLE userrole0_ where userrole0_.ROLE_ID=?
DEBUG Loader - Static select for entity com.expeditors.training.course3demo.model.UserRole [UPGRADE_NOWAIT]: select userrole0_.ROLE_ID as ROLE1_7_0_, userrole0_.ROLE_NAME as ROLE2_7_0_, userrole0_.ROLE_OWNER as ROLE3_7_0_ from USERROLE userrole0_ where userrole0_.ROLE_ID=?
DEBUG Loader - Static select for entity com.expeditors.training.course3demo.model.UserRole [FORCE]: select userrole0_.ROLE_ID as ROLE1_7_0_, userrole0_.ROLE_NAME as ROLE2_7_0_, userrole0_.ROLE_OWNER as ROLE3_7_0_ from USERROLE userrole0_ where userrole0_.ROLE_ID=?
DEBUG Loader - Static select for entity com.expeditors.training.course3demo.model.UserRole [PESSIMISTIC_READ]: select userrole0_.ROLE_ID as ROLE1_7_0_, userrole0_.ROLE_NAME as ROLE2_7_0_, userrole0_.ROLE_OWNER as ROLE3_7_0_ from USERROLE userrole0_ where userrole0_.ROLE_ID=?
DEBUG Loader - Static select for entity com.expeditors.training.course3demo.model.UserRole [PESSIMISTIC_WRITE]: select userrole0_.ROLE_ID as ROLE1_7_0_, userrole0_.ROLE_NAME as ROLE2_7_0_, userrole0_.ROLE_OWNER as ROLE3_7_0_ from USERROLE userrole0_ where userrole0_.ROLE_ID=?
DEBUG Loader - Static select for entity com.expeditors.training.course3demo.model.UserRole [PESSIMISTIC_FORCE_INCREMENT]: select userrole0_.ROLE_ID as ROLE1_7_0_, userrole0_.ROLE_NAME as ROLE2_7_0_, userrole0_.ROLE_OWNER as ROLE3_7_0_ from USERROLE userrole0_ where userrole0_.ROLE_ID=?
DEBUG Loader - Static select for entity com.expeditors.training.course3demo.model.UserRole [OPTIMISTIC]: select userrole0_.ROLE_ID as ROLE1_7_0_, userrole0_.ROLE_NAME as ROLE2_7_0_, userrole0_.ROLE_OWNER as ROLE3_7_0_ from USERROLE userrole0_ where userrole0_.ROLE_ID=?
DEBUG Loader - Static select for entity com.expeditors.training.course3demo.model.UserRole [OPTIMISTIC_FORCE_INCREMENT]: select userrole0_.ROLE_ID as ROLE1_7_0_, userrole0_.ROLE_NAME as ROLE2_7_0_, userrole0_.ROLE_OWNER as ROLE3_7_0_ from USERROLE userrole0_ where userrole0_.ROLE_ID=?
DEBUG Loader - Static select for action ACTION_MERGE on entity com.expeditors.training.course3demo.model.UserRole: select userrole0_.ROLE_ID as ROLE1_7_0_, userrole0_.ROLE_NAME as ROLE2_7_0_, userrole0_.ROLE_OWNER as ROLE3_7_0_ from USERROLE userrole0_ where userrole0_.ROLE_ID=?
DEBUG Loader - Static select for action ACTION_REFRESH on entity com.expeditors.training.course3demo.model.UserRole: select userrole0_.ROLE_ID as ROLE1_7_0_, userrole0_.ROLE_NAME as ROLE2_7_0_, userrole0_.ROLE_OWNER as ROLE3_7_0_ from USERROLE userrole0_ where userrole0_.ROLE_ID=?
DEBUG Loader - Static select for entity com.expeditors.training.course3demo.model.Address [NONE]: select address0_.ADDRESS_ID as ADDRESS1_0_0_, address0_.city as city2_0_0_, address0_.state as state3_0_0_, address0_.street as street4_0_0_ from ADDRESS address0_ where address0_.ADDRESS_ID=?
DEBUG Loader - Static select for entity com.expeditors.training.course3demo.model.Address [READ]: select address0_.ADDRESS_ID as ADDRESS1_0_0_, address0_.city as city2_0_0_, address0_.state as state3_0_0_, address0_.street as street4_0_0_ from ADDRESS address0_ where address0_.ADDRESS_ID=?
DEBUG Loader - Static select for entity com.expeditors.training.course3demo.model.Address [UPGRADE]: select address0_.ADDRESS_ID as ADDRESS1_0_0_, address0_.city as city2_0_0_, address0_.state as state3_0_0_, address0_.street as street4_0_0_ from ADDRESS address0_ where address0_.ADDRESS_ID=?
DEBUG Loader - Static select for entity com.expeditors.training.course3demo.model.Address [UPGRADE_NOWAIT]: select address0_.ADDRESS_ID as ADDRESS1_0_0_, address0_.city as city2_0_0_, address0_.state as state3_0_0_, address0_.street as street4_0_0_ from ADDRESS address0_ where address0_.ADDRESS_ID=?
DEBUG Loader - Static select for entity com.expeditors.training.course3demo.model.Address [FORCE]: select address0_.ADDRESS_ID as ADDRESS1_0_0_, address0_.city as city2_0_0_, address0_.state as state3_0_0_, address0_.street as street4_0_0_ from ADDRESS address0_ where address0_.ADDRESS_ID=?
DEBUG Loader - Static select for entity com.expeditors.training.course3demo.model.Address [PESSIMISTIC_READ]: select address0_.ADDRESS_ID as ADDRESS1_0_0_, address0_.city as city2_0_0_, address0_.state as state3_0_0_, address0_.street as street4_0_0_ from ADDRESS address0_ where address0_.ADDRESS_ID=?
DEBUG Loader - Static select for entity com.expeditors.training.course3demo.model.Address [PESSIMISTIC_WRITE]: select address0_.ADDRESS_ID as ADDRESS1_0_0_, address0_.city as city2_0_0_, address0_.state as state3_0_0_, address0_.street as street4_0_0_ from ADDRESS address0_ where address0_.ADDRESS_ID=?
DEBUG Loader - Static select for entity com.expeditors.training.course3demo.model.Address [PESSIMISTIC_FORCE_INCREMENT]: select address0_.ADDRESS_ID as ADDRESS1_0_0_, address0_.city as city2_0_0_, address0_.state as state3_0_0_, address0_.street as street4_0_0_ from ADDRESS address0_ where address0_.ADDRESS_ID=?
DEBUG Loader - Static select for entity com.expeditors.training.course3demo.model.Address [OPTIMISTIC]: select address0_.ADDRESS_ID as ADDRESS1_0_0_, address0_.city as city2_0_0_, address0_.state as state3_0_0_, address0_.street as street4_0_0_ from ADDRESS address0_ where address0_.ADDRESS_ID=?
DEBUG Loader - Static select for entity com.expeditors.training.course3demo.model.Address [OPTIMISTIC_FORCE_INCREMENT]: select address0_.ADDRESS_ID as ADDRESS1_0_0_, address0_.city as city2_0_0_, address0_.state as state3_0_0_, address0_.street as street4_0_0_ from ADDRESS address0_ where address0_.ADDRESS_ID=?
DEBUG Loader - Static select for action ACTION_MERGE on entity com.expeditors.training.course3demo.model.Address: select address0_.ADDRESS_ID as ADDRESS1_0_0_, address0_.city as city2_0_0_, address0_.state as state3_0_0_, address0_.street as street4_0_0_ from ADDRESS address0_ where address0_.ADDRESS_ID=?
DEBUG Loader - Static select for action ACTION_REFRESH on entity com.expeditors.training.course3demo.model.Address: select address0_.ADDRESS_ID as ADDRESS1_0_0_, address0_.city as city2_0_0_, address0_.state as state3_0_0_, address0_.street as street4_0_0_ from ADDRESS address0_ where address0_.ADDRESS_ID=?
DEBUG Loader - Static select for entity com.expeditors.training.course3demo.model.UserAccount [NONE]: select useraccoun0_.USER_ID as USER1_6_1_, useraccoun0_.enabled as enabled2_6_1_, useraccoun0_.password as password3_6_1_, useraccoun0_.username as username4_6_1_, userroles1_.ROLE_OWNER as ROLE3_6_3_, userroles1_.ROLE_ID as ROLE1_7_3_, userroles1_.ROLE_ID as ROLE1_7_0_, userroles1_.ROLE_NAME as ROLE2_7_0_, userroles1_.ROLE_OWNER as ROLE3_7_0_ from USERACCOUNT useraccoun0_ left outer join USERROLE userroles1_ on useraccoun0_.USER_ID=userroles1_.ROLE_OWNER where useraccoun0_.USER_ID=?
DEBUG Loader - Static select for entity com.expeditors.training.course3demo.model.UserAccount [READ]: select useraccoun0_.USER_ID as USER1_6_1_, useraccoun0_.enabled as enabled2_6_1_, useraccoun0_.password as password3_6_1_, useraccoun0_.username as username4_6_1_, userroles1_.ROLE_OWNER as ROLE3_6_3_, userroles1_.ROLE_ID as ROLE1_7_3_, userroles1_.ROLE_ID as ROLE1_7_0_, userroles1_.ROLE_NAME as ROLE2_7_0_, userroles1_.ROLE_OWNER as ROLE3_7_0_ from USERACCOUNT useraccoun0_ left outer join USERROLE userroles1_ on useraccoun0_.USER_ID=userroles1_.ROLE_OWNER where useraccoun0_.USER_ID=?
DEBUG Loader - Static select for entity com.expeditors.training.course3demo.model.UserAccount [UPGRADE]: select useraccoun0_.USER_ID as USER1_6_0_, useraccoun0_.enabled as enabled2_6_0_, useraccoun0_.password as password3_6_0_, useraccoun0_.username as username4_6_0_ from USERACCOUNT useraccoun0_ where useraccoun0_.USER_ID=?
DEBUG Loader - Static select for entity com.expeditors.training.course3demo.model.UserAccount [UPGRADE_NOWAIT]: select useraccoun0_.USER_ID as USER1_6_0_, useraccoun0_.enabled as enabled2_6_0_, useraccoun0_.password as password3_6_0_, useraccoun0_.username as username4_6_0_ from USERACCOUNT useraccoun0_ where useraccoun0_.USER_ID=?
DEBUG Loader - Static select for entity com.expeditors.training.course3demo.model.UserAccount [FORCE]: select useraccoun0_.USER_ID as USER1_6_0_, useraccoun0_.enabled as enabled2_6_0_, useraccoun0_.password as password3_6_0_, useraccoun0_.username as username4_6_0_ from USERACCOUNT useraccoun0_ where useraccoun0_.USER_ID=?
DEBUG Loader - Static select for entity com.expeditors.training.course3demo.model.UserAccount [PESSIMISTIC_READ]: select useraccoun0_.USER_ID as USER1_6_0_, useraccoun0_.enabled as enabled2_6_0_, useraccoun0_.password as password3_6_0_, useraccoun0_.username as username4_6_0_ from USERACCOUNT useraccoun0_ where useraccoun0_.USER_ID=?
DEBUG Loader - Static select for entity com.expeditors.training.course3demo.model.UserAccount [PESSIMISTIC_WRITE]: select useraccoun0_.USER_ID as USER1_6_0_, useraccoun0_.enabled as enabled2_6_0_, useraccoun0_.password as password3_6_0_, useraccoun0_.username as username4_6_0_ from USERACCOUNT useraccoun0_ where useraccoun0_.USER_ID=?
DEBUG Loader - Static select for entity com.expeditors.training.course3demo.model.UserAccount [PESSIMISTIC_FORCE_INCREMENT]: select useraccoun0_.USER_ID as USER1_6_0_, useraccoun0_.enabled as enabled2_6_0_, useraccoun0_.password as password3_6_0_, useraccoun0_.username as username4_6_0_ from USERACCOUNT useraccoun0_ where useraccoun0_.USER_ID=?
DEBUG Loader - Static select for entity com.expeditors.training.course3demo.model.UserAccount [OPTIMISTIC]: select useraccoun0_.USER_ID as USER1_6_0_, useraccoun0_.enabled as enabled2_6_0_, useraccoun0_.password as password3_6_0_, useraccoun0_.username as username4_6_0_ from USERACCOUNT useraccoun0_ where useraccoun0_.USER_ID=?
DEBUG Loader - Static select for entity com.expeditors.training.course3demo.model.UserAccount [OPTIMISTIC_FORCE_INCREMENT]: select useraccoun0_.USER_ID as USER1_6_0_, useraccoun0_.enabled as enabled2_6_0_, useraccoun0_.password as password3_6_0_, useraccoun0_.username as username4_6_0_ from USERACCOUNT useraccoun0_ where useraccoun0_.USER_ID=?
DEBUG Loader - Static select for action ACTION_MERGE on entity com.expeditors.training.course3demo.model.UserAccount: select useraccoun0_.USER_ID as USER1_6_1_, useraccoun0_.enabled as enabled2_6_1_, useraccoun0_.password as password3_6_1_, useraccoun0_.username as username4_6_1_, userroles1_.ROLE_OWNER as ROLE3_6_3_, userroles1_.ROLE_ID as ROLE1_7_3_, userroles1_.ROLE_ID as ROLE1_7_0_, userroles1_.ROLE_NAME as ROLE2_7_0_, userroles1_.ROLE_OWNER as ROLE3_7_0_ from USERACCOUNT useraccoun0_ left outer join USERROLE userroles1_ on useraccoun0_.USER_ID=userroles1_.ROLE_OWNER where useraccoun0_.USER_ID=?
DEBUG Loader - Static select for action ACTION_REFRESH on entity com.expeditors.training.course3demo.model.UserAccount: select useraccoun0_.USER_ID as USER1_6_1_, useraccoun0_.enabled as enabled2_6_1_, useraccoun0_.password as password3_6_1_, useraccoun0_.username as username4_6_1_, userroles1_.ROLE_OWNER as ROLE3_6_3_, userroles1_.ROLE_ID as ROLE1_7_3_, userroles1_.ROLE_ID as ROLE1_7_0_, userroles1_.ROLE_NAME as ROLE2_7_0_, userroles1_.ROLE_OWNER as ROLE3_7_0_ from USERACCOUNT useraccoun0_ left outer join USERROLE userroles1_ on useraccoun0_.USER_ID=userroles1_.ROLE_OWNER where useraccoun0_.USER_ID=?
DEBUG Loader - Static select for entity com.expeditors.training.course3demo.model.Product [NONE]: select product0_.PRODUCT_ID as PRODUCT1_4_0_, product0_.description as descript2_4_0_, product0_.name as name3_4_0_, product0_.price as price4_4_0_ from PRODUCT product0_ where product0_.PRODUCT_ID=?
DEBUG Loader - Static select for entity com.expeditors.training.course3demo.model.Product [READ]: select product0_.PRODUCT_ID as PRODUCT1_4_0_, product0_.description as descript2_4_0_, product0_.name as name3_4_0_, product0_.price as price4_4_0_ from PRODUCT product0_ where product0_.PRODUCT_ID=?
DEBUG Loader - Static select for entity com.expeditors.training.course3demo.model.Product [UPGRADE]: select product0_.PRODUCT_ID as PRODUCT1_4_0_, product0_.description as descript2_4_0_, product0_.name as name3_4_0_, product0_.price as price4_4_0_ from PRODUCT product0_ where product0_.PRODUCT_ID=?
DEBUG Loader - Static select for entity com.expeditors.training.course3demo.model.Product [UPGRADE_NOWAIT]: select product0_.PRODUCT_ID as PRODUCT1_4_0_, product0_.description as descript2_4_0_, product0_.name as name3_4_0_, product0_.price as price4_4_0_ from PRODUCT product0_ where product0_.PRODUCT_ID=?
DEBUG Loader - Static select for entity com.expeditors.training.course3demo.model.Product [FORCE]: select product0_.PRODUCT_ID as PRODUCT1_4_0_, product0_.description as descript2_4_0_, product0_.name as name3_4_0_, product0_.price as price4_4_0_ from PRODUCT product0_ where product0_.PRODUCT_ID=?
DEBUG Loader - Static select for entity com.expeditors.training.course3demo.model.Product [PESSIMISTIC_READ]: select product0_.PRODUCT_ID as PRODUCT1_4_0_, product0_.description as descript2_4_0_, product0_.name as name3_4_0_, product0_.price as price4_4_0_ from PRODUCT product0_ where product0_.PRODUCT_ID=?
DEBUG Loader - Static select for entity com.expeditors.training.course3demo.model.Product [PESSIMISTIC_WRITE]: select product0_.PRODUCT_ID as PRODUCT1_4_0_, product0_.description as descript2_4_0_, product0_.name as name3_4_0_, product0_.price as price4_4_0_ from PRODUCT product0_ where product0_.PRODUCT_ID=?
DEBUG Loader - Static select for entity com.expeditors.training.course3demo.model.Product [PESSIMISTIC_FORCE_INCREMENT]: select product0_.PRODUCT_ID as PRODUCT1_4_0_, product0_.description as descript2_4_0_, product0_.name as name3_4_0_, product0_.price as price4_4_0_ from PRODUCT product0_ where product0_.PRODUCT_ID=?
DEBUG Loader - Static select for entity com.expeditors.training.course3demo.model.Product [OPTIMISTIC]: select product0_.PRODUCT_ID as PRODUCT1_4_0_, product0_.description as descript2_4_0_, product0_.name as name3_4_0_, product0_.price as price4_4_0_ from PRODUCT product0_ where product0_.PRODUCT_ID=?
DEBUG Loader - Static select for entity com.expeditors.training.course3demo.model.Product [OPTIMISTIC_FORCE_INCREMENT]: select product0_.PRODUCT_ID as PRODUCT1_4_0_, product0_.description as descript2_4_0_, product0_.name as name3_4_0_, product0_.price as price4_4_0_ from PRODUCT product0_ where product0_.PRODUCT_ID=?
DEBUG Loader - Static select for action ACTION_MERGE on entity com.expeditors.training.course3demo.model.Product: select product0_.PRODUCT_ID as PRODUCT1_4_0_, product0_.description as descript2_4_0_, product0_.name as name3_4_0_, product0_.price as price4_4_0_ from PRODUCT product0_ where product0_.PRODUCT_ID=?
DEBUG Loader - Static select for action ACTION_REFRESH on entity com.expeditors.training.course3demo.model.Product: select product0_.PRODUCT_ID as PRODUCT1_4_0_, product0_.description as descript2_4_0_, product0_.name as name3_4_0_, product0_.price as price4_4_0_ from PRODUCT product0_ where product0_.PRODUCT_ID=?
DEBUG OneToManyLoader - Static select for one-to-many com.expeditors.training.course3demo.model.Card.phoneNumbers: select phonenumbe0_.CARD_ID as CARD3_1_1_, phonenumbe0_.PHONE_NUMBER_ID as PHONE1_3_1_, phonenumbe0_.index as index4_1_, phonenumbe0_.PHONE_NUMBER_ID as PHONE1_3_0_, phonenumbe0_.CARD_ID as CARD3_3_0_, phonenumbe0_.PHONE_NUMBER as PHONE2_3_0_ from PHONE_NUMBER phonenumbe0_ where phonenumbe0_.CARD_ID=?
DEBUG OneToManyLoader - Static select for one-to-many com.expeditors.training.course3demo.model.UserAccount.userRoles: select userroles0_.ROLE_OWNER as ROLE3_6_1_, userroles0_.ROLE_ID as ROLE1_7_1_, userroles0_.ROLE_ID as ROLE1_7_0_, userroles0_.ROLE_NAME as ROLE2_7_0_, userroles0_.ROLE_OWNER as ROLE3_7_0_ from USERROLE userroles0_ where userroles0_.ROLE_OWNER=?
DEBUG SessionFactoryRegistry - Registering SessionFactory: bf2f273a-9770-440d-962c-2f143a9468ee (&lt;unnamed&gt;)
DEBUG SessionFactoryRegistry - Not binding SessionFactory to JNDI, no JNDI name configured
DEBUG SessionFactoryImpl - Instantiated session factory
DEBUG Configuration - Processing hbm.xml files
DEBUG Configuration - Process annotated classes
DEBUG Configuration - Processing fk mappings (*ToOne and JoinedSubclass)
DEBUG Configuration - Processing extends queue
DEBUG Configuration - Processing extends queue
DEBUG Configuration - Processing collection mappings
DEBUG Configuration - Processing native query and ResultSetMapping mappings
DEBUG Configuration - Processing association property references
DEBUG Configuration - Creating tables&apos; unique integer identifiers
DEBUG Configuration - Processing foreign key constraints
DEBUG Configuration - Resolving reference to class: com.expeditors.training.course3demo.model.Address
DEBUG Configuration - Resolving reference to class: com.expeditors.training.course3demo.model.Card
DEBUG Configuration - Resolving reference to class: com.expeditors.training.course3demo.model.UserAccount
DEBUG DefaultIdentifierGeneratorFactory - Setting dialect [org.hibernate.dialect.HSQLDialect]
DEBUG DefaultIdentifierGeneratorFactory - Setting dialect [org.hibernate.dialect.HSQLDialect]
DEBUG DefaultIdentifierGeneratorFactory - Setting dialect [org.hibernate.dialect.HSQLDialect]
DEBUG DefaultIdentifierGeneratorFactory - Setting dialect [org.hibernate.dialect.HSQLDialect]
DEBUG DefaultIdentifierGeneratorFactory - Setting dialect [org.hibernate.dialect.HSQLDialect]
DEBUG DefaultIdentifierGeneratorFactory - Setting dialect [org.hibernate.dialect.HSQLDialect]
DEBUG DefaultIdentifierGeneratorFactory - Setting dialect [org.hibernate.dialect.HSQLDialect]
DEBUG DefaultIdentifierGeneratorFactory - Setting dialect [org.hibernate.dialect.HSQLDialect]
DEBUG Configuration - Processing hbm.xml files
DEBUG Configuration - Process annotated classes
DEBUG Configuration - Processing fk mappings (*ToOne and JoinedSubclass)
DEBUG Configuration - Processing extends queue
DEBUG Configuration - Processing extends queue
DEBUG Configuration - Processing collection mappings
DEBUG Configuration - Processing native query and ResultSetMapping mappings
DEBUG Configuration - Processing association property references
DEBUG Configuration - Creating tables&apos; unique integer identifiers
DEBUG Configuration - Processing foreign key constraints
DEBUG Configuration - Resolving reference to class: com.expeditors.training.course3demo.model.Address
DEBUG Configuration - Resolving reference to class: com.expeditors.training.course3demo.model.Card
DEBUG Configuration - Resolving reference to class: com.expeditors.training.course3demo.model.UserAccount
DEBUG DefaultIdentifierGeneratorFactory - Setting dialect [org.hibernate.dialect.HSQLDialect]
DEBUG DefaultIdentifierGeneratorFactory - Setting dialect [org.hibernate.dialect.HSQLDialect]
DEBUG DefaultIdentifierGeneratorFactory - Setting dialect [org.hibernate.dialect.HSQLDialect]
DEBUG DefaultIdentifierGeneratorFactory - Setting dialect [org.hibernate.dialect.HSQLDialect]
DEBUG DefaultIdentifierGeneratorFactory - Setting dialect [org.hibernate.dialect.HSQLDialect]
DEBUG DefaultIdentifierGeneratorFactory - Setting dialect [org.hibernate.dialect.HSQLDialect]
DEBUG DefaultIdentifierGeneratorFactory - Setting dialect [org.hibernate.dialect.HSQLDialect]
DEBUG DefaultIdentifierGeneratorFactory - Setting dialect [org.hibernate.dialect.HSQLDialect]
DEBUG DefaultIdentifierGeneratorFactory - Setting dialect [org.hibernate.dialect.HSQLDialect]
DEBUG DefaultIdentifierGeneratorFactory - Setting dialect [org.hibernate.dialect.HSQLDialect]
DEBUG DefaultIdentifierGeneratorFactory - Setting dialect [org.hibernate.dialect.HSQLDialect]
DEBUG DefaultIdentifierGeneratorFactory - Setting dialect [org.hibernate.dialect.HSQLDialect]
DEBUG DefaultIdentifierGeneratorFactory - Setting dialect [org.hibernate.dialect.HSQLDialect]
DEBUG DefaultIdentifierGeneratorFactory - Setting dialect [org.hibernate.dialect.HSQLDialect]
DEBUG DefaultIdentifierGeneratorFactory - Setting dialect [org.hibernate.dialect.HSQLDialect]
DEBUG DefaultIdentifierGeneratorFactory - Setting dialect [org.hibernate.dialect.HSQLDialect]
INFO  SchemaExport - HHH000227: Running hbm2ddl schema export
DEBUG SchemaExport - Import file not found: /import.sql
DEBUG DriverManagerDataSource - Creating new JDBC DriverManager Connection to [jdbc:hsqldb:mem:paging]
DEBUG SQL - alter table CARD drop constraint FK_c26d97bfc9f24c44b118db7bb2c
Hibernate: alter table CARD drop constraint FK_c26d97bfc9f24c44b118db7bb2c
ERROR SchemaExport - HHH000389: Unsuccessful: alter table CARD drop constraint FK_c26d97bfc9f24c44b118db7bb2c
ERROR SchemaExport - user lacks privilege or object not found: PUBLIC.CARD
DEBUG SQL - alter table PHONE_NUMBER drop constraint FK_be9dc2cd9bcf4202b471ef98e36
Hibernate: alter table PHONE_NUMBER drop constraint FK_be9dc2cd9bcf4202b471ef98e36
ERROR SchemaExport - HHH000389: Unsuccessful: alter table PHONE_NUMBER drop constraint FK_be9dc2cd9bcf4202b471ef98e36
ERROR SchemaExport - user lacks privilege or object not found: PUBLIC.PHONE_NUMBER
DEBUG SQL - alter table USERROLE drop constraint FK_6d70b8cb1adc497ebcf672c3576
Hibernate: alter table USERROLE drop constraint FK_6d70b8cb1adc497ebcf672c3576
ERROR SchemaExport - HHH000389: Unsuccessful: alter table USERROLE drop constraint FK_6d70b8cb1adc497ebcf672c3576
ERROR SchemaExport - user lacks privilege or object not found: PUBLIC.USERROLE
DEBUG SQL - drop table ADDRESS if exists
Hibernate: drop table ADDRESS if exists
DEBUG SQL - drop table CARD if exists
Hibernate: drop table CARD if exists
DEBUG SQL - drop table Container if exists
Hibernate: drop table Container if exists
DEBUG SQL - drop table PHONE_NUMBER if exists
Hibernate: drop table PHONE_NUMBER if exists
DEBUG SQL - drop table PRODUCT if exists
Hibernate: drop table PRODUCT if exists
DEBUG SQL - drop table Shipment if exists
Hibernate: drop table Shipment if exists
DEBUG SQL - drop table USERACCOUNT if exists
Hibernate: drop table USERACCOUNT if exists
DEBUG SQL - drop table USERROLE if exists
Hibernate: drop table USERROLE if exists
DEBUG SQL - create table ADDRESS (ADDRESS_ID bigint generated by default as identity (start with 1), city varchar(255) not null, state CHAR(2) not null, street varchar(255) not null, primary key (ADDRESS_ID))
Hibernate: create table ADDRESS (ADDRESS_ID bigint generated by default as identity (start with 1), city varchar(255) not null, state CHAR(2) not null, street varchar(255) not null, primary key (ADDRESS_ID))
DEBUG SQL - create table CARD (CARD_ID bigint generated by default as identity (start with 1), amount double, CARD_NUMBER char not null, OWNER_NAME varchar(255) not null, address bigint, primary key (CARD_ID))
Hibernate: create table CARD (CARD_ID bigint generated by default as identity (start with 1), amount double, CARD_NUMBER char not null, OWNER_NAME varchar(255) not null, address bigint, primary key (CARD_ID))
DEBUG SQL - create table Container (CONTAINER_ID bigint generated by default as identity (start with 1), capacity double not null check (capacity&gt;=0), destination varchar(255), location varchar(255), name varchar(40), status varchar(255), primary key (CONTAINER_ID))
Hibernate: create table Container (CONTAINER_ID bigint generated by default as identity (start with 1), capacity double not null check (capacity&gt;=0), destination varchar(255), location varchar(255), name varchar(40), status varchar(255), primary key (CONTAINER_ID))
DEBUG SQL - create table PHONE_NUMBER (PHONE_NUMBER_ID bigint generated by default as identity (start with 1), PHONE_NUMBER char not null, CARD_ID bigint not null, index integer, primary key (PHONE_NUMBER_ID))
Hibernate: create table PHONE_NUMBER (PHONE_NUMBER_ID bigint generated by default as identity (start with 1), PHONE_NUMBER char not null, CARD_ID bigint not null, index integer, primary key (PHONE_NUMBER_ID))
DEBUG SQL - create table PRODUCT (PRODUCT_ID bigint generated by default as identity (start with 1), description varchar(255), name varchar(255), price double, primary key (PRODUCT_ID))
Hibernate: create table PRODUCT (PRODUCT_ID bigint generated by default as identity (start with 1), description varchar(255), name varchar(255), price double, primary key (PRODUCT_ID))
DEBUG SQL - create table Shipment (SHIPMENT_ID bigint generated by default as identity (start with 1), destination varchar(255), name varchar(40), origin varchar(255), volume double not null check (volume&gt;=0), primary key (SHIPMENT_ID))
Hibernate: create table Shipment (SHIPMENT_ID bigint generated by default as identity (start with 1), destination varchar(255), name varchar(40), origin varchar(255), volume double not null check (volume&gt;=0), primary key (SHIPMENT_ID))
DEBUG SQL - create table USERACCOUNT (USER_ID bigint generated by default as identity (start with 1), enabled boolean, password varchar(50), username varchar(255), primary key (USER_ID))
Hibernate: create table USERACCOUNT (USER_ID bigint generated by default as identity (start with 1), enabled boolean, password varchar(50), username varchar(255), primary key (USER_ID))
DEBUG SQL - create table USERROLE (ROLE_ID bigint generated by default as identity (start with 1), ROLE_NAME varchar(40) not null, ROLE_OWNER bigint not null, primary key (ROLE_ID))
Hibernate: create table USERROLE (ROLE_ID bigint generated by default as identity (start with 1), ROLE_NAME varchar(40) not null, ROLE_OWNER bigint not null, primary key (ROLE_ID))
DEBUG SQL - alter table CARD add constraint FK_c26d97bfc9f24c44b118db7bb2c foreign key (address) references ADDRESS
Hibernate: alter table CARD add constraint FK_c26d97bfc9f24c44b118db7bb2c foreign key (address) references ADDRESS
DEBUG SQL - alter table PHONE_NUMBER add constraint FK_be9dc2cd9bcf4202b471ef98e36 foreign key (CARD_ID) references CARD
Hibernate: alter table PHONE_NUMBER add constraint FK_be9dc2cd9bcf4202b471ef98e36 foreign key (CARD_ID) references CARD
DEBUG SQL - alter table USERROLE add constraint FK_6d70b8cb1adc497ebcf672c3576 foreign key (ROLE_OWNER) references USERACCOUNT
Hibernate: alter table USERROLE add constraint FK_6d70b8cb1adc497ebcf672c3576 foreign key (ROLE_OWNER) references USERACCOUNT
INFO  SchemaExport - HHH000230: Schema export complete
DEBUG Configuration - Processing hbm.xml files
DEBUG Configuration - Process annotated classes
DEBUG Configuration - Processing fk mappings (*ToOne and JoinedSubclass)
DEBUG Configuration - Processing extends queue
DEBUG Configuration - Processing extends queue
DEBUG Configuration - Processing collection mappings
DEBUG Configuration - Processing native query and ResultSetMapping mappings
DEBUG Configuration - Processing association property references
DEBUG Configuration - Creating tables&apos; unique integer identifiers
DEBUG Configuration - Processing foreign key constraints
DEBUG Configuration - Resolving reference to class: com.expeditors.training.course3demo.model.Address
DEBUG Configuration - Resolving reference to class: com.expeditors.training.course3demo.model.Card
DEBUG Configuration - Resolving reference to class: com.expeditors.training.course3demo.model.UserAccount
DEBUG DefaultIdentifierGeneratorFactory - Setting dialect [org.hibernate.dialect.HSQLDialect]
DEBUG DefaultIdentifierGeneratorFactory - Setting dialect [org.hibernate.dialect.HSQLDialect]
DEBUG DefaultIdentifierGeneratorFactory - Setting dialect [org.hibernate.dialect.HSQLDialect]
DEBUG DefaultIdentifierGeneratorFactory - Setting dialect [org.hibernate.dialect.HSQLDialect]
DEBUG DefaultIdentifierGeneratorFactory - Setting dialect [org.hibernate.dialect.HSQLDialect]
DEBUG DefaultIdentifierGeneratorFactory - Setting dialect [org.hibernate.dialect.HSQLDialect]
DEBUG DefaultIdentifierGeneratorFactory - Setting dialect [org.hibernate.dialect.HSQLDialect]
DEBUG DefaultIdentifierGeneratorFactory - Setting dialect [org.hibernate.dialect.HSQLDialect]
DEBUG Configuration - Processing hbm.xml files
DEBUG Configuration - Process annotated classes
DEBUG Configuration - Processing fk mappings (*ToOne and JoinedSubclass)
DEBUG Configuration - Processing extends queue
DEBUG Configuration - Processing extends queue
DEBUG Configuration - Processing collection mappings
DEBUG Configuration - Processing native query and ResultSetMapping mappings
DEBUG Configuration - Processing association property references
DEBUG Configuration - Creating tables&apos; unique integer identifiers
DEBUG Configuration - Processing foreign key constraints
DEBUG Configuration - Resolving reference to class: com.expeditors.training.course3demo.model.Address
DEBUG Configuration - Resolving reference to class: com.expeditors.training.course3demo.model.Card
DEBUG Configuration - Resolving reference to class: com.expeditors.training.course3demo.model.UserAccount
DEBUG DefaultIdentifierGeneratorFactory - Setting dialect [org.hibernate.dialect.HSQLDialect]
DEBUG DefaultIdentifierGeneratorFactory - Setting dialect [org.hibernate.dialect.HSQLDialect]
DEBUG DefaultIdentifierGeneratorFactory - Setting dialect [org.hibernate.dialect.HSQLDialect]
DEBUG DefaultIdentifierGeneratorFactory - Setting dialect [org.hibernate.dialect.HSQLDialect]
DEBUG DefaultIdentifierGeneratorFactory - Setting dialect [org.hibernate.dialect.HSQLDialect]
DEBUG DefaultIdentifierGeneratorFactory - Setting dialect [org.hibernate.dialect.HSQLDialect]
DEBUG DefaultIdentifierGeneratorFactory - Setting dialect [org.hibernate.dialect.HSQLDialect]
DEBUG DefaultIdentifierGeneratorFactory - Setting dialect [org.hibernate.dialect.HSQLDialect]
DEBUG DefaultIdentifierGeneratorFactory - Setting dialect [org.hibernate.dialect.HSQLDialect]
DEBUG DefaultIdentifierGeneratorFactory - Setting dialect [org.hibernate.dialect.HSQLDialect]
DEBUG DefaultIdentifierGeneratorFactory - Setting dialect [org.hibernate.dialect.HSQLDialect]
DEBUG DefaultIdentifierGeneratorFactory - Setting dialect [org.hibernate.dialect.HSQLDialect]
DEBUG DefaultIdentifierGeneratorFactory - Setting dialect [org.hibernate.dialect.HSQLDialect]
DEBUG DefaultIdentifierGeneratorFactory - Setting dialect [org.hibernate.dialect.HSQLDialect]
DEBUG DefaultIdentifierGeneratorFactory - Setting dialect [org.hibernate.dialect.HSQLDialect]
DEBUG DefaultIdentifierGeneratorFactory - Setting dialect [org.hibernate.dialect.HSQLDialect]
DEBUG SessionFactoryImpl - Checking 0 named HQL queries
DEBUG SessionFactoryImpl - Checking 0 named SQL queries
DEBUG StatisticsInitiator - Statistics initialized [enabled=false]
DEBUG EntityManagerFactoryRegistry - Registering EntityManagerFactory: default 
DEBUG DefaultListableBeanFactory - Finished creating instance of bean &apos;entityManagerFactory&apos;
INFO  DefaultListableBeanFactory - Pre-instantiating singletons in org.springframework.beans.factory.support.DefaultListableBeanFactory@33b082c5: defining beans [org.springframework.context.annotation.internalConfigurationAnnotationProcessor,org.springframework.context.annotation.internalAutowiredAnnotationProcessor,org.springframework.context.annotation.internalRequiredAnnotationProcessor,org.springframework.context.annotation.internalCommonAnnotationProcessor,org.springframework.context.annotation.internalPersistenceAnnotationProcessor,testConfig,org.springframework.context.annotation.ConfigurationClassPostProcessor.importAwareProcessor,cardController,containerController,errorLoginController,homeController,productController,securityController,shipmentController,org.springframework.web.servlet.config.annotation.DelegatingWebMvcConfiguration,requestMappingHandlerMapping,mvcContentNegotiationManager,viewControllerHandlerMapping,beanNameHandlerMapping,resourceHandlerMapping,defaultServletHandlerMapping,requestMappingHandlerAdapter,mvcConversionService,httpRequestHandlerAdapter,simpleControllerHandlerAdapter,handlerExceptionResolver,mvcValidator,com.expeditors.training.course3demo.config.PersistenceJPATestConfig,entityManagerFactory,dataSource,containerService,shipmentService,productService,viewResolver]; root of factory hierarchy
DEBUG DefaultListableBeanFactory - Returning cached instance of singleton bean &apos;org.springframework.context.annotation.internalConfigurationAnnotationProcessor&apos;
DEBUG DefaultListableBeanFactory - Returning cached instance of singleton bean &apos;org.springframework.context.annotation.internalAutowiredAnnotationProcessor&apos;
DEBUG DefaultListableBeanFactory - Returning cached instance of singleton bean &apos;org.springframework.context.annotation.internalRequiredAnnotationProcessor&apos;
DEBUG DefaultListableBeanFactory - Returning cached instance of singleton bean &apos;org.springframework.context.annotation.internalCommonAnnotationProcessor&apos;
DEBUG DefaultListableBeanFactory - Returning cached instance of singleton bean &apos;org.springframework.context.annotation.internalPersistenceAnnotationProcessor&apos;
DEBUG DefaultListableBeanFactory - Creating shared instance of singleton bean &apos;testConfig&apos;
DEBUG DefaultListableBeanFactory - Creating instance of bean &apos;testConfig&apos;
DEBUG DefaultListableBeanFactory - Eagerly caching bean &apos;testConfig&apos; to allow for resolving potential circular references
DEBUG DefaultListableBeanFactory - Finished creating instance of bean &apos;testConfig&apos;
DEBUG DefaultListableBeanFactory - Returning cached instance of singleton bean &apos;org.springframework.context.annotation.ConfigurationClassPostProcessor.importAwareProcessor&apos;
DEBUG DefaultListableBeanFactory - Creating shared instance of singleton bean &apos;cardController&apos;
DEBUG DefaultListableBeanFactory - Creating instance of bean &apos;cardController&apos;
DEBUG InjectionMetadata - Registered injected element on class [com.expeditors.training.course3demo.controller.CardController]: AutowiredFieldElement for com.expeditors.training.course3demo.service.CardService com.expeditors.training.course3demo.controller.CardController.cardService
DEBUG DefaultListableBeanFactory - Eagerly caching bean &apos;cardController&apos; to allow for resolving potential circular references
DEBUG InjectionMetadata - Processing injected method of bean &apos;cardController&apos;: AutowiredFieldElement for com.expeditors.training.course3demo.service.CardService com.expeditors.training.course3demo.controller.CardController.cardService
INFO  DefaultListableBeanFactory - Destroying singletons in org.springframework.beans.factory.support.DefaultListableBeanFactory@33b082c5: defining beans [org.springframework.context.annotation.internalConfigurationAnnotationProcessor,org.springframework.context.annotation.internalAutowiredAnnotationProcessor,org.springframework.context.annotation.internalRequiredAnnotationProcessor,org.springframework.context.annotation.internalCommonAnnotationProcessor,org.springframework.context.annotation.internalPersistenceAnnotationProcessor,testConfig,org.springframework.context.annotation.ConfigurationClassPostProcessor.importAwareProcessor,cardController,containerController,errorLoginController,homeController,productController,securityController,shipmentController,org.springframework.web.servlet.config.annotation.DelegatingWebMvcConfiguration,requestMappingHandlerMapping,mvcContentNegotiationManager,viewControllerHandlerMapping,beanNameHandlerMapping,resourceHandlerMapping,defaultServletHandlerMapping,requestMappingHandlerAdapter,mvcConversionService,httpRequestHandlerAdapter,simpleControllerHandlerAdapter,handlerExceptionResolver,mvcValidator,com.expeditors.training.course3demo.config.PersistenceJPATestConfig,entityManagerFactory,dataSource,containerService,shipmentService,productService,viewResolver]; root of factory hierarchy
DEBUG DisposableBeanAdapter - Invoking destroy() on bean with name &apos;testConfig&apos;
DEBUG DisposableBeanAdapter - Invoking destroy() on bean with name &apos;entityManagerFactory&apos;
INFO  LocalContainerEntityManagerFactoryBean - Closing JPA EntityManagerFactory for persistence unit &apos;default&apos;
DEBUG SessionFactoryImpl - HHH000031: Closing
INFO  SchemaExport - HHH000227: Running hbm2ddl schema export
DEBUG SchemaExport - Import file not found: /import.sql
DEBUG DriverManagerDataSource - Creating new JDBC DriverManager Connection to [jdbc:hsqldb:mem:paging]
DEBUG SQL - alter table CARD drop constraint FK_c26d97bfc9f24c44b118db7bb2c
Hibernate: alter table CARD drop constraint FK_c26d97bfc9f24c44b118db7bb2c
DEBUG SQL - alter table PHONE_NUMBER drop constraint FK_be9dc2cd9bcf4202b471ef98e36
Hibernate: alter table PHONE_NUMBER drop constraint FK_be9dc2cd9bcf4202b471ef98e36
DEBUG SQL - alter table USERROLE drop constraint FK_6d70b8cb1adc497ebcf672c3576
Hibernate: alter table USERROLE drop constraint FK_6d70b8cb1adc497ebcf672c3576
DEBUG SQL - drop table ADDRESS if exists
Hibernate: drop table ADDRESS if exists
DEBUG SQL - drop table CARD if exists
Hibernate: drop table CARD if exists
DEBUG SQL - drop table Container if exists
Hibernate: drop table Container if exists
DEBUG SQL - drop table PHONE_NUMBER if exists
Hibernate: drop table PHONE_NUMBER if exists
DEBUG SQL - drop table PRODUCT if exists
Hibernate: drop table PRODUCT if exists
DEBUG SQL - drop table Shipment if exists
Hibernate: drop table Shipment if exists
DEBUG SQL - drop table USERACCOUNT if exists
Hibernate: drop table USERACCOUNT if exists
DEBUG SQL - drop table USERROLE if exists
Hibernate: drop table USERROLE if exists
INFO  SchemaExport - HHH000230: Schema export complete
DEBUG EntityManagerFactoryRegistry - Remove: name=default
DEBUG DisposableBeanAdapter - Invoking destroy() on bean with name &apos;com.expeditors.training.course3demo.config.PersistenceJPATestConfig&apos;
ERROR TestContextManager - Caught exception while allowing TestExecutionListener [org.springframework.test.context.web.ServletTestExecutionListener@5942ee04] to prepare test instance [com.expeditors.training.course3demo.controller.ContainerControllerTest@661c46bc]
java.lang.IllegalStateException: Failed to load ApplicationContext
	at org.springframework.test.context.CacheAwareContextLoaderDelegate.loadContext(CacheAwareContextLoaderDelegate.java:99) ~[spring-test-3.2.3.RELEASE.jar:3.2.3.RELEASE]
	at org.springframework.test.context.TestContext.getApplicationContext(TestContext.java:122) ~[spring-test-3.2.3.RELEASE.jar:3.2.3.RELEASE]
	at org.springframework.test.context.web.ServletTestExecutionListener.setUpRequestContextIfNecessary(ServletTestExecutionListener.java:105) ~[spring-test-3.2.3.RELEASE.jar:3.2.3.RELEASE]
	at org.springframework.test.context.web.ServletTestExecutionListener.prepareTestInstance(ServletTestExecutionListener.java:74) ~[spring-test-3.2.3.RELEASE.jar:3.2.3.RELEASE]
	at org.springframework.test.context.TestContextManager.prepareTestInstance(TestContextManager.java:312) ~[spring-test-3.2.3.RELEASE.jar:3.2.3.RELEASE]
	at org.springframework.test.context.junit4.SpringJUnit4ClassRunner.createTest(SpringJUnit4ClassRunner.java:211) [spring-test-3.2.3.RELEASE.jar:3.2.3.RELEASE]
	at org.springframework.test.context.junit4.SpringJUnit4ClassRunner$1.runReflectiveCall(SpringJUnit4ClassRunner.java:288) [spring-test-3.2.3.RELEASE.jar:3.2.3.RELEASE]
	at org.junit.internal.runners.model.ReflectiveCallable.run(ReflectiveCallable.java:12) [junit-4.11.jar:na]
	at org.springframework.test.context.junit4.SpringJUnit4ClassRunner.methodBlock(SpringJUnit4ClassRunner.java:284) [spring-test-3.2.3.RELEASE.jar:3.2.3.RELEASE]
	at org.springframework.test.context.junit4.SpringJUnit4ClassRunner.runChild(SpringJUnit4ClassRunner.java:231) [spring-test-3.2.3.RELEASE.jar:3.2.3.RELEASE]
	at org.springframework.test.context.junit4.SpringJUnit4ClassRunner.runChild(SpringJUnit4ClassRunner.java:88) [spring-test-3.2.3.RELEASE.jar:3.2.3.RELEASE]
	at org.junit.runners.ParentRunner$3.run(ParentRunner.java:238) [junit-4.11.jar:na]
	at org.junit.runners.ParentRunner$1.schedule(ParentRunner.java:63) [junit-4.11.jar:na]
	at org.junit.runners.ParentRunner.runChildren(ParentRunner.java:236) [junit-4.11.jar:na]
	at org.junit.runners.ParentRunner.access$000(ParentRunner.java:53) [junit-4.11.jar:na]
	at org.junit.runners.ParentRunner$2.evaluate(ParentRunner.java:229) [junit-4.11.jar:na]
	at org.springframework.test.context.junit4.statements.RunBeforeTestClassCallbacks.evaluate(RunBeforeTestClassCallbacks.java:61) [spring-test-3.2.3.RELEASE.jar:3.2.3.RELEASE]
	at org.springframework.test.context.junit4.statements.RunAfterTestClassCallbacks.evaluate(RunAfterTestClassCallbacks.java:71) [spring-test-3.2.3.RELEASE.jar:3.2.3.RELEASE]
	at org.junit.runners.ParentRunner.run(ParentRunner.java:309) [junit-4.11.jar:na]
	at org.springframework.test.context.junit4.SpringJUnit4ClassRunner.run(SpringJUnit4ClassRunner.java:174) [spring-test-3.2.3.RELEASE.jar:3.2.3.RELEASE]
	at org.apache.maven.surefire.junit4.JUnit4Provider.execute(JUnit4Provider.java:252) [surefire-junit4-2.12.4.jar:2.12.4]
	at org.apache.maven.surefire.junit4.JUnit4Provider.executeTestSet(JUnit4Provider.java:141) [surefire-junit4-2.12.4.jar:2.12.4]
	at org.apache.maven.surefire.junit4.JUnit4Provider.invoke(JUnit4Provider.java:112) [surefire-junit4-2.12.4.jar:2.12.4]
	at sun.reflect.NativeMethodAccessorImpl.invoke0(Native Method) ~[na:1.8.0_20]
	at sun.reflect.NativeMethodAccessorImpl.invoke(NativeMethodAccessorImpl.java:62) ~[na:1.8.0_20]
	at sun.reflect.DelegatingMethodAccessorImpl.invoke(DelegatingMethodAccessorImpl.java:43) ~[na:1.8.0_20]
	at java.lang.reflect.Method.invoke(Method.java:483) ~[na:1.8.0_20]
	at org.apache.maven.surefire.util.ReflectionUtils.invokeMethodWithArray(ReflectionUtils.java:189) [surefire-api-2.12.4.jar:2.12.4]
	at org.apache.maven.surefire.booter.ProviderFactory$ProviderProxy.invoke(ProviderFactory.java:165) [surefire-booter-2.12.4.jar:2.12.4]
	at org.apache.maven.surefire.booter.ProviderFactory.invokeProvider(ProviderFactory.java:85) [surefire-booter-2.12.4.jar:2.12.4]
	at org.apache.maven.surefire.booter.ForkedBooter.runSuitesInProcess(ForkedBooter.java:115) [surefire-booter-2.12.4.jar:2.12.4]
	at org.apache.maven.surefire.booter.ForkedBooter.main(ForkedBooter.java:75) [surefire-booter-2.12.4.jar:2.12.4]
Caused by: org.springframework.beans.factory.BeanCreationException: Error creating bean with name &apos;cardController&apos;: Injection of autowired dependencies failed; nested exception is org.springframework.beans.factory.BeanCreationException: Could not autowire field: com.expeditors.training.course3demo.service.CardService com.expeditors.training.course3demo.controller.CardController.cardService; nested exception is org.springframework.beans.factory.NoSuchBeanDefinitionException: No qualifying bean of type [com.expeditors.training.course3demo.service.CardService] found for dependency: expected at least 1 bean which qualifies as autowire candidate for this dependency. Dependency annotations: {@org.springframework.beans.factory.annotation.Autowired(required=true)}
	at org.springframework.beans.factory.annotation.AutowiredAnnotationBeanPostProcessor.postProcessPropertyValues(AutowiredAnnotationBeanPostProcessor.java:288) ~[spring-beans-3.2.3.RELEASE.jar:3.2.3.RELEASE]
	at org.springframework.beans.factory.support.AbstractAutowireCapableBeanFactory.populateBean(AbstractAutowireCapableBeanFactory.java:1116) ~[spring-beans-3.2.3.RELEASE.jar:3.2.3.RELEASE]
	at org.springframework.beans.factory.support.AbstractAutowireCapableBeanFactory.doCreateBean(AbstractAutowireCapableBeanFactory.java:519) ~[spring-beans-3.2.3.RELEASE.jar:3.2.3.RELEASE]
	at org.springframework.beans.factory.support.AbstractAutowireCapableBeanFactory.createBean(AbstractAutowireCapableBeanFactory.java:458) ~[spring-beans-3.2.3.RELEASE.jar:3.2.3.RELEASE]
	at org.springframework.beans.factory.support.AbstractBeanFactory$1.getObject(AbstractBeanFactory.java:295) ~[spring-beans-3.2.3.RELEASE.jar:3.2.3.RELEASE]
	at org.springframework.beans.factory.support.DefaultSingletonBeanRegistry.getSingleton(DefaultSingletonBeanRegistry.java:223) ~[spring-beans-3.2.3.RELEASE.jar:3.2.3.RELEASE]
	at org.springframework.beans.factory.support.AbstractBeanFactory.doGetBean(AbstractBeanFactory.java:292) ~[spring-beans-3.2.3.RELEASE.jar:3.2.3.RELEASE]
	at org.springframework.beans.factory.support.AbstractBeanFactory.getBean(AbstractBeanFactory.java:194) ~[spring-beans-3.2.3.RELEASE.jar:3.2.3.RELEASE]
	at org.springframework.beans.factory.support.DefaultListableBeanFactory.preInstantiateSingletons(DefaultListableBeanFactory.java:626) ~[spring-beans-3.2.3.RELEASE.jar:3.2.3.RELEASE]
	at org.springframework.context.support.AbstractApplicationContext.finishBeanFactoryInitialization(AbstractApplicationContext.java:932) ~[spring-context-3.2.3.RELEASE.jar:3.2.3.RELEASE]
	at org.springframework.context.support.AbstractApplicationContext.refresh(AbstractApplicationContext.java:479) ~[spring-context-3.2.3.RELEASE.jar:3.2.3.RELEASE]
	at org.springframework.test.context.web.AbstractGenericWebContextLoader.loadContext(AbstractGenericWebContextLoader.java:128) ~[spring-test-3.2.3.RELEASE.jar:3.2.3.RELEASE]
	at org.springframework.test.context.web.AbstractGenericWebContextLoader.loadContext(AbstractGenericWebContextLoader.java:60) ~[spring-test-3.2.3.RELEASE.jar:3.2.3.RELEASE]
	at org.springframework.test.context.support.AbstractDelegatingSmartContextLoader.delegateLoading(AbstractDelegatingSmartContextLoader.java:100) ~[spring-test-3.2.3.RELEASE.jar:3.2.3.RELEASE]
	at org.springframework.test.context.support.AbstractDelegatingSmartContextLoader.loadContext(AbstractDelegatingSmartContextLoader.java:248) ~[spring-test-3.2.3.RELEASE.jar:3.2.3.RELEASE]
	at org.springframework.test.context.CacheAwareContextLoaderDelegate.loadContextInternal(CacheAwareContextLoaderDelegate.java:64) ~[spring-test-3.2.3.RELEASE.jar:3.2.3.RELEASE]
	at org.springframework.test.context.CacheAwareContextLoaderDelegate.loadContext(CacheAwareContextLoaderDelegate.java:91) ~[spring-test-3.2.3.RELEASE.jar:3.2.3.RELEASE]
	... 31 common frames omitted
Caused by: org.springframework.beans.factory.BeanCreationException: Could not autowire field: com.expeditors.training.course3demo.service.CardService com.expeditors.training.course3demo.controller.CardController.cardService; nested exception is org.springframework.beans.factory.NoSuchBeanDefinitionException: No qualifying bean of type [com.expeditors.training.course3demo.service.CardService] found for dependency: expected at least 1 bean which qualifies as autowire candidate for this dependency. Dependency annotations: {@org.springframework.beans.factory.annotation.Autowired(required=true)}
	at org.springframework.beans.factory.annotation.AutowiredAnnotationBeanPostProcessor$AutowiredFieldElement.inject(AutowiredAnnotationBeanPostProcessor.java:514) ~[spring-beans-3.2.3.RELEASE.jar:3.2.3.RELEASE]
	at org.springframework.beans.factory.annotation.InjectionMetadata.inject(InjectionMetadata.java:87) ~[spring-beans-3.2.3.RELEASE.jar:3.2.3.RELEASE]
	at org.springframework.beans.factory.annotation.AutowiredAnnotationBeanPostProcessor.postProcessPropertyValues(AutowiredAnnotationBeanPostProcessor.java:285) ~[spring-beans-3.2.3.RELEASE.jar:3.2.3.RELEASE]
	... 47 common frames omitted
Caused by: org.springframework.beans.factory.NoSuchBeanDefinitionException: No qualifying bean of type [com.expeditors.training.course3demo.service.CardService] found for dependency: expected at least 1 bean which qualifies as autowire candidate for this dependency. Dependency annotations: {@org.springframework.beans.factory.annotation.Autowired(required=true)}
	at org.springframework.beans.factory.support.DefaultListableBeanFactory.raiseNoSuchBeanDefinitionException(DefaultListableBeanFactory.java:986) ~[spring-beans-3.2.3.RELEASE.jar:3.2.3.RELEASE]
	at org.springframework.beans.factory.support.DefaultListableBeanFactory.doResolveDependency(DefaultListableBeanFactory.java:856) ~[spring-beans-3.2.3.RELEASE.jar:3.2.3.RELEASE]
	at org.springframework.beans.factory.support.DefaultListableBeanFactory.resolveDependency(DefaultListableBeanFactory.java:768) ~[spring-beans-3.2.3.RELEASE.jar:3.2.3.RELEASE]
	at org.springframework.beans.factory.annotation.AutowiredAnnotationBeanPostProcessor$AutowiredFieldElement.inject(AutowiredAnnotationBeanPostProcessor.java:486) ~[spring-beans-3.2.3.RELEASE.jar:3.2.3.RELEASE]
	... 49 common frames omitted
</system-out>
  </testcase>
  <testcase classname="com.expeditors.training.course3demo.controller.ContainerControllerTest" name="testShowContainers" time="0.911">
    <error message="Failed to load ApplicationContext" type="java.lang.IllegalStateException">java.lang.IllegalStateException: Failed to load ApplicationContext
	at org.springframework.test.context.CacheAwareContextLoaderDelegate.loadContext(CacheAwareContextLoaderDelegate.java:99)
	at org.springframework.test.context.TestContext.getApplicationContext(TestContext.java:122)
	at org.springframework.test.context.web.ServletTestExecutionListener.setUpRequestContextIfNecessary(ServletTestExecutionListener.java:105)
	at org.springframework.test.context.web.ServletTestExecutionListener.prepareTestInstance(ServletTestExecutionListener.java:74)
	at org.springframework.test.context.TestContextManager.prepareTestInstance(TestContextManager.java:312)
	at org.springframework.test.context.junit4.SpringJUnit4ClassRunner.createTest(SpringJUnit4ClassRunner.java:211)
	at org.springframework.test.context.junit4.SpringJUnit4ClassRunner$1.runReflectiveCall(SpringJUnit4ClassRunner.java:288)
	at org.junit.internal.runners.model.ReflectiveCallable.run(ReflectiveCallable.java:12)
	at org.springframework.test.context.junit4.SpringJUnit4ClassRunner.methodBlock(SpringJUnit4ClassRunner.java:284)
	at org.springframework.test.context.junit4.SpringJUnit4ClassRunner.runChild(SpringJUnit4ClassRunner.java:231)
	at org.springframework.test.context.junit4.SpringJUnit4ClassRunner.runChild(SpringJUnit4ClassRunner.java:88)
	at org.junit.runners.ParentRunner$3.run(ParentRunner.java:238)
	at org.junit.runners.ParentRunner$1.schedule(ParentRunner.java:63)
	at org.junit.runners.ParentRunner.runChildren(ParentRunner.java:236)
	at org.junit.runners.ParentRunner.access$000(ParentRunner.java:53)
	at org.junit.runners.ParentRunner$2.evaluate(ParentRunner.java:229)
	at org.springframework.test.context.junit4.statements.RunBeforeTestClassCallbacks.evaluate(RunBeforeTestClassCallbacks.java:61)
	at org.springframework.test.context.junit4.statements.RunAfterTestClassCallbacks.evaluate(RunAfterTestClassCallbacks.java:71)
	at org.junit.runners.ParentRunner.run(ParentRunner.java:309)
	at org.springframework.test.context.junit4.SpringJUnit4ClassRunner.run(SpringJUnit4ClassRunner.java:174)
	at org.apache.maven.surefire.junit4.JUnit4Provider.execute(JUnit4Provider.java:252)
	at org.apache.maven.surefire.junit4.JUnit4Provider.executeTestSet(JUnit4Provider.java:141)
	at org.apache.maven.surefire.junit4.JUnit4Provider.invoke(JUnit4Provider.java:112)
	at sun.reflect.NativeMethodAccessorImpl.invoke0(Native Method)
	at sun.reflect.NativeMethodAccessorImpl.invoke(NativeMethodAccessorImpl.java:62)
	at sun.reflect.DelegatingMethodAccessorImpl.invoke(DelegatingMethodAccessorImpl.java:43)
	at java.lang.reflect.Method.invoke(Method.java:483)
	at org.apache.maven.surefire.util.ReflectionUtils.invokeMethodWithArray(ReflectionUtils.java:189)
	at org.apache.maven.surefire.booter.ProviderFactory$ProviderProxy.invoke(ProviderFactory.java:165)
	at org.apache.maven.surefire.booter.ProviderFactory.invokeProvider(ProviderFactory.java:85)
	at org.apache.maven.surefire.booter.ForkedBooter.runSuitesInProcess(ForkedBooter.java:115)
	at org.apache.maven.surefire.booter.ForkedBooter.main(ForkedBooter.java:75)
Caused by: org.springframework.beans.factory.BeanCreationException: Error creating bean with name &apos;cardController&apos;: Injection of autowired dependencies failed; nested exception is org.springframework.beans.factory.BeanCreationException: Could not autowire field: com.expeditors.training.course3demo.service.CardService com.expeditors.training.course3demo.controller.CardController.cardService; nested exception is org.springframework.beans.factory.NoSuchBeanDefinitionException: No qualifying bean of type [com.expeditors.training.course3demo.service.CardService] found for dependency: expected at least 1 bean which qualifies as autowire candidate for this dependency. Dependency annotations: {@org.springframework.beans.factory.annotation.Autowired(required=true)}
	at org.springframework.beans.factory.annotation.AutowiredAnnotationBeanPostProcessor.postProcessPropertyValues(AutowiredAnnotationBeanPostProcessor.java:288)
	at org.springframework.beans.factory.support.AbstractAutowireCapableBeanFactory.populateBean(AbstractAutowireCapableBeanFactory.java:1116)
	at org.springframework.beans.factory.support.AbstractAutowireCapableBeanFactory.doCreateBean(AbstractAutowireCapableBeanFactory.java:519)
	at org.springframework.beans.factory.support.AbstractAutowireCapableBeanFactory.createBean(AbstractAutowireCapableBeanFactory.java:458)
	at org.springframework.beans.factory.support.AbstractBeanFactory$1.getObject(AbstractBeanFactory.java:295)
	at org.springframework.beans.factory.support.DefaultSingletonBeanRegistry.getSingleton(DefaultSingletonBeanRegistry.java:223)
	at org.springframework.beans.factory.support.AbstractBeanFactory.doGetBean(AbstractBeanFactory.java:292)
	at org.springframework.beans.factory.support.AbstractBeanFactory.getBean(AbstractBeanFactory.java:194)
	at org.springframework.beans.factory.support.DefaultListableBeanFactory.preInstantiateSingletons(DefaultListableBeanFactory.java:626)
	at org.springframework.context.support.AbstractApplicationContext.finishBeanFactoryInitialization(AbstractApplicationContext.java:932)
	at org.springframework.context.support.AbstractApplicationContext.refresh(AbstractApplicationContext.java:479)
	at org.springframework.test.context.web.AbstractGenericWebContextLoader.loadContext(AbstractGenericWebContextLoader.java:128)
	at org.springframework.test.context.web.AbstractGenericWebContextLoader.loadContext(AbstractGenericWebContextLoader.java:60)
	at org.springframework.test.context.support.AbstractDelegatingSmartContextLoader.delegateLoading(AbstractDelegatingSmartContextLoader.java:100)
	at org.springframework.test.context.support.AbstractDelegatingSmartContextLoader.loadContext(AbstractDelegatingSmartContextLoader.java:248)
	at org.springframework.test.context.CacheAwareContextLoaderDelegate.loadContextInternal(CacheAwareContextLoaderDelegate.java:64)
	at org.springframework.test.context.CacheAwareContextLoaderDelegate.loadContext(CacheAwareContextLoaderDelegate.java:91)
	... 31 more
Caused by: org.springframework.beans.factory.BeanCreationException: Could not autowire field: com.expeditors.training.course3demo.service.CardService com.expeditors.training.course3demo.controller.CardController.cardService; nested exception is org.springframework.beans.factory.NoSuchBeanDefinitionException: No qualifying bean of type [com.expeditors.training.course3demo.service.CardService] found for dependency: expected at least 1 bean which qualifies as autowire candidate for this dependency. Dependency annotations: {@org.springframework.beans.factory.annotation.Autowired(required=true)}
	at org.springframework.beans.factory.annotation.AutowiredAnnotationBeanPostProcessor$AutowiredFieldElement.inject(AutowiredAnnotationBeanPostProcessor.java:514)
	at org.springframework.beans.factory.annotation.InjectionMetadata.inject(InjectionMetadata.java:87)
	at org.springframework.beans.factory.annotation.AutowiredAnnotationBeanPostProcessor.postProcessPropertyValues(AutowiredAnnotationBeanPostProcessor.java:285)
	... 47 more
Caused by: org.springframework.beans.factory.NoSuchBeanDefinitionException: No qualifying bean of type [com.expeditors.training.course3demo.service.CardService] found for dependency: expected at least 1 bean which qualifies as autowire candidate for this dependency. Dependency annotations: {@org.springframework.beans.factory.annotation.Autowired(required=true)}
	at org.springframework.beans.factory.support.DefaultListableBeanFactory.raiseNoSuchBeanDefinitionException(DefaultListableBeanFactory.java:986)
	at org.springframework.beans.factory.support.DefaultListableBeanFactory.doResolveDependency(DefaultListableBeanFactory.java:856)
	at org.springframework.beans.factory.support.DefaultListableBeanFactory.resolveDependency(DefaultListableBeanFactory.java:768)
	at org.springframework.beans.factory.annotation.AutowiredAnnotationBeanPostProcessor$AutowiredFieldElement.inject(AutowiredAnnotationBeanPostProcessor.java:486)
	... 49 more
</error>
    <system-out>DEBUG ProfileValueUtils - Retrieved @ProfileValueSourceConfiguration [null] for test class [com.expeditors.training.course3demo.controller.ContainerControllerTest]
DEBUG ProfileValueUtils - Retrieved ProfileValueSource type [class org.springframework.test.annotation.SystemProfileValueSource] for class [com.expeditors.training.course3demo.controller.ContainerControllerTest]
DEBUG AbstractDelegatingSmartContextLoader - Delegating to AnnotationConfigWebContextLoader to load context from [WebMergedContextConfiguration@1da51a35 testClass = ContainerControllerTest, locations = &apos;{}&apos;, classes = &apos;{class com.expeditors.training.course3demo.config.TestConfig}&apos;, contextInitializerClasses = &apos;[]&apos;, activeProfiles = &apos;{}&apos;, resourceBasePath = &apos;src/main/webapp&apos;, contextLoader = &apos;org.springframework.test.context.web.WebDelegatingSmartContextLoader&apos;, parent = [null]].
DEBUG AbstractGenericWebContextLoader - Loading WebApplicationContext for merged context configuration [WebMergedContextConfiguration@1da51a35 testClass = ContainerControllerTest, locations = &apos;{}&apos;, classes = &apos;{class com.expeditors.training.course3demo.config.TestConfig}&apos;, contextInitializerClasses = &apos;[]&apos;, activeProfiles = &apos;{}&apos;, resourceBasePath = &apos;src/main/webapp&apos;, contextLoader = &apos;org.springframework.test.context.web.WebDelegatingSmartContextLoader&apos;, parent = [null]].
DEBUG StandardServletEnvironment - Initializing new StandardServletEnvironment
DEBUG StandardServletEnvironment - Adding [servletConfigInitParams] PropertySource with lowest search precedence
DEBUG StandardServletEnvironment - Adding [servletContextInitParams] PropertySource with lowest search precedence
DEBUG StandardServletEnvironment - Adding [jndiProperties] PropertySource with lowest search precedence
DEBUG StandardServletEnvironment - Adding [systemProperties] PropertySource with lowest search precedence
DEBUG StandardServletEnvironment - Adding [systemEnvironment] PropertySource with lowest search precedence
DEBUG StandardServletEnvironment - Initialized StandardServletEnvironment with PropertySources [servletConfigInitParams,servletContextInitParams,jndiProperties,systemProperties,systemEnvironment]
DEBUG AnnotationConfigWebContextLoader - Registering annotated classes: {class com.expeditors.training.course3demo.config.TestConfig}
INFO  GenericWebApplicationContext - Refreshing org.springframework.web.context.support.GenericWebApplicationContext@557eb543: startup date [Thu Mar 05 07:38:52 PST 2015]; root of context hierarchy
DEBUG StandardServletEnvironment - Replacing [servletContextInitParams] PropertySource with [servletContextInitParams]
DEBUG GenericWebApplicationContext - Bean factory for org.springframework.web.context.support.GenericWebApplicationContext@557eb543: org.springframework.beans.factory.support.DefaultListableBeanFactory@537c8c7e: defining beans [org.springframework.context.annotation.internalConfigurationAnnotationProcessor,org.springframework.context.annotation.internalAutowiredAnnotationProcessor,org.springframework.context.annotation.internalRequiredAnnotationProcessor,org.springframework.context.annotation.internalCommonAnnotationProcessor,org.springframework.context.annotation.internalPersistenceAnnotationProcessor,testConfig]; root of factory hierarchy
DEBUG DefaultListableBeanFactory - Creating shared instance of singleton bean &apos;org.springframework.context.annotation.internalConfigurationAnnotationProcessor&apos;
DEBUG DefaultListableBeanFactory - Creating instance of bean &apos;org.springframework.context.annotation.internalConfigurationAnnotationProcessor&apos;
DEBUG DefaultListableBeanFactory - Eagerly caching bean &apos;org.springframework.context.annotation.internalConfigurationAnnotationProcessor&apos; to allow for resolving potential circular references
DEBUG DefaultListableBeanFactory - Finished creating instance of bean &apos;org.springframework.context.annotation.internalConfigurationAnnotationProcessor&apos;
DEBUG StandardEnvironment - Initializing new StandardEnvironment
DEBUG StandardEnvironment - Adding [systemProperties] PropertySource with lowest search precedence
DEBUG StandardEnvironment - Adding [systemEnvironment] PropertySource with lowest search precedence
DEBUG StandardEnvironment - Initialized StandardEnvironment with PropertySources [systemProperties,systemEnvironment]
DEBUG PathMatchingResourcePatternResolver - Looking for matching resources in directory tree [C:\Users\chq-jamesgl\STS_work2\finalprojectgleixner\target\test-classes\com\expeditors\training\course3demo\controller]
DEBUG PathMatchingResourcePatternResolver - Searching directory [C:\Users\chq-jamesgl\STS_work2\finalprojectgleixner\target\test-classes\com\expeditors\training\course3demo\controller] for files matching pattern [C:/Users/chq-jamesgl/STS_work2/finalprojectgleixner/target/test-classes/com/expeditors/training/course3demo/controller/**/*.class]
DEBUG PathMatchingResourcePatternResolver - Looking for matching resources in directory tree [C:\Users\chq-jamesgl\STS_work2\finalprojectgleixner\target\classes\com\expeditors\training\course3demo\controller]
DEBUG PathMatchingResourcePatternResolver - Searching directory [C:\Users\chq-jamesgl\STS_work2\finalprojectgleixner\target\classes\com\expeditors\training\course3demo\controller] for files matching pattern [C:/Users/chq-jamesgl/STS_work2/finalprojectgleixner/target/classes/com/expeditors/training/course3demo/controller/**/*.class]
DEBUG PathMatchingResourcePatternResolver - Resolved location pattern [classpath*:com/expeditors/training/course3demo/controller/**/*.class] to resources [file [C:\Users\chq-jamesgl\STS_work2\finalprojectgleixner\target\test-classes\com\expeditors\training\course3demo\controller\ContainerControllerTest.class], file [C:\Users\chq-jamesgl\STS_work2\finalprojectgleixner\target\test-classes\com\expeditors\training\course3demo\controller\ProductControllerTest.class], file [C:\Users\chq-jamesgl\STS_work2\finalprojectgleixner\target\test-classes\com\expeditors\training\course3demo\controller\ShipmentControllerTest.class], file [C:\Users\chq-jamesgl\STS_work2\finalprojectgleixner\target\classes\com\expeditors\training\course3demo\controller\CardController.class], file [C:\Users\chq-jamesgl\STS_work2\finalprojectgleixner\target\classes\com\expeditors\training\course3demo\controller\ContainerController.class], file [C:\Users\chq-jamesgl\STS_work2\finalprojectgleixner\target\classes\com\expeditors\training\course3demo\controller\ErrorLoginController.class], file [C:\Users\chq-jamesgl\STS_work2\finalprojectgleixner\target\classes\com\expeditors\training\course3demo\controller\HomeController.class], file [C:\Users\chq-jamesgl\STS_work2\finalprojectgleixner\target\classes\com\expeditors\training\course3demo\controller\ProductController.class], file [C:\Users\chq-jamesgl\STS_work2\finalprojectgleixner\target\classes\com\expeditors\training\course3demo\controller\SecurityController.class], file [C:\Users\chq-jamesgl\STS_work2\finalprojectgleixner\target\classes\com\expeditors\training\course3demo\controller\ShipmentController.class]]
DEBUG ClassPathBeanDefinitionScanner - Identified candidate component class: file [C:\Users\chq-jamesgl\STS_work2\finalprojectgleixner\target\classes\com\expeditors\training\course3demo\controller\CardController.class]
DEBUG ClassPathBeanDefinitionScanner - Identified candidate component class: file [C:\Users\chq-jamesgl\STS_work2\finalprojectgleixner\target\classes\com\expeditors\training\course3demo\controller\ContainerController.class]
DEBUG ClassPathBeanDefinitionScanner - Identified candidate component class: file [C:\Users\chq-jamesgl\STS_work2\finalprojectgleixner\target\classes\com\expeditors\training\course3demo\controller\ErrorLoginController.class]
DEBUG ClassPathBeanDefinitionScanner - Identified candidate component class: file [C:\Users\chq-jamesgl\STS_work2\finalprojectgleixner\target\classes\com\expeditors\training\course3demo\controller\HomeController.class]
DEBUG ClassPathBeanDefinitionScanner - Identified candidate component class: file [C:\Users\chq-jamesgl\STS_work2\finalprojectgleixner\target\classes\com\expeditors\training\course3demo\controller\ProductController.class]
DEBUG ClassPathBeanDefinitionScanner - Identified candidate component class: file [C:\Users\chq-jamesgl\STS_work2\finalprojectgleixner\target\classes\com\expeditors\training\course3demo\controller\SecurityController.class]
DEBUG ClassPathBeanDefinitionScanner - Identified candidate component class: file [C:\Users\chq-jamesgl\STS_work2\finalprojectgleixner\target\classes\com\expeditors\training\course3demo\controller\ShipmentController.class]
DEBUG ConfigurationClassBeanDefinitionReader - Registered bean definition for imported @Configuration class org.springframework.web.servlet.config.annotation.DelegatingWebMvcConfiguration
DEBUG ConfigurationClassBeanDefinitionReader - Registering bean definition for @Bean method org.springframework.web.servlet.config.annotation.DelegatingWebMvcConfiguration.requestMappingHandlerMapping()
DEBUG ConfigurationClassBeanDefinitionReader - Registering bean definition for @Bean method org.springframework.web.servlet.config.annotation.DelegatingWebMvcConfiguration.mvcContentNegotiationManager()
DEBUG ConfigurationClassBeanDefinitionReader - Registering bean definition for @Bean method org.springframework.web.servlet.config.annotation.DelegatingWebMvcConfiguration.viewControllerHandlerMapping()
DEBUG ConfigurationClassBeanDefinitionReader - Registering bean definition for @Bean method org.springframework.web.servlet.config.annotation.DelegatingWebMvcConfiguration.beanNameHandlerMapping()
DEBUG ConfigurationClassBeanDefinitionReader - Registering bean definition for @Bean method org.springframework.web.servlet.config.annotation.DelegatingWebMvcConfiguration.resourceHandlerMapping()
DEBUG ConfigurationClassBeanDefinitionReader - Registering bean definition for @Bean method org.springframework.web.servlet.config.annotation.DelegatingWebMvcConfiguration.defaultServletHandlerMapping()
DEBUG ConfigurationClassBeanDefinitionReader - Registering bean definition for @Bean method org.springframework.web.servlet.config.annotation.DelegatingWebMvcConfiguration.requestMappingHandlerAdapter()
DEBUG ConfigurationClassBeanDefinitionReader - Registering bean definition for @Bean method org.springframework.web.servlet.config.annotation.DelegatingWebMvcConfiguration.mvcConversionService()
DEBUG ConfigurationClassBeanDefinitionReader - Registering bean definition for @Bean method org.springframework.web.servlet.config.annotation.DelegatingWebMvcConfiguration.httpRequestHandlerAdapter()
DEBUG ConfigurationClassBeanDefinitionReader - Registering bean definition for @Bean method org.springframework.web.servlet.config.annotation.DelegatingWebMvcConfiguration.simpleControllerHandlerAdapter()
DEBUG ConfigurationClassBeanDefinitionReader - Registering bean definition for @Bean method org.springframework.web.servlet.config.annotation.DelegatingWebMvcConfiguration.handlerExceptionResolver()
DEBUG ConfigurationClassBeanDefinitionReader - Registering bean definition for @Bean method org.springframework.web.servlet.config.annotation.DelegatingWebMvcConfiguration.mvcValidator()
DEBUG ConfigurationClassBeanDefinitionReader - Registered bean definition for imported @Configuration class com.expeditors.training.course3demo.config.PersistenceJPATestConfig
DEBUG ConfigurationClassBeanDefinitionReader - Registering bean definition for @Bean method com.expeditors.training.course3demo.config.PersistenceJPATestConfig.entityManagerFactory()
DEBUG ConfigurationClassBeanDefinitionReader - Registering bean definition for @Bean method com.expeditors.training.course3demo.config.PersistenceJPATestConfig.dataSource()
DEBUG ConfigurationClassBeanDefinitionReader - Registering bean definition for @Bean method com.expeditors.training.course3demo.config.TestConfig.containerService()
DEBUG ConfigurationClassBeanDefinitionReader - Registering bean definition for @Bean method com.expeditors.training.course3demo.config.TestConfig.shipmentService()
DEBUG ConfigurationClassBeanDefinitionReader - Registering bean definition for @Bean method com.expeditors.training.course3demo.config.TestConfig.productService()
DEBUG ConfigurationClassBeanDefinitionReader - Registering bean definition for @Bean method com.expeditors.training.course3demo.config.TestConfig.viewResolver()
DEBUG ConfigurationClassEnhancer - Successfully enhanced com.expeditors.training.course3demo.config.TestConfig; enhanced class name is: com.expeditors.training.course3demo.config.TestConfig$$EnhancerByCGLIB$$aae1cafb
DEBUG ConfigurationClassPostProcessor - Replacing bean definition &apos;testConfig&apos; existing class name &apos;com.expeditors.training.course3demo.config.TestConfig&apos; with enhanced class name &apos;com.expeditors.training.course3demo.config.TestConfig$$EnhancerByCGLIB$$aae1cafb&apos;
DEBUG ConfigurationClassEnhancer - Successfully enhanced org.springframework.web.servlet.config.annotation.DelegatingWebMvcConfiguration; enhanced class name is: org.springframework.web.servlet.config.annotation.DelegatingWebMvcConfiguration$$EnhancerByCGLIB$$a164085b
DEBUG ConfigurationClassPostProcessor - Replacing bean definition &apos;org.springframework.web.servlet.config.annotation.DelegatingWebMvcConfiguration&apos; existing class name &apos;org.springframework.web.servlet.config.annotation.DelegatingWebMvcConfiguration&apos; with enhanced class name &apos;org.springframework.web.servlet.config.annotation.DelegatingWebMvcConfiguration$$EnhancerByCGLIB$$a164085b&apos;
DEBUG ConfigurationClassEnhancer - Successfully enhanced com.expeditors.training.course3demo.config.PersistenceJPATestConfig; enhanced class name is: com.expeditors.training.course3demo.config.PersistenceJPATestConfig$$EnhancerByCGLIB$$f6c89e17
DEBUG ConfigurationClassPostProcessor - Replacing bean definition &apos;com.expeditors.training.course3demo.config.PersistenceJPATestConfig&apos; existing class name &apos;com.expeditors.training.course3demo.config.PersistenceJPATestConfig&apos; with enhanced class name &apos;com.expeditors.training.course3demo.config.PersistenceJPATestConfig$$EnhancerByCGLIB$$f6c89e17&apos;
DEBUG DefaultListableBeanFactory - Creating shared instance of singleton bean &apos;org.springframework.context.annotation.internalAutowiredAnnotationProcessor&apos;
DEBUG DefaultListableBeanFactory - Creating instance of bean &apos;org.springframework.context.annotation.internalAutowiredAnnotationProcessor&apos;
DEBUG DefaultListableBeanFactory - Eagerly caching bean &apos;org.springframework.context.annotation.internalAutowiredAnnotationProcessor&apos; to allow for resolving potential circular references
DEBUG DefaultListableBeanFactory - Finished creating instance of bean &apos;org.springframework.context.annotation.internalAutowiredAnnotationProcessor&apos;
DEBUG DefaultListableBeanFactory - Creating shared instance of singleton bean &apos;org.springframework.context.annotation.internalRequiredAnnotationProcessor&apos;
DEBUG DefaultListableBeanFactory - Creating instance of bean &apos;org.springframework.context.annotation.internalRequiredAnnotationProcessor&apos;
DEBUG DefaultListableBeanFactory - Eagerly caching bean &apos;org.springframework.context.annotation.internalRequiredAnnotationProcessor&apos; to allow for resolving potential circular references
DEBUG DefaultListableBeanFactory - Finished creating instance of bean &apos;org.springframework.context.annotation.internalRequiredAnnotationProcessor&apos;
DEBUG DefaultListableBeanFactory - Creating shared instance of singleton bean &apos;org.springframework.context.annotation.internalCommonAnnotationProcessor&apos;
DEBUG DefaultListableBeanFactory - Creating instance of bean &apos;org.springframework.context.annotation.internalCommonAnnotationProcessor&apos;
DEBUG DefaultListableBeanFactory - Eagerly caching bean &apos;org.springframework.context.annotation.internalCommonAnnotationProcessor&apos; to allow for resolving potential circular references
DEBUG DefaultListableBeanFactory - Finished creating instance of bean &apos;org.springframework.context.annotation.internalCommonAnnotationProcessor&apos;
DEBUG DefaultListableBeanFactory - Creating shared instance of singleton bean &apos;org.springframework.context.annotation.internalPersistenceAnnotationProcessor&apos;
DEBUG DefaultListableBeanFactory - Creating instance of bean &apos;org.springframework.context.annotation.internalPersistenceAnnotationProcessor&apos;
DEBUG DefaultListableBeanFactory - Eagerly caching bean &apos;org.springframework.context.annotation.internalPersistenceAnnotationProcessor&apos; to allow for resolving potential circular references
DEBUG DefaultListableBeanFactory - Finished creating instance of bean &apos;org.springframework.context.annotation.internalPersistenceAnnotationProcessor&apos;
DEBUG DefaultListableBeanFactory - Creating shared instance of singleton bean &apos;org.springframework.context.annotation.ConfigurationClassPostProcessor.importAwareProcessor&apos;
DEBUG DefaultListableBeanFactory - Creating instance of bean &apos;org.springframework.context.annotation.ConfigurationClassPostProcessor.importAwareProcessor&apos;
DEBUG DefaultListableBeanFactory - Eagerly caching bean &apos;org.springframework.context.annotation.ConfigurationClassPostProcessor.importAwareProcessor&apos; to allow for resolving potential circular references
DEBUG DefaultListableBeanFactory - Finished creating instance of bean &apos;org.springframework.context.annotation.ConfigurationClassPostProcessor.importAwareProcessor&apos;
DEBUG GenericWebApplicationContext - Unable to locate MessageSource with name &apos;messageSource&apos;: using default [org.springframework.context.support.DelegatingMessageSource@28fd3dc1]
DEBUG GenericWebApplicationContext - Unable to locate ApplicationEventMulticaster with name &apos;applicationEventMulticaster&apos;: using default [org.springframework.context.event.SimpleApplicationEventMulticaster@5f9b6ae7]
DEBUG UiApplicationContextUtils - Unable to locate ThemeSource with name &apos;themeSource&apos;: using default [org.springframework.ui.context.support.ResourceBundleThemeSource@108d55c4]
DEBUG DefaultListableBeanFactory - Creating shared instance of singleton bean &apos;entityManagerFactory&apos;
DEBUG DefaultListableBeanFactory - Creating instance of bean &apos;entityManagerFactory&apos;
DEBUG DefaultListableBeanFactory - Creating shared instance of singleton bean &apos;com.expeditors.training.course3demo.config.PersistenceJPATestConfig&apos;
DEBUG DefaultListableBeanFactory - Creating instance of bean &apos;com.expeditors.training.course3demo.config.PersistenceJPATestConfig&apos;
DEBUG InjectionMetadata - Registered injected element on class [com.expeditors.training.course3demo.config.PersistenceJPATestConfig$$EnhancerByCGLIB$$f6c89e17]: AutowiredFieldElement for private org.springframework.core.env.Environment com.expeditors.training.course3demo.config.PersistenceJPATestConfig.environment
DEBUG DefaultListableBeanFactory - Eagerly caching bean &apos;com.expeditors.training.course3demo.config.PersistenceJPATestConfig&apos; to allow for resolving potential circular references
DEBUG InjectionMetadata - Processing injected method of bean &apos;com.expeditors.training.course3demo.config.PersistenceJPATestConfig&apos;: AutowiredFieldElement for private org.springframework.core.env.Environment com.expeditors.training.course3demo.config.PersistenceJPATestConfig.environment
DEBUG DefaultListableBeanFactory - Returning cached instance of singleton bean &apos;environment&apos;
DEBUG AutowiredAnnotationBeanPostProcessor - Autowiring by type from bean name &apos;com.expeditors.training.course3demo.config.PersistenceJPATestConfig&apos; to bean named &apos;environment&apos;
DEBUG DefaultListableBeanFactory - Finished creating instance of bean &apos;com.expeditors.training.course3demo.config.PersistenceJPATestConfig&apos;
DEBUG DefaultListableBeanFactory - Creating shared instance of singleton bean &apos;dataSource&apos;
DEBUG DefaultListableBeanFactory - Creating instance of bean &apos;dataSource&apos;
DEBUG DefaultListableBeanFactory - Returning cached instance of singleton bean &apos;com.expeditors.training.course3demo.config.PersistenceJPATestConfig&apos;
INFO  DriverManagerDataSource - Loaded JDBC driver: org.hsqldb.jdbcDriver
DEBUG DefaultListableBeanFactory - Eagerly caching bean &apos;dataSource&apos; to allow for resolving potential circular references
DEBUG DefaultListableBeanFactory - Finished creating instance of bean &apos;dataSource&apos;
DEBUG DefaultListableBeanFactory - Eagerly caching bean &apos;entityManagerFactory&apos; to allow for resolving potential circular references
DEBUG DefaultListableBeanFactory - Invoking afterPropertiesSet() on bean with name &apos;entityManagerFactory&apos;
DEBUG PathMatchingResourcePatternResolver - Looking for matching resources in directory tree [C:\Users\chq-jamesgl\STS_work2\finalprojectgleixner\target\classes\com\expeditors\training\course3demo\model]
DEBUG PathMatchingResourcePatternResolver - Searching directory [C:\Users\chq-jamesgl\STS_work2\finalprojectgleixner\target\classes\com\expeditors\training\course3demo\model] for files matching pattern [C:/Users/chq-jamesgl/STS_work2/finalprojectgleixner/target/classes/com/expeditors/training/course3demo/model/**/*.class]
DEBUG PathMatchingResourcePatternResolver - Resolved location pattern [classpath*:com/expeditors/training/course3demo/model/**/*.class] to resources [file [C:\Users\chq-jamesgl\STS_work2\finalprojectgleixner\target\classes\com\expeditors\training\course3demo\model\Address.class], file [C:\Users\chq-jamesgl\STS_work2\finalprojectgleixner\target\classes\com\expeditors\training\course3demo\model\Card.class], file [C:\Users\chq-jamesgl\STS_work2\finalprojectgleixner\target\classes\com\expeditors\training\course3demo\model\Container.class], file [C:\Users\chq-jamesgl\STS_work2\finalprojectgleixner\target\classes\com\expeditors\training\course3demo\model\PhoneNumber.class], file [C:\Users\chq-jamesgl\STS_work2\finalprojectgleixner\target\classes\com\expeditors\training\course3demo\model\Product.class], file [C:\Users\chq-jamesgl\STS_work2\finalprojectgleixner\target\classes\com\expeditors\training\course3demo\model\Shipment.class], file [C:\Users\chq-jamesgl\STS_work2\finalprojectgleixner\target\classes\com\expeditors\training\course3demo\model\UserAccount.class], file [C:\Users\chq-jamesgl\STS_work2\finalprojectgleixner\target\classes\com\expeditors\training\course3demo\model\UserRole.class]]
INFO  LocalContainerEntityManagerFactoryBean - Building JPA container EntityManagerFactory for persistence unit &apos;default&apos;
DEBUG BasicTypeRegistry - Adding type registration boolean -&gt; org.hibernate.type.BooleanType@71ba6d4e
DEBUG BasicTypeRegistry - Adding type registration boolean -&gt; org.hibernate.type.BooleanType@71ba6d4e
DEBUG BasicTypeRegistry - Adding type registration java.lang.Boolean -&gt; org.hibernate.type.BooleanType@71ba6d4e
DEBUG BasicTypeRegistry - Adding type registration numeric_boolean -&gt; org.hibernate.type.NumericBooleanType@d86a6f
DEBUG BasicTypeRegistry - Adding type registration true_false -&gt; org.hibernate.type.TrueFalseType@2ddc9a9f
DEBUG BasicTypeRegistry - Adding type registration yes_no -&gt; org.hibernate.type.YesNoType@46cdf8bd
DEBUG BasicTypeRegistry - Adding type registration byte -&gt; org.hibernate.type.ByteType@1ed4ae0f
DEBUG BasicTypeRegistry - Adding type registration byte -&gt; org.hibernate.type.ByteType@1ed4ae0f
DEBUG BasicTypeRegistry - Adding type registration java.lang.Byte -&gt; org.hibernate.type.ByteType@1ed4ae0f
DEBUG BasicTypeRegistry - Adding type registration character -&gt; org.hibernate.type.CharacterType@6892b3b6
DEBUG BasicTypeRegistry - Adding type registration char -&gt; org.hibernate.type.CharacterType@6892b3b6
DEBUG BasicTypeRegistry - Adding type registration java.lang.Character -&gt; org.hibernate.type.CharacterType@6892b3b6
DEBUG BasicTypeRegistry - Adding type registration short -&gt; org.hibernate.type.ShortType@5b1669c0
DEBUG BasicTypeRegistry - Adding type registration short -&gt; org.hibernate.type.ShortType@5b1669c0
DEBUG BasicTypeRegistry - Adding type registration java.lang.Short -&gt; org.hibernate.type.ShortType@5b1669c0
DEBUG BasicTypeRegistry - Adding type registration integer -&gt; org.hibernate.type.IntegerType@2eae8e6e
DEBUG BasicTypeRegistry - Adding type registration int -&gt; org.hibernate.type.IntegerType@2eae8e6e
DEBUG BasicTypeRegistry - Adding type registration java.lang.Integer -&gt; org.hibernate.type.IntegerType@2eae8e6e
DEBUG BasicTypeRegistry - Adding type registration long -&gt; org.hibernate.type.LongType@25ce9dc4
DEBUG BasicTypeRegistry - Adding type registration long -&gt; org.hibernate.type.LongType@25ce9dc4
DEBUG BasicTypeRegistry - Adding type registration java.lang.Long -&gt; org.hibernate.type.LongType@25ce9dc4
DEBUG BasicTypeRegistry - Adding type registration float -&gt; org.hibernate.type.FloatType@3e8c3cb
DEBUG BasicTypeRegistry - Adding type registration float -&gt; org.hibernate.type.FloatType@3e8c3cb
DEBUG BasicTypeRegistry - Adding type registration java.lang.Float -&gt; org.hibernate.type.FloatType@3e8c3cb
DEBUG BasicTypeRegistry - Adding type registration double -&gt; org.hibernate.type.DoubleType@3b0fe47a
DEBUG BasicTypeRegistry - Adding type registration double -&gt; org.hibernate.type.DoubleType@3b0fe47a
DEBUG BasicTypeRegistry - Adding type registration java.lang.Double -&gt; org.hibernate.type.DoubleType@3b0fe47a
DEBUG BasicTypeRegistry - Adding type registration big_decimal -&gt; org.hibernate.type.BigDecimalType@74e28667
DEBUG BasicTypeRegistry - Adding type registration java.math.BigDecimal -&gt; org.hibernate.type.BigDecimalType@74e28667
DEBUG BasicTypeRegistry - Adding type registration big_integer -&gt; org.hibernate.type.BigIntegerType@53045c6c
DEBUG BasicTypeRegistry - Adding type registration java.math.BigInteger -&gt; org.hibernate.type.BigIntegerType@53045c6c
DEBUG BasicTypeRegistry - Adding type registration string -&gt; org.hibernate.type.StringType@548d708a
DEBUG BasicTypeRegistry - Adding type registration java.lang.String -&gt; org.hibernate.type.StringType@548d708a
DEBUG BasicTypeRegistry - Adding type registration nstring -&gt; org.hibernate.type.StringNVarcharType@712625fd
DEBUG BasicTypeRegistry - Adding type registration ncharacter -&gt; org.hibernate.type.CharacterNCharType@1c5920df
DEBUG BasicTypeRegistry - Adding type registration url -&gt; org.hibernate.type.UrlType@15043a2f
DEBUG BasicTypeRegistry - Adding type registration java.net.URL -&gt; org.hibernate.type.UrlType@15043a2f
DEBUG BasicTypeRegistry - Adding type registration date -&gt; org.hibernate.type.DateType@2d901eb0
DEBUG BasicTypeRegistry - Adding type registration java.sql.Date -&gt; org.hibernate.type.DateType@2d901eb0
DEBUG BasicTypeRegistry - Adding type registration time -&gt; org.hibernate.type.TimeType@909217e
DEBUG BasicTypeRegistry - Adding type registration java.sql.Time -&gt; org.hibernate.type.TimeType@909217e
DEBUG BasicTypeRegistry - Adding type registration timestamp -&gt; org.hibernate.type.TimestampType@5e2c3d18
DEBUG BasicTypeRegistry - Adding type registration java.sql.Timestamp -&gt; org.hibernate.type.TimestampType@5e2c3d18
DEBUG BasicTypeRegistry - Adding type registration java.util.Date -&gt; org.hibernate.type.TimestampType@5e2c3d18
DEBUG BasicTypeRegistry - Adding type registration dbtimestamp -&gt; org.hibernate.type.DbTimestampType@5b218417
DEBUG BasicTypeRegistry - Adding type registration calendar -&gt; org.hibernate.type.CalendarType@273444fe
DEBUG BasicTypeRegistry - Adding type registration java.util.Calendar -&gt; org.hibernate.type.CalendarType@273444fe
DEBUG BasicTypeRegistry - Adding type registration java.util.GregorianCalendar -&gt; org.hibernate.type.CalendarType@273444fe
DEBUG BasicTypeRegistry - Adding type registration calendar_date -&gt; org.hibernate.type.CalendarDateType@5524cca1
DEBUG BasicTypeRegistry - Adding type registration locale -&gt; org.hibernate.type.LocaleType@57a78e3
DEBUG BasicTypeRegistry - Adding type registration java.util.Locale -&gt; org.hibernate.type.LocaleType@57a78e3
DEBUG BasicTypeRegistry - Adding type registration currency -&gt; org.hibernate.type.CurrencyType@5386659f
DEBUG BasicTypeRegistry - Adding type registration java.util.Currency -&gt; org.hibernate.type.CurrencyType@5386659f
DEBUG BasicTypeRegistry - Adding type registration timezone -&gt; org.hibernate.type.TimeZoneType@7ce69770
DEBUG BasicTypeRegistry - Adding type registration java.util.TimeZone -&gt; org.hibernate.type.TimeZoneType@7ce69770
DEBUG BasicTypeRegistry - Adding type registration class -&gt; org.hibernate.type.ClassType@7e057f43
DEBUG BasicTypeRegistry - Adding type registration java.lang.Class -&gt; org.hibernate.type.ClassType@7e057f43
DEBUG BasicTypeRegistry - Adding type registration uuid-binary -&gt; org.hibernate.type.UUIDBinaryType@221a3fa4
DEBUG BasicTypeRegistry - Adding type registration java.util.UUID -&gt; org.hibernate.type.UUIDBinaryType@221a3fa4
DEBUG BasicTypeRegistry - Adding type registration uuid-char -&gt; org.hibernate.type.UUIDCharType@3e08ff24
DEBUG BasicTypeRegistry - Adding type registration pg-uuid -&gt; org.hibernate.type.PostgresUUIDType@70ed52de
DEBUG BasicTypeRegistry - Adding type registration binary -&gt; org.hibernate.type.BinaryType@7c37508a
DEBUG BasicTypeRegistry - Adding type registration byte[] -&gt; org.hibernate.type.BinaryType@7c37508a
DEBUG BasicTypeRegistry - Adding type registration [B -&gt; org.hibernate.type.BinaryType@7c37508a
DEBUG BasicTypeRegistry - Adding type registration wrapper-binary -&gt; org.hibernate.type.WrapperBinaryType@4a003cbe
DEBUG BasicTypeRegistry - Adding type registration Byte[] -&gt; org.hibernate.type.WrapperBinaryType@4a003cbe
DEBUG BasicTypeRegistry - Adding type registration [Ljava.lang.Byte; -&gt; org.hibernate.type.WrapperBinaryType@4a003cbe
DEBUG BasicTypeRegistry - Adding type registration image -&gt; org.hibernate.type.ImageType@359df09a
DEBUG BasicTypeRegistry - Adding type registration characters -&gt; org.hibernate.type.CharArrayType@19932c16
DEBUG BasicTypeRegistry - Adding type registration char[] -&gt; org.hibernate.type.CharArrayType@19932c16
DEBUG BasicTypeRegistry - Adding type registration [C -&gt; org.hibernate.type.CharArrayType@19932c16
DEBUG BasicTypeRegistry - Adding type registration wrapper-characters -&gt; org.hibernate.type.CharacterArrayType@1972e513
DEBUG BasicTypeRegistry - Adding type registration [Ljava.lang.Character; -&gt; org.hibernate.type.CharacterArrayType@1972e513
DEBUG BasicTypeRegistry - Adding type registration Character[] -&gt; org.hibernate.type.CharacterArrayType@1972e513
DEBUG BasicTypeRegistry - Adding type registration text -&gt; org.hibernate.type.TextType@1040be71
DEBUG BasicTypeRegistry - Adding type registration ntext -&gt; org.hibernate.type.NTextType@7fd50002
DEBUG BasicTypeRegistry - Adding type registration blob -&gt; org.hibernate.type.BlobType@7d900ecf
DEBUG BasicTypeRegistry - Adding type registration java.sql.Blob -&gt; org.hibernate.type.BlobType@7d900ecf
DEBUG BasicTypeRegistry - Adding type registration materialized_blob -&gt; org.hibernate.type.MaterializedBlobType@1a245833
DEBUG BasicTypeRegistry - Adding type registration clob -&gt; org.hibernate.type.ClobType@15a34df2
DEBUG BasicTypeRegistry - Adding type registration java.sql.Clob -&gt; org.hibernate.type.ClobType@15a34df2
DEBUG BasicTypeRegistry - Adding type registration nclob -&gt; org.hibernate.type.NClobType@5e7cd6cc
DEBUG BasicTypeRegistry - Adding type registration java.sql.NClob -&gt; org.hibernate.type.NClobType@5e7cd6cc
DEBUG BasicTypeRegistry - Adding type registration materialized_clob -&gt; org.hibernate.type.MaterializedClobType@2dfaea86
DEBUG BasicTypeRegistry - Adding type registration materialized_nclob -&gt; org.hibernate.type.MaterializedNClobType@14fc5f04
DEBUG BasicTypeRegistry - Adding type registration serializable -&gt; org.hibernate.type.SerializableType@333d4a8c
DEBUG BasicTypeRegistry - Adding type registration object -&gt; org.hibernate.type.ObjectType@60f00693
DEBUG BasicTypeRegistry - Adding type registration java.lang.Object -&gt; org.hibernate.type.ObjectType@60f00693
DEBUG BasicTypeRegistry - Adding type registration imm_date -&gt; org.hibernate.type.AdaptedImmutableType@15e0fe05
DEBUG BasicTypeRegistry - Adding type registration imm_time -&gt; org.hibernate.type.AdaptedImmutableType@1128620c
DEBUG BasicTypeRegistry - Adding type registration imm_timestamp -&gt; org.hibernate.type.AdaptedImmutableType@6bf13698
DEBUG BasicTypeRegistry - Adding type registration imm_dbtimestamp -&gt; org.hibernate.type.AdaptedImmutableType@299270eb
DEBUG BasicTypeRegistry - Adding type registration imm_calendar -&gt; org.hibernate.type.AdaptedImmutableType@3b90a30a
DEBUG BasicTypeRegistry - Adding type registration imm_calendar_date -&gt; org.hibernate.type.AdaptedImmutableType@69fa8e76
DEBUG BasicTypeRegistry - Adding type registration imm_binary -&gt; org.hibernate.type.AdaptedImmutableType@bdd2027
DEBUG BasicTypeRegistry - Adding type registration imm_serializable -&gt; org.hibernate.type.AdaptedImmutableType@31f20c9f
DEBUG DefaultIdentifierGeneratorFactory - Registering IdentifierGenerator strategy [uuid2] -&gt; [org.hibernate.id.UUIDGenerator]
DEBUG DefaultIdentifierGeneratorFactory - Registering IdentifierGenerator strategy [guid] -&gt; [org.hibernate.id.GUIDGenerator]
DEBUG DefaultIdentifierGeneratorFactory - Registering IdentifierGenerator strategy [uuid] -&gt; [org.hibernate.id.UUIDHexGenerator]
DEBUG DefaultIdentifierGeneratorFactory - Registering IdentifierGenerator strategy [uuid.hex] -&gt; [org.hibernate.id.UUIDHexGenerator]
DEBUG DefaultIdentifierGeneratorFactory - Registering IdentifierGenerator strategy [hilo] -&gt; [org.hibernate.id.TableHiLoGenerator]
DEBUG DefaultIdentifierGeneratorFactory - Registering IdentifierGenerator strategy [assigned] -&gt; [org.hibernate.id.Assigned]
DEBUG DefaultIdentifierGeneratorFactory - Registering IdentifierGenerator strategy [identity] -&gt; [org.hibernate.id.IdentityGenerator]
DEBUG DefaultIdentifierGeneratorFactory - Registering IdentifierGenerator strategy [select] -&gt; [org.hibernate.id.SelectGenerator]
DEBUG DefaultIdentifierGeneratorFactory - Registering IdentifierGenerator strategy [sequence] -&gt; [org.hibernate.id.SequenceGenerator]
DEBUG DefaultIdentifierGeneratorFactory - Registering IdentifierGenerator strategy [seqhilo] -&gt; [org.hibernate.id.SequenceHiLoGenerator]
DEBUG DefaultIdentifierGeneratorFactory - Registering IdentifierGenerator strategy [increment] -&gt; [org.hibernate.id.IncrementGenerator]
DEBUG DefaultIdentifierGeneratorFactory - Registering IdentifierGenerator strategy [foreign] -&gt; [org.hibernate.id.ForeignGenerator]
DEBUG DefaultIdentifierGeneratorFactory - Registering IdentifierGenerator strategy [sequence-identity] -&gt; [org.hibernate.id.SequenceIdentityGenerator]
DEBUG DefaultIdentifierGeneratorFactory - Registering IdentifierGenerator strategy [enhanced-sequence] -&gt; [org.hibernate.id.enhanced.SequenceStyleGenerator]
DEBUG DefaultIdentifierGeneratorFactory - Registering IdentifierGenerator strategy [enhanced-table] -&gt; [org.hibernate.id.enhanced.TableGenerator]
DEBUG Ejb3Configuration - Processing PersistenceUnitInfo [
	name: default
	persistence provider classname: null
	classloader: sun.misc.Launcher$AppClassLoader@6bc7c054
	Temporary classloader: org.springframework.instrument.classloading.SimpleThrowawayClassLoader@32f0c7f8
	excludeUnlistedClasses: true
	JTA datasource: null
	Non JTA datasource: org.springframework.jdbc.datasource.DriverManagerDataSource@5d1b9c3d
	Transaction type: RESOURCE_LOCAL
	PU root URL: file:/C:/Users/chq-jamesgl/STS_work2/finalprojectgleixner/target/test-classes/
	Shared Cache Mode: UNSPECIFIED
	Validation Mode: AUTO
	Jar files URLs []
	Managed classes names [
		com.expeditors.training.course3demo.model.Address
		com.expeditors.training.course3demo.model.Card
		com.expeditors.training.course3demo.model.Container
		com.expeditors.training.course3demo.model.PhoneNumber
		com.expeditors.training.course3demo.model.Product
		com.expeditors.training.course3demo.model.Shipment
		com.expeditors.training.course3demo.model.UserAccount
		com.expeditors.training.course3demo.model.UserRole]
	Mapping files names []
	Properties []
DEBUG Ejb3Configuration - Detect class: true; detect hbm: true
DEBUG AbstractJarVisitor - Searching mapped entities in jar/par: file:/C:/Users/chq-jamesgl/STS_work2/finalprojectgleixner/target/test-classes/
DEBUG AbstractJarVisitor - Filtering: com.expeditors.training.course3demo.config.PersistenceJPATestConfig
DEBUG AbstractJarVisitor - Filtering: com.expeditors.training.course3demo.config.ServiceTestConfig
DEBUG AbstractJarVisitor - Filtering: com.expeditors.training.course3demo.config.TestConfig
DEBUG AbstractJarVisitor - Filtering: com.expeditors.training.course3demo.controller.ContainerControllerTest
DEBUG AbstractJarVisitor - Filtering: com.expeditors.training.course3demo.controller.ProductControllerTest
DEBUG AbstractJarVisitor - Filtering: com.expeditors.training.course3demo.controller.ShipmentControllerTest
DEBUG AbstractJarVisitor - Filtering: com.expeditors.training.course3demo.service.ContainerServiceTest
DEBUG AbstractJarVisitor - Filtering: com.expeditors.training.course3demo.service.ProductServiceTest
DEBUG AbstractJarVisitor - Filtering: com.expeditors.training.course3demo.service.ShipmentServiceTest
DEBUG IntegratorServiceImpl - Adding Integrator [org.hibernate.cfg.beanvalidation.BeanValidationIntegrator].
DEBUG IntegratorServiceImpl - Adding Integrator [org.hibernate.ejb.event.JpaIntegrator].
DEBUG NamingHelper - No JNDI name configured for binding Ejb3Configuration
DEBUG Configuration - Preparing to build session factory with filters : {}
DEBUG Configuration - Processing hbm.xml files
DEBUG Configuration - Process annotated classes
DEBUG AnnotationBinder - Binding entity from annotated class: com.expeditors.training.course3demo.model.Address
DEBUG Ejb3Column - Binding column: Ejb3DiscriminatorColumn{logicalColumnName&apos;DTYPE&apos;, discriminatorTypeName=&apos;string&apos;}
DEBUG EntityBinder - Import with entity name Address
DEBUG EntityBinder - Bind entity com.expeditors.training.course3demo.model.Address on table ADDRESS
DEBUG Ejb3Column - Binding column: Ejb3Column{table=org.hibernate.mapping.Table(ADDRESS), mappingColumn=ADDRESS_ID, insertable=true, updatable=true, unique=false}
DEBUG PropertyBinder - MetadataSourceProcessor property id with lazy=false
DEBUG SimpleValueBinder - building SimpleValue for id
DEBUG PropertyBinder - Building property id
DEBUG Ejb3Column - Binding column: Ejb3Column{table=org.hibernate.mapping.Table(ADDRESS), mappingColumn=city, insertable=true, updatable=true, unique=false}
DEBUG PropertyBinder - MetadataSourceProcessor property city with lazy=false
DEBUG SimpleValueBinder - building SimpleValue for city
DEBUG PropertyBinder - Building property city
DEBUG Ejb3Column - Binding column: Ejb3Column{table=org.hibernate.mapping.Table(ADDRESS), mappingColumn=state, insertable=true, updatable=true, unique=false}
DEBUG PropertyBinder - MetadataSourceProcessor property state with lazy=false
DEBUG SimpleValueBinder - building SimpleValue for state
DEBUG PropertyBinder - Building property state
DEBUG Ejb3Column - Binding column: Ejb3Column{table=org.hibernate.mapping.Table(ADDRESS), mappingColumn=street, insertable=true, updatable=true, unique=false}
DEBUG PropertyBinder - MetadataSourceProcessor property street with lazy=false
DEBUG SimpleValueBinder - building SimpleValue for street
DEBUG PropertyBinder - Building property street
DEBUG AnnotationBinder - Binding entity from annotated class: com.expeditors.training.course3demo.model.Card
DEBUG Ejb3Column - Binding column: Ejb3DiscriminatorColumn{logicalColumnName&apos;DTYPE&apos;, discriminatorTypeName=&apos;string&apos;}
DEBUG EntityBinder - Import with entity name Card
DEBUG EntityBinder - Bind entity com.expeditors.training.course3demo.model.Card on table CARD
DEBUG Ejb3Column - Binding column: Ejb3Column{table=org.hibernate.mapping.Table(CARD), mappingColumn=CARD_ID, insertable=true, updatable=true, unique=false}
DEBUG PropertyBinder - MetadataSourceProcessor property id with lazy=false
DEBUG SimpleValueBinder - building SimpleValue for id
DEBUG PropertyBinder - Building property id
DEBUG Ejb3Column - Binding column: Ejb3JoinColumn{logicalColumnName=&apos;address&apos;, referencedColumn=&apos;&apos;, mappedBy=&apos;&apos;}
DEBUG Ejb3Column - Binding column: Ejb3Column{table=org.hibernate.mapping.Table(CARD), mappingColumn=address, insertable=true, updatable=true, unique=false}
DEBUG PropertyBinder - Building property address
DEBUG Ejb3Column - Binding column: Ejb3Column{table=org.hibernate.mapping.Table(CARD), mappingColumn=amount, insertable=true, updatable=true, unique=false}
DEBUG PropertyBinder - MetadataSourceProcessor property amount with lazy=false
DEBUG SimpleValueBinder - building SimpleValue for amount
DEBUG PropertyBinder - Building property amount
DEBUG Ejb3Column - Binding column: Ejb3Column{table=org.hibernate.mapping.Table(CARD), mappingColumn=CARD_NUMBER, insertable=true, updatable=true, unique=false}
DEBUG PropertyBinder - MetadataSourceProcessor property number with lazy=false
DEBUG SimpleValueBinder - building SimpleValue for number
DEBUG PropertyBinder - Building property number
DEBUG Ejb3Column - Binding column: Ejb3Column{table=org.hibernate.mapping.Table(CARD), mappingColumn=OWNER_NAME, insertable=true, updatable=true, unique=false}
DEBUG PropertyBinder - MetadataSourceProcessor property owner with lazy=false
DEBUG SimpleValueBinder - building SimpleValue for owner
DEBUG PropertyBinder - Building property owner
DEBUG Ejb3Column - Binding column: Ejb3JoinColumn{logicalColumnName=&apos;null&apos;, referencedColumn=&apos;null&apos;, mappedBy=&apos;card&apos;}
DEBUG Ejb3Column - Binding column: Ejb3Column{table=org.hibernate.mapping.Table(CARD), mappingColumn=phoneNumbers, insertable=true, updatable=true, unique=false}
DEBUG Ejb3Column - Binding column: Ejb3Column{table=org.hibernate.mapping.Table(CARD), mappingColumn=index, insertable=true, updatable=true, unique=false}
DEBUG Ejb3Column - Binding column: Ejb3Column{table=org.hibernate.mapping.Table(CARD), mappingColumn=element, insertable=true, updatable=true, unique=false}
DEBUG Ejb3Column - Binding column: Ejb3Column{table=org.hibernate.mapping.Table(CARD), mappingColumn=phoneNumbers_KEY, insertable=true, updatable=true, unique=false}
DEBUG Ejb3Column - Binding column: Ejb3JoinColumn{logicalColumnName=&apos;phoneNumbers_KEY&apos;, referencedColumn=&apos;null&apos;, mappedBy=&apos;null&apos;}
DEBUG Ejb3Column - Binding column: Ejb3JoinColumn{logicalColumnName=&apos;null&apos;, referencedColumn=&apos;null&apos;, mappedBy=&apos;card&apos;}
DEBUG Ejb3Column - Binding column: Ejb3JoinColumn{logicalColumnName=&apos;null&apos;, referencedColumn=&apos;null&apos;, mappedBy=&apos;card&apos;}
DEBUG CollectionBinder - Collection role: com.expeditors.training.course3demo.model.Card.phoneNumbers
DEBUG PropertyBinder - Building property phoneNumbers
DEBUG AnnotationBinder - Binding entity from annotated class: com.expeditors.training.course3demo.model.Container
DEBUG Ejb3Column - Binding column: Ejb3DiscriminatorColumn{logicalColumnName&apos;DTYPE&apos;, discriminatorTypeName=&apos;string&apos;}
DEBUG EntityBinder - Import with entity name Container
DEBUG EntityBinder - Bind entity com.expeditors.training.course3demo.model.Container on table Container
DEBUG Ejb3Column - Binding column: Ejb3Column{table=org.hibernate.mapping.Table(Container), mappingColumn=CONTAINER_ID, insertable=true, updatable=true, unique=false}
DEBUG PropertyBinder - MetadataSourceProcessor property id with lazy=false
DEBUG SimpleValueBinder - building SimpleValue for id
DEBUG PropertyBinder - Building property id
DEBUG Ejb3Column - Binding column: Ejb3Column{table=org.hibernate.mapping.Table(Container), mappingColumn=capacity, insertable=true, updatable=true, unique=false}
DEBUG PropertyBinder - MetadataSourceProcessor property capacity with lazy=false
DEBUG SimpleValueBinder - building SimpleValue for capacity
DEBUG PropertyBinder - Building property capacity
DEBUG Ejb3Column - Binding column: Ejb3Column{table=org.hibernate.mapping.Table(Container), mappingColumn=destination, insertable=true, updatable=true, unique=false}
DEBUG PropertyBinder - MetadataSourceProcessor property destination with lazy=false
DEBUG SimpleValueBinder - building SimpleValue for destination
DEBUG PropertyBinder - Building property destination
DEBUG Ejb3Column - Binding column: Ejb3Column{table=org.hibernate.mapping.Table(Container), mappingColumn=location, insertable=true, updatable=true, unique=false}
DEBUG PropertyBinder - MetadataSourceProcessor property location with lazy=false
DEBUG SimpleValueBinder - building SimpleValue for location
DEBUG PropertyBinder - Building property location
DEBUG Ejb3Column - Binding column: Ejb3Column{table=org.hibernate.mapping.Table(Container), mappingColumn=name, insertable=true, updatable=true, unique=false}
DEBUG PropertyBinder - MetadataSourceProcessor property name with lazy=false
DEBUG SimpleValueBinder - building SimpleValue for name
DEBUG PropertyBinder - Building property name
DEBUG Ejb3Column - Binding column: Ejb3Column{table=org.hibernate.mapping.Table(Container), mappingColumn=status, insertable=true, updatable=true, unique=false}
DEBUG PropertyBinder - MetadataSourceProcessor property status with lazy=false
DEBUG SimpleValueBinder - building SimpleValue for status
DEBUG PropertyBinder - Building property status
DEBUG AnnotationBinder - Binding entity from annotated class: com.expeditors.training.course3demo.model.PhoneNumber
DEBUG Ejb3Column - Binding column: Ejb3DiscriminatorColumn{logicalColumnName&apos;DTYPE&apos;, discriminatorTypeName=&apos;string&apos;}
DEBUG EntityBinder - Import with entity name PhoneNumber
DEBUG EntityBinder - Bind entity com.expeditors.training.course3demo.model.PhoneNumber on table PHONE_NUMBER
DEBUG Ejb3Column - Binding column: Ejb3Column{table=org.hibernate.mapping.Table(PHONE_NUMBER), mappingColumn=PHONE_NUMBER_ID, insertable=true, updatable=true, unique=false}
DEBUG PropertyBinder - MetadataSourceProcessor property id with lazy=false
DEBUG SimpleValueBinder - building SimpleValue for id
DEBUG PropertyBinder - Building property id
DEBUG Ejb3Column - Binding column: Ejb3JoinColumn{logicalColumnName=&apos;CARD_ID&apos;, referencedColumn=&apos;&apos;, mappedBy=&apos;&apos;}
DEBUG Ejb3Column - Binding column: Ejb3Column{table=org.hibernate.mapping.Table(PHONE_NUMBER), mappingColumn=card, insertable=true, updatable=true, unique=false}
DEBUG PropertyBinder - Building property card
DEBUG Ejb3Column - Binding column: Ejb3Column{table=org.hibernate.mapping.Table(PHONE_NUMBER), mappingColumn=PHONE_NUMBER, insertable=true, updatable=true, unique=false}
DEBUG PropertyBinder - MetadataSourceProcessor property number with lazy=false
DEBUG SimpleValueBinder - building SimpleValue for number
DEBUG PropertyBinder - Building property number
DEBUG AnnotationBinder - Binding entity from annotated class: com.expeditors.training.course3demo.model.Product
DEBUG Ejb3Column - Binding column: Ejb3DiscriminatorColumn{logicalColumnName&apos;DTYPE&apos;, discriminatorTypeName=&apos;string&apos;}
DEBUG EntityBinder - Import with entity name Product
DEBUG EntityBinder - Bind entity com.expeditors.training.course3demo.model.Product on table PRODUCT
DEBUG Ejb3Column - Binding column: Ejb3Column{table=org.hibernate.mapping.Table(PRODUCT), mappingColumn=PRODUCT_ID, insertable=true, updatable=true, unique=false}
DEBUG PropertyBinder - MetadataSourceProcessor property id with lazy=false
DEBUG SimpleValueBinder - building SimpleValue for id
DEBUG PropertyBinder - Building property id
DEBUG Ejb3Column - Binding column: Ejb3Column{table=org.hibernate.mapping.Table(PRODUCT), mappingColumn=description, insertable=true, updatable=true, unique=false}
DEBUG PropertyBinder - MetadataSourceProcessor property description with lazy=false
DEBUG SimpleValueBinder - building SimpleValue for description
DEBUG PropertyBinder - Building property description
DEBUG Ejb3Column - Binding column: Ejb3Column{table=org.hibernate.mapping.Table(PRODUCT), mappingColumn=name, insertable=true, updatable=true, unique=false}
DEBUG PropertyBinder - MetadataSourceProcessor property name with lazy=false
DEBUG SimpleValueBinder - building SimpleValue for name
DEBUG PropertyBinder - Building property name
DEBUG Ejb3Column - Binding column: Ejb3Column{table=org.hibernate.mapping.Table(PRODUCT), mappingColumn=price, insertable=true, updatable=true, unique=false}
DEBUG PropertyBinder - MetadataSourceProcessor property price with lazy=false
DEBUG SimpleValueBinder - building SimpleValue for price
DEBUG PropertyBinder - Building property price
DEBUG AnnotationBinder - Binding entity from annotated class: com.expeditors.training.course3demo.model.Shipment
DEBUG Ejb3Column - Binding column: Ejb3DiscriminatorColumn{logicalColumnName&apos;DTYPE&apos;, discriminatorTypeName=&apos;string&apos;}
DEBUG EntityBinder - Import with entity name Shipment
DEBUG EntityBinder - Bind entity com.expeditors.training.course3demo.model.Shipment on table Shipment
DEBUG Ejb3Column - Binding column: Ejb3Column{table=org.hibernate.mapping.Table(Shipment), mappingColumn=SHIPMENT_ID, insertable=true, updatable=true, unique=false}
DEBUG PropertyBinder - MetadataSourceProcessor property id with lazy=false
DEBUG SimpleValueBinder - building SimpleValue for id
DEBUG PropertyBinder - Building property id
DEBUG Ejb3Column - Binding column: Ejb3Column{table=org.hibernate.mapping.Table(Shipment), mappingColumn=destination, insertable=true, updatable=true, unique=false}
DEBUG PropertyBinder - MetadataSourceProcessor property destination with lazy=false
DEBUG SimpleValueBinder - building SimpleValue for destination
DEBUG PropertyBinder - Building property destination
DEBUG Ejb3Column - Binding column: Ejb3Column{table=org.hibernate.mapping.Table(Shipment), mappingColumn=name, insertable=true, updatable=true, unique=false}
DEBUG PropertyBinder - MetadataSourceProcessor property name with lazy=false
DEBUG SimpleValueBinder - building SimpleValue for name
DEBUG PropertyBinder - Building property name
DEBUG Ejb3Column - Binding column: Ejb3Column{table=org.hibernate.mapping.Table(Shipment), mappingColumn=origin, insertable=true, updatable=true, unique=false}
DEBUG PropertyBinder - MetadataSourceProcessor property origin with lazy=false
DEBUG SimpleValueBinder - building SimpleValue for origin
DEBUG PropertyBinder - Building property origin
DEBUG Ejb3Column - Binding column: Ejb3Column{table=org.hibernate.mapping.Table(Shipment), mappingColumn=volume, insertable=true, updatable=true, unique=false}
DEBUG PropertyBinder - MetadataSourceProcessor property volume with lazy=false
DEBUG SimpleValueBinder - building SimpleValue for volume
DEBUG PropertyBinder - Building property volume
DEBUG AnnotationBinder - Binding entity from annotated class: com.expeditors.training.course3demo.model.UserAccount
DEBUG Ejb3Column - Binding column: Ejb3DiscriminatorColumn{logicalColumnName&apos;DTYPE&apos;, discriminatorTypeName=&apos;string&apos;}
DEBUG EntityBinder - Import with entity name UserAccount
DEBUG EntityBinder - Bind entity com.expeditors.training.course3demo.model.UserAccount on table USERACCOUNT
DEBUG Ejb3Column - Binding column: Ejb3Column{table=org.hibernate.mapping.Table(USERACCOUNT), mappingColumn=USER_ID, insertable=true, updatable=true, unique=false}
DEBUG PropertyBinder - MetadataSourceProcessor property id with lazy=false
DEBUG SimpleValueBinder - building SimpleValue for id
DEBUG PropertyBinder - Building property id
DEBUG Ejb3Column - Binding column: Ejb3Column{table=org.hibernate.mapping.Table(USERACCOUNT), mappingColumn=enabled, insertable=true, updatable=true, unique=false}
DEBUG PropertyBinder - MetadataSourceProcessor property enabled with lazy=false
DEBUG SimpleValueBinder - building SimpleValue for enabled
DEBUG PropertyBinder - Building property enabled
DEBUG Ejb3Column - Binding column: Ejb3Column{table=org.hibernate.mapping.Table(USERACCOUNT), mappingColumn=password, insertable=true, updatable=true, unique=false}
DEBUG PropertyBinder - MetadataSourceProcessor property password with lazy=false
DEBUG SimpleValueBinder - building SimpleValue for password
DEBUG PropertyBinder - Building property password
DEBUG Ejb3Column - Binding column: Ejb3JoinColumn{logicalColumnName=&apos;null&apos;, referencedColumn=&apos;null&apos;, mappedBy=&apos;userAccount&apos;}
DEBUG Ejb3Column - Binding column: Ejb3Column{table=org.hibernate.mapping.Table(USERACCOUNT), mappingColumn=userRoles, insertable=true, updatable=true, unique=false}
DEBUG Ejb3Column - Binding column: Ejb3Column{table=org.hibernate.mapping.Table(USERACCOUNT), mappingColumn=null, insertable=true, updatable=true, unique=false}
DEBUG Ejb3Column - Binding column: Ejb3Column{table=org.hibernate.mapping.Table(USERACCOUNT), mappingColumn=element, insertable=true, updatable=true, unique=false}
DEBUG Ejb3Column - Binding column: Ejb3Column{table=org.hibernate.mapping.Table(USERACCOUNT), mappingColumn=userRoles_KEY, insertable=true, updatable=true, unique=false}
DEBUG Ejb3Column - Binding column: Ejb3JoinColumn{logicalColumnName=&apos;userRoles_KEY&apos;, referencedColumn=&apos;null&apos;, mappedBy=&apos;null&apos;}
DEBUG Ejb3Column - Binding column: Ejb3JoinColumn{logicalColumnName=&apos;null&apos;, referencedColumn=&apos;null&apos;, mappedBy=&apos;userAccount&apos;}
DEBUG Ejb3Column - Binding column: Ejb3JoinColumn{logicalColumnName=&apos;null&apos;, referencedColumn=&apos;null&apos;, mappedBy=&apos;userAccount&apos;}
DEBUG CollectionBinder - Collection role: com.expeditors.training.course3demo.model.UserAccount.userRoles
DEBUG PropertyBinder - Building property userRoles
DEBUG Ejb3Column - Binding column: Ejb3Column{table=org.hibernate.mapping.Table(USERACCOUNT), mappingColumn=username, insertable=true, updatable=true, unique=false}
DEBUG PropertyBinder - MetadataSourceProcessor property username with lazy=false
DEBUG SimpleValueBinder - building SimpleValue for username
DEBUG PropertyBinder - Building property username
DEBUG AnnotationBinder - Binding entity from annotated class: com.expeditors.training.course3demo.model.UserRole
DEBUG Ejb3Column - Binding column: Ejb3DiscriminatorColumn{logicalColumnName&apos;DTYPE&apos;, discriminatorTypeName=&apos;string&apos;}
DEBUG EntityBinder - Import with entity name UserRole
DEBUG EntityBinder - Bind entity com.expeditors.training.course3demo.model.UserRole on table USERROLE
DEBUG Ejb3Column - Binding column: Ejb3Column{table=org.hibernate.mapping.Table(USERROLE), mappingColumn=ROLE_ID, insertable=true, updatable=true, unique=false}
DEBUG PropertyBinder - MetadataSourceProcessor property id with lazy=false
DEBUG SimpleValueBinder - building SimpleValue for id
DEBUG PropertyBinder - Building property id
DEBUG Ejb3Column - Binding column: Ejb3Column{table=org.hibernate.mapping.Table(USERROLE), mappingColumn=ROLE_NAME, insertable=true, updatable=true, unique=false}
DEBUG PropertyBinder - MetadataSourceProcessor property role with lazy=false
DEBUG SimpleValueBinder - building SimpleValue for role
DEBUG PropertyBinder - Building property role
DEBUG Ejb3Column - Binding column: Ejb3JoinColumn{logicalColumnName=&apos;ROLE_OWNER&apos;, referencedColumn=&apos;&apos;, mappedBy=&apos;&apos;}
DEBUG Ejb3Column - Binding column: Ejb3Column{table=org.hibernate.mapping.Table(USERROLE), mappingColumn=userAccount, insertable=true, updatable=true, unique=false}
DEBUG PropertyBinder - Building property userAccount
DEBUG SimpleValueBinder - Setting SimpleValue typeName for id
DEBUG SimpleValueBinder - Setting SimpleValue typeName for city
DEBUG SimpleValueBinder - Setting SimpleValue typeName for state
DEBUG SimpleValueBinder - Setting SimpleValue typeName for street
DEBUG SimpleValueBinder - Setting SimpleValue typeName for id
DEBUG SimpleValueBinder - Setting SimpleValue typeName for amount
DEBUG SimpleValueBinder - Setting SimpleValue typeName for number
DEBUG SimpleValueBinder - Setting SimpleValue typeName for owner
DEBUG SimpleValueBinder - Setting SimpleValue typeName for id
DEBUG SimpleValueBinder - Setting SimpleValue typeName for capacity
DEBUG SimpleValueBinder - Setting SimpleValue typeName for destination
DEBUG SimpleValueBinder - Setting SimpleValue typeName for location
DEBUG SimpleValueBinder - Setting SimpleValue typeName for name
DEBUG SimpleValueBinder - Setting SimpleValue typeName for status
DEBUG SimpleValueBinder - Setting SimpleValue typeName for id
DEBUG SimpleValueBinder - Setting SimpleValue typeName for number
DEBUG SimpleValueBinder - Setting SimpleValue typeName for id
DEBUG SimpleValueBinder - Setting SimpleValue typeName for description
DEBUG SimpleValueBinder - Setting SimpleValue typeName for name
DEBUG SimpleValueBinder - Setting SimpleValue typeName for price
DEBUG SimpleValueBinder - Setting SimpleValue typeName for id
DEBUG SimpleValueBinder - Setting SimpleValue typeName for destination
DEBUG SimpleValueBinder - Setting SimpleValue typeName for name
DEBUG SimpleValueBinder - Setting SimpleValue typeName for origin
DEBUG SimpleValueBinder - Setting SimpleValue typeName for volume
DEBUG SimpleValueBinder - Setting SimpleValue typeName for id
DEBUG SimpleValueBinder - Setting SimpleValue typeName for enabled
DEBUG SimpleValueBinder - Setting SimpleValue typeName for password
DEBUG SimpleValueBinder - Setting SimpleValue typeName for username
DEBUG SimpleValueBinder - Setting SimpleValue typeName for id
DEBUG SimpleValueBinder - Setting SimpleValue typeName for role
DEBUG Configuration - Processing fk mappings (*ToOne and JoinedSubclass)
DEBUG Configuration - Processing extends queue
DEBUG Configuration - Processing extends queue
DEBUG Configuration - Processing collection mappings
DEBUG CollectionSecondPass - Second pass for collection: com.expeditors.training.course3demo.model.Card.phoneNumbers
DEBUG CollectionBinder - Binding a OneToMany: com.expeditors.training.course3demo.model.Card.phoneNumbers through a foreign key
DEBUG CollectionBinder - Mapping collection: com.expeditors.training.course3demo.model.Card.phoneNumbers -&gt; PHONE_NUMBER
DEBUG TableBinder - Retrieving property com.expeditors.training.course3demo.model.PhoneNumber.card
DEBUG SimpleValueBinder - building SimpleValue for null
DEBUG SimpleValueBinder - Setting SimpleValue typeName for null
DEBUG CollectionSecondPass - Mapped collection key: CARD_ID, index: index, one-to-many: com.expeditors.training.course3demo.model.PhoneNumber
DEBUG CollectionSecondPass - Second pass for collection: com.expeditors.training.course3demo.model.UserAccount.userRoles
DEBUG CollectionBinder - Binding a OneToMany: com.expeditors.training.course3demo.model.UserAccount.userRoles through a foreign key
DEBUG CollectionBinder - Mapping collection: com.expeditors.training.course3demo.model.UserAccount.userRoles -&gt; USERROLE
DEBUG TableBinder - Retrieving property com.expeditors.training.course3demo.model.UserRole.userAccount
DEBUG CollectionSecondPass - Mapped collection key: ROLE_OWNER, one-to-many: com.expeditors.training.course3demo.model.UserRole
DEBUG Configuration - Processing native query and ResultSetMapping mappings
DEBUG Configuration - Processing association property references
DEBUG Configuration - Creating tables&apos; unique integer identifiers
DEBUG Configuration - Processing foreign key constraints
DEBUG Configuration - Resolving reference to class: com.expeditors.training.course3demo.model.Address
DEBUG Configuration - Resolving reference to class: com.expeditors.training.course3demo.model.Card
DEBUG Configuration - Resolving reference to class: com.expeditors.training.course3demo.model.UserAccount
INFO  ConnectionProviderInitiator - HHH000130: Instantiating explicit connection provider: org.hibernate.ejb.connection.InjectedDataSourceConnectionProvider
DEBUG DriverManagerDataSource - Creating new JDBC DriverManager Connection to [jdbc:hsqldb:mem:paging]
DEBUG JdbcServicesImpl - Database -&gt;
       name : HSQL Database Engine
    version : 2.2.4
      major : 2
      minor : 2
DEBUG JdbcServicesImpl - Driver -&gt;
       name : HSQL Database Engine Driver
    version : 2.2.4
      major : 2
      minor : 2
DEBUG JdbcServicesImpl - JDBC version : 4.0
INFO  Dialect - HHH000400: Using dialect: org.hibernate.dialect.HSQLDialect
DEBUG SettingsFactory - Automatic flush during beforeCompletion(): disabled
DEBUG SettingsFactory - Automatic session close at end of transaction: disabled
DEBUG SettingsFactory - JDBC batch size: 15
DEBUG SettingsFactory - JDBC batch updates for versioned data: disabled
DEBUG SettingsFactory - Scrollable result sets: enabled
DEBUG SettingsFactory - Wrap result sets: disabled
DEBUG SettingsFactory - JDBC3 getGeneratedKeys(): enabled
DEBUG SettingsFactory - multi-tenancy strategy : NONE
DEBUG SettingsFactory - Connection release mode: auto
INFO  TransactionFactoryInitiator - HHH000268: Transaction strategy: org.hibernate.engine.transaction.internal.jdbc.JdbcTransactionFactory
DEBUG SettingsFactory - Using BatchFetchStyle : LEGACY
DEBUG SettingsFactory - Default batch fetch size: 1
DEBUG SettingsFactory - Generate SQL with comments: disabled
DEBUG SettingsFactory - Order SQL updates by primary key: disabled
DEBUG SettingsFactory - Order SQL inserts for batching: disabled
DEBUG SettingsFactory - Default null ordering: none
DEBUG SettingsFactory - Query translator: org.hibernate.hql.internal.ast.ASTQueryTranslatorFactory
INFO  ASTQueryTranslatorFactory - HHH000397: Using ASTQueryTranslatorFactory
DEBUG SettingsFactory - Query language substitutions: {}
DEBUG SettingsFactory - JPA-QL strict compliance: enabled
DEBUG SettingsFactory - Second-level cache: enabled
DEBUG SettingsFactory - Query cache: disabled
DEBUG SettingsFactory - Cache region factory : org.hibernate.cache.internal.NoCachingRegionFactory
DEBUG SettingsFactory - org.hibernate.cache.internal.NoCachingRegionFactory did not provide constructor accepting java.util.Properties; attempting no-arg constructor.
DEBUG SettingsFactory - Optimize cache for minimal puts: disabled
DEBUG SettingsFactory - Structured second-level cache entries: disabled
DEBUG SettingsFactory - Second-level cache direct-reference entries: disabled
DEBUG SettingsFactory - Statistics: disabled
DEBUG SettingsFactory - Deleted entity synthetic identifier rollback: disabled
DEBUG SettingsFactory - Default entity-mode: pojo
DEBUG SettingsFactory - Named query checking : enabled
DEBUG SettingsFactory - Check Nullability in Core (should be disabled when Bean Validation is on): enabled
DEBUG SettingsFactory - Allow initialization of lazy state outside session : : disabled
DEBUG SettingsFactory - JTA Track by Thread: enabled
DEBUG SessionFactoryImpl - Building session factory
DEBUG SessionFactoryImpl - Session factory constructed with filter configurations : {}
DEBUG SessionFactoryImpl - Instantiating session factory with properties: {java.vendor=Oracle Corporation, localRepository=C:\Users\chq-jamesgl\.m2\repository, hibernate=org.hibernate.dialect.HSQLDialect, sun.java.launcher=SUN_STANDARD, sun.management.compiler=HotSpot 64-Bit Tiered Compilers, hibernate.ejb.discard_pc_on_close=false, hibernate.transaction.flush_before_completion=false, os.name=Windows 7, sun.boot.class.path=C:\Program Files\Java\jdk1.8.0_20\jre\lib\resources.jar;C:\Program Files\Java\jdk1.8.0_20\jre\lib\rt.jar;C:\Program Files\Java\jdk1.8.0_20\jre\lib\sunrsasign.jar;C:\Program Files\Java\jdk1.8.0_20\jre\lib\jsse.jar;C:\Program Files\Java\jdk1.8.0_20\jre\lib\jce.jar;C:\Program Files\Java\jdk1.8.0_20\jre\lib\charsets.jar;C:\Program Files\Java\jdk1.8.0_20\jre\lib\jfr.jar;C:\Program Files\Java\jdk1.8.0_20\jre\classes, sun.desktop=windows, java.vm.specification.vendor=Oracle Corporation, java.runtime.version=1.8.0_20-b26, hibernate.connection.autocommit=true, user.name=chq-jamesgl, javax.persistence.validation.mode=AUTO, hibernate.connection.release_mode=auto, user.language=en, sun.boot.library.path=C:\Program Files\Java\jdk1.8.0_20\jre\bin, java.version=1.8.0_20, user.timezone=America/Los_Angeles, sun.arch.data.model=64, java.endorsed.dirs=C:\Program Files\Java\jdk1.8.0_20\jre\lib\endorsed, sun.cpu.isalist=amd64, sun.jnu.encoding=Cp1252, file.encoding.pkg=sun.io, file.separator=\, java.specification.name=Java Platform API Specification, java.class.version=52.0, user.country=US, java.home=C:\Program Files\Java\jdk1.8.0_20\jre, java.vm.info=mixed mode, os.version=6.1, hibernate.transaction.factory_class=org.hibernate.engine.transaction.internal.jdbc.JdbcTransactionFactory, hibernate.connection.datasource=org.springframework.jdbc.datasource.DriverManagerDataSource@5d1b9c3d, surefire.real.class.path=C:\Users\chq-jamesgl\STS_work2\finalprojectgleixner\target\surefire\surefirebooter2652706606512848435.jar, hibernate.query.jpaql_strict_compliance=true, path.separator=;, java.vm.version=25.20-b23, user.variant=, java.awt.printerjob=sun.awt.windows.WPrinterJob, sun.io.unicode.encoding=UnicodeLittle, awt.toolkit=sun.awt.windows.WToolkit, user.script=, user.home=C:\Users\chq-jamesgl, java.specification.vendor=Oracle Corporation, hibernate.hbm2ddl.auto=create-drop, java.library.path=C:\Program Files\Java\jdk1.8.0_20\jre\bin;C:\WINDOWS\Sun\Java\bin;C:\WINDOWS\system32;C:\WINDOWS;C:/Program Files/Java/jdk1.7.0_45/bin/../jre/bin/server;C:/Program Files/Java/jdk1.7.0_45/bin/../jre/bin;C:/Program Files/Java/jdk1.7.0_45/bin/../jre/lib/amd64;C:\Program Files\spring-1.2.1.RELEASE\bin;C:\Maven\apache-maven-3.0.5\bin;C:\Program Files\Java\jdk1.7.0_45\bin;C:\ProgramData\Oracle\Java\javapath;C:\Program Files (x86)\Intel\iCLS Client\;C:\Program Files\Intel\iCLS Client\;C:\WINDOWS\system32;C:\WINDOWS;C:\WINDOWS\System32\Wbem;C:\WINDOWS\System32\WindowsPowerShell\v1.0\;C:\Program Files\Intel\DMIX;C:\WINDOWS\CCM;C:\WINDOWS\CCM;C:\WINDOWS\CCM;C:\WINDOWS\CCM;C:\WINDOWS\CCM;C:\WINDOWS\CCM;C:\WINDOWS\CCM;C:\PROGRA~2\IBM\SQLLIB\BIN;C:\PROGRA~2\IBM\SQLLIB\FUNCTION;C:\PROGRA~2\IBM\SQLLIB\SAMPLES\REPL;C:\Program Files\Intel\Intel(R) Management Engine Components\DAL;C:\Program Files\Intel\Intel(R) Management Engine Components\IPT;C:\Program Files (x86)\Intel\Intel(R) Management Engine Components\DAL;C:\Program Files (x86)\Intel\Intel(R) Management Engine Components\IPT;C:\Program Files\Microsoft\Web Platform Installer\;C:\Program Files\TortoiseSVN\bin;C:\Users\chq-jamesgl\Documents\STS2\sts-bundle\sts-3.6.3.SR1;;., java.vendor.url=http://java.oracle.com/, java.vm.vendor=Oracle Corporation, java.runtime.name=Java(TM) SE Runtime Environment, sun.java.command=C:\Users\chq-jamesgl\STS_work2\finalprojectgleixner\target\surefire\surefirebooter2652706606512848435.jar C:\Users\chq-jamesgl\STS_work2\finalprojectgleixner\target\surefire\surefire292260823960733787tmp C:\Users\chq-jamesgl\STS_work2\finalprojectgleixner\target\surefire\surefire_03224240600998134897tmp, java.class.path=C:\Users\chq-jamesgl\STS_work2\finalprojectgleixner\target\test-classes;C:\Users\chq-jamesgl\STS_work2\finalprojectgleixner\target\classes;C:\Users\chq-jamesgl\.m2\repository\org\springframework\spring-webmvc\3.2.3.RELEASE\spring-webmvc-3.2.3.RELEASE.jar;C:\Users\chq-jamesgl\.m2\repository\org\springframework\spring-beans\3.2.3.RELEASE\spring-beans-3.2.3.RELEASE.jar;C:\Users\chq-jamesgl\.m2\repository\org\springframework\spring-context\3.2.3.RELEASE\spring-context-3.2.3.RELEASE.jar;C:\Users\chq-jamesgl\.m2\repository\org\springframework\spring-core\3.2.3.RELEASE\spring-core-3.2.3.RELEASE.jar;C:\Users\chq-jamesgl\.m2\repository\commons-logging\commons-logging\1.1.1\commons-logging-1.1.1.jar;C:\Users\chq-jamesgl\.m2\repository\org\springframework\spring-expression\3.2.3.RELEASE\spring-expression-3.2.3.RELEASE.jar;C:\Users\chq-jamesgl\.m2\repository\org\springframework\spring-web\3.2.3.RELEASE\spring-web-3.2.3.RELEASE.jar;C:\Users\chq-jamesgl\.m2\repository\org\springframework\security\spring-security-web\3.2.3.RELEASE\spring-security-web-3.2.3.RELEASE.jar;C:\Users\chq-jamesgl\.m2\repository\aopalliance\aopalliance\1.0\aopalliance-1.0.jar;C:\Users\chq-jamesgl\.m2\repository\org\springframework\security\spring-security-core\3.2.3.RELEASE\spring-security-core-3.2.3.RELEASE.jar;C:\Users\chq-jamesgl\.m2\repository\org\springframework\security\spring-security-config\3.2.3.RELEASE\spring-security-config-3.2.3.RELEASE.jar;C:\Users\chq-jamesgl\.m2\repository\org\springframework\security\spring-security-taglibs\3.2.3.RELEASE\spring-security-taglibs-3.2.3.RELEASE.jar;C:\Users\chq-jamesgl\.m2\repository\org\springframework\security\spring-security-acl\3.2.3.RELEASE\spring-security-acl-3.2.3.RELEASE.jar;C:\Users\chq-jamesgl\.m2\repository\javax\servlet\jstl\1.2\jstl-1.2.jar;C:\Users\chq-jamesgl\.m2\repository\javax\servlet\servlet-api\2.5\servlet-api-2.5.jar;C:\Users\chq-jamesgl\.m2\repository\javax\servlet\jsp\jsp-api\2.2\jsp-api-2.2.jar;C:\Users\chq-jamesgl\.m2\repository\org\springframework\spring-tx\3.2.3.RELEASE\spring-tx-3.2.3.RELEASE.jar;C:\Users\chq-jamesgl\.m2\repository\org\springframework\spring-orm\3.2.3.RELEASE\spring-orm-3.2.3.RELEASE.jar;C:\Users\chq-jamesgl\.m2\repository\org\springframework\spring-jdbc\3.2.3.RELEASE\spring-jdbc-3.2.3.RELEASE.jar;C:\Users\chq-jamesgl\.m2\repository\org\springframework\spring-aop\3.2.3.RELEASE\spring-aop-3.2.3.RELEASE.jar;C:\Users\chq-jamesgl\.m2\repository\org\springframework\data\spring-data-jpa\1.3.1.RELEASE\spring-data-jpa-1.3.1.RELEASE.jar;C:\Users\chq-jamesgl\.m2\repository\org\springframework\data\spring-data-commons\1.5.1.RELEASE\spring-data-commons-1.5.1.RELEASE.jar;C:\Users\chq-jamesgl\.m2\repository\org\aspectj\aspectjrt\1.7.2\aspectjrt-1.7.2.jar;C:\Users\chq-jamesgl\.m2\repository\org\slf4j\jcl-over-slf4j\1.7.1\jcl-over-slf4j-1.7.1.jar;C:\Users\chq-jamesgl\.m2\repository\org\slf4j\slf4j-api\1.7.5\slf4j-api-1.7.5.jar;C:\Users\chq-jamesgl\.m2\repository\ch\qos\logback\logback-classic\1.0.13\logback-classic-1.0.13.jar;C:\Users\chq-jamesgl\.m2\repository\ch\qos\logback\logback-core\1.0.13\logback-core-1.0.13.jar;C:\Users\chq-jamesgl\.m2\repository\org\hibernate\hibernate-entitymanager\4.2.1.Final\hibernate-entitymanager-4.2.1.Final.jar;C:\Users\chq-jamesgl\.m2\repository\org\jboss\logging\jboss-logging\3.1.0.GA\jboss-logging-3.1.0.GA.jar;C:\Users\chq-jamesgl\.m2\repository\org\hibernate\hibernate-core\4.2.1.Final\hibernate-core-4.2.1.Final.jar;C:\Users\chq-jamesgl\.m2\repository\antlr\antlr\2.7.7\antlr-2.7.7.jar;C:\Users\chq-jamesgl\.m2\repository\dom4j\dom4j\1.6.1\dom4j-1.6.1.jar;C:\Users\chq-jamesgl\.m2\repository\org\jboss\spec\javax\transaction\jboss-transaction-api_1.1_spec\1.0.1.Final\jboss-transaction-api_1.1_spec-1.0.1.Final.jar;C:\Users\chq-jamesgl\.m2\repository\org\hibernate\javax\persistence\hibernate-jpa-2.0-api\1.0.1.Final\hibernate-jpa-2.0-api-1.0.1.Final.jar;C:\Users\chq-jamesgl\.m2\repository\org\javassist\javassist\3.15.0-GA\javassist-3.15.0-GA.jar;C:\Users\chq-jamesgl\.m2\repository\org\hibernate\common\hibernate-commons-annotations\4.0.1.Final\hibernate-commons-annotations-4.0.1.Final.jar;C:\Users\chq-jamesgl\.m2\repository\javax\validation\validation-api\1.1.0.Final\validation-api-1.1.0.Final.jar;C:\Users\chq-jamesgl\.m2\repository\org\hibernate\hibernate-validator\4.2.0.Final\hibernate-validator-4.2.0.Final.jar;C:\Users\chq-jamesgl\.m2\repository\org\hsqldb\hsqldb\2.2.4\hsqldb-2.2.4.jar;C:\Users\chq-jamesgl\.m2\repository\org\dbunit\dbunit\2.5.0\dbunit-2.5.0.jar;C:\Users\chq-jamesgl\.m2\repository\commons-collections\commons-collections\3.2.1\commons-collections-3.2.1.jar;C:\Users\chq-jamesgl\.m2\repository\com\github\springtestdbunit\spring-test-dbunit\1.2.0\spring-test-dbunit-1.2.0.jar;C:\Users\chq-jamesgl\.m2\repository\org\springframework\spring-test\3.2.3.RELEASE\spring-test-3.2.3.RELEASE.jar;C:\Users\chq-jamesgl\.m2\repository\org\hamcrest\hamcrest-all\1.3\hamcrest-all-1.3.jar;C:\Users\chq-jamesgl\.m2\repository\junit\junit\4.11\junit-4.11.jar;C:\Users\chq-jamesgl\.m2\repository\org\hamcrest\hamcrest-core\1.3\hamcrest-core-1.3.jar;C:\Users\chq-jamesgl\.m2\repository\org\mockito\mockito-core\1.9.5\mockito-core-1.9.5.jar;C:\Users\chq-jamesgl\.m2\repository\org\objenesis\objenesis\1.0\objenesis-1.0.jar;C:\Users\chq-jamesgl\.m2\repository\org\apache\derby\derbyclient\10.11.1.1\derbyclient-10.11.1.1.jar;C:\Users\chq-jamesgl\.m2\repository\org\sitemesh\sitemesh\3.0-alpha-2\sitemesh-3.0-alpha-2.jar;, hibernate.bytecode.use_reflection_optimizer=false, java.vm.specification.name=Java Virtual Machine Specification, java.vm.specification.version=1.8, sun.cpu.endian=little, sun.os.patch.level=Service Pack 1, hibernate.connection.provider_class=org.hibernate.ejb.connection.InjectedDataSourceConnectionProvider, surefire.test.class.path=C:\Users\chq-jamesgl\STS_work2\finalprojectgleixner\target\test-classes;C:\Users\chq-jamesgl\STS_work2\finalprojectgleixner\target\classes;C:\Users\chq-jamesgl\.m2\repository\org\springframework\spring-webmvc\3.2.3.RELEASE\spring-webmvc-3.2.3.RELEASE.jar;C:\Users\chq-jamesgl\.m2\repository\org\springframework\spring-beans\3.2.3.RELEASE\spring-beans-3.2.3.RELEASE.jar;C:\Users\chq-jamesgl\.m2\repository\org\springframework\spring-context\3.2.3.RELEASE\spring-context-3.2.3.RELEASE.jar;C:\Users\chq-jamesgl\.m2\repository\org\springframework\spring-core\3.2.3.RELEASE\spring-core-3.2.3.RELEASE.jar;C:\Users\chq-jamesgl\.m2\repository\commons-logging\commons-logging\1.1.1\commons-logging-1.1.1.jar;C:\Users\chq-jamesgl\.m2\repository\org\springframework\spring-expression\3.2.3.RELEASE\spring-expression-3.2.3.RELEASE.jar;C:\Users\chq-jamesgl\.m2\repository\org\springframework\spring-web\3.2.3.RELEASE\spring-web-3.2.3.RELEASE.jar;C:\Users\chq-jamesgl\.m2\repository\org\springframework\security\spring-security-web\3.2.3.RELEASE\spring-security-web-3.2.3.RELEASE.jar;C:\Users\chq-jamesgl\.m2\repository\aopalliance\aopalliance\1.0\aopalliance-1.0.jar;C:\Users\chq-jamesgl\.m2\repository\org\springframework\security\spring-security-core\3.2.3.RELEASE\spring-security-core-3.2.3.RELEASE.jar;C:\Users\chq-jamesgl\.m2\repository\org\springframework\security\spring-security-config\3.2.3.RELEASE\spring-security-config-3.2.3.RELEASE.jar;C:\Users\chq-jamesgl\.m2\repository\org\springframework\security\spring-security-taglibs\3.2.3.RELEASE\spring-security-taglibs-3.2.3.RELEASE.jar;C:\Users\chq-jamesgl\.m2\repository\org\springframework\security\spring-security-acl\3.2.3.RELEASE\spring-security-acl-3.2.3.RELEASE.jar;C:\Users\chq-jamesgl\.m2\repository\javax\servlet\jstl\1.2\jstl-1.2.jar;C:\Users\chq-jamesgl\.m2\repository\javax\servlet\servlet-api\2.5\servlet-api-2.5.jar;C:\Users\chq-jamesgl\.m2\repository\javax\servlet\jsp\jsp-api\2.2\jsp-api-2.2.jar;C:\Users\chq-jamesgl\.m2\repository\org\springframework\spring-tx\3.2.3.RELEASE\spring-tx-3.2.3.RELEASE.jar;C:\Users\chq-jamesgl\.m2\repository\org\springframework\spring-orm\3.2.3.RELEASE\spring-orm-3.2.3.RELEASE.jar;C:\Users\chq-jamesgl\.m2\repository\org\springframework\spring-jdbc\3.2.3.RELEASE\spring-jdbc-3.2.3.RELEASE.jar;C:\Users\chq-jamesgl\.m2\repository\org\springframework\spring-aop\3.2.3.RELEASE\spring-aop-3.2.3.RELEASE.jar;C:\Users\chq-jamesgl\.m2\repository\org\springframework\data\spring-data-jpa\1.3.1.RELEASE\spring-data-jpa-1.3.1.RELEASE.jar;C:\Users\chq-jamesgl\.m2\repository\org\springframework\data\spring-data-commons\1.5.1.RELEASE\spring-data-commons-1.5.1.RELEASE.jar;C:\Users\chq-jamesgl\.m2\repository\org\aspectj\aspectjrt\1.7.2\aspectjrt-1.7.2.jar;C:\Users\chq-jamesgl\.m2\repository\org\slf4j\jcl-over-slf4j\1.7.1\jcl-over-slf4j-1.7.1.jar;C:\Users\chq-jamesgl\.m2\repository\org\slf4j\slf4j-api\1.7.5\slf4j-api-1.7.5.jar;C:\Users\chq-jamesgl\.m2\repository\ch\qos\logback\logback-classic\1.0.13\logback-classic-1.0.13.jar;C:\Users\chq-jamesgl\.m2\repository\ch\qos\logback\logback-core\1.0.13\logback-core-1.0.13.jar;C:\Users\chq-jamesgl\.m2\repository\org\hibernate\hibernate-entitymanager\4.2.1.Final\hibernate-entitymanager-4.2.1.Final.jar;C:\Users\chq-jamesgl\.m2\repository\org\jboss\logging\jboss-logging\3.1.0.GA\jboss-logging-3.1.0.GA.jar;C:\Users\chq-jamesgl\.m2\repository\org\hibernate\hibernate-core\4.2.1.Final\hibernate-core-4.2.1.Final.jar;C:\Users\chq-jamesgl\.m2\repository\antlr\antlr\2.7.7\antlr-2.7.7.jar;C:\Users\chq-jamesgl\.m2\repository\dom4j\dom4j\1.6.1\dom4j-1.6.1.jar;C:\Users\chq-jamesgl\.m2\repository\org\jboss\spec\javax\transaction\jboss-transaction-api_1.1_spec\1.0.1.Final\jboss-transaction-api_1.1_spec-1.0.1.Final.jar;C:\Users\chq-jamesgl\.m2\repository\org\hibernate\javax\persistence\hibernate-jpa-2.0-api\1.0.1.Final\hibernate-jpa-2.0-api-1.0.1.Final.jar;C:\Users\chq-jamesgl\.m2\repository\org\javassist\javassist\3.15.0-GA\javassist-3.15.0-GA.jar;C:\Users\chq-jamesgl\.m2\repository\org\hibernate\common\hibernate-commons-annotations\4.0.1.Final\hibernate-commons-annotations-4.0.1.Final.jar;C:\Users\chq-jamesgl\.m2\repository\javax\validation\validation-api\1.1.0.Final\validation-api-1.1.0.Final.jar;C:\Users\chq-jamesgl\.m2\repository\org\hibernate\hibernate-validator\4.2.0.Final\hibernate-validator-4.2.0.Final.jar;C:\Users\chq-jamesgl\.m2\repository\org\hsqldb\hsqldb\2.2.4\hsqldb-2.2.4.jar;C:\Users\chq-jamesgl\.m2\repository\org\dbunit\dbunit\2.5.0\dbunit-2.5.0.jar;C:\Users\chq-jamesgl\.m2\repository\commons-collections\commons-collections\3.2.1\commons-collections-3.2.1.jar;C:\Users\chq-jamesgl\.m2\repository\com\github\springtestdbunit\spring-test-dbunit\1.2.0\spring-test-dbunit-1.2.0.jar;C:\Users\chq-jamesgl\.m2\repository\org\springframework\spring-test\3.2.3.RELEASE\spring-test-3.2.3.RELEASE.jar;C:\Users\chq-jamesgl\.m2\repository\org\hamcrest\hamcrest-all\1.3\hamcrest-all-1.3.jar;C:\Users\chq-jamesgl\.m2\repository\junit\junit\4.11\junit-4.11.jar;C:\Users\chq-jamesgl\.m2\repository\org\hamcrest\hamcrest-core\1.3\hamcrest-core-1.3.jar;C:\Users\chq-jamesgl\.m2\repository\org\mockito\mockito-core\1.9.5\mockito-core-1.9.5.jar;C:\Users\chq-jamesgl\.m2\repository\org\objenesis\objenesis\1.0\objenesis-1.0.jar;C:\Users\chq-jamesgl\.m2\repository\org\apache\derby\derbyclient\10.11.1.1\derbyclient-10.11.1.1.jar;C:\Users\chq-jamesgl\.m2\repository\org\sitemesh\sitemesh\3.0-alpha-2\sitemesh-3.0-alpha-2.jar;, java.io.tmpdir=C:\Users\CHQ-JA~1\AppData\Local\Temp\, java.vendor.url.bug=http://bugreport.sun.com/bugreport/, javax.persistence.sharedCache.mode=UNSPECIFIED, os.arch=amd64, java.awt.graphicsenv=sun.awt.Win32GraphicsEnvironment, java.ext.dirs=C:\Program Files\Java\jdk1.8.0_20\jre\lib\ext;C:\WINDOWS\Sun\Java\lib\ext, user.dir=C:\Users\chq-jamesgl\STS_work2\finalprojectgleixner, line.separator=
, java.vm.name=Java HotSpot(TM) 64-Bit Server VM, basedir=C:\Users\chq-jamesgl\STS_work2\finalprojectgleixner, file.encoding=Cp1252, hibernate.use_identifier_rollback=false, java.specification.version=1.8, hibernate.show_sql=true}
DEBUG DefaultTraversableResolver - Found javax.persistence.Persistence on classpath containing &apos;getPersistenceUtil&apos;. Assuming JPA 2 environment. Trying to instantiate JPA aware TraversableResolver
DEBUG DefaultTraversableResolver - Instantiated JPA aware TraversableResolver of type org.hibernate.validator.engine.resolver.JPATraversableResolver.
DEBUG ValidationXmlParser - Trying to load META-INF/validation.xml for XML based Validator configuration.
DEBUG ValidationXmlParser - No META-INF/validation.xml found. Using annotation based configuration only
DEBUG DefaultTraversableResolver - Found javax.persistence.Persistence on classpath containing &apos;getPersistenceUtil&apos;. Assuming JPA 2 environment. Trying to instantiate JPA aware TraversableResolver
DEBUG DefaultTraversableResolver - Instantiated JPA aware TraversableResolver of type org.hibernate.validator.engine.resolver.JPATraversableResolver.
DEBUG ValidationXmlParser - Trying to load META-INF/validation.xml for XML based Validator configuration.
DEBUG ValidationXmlParser - No META-INF/validation.xml found. Using annotation based configuration only
DEBUG ConstraintDescriptorImpl - Adding composing constraint: ConstraintDescriptorImpl{annotation=javax.validation.constraints.NotNull, payloads=[], hasComposingConstraints=true, isReportAsSingleInvalidConstraint=false, elementType=FIELD, definedOn=DEFINED_LOCALLY, groups=[interface javax.validation.groups.Default], attributes={message={javax.validation.constraints.NotNull.message}, groups=[Ljava.lang.Class;@7e1f584d, payload=[Ljava.lang.Class;@7dff6d05}}
DEBUG ConstraintDescriptorImpl - Adding composing constraint: ConstraintDescriptorImpl{annotation=javax.validation.constraints.Size, payloads=[], hasComposingConstraints=true, isReportAsSingleInvalidConstraint=false, elementType=FIELD, definedOn=DEFINED_LOCALLY, groups=[interface javax.validation.groups.Default], attributes={groups=[Ljava.lang.Class;@34fe326d, min=1, message={javax.validation.constraints.Size.message}, max=2147483647, payload=[Ljava.lang.Class;@30a7c98f}}
DEBUG ConstraintDescriptorImpl - Adding composing constraint: ConstraintDescriptorImpl{annotation=javax.validation.constraints.NotNull, payloads=[], hasComposingConstraints=true, isReportAsSingleInvalidConstraint=false, elementType=FIELD, definedOn=DEFINED_LOCALLY, groups=[interface javax.validation.groups.Default], attributes={message={javax.validation.constraints.NotNull.message}, groups=[Ljava.lang.Class;@c1fca2a, payload=[Ljava.lang.Class;@5533dc72}}
DEBUG ConstraintDescriptorImpl - Adding composing constraint: ConstraintDescriptorImpl{annotation=javax.validation.constraints.Size, payloads=[], hasComposingConstraints=true, isReportAsSingleInvalidConstraint=false, elementType=FIELD, definedOn=DEFINED_LOCALLY, groups=[interface javax.validation.groups.Default], attributes={groups=[Ljava.lang.Class;@64fc097e, min=1, message={javax.validation.constraints.Size.message}, max=2147483647, payload=[Ljava.lang.Class;@1640c151}}
DEBUG ConstraintDescriptorImpl - Adding composing constraint: ConstraintDescriptorImpl{annotation=javax.validation.constraints.NotNull, payloads=[], hasComposingConstraints=true, isReportAsSingleInvalidConstraint=false, elementType=FIELD, definedOn=DEFINED_LOCALLY, groups=[interface javax.validation.groups.Default], attributes={message={javax.validation.constraints.NotNull.message}, groups=[Ljava.lang.Class;@2a32fb6, payload=[Ljava.lang.Class;@6107165}}
DEBUG ConstraintDescriptorImpl - Adding composing constraint: ConstraintDescriptorImpl{annotation=javax.validation.constraints.Size, payloads=[], hasComposingConstraints=true, isReportAsSingleInvalidConstraint=false, elementType=FIELD, definedOn=DEFINED_LOCALLY, groups=[interface javax.validation.groups.Default], attributes={groups=[Ljava.lang.Class;@11ebb1b6, min=1, message={javax.validation.constraints.Size.message}, max=2147483647, payload=[Ljava.lang.Class;@aaee2a2}}
DEBUG ConstraintDescriptorImpl - Adding composing constraint: ConstraintDescriptorImpl{annotation=javax.validation.constraints.NotNull, payloads=[], hasComposingConstraints=true, isReportAsSingleInvalidConstraint=false, elementType=FIELD, definedOn=DEFINED_LOCALLY, groups=[interface javax.validation.groups.Default], attributes={message={javax.validation.constraints.NotNull.message}, groups=[Ljava.lang.Class;@670ce331, payload=[Ljava.lang.Class;@3cff0139}}
DEBUG ConstraintDescriptorImpl - Adding composing constraint: ConstraintDescriptorImpl{annotation=javax.validation.constraints.Size, payloads=[], hasComposingConstraints=true, isReportAsSingleInvalidConstraint=false, elementType=FIELD, definedOn=DEFINED_LOCALLY, groups=[interface javax.validation.groups.Default], attributes={groups=[Ljava.lang.Class;@4b2e3e8f, min=1, message={javax.validation.constraints.Size.message}, max=2147483647, payload=[Ljava.lang.Class;@4bbb49b0}}
DEBUG ConstraintDescriptorImpl - Adding composing constraint: ConstraintDescriptorImpl{annotation=javax.validation.constraints.NotNull, payloads=[], hasComposingConstraints=true, isReportAsSingleInvalidConstraint=false, elementType=FIELD, definedOn=DEFINED_LOCALLY, groups=[interface javax.validation.groups.Default], attributes={message={javax.validation.constraints.NotNull.message}, groups=[Ljava.lang.Class;@7c9bdee9, payload=[Ljava.lang.Class;@7afbf561}}
DEBUG ConstraintDescriptorImpl - Adding composing constraint: ConstraintDescriptorImpl{annotation=javax.validation.constraints.Size, payloads=[], hasComposingConstraints=true, isReportAsSingleInvalidConstraint=false, elementType=FIELD, definedOn=DEFINED_LOCALLY, groups=[interface javax.validation.groups.Default], attributes={groups=[Ljava.lang.Class;@49c8f6e8, min=1, message={javax.validation.constraints.Size.message}, max=2147483647, payload=[Ljava.lang.Class;@6b0615ae}}
DEBUG ConstraintDescriptorImpl - Adding composing constraint: ConstraintDescriptorImpl{annotation=javax.validation.constraints.NotNull, payloads=[], hasComposingConstraints=true, isReportAsSingleInvalidConstraint=false, elementType=FIELD, definedOn=DEFINED_LOCALLY, groups=[interface javax.validation.groups.Default], attributes={message={javax.validation.constraints.NotNull.message}, groups=[Ljava.lang.Class;@221dad51, payload=[Ljava.lang.Class;@2cec704c}}
DEBUG ConstraintDescriptorImpl - Adding composing constraint: ConstraintDescriptorImpl{annotation=javax.validation.constraints.Size, payloads=[], hasComposingConstraints=true, isReportAsSingleInvalidConstraint=false, elementType=FIELD, definedOn=DEFINED_LOCALLY, groups=[interface javax.validation.groups.Default], attributes={groups=[Ljava.lang.Class;@2416498e, min=1, message={javax.validation.constraints.Size.message}, max=2147483647, payload=[Ljava.lang.Class;@6b2e0f78}}
DEBUG ConstraintDescriptorImpl - Adding composing constraint: ConstraintDescriptorImpl{annotation=javax.validation.constraints.NotNull, payloads=[], hasComposingConstraints=true, isReportAsSingleInvalidConstraint=false, elementType=FIELD, definedOn=DEFINED_LOCALLY, groups=[interface javax.validation.groups.Default], attributes={message={javax.validation.constraints.NotNull.message}, groups=[Ljava.lang.Class;@3659d7b1, payload=[Ljava.lang.Class;@2015b2cd}}
DEBUG ConstraintDescriptorImpl - Adding composing constraint: ConstraintDescriptorImpl{annotation=javax.validation.constraints.Size, payloads=[], hasComposingConstraints=true, isReportAsSingleInvalidConstraint=false, elementType=FIELD, definedOn=DEFINED_LOCALLY, groups=[interface javax.validation.groups.Default], attributes={groups=[Ljava.lang.Class;@64693226, min=1, message={javax.validation.constraints.Size.message}, max=2147483647, payload=[Ljava.lang.Class;@1c758545}}
DEBUG DefaultIdentifierGeneratorFactory - Setting dialect [org.hibernate.dialect.HSQLDialect]
DEBUG DefaultIdentifierGeneratorFactory - Setting dialect [org.hibernate.dialect.HSQLDialect]
DEBUG DefaultIdentifierGeneratorFactory - Setting dialect [org.hibernate.dialect.HSQLDialect]
DEBUG DefaultIdentifierGeneratorFactory - Setting dialect [org.hibernate.dialect.HSQLDialect]
DEBUG DefaultIdentifierGeneratorFactory - Setting dialect [org.hibernate.dialect.HSQLDialect]
DEBUG DefaultIdentifierGeneratorFactory - Setting dialect [org.hibernate.dialect.HSQLDialect]
DEBUG DefaultIdentifierGeneratorFactory - Setting dialect [org.hibernate.dialect.HSQLDialect]
DEBUG DefaultIdentifierGeneratorFactory - Setting dialect [org.hibernate.dialect.HSQLDialect]
DEBUG AbstractEntityPersister - Static SQL for entity: com.expeditors.training.course3demo.model.PhoneNumber
DEBUG AbstractEntityPersister -  Version select: select PHONE_NUMBER_ID from PHONE_NUMBER where PHONE_NUMBER_ID =?
DEBUG AbstractEntityPersister -  Snapshot select: select phonenumbe_.PHONE_NUMBER_ID, phonenumbe_.CARD_ID as CARD3_3_, phonenumbe_.PHONE_NUMBER as PHONE2_3_ from PHONE_NUMBER phonenumbe_ where phonenumbe_.PHONE_NUMBER_ID=?
DEBUG AbstractEntityPersister -  Insert 0: insert into PHONE_NUMBER (CARD_ID, PHONE_NUMBER, PHONE_NUMBER_ID) values (?, ?, ?)
DEBUG AbstractEntityPersister -  Update 0: update PHONE_NUMBER set CARD_ID=?, PHONE_NUMBER=? where PHONE_NUMBER_ID=?
DEBUG AbstractEntityPersister -  Delete 0: delete from PHONE_NUMBER where PHONE_NUMBER_ID=?
DEBUG AbstractEntityPersister -  Identity insert: insert into PHONE_NUMBER (PHONE_NUMBER_ID, CARD_ID, PHONE_NUMBER) values (default, ?, ?)
DEBUG AbstractEntityPersister - Static SQL for entity: com.expeditors.training.course3demo.model.Shipment
DEBUG AbstractEntityPersister -  Version select: select SHIPMENT_ID from Shipment where SHIPMENT_ID =?
DEBUG AbstractEntityPersister -  Snapshot select: select shipment_.SHIPMENT_ID, shipment_.destination as destinat2_5_, shipment_.name as name3_5_, shipment_.origin as origin4_5_, shipment_.volume as volume5_5_ from Shipment shipment_ where shipment_.SHIPMENT_ID=?
DEBUG AbstractEntityPersister -  Insert 0: insert into Shipment (destination, name, origin, volume, SHIPMENT_ID) values (?, ?, ?, ?, ?)
DEBUG AbstractEntityPersister -  Update 0: update Shipment set destination=?, name=?, origin=?, volume=? where SHIPMENT_ID=?
DEBUG AbstractEntityPersister -  Delete 0: delete from Shipment where SHIPMENT_ID=?
DEBUG AbstractEntityPersister -  Identity insert: insert into Shipment (SHIPMENT_ID, destination, name, origin, volume) values (default, ?, ?, ?, ?)
DEBUG AbstractEntityPersister - Static SQL for entity: com.expeditors.training.course3demo.model.Card
DEBUG AbstractEntityPersister -  Version select: select CARD_ID from CARD where CARD_ID =?
DEBUG AbstractEntityPersister -  Snapshot select: select card_.CARD_ID, card_.address as address5_1_, card_.amount as amount2_1_, card_.CARD_NUMBER as CARD3_1_, card_.OWNER_NAME as OWNER4_1_ from CARD card_ where card_.CARD_ID=?
DEBUG AbstractEntityPersister -  Insert 0: insert into CARD (address, amount, CARD_NUMBER, OWNER_NAME, CARD_ID) values (?, ?, ?, ?, ?)
DEBUG AbstractEntityPersister -  Update 0: update CARD set address=?, amount=?, CARD_NUMBER=?, OWNER_NAME=? where CARD_ID=?
DEBUG AbstractEntityPersister -  Delete 0: delete from CARD where CARD_ID=?
DEBUG AbstractEntityPersister -  Identity insert: insert into CARD (CARD_ID, address, amount, CARD_NUMBER, OWNER_NAME) values (default, ?, ?, ?, ?)
DEBUG AbstractEntityPersister - Static SQL for entity: com.expeditors.training.course3demo.model.Container
DEBUG AbstractEntityPersister -  Version select: select CONTAINER_ID from Container where CONTAINER_ID =?
DEBUG AbstractEntityPersister -  Snapshot select: select container_.CONTAINER_ID, container_.capacity as capacity2_2_, container_.destination as destinat3_2_, container_.location as location4_2_, container_.name as name5_2_, container_.status as status6_2_ from Container container_ where container_.CONTAINER_ID=?
DEBUG AbstractEntityPersister -  Insert 0: insert into Container (capacity, destination, location, name, status, CONTAINER_ID) values (?, ?, ?, ?, ?, ?)
DEBUG AbstractEntityPersister -  Update 0: update Container set capacity=?, destination=?, location=?, name=?, status=? where CONTAINER_ID=?
DEBUG AbstractEntityPersister -  Delete 0: delete from Container where CONTAINER_ID=?
DEBUG AbstractEntityPersister -  Identity insert: insert into Container (CONTAINER_ID, capacity, destination, location, name, status) values (default, ?, ?, ?, ?, ?)
DEBUG AbstractEntityPersister - Static SQL for entity: com.expeditors.training.course3demo.model.UserRole
DEBUG AbstractEntityPersister -  Version select: select ROLE_ID from USERROLE where ROLE_ID =?
DEBUG AbstractEntityPersister -  Snapshot select: select userrole_.ROLE_ID, userrole_.ROLE_NAME as ROLE2_7_, userrole_.ROLE_OWNER as ROLE3_7_ from USERROLE userrole_ where userrole_.ROLE_ID=?
DEBUG AbstractEntityPersister -  Insert 0: insert into USERROLE (ROLE_NAME, ROLE_OWNER, ROLE_ID) values (?, ?, ?)
DEBUG AbstractEntityPersister -  Update 0: update USERROLE set ROLE_NAME=?, ROLE_OWNER=? where ROLE_ID=?
DEBUG AbstractEntityPersister -  Delete 0: delete from USERROLE where ROLE_ID=?
DEBUG AbstractEntityPersister -  Identity insert: insert into USERROLE (ROLE_ID, ROLE_NAME, ROLE_OWNER) values (default, ?, ?)
DEBUG AbstractEntityPersister - Static SQL for entity: com.expeditors.training.course3demo.model.Address
DEBUG AbstractEntityPersister -  Version select: select ADDRESS_ID from ADDRESS where ADDRESS_ID =?
DEBUG AbstractEntityPersister -  Snapshot select: select address_.ADDRESS_ID, address_.city as city2_0_, address_.state as state3_0_, address_.street as street4_0_ from ADDRESS address_ where address_.ADDRESS_ID=?
DEBUG AbstractEntityPersister -  Insert 0: insert into ADDRESS (city, state, street, ADDRESS_ID) values (?, ?, ?, ?)
DEBUG AbstractEntityPersister -  Update 0: update ADDRESS set city=?, state=?, street=? where ADDRESS_ID=?
DEBUG AbstractEntityPersister -  Delete 0: delete from ADDRESS where ADDRESS_ID=?
DEBUG AbstractEntityPersister -  Identity insert: insert into ADDRESS (ADDRESS_ID, city, state, street) values (default, ?, ?, ?)
DEBUG AbstractEntityPersister - Static SQL for entity: com.expeditors.training.course3demo.model.UserAccount
DEBUG AbstractEntityPersister -  Version select: select USER_ID from USERACCOUNT where USER_ID =?
DEBUG AbstractEntityPersister -  Snapshot select: select useraccoun_.USER_ID, useraccoun_.enabled as enabled2_6_, useraccoun_.password as password3_6_, useraccoun_.username as username4_6_ from USERACCOUNT useraccoun_ where useraccoun_.USER_ID=?
DEBUG AbstractEntityPersister -  Insert 0: insert into USERACCOUNT (enabled, password, username, USER_ID) values (?, ?, ?, ?)
DEBUG AbstractEntityPersister -  Update 0: update USERACCOUNT set enabled=?, password=?, username=? where USER_ID=?
DEBUG AbstractEntityPersister -  Delete 0: delete from USERACCOUNT where USER_ID=?
DEBUG AbstractEntityPersister -  Identity insert: insert into USERACCOUNT (USER_ID, enabled, password, username) values (default, ?, ?, ?)
DEBUG AbstractEntityPersister - Static SQL for entity: com.expeditors.training.course3demo.model.Product
DEBUG AbstractEntityPersister -  Version select: select PRODUCT_ID from PRODUCT where PRODUCT_ID =?
DEBUG AbstractEntityPersister -  Snapshot select: select product_.PRODUCT_ID, product_.description as descript2_4_, product_.name as name3_4_, product_.price as price4_4_ from PRODUCT product_ where product_.PRODUCT_ID=?
DEBUG AbstractEntityPersister -  Insert 0: insert into PRODUCT (description, name, price, PRODUCT_ID) values (?, ?, ?, ?)
DEBUG AbstractEntityPersister -  Update 0: update PRODUCT set description=?, name=?, price=? where PRODUCT_ID=?
DEBUG AbstractEntityPersister -  Delete 0: delete from PRODUCT where PRODUCT_ID=?
DEBUG AbstractEntityPersister -  Identity insert: insert into PRODUCT (PRODUCT_ID, description, name, price) values (default, ?, ?, ?)
DEBUG AbstractCollectionPersister - Static SQL for collection: com.expeditors.training.course3demo.model.Card.phoneNumbers
DEBUG AbstractCollectionPersister -  Row insert: update PHONE_NUMBER set CARD_ID=?, index=? where PHONE_NUMBER_ID=?
DEBUG AbstractCollectionPersister -  Row update: update PHONE_NUMBER set index=? where PHONE_NUMBER_ID=?
DEBUG AbstractCollectionPersister -  Row delete: update PHONE_NUMBER set CARD_ID=null, index=null where CARD_ID=? and PHONE_NUMBER_ID=?
DEBUG AbstractCollectionPersister -  One-shot delete: update PHONE_NUMBER set CARD_ID=null, index=null where CARD_ID=?
DEBUG AbstractCollectionPersister - Static SQL for collection: com.expeditors.training.course3demo.model.UserAccount.userRoles
DEBUG AbstractCollectionPersister -  Row insert: update USERROLE set ROLE_OWNER=? where ROLE_ID=?
DEBUG AbstractCollectionPersister -  Row update: update USERROLE set  where ROLE_ID=?
DEBUG AbstractCollectionPersister -  Row delete: update USERROLE set ROLE_OWNER=null where ROLE_OWNER=? and ROLE_ID=?
DEBUG AbstractCollectionPersister -  One-shot delete: update USERROLE set ROLE_OWNER=null where ROLE_OWNER=?
DEBUG Loader - Static select for entity com.expeditors.training.course3demo.model.PhoneNumber [NONE]: select phonenumbe0_.PHONE_NUMBER_ID as PHONE1_3_0_, phonenumbe0_.CARD_ID as CARD3_3_0_, phonenumbe0_.PHONE_NUMBER as PHONE2_3_0_ from PHONE_NUMBER phonenumbe0_ where phonenumbe0_.PHONE_NUMBER_ID=?
DEBUG Loader - Static select for entity com.expeditors.training.course3demo.model.PhoneNumber [READ]: select phonenumbe0_.PHONE_NUMBER_ID as PHONE1_3_0_, phonenumbe0_.CARD_ID as CARD3_3_0_, phonenumbe0_.PHONE_NUMBER as PHONE2_3_0_ from PHONE_NUMBER phonenumbe0_ where phonenumbe0_.PHONE_NUMBER_ID=?
DEBUG Loader - Static select for entity com.expeditors.training.course3demo.model.PhoneNumber [UPGRADE]: select phonenumbe0_.PHONE_NUMBER_ID as PHONE1_3_0_, phonenumbe0_.CARD_ID as CARD3_3_0_, phonenumbe0_.PHONE_NUMBER as PHONE2_3_0_ from PHONE_NUMBER phonenumbe0_ where phonenumbe0_.PHONE_NUMBER_ID=?
DEBUG Loader - Static select for entity com.expeditors.training.course3demo.model.PhoneNumber [UPGRADE_NOWAIT]: select phonenumbe0_.PHONE_NUMBER_ID as PHONE1_3_0_, phonenumbe0_.CARD_ID as CARD3_3_0_, phonenumbe0_.PHONE_NUMBER as PHONE2_3_0_ from PHONE_NUMBER phonenumbe0_ where phonenumbe0_.PHONE_NUMBER_ID=?
DEBUG Loader - Static select for entity com.expeditors.training.course3demo.model.PhoneNumber [FORCE]: select phonenumbe0_.PHONE_NUMBER_ID as PHONE1_3_0_, phonenumbe0_.CARD_ID as CARD3_3_0_, phonenumbe0_.PHONE_NUMBER as PHONE2_3_0_ from PHONE_NUMBER phonenumbe0_ where phonenumbe0_.PHONE_NUMBER_ID=?
DEBUG Loader - Static select for entity com.expeditors.training.course3demo.model.PhoneNumber [PESSIMISTIC_READ]: select phonenumbe0_.PHONE_NUMBER_ID as PHONE1_3_0_, phonenumbe0_.CARD_ID as CARD3_3_0_, phonenumbe0_.PHONE_NUMBER as PHONE2_3_0_ from PHONE_NUMBER phonenumbe0_ where phonenumbe0_.PHONE_NUMBER_ID=?
DEBUG Loader - Static select for entity com.expeditors.training.course3demo.model.PhoneNumber [PESSIMISTIC_WRITE]: select phonenumbe0_.PHONE_NUMBER_ID as PHONE1_3_0_, phonenumbe0_.CARD_ID as CARD3_3_0_, phonenumbe0_.PHONE_NUMBER as PHONE2_3_0_ from PHONE_NUMBER phonenumbe0_ where phonenumbe0_.PHONE_NUMBER_ID=?
DEBUG Loader - Static select for entity com.expeditors.training.course3demo.model.PhoneNumber [PESSIMISTIC_FORCE_INCREMENT]: select phonenumbe0_.PHONE_NUMBER_ID as PHONE1_3_0_, phonenumbe0_.CARD_ID as CARD3_3_0_, phonenumbe0_.PHONE_NUMBER as PHONE2_3_0_ from PHONE_NUMBER phonenumbe0_ where phonenumbe0_.PHONE_NUMBER_ID=?
DEBUG Loader - Static select for entity com.expeditors.training.course3demo.model.PhoneNumber [OPTIMISTIC]: select phonenumbe0_.PHONE_NUMBER_ID as PHONE1_3_0_, phonenumbe0_.CARD_ID as CARD3_3_0_, phonenumbe0_.PHONE_NUMBER as PHONE2_3_0_ from PHONE_NUMBER phonenumbe0_ where phonenumbe0_.PHONE_NUMBER_ID=?
DEBUG Loader - Static select for entity com.expeditors.training.course3demo.model.PhoneNumber [OPTIMISTIC_FORCE_INCREMENT]: select phonenumbe0_.PHONE_NUMBER_ID as PHONE1_3_0_, phonenumbe0_.CARD_ID as CARD3_3_0_, phonenumbe0_.PHONE_NUMBER as PHONE2_3_0_ from PHONE_NUMBER phonenumbe0_ where phonenumbe0_.PHONE_NUMBER_ID=?
DEBUG Loader - Static select for action ACTION_MERGE on entity com.expeditors.training.course3demo.model.PhoneNumber: select phonenumbe0_.PHONE_NUMBER_ID as PHONE1_3_0_, phonenumbe0_.CARD_ID as CARD3_3_0_, phonenumbe0_.PHONE_NUMBER as PHONE2_3_0_ from PHONE_NUMBER phonenumbe0_ where phonenumbe0_.PHONE_NUMBER_ID=?
DEBUG Loader - Static select for action ACTION_REFRESH on entity com.expeditors.training.course3demo.model.PhoneNumber: select phonenumbe0_.PHONE_NUMBER_ID as PHONE1_3_0_, phonenumbe0_.CARD_ID as CARD3_3_0_, phonenumbe0_.PHONE_NUMBER as PHONE2_3_0_ from PHONE_NUMBER phonenumbe0_ where phonenumbe0_.PHONE_NUMBER_ID=?
DEBUG Loader - Static select for entity com.expeditors.training.course3demo.model.Shipment [NONE]: select shipment0_.SHIPMENT_ID as SHIPMENT1_5_0_, shipment0_.destination as destinat2_5_0_, shipment0_.name as name3_5_0_, shipment0_.origin as origin4_5_0_, shipment0_.volume as volume5_5_0_ from Shipment shipment0_ where shipment0_.SHIPMENT_ID=?
DEBUG Loader - Static select for entity com.expeditors.training.course3demo.model.Shipment [READ]: select shipment0_.SHIPMENT_ID as SHIPMENT1_5_0_, shipment0_.destination as destinat2_5_0_, shipment0_.name as name3_5_0_, shipment0_.origin as origin4_5_0_, shipment0_.volume as volume5_5_0_ from Shipment shipment0_ where shipment0_.SHIPMENT_ID=?
DEBUG Loader - Static select for entity com.expeditors.training.course3demo.model.Shipment [UPGRADE]: select shipment0_.SHIPMENT_ID as SHIPMENT1_5_0_, shipment0_.destination as destinat2_5_0_, shipment0_.name as name3_5_0_, shipment0_.origin as origin4_5_0_, shipment0_.volume as volume5_5_0_ from Shipment shipment0_ where shipment0_.SHIPMENT_ID=?
DEBUG Loader - Static select for entity com.expeditors.training.course3demo.model.Shipment [UPGRADE_NOWAIT]: select shipment0_.SHIPMENT_ID as SHIPMENT1_5_0_, shipment0_.destination as destinat2_5_0_, shipment0_.name as name3_5_0_, shipment0_.origin as origin4_5_0_, shipment0_.volume as volume5_5_0_ from Shipment shipment0_ where shipment0_.SHIPMENT_ID=?
DEBUG Loader - Static select for entity com.expeditors.training.course3demo.model.Shipment [FORCE]: select shipment0_.SHIPMENT_ID as SHIPMENT1_5_0_, shipment0_.destination as destinat2_5_0_, shipment0_.name as name3_5_0_, shipment0_.origin as origin4_5_0_, shipment0_.volume as volume5_5_0_ from Shipment shipment0_ where shipment0_.SHIPMENT_ID=?
DEBUG Loader - Static select for entity com.expeditors.training.course3demo.model.Shipment [PESSIMISTIC_READ]: select shipment0_.SHIPMENT_ID as SHIPMENT1_5_0_, shipment0_.destination as destinat2_5_0_, shipment0_.name as name3_5_0_, shipment0_.origin as origin4_5_0_, shipment0_.volume as volume5_5_0_ from Shipment shipment0_ where shipment0_.SHIPMENT_ID=?
DEBUG Loader - Static select for entity com.expeditors.training.course3demo.model.Shipment [PESSIMISTIC_WRITE]: select shipment0_.SHIPMENT_ID as SHIPMENT1_5_0_, shipment0_.destination as destinat2_5_0_, shipment0_.name as name3_5_0_, shipment0_.origin as origin4_5_0_, shipment0_.volume as volume5_5_0_ from Shipment shipment0_ where shipment0_.SHIPMENT_ID=?
DEBUG Loader - Static select for entity com.expeditors.training.course3demo.model.Shipment [PESSIMISTIC_FORCE_INCREMENT]: select shipment0_.SHIPMENT_ID as SHIPMENT1_5_0_, shipment0_.destination as destinat2_5_0_, shipment0_.name as name3_5_0_, shipment0_.origin as origin4_5_0_, shipment0_.volume as volume5_5_0_ from Shipment shipment0_ where shipment0_.SHIPMENT_ID=?
DEBUG Loader - Static select for entity com.expeditors.training.course3demo.model.Shipment [OPTIMISTIC]: select shipment0_.SHIPMENT_ID as SHIPMENT1_5_0_, shipment0_.destination as destinat2_5_0_, shipment0_.name as name3_5_0_, shipment0_.origin as origin4_5_0_, shipment0_.volume as volume5_5_0_ from Shipment shipment0_ where shipment0_.SHIPMENT_ID=?
DEBUG Loader - Static select for entity com.expeditors.training.course3demo.model.Shipment [OPTIMISTIC_FORCE_INCREMENT]: select shipment0_.SHIPMENT_ID as SHIPMENT1_5_0_, shipment0_.destination as destinat2_5_0_, shipment0_.name as name3_5_0_, shipment0_.origin as origin4_5_0_, shipment0_.volume as volume5_5_0_ from Shipment shipment0_ where shipment0_.SHIPMENT_ID=?
DEBUG Loader - Static select for action ACTION_MERGE on entity com.expeditors.training.course3demo.model.Shipment: select shipment0_.SHIPMENT_ID as SHIPMENT1_5_0_, shipment0_.destination as destinat2_5_0_, shipment0_.name as name3_5_0_, shipment0_.origin as origin4_5_0_, shipment0_.volume as volume5_5_0_ from Shipment shipment0_ where shipment0_.SHIPMENT_ID=?
DEBUG Loader - Static select for action ACTION_REFRESH on entity com.expeditors.training.course3demo.model.Shipment: select shipment0_.SHIPMENT_ID as SHIPMENT1_5_0_, shipment0_.destination as destinat2_5_0_, shipment0_.name as name3_5_0_, shipment0_.origin as origin4_5_0_, shipment0_.volume as volume5_5_0_ from Shipment shipment0_ where shipment0_.SHIPMENT_ID=?
DEBUG Loader - Static select for entity com.expeditors.training.course3demo.model.Card [NONE]: select card0_.CARD_ID as CARD1_1_2_, card0_.address as address5_1_2_, card0_.amount as amount2_1_2_, card0_.CARD_NUMBER as CARD3_1_2_, card0_.OWNER_NAME as OWNER4_1_2_, address1_.ADDRESS_ID as ADDRESS1_0_0_, address1_.city as city2_0_0_, address1_.state as state3_0_0_, address1_.street as street4_0_0_, phonenumbe2_.CARD_ID as CARD3_1_4_, phonenumbe2_.PHONE_NUMBER_ID as PHONE1_3_4_, phonenumbe2_.index as index4_4_, phonenumbe2_.PHONE_NUMBER_ID as PHONE1_3_1_, phonenumbe2_.CARD_ID as CARD3_3_1_, phonenumbe2_.PHONE_NUMBER as PHONE2_3_1_ from CARD card0_ left outer join ADDRESS address1_ on card0_.address=address1_.ADDRESS_ID left outer join PHONE_NUMBER phonenumbe2_ on card0_.CARD_ID=phonenumbe2_.CARD_ID where card0_.CARD_ID=?
DEBUG Loader - Static select for entity com.expeditors.training.course3demo.model.Card [READ]: select card0_.CARD_ID as CARD1_1_2_, card0_.address as address5_1_2_, card0_.amount as amount2_1_2_, card0_.CARD_NUMBER as CARD3_1_2_, card0_.OWNER_NAME as OWNER4_1_2_, address1_.ADDRESS_ID as ADDRESS1_0_0_, address1_.city as city2_0_0_, address1_.state as state3_0_0_, address1_.street as street4_0_0_, phonenumbe2_.CARD_ID as CARD3_1_4_, phonenumbe2_.PHONE_NUMBER_ID as PHONE1_3_4_, phonenumbe2_.index as index4_4_, phonenumbe2_.PHONE_NUMBER_ID as PHONE1_3_1_, phonenumbe2_.CARD_ID as CARD3_3_1_, phonenumbe2_.PHONE_NUMBER as PHONE2_3_1_ from CARD card0_ left outer join ADDRESS address1_ on card0_.address=address1_.ADDRESS_ID left outer join PHONE_NUMBER phonenumbe2_ on card0_.CARD_ID=phonenumbe2_.CARD_ID where card0_.CARD_ID=?
DEBUG Loader - Static select for entity com.expeditors.training.course3demo.model.Card [UPGRADE]: select card0_.CARD_ID as CARD1_1_0_, card0_.address as address5_1_0_, card0_.amount as amount2_1_0_, card0_.CARD_NUMBER as CARD3_1_0_, card0_.OWNER_NAME as OWNER4_1_0_ from CARD card0_ where card0_.CARD_ID=?
DEBUG Loader - Static select for entity com.expeditors.training.course3demo.model.Card [UPGRADE_NOWAIT]: select card0_.CARD_ID as CARD1_1_0_, card0_.address as address5_1_0_, card0_.amount as amount2_1_0_, card0_.CARD_NUMBER as CARD3_1_0_, card0_.OWNER_NAME as OWNER4_1_0_ from CARD card0_ where card0_.CARD_ID=?
DEBUG Loader - Static select for entity com.expeditors.training.course3demo.model.Card [FORCE]: select card0_.CARD_ID as CARD1_1_0_, card0_.address as address5_1_0_, card0_.amount as amount2_1_0_, card0_.CARD_NUMBER as CARD3_1_0_, card0_.OWNER_NAME as OWNER4_1_0_ from CARD card0_ where card0_.CARD_ID=?
DEBUG Loader - Static select for entity com.expeditors.training.course3demo.model.Card [PESSIMISTIC_READ]: select card0_.CARD_ID as CARD1_1_0_, card0_.address as address5_1_0_, card0_.amount as amount2_1_0_, card0_.CARD_NUMBER as CARD3_1_0_, card0_.OWNER_NAME as OWNER4_1_0_ from CARD card0_ where card0_.CARD_ID=?
DEBUG Loader - Static select for entity com.expeditors.training.course3demo.model.Card [PESSIMISTIC_WRITE]: select card0_.CARD_ID as CARD1_1_0_, card0_.address as address5_1_0_, card0_.amount as amount2_1_0_, card0_.CARD_NUMBER as CARD3_1_0_, card0_.OWNER_NAME as OWNER4_1_0_ from CARD card0_ where card0_.CARD_ID=?
DEBUG Loader - Static select for entity com.expeditors.training.course3demo.model.Card [PESSIMISTIC_FORCE_INCREMENT]: select card0_.CARD_ID as CARD1_1_0_, card0_.address as address5_1_0_, card0_.amount as amount2_1_0_, card0_.CARD_NUMBER as CARD3_1_0_, card0_.OWNER_NAME as OWNER4_1_0_ from CARD card0_ where card0_.CARD_ID=?
DEBUG Loader - Static select for entity com.expeditors.training.course3demo.model.Card [OPTIMISTIC]: select card0_.CARD_ID as CARD1_1_0_, card0_.address as address5_1_0_, card0_.amount as amount2_1_0_, card0_.CARD_NUMBER as CARD3_1_0_, card0_.OWNER_NAME as OWNER4_1_0_ from CARD card0_ where card0_.CARD_ID=?
DEBUG Loader - Static select for entity com.expeditors.training.course3demo.model.Card [OPTIMISTIC_FORCE_INCREMENT]: select card0_.CARD_ID as CARD1_1_0_, card0_.address as address5_1_0_, card0_.amount as amount2_1_0_, card0_.CARD_NUMBER as CARD3_1_0_, card0_.OWNER_NAME as OWNER4_1_0_ from CARD card0_ where card0_.CARD_ID=?
DEBUG Loader - Static select for action ACTION_MERGE on entity com.expeditors.training.course3demo.model.Card: select card0_.CARD_ID as CARD1_1_2_, card0_.address as address5_1_2_, card0_.amount as amount2_1_2_, card0_.CARD_NUMBER as CARD3_1_2_, card0_.OWNER_NAME as OWNER4_1_2_, address1_.ADDRESS_ID as ADDRESS1_0_0_, address1_.city as city2_0_0_, address1_.state as state3_0_0_, address1_.street as street4_0_0_, phonenumbe2_.CARD_ID as CARD3_1_4_, phonenumbe2_.PHONE_NUMBER_ID as PHONE1_3_4_, phonenumbe2_.index as index4_4_, phonenumbe2_.PHONE_NUMBER_ID as PHONE1_3_1_, phonenumbe2_.CARD_ID as CARD3_3_1_, phonenumbe2_.PHONE_NUMBER as PHONE2_3_1_ from CARD card0_ left outer join ADDRESS address1_ on card0_.address=address1_.ADDRESS_ID left outer join PHONE_NUMBER phonenumbe2_ on card0_.CARD_ID=phonenumbe2_.CARD_ID where card0_.CARD_ID=?
DEBUG Loader - Static select for action ACTION_REFRESH on entity com.expeditors.training.course3demo.model.Card: select card0_.CARD_ID as CARD1_1_2_, card0_.address as address5_1_2_, card0_.amount as amount2_1_2_, card0_.CARD_NUMBER as CARD3_1_2_, card0_.OWNER_NAME as OWNER4_1_2_, address1_.ADDRESS_ID as ADDRESS1_0_0_, address1_.city as city2_0_0_, address1_.state as state3_0_0_, address1_.street as street4_0_0_, phonenumbe2_.CARD_ID as CARD3_1_4_, phonenumbe2_.PHONE_NUMBER_ID as PHONE1_3_4_, phonenumbe2_.index as index4_4_, phonenumbe2_.PHONE_NUMBER_ID as PHONE1_3_1_, phonenumbe2_.CARD_ID as CARD3_3_1_, phonenumbe2_.PHONE_NUMBER as PHONE2_3_1_ from CARD card0_ left outer join ADDRESS address1_ on card0_.address=address1_.ADDRESS_ID left outer join PHONE_NUMBER phonenumbe2_ on card0_.CARD_ID=phonenumbe2_.CARD_ID where card0_.CARD_ID=?
DEBUG Loader - Static select for entity com.expeditors.training.course3demo.model.Container [NONE]: select container0_.CONTAINER_ID as CONTAINE1_2_0_, container0_.capacity as capacity2_2_0_, container0_.destination as destinat3_2_0_, container0_.location as location4_2_0_, container0_.name as name5_2_0_, container0_.status as status6_2_0_ from Container container0_ where container0_.CONTAINER_ID=?
DEBUG Loader - Static select for entity com.expeditors.training.course3demo.model.Container [READ]: select container0_.CONTAINER_ID as CONTAINE1_2_0_, container0_.capacity as capacity2_2_0_, container0_.destination as destinat3_2_0_, container0_.location as location4_2_0_, container0_.name as name5_2_0_, container0_.status as status6_2_0_ from Container container0_ where container0_.CONTAINER_ID=?
DEBUG Loader - Static select for entity com.expeditors.training.course3demo.model.Container [UPGRADE]: select container0_.CONTAINER_ID as CONTAINE1_2_0_, container0_.capacity as capacity2_2_0_, container0_.destination as destinat3_2_0_, container0_.location as location4_2_0_, container0_.name as name5_2_0_, container0_.status as status6_2_0_ from Container container0_ where container0_.CONTAINER_ID=?
DEBUG Loader - Static select for entity com.expeditors.training.course3demo.model.Container [UPGRADE_NOWAIT]: select container0_.CONTAINER_ID as CONTAINE1_2_0_, container0_.capacity as capacity2_2_0_, container0_.destination as destinat3_2_0_, container0_.location as location4_2_0_, container0_.name as name5_2_0_, container0_.status as status6_2_0_ from Container container0_ where container0_.CONTAINER_ID=?
DEBUG Loader - Static select for entity com.expeditors.training.course3demo.model.Container [FORCE]: select container0_.CONTAINER_ID as CONTAINE1_2_0_, container0_.capacity as capacity2_2_0_, container0_.destination as destinat3_2_0_, container0_.location as location4_2_0_, container0_.name as name5_2_0_, container0_.status as status6_2_0_ from Container container0_ where container0_.CONTAINER_ID=?
DEBUG Loader - Static select for entity com.expeditors.training.course3demo.model.Container [PESSIMISTIC_READ]: select container0_.CONTAINER_ID as CONTAINE1_2_0_, container0_.capacity as capacity2_2_0_, container0_.destination as destinat3_2_0_, container0_.location as location4_2_0_, container0_.name as name5_2_0_, container0_.status as status6_2_0_ from Container container0_ where container0_.CONTAINER_ID=?
DEBUG Loader - Static select for entity com.expeditors.training.course3demo.model.Container [PESSIMISTIC_WRITE]: select container0_.CONTAINER_ID as CONTAINE1_2_0_, container0_.capacity as capacity2_2_0_, container0_.destination as destinat3_2_0_, container0_.location as location4_2_0_, container0_.name as name5_2_0_, container0_.status as status6_2_0_ from Container container0_ where container0_.CONTAINER_ID=?
DEBUG Loader - Static select for entity com.expeditors.training.course3demo.model.Container [PESSIMISTIC_FORCE_INCREMENT]: select container0_.CONTAINER_ID as CONTAINE1_2_0_, container0_.capacity as capacity2_2_0_, container0_.destination as destinat3_2_0_, container0_.location as location4_2_0_, container0_.name as name5_2_0_, container0_.status as status6_2_0_ from Container container0_ where container0_.CONTAINER_ID=?
DEBUG Loader - Static select for entity com.expeditors.training.course3demo.model.Container [OPTIMISTIC]: select container0_.CONTAINER_ID as CONTAINE1_2_0_, container0_.capacity as capacity2_2_0_, container0_.destination as destinat3_2_0_, container0_.location as location4_2_0_, container0_.name as name5_2_0_, container0_.status as status6_2_0_ from Container container0_ where container0_.CONTAINER_ID=?
DEBUG Loader - Static select for entity com.expeditors.training.course3demo.model.Container [OPTIMISTIC_FORCE_INCREMENT]: select container0_.CONTAINER_ID as CONTAINE1_2_0_, container0_.capacity as capacity2_2_0_, container0_.destination as destinat3_2_0_, container0_.location as location4_2_0_, container0_.name as name5_2_0_, container0_.status as status6_2_0_ from Container container0_ where container0_.CONTAINER_ID=?
DEBUG Loader - Static select for action ACTION_MERGE on entity com.expeditors.training.course3demo.model.Container: select container0_.CONTAINER_ID as CONTAINE1_2_0_, container0_.capacity as capacity2_2_0_, container0_.destination as destinat3_2_0_, container0_.location as location4_2_0_, container0_.name as name5_2_0_, container0_.status as status6_2_0_ from Container container0_ where container0_.CONTAINER_ID=?
DEBUG Loader - Static select for action ACTION_REFRESH on entity com.expeditors.training.course3demo.model.Container: select container0_.CONTAINER_ID as CONTAINE1_2_0_, container0_.capacity as capacity2_2_0_, container0_.destination as destinat3_2_0_, container0_.location as location4_2_0_, container0_.name as name5_2_0_, container0_.status as status6_2_0_ from Container container0_ where container0_.CONTAINER_ID=?
DEBUG Loader - Static select for entity com.expeditors.training.course3demo.model.UserRole [NONE]: select userrole0_.ROLE_ID as ROLE1_7_0_, userrole0_.ROLE_NAME as ROLE2_7_0_, userrole0_.ROLE_OWNER as ROLE3_7_0_ from USERROLE userrole0_ where userrole0_.ROLE_ID=?
DEBUG Loader - Static select for entity com.expeditors.training.course3demo.model.UserRole [READ]: select userrole0_.ROLE_ID as ROLE1_7_0_, userrole0_.ROLE_NAME as ROLE2_7_0_, userrole0_.ROLE_OWNER as ROLE3_7_0_ from USERROLE userrole0_ where userrole0_.ROLE_ID=?
DEBUG Loader - Static select for entity com.expeditors.training.course3demo.model.UserRole [UPGRADE]: select userrole0_.ROLE_ID as ROLE1_7_0_, userrole0_.ROLE_NAME as ROLE2_7_0_, userrole0_.ROLE_OWNER as ROLE3_7_0_ from USERROLE userrole0_ where userrole0_.ROLE_ID=?
DEBUG Loader - Static select for entity com.expeditors.training.course3demo.model.UserRole [UPGRADE_NOWAIT]: select userrole0_.ROLE_ID as ROLE1_7_0_, userrole0_.ROLE_NAME as ROLE2_7_0_, userrole0_.ROLE_OWNER as ROLE3_7_0_ from USERROLE userrole0_ where userrole0_.ROLE_ID=?
DEBUG Loader - Static select for entity com.expeditors.training.course3demo.model.UserRole [FORCE]: select userrole0_.ROLE_ID as ROLE1_7_0_, userrole0_.ROLE_NAME as ROLE2_7_0_, userrole0_.ROLE_OWNER as ROLE3_7_0_ from USERROLE userrole0_ where userrole0_.ROLE_ID=?
DEBUG Loader - Static select for entity com.expeditors.training.course3demo.model.UserRole [PESSIMISTIC_READ]: select userrole0_.ROLE_ID as ROLE1_7_0_, userrole0_.ROLE_NAME as ROLE2_7_0_, userrole0_.ROLE_OWNER as ROLE3_7_0_ from USERROLE userrole0_ where userrole0_.ROLE_ID=?
DEBUG Loader - Static select for entity com.expeditors.training.course3demo.model.UserRole [PESSIMISTIC_WRITE]: select userrole0_.ROLE_ID as ROLE1_7_0_, userrole0_.ROLE_NAME as ROLE2_7_0_, userrole0_.ROLE_OWNER as ROLE3_7_0_ from USERROLE userrole0_ where userrole0_.ROLE_ID=?
DEBUG Loader - Static select for entity com.expeditors.training.course3demo.model.UserRole [PESSIMISTIC_FORCE_INCREMENT]: select userrole0_.ROLE_ID as ROLE1_7_0_, userrole0_.ROLE_NAME as ROLE2_7_0_, userrole0_.ROLE_OWNER as ROLE3_7_0_ from USERROLE userrole0_ where userrole0_.ROLE_ID=?
DEBUG Loader - Static select for entity com.expeditors.training.course3demo.model.UserRole [OPTIMISTIC]: select userrole0_.ROLE_ID as ROLE1_7_0_, userrole0_.ROLE_NAME as ROLE2_7_0_, userrole0_.ROLE_OWNER as ROLE3_7_0_ from USERROLE userrole0_ where userrole0_.ROLE_ID=?
DEBUG Loader - Static select for entity com.expeditors.training.course3demo.model.UserRole [OPTIMISTIC_FORCE_INCREMENT]: select userrole0_.ROLE_ID as ROLE1_7_0_, userrole0_.ROLE_NAME as ROLE2_7_0_, userrole0_.ROLE_OWNER as ROLE3_7_0_ from USERROLE userrole0_ where userrole0_.ROLE_ID=?
DEBUG Loader - Static select for action ACTION_MERGE on entity com.expeditors.training.course3demo.model.UserRole: select userrole0_.ROLE_ID as ROLE1_7_0_, userrole0_.ROLE_NAME as ROLE2_7_0_, userrole0_.ROLE_OWNER as ROLE3_7_0_ from USERROLE userrole0_ where userrole0_.ROLE_ID=?
DEBUG Loader - Static select for action ACTION_REFRESH on entity com.expeditors.training.course3demo.model.UserRole: select userrole0_.ROLE_ID as ROLE1_7_0_, userrole0_.ROLE_NAME as ROLE2_7_0_, userrole0_.ROLE_OWNER as ROLE3_7_0_ from USERROLE userrole0_ where userrole0_.ROLE_ID=?
DEBUG Loader - Static select for entity com.expeditors.training.course3demo.model.Address [NONE]: select address0_.ADDRESS_ID as ADDRESS1_0_0_, address0_.city as city2_0_0_, address0_.state as state3_0_0_, address0_.street as street4_0_0_ from ADDRESS address0_ where address0_.ADDRESS_ID=?
DEBUG Loader - Static select for entity com.expeditors.training.course3demo.model.Address [READ]: select address0_.ADDRESS_ID as ADDRESS1_0_0_, address0_.city as city2_0_0_, address0_.state as state3_0_0_, address0_.street as street4_0_0_ from ADDRESS address0_ where address0_.ADDRESS_ID=?
DEBUG Loader - Static select for entity com.expeditors.training.course3demo.model.Address [UPGRADE]: select address0_.ADDRESS_ID as ADDRESS1_0_0_, address0_.city as city2_0_0_, address0_.state as state3_0_0_, address0_.street as street4_0_0_ from ADDRESS address0_ where address0_.ADDRESS_ID=?
DEBUG Loader - Static select for entity com.expeditors.training.course3demo.model.Address [UPGRADE_NOWAIT]: select address0_.ADDRESS_ID as ADDRESS1_0_0_, address0_.city as city2_0_0_, address0_.state as state3_0_0_, address0_.street as street4_0_0_ from ADDRESS address0_ where address0_.ADDRESS_ID=?
DEBUG Loader - Static select for entity com.expeditors.training.course3demo.model.Address [FORCE]: select address0_.ADDRESS_ID as ADDRESS1_0_0_, address0_.city as city2_0_0_, address0_.state as state3_0_0_, address0_.street as street4_0_0_ from ADDRESS address0_ where address0_.ADDRESS_ID=?
DEBUG Loader - Static select for entity com.expeditors.training.course3demo.model.Address [PESSIMISTIC_READ]: select address0_.ADDRESS_ID as ADDRESS1_0_0_, address0_.city as city2_0_0_, address0_.state as state3_0_0_, address0_.street as street4_0_0_ from ADDRESS address0_ where address0_.ADDRESS_ID=?
DEBUG Loader - Static select for entity com.expeditors.training.course3demo.model.Address [PESSIMISTIC_WRITE]: select address0_.ADDRESS_ID as ADDRESS1_0_0_, address0_.city as city2_0_0_, address0_.state as state3_0_0_, address0_.street as street4_0_0_ from ADDRESS address0_ where address0_.ADDRESS_ID=?
DEBUG Loader - Static select for entity com.expeditors.training.course3demo.model.Address [PESSIMISTIC_FORCE_INCREMENT]: select address0_.ADDRESS_ID as ADDRESS1_0_0_, address0_.city as city2_0_0_, address0_.state as state3_0_0_, address0_.street as street4_0_0_ from ADDRESS address0_ where address0_.ADDRESS_ID=?
DEBUG Loader - Static select for entity com.expeditors.training.course3demo.model.Address [OPTIMISTIC]: select address0_.ADDRESS_ID as ADDRESS1_0_0_, address0_.city as city2_0_0_, address0_.state as state3_0_0_, address0_.street as street4_0_0_ from ADDRESS address0_ where address0_.ADDRESS_ID=?
DEBUG Loader - Static select for entity com.expeditors.training.course3demo.model.Address [OPTIMISTIC_FORCE_INCREMENT]: select address0_.ADDRESS_ID as ADDRESS1_0_0_, address0_.city as city2_0_0_, address0_.state as state3_0_0_, address0_.street as street4_0_0_ from ADDRESS address0_ where address0_.ADDRESS_ID=?
DEBUG Loader - Static select for action ACTION_MERGE on entity com.expeditors.training.course3demo.model.Address: select address0_.ADDRESS_ID as ADDRESS1_0_0_, address0_.city as city2_0_0_, address0_.state as state3_0_0_, address0_.street as street4_0_0_ from ADDRESS address0_ where address0_.ADDRESS_ID=?
DEBUG Loader - Static select for action ACTION_REFRESH on entity com.expeditors.training.course3demo.model.Address: select address0_.ADDRESS_ID as ADDRESS1_0_0_, address0_.city as city2_0_0_, address0_.state as state3_0_0_, address0_.street as street4_0_0_ from ADDRESS address0_ where address0_.ADDRESS_ID=?
DEBUG Loader - Static select for entity com.expeditors.training.course3demo.model.UserAccount [NONE]: select useraccoun0_.USER_ID as USER1_6_1_, useraccoun0_.enabled as enabled2_6_1_, useraccoun0_.password as password3_6_1_, useraccoun0_.username as username4_6_1_, userroles1_.ROLE_OWNER as ROLE3_6_3_, userroles1_.ROLE_ID as ROLE1_7_3_, userroles1_.ROLE_ID as ROLE1_7_0_, userroles1_.ROLE_NAME as ROLE2_7_0_, userroles1_.ROLE_OWNER as ROLE3_7_0_ from USERACCOUNT useraccoun0_ left outer join USERROLE userroles1_ on useraccoun0_.USER_ID=userroles1_.ROLE_OWNER where useraccoun0_.USER_ID=?
DEBUG Loader - Static select for entity com.expeditors.training.course3demo.model.UserAccount [READ]: select useraccoun0_.USER_ID as USER1_6_1_, useraccoun0_.enabled as enabled2_6_1_, useraccoun0_.password as password3_6_1_, useraccoun0_.username as username4_6_1_, userroles1_.ROLE_OWNER as ROLE3_6_3_, userroles1_.ROLE_ID as ROLE1_7_3_, userroles1_.ROLE_ID as ROLE1_7_0_, userroles1_.ROLE_NAME as ROLE2_7_0_, userroles1_.ROLE_OWNER as ROLE3_7_0_ from USERACCOUNT useraccoun0_ left outer join USERROLE userroles1_ on useraccoun0_.USER_ID=userroles1_.ROLE_OWNER where useraccoun0_.USER_ID=?
DEBUG Loader - Static select for entity com.expeditors.training.course3demo.model.UserAccount [UPGRADE]: select useraccoun0_.USER_ID as USER1_6_0_, useraccoun0_.enabled as enabled2_6_0_, useraccoun0_.password as password3_6_0_, useraccoun0_.username as username4_6_0_ from USERACCOUNT useraccoun0_ where useraccoun0_.USER_ID=?
DEBUG Loader - Static select for entity com.expeditors.training.course3demo.model.UserAccount [UPGRADE_NOWAIT]: select useraccoun0_.USER_ID as USER1_6_0_, useraccoun0_.enabled as enabled2_6_0_, useraccoun0_.password as password3_6_0_, useraccoun0_.username as username4_6_0_ from USERACCOUNT useraccoun0_ where useraccoun0_.USER_ID=?
DEBUG Loader - Static select for entity com.expeditors.training.course3demo.model.UserAccount [FORCE]: select useraccoun0_.USER_ID as USER1_6_0_, useraccoun0_.enabled as enabled2_6_0_, useraccoun0_.password as password3_6_0_, useraccoun0_.username as username4_6_0_ from USERACCOUNT useraccoun0_ where useraccoun0_.USER_ID=?
DEBUG Loader - Static select for entity com.expeditors.training.course3demo.model.UserAccount [PESSIMISTIC_READ]: select useraccoun0_.USER_ID as USER1_6_0_, useraccoun0_.enabled as enabled2_6_0_, useraccoun0_.password as password3_6_0_, useraccoun0_.username as username4_6_0_ from USERACCOUNT useraccoun0_ where useraccoun0_.USER_ID=?
DEBUG Loader - Static select for entity com.expeditors.training.course3demo.model.UserAccount [PESSIMISTIC_WRITE]: select useraccoun0_.USER_ID as USER1_6_0_, useraccoun0_.enabled as enabled2_6_0_, useraccoun0_.password as password3_6_0_, useraccoun0_.username as username4_6_0_ from USERACCOUNT useraccoun0_ where useraccoun0_.USER_ID=?
DEBUG Loader - Static select for entity com.expeditors.training.course3demo.model.UserAccount [PESSIMISTIC_FORCE_INCREMENT]: select useraccoun0_.USER_ID as USER1_6_0_, useraccoun0_.enabled as enabled2_6_0_, useraccoun0_.password as password3_6_0_, useraccoun0_.username as username4_6_0_ from USERACCOUNT useraccoun0_ where useraccoun0_.USER_ID=?
DEBUG Loader - Static select for entity com.expeditors.training.course3demo.model.UserAccount [OPTIMISTIC]: select useraccoun0_.USER_ID as USER1_6_0_, useraccoun0_.enabled as enabled2_6_0_, useraccoun0_.password as password3_6_0_, useraccoun0_.username as username4_6_0_ from USERACCOUNT useraccoun0_ where useraccoun0_.USER_ID=?
DEBUG Loader - Static select for entity com.expeditors.training.course3demo.model.UserAccount [OPTIMISTIC_FORCE_INCREMENT]: select useraccoun0_.USER_ID as USER1_6_0_, useraccoun0_.enabled as enabled2_6_0_, useraccoun0_.password as password3_6_0_, useraccoun0_.username as username4_6_0_ from USERACCOUNT useraccoun0_ where useraccoun0_.USER_ID=?
DEBUG Loader - Static select for action ACTION_MERGE on entity com.expeditors.training.course3demo.model.UserAccount: select useraccoun0_.USER_ID as USER1_6_1_, useraccoun0_.enabled as enabled2_6_1_, useraccoun0_.password as password3_6_1_, useraccoun0_.username as username4_6_1_, userroles1_.ROLE_OWNER as ROLE3_6_3_, userroles1_.ROLE_ID as ROLE1_7_3_, userroles1_.ROLE_ID as ROLE1_7_0_, userroles1_.ROLE_NAME as ROLE2_7_0_, userroles1_.ROLE_OWNER as ROLE3_7_0_ from USERACCOUNT useraccoun0_ left outer join USERROLE userroles1_ on useraccoun0_.USER_ID=userroles1_.ROLE_OWNER where useraccoun0_.USER_ID=?
DEBUG Loader - Static select for action ACTION_REFRESH on entity com.expeditors.training.course3demo.model.UserAccount: select useraccoun0_.USER_ID as USER1_6_1_, useraccoun0_.enabled as enabled2_6_1_, useraccoun0_.password as password3_6_1_, useraccoun0_.username as username4_6_1_, userroles1_.ROLE_OWNER as ROLE3_6_3_, userroles1_.ROLE_ID as ROLE1_7_3_, userroles1_.ROLE_ID as ROLE1_7_0_, userroles1_.ROLE_NAME as ROLE2_7_0_, userroles1_.ROLE_OWNER as ROLE3_7_0_ from USERACCOUNT useraccoun0_ left outer join USERROLE userroles1_ on useraccoun0_.USER_ID=userroles1_.ROLE_OWNER where useraccoun0_.USER_ID=?
DEBUG Loader - Static select for entity com.expeditors.training.course3demo.model.Product [NONE]: select product0_.PRODUCT_ID as PRODUCT1_4_0_, product0_.description as descript2_4_0_, product0_.name as name3_4_0_, product0_.price as price4_4_0_ from PRODUCT product0_ where product0_.PRODUCT_ID=?
DEBUG Loader - Static select for entity com.expeditors.training.course3demo.model.Product [READ]: select product0_.PRODUCT_ID as PRODUCT1_4_0_, product0_.description as descript2_4_0_, product0_.name as name3_4_0_, product0_.price as price4_4_0_ from PRODUCT product0_ where product0_.PRODUCT_ID=?
DEBUG Loader - Static select for entity com.expeditors.training.course3demo.model.Product [UPGRADE]: select product0_.PRODUCT_ID as PRODUCT1_4_0_, product0_.description as descript2_4_0_, product0_.name as name3_4_0_, product0_.price as price4_4_0_ from PRODUCT product0_ where product0_.PRODUCT_ID=?
DEBUG Loader - Static select for entity com.expeditors.training.course3demo.model.Product [UPGRADE_NOWAIT]: select product0_.PRODUCT_ID as PRODUCT1_4_0_, product0_.description as descript2_4_0_, product0_.name as name3_4_0_, product0_.price as price4_4_0_ from PRODUCT product0_ where product0_.PRODUCT_ID=?
DEBUG Loader - Static select for entity com.expeditors.training.course3demo.model.Product [FORCE]: select product0_.PRODUCT_ID as PRODUCT1_4_0_, product0_.description as descript2_4_0_, product0_.name as name3_4_0_, product0_.price as price4_4_0_ from PRODUCT product0_ where product0_.PRODUCT_ID=?
DEBUG Loader - Static select for entity com.expeditors.training.course3demo.model.Product [PESSIMISTIC_READ]: select product0_.PRODUCT_ID as PRODUCT1_4_0_, product0_.description as descript2_4_0_, product0_.name as name3_4_0_, product0_.price as price4_4_0_ from PRODUCT product0_ where product0_.PRODUCT_ID=?
DEBUG Loader - Static select for entity com.expeditors.training.course3demo.model.Product [PESSIMISTIC_WRITE]: select product0_.PRODUCT_ID as PRODUCT1_4_0_, product0_.description as descript2_4_0_, product0_.name as name3_4_0_, product0_.price as price4_4_0_ from PRODUCT product0_ where product0_.PRODUCT_ID=?
DEBUG Loader - Static select for entity com.expeditors.training.course3demo.model.Product [PESSIMISTIC_FORCE_INCREMENT]: select product0_.PRODUCT_ID as PRODUCT1_4_0_, product0_.description as descript2_4_0_, product0_.name as name3_4_0_, product0_.price as price4_4_0_ from PRODUCT product0_ where product0_.PRODUCT_ID=?
DEBUG Loader - Static select for entity com.expeditors.training.course3demo.model.Product [OPTIMISTIC]: select product0_.PRODUCT_ID as PRODUCT1_4_0_, product0_.description as descript2_4_0_, product0_.name as name3_4_0_, product0_.price as price4_4_0_ from PRODUCT product0_ where product0_.PRODUCT_ID=?
DEBUG Loader - Static select for entity com.expeditors.training.course3demo.model.Product [OPTIMISTIC_FORCE_INCREMENT]: select product0_.PRODUCT_ID as PRODUCT1_4_0_, product0_.description as descript2_4_0_, product0_.name as name3_4_0_, product0_.price as price4_4_0_ from PRODUCT product0_ where product0_.PRODUCT_ID=?
DEBUG Loader - Static select for action ACTION_MERGE on entity com.expeditors.training.course3demo.model.Product: select product0_.PRODUCT_ID as PRODUCT1_4_0_, product0_.description as descript2_4_0_, product0_.name as name3_4_0_, product0_.price as price4_4_0_ from PRODUCT product0_ where product0_.PRODUCT_ID=?
DEBUG Loader - Static select for action ACTION_REFRESH on entity com.expeditors.training.course3demo.model.Product: select product0_.PRODUCT_ID as PRODUCT1_4_0_, product0_.description as descript2_4_0_, product0_.name as name3_4_0_, product0_.price as price4_4_0_ from PRODUCT product0_ where product0_.PRODUCT_ID=?
DEBUG OneToManyLoader - Static select for one-to-many com.expeditors.training.course3demo.model.Card.phoneNumbers: select phonenumbe0_.CARD_ID as CARD3_1_1_, phonenumbe0_.PHONE_NUMBER_ID as PHONE1_3_1_, phonenumbe0_.index as index4_1_, phonenumbe0_.PHONE_NUMBER_ID as PHONE1_3_0_, phonenumbe0_.CARD_ID as CARD3_3_0_, phonenumbe0_.PHONE_NUMBER as PHONE2_3_0_ from PHONE_NUMBER phonenumbe0_ where phonenumbe0_.CARD_ID=?
DEBUG OneToManyLoader - Static select for one-to-many com.expeditors.training.course3demo.model.UserAccount.userRoles: select userroles0_.ROLE_OWNER as ROLE3_6_1_, userroles0_.ROLE_ID as ROLE1_7_1_, userroles0_.ROLE_ID as ROLE1_7_0_, userroles0_.ROLE_NAME as ROLE2_7_0_, userroles0_.ROLE_OWNER as ROLE3_7_0_ from USERROLE userroles0_ where userroles0_.ROLE_OWNER=?
DEBUG SessionFactoryRegistry - Registering SessionFactory: 505545eb-4b39-49a7-8b3c-6064ca33dd51 (&lt;unnamed&gt;)
DEBUG SessionFactoryRegistry - Not binding SessionFactory to JNDI, no JNDI name configured
DEBUG SessionFactoryImpl - Instantiated session factory
DEBUG Configuration - Processing hbm.xml files
DEBUG Configuration - Process annotated classes
DEBUG Configuration - Processing fk mappings (*ToOne and JoinedSubclass)
DEBUG Configuration - Processing extends queue
DEBUG Configuration - Processing extends queue
DEBUG Configuration - Processing collection mappings
DEBUG Configuration - Processing native query and ResultSetMapping mappings
DEBUG Configuration - Processing association property references
DEBUG Configuration - Creating tables&apos; unique integer identifiers
DEBUG Configuration - Processing foreign key constraints
DEBUG Configuration - Resolving reference to class: com.expeditors.training.course3demo.model.Address
DEBUG Configuration - Resolving reference to class: com.expeditors.training.course3demo.model.Card
DEBUG Configuration - Resolving reference to class: com.expeditors.training.course3demo.model.UserAccount
DEBUG DefaultIdentifierGeneratorFactory - Setting dialect [org.hibernate.dialect.HSQLDialect]
DEBUG DefaultIdentifierGeneratorFactory - Setting dialect [org.hibernate.dialect.HSQLDialect]
DEBUG DefaultIdentifierGeneratorFactory - Setting dialect [org.hibernate.dialect.HSQLDialect]
DEBUG DefaultIdentifierGeneratorFactory - Setting dialect [org.hibernate.dialect.HSQLDialect]
DEBUG DefaultIdentifierGeneratorFactory - Setting dialect [org.hibernate.dialect.HSQLDialect]
DEBUG DefaultIdentifierGeneratorFactory - Setting dialect [org.hibernate.dialect.HSQLDialect]
DEBUG DefaultIdentifierGeneratorFactory - Setting dialect [org.hibernate.dialect.HSQLDialect]
DEBUG DefaultIdentifierGeneratorFactory - Setting dialect [org.hibernate.dialect.HSQLDialect]
DEBUG Configuration - Processing hbm.xml files
DEBUG Configuration - Process annotated classes
DEBUG Configuration - Processing fk mappings (*ToOne and JoinedSubclass)
DEBUG Configuration - Processing extends queue
DEBUG Configuration - Processing extends queue
DEBUG Configuration - Processing collection mappings
DEBUG Configuration - Processing native query and ResultSetMapping mappings
DEBUG Configuration - Processing association property references
DEBUG Configuration - Creating tables&apos; unique integer identifiers
DEBUG Configuration - Processing foreign key constraints
DEBUG Configuration - Resolving reference to class: com.expeditors.training.course3demo.model.Address
DEBUG Configuration - Resolving reference to class: com.expeditors.training.course3demo.model.Card
DEBUG Configuration - Resolving reference to class: com.expeditors.training.course3demo.model.UserAccount
DEBUG DefaultIdentifierGeneratorFactory - Setting dialect [org.hibernate.dialect.HSQLDialect]
DEBUG DefaultIdentifierGeneratorFactory - Setting dialect [org.hibernate.dialect.HSQLDialect]
DEBUG DefaultIdentifierGeneratorFactory - Setting dialect [org.hibernate.dialect.HSQLDialect]
DEBUG DefaultIdentifierGeneratorFactory - Setting dialect [org.hibernate.dialect.HSQLDialect]
DEBUG DefaultIdentifierGeneratorFactory - Setting dialect [org.hibernate.dialect.HSQLDialect]
DEBUG DefaultIdentifierGeneratorFactory - Setting dialect [org.hibernate.dialect.HSQLDialect]
DEBUG DefaultIdentifierGeneratorFactory - Setting dialect [org.hibernate.dialect.HSQLDialect]
DEBUG DefaultIdentifierGeneratorFactory - Setting dialect [org.hibernate.dialect.HSQLDialect]
DEBUG DefaultIdentifierGeneratorFactory - Setting dialect [org.hibernate.dialect.HSQLDialect]
DEBUG DefaultIdentifierGeneratorFactory - Setting dialect [org.hibernate.dialect.HSQLDialect]
DEBUG DefaultIdentifierGeneratorFactory - Setting dialect [org.hibernate.dialect.HSQLDialect]
DEBUG DefaultIdentifierGeneratorFactory - Setting dialect [org.hibernate.dialect.HSQLDialect]
DEBUG DefaultIdentifierGeneratorFactory - Setting dialect [org.hibernate.dialect.HSQLDialect]
DEBUG DefaultIdentifierGeneratorFactory - Setting dialect [org.hibernate.dialect.HSQLDialect]
DEBUG DefaultIdentifierGeneratorFactory - Setting dialect [org.hibernate.dialect.HSQLDialect]
DEBUG DefaultIdentifierGeneratorFactory - Setting dialect [org.hibernate.dialect.HSQLDialect]
INFO  SchemaExport - HHH000227: Running hbm2ddl schema export
DEBUG SchemaExport - Import file not found: /import.sql
DEBUG DriverManagerDataSource - Creating new JDBC DriverManager Connection to [jdbc:hsqldb:mem:paging]
DEBUG SQL - alter table CARD drop constraint FK_7896e9fdaabc4617ba0b71680dc
Hibernate: alter table CARD drop constraint FK_7896e9fdaabc4617ba0b71680dc
ERROR SchemaExport - HHH000389: Unsuccessful: alter table CARD drop constraint FK_7896e9fdaabc4617ba0b71680dc
ERROR SchemaExport - user lacks privilege or object not found: PUBLIC.CARD
DEBUG SQL - alter table PHONE_NUMBER drop constraint FK_b86ecc6c5ae449f783ef5973098
Hibernate: alter table PHONE_NUMBER drop constraint FK_b86ecc6c5ae449f783ef5973098
ERROR SchemaExport - HHH000389: Unsuccessful: alter table PHONE_NUMBER drop constraint FK_b86ecc6c5ae449f783ef5973098
ERROR SchemaExport - user lacks privilege or object not found: PUBLIC.PHONE_NUMBER
DEBUG SQL - alter table USERROLE drop constraint FK_ad8f44e111624ff8977510f8e21
Hibernate: alter table USERROLE drop constraint FK_ad8f44e111624ff8977510f8e21
ERROR SchemaExport - HHH000389: Unsuccessful: alter table USERROLE drop constraint FK_ad8f44e111624ff8977510f8e21
ERROR SchemaExport - user lacks privilege or object not found: PUBLIC.USERROLE
DEBUG SQL - drop table ADDRESS if exists
Hibernate: drop table ADDRESS if exists
DEBUG SQL - drop table CARD if exists
Hibernate: drop table CARD if exists
DEBUG SQL - drop table Container if exists
Hibernate: drop table Container if exists
DEBUG SQL - drop table PHONE_NUMBER if exists
Hibernate: drop table PHONE_NUMBER if exists
DEBUG SQL - drop table PRODUCT if exists
Hibernate: drop table PRODUCT if exists
DEBUG SQL - drop table Shipment if exists
Hibernate: drop table Shipment if exists
DEBUG SQL - drop table USERACCOUNT if exists
Hibernate: drop table USERACCOUNT if exists
DEBUG SQL - drop table USERROLE if exists
Hibernate: drop table USERROLE if exists
DEBUG SQL - create table ADDRESS (ADDRESS_ID bigint generated by default as identity (start with 1), city varchar(255) not null, state CHAR(2) not null, street varchar(255) not null, primary key (ADDRESS_ID))
Hibernate: create table ADDRESS (ADDRESS_ID bigint generated by default as identity (start with 1), city varchar(255) not null, state CHAR(2) not null, street varchar(255) not null, primary key (ADDRESS_ID))
DEBUG SQL - create table CARD (CARD_ID bigint generated by default as identity (start with 1), amount double, CARD_NUMBER char not null, OWNER_NAME varchar(255) not null, address bigint, primary key (CARD_ID))
Hibernate: create table CARD (CARD_ID bigint generated by default as identity (start with 1), amount double, CARD_NUMBER char not null, OWNER_NAME varchar(255) not null, address bigint, primary key (CARD_ID))
DEBUG SQL - create table Container (CONTAINER_ID bigint generated by default as identity (start with 1), capacity double not null check (capacity&gt;=0), destination varchar(255), location varchar(255), name varchar(40), status varchar(255), primary key (CONTAINER_ID))
Hibernate: create table Container (CONTAINER_ID bigint generated by default as identity (start with 1), capacity double not null check (capacity&gt;=0), destination varchar(255), location varchar(255), name varchar(40), status varchar(255), primary key (CONTAINER_ID))
DEBUG SQL - create table PHONE_NUMBER (PHONE_NUMBER_ID bigint generated by default as identity (start with 1), PHONE_NUMBER char not null, CARD_ID bigint not null, index integer, primary key (PHONE_NUMBER_ID))
Hibernate: create table PHONE_NUMBER (PHONE_NUMBER_ID bigint generated by default as identity (start with 1), PHONE_NUMBER char not null, CARD_ID bigint not null, index integer, primary key (PHONE_NUMBER_ID))
DEBUG SQL - create table PRODUCT (PRODUCT_ID bigint generated by default as identity (start with 1), description varchar(255), name varchar(255), price double, primary key (PRODUCT_ID))
Hibernate: create table PRODUCT (PRODUCT_ID bigint generated by default as identity (start with 1), description varchar(255), name varchar(255), price double, primary key (PRODUCT_ID))
DEBUG SQL - create table Shipment (SHIPMENT_ID bigint generated by default as identity (start with 1), destination varchar(255), name varchar(40), origin varchar(255), volume double not null check (volume&gt;=0), primary key (SHIPMENT_ID))
Hibernate: create table Shipment (SHIPMENT_ID bigint generated by default as identity (start with 1), destination varchar(255), name varchar(40), origin varchar(255), volume double not null check (volume&gt;=0), primary key (SHIPMENT_ID))
DEBUG SQL - create table USERACCOUNT (USER_ID bigint generated by default as identity (start with 1), enabled boolean, password varchar(50), username varchar(255), primary key (USER_ID))
Hibernate: create table USERACCOUNT (USER_ID bigint generated by default as identity (start with 1), enabled boolean, password varchar(50), username varchar(255), primary key (USER_ID))
DEBUG SQL - create table USERROLE (ROLE_ID bigint generated by default as identity (start with 1), ROLE_NAME varchar(40) not null, ROLE_OWNER bigint not null, primary key (ROLE_ID))
Hibernate: create table USERROLE (ROLE_ID bigint generated by default as identity (start with 1), ROLE_NAME varchar(40) not null, ROLE_OWNER bigint not null, primary key (ROLE_ID))
DEBUG SQL - alter table CARD add constraint FK_7896e9fdaabc4617ba0b71680dc foreign key (address) references ADDRESS
Hibernate: alter table CARD add constraint FK_7896e9fdaabc4617ba0b71680dc foreign key (address) references ADDRESS
DEBUG SQL - alter table PHONE_NUMBER add constraint FK_b86ecc6c5ae449f783ef5973098 foreign key (CARD_ID) references CARD
Hibernate: alter table PHONE_NUMBER add constraint FK_b86ecc6c5ae449f783ef5973098 foreign key (CARD_ID) references CARD
DEBUG SQL - alter table USERROLE add constraint FK_ad8f44e111624ff8977510f8e21 foreign key (ROLE_OWNER) references USERACCOUNT
Hibernate: alter table USERROLE add constraint FK_ad8f44e111624ff8977510f8e21 foreign key (ROLE_OWNER) references USERACCOUNT
INFO  SchemaExport - HHH000230: Schema export complete
DEBUG Configuration - Processing hbm.xml files
DEBUG Configuration - Process annotated classes
DEBUG Configuration - Processing fk mappings (*ToOne and JoinedSubclass)
DEBUG Configuration - Processing extends queue
DEBUG Configuration - Processing extends queue
DEBUG Configuration - Processing collection mappings
DEBUG Configuration - Processing native query and ResultSetMapping mappings
DEBUG Configuration - Processing association property references
DEBUG Configuration - Creating tables&apos; unique integer identifiers
DEBUG Configuration - Processing foreign key constraints
DEBUG Configuration - Resolving reference to class: com.expeditors.training.course3demo.model.Address
DEBUG Configuration - Resolving reference to class: com.expeditors.training.course3demo.model.Card
DEBUG Configuration - Resolving reference to class: com.expeditors.training.course3demo.model.UserAccount
DEBUG DefaultIdentifierGeneratorFactory - Setting dialect [org.hibernate.dialect.HSQLDialect]
DEBUG DefaultIdentifierGeneratorFactory - Setting dialect [org.hibernate.dialect.HSQLDialect]
DEBUG DefaultIdentifierGeneratorFactory - Setting dialect [org.hibernate.dialect.HSQLDialect]
DEBUG DefaultIdentifierGeneratorFactory - Setting dialect [org.hibernate.dialect.HSQLDialect]
DEBUG DefaultIdentifierGeneratorFactory - Setting dialect [org.hibernate.dialect.HSQLDialect]
DEBUG DefaultIdentifierGeneratorFactory - Setting dialect [org.hibernate.dialect.HSQLDialect]
DEBUG DefaultIdentifierGeneratorFactory - Setting dialect [org.hibernate.dialect.HSQLDialect]
DEBUG DefaultIdentifierGeneratorFactory - Setting dialect [org.hibernate.dialect.HSQLDialect]
DEBUG Configuration - Processing hbm.xml files
DEBUG Configuration - Process annotated classes
DEBUG Configuration - Processing fk mappings (*ToOne and JoinedSubclass)
DEBUG Configuration - Processing extends queue
DEBUG Configuration - Processing extends queue
DEBUG Configuration - Processing collection mappings
DEBUG Configuration - Processing native query and ResultSetMapping mappings
DEBUG Configuration - Processing association property references
DEBUG Configuration - Creating tables&apos; unique integer identifiers
DEBUG Configuration - Processing foreign key constraints
DEBUG Configuration - Resolving reference to class: com.expeditors.training.course3demo.model.Address
DEBUG Configuration - Resolving reference to class: com.expeditors.training.course3demo.model.Card
DEBUG Configuration - Resolving reference to class: com.expeditors.training.course3demo.model.UserAccount
DEBUG DefaultIdentifierGeneratorFactory - Setting dialect [org.hibernate.dialect.HSQLDialect]
DEBUG DefaultIdentifierGeneratorFactory - Setting dialect [org.hibernate.dialect.HSQLDialect]
DEBUG DefaultIdentifierGeneratorFactory - Setting dialect [org.hibernate.dialect.HSQLDialect]
DEBUG DefaultIdentifierGeneratorFactory - Setting dialect [org.hibernate.dialect.HSQLDialect]
DEBUG DefaultIdentifierGeneratorFactory - Setting dialect [org.hibernate.dialect.HSQLDialect]
DEBUG DefaultIdentifierGeneratorFactory - Setting dialect [org.hibernate.dialect.HSQLDialect]
DEBUG DefaultIdentifierGeneratorFactory - Setting dialect [org.hibernate.dialect.HSQLDialect]
DEBUG DefaultIdentifierGeneratorFactory - Setting dialect [org.hibernate.dialect.HSQLDialect]
DEBUG DefaultIdentifierGeneratorFactory - Setting dialect [org.hibernate.dialect.HSQLDialect]
DEBUG DefaultIdentifierGeneratorFactory - Setting dialect [org.hibernate.dialect.HSQLDialect]
DEBUG DefaultIdentifierGeneratorFactory - Setting dialect [org.hibernate.dialect.HSQLDialect]
DEBUG DefaultIdentifierGeneratorFactory - Setting dialect [org.hibernate.dialect.HSQLDialect]
DEBUG DefaultIdentifierGeneratorFactory - Setting dialect [org.hibernate.dialect.HSQLDialect]
DEBUG DefaultIdentifierGeneratorFactory - Setting dialect [org.hibernate.dialect.HSQLDialect]
DEBUG DefaultIdentifierGeneratorFactory - Setting dialect [org.hibernate.dialect.HSQLDialect]
DEBUG DefaultIdentifierGeneratorFactory - Setting dialect [org.hibernate.dialect.HSQLDialect]
DEBUG SessionFactoryImpl - Checking 0 named HQL queries
DEBUG SessionFactoryImpl - Checking 0 named SQL queries
DEBUG StatisticsInitiator - Statistics initialized [enabled=false]
DEBUG EntityManagerFactoryRegistry - Registering EntityManagerFactory: default 
DEBUG DefaultListableBeanFactory - Finished creating instance of bean &apos;entityManagerFactory&apos;
INFO  DefaultListableBeanFactory - Pre-instantiating singletons in org.springframework.beans.factory.support.DefaultListableBeanFactory@537c8c7e: defining beans [org.springframework.context.annotation.internalConfigurationAnnotationProcessor,org.springframework.context.annotation.internalAutowiredAnnotationProcessor,org.springframework.context.annotation.internalRequiredAnnotationProcessor,org.springframework.context.annotation.internalCommonAnnotationProcessor,org.springframework.context.annotation.internalPersistenceAnnotationProcessor,testConfig,org.springframework.context.annotation.ConfigurationClassPostProcessor.importAwareProcessor,cardController,containerController,errorLoginController,homeController,productController,securityController,shipmentController,org.springframework.web.servlet.config.annotation.DelegatingWebMvcConfiguration,requestMappingHandlerMapping,mvcContentNegotiationManager,viewControllerHandlerMapping,beanNameHandlerMapping,resourceHandlerMapping,defaultServletHandlerMapping,requestMappingHandlerAdapter,mvcConversionService,httpRequestHandlerAdapter,simpleControllerHandlerAdapter,handlerExceptionResolver,mvcValidator,com.expeditors.training.course3demo.config.PersistenceJPATestConfig,entityManagerFactory,dataSource,containerService,shipmentService,productService,viewResolver]; root of factory hierarchy
DEBUG DefaultListableBeanFactory - Returning cached instance of singleton bean &apos;org.springframework.context.annotation.internalConfigurationAnnotationProcessor&apos;
DEBUG DefaultListableBeanFactory - Returning cached instance of singleton bean &apos;org.springframework.context.annotation.internalAutowiredAnnotationProcessor&apos;
DEBUG DefaultListableBeanFactory - Returning cached instance of singleton bean &apos;org.springframework.context.annotation.internalRequiredAnnotationProcessor&apos;
DEBUG DefaultListableBeanFactory - Returning cached instance of singleton bean &apos;org.springframework.context.annotation.internalCommonAnnotationProcessor&apos;
DEBUG DefaultListableBeanFactory - Returning cached instance of singleton bean &apos;org.springframework.context.annotation.internalPersistenceAnnotationProcessor&apos;
DEBUG DefaultListableBeanFactory - Creating shared instance of singleton bean &apos;testConfig&apos;
DEBUG DefaultListableBeanFactory - Creating instance of bean &apos;testConfig&apos;
DEBUG DefaultListableBeanFactory - Eagerly caching bean &apos;testConfig&apos; to allow for resolving potential circular references
DEBUG DefaultListableBeanFactory - Finished creating instance of bean &apos;testConfig&apos;
DEBUG DefaultListableBeanFactory - Returning cached instance of singleton bean &apos;org.springframework.context.annotation.ConfigurationClassPostProcessor.importAwareProcessor&apos;
DEBUG DefaultListableBeanFactory - Creating shared instance of singleton bean &apos;cardController&apos;
DEBUG DefaultListableBeanFactory - Creating instance of bean &apos;cardController&apos;
DEBUG InjectionMetadata - Registered injected element on class [com.expeditors.training.course3demo.controller.CardController]: AutowiredFieldElement for com.expeditors.training.course3demo.service.CardService com.expeditors.training.course3demo.controller.CardController.cardService
DEBUG DefaultListableBeanFactory - Eagerly caching bean &apos;cardController&apos; to allow for resolving potential circular references
DEBUG InjectionMetadata - Processing injected method of bean &apos;cardController&apos;: AutowiredFieldElement for com.expeditors.training.course3demo.service.CardService com.expeditors.training.course3demo.controller.CardController.cardService
INFO  DefaultListableBeanFactory - Destroying singletons in org.springframework.beans.factory.support.DefaultListableBeanFactory@537c8c7e: defining beans [org.springframework.context.annotation.internalConfigurationAnnotationProcessor,org.springframework.context.annotation.internalAutowiredAnnotationProcessor,org.springframework.context.annotation.internalRequiredAnnotationProcessor,org.springframework.context.annotation.internalCommonAnnotationProcessor,org.springframework.context.annotation.internalPersistenceAnnotationProcessor,testConfig,org.springframework.context.annotation.ConfigurationClassPostProcessor.importAwareProcessor,cardController,containerController,errorLoginController,homeController,productController,securityController,shipmentController,org.springframework.web.servlet.config.annotation.DelegatingWebMvcConfiguration,requestMappingHandlerMapping,mvcContentNegotiationManager,viewControllerHandlerMapping,beanNameHandlerMapping,resourceHandlerMapping,defaultServletHandlerMapping,requestMappingHandlerAdapter,mvcConversionService,httpRequestHandlerAdapter,simpleControllerHandlerAdapter,handlerExceptionResolver,mvcValidator,com.expeditors.training.course3demo.config.PersistenceJPATestConfig,entityManagerFactory,dataSource,containerService,shipmentService,productService,viewResolver]; root of factory hierarchy
DEBUG DisposableBeanAdapter - Invoking destroy() on bean with name &apos;testConfig&apos;
DEBUG DisposableBeanAdapter - Invoking destroy() on bean with name &apos;entityManagerFactory&apos;
INFO  LocalContainerEntityManagerFactoryBean - Closing JPA EntityManagerFactory for persistence unit &apos;default&apos;
DEBUG SessionFactoryImpl - HHH000031: Closing
INFO  SchemaExport - HHH000227: Running hbm2ddl schema export
DEBUG SchemaExport - Import file not found: /import.sql
DEBUG DriverManagerDataSource - Creating new JDBC DriverManager Connection to [jdbc:hsqldb:mem:paging]
DEBUG SQL - alter table CARD drop constraint FK_7896e9fdaabc4617ba0b71680dc
Hibernate: alter table CARD drop constraint FK_7896e9fdaabc4617ba0b71680dc
DEBUG SQL - alter table PHONE_NUMBER drop constraint FK_b86ecc6c5ae449f783ef5973098
Hibernate: alter table PHONE_NUMBER drop constraint FK_b86ecc6c5ae449f783ef5973098
DEBUG SQL - alter table USERROLE drop constraint FK_ad8f44e111624ff8977510f8e21
Hibernate: alter table USERROLE drop constraint FK_ad8f44e111624ff8977510f8e21
DEBUG SQL - drop table ADDRESS if exists
Hibernate: drop table ADDRESS if exists
DEBUG SQL - drop table CARD if exists
Hibernate: drop table CARD if exists
DEBUG SQL - drop table Container if exists
Hibernate: drop table Container if exists
DEBUG SQL - drop table PHONE_NUMBER if exists
Hibernate: drop table PHONE_NUMBER if exists
DEBUG SQL - drop table PRODUCT if exists
Hibernate: drop table PRODUCT if exists
DEBUG SQL - drop table Shipment if exists
Hibernate: drop table Shipment if exists
DEBUG SQL - drop table USERACCOUNT if exists
Hibernate: drop table USERACCOUNT if exists
DEBUG SQL - drop table USERROLE if exists
Hibernate: drop table USERROLE if exists
INFO  SchemaExport - HHH000230: Schema export complete
DEBUG EntityManagerFactoryRegistry - Remove: name=default
DEBUG DisposableBeanAdapter - Invoking destroy() on bean with name &apos;com.expeditors.training.course3demo.config.PersistenceJPATestConfig&apos;
ERROR TestContextManager - Caught exception while allowing TestExecutionListener [org.springframework.test.context.web.ServletTestExecutionListener@5942ee04] to prepare test instance [com.expeditors.training.course3demo.controller.ContainerControllerTest@20011bf]
java.lang.IllegalStateException: Failed to load ApplicationContext
	at org.springframework.test.context.CacheAwareContextLoaderDelegate.loadContext(CacheAwareContextLoaderDelegate.java:99) ~[spring-test-3.2.3.RELEASE.jar:3.2.3.RELEASE]
	at org.springframework.test.context.TestContext.getApplicationContext(TestContext.java:122) ~[spring-test-3.2.3.RELEASE.jar:3.2.3.RELEASE]
	at org.springframework.test.context.web.ServletTestExecutionListener.setUpRequestContextIfNecessary(ServletTestExecutionListener.java:105) ~[spring-test-3.2.3.RELEASE.jar:3.2.3.RELEASE]
	at org.springframework.test.context.web.ServletTestExecutionListener.prepareTestInstance(ServletTestExecutionListener.java:74) ~[spring-test-3.2.3.RELEASE.jar:3.2.3.RELEASE]
	at org.springframework.test.context.TestContextManager.prepareTestInstance(TestContextManager.java:312) ~[spring-test-3.2.3.RELEASE.jar:3.2.3.RELEASE]
	at org.springframework.test.context.junit4.SpringJUnit4ClassRunner.createTest(SpringJUnit4ClassRunner.java:211) [spring-test-3.2.3.RELEASE.jar:3.2.3.RELEASE]
	at org.springframework.test.context.junit4.SpringJUnit4ClassRunner$1.runReflectiveCall(SpringJUnit4ClassRunner.java:288) [spring-test-3.2.3.RELEASE.jar:3.2.3.RELEASE]
	at org.junit.internal.runners.model.ReflectiveCallable.run(ReflectiveCallable.java:12) [junit-4.11.jar:na]
	at org.springframework.test.context.junit4.SpringJUnit4ClassRunner.methodBlock(SpringJUnit4ClassRunner.java:284) [spring-test-3.2.3.RELEASE.jar:3.2.3.RELEASE]
	at org.springframework.test.context.junit4.SpringJUnit4ClassRunner.runChild(SpringJUnit4ClassRunner.java:231) [spring-test-3.2.3.RELEASE.jar:3.2.3.RELEASE]
	at org.springframework.test.context.junit4.SpringJUnit4ClassRunner.runChild(SpringJUnit4ClassRunner.java:88) [spring-test-3.2.3.RELEASE.jar:3.2.3.RELEASE]
	at org.junit.runners.ParentRunner$3.run(ParentRunner.java:238) [junit-4.11.jar:na]
	at org.junit.runners.ParentRunner$1.schedule(ParentRunner.java:63) [junit-4.11.jar:na]
	at org.junit.runners.ParentRunner.runChildren(ParentRunner.java:236) [junit-4.11.jar:na]
	at org.junit.runners.ParentRunner.access$000(ParentRunner.java:53) [junit-4.11.jar:na]
	at org.junit.runners.ParentRunner$2.evaluate(ParentRunner.java:229) [junit-4.11.jar:na]
	at org.springframework.test.context.junit4.statements.RunBeforeTestClassCallbacks.evaluate(RunBeforeTestClassCallbacks.java:61) [spring-test-3.2.3.RELEASE.jar:3.2.3.RELEASE]
	at org.springframework.test.context.junit4.statements.RunAfterTestClassCallbacks.evaluate(RunAfterTestClassCallbacks.java:71) [spring-test-3.2.3.RELEASE.jar:3.2.3.RELEASE]
	at org.junit.runners.ParentRunner.run(ParentRunner.java:309) [junit-4.11.jar:na]
	at org.springframework.test.context.junit4.SpringJUnit4ClassRunner.run(SpringJUnit4ClassRunner.java:174) [spring-test-3.2.3.RELEASE.jar:3.2.3.RELEASE]
	at org.apache.maven.surefire.junit4.JUnit4Provider.execute(JUnit4Provider.java:252) [surefire-junit4-2.12.4.jar:2.12.4]
	at org.apache.maven.surefire.junit4.JUnit4Provider.executeTestSet(JUnit4Provider.java:141) [surefire-junit4-2.12.4.jar:2.12.4]
	at org.apache.maven.surefire.junit4.JUnit4Provider.invoke(JUnit4Provider.java:112) [surefire-junit4-2.12.4.jar:2.12.4]
	at sun.reflect.NativeMethodAccessorImpl.invoke0(Native Method) ~[na:1.8.0_20]
	at sun.reflect.NativeMethodAccessorImpl.invoke(NativeMethodAccessorImpl.java:62) ~[na:1.8.0_20]
	at sun.reflect.DelegatingMethodAccessorImpl.invoke(DelegatingMethodAccessorImpl.java:43) ~[na:1.8.0_20]
	at java.lang.reflect.Method.invoke(Method.java:483) ~[na:1.8.0_20]
	at org.apache.maven.surefire.util.ReflectionUtils.invokeMethodWithArray(ReflectionUtils.java:189) [surefire-api-2.12.4.jar:2.12.4]
	at org.apache.maven.surefire.booter.ProviderFactory$ProviderProxy.invoke(ProviderFactory.java:165) [surefire-booter-2.12.4.jar:2.12.4]
	at org.apache.maven.surefire.booter.ProviderFactory.invokeProvider(ProviderFactory.java:85) [surefire-booter-2.12.4.jar:2.12.4]
	at org.apache.maven.surefire.booter.ForkedBooter.runSuitesInProcess(ForkedBooter.java:115) [surefire-booter-2.12.4.jar:2.12.4]
	at org.apache.maven.surefire.booter.ForkedBooter.main(ForkedBooter.java:75) [surefire-booter-2.12.4.jar:2.12.4]
Caused by: org.springframework.beans.factory.BeanCreationException: Error creating bean with name &apos;cardController&apos;: Injection of autowired dependencies failed; nested exception is org.springframework.beans.factory.BeanCreationException: Could not autowire field: com.expeditors.training.course3demo.service.CardService com.expeditors.training.course3demo.controller.CardController.cardService; nested exception is org.springframework.beans.factory.NoSuchBeanDefinitionException: No qualifying bean of type [com.expeditors.training.course3demo.service.CardService] found for dependency: expected at least 1 bean which qualifies as autowire candidate for this dependency. Dependency annotations: {@org.springframework.beans.factory.annotation.Autowired(required=true)}
	at org.springframework.beans.factory.annotation.AutowiredAnnotationBeanPostProcessor.postProcessPropertyValues(AutowiredAnnotationBeanPostProcessor.java:288) ~[spring-beans-3.2.3.RELEASE.jar:3.2.3.RELEASE]
	at org.springframework.beans.factory.support.AbstractAutowireCapableBeanFactory.populateBean(AbstractAutowireCapableBeanFactory.java:1116) ~[spring-beans-3.2.3.RELEASE.jar:3.2.3.RELEASE]
	at org.springframework.beans.factory.support.AbstractAutowireCapableBeanFactory.doCreateBean(AbstractAutowireCapableBeanFactory.java:519) ~[spring-beans-3.2.3.RELEASE.jar:3.2.3.RELEASE]
	at org.springframework.beans.factory.support.AbstractAutowireCapableBeanFactory.createBean(AbstractAutowireCapableBeanFactory.java:458) ~[spring-beans-3.2.3.RELEASE.jar:3.2.3.RELEASE]
	at org.springframework.beans.factory.support.AbstractBeanFactory$1.getObject(AbstractBeanFactory.java:295) ~[spring-beans-3.2.3.RELEASE.jar:3.2.3.RELEASE]
	at org.springframework.beans.factory.support.DefaultSingletonBeanRegistry.getSingleton(DefaultSingletonBeanRegistry.java:223) ~[spring-beans-3.2.3.RELEASE.jar:3.2.3.RELEASE]
	at org.springframework.beans.factory.support.AbstractBeanFactory.doGetBean(AbstractBeanFactory.java:292) ~[spring-beans-3.2.3.RELEASE.jar:3.2.3.RELEASE]
	at org.springframework.beans.factory.support.AbstractBeanFactory.getBean(AbstractBeanFactory.java:194) ~[spring-beans-3.2.3.RELEASE.jar:3.2.3.RELEASE]
	at org.springframework.beans.factory.support.DefaultListableBeanFactory.preInstantiateSingletons(DefaultListableBeanFactory.java:626) ~[spring-beans-3.2.3.RELEASE.jar:3.2.3.RELEASE]
	at org.springframework.context.support.AbstractApplicationContext.finishBeanFactoryInitialization(AbstractApplicationContext.java:932) ~[spring-context-3.2.3.RELEASE.jar:3.2.3.RELEASE]
	at org.springframework.context.support.AbstractApplicationContext.refresh(AbstractApplicationContext.java:479) ~[spring-context-3.2.3.RELEASE.jar:3.2.3.RELEASE]
	at org.springframework.test.context.web.AbstractGenericWebContextLoader.loadContext(AbstractGenericWebContextLoader.java:128) ~[spring-test-3.2.3.RELEASE.jar:3.2.3.RELEASE]
	at org.springframework.test.context.web.AbstractGenericWebContextLoader.loadContext(AbstractGenericWebContextLoader.java:60) ~[spring-test-3.2.3.RELEASE.jar:3.2.3.RELEASE]
	at org.springframework.test.context.support.AbstractDelegatingSmartContextLoader.delegateLoading(AbstractDelegatingSmartContextLoader.java:100) ~[spring-test-3.2.3.RELEASE.jar:3.2.3.RELEASE]
	at org.springframework.test.context.support.AbstractDelegatingSmartContextLoader.loadContext(AbstractDelegatingSmartContextLoader.java:248) ~[spring-test-3.2.3.RELEASE.jar:3.2.3.RELEASE]
	at org.springframework.test.context.CacheAwareContextLoaderDelegate.loadContextInternal(CacheAwareContextLoaderDelegate.java:64) ~[spring-test-3.2.3.RELEASE.jar:3.2.3.RELEASE]
	at org.springframework.test.context.CacheAwareContextLoaderDelegate.loadContext(CacheAwareContextLoaderDelegate.java:91) ~[spring-test-3.2.3.RELEASE.jar:3.2.3.RELEASE]
	... 31 common frames omitted
Caused by: org.springframework.beans.factory.BeanCreationException: Could not autowire field: com.expeditors.training.course3demo.service.CardService com.expeditors.training.course3demo.controller.CardController.cardService; nested exception is org.springframework.beans.factory.NoSuchBeanDefinitionException: No qualifying bean of type [com.expeditors.training.course3demo.service.CardService] found for dependency: expected at least 1 bean which qualifies as autowire candidate for this dependency. Dependency annotations: {@org.springframework.beans.factory.annotation.Autowired(required=true)}
	at org.springframework.beans.factory.annotation.AutowiredAnnotationBeanPostProcessor$AutowiredFieldElement.inject(AutowiredAnnotationBeanPostProcessor.java:514) ~[spring-beans-3.2.3.RELEASE.jar:3.2.3.RELEASE]
	at org.springframework.beans.factory.annotation.InjectionMetadata.inject(InjectionMetadata.java:87) ~[spring-beans-3.2.3.RELEASE.jar:3.2.3.RELEASE]
	at org.springframework.beans.factory.annotation.AutowiredAnnotationBeanPostProcessor.postProcessPropertyValues(AutowiredAnnotationBeanPostProcessor.java:285) ~[spring-beans-3.2.3.RELEASE.jar:3.2.3.RELEASE]
	... 47 common frames omitted
Caused by: org.springframework.beans.factory.NoSuchBeanDefinitionException: No qualifying bean of type [com.expeditors.training.course3demo.service.CardService] found for dependency: expected at least 1 bean which qualifies as autowire candidate for this dependency. Dependency annotations: {@org.springframework.beans.factory.annotation.Autowired(required=true)}
	at org.springframework.beans.factory.support.DefaultListableBeanFactory.raiseNoSuchBeanDefinitionException(DefaultListableBeanFactory.java:986) ~[spring-beans-3.2.3.RELEASE.jar:3.2.3.RELEASE]
	at org.springframework.beans.factory.support.DefaultListableBeanFactory.doResolveDependency(DefaultListableBeanFactory.java:856) ~[spring-beans-3.2.3.RELEASE.jar:3.2.3.RELEASE]
	at org.springframework.beans.factory.support.DefaultListableBeanFactory.resolveDependency(DefaultListableBeanFactory.java:768) ~[spring-beans-3.2.3.RELEASE.jar:3.2.3.RELEASE]
	at org.springframework.beans.factory.annotation.AutowiredAnnotationBeanPostProcessor$AutowiredFieldElement.inject(AutowiredAnnotationBeanPostProcessor.java:486) ~[spring-beans-3.2.3.RELEASE.jar:3.2.3.RELEASE]
	... 49 common frames omitted
</system-out>
  </testcase>
  <testcase classname="com.expeditors.training.course3demo.controller.ContainerControllerTest" name="testAddContainerStatusError" time="0.673">
    <error message="Failed to load ApplicationContext" type="java.lang.IllegalStateException">java.lang.IllegalStateException: Failed to load ApplicationContext
	at org.springframework.test.context.CacheAwareContextLoaderDelegate.loadContext(CacheAwareContextLoaderDelegate.java:99)
	at org.springframework.test.context.TestContext.getApplicationContext(TestContext.java:122)
	at org.springframework.test.context.web.ServletTestExecutionListener.setUpRequestContextIfNecessary(ServletTestExecutionListener.java:105)
	at org.springframework.test.context.web.ServletTestExecutionListener.prepareTestInstance(ServletTestExecutionListener.java:74)
	at org.springframework.test.context.TestContextManager.prepareTestInstance(TestContextManager.java:312)
	at org.springframework.test.context.junit4.SpringJUnit4ClassRunner.createTest(SpringJUnit4ClassRunner.java:211)
	at org.springframework.test.context.junit4.SpringJUnit4ClassRunner$1.runReflectiveCall(SpringJUnit4ClassRunner.java:288)
	at org.junit.internal.runners.model.ReflectiveCallable.run(ReflectiveCallable.java:12)
	at org.springframework.test.context.junit4.SpringJUnit4ClassRunner.methodBlock(SpringJUnit4ClassRunner.java:284)
	at org.springframework.test.context.junit4.SpringJUnit4ClassRunner.runChild(SpringJUnit4ClassRunner.java:231)
	at org.springframework.test.context.junit4.SpringJUnit4ClassRunner.runChild(SpringJUnit4ClassRunner.java:88)
	at org.junit.runners.ParentRunner$3.run(ParentRunner.java:238)
	at org.junit.runners.ParentRunner$1.schedule(ParentRunner.java:63)
	at org.junit.runners.ParentRunner.runChildren(ParentRunner.java:236)
	at org.junit.runners.ParentRunner.access$000(ParentRunner.java:53)
	at org.junit.runners.ParentRunner$2.evaluate(ParentRunner.java:229)
	at org.springframework.test.context.junit4.statements.RunBeforeTestClassCallbacks.evaluate(RunBeforeTestClassCallbacks.java:61)
	at org.springframework.test.context.junit4.statements.RunAfterTestClassCallbacks.evaluate(RunAfterTestClassCallbacks.java:71)
	at org.junit.runners.ParentRunner.run(ParentRunner.java:309)
	at org.springframework.test.context.junit4.SpringJUnit4ClassRunner.run(SpringJUnit4ClassRunner.java:174)
	at org.apache.maven.surefire.junit4.JUnit4Provider.execute(JUnit4Provider.java:252)
	at org.apache.maven.surefire.junit4.JUnit4Provider.executeTestSet(JUnit4Provider.java:141)
	at org.apache.maven.surefire.junit4.JUnit4Provider.invoke(JUnit4Provider.java:112)
	at sun.reflect.NativeMethodAccessorImpl.invoke0(Native Method)
	at sun.reflect.NativeMethodAccessorImpl.invoke(NativeMethodAccessorImpl.java:62)
	at sun.reflect.DelegatingMethodAccessorImpl.invoke(DelegatingMethodAccessorImpl.java:43)
	at java.lang.reflect.Method.invoke(Method.java:483)
	at org.apache.maven.surefire.util.ReflectionUtils.invokeMethodWithArray(ReflectionUtils.java:189)
	at org.apache.maven.surefire.booter.ProviderFactory$ProviderProxy.invoke(ProviderFactory.java:165)
	at org.apache.maven.surefire.booter.ProviderFactory.invokeProvider(ProviderFactory.java:85)
	at org.apache.maven.surefire.booter.ForkedBooter.runSuitesInProcess(ForkedBooter.java:115)
	at org.apache.maven.surefire.booter.ForkedBooter.main(ForkedBooter.java:75)
Caused by: org.springframework.beans.factory.BeanCreationException: Error creating bean with name &apos;cardController&apos;: Injection of autowired dependencies failed; nested exception is org.springframework.beans.factory.BeanCreationException: Could not autowire field: com.expeditors.training.course3demo.service.CardService com.expeditors.training.course3demo.controller.CardController.cardService; nested exception is org.springframework.beans.factory.NoSuchBeanDefinitionException: No qualifying bean of type [com.expeditors.training.course3demo.service.CardService] found for dependency: expected at least 1 bean which qualifies as autowire candidate for this dependency. Dependency annotations: {@org.springframework.beans.factory.annotation.Autowired(required=true)}
	at org.springframework.beans.factory.annotation.AutowiredAnnotationBeanPostProcessor.postProcessPropertyValues(AutowiredAnnotationBeanPostProcessor.java:288)
	at org.springframework.beans.factory.support.AbstractAutowireCapableBeanFactory.populateBean(AbstractAutowireCapableBeanFactory.java:1116)
	at org.springframework.beans.factory.support.AbstractAutowireCapableBeanFactory.doCreateBean(AbstractAutowireCapableBeanFactory.java:519)
	at org.springframework.beans.factory.support.AbstractAutowireCapableBeanFactory.createBean(AbstractAutowireCapableBeanFactory.java:458)
	at org.springframework.beans.factory.support.AbstractBeanFactory$1.getObject(AbstractBeanFactory.java:295)
	at org.springframework.beans.factory.support.DefaultSingletonBeanRegistry.getSingleton(DefaultSingletonBeanRegistry.java:223)
	at org.springframework.beans.factory.support.AbstractBeanFactory.doGetBean(AbstractBeanFactory.java:292)
	at org.springframework.beans.factory.support.AbstractBeanFactory.getBean(AbstractBeanFactory.java:194)
	at org.springframework.beans.factory.support.DefaultListableBeanFactory.preInstantiateSingletons(DefaultListableBeanFactory.java:626)
	at org.springframework.context.support.AbstractApplicationContext.finishBeanFactoryInitialization(AbstractApplicationContext.java:932)
	at org.springframework.context.support.AbstractApplicationContext.refresh(AbstractApplicationContext.java:479)
	at org.springframework.test.context.web.AbstractGenericWebContextLoader.loadContext(AbstractGenericWebContextLoader.java:128)
	at org.springframework.test.context.web.AbstractGenericWebContextLoader.loadContext(AbstractGenericWebContextLoader.java:60)
	at org.springframework.test.context.support.AbstractDelegatingSmartContextLoader.delegateLoading(AbstractDelegatingSmartContextLoader.java:100)
	at org.springframework.test.context.support.AbstractDelegatingSmartContextLoader.loadContext(AbstractDelegatingSmartContextLoader.java:248)
	at org.springframework.test.context.CacheAwareContextLoaderDelegate.loadContextInternal(CacheAwareContextLoaderDelegate.java:64)
	at org.springframework.test.context.CacheAwareContextLoaderDelegate.loadContext(CacheAwareContextLoaderDelegate.java:91)
	... 31 more
Caused by: org.springframework.beans.factory.BeanCreationException: Could not autowire field: com.expeditors.training.course3demo.service.CardService com.expeditors.training.course3demo.controller.CardController.cardService; nested exception is org.springframework.beans.factory.NoSuchBeanDefinitionException: No qualifying bean of type [com.expeditors.training.course3demo.service.CardService] found for dependency: expected at least 1 bean which qualifies as autowire candidate for this dependency. Dependency annotations: {@org.springframework.beans.factory.annotation.Autowired(required=true)}
	at org.springframework.beans.factory.annotation.AutowiredAnnotationBeanPostProcessor$AutowiredFieldElement.inject(AutowiredAnnotationBeanPostProcessor.java:514)
	at org.springframework.beans.factory.annotation.InjectionMetadata.inject(InjectionMetadata.java:87)
	at org.springframework.beans.factory.annotation.AutowiredAnnotationBeanPostProcessor.postProcessPropertyValues(AutowiredAnnotationBeanPostProcessor.java:285)
	... 47 more
Caused by: org.springframework.beans.factory.NoSuchBeanDefinitionException: No qualifying bean of type [com.expeditors.training.course3demo.service.CardService] found for dependency: expected at least 1 bean which qualifies as autowire candidate for this dependency. Dependency annotations: {@org.springframework.beans.factory.annotation.Autowired(required=true)}
	at org.springframework.beans.factory.support.DefaultListableBeanFactory.raiseNoSuchBeanDefinitionException(DefaultListableBeanFactory.java:986)
	at org.springframework.beans.factory.support.DefaultListableBeanFactory.doResolveDependency(DefaultListableBeanFactory.java:856)
	at org.springframework.beans.factory.support.DefaultListableBeanFactory.resolveDependency(DefaultListableBeanFactory.java:768)
	at org.springframework.beans.factory.annotation.AutowiredAnnotationBeanPostProcessor$AutowiredFieldElement.inject(AutowiredAnnotationBeanPostProcessor.java:486)
	... 49 more
</error>
    <system-out>DEBUG ProfileValueUtils - Retrieved @ProfileValueSourceConfiguration [null] for test class [com.expeditors.training.course3demo.controller.ContainerControllerTest]
DEBUG ProfileValueUtils - Retrieved ProfileValueSource type [class org.springframework.test.annotation.SystemProfileValueSource] for class [com.expeditors.training.course3demo.controller.ContainerControllerTest]
DEBUG AbstractDelegatingSmartContextLoader - Delegating to AnnotationConfigWebContextLoader to load context from [WebMergedContextConfiguration@1da51a35 testClass = ContainerControllerTest, locations = &apos;{}&apos;, classes = &apos;{class com.expeditors.training.course3demo.config.TestConfig}&apos;, contextInitializerClasses = &apos;[]&apos;, activeProfiles = &apos;{}&apos;, resourceBasePath = &apos;src/main/webapp&apos;, contextLoader = &apos;org.springframework.test.context.web.WebDelegatingSmartContextLoader&apos;, parent = [null]].
DEBUG AbstractGenericWebContextLoader - Loading WebApplicationContext for merged context configuration [WebMergedContextConfiguration@1da51a35 testClass = ContainerControllerTest, locations = &apos;{}&apos;, classes = &apos;{class com.expeditors.training.course3demo.config.TestConfig}&apos;, contextInitializerClasses = &apos;[]&apos;, activeProfiles = &apos;{}&apos;, resourceBasePath = &apos;src/main/webapp&apos;, contextLoader = &apos;org.springframework.test.context.web.WebDelegatingSmartContextLoader&apos;, parent = [null]].
DEBUG StandardServletEnvironment - Initializing new StandardServletEnvironment
DEBUG StandardServletEnvironment - Adding [servletConfigInitParams] PropertySource with lowest search precedence
DEBUG StandardServletEnvironment - Adding [servletContextInitParams] PropertySource with lowest search precedence
DEBUG StandardServletEnvironment - Adding [jndiProperties] PropertySource with lowest search precedence
DEBUG StandardServletEnvironment - Adding [systemProperties] PropertySource with lowest search precedence
DEBUG StandardServletEnvironment - Adding [systemEnvironment] PropertySource with lowest search precedence
DEBUG StandardServletEnvironment - Initialized StandardServletEnvironment with PropertySources [servletConfigInitParams,servletContextInitParams,jndiProperties,systemProperties,systemEnvironment]
DEBUG AnnotationConfigWebContextLoader - Registering annotated classes: {class com.expeditors.training.course3demo.config.TestConfig}
INFO  GenericWebApplicationContext - Refreshing org.springframework.web.context.support.GenericWebApplicationContext@5fb65013: startup date [Thu Mar 05 07:38:53 PST 2015]; root of context hierarchy
DEBUG StandardServletEnvironment - Replacing [servletContextInitParams] PropertySource with [servletContextInitParams]
DEBUG GenericWebApplicationContext - Bean factory for org.springframework.web.context.support.GenericWebApplicationContext@5fb65013: org.springframework.beans.factory.support.DefaultListableBeanFactory@38a1a26: defining beans [org.springframework.context.annotation.internalConfigurationAnnotationProcessor,org.springframework.context.annotation.internalAutowiredAnnotationProcessor,org.springframework.context.annotation.internalRequiredAnnotationProcessor,org.springframework.context.annotation.internalCommonAnnotationProcessor,org.springframework.context.annotation.internalPersistenceAnnotationProcessor,testConfig]; root of factory hierarchy
DEBUG DefaultListableBeanFactory - Creating shared instance of singleton bean &apos;org.springframework.context.annotation.internalConfigurationAnnotationProcessor&apos;
DEBUG DefaultListableBeanFactory - Creating instance of bean &apos;org.springframework.context.annotation.internalConfigurationAnnotationProcessor&apos;
DEBUG DefaultListableBeanFactory - Eagerly caching bean &apos;org.springframework.context.annotation.internalConfigurationAnnotationProcessor&apos; to allow for resolving potential circular references
DEBUG DefaultListableBeanFactory - Finished creating instance of bean &apos;org.springframework.context.annotation.internalConfigurationAnnotationProcessor&apos;
DEBUG StandardEnvironment - Initializing new StandardEnvironment
DEBUG StandardEnvironment - Adding [systemProperties] PropertySource with lowest search precedence
DEBUG StandardEnvironment - Adding [systemEnvironment] PropertySource with lowest search precedence
DEBUG StandardEnvironment - Initialized StandardEnvironment with PropertySources [systemProperties,systemEnvironment]
DEBUG PathMatchingResourcePatternResolver - Looking for matching resources in directory tree [C:\Users\chq-jamesgl\STS_work2\finalprojectgleixner\target\test-classes\com\expeditors\training\course3demo\controller]
DEBUG PathMatchingResourcePatternResolver - Searching directory [C:\Users\chq-jamesgl\STS_work2\finalprojectgleixner\target\test-classes\com\expeditors\training\course3demo\controller] for files matching pattern [C:/Users/chq-jamesgl/STS_work2/finalprojectgleixner/target/test-classes/com/expeditors/training/course3demo/controller/**/*.class]
DEBUG PathMatchingResourcePatternResolver - Looking for matching resources in directory tree [C:\Users\chq-jamesgl\STS_work2\finalprojectgleixner\target\classes\com\expeditors\training\course3demo\controller]
DEBUG PathMatchingResourcePatternResolver - Searching directory [C:\Users\chq-jamesgl\STS_work2\finalprojectgleixner\target\classes\com\expeditors\training\course3demo\controller] for files matching pattern [C:/Users/chq-jamesgl/STS_work2/finalprojectgleixner/target/classes/com/expeditors/training/course3demo/controller/**/*.class]
DEBUG PathMatchingResourcePatternResolver - Resolved location pattern [classpath*:com/expeditors/training/course3demo/controller/**/*.class] to resources [file [C:\Users\chq-jamesgl\STS_work2\finalprojectgleixner\target\test-classes\com\expeditors\training\course3demo\controller\ContainerControllerTest.class], file [C:\Users\chq-jamesgl\STS_work2\finalprojectgleixner\target\test-classes\com\expeditors\training\course3demo\controller\ProductControllerTest.class], file [C:\Users\chq-jamesgl\STS_work2\finalprojectgleixner\target\test-classes\com\expeditors\training\course3demo\controller\ShipmentControllerTest.class], file [C:\Users\chq-jamesgl\STS_work2\finalprojectgleixner\target\classes\com\expeditors\training\course3demo\controller\CardController.class], file [C:\Users\chq-jamesgl\STS_work2\finalprojectgleixner\target\classes\com\expeditors\training\course3demo\controller\ContainerController.class], file [C:\Users\chq-jamesgl\STS_work2\finalprojectgleixner\target\classes\com\expeditors\training\course3demo\controller\ErrorLoginController.class], file [C:\Users\chq-jamesgl\STS_work2\finalprojectgleixner\target\classes\com\expeditors\training\course3demo\controller\HomeController.class], file [C:\Users\chq-jamesgl\STS_work2\finalprojectgleixner\target\classes\com\expeditors\training\course3demo\controller\ProductController.class], file [C:\Users\chq-jamesgl\STS_work2\finalprojectgleixner\target\classes\com\expeditors\training\course3demo\controller\SecurityController.class], file [C:\Users\chq-jamesgl\STS_work2\finalprojectgleixner\target\classes\com\expeditors\training\course3demo\controller\ShipmentController.class]]
DEBUG ClassPathBeanDefinitionScanner - Identified candidate component class: file [C:\Users\chq-jamesgl\STS_work2\finalprojectgleixner\target\classes\com\expeditors\training\course3demo\controller\CardController.class]
DEBUG ClassPathBeanDefinitionScanner - Identified candidate component class: file [C:\Users\chq-jamesgl\STS_work2\finalprojectgleixner\target\classes\com\expeditors\training\course3demo\controller\ContainerController.class]
DEBUG ClassPathBeanDefinitionScanner - Identified candidate component class: file [C:\Users\chq-jamesgl\STS_work2\finalprojectgleixner\target\classes\com\expeditors\training\course3demo\controller\ErrorLoginController.class]
DEBUG ClassPathBeanDefinitionScanner - Identified candidate component class: file [C:\Users\chq-jamesgl\STS_work2\finalprojectgleixner\target\classes\com\expeditors\training\course3demo\controller\HomeController.class]
DEBUG ClassPathBeanDefinitionScanner - Identified candidate component class: file [C:\Users\chq-jamesgl\STS_work2\finalprojectgleixner\target\classes\com\expeditors\training\course3demo\controller\ProductController.class]
DEBUG ClassPathBeanDefinitionScanner - Identified candidate component class: file [C:\Users\chq-jamesgl\STS_work2\finalprojectgleixner\target\classes\com\expeditors\training\course3demo\controller\SecurityController.class]
DEBUG ClassPathBeanDefinitionScanner - Identified candidate component class: file [C:\Users\chq-jamesgl\STS_work2\finalprojectgleixner\target\classes\com\expeditors\training\course3demo\controller\ShipmentController.class]
DEBUG ConfigurationClassBeanDefinitionReader - Registered bean definition for imported @Configuration class org.springframework.web.servlet.config.annotation.DelegatingWebMvcConfiguration
DEBUG ConfigurationClassBeanDefinitionReader - Registering bean definition for @Bean method org.springframework.web.servlet.config.annotation.DelegatingWebMvcConfiguration.requestMappingHandlerMapping()
DEBUG ConfigurationClassBeanDefinitionReader - Registering bean definition for @Bean method org.springframework.web.servlet.config.annotation.DelegatingWebMvcConfiguration.mvcContentNegotiationManager()
DEBUG ConfigurationClassBeanDefinitionReader - Registering bean definition for @Bean method org.springframework.web.servlet.config.annotation.DelegatingWebMvcConfiguration.viewControllerHandlerMapping()
DEBUG ConfigurationClassBeanDefinitionReader - Registering bean definition for @Bean method org.springframework.web.servlet.config.annotation.DelegatingWebMvcConfiguration.beanNameHandlerMapping()
DEBUG ConfigurationClassBeanDefinitionReader - Registering bean definition for @Bean method org.springframework.web.servlet.config.annotation.DelegatingWebMvcConfiguration.resourceHandlerMapping()
DEBUG ConfigurationClassBeanDefinitionReader - Registering bean definition for @Bean method org.springframework.web.servlet.config.annotation.DelegatingWebMvcConfiguration.defaultServletHandlerMapping()
DEBUG ConfigurationClassBeanDefinitionReader - Registering bean definition for @Bean method org.springframework.web.servlet.config.annotation.DelegatingWebMvcConfiguration.requestMappingHandlerAdapter()
DEBUG ConfigurationClassBeanDefinitionReader - Registering bean definition for @Bean method org.springframework.web.servlet.config.annotation.DelegatingWebMvcConfiguration.mvcConversionService()
DEBUG ConfigurationClassBeanDefinitionReader - Registering bean definition for @Bean method org.springframework.web.servlet.config.annotation.DelegatingWebMvcConfiguration.httpRequestHandlerAdapter()
DEBUG ConfigurationClassBeanDefinitionReader - Registering bean definition for @Bean method org.springframework.web.servlet.config.annotation.DelegatingWebMvcConfiguration.simpleControllerHandlerAdapter()
DEBUG ConfigurationClassBeanDefinitionReader - Registering bean definition for @Bean method org.springframework.web.servlet.config.annotation.DelegatingWebMvcConfiguration.handlerExceptionResolver()
DEBUG ConfigurationClassBeanDefinitionReader - Registering bean definition for @Bean method org.springframework.web.servlet.config.annotation.DelegatingWebMvcConfiguration.mvcValidator()
DEBUG ConfigurationClassBeanDefinitionReader - Registered bean definition for imported @Configuration class com.expeditors.training.course3demo.config.PersistenceJPATestConfig
DEBUG ConfigurationClassBeanDefinitionReader - Registering bean definition for @Bean method com.expeditors.training.course3demo.config.PersistenceJPATestConfig.entityManagerFactory()
DEBUG ConfigurationClassBeanDefinitionReader - Registering bean definition for @Bean method com.expeditors.training.course3demo.config.PersistenceJPATestConfig.dataSource()
DEBUG ConfigurationClassBeanDefinitionReader - Registering bean definition for @Bean method com.expeditors.training.course3demo.config.TestConfig.containerService()
DEBUG ConfigurationClassBeanDefinitionReader - Registering bean definition for @Bean method com.expeditors.training.course3demo.config.TestConfig.shipmentService()
DEBUG ConfigurationClassBeanDefinitionReader - Registering bean definition for @Bean method com.expeditors.training.course3demo.config.TestConfig.productService()
DEBUG ConfigurationClassBeanDefinitionReader - Registering bean definition for @Bean method com.expeditors.training.course3demo.config.TestConfig.viewResolver()
DEBUG ConfigurationClassEnhancer - Successfully enhanced com.expeditors.training.course3demo.config.TestConfig; enhanced class name is: com.expeditors.training.course3demo.config.TestConfig$$EnhancerByCGLIB$$aae1cafb
DEBUG ConfigurationClassPostProcessor - Replacing bean definition &apos;testConfig&apos; existing class name &apos;com.expeditors.training.course3demo.config.TestConfig&apos; with enhanced class name &apos;com.expeditors.training.course3demo.config.TestConfig$$EnhancerByCGLIB$$aae1cafb&apos;
DEBUG ConfigurationClassEnhancer - Successfully enhanced org.springframework.web.servlet.config.annotation.DelegatingWebMvcConfiguration; enhanced class name is: org.springframework.web.servlet.config.annotation.DelegatingWebMvcConfiguration$$EnhancerByCGLIB$$a164085b
DEBUG ConfigurationClassPostProcessor - Replacing bean definition &apos;org.springframework.web.servlet.config.annotation.DelegatingWebMvcConfiguration&apos; existing class name &apos;org.springframework.web.servlet.config.annotation.DelegatingWebMvcConfiguration&apos; with enhanced class name &apos;org.springframework.web.servlet.config.annotation.DelegatingWebMvcConfiguration$$EnhancerByCGLIB$$a164085b&apos;
DEBUG ConfigurationClassEnhancer - Successfully enhanced com.expeditors.training.course3demo.config.PersistenceJPATestConfig; enhanced class name is: com.expeditors.training.course3demo.config.PersistenceJPATestConfig$$EnhancerByCGLIB$$f6c89e17
DEBUG ConfigurationClassPostProcessor - Replacing bean definition &apos;com.expeditors.training.course3demo.config.PersistenceJPATestConfig&apos; existing class name &apos;com.expeditors.training.course3demo.config.PersistenceJPATestConfig&apos; with enhanced class name &apos;com.expeditors.training.course3demo.config.PersistenceJPATestConfig$$EnhancerByCGLIB$$f6c89e17&apos;
DEBUG DefaultListableBeanFactory - Creating shared instance of singleton bean &apos;org.springframework.context.annotation.internalAutowiredAnnotationProcessor&apos;
DEBUG DefaultListableBeanFactory - Creating instance of bean &apos;org.springframework.context.annotation.internalAutowiredAnnotationProcessor&apos;
DEBUG DefaultListableBeanFactory - Eagerly caching bean &apos;org.springframework.context.annotation.internalAutowiredAnnotationProcessor&apos; to allow for resolving potential circular references
DEBUG DefaultListableBeanFactory - Finished creating instance of bean &apos;org.springframework.context.annotation.internalAutowiredAnnotationProcessor&apos;
DEBUG DefaultListableBeanFactory - Creating shared instance of singleton bean &apos;org.springframework.context.annotation.internalRequiredAnnotationProcessor&apos;
DEBUG DefaultListableBeanFactory - Creating instance of bean &apos;org.springframework.context.annotation.internalRequiredAnnotationProcessor&apos;
DEBUG DefaultListableBeanFactory - Eagerly caching bean &apos;org.springframework.context.annotation.internalRequiredAnnotationProcessor&apos; to allow for resolving potential circular references
DEBUG DefaultListableBeanFactory - Finished creating instance of bean &apos;org.springframework.context.annotation.internalRequiredAnnotationProcessor&apos;
DEBUG DefaultListableBeanFactory - Creating shared instance of singleton bean &apos;org.springframework.context.annotation.internalCommonAnnotationProcessor&apos;
DEBUG DefaultListableBeanFactory - Creating instance of bean &apos;org.springframework.context.annotation.internalCommonAnnotationProcessor&apos;
DEBUG DefaultListableBeanFactory - Eagerly caching bean &apos;org.springframework.context.annotation.internalCommonAnnotationProcessor&apos; to allow for resolving potential circular references
DEBUG DefaultListableBeanFactory - Finished creating instance of bean &apos;org.springframework.context.annotation.internalCommonAnnotationProcessor&apos;
DEBUG DefaultListableBeanFactory - Creating shared instance of singleton bean &apos;org.springframework.context.annotation.internalPersistenceAnnotationProcessor&apos;
DEBUG DefaultListableBeanFactory - Creating instance of bean &apos;org.springframework.context.annotation.internalPersistenceAnnotationProcessor&apos;
DEBUG DefaultListableBeanFactory - Eagerly caching bean &apos;org.springframework.context.annotation.internalPersistenceAnnotationProcessor&apos; to allow for resolving potential circular references
DEBUG DefaultListableBeanFactory - Finished creating instance of bean &apos;org.springframework.context.annotation.internalPersistenceAnnotationProcessor&apos;
DEBUG DefaultListableBeanFactory - Creating shared instance of singleton bean &apos;org.springframework.context.annotation.ConfigurationClassPostProcessor.importAwareProcessor&apos;
DEBUG DefaultListableBeanFactory - Creating instance of bean &apos;org.springframework.context.annotation.ConfigurationClassPostProcessor.importAwareProcessor&apos;
DEBUG DefaultListableBeanFactory - Eagerly caching bean &apos;org.springframework.context.annotation.ConfigurationClassPostProcessor.importAwareProcessor&apos; to allow for resolving potential circular references
DEBUG DefaultListableBeanFactory - Finished creating instance of bean &apos;org.springframework.context.annotation.ConfigurationClassPostProcessor.importAwareProcessor&apos;
DEBUG GenericWebApplicationContext - Unable to locate MessageSource with name &apos;messageSource&apos;: using default [org.springframework.context.support.DelegatingMessageSource@aa149ed]
DEBUG GenericWebApplicationContext - Unable to locate ApplicationEventMulticaster with name &apos;applicationEventMulticaster&apos;: using default [org.springframework.context.event.SimpleApplicationEventMulticaster@37303f12]
DEBUG UiApplicationContextUtils - Unable to locate ThemeSource with name &apos;themeSource&apos;: using default [org.springframework.ui.context.support.ResourceBundleThemeSource@31ff6309]
DEBUG DefaultListableBeanFactory - Creating shared instance of singleton bean &apos;entityManagerFactory&apos;
DEBUG DefaultListableBeanFactory - Creating instance of bean &apos;entityManagerFactory&apos;
DEBUG DefaultListableBeanFactory - Creating shared instance of singleton bean &apos;com.expeditors.training.course3demo.config.PersistenceJPATestConfig&apos;
DEBUG DefaultListableBeanFactory - Creating instance of bean &apos;com.expeditors.training.course3demo.config.PersistenceJPATestConfig&apos;
DEBUG InjectionMetadata - Registered injected element on class [com.expeditors.training.course3demo.config.PersistenceJPATestConfig$$EnhancerByCGLIB$$f6c89e17]: AutowiredFieldElement for private org.springframework.core.env.Environment com.expeditors.training.course3demo.config.PersistenceJPATestConfig.environment
DEBUG DefaultListableBeanFactory - Eagerly caching bean &apos;com.expeditors.training.course3demo.config.PersistenceJPATestConfig&apos; to allow for resolving potential circular references
DEBUG InjectionMetadata - Processing injected method of bean &apos;com.expeditors.training.course3demo.config.PersistenceJPATestConfig&apos;: AutowiredFieldElement for private org.springframework.core.env.Environment com.expeditors.training.course3demo.config.PersistenceJPATestConfig.environment
DEBUG DefaultListableBeanFactory - Returning cached instance of singleton bean &apos;environment&apos;
DEBUG AutowiredAnnotationBeanPostProcessor - Autowiring by type from bean name &apos;com.expeditors.training.course3demo.config.PersistenceJPATestConfig&apos; to bean named &apos;environment&apos;
DEBUG DefaultListableBeanFactory - Finished creating instance of bean &apos;com.expeditors.training.course3demo.config.PersistenceJPATestConfig&apos;
DEBUG DefaultListableBeanFactory - Creating shared instance of singleton bean &apos;dataSource&apos;
DEBUG DefaultListableBeanFactory - Creating instance of bean &apos;dataSource&apos;
DEBUG DefaultListableBeanFactory - Returning cached instance of singleton bean &apos;com.expeditors.training.course3demo.config.PersistenceJPATestConfig&apos;
INFO  DriverManagerDataSource - Loaded JDBC driver: org.hsqldb.jdbcDriver
DEBUG DefaultListableBeanFactory - Eagerly caching bean &apos;dataSource&apos; to allow for resolving potential circular references
DEBUG DefaultListableBeanFactory - Finished creating instance of bean &apos;dataSource&apos;
DEBUG DefaultListableBeanFactory - Eagerly caching bean &apos;entityManagerFactory&apos; to allow for resolving potential circular references
DEBUG DefaultListableBeanFactory - Invoking afterPropertiesSet() on bean with name &apos;entityManagerFactory&apos;
DEBUG PathMatchingResourcePatternResolver - Looking for matching resources in directory tree [C:\Users\chq-jamesgl\STS_work2\finalprojectgleixner\target\classes\com\expeditors\training\course3demo\model]
DEBUG PathMatchingResourcePatternResolver - Searching directory [C:\Users\chq-jamesgl\STS_work2\finalprojectgleixner\target\classes\com\expeditors\training\course3demo\model] for files matching pattern [C:/Users/chq-jamesgl/STS_work2/finalprojectgleixner/target/classes/com/expeditors/training/course3demo/model/**/*.class]
DEBUG PathMatchingResourcePatternResolver - Resolved location pattern [classpath*:com/expeditors/training/course3demo/model/**/*.class] to resources [file [C:\Users\chq-jamesgl\STS_work2\finalprojectgleixner\target\classes\com\expeditors\training\course3demo\model\Address.class], file [C:\Users\chq-jamesgl\STS_work2\finalprojectgleixner\target\classes\com\expeditors\training\course3demo\model\Card.class], file [C:\Users\chq-jamesgl\STS_work2\finalprojectgleixner\target\classes\com\expeditors\training\course3demo\model\Container.class], file [C:\Users\chq-jamesgl\STS_work2\finalprojectgleixner\target\classes\com\expeditors\training\course3demo\model\PhoneNumber.class], file [C:\Users\chq-jamesgl\STS_work2\finalprojectgleixner\target\classes\com\expeditors\training\course3demo\model\Product.class], file [C:\Users\chq-jamesgl\STS_work2\finalprojectgleixner\target\classes\com\expeditors\training\course3demo\model\Shipment.class], file [C:\Users\chq-jamesgl\STS_work2\finalprojectgleixner\target\classes\com\expeditors\training\course3demo\model\UserAccount.class], file [C:\Users\chq-jamesgl\STS_work2\finalprojectgleixner\target\classes\com\expeditors\training\course3demo\model\UserRole.class]]
INFO  LocalContainerEntityManagerFactoryBean - Building JPA container EntityManagerFactory for persistence unit &apos;default&apos;
DEBUG BasicTypeRegistry - Adding type registration boolean -&gt; org.hibernate.type.BooleanType@71ba6d4e
DEBUG BasicTypeRegistry - Adding type registration boolean -&gt; org.hibernate.type.BooleanType@71ba6d4e
DEBUG BasicTypeRegistry - Adding type registration java.lang.Boolean -&gt; org.hibernate.type.BooleanType@71ba6d4e
DEBUG BasicTypeRegistry - Adding type registration numeric_boolean -&gt; org.hibernate.type.NumericBooleanType@d86a6f
DEBUG BasicTypeRegistry - Adding type registration true_false -&gt; org.hibernate.type.TrueFalseType@2ddc9a9f
DEBUG BasicTypeRegistry - Adding type registration yes_no -&gt; org.hibernate.type.YesNoType@46cdf8bd
DEBUG BasicTypeRegistry - Adding type registration byte -&gt; org.hibernate.type.ByteType@1ed4ae0f
DEBUG BasicTypeRegistry - Adding type registration byte -&gt; org.hibernate.type.ByteType@1ed4ae0f
DEBUG BasicTypeRegistry - Adding type registration java.lang.Byte -&gt; org.hibernate.type.ByteType@1ed4ae0f
DEBUG BasicTypeRegistry - Adding type registration character -&gt; org.hibernate.type.CharacterType@6892b3b6
DEBUG BasicTypeRegistry - Adding type registration char -&gt; org.hibernate.type.CharacterType@6892b3b6
DEBUG BasicTypeRegistry - Adding type registration java.lang.Character -&gt; org.hibernate.type.CharacterType@6892b3b6
DEBUG BasicTypeRegistry - Adding type registration short -&gt; org.hibernate.type.ShortType@5b1669c0
DEBUG BasicTypeRegistry - Adding type registration short -&gt; org.hibernate.type.ShortType@5b1669c0
DEBUG BasicTypeRegistry - Adding type registration java.lang.Short -&gt; org.hibernate.type.ShortType@5b1669c0
DEBUG BasicTypeRegistry - Adding type registration integer -&gt; org.hibernate.type.IntegerType@2eae8e6e
DEBUG BasicTypeRegistry - Adding type registration int -&gt; org.hibernate.type.IntegerType@2eae8e6e
DEBUG BasicTypeRegistry - Adding type registration java.lang.Integer -&gt; org.hibernate.type.IntegerType@2eae8e6e
DEBUG BasicTypeRegistry - Adding type registration long -&gt; org.hibernate.type.LongType@25ce9dc4
DEBUG BasicTypeRegistry - Adding type registration long -&gt; org.hibernate.type.LongType@25ce9dc4
DEBUG BasicTypeRegistry - Adding type registration java.lang.Long -&gt; org.hibernate.type.LongType@25ce9dc4
DEBUG BasicTypeRegistry - Adding type registration float -&gt; org.hibernate.type.FloatType@3e8c3cb
DEBUG BasicTypeRegistry - Adding type registration float -&gt; org.hibernate.type.FloatType@3e8c3cb
DEBUG BasicTypeRegistry - Adding type registration java.lang.Float -&gt; org.hibernate.type.FloatType@3e8c3cb
DEBUG BasicTypeRegistry - Adding type registration double -&gt; org.hibernate.type.DoubleType@3b0fe47a
DEBUG BasicTypeRegistry - Adding type registration double -&gt; org.hibernate.type.DoubleType@3b0fe47a
DEBUG BasicTypeRegistry - Adding type registration java.lang.Double -&gt; org.hibernate.type.DoubleType@3b0fe47a
DEBUG BasicTypeRegistry - Adding type registration big_decimal -&gt; org.hibernate.type.BigDecimalType@74e28667
DEBUG BasicTypeRegistry - Adding type registration java.math.BigDecimal -&gt; org.hibernate.type.BigDecimalType@74e28667
DEBUG BasicTypeRegistry - Adding type registration big_integer -&gt; org.hibernate.type.BigIntegerType@53045c6c
DEBUG BasicTypeRegistry - Adding type registration java.math.BigInteger -&gt; org.hibernate.type.BigIntegerType@53045c6c
DEBUG BasicTypeRegistry - Adding type registration string -&gt; org.hibernate.type.StringType@548d708a
DEBUG BasicTypeRegistry - Adding type registration java.lang.String -&gt; org.hibernate.type.StringType@548d708a
DEBUG BasicTypeRegistry - Adding type registration nstring -&gt; org.hibernate.type.StringNVarcharType@712625fd
DEBUG BasicTypeRegistry - Adding type registration ncharacter -&gt; org.hibernate.type.CharacterNCharType@1c5920df
DEBUG BasicTypeRegistry - Adding type registration url -&gt; org.hibernate.type.UrlType@15043a2f
DEBUG BasicTypeRegistry - Adding type registration java.net.URL -&gt; org.hibernate.type.UrlType@15043a2f
DEBUG BasicTypeRegistry - Adding type registration date -&gt; org.hibernate.type.DateType@2d901eb0
DEBUG BasicTypeRegistry - Adding type registration java.sql.Date -&gt; org.hibernate.type.DateType@2d901eb0
DEBUG BasicTypeRegistry - Adding type registration time -&gt; org.hibernate.type.TimeType@909217e
DEBUG BasicTypeRegistry - Adding type registration java.sql.Time -&gt; org.hibernate.type.TimeType@909217e
DEBUG BasicTypeRegistry - Adding type registration timestamp -&gt; org.hibernate.type.TimestampType@5e2c3d18
DEBUG BasicTypeRegistry - Adding type registration java.sql.Timestamp -&gt; org.hibernate.type.TimestampType@5e2c3d18
DEBUG BasicTypeRegistry - Adding type registration java.util.Date -&gt; org.hibernate.type.TimestampType@5e2c3d18
DEBUG BasicTypeRegistry - Adding type registration dbtimestamp -&gt; org.hibernate.type.DbTimestampType@5b218417
DEBUG BasicTypeRegistry - Adding type registration calendar -&gt; org.hibernate.type.CalendarType@273444fe
DEBUG BasicTypeRegistry - Adding type registration java.util.Calendar -&gt; org.hibernate.type.CalendarType@273444fe
DEBUG BasicTypeRegistry - Adding type registration java.util.GregorianCalendar -&gt; org.hibernate.type.CalendarType@273444fe
DEBUG BasicTypeRegistry - Adding type registration calendar_date -&gt; org.hibernate.type.CalendarDateType@5524cca1
DEBUG BasicTypeRegistry - Adding type registration locale -&gt; org.hibernate.type.LocaleType@57a78e3
DEBUG BasicTypeRegistry - Adding type registration java.util.Locale -&gt; org.hibernate.type.LocaleType@57a78e3
DEBUG BasicTypeRegistry - Adding type registration currency -&gt; org.hibernate.type.CurrencyType@5386659f
DEBUG BasicTypeRegistry - Adding type registration java.util.Currency -&gt; org.hibernate.type.CurrencyType@5386659f
DEBUG BasicTypeRegistry - Adding type registration timezone -&gt; org.hibernate.type.TimeZoneType@7ce69770
DEBUG BasicTypeRegistry - Adding type registration java.util.TimeZone -&gt; org.hibernate.type.TimeZoneType@7ce69770
DEBUG BasicTypeRegistry - Adding type registration class -&gt; org.hibernate.type.ClassType@7e057f43
DEBUG BasicTypeRegistry - Adding type registration java.lang.Class -&gt; org.hibernate.type.ClassType@7e057f43
DEBUG BasicTypeRegistry - Adding type registration uuid-binary -&gt; org.hibernate.type.UUIDBinaryType@221a3fa4
DEBUG BasicTypeRegistry - Adding type registration java.util.UUID -&gt; org.hibernate.type.UUIDBinaryType@221a3fa4
DEBUG BasicTypeRegistry - Adding type registration uuid-char -&gt; org.hibernate.type.UUIDCharType@3e08ff24
DEBUG BasicTypeRegistry - Adding type registration pg-uuid -&gt; org.hibernate.type.PostgresUUIDType@70ed52de
DEBUG BasicTypeRegistry - Adding type registration binary -&gt; org.hibernate.type.BinaryType@7c37508a
DEBUG BasicTypeRegistry - Adding type registration byte[] -&gt; org.hibernate.type.BinaryType@7c37508a
DEBUG BasicTypeRegistry - Adding type registration [B -&gt; org.hibernate.type.BinaryType@7c37508a
DEBUG BasicTypeRegistry - Adding type registration wrapper-binary -&gt; org.hibernate.type.WrapperBinaryType@4a003cbe
DEBUG BasicTypeRegistry - Adding type registration Byte[] -&gt; org.hibernate.type.WrapperBinaryType@4a003cbe
DEBUG BasicTypeRegistry - Adding type registration [Ljava.lang.Byte; -&gt; org.hibernate.type.WrapperBinaryType@4a003cbe
DEBUG BasicTypeRegistry - Adding type registration image -&gt; org.hibernate.type.ImageType@359df09a
DEBUG BasicTypeRegistry - Adding type registration characters -&gt; org.hibernate.type.CharArrayType@19932c16
DEBUG BasicTypeRegistry - Adding type registration char[] -&gt; org.hibernate.type.CharArrayType@19932c16
DEBUG BasicTypeRegistry - Adding type registration [C -&gt; org.hibernate.type.CharArrayType@19932c16
DEBUG BasicTypeRegistry - Adding type registration wrapper-characters -&gt; org.hibernate.type.CharacterArrayType@1972e513
DEBUG BasicTypeRegistry - Adding type registration [Ljava.lang.Character; -&gt; org.hibernate.type.CharacterArrayType@1972e513
DEBUG BasicTypeRegistry - Adding type registration Character[] -&gt; org.hibernate.type.CharacterArrayType@1972e513
DEBUG BasicTypeRegistry - Adding type registration text -&gt; org.hibernate.type.TextType@1040be71
DEBUG BasicTypeRegistry - Adding type registration ntext -&gt; org.hibernate.type.NTextType@7fd50002
DEBUG BasicTypeRegistry - Adding type registration blob -&gt; org.hibernate.type.BlobType@7d900ecf
DEBUG BasicTypeRegistry - Adding type registration java.sql.Blob -&gt; org.hibernate.type.BlobType@7d900ecf
DEBUG BasicTypeRegistry - Adding type registration materialized_blob -&gt; org.hibernate.type.MaterializedBlobType@1a245833
DEBUG BasicTypeRegistry - Adding type registration clob -&gt; org.hibernate.type.ClobType@15a34df2
DEBUG BasicTypeRegistry - Adding type registration java.sql.Clob -&gt; org.hibernate.type.ClobType@15a34df2
DEBUG BasicTypeRegistry - Adding type registration nclob -&gt; org.hibernate.type.NClobType@5e7cd6cc
DEBUG BasicTypeRegistry - Adding type registration java.sql.NClob -&gt; org.hibernate.type.NClobType@5e7cd6cc
DEBUG BasicTypeRegistry - Adding type registration materialized_clob -&gt; org.hibernate.type.MaterializedClobType@2dfaea86
DEBUG BasicTypeRegistry - Adding type registration materialized_nclob -&gt; org.hibernate.type.MaterializedNClobType@14fc5f04
DEBUG BasicTypeRegistry - Adding type registration serializable -&gt; org.hibernate.type.SerializableType@333d4a8c
DEBUG BasicTypeRegistry - Adding type registration object -&gt; org.hibernate.type.ObjectType@60f00693
DEBUG BasicTypeRegistry - Adding type registration java.lang.Object -&gt; org.hibernate.type.ObjectType@60f00693
DEBUG BasicTypeRegistry - Adding type registration imm_date -&gt; org.hibernate.type.AdaptedImmutableType@20a05b32
DEBUG BasicTypeRegistry - Adding type registration imm_time -&gt; org.hibernate.type.AdaptedImmutableType@165e389b
DEBUG BasicTypeRegistry - Adding type registration imm_timestamp -&gt; org.hibernate.type.AdaptedImmutableType@5c73f672
DEBUG BasicTypeRegistry - Adding type registration imm_dbtimestamp -&gt; org.hibernate.type.AdaptedImmutableType@8ee0c23
DEBUG BasicTypeRegistry - Adding type registration imm_calendar -&gt; org.hibernate.type.AdaptedImmutableType@2ab5afc7
DEBUG BasicTypeRegistry - Adding type registration imm_calendar_date -&gt; org.hibernate.type.AdaptedImmutableType@4dc8c0ea
DEBUG BasicTypeRegistry - Adding type registration imm_binary -&gt; org.hibernate.type.AdaptedImmutableType@e4b6f47
DEBUG BasicTypeRegistry - Adding type registration imm_serializable -&gt; org.hibernate.type.AdaptedImmutableType@763cf5b9
DEBUG DefaultIdentifierGeneratorFactory - Registering IdentifierGenerator strategy [uuid2] -&gt; [org.hibernate.id.UUIDGenerator]
DEBUG DefaultIdentifierGeneratorFactory - Registering IdentifierGenerator strategy [guid] -&gt; [org.hibernate.id.GUIDGenerator]
DEBUG DefaultIdentifierGeneratorFactory - Registering IdentifierGenerator strategy [uuid] -&gt; [org.hibernate.id.UUIDHexGenerator]
DEBUG DefaultIdentifierGeneratorFactory - Registering IdentifierGenerator strategy [uuid.hex] -&gt; [org.hibernate.id.UUIDHexGenerator]
DEBUG DefaultIdentifierGeneratorFactory - Registering IdentifierGenerator strategy [hilo] -&gt; [org.hibernate.id.TableHiLoGenerator]
DEBUG DefaultIdentifierGeneratorFactory - Registering IdentifierGenerator strategy [assigned] -&gt; [org.hibernate.id.Assigned]
DEBUG DefaultIdentifierGeneratorFactory - Registering IdentifierGenerator strategy [identity] -&gt; [org.hibernate.id.IdentityGenerator]
DEBUG DefaultIdentifierGeneratorFactory - Registering IdentifierGenerator strategy [select] -&gt; [org.hibernate.id.SelectGenerator]
DEBUG DefaultIdentifierGeneratorFactory - Registering IdentifierGenerator strategy [sequence] -&gt; [org.hibernate.id.SequenceGenerator]
DEBUG DefaultIdentifierGeneratorFactory - Registering IdentifierGenerator strategy [seqhilo] -&gt; [org.hibernate.id.SequenceHiLoGenerator]
DEBUG DefaultIdentifierGeneratorFactory - Registering IdentifierGenerator strategy [increment] -&gt; [org.hibernate.id.IncrementGenerator]
DEBUG DefaultIdentifierGeneratorFactory - Registering IdentifierGenerator strategy [foreign] -&gt; [org.hibernate.id.ForeignGenerator]
DEBUG DefaultIdentifierGeneratorFactory - Registering IdentifierGenerator strategy [sequence-identity] -&gt; [org.hibernate.id.SequenceIdentityGenerator]
DEBUG DefaultIdentifierGeneratorFactory - Registering IdentifierGenerator strategy [enhanced-sequence] -&gt; [org.hibernate.id.enhanced.SequenceStyleGenerator]
DEBUG DefaultIdentifierGeneratorFactory - Registering IdentifierGenerator strategy [enhanced-table] -&gt; [org.hibernate.id.enhanced.TableGenerator]
DEBUG Ejb3Configuration - Processing PersistenceUnitInfo [
	name: default
	persistence provider classname: null
	classloader: sun.misc.Launcher$AppClassLoader@6bc7c054
	Temporary classloader: org.springframework.instrument.classloading.SimpleThrowawayClassLoader@71f0b72e
	excludeUnlistedClasses: true
	JTA datasource: null
	Non JTA datasource: org.springframework.jdbc.datasource.DriverManagerDataSource@7a34f66a
	Transaction type: RESOURCE_LOCAL
	PU root URL: file:/C:/Users/chq-jamesgl/STS_work2/finalprojectgleixner/target/test-classes/
	Shared Cache Mode: UNSPECIFIED
	Validation Mode: AUTO
	Jar files URLs []
	Managed classes names [
		com.expeditors.training.course3demo.model.Address
		com.expeditors.training.course3demo.model.Card
		com.expeditors.training.course3demo.model.Container
		com.expeditors.training.course3demo.model.PhoneNumber
		com.expeditors.training.course3demo.model.Product
		com.expeditors.training.course3demo.model.Shipment
		com.expeditors.training.course3demo.model.UserAccount
		com.expeditors.training.course3demo.model.UserRole]
	Mapping files names []
	Properties []
DEBUG Ejb3Configuration - Detect class: true; detect hbm: true
DEBUG AbstractJarVisitor - Searching mapped entities in jar/par: file:/C:/Users/chq-jamesgl/STS_work2/finalprojectgleixner/target/test-classes/
DEBUG AbstractJarVisitor - Filtering: com.expeditors.training.course3demo.config.PersistenceJPATestConfig
DEBUG AbstractJarVisitor - Filtering: com.expeditors.training.course3demo.config.ServiceTestConfig
DEBUG AbstractJarVisitor - Filtering: com.expeditors.training.course3demo.config.TestConfig
DEBUG AbstractJarVisitor - Filtering: com.expeditors.training.course3demo.controller.ContainerControllerTest
DEBUG AbstractJarVisitor - Filtering: com.expeditors.training.course3demo.controller.ProductControllerTest
DEBUG AbstractJarVisitor - Filtering: com.expeditors.training.course3demo.controller.ShipmentControllerTest
DEBUG AbstractJarVisitor - Filtering: com.expeditors.training.course3demo.service.ContainerServiceTest
DEBUG AbstractJarVisitor - Filtering: com.expeditors.training.course3demo.service.ProductServiceTest
DEBUG AbstractJarVisitor - Filtering: com.expeditors.training.course3demo.service.ShipmentServiceTest
DEBUG IntegratorServiceImpl - Adding Integrator [org.hibernate.cfg.beanvalidation.BeanValidationIntegrator].
DEBUG IntegratorServiceImpl - Adding Integrator [org.hibernate.ejb.event.JpaIntegrator].
DEBUG NamingHelper - No JNDI name configured for binding Ejb3Configuration
DEBUG Configuration - Preparing to build session factory with filters : {}
DEBUG Configuration - Processing hbm.xml files
DEBUG Configuration - Process annotated classes
DEBUG AnnotationBinder - Binding entity from annotated class: com.expeditors.training.course3demo.model.Address
DEBUG Ejb3Column - Binding column: Ejb3DiscriminatorColumn{logicalColumnName&apos;DTYPE&apos;, discriminatorTypeName=&apos;string&apos;}
DEBUG EntityBinder - Import with entity name Address
DEBUG EntityBinder - Bind entity com.expeditors.training.course3demo.model.Address on table ADDRESS
DEBUG Ejb3Column - Binding column: Ejb3Column{table=org.hibernate.mapping.Table(ADDRESS), mappingColumn=ADDRESS_ID, insertable=true, updatable=true, unique=false}
DEBUG PropertyBinder - MetadataSourceProcessor property id with lazy=false
DEBUG SimpleValueBinder - building SimpleValue for id
DEBUG PropertyBinder - Building property id
DEBUG Ejb3Column - Binding column: Ejb3Column{table=org.hibernate.mapping.Table(ADDRESS), mappingColumn=city, insertable=true, updatable=true, unique=false}
DEBUG PropertyBinder - MetadataSourceProcessor property city with lazy=false
DEBUG SimpleValueBinder - building SimpleValue for city
DEBUG PropertyBinder - Building property city
DEBUG Ejb3Column - Binding column: Ejb3Column{table=org.hibernate.mapping.Table(ADDRESS), mappingColumn=state, insertable=true, updatable=true, unique=false}
DEBUG PropertyBinder - MetadataSourceProcessor property state with lazy=false
DEBUG SimpleValueBinder - building SimpleValue for state
DEBUG PropertyBinder - Building property state
DEBUG Ejb3Column - Binding column: Ejb3Column{table=org.hibernate.mapping.Table(ADDRESS), mappingColumn=street, insertable=true, updatable=true, unique=false}
DEBUG PropertyBinder - MetadataSourceProcessor property street with lazy=false
DEBUG SimpleValueBinder - building SimpleValue for street
DEBUG PropertyBinder - Building property street
DEBUG AnnotationBinder - Binding entity from annotated class: com.expeditors.training.course3demo.model.Card
DEBUG Ejb3Column - Binding column: Ejb3DiscriminatorColumn{logicalColumnName&apos;DTYPE&apos;, discriminatorTypeName=&apos;string&apos;}
DEBUG EntityBinder - Import with entity name Card
DEBUG EntityBinder - Bind entity com.expeditors.training.course3demo.model.Card on table CARD
DEBUG Ejb3Column - Binding column: Ejb3Column{table=org.hibernate.mapping.Table(CARD), mappingColumn=CARD_ID, insertable=true, updatable=true, unique=false}
DEBUG PropertyBinder - MetadataSourceProcessor property id with lazy=false
DEBUG SimpleValueBinder - building SimpleValue for id
DEBUG PropertyBinder - Building property id
DEBUG Ejb3Column - Binding column: Ejb3JoinColumn{logicalColumnName=&apos;address&apos;, referencedColumn=&apos;&apos;, mappedBy=&apos;&apos;}
DEBUG Ejb3Column - Binding column: Ejb3Column{table=org.hibernate.mapping.Table(CARD), mappingColumn=address, insertable=true, updatable=true, unique=false}
DEBUG PropertyBinder - Building property address
DEBUG Ejb3Column - Binding column: Ejb3Column{table=org.hibernate.mapping.Table(CARD), mappingColumn=amount, insertable=true, updatable=true, unique=false}
DEBUG PropertyBinder - MetadataSourceProcessor property amount with lazy=false
DEBUG SimpleValueBinder - building SimpleValue for amount
DEBUG PropertyBinder - Building property amount
DEBUG Ejb3Column - Binding column: Ejb3Column{table=org.hibernate.mapping.Table(CARD), mappingColumn=CARD_NUMBER, insertable=true, updatable=true, unique=false}
DEBUG PropertyBinder - MetadataSourceProcessor property number with lazy=false
DEBUG SimpleValueBinder - building SimpleValue for number
DEBUG PropertyBinder - Building property number
DEBUG Ejb3Column - Binding column: Ejb3Column{table=org.hibernate.mapping.Table(CARD), mappingColumn=OWNER_NAME, insertable=true, updatable=true, unique=false}
DEBUG PropertyBinder - MetadataSourceProcessor property owner with lazy=false
DEBUG SimpleValueBinder - building SimpleValue for owner
DEBUG PropertyBinder - Building property owner
DEBUG Ejb3Column - Binding column: Ejb3JoinColumn{logicalColumnName=&apos;null&apos;, referencedColumn=&apos;null&apos;, mappedBy=&apos;card&apos;}
DEBUG Ejb3Column - Binding column: Ejb3Column{table=org.hibernate.mapping.Table(CARD), mappingColumn=phoneNumbers, insertable=true, updatable=true, unique=false}
DEBUG Ejb3Column - Binding column: Ejb3Column{table=org.hibernate.mapping.Table(CARD), mappingColumn=index, insertable=true, updatable=true, unique=false}
DEBUG Ejb3Column - Binding column: Ejb3Column{table=org.hibernate.mapping.Table(CARD), mappingColumn=element, insertable=true, updatable=true, unique=false}
DEBUG Ejb3Column - Binding column: Ejb3Column{table=org.hibernate.mapping.Table(CARD), mappingColumn=phoneNumbers_KEY, insertable=true, updatable=true, unique=false}
DEBUG Ejb3Column - Binding column: Ejb3JoinColumn{logicalColumnName=&apos;phoneNumbers_KEY&apos;, referencedColumn=&apos;null&apos;, mappedBy=&apos;null&apos;}
DEBUG Ejb3Column - Binding column: Ejb3JoinColumn{logicalColumnName=&apos;null&apos;, referencedColumn=&apos;null&apos;, mappedBy=&apos;card&apos;}
DEBUG Ejb3Column - Binding column: Ejb3JoinColumn{logicalColumnName=&apos;null&apos;, referencedColumn=&apos;null&apos;, mappedBy=&apos;card&apos;}
DEBUG CollectionBinder - Collection role: com.expeditors.training.course3demo.model.Card.phoneNumbers
DEBUG PropertyBinder - Building property phoneNumbers
DEBUG AnnotationBinder - Binding entity from annotated class: com.expeditors.training.course3demo.model.Container
DEBUG Ejb3Column - Binding column: Ejb3DiscriminatorColumn{logicalColumnName&apos;DTYPE&apos;, discriminatorTypeName=&apos;string&apos;}
DEBUG EntityBinder - Import with entity name Container
DEBUG EntityBinder - Bind entity com.expeditors.training.course3demo.model.Container on table Container
DEBUG Ejb3Column - Binding column: Ejb3Column{table=org.hibernate.mapping.Table(Container), mappingColumn=CONTAINER_ID, insertable=true, updatable=true, unique=false}
DEBUG PropertyBinder - MetadataSourceProcessor property id with lazy=false
DEBUG SimpleValueBinder - building SimpleValue for id
DEBUG PropertyBinder - Building property id
DEBUG Ejb3Column - Binding column: Ejb3Column{table=org.hibernate.mapping.Table(Container), mappingColumn=capacity, insertable=true, updatable=true, unique=false}
DEBUG PropertyBinder - MetadataSourceProcessor property capacity with lazy=false
DEBUG SimpleValueBinder - building SimpleValue for capacity
DEBUG PropertyBinder - Building property capacity
DEBUG Ejb3Column - Binding column: Ejb3Column{table=org.hibernate.mapping.Table(Container), mappingColumn=destination, insertable=true, updatable=true, unique=false}
DEBUG PropertyBinder - MetadataSourceProcessor property destination with lazy=false
DEBUG SimpleValueBinder - building SimpleValue for destination
DEBUG PropertyBinder - Building property destination
DEBUG Ejb3Column - Binding column: Ejb3Column{table=org.hibernate.mapping.Table(Container), mappingColumn=location, insertable=true, updatable=true, unique=false}
DEBUG PropertyBinder - MetadataSourceProcessor property location with lazy=false
DEBUG SimpleValueBinder - building SimpleValue for location
DEBUG PropertyBinder - Building property location
DEBUG Ejb3Column - Binding column: Ejb3Column{table=org.hibernate.mapping.Table(Container), mappingColumn=name, insertable=true, updatable=true, unique=false}
DEBUG PropertyBinder - MetadataSourceProcessor property name with lazy=false
DEBUG SimpleValueBinder - building SimpleValue for name
DEBUG PropertyBinder - Building property name
DEBUG Ejb3Column - Binding column: Ejb3Column{table=org.hibernate.mapping.Table(Container), mappingColumn=status, insertable=true, updatable=true, unique=false}
DEBUG PropertyBinder - MetadataSourceProcessor property status with lazy=false
DEBUG SimpleValueBinder - building SimpleValue for status
DEBUG PropertyBinder - Building property status
DEBUG AnnotationBinder - Binding entity from annotated class: com.expeditors.training.course3demo.model.PhoneNumber
DEBUG Ejb3Column - Binding column: Ejb3DiscriminatorColumn{logicalColumnName&apos;DTYPE&apos;, discriminatorTypeName=&apos;string&apos;}
DEBUG EntityBinder - Import with entity name PhoneNumber
DEBUG EntityBinder - Bind entity com.expeditors.training.course3demo.model.PhoneNumber on table PHONE_NUMBER
DEBUG Ejb3Column - Binding column: Ejb3Column{table=org.hibernate.mapping.Table(PHONE_NUMBER), mappingColumn=PHONE_NUMBER_ID, insertable=true, updatable=true, unique=false}
DEBUG PropertyBinder - MetadataSourceProcessor property id with lazy=false
DEBUG SimpleValueBinder - building SimpleValue for id
DEBUG PropertyBinder - Building property id
DEBUG Ejb3Column - Binding column: Ejb3JoinColumn{logicalColumnName=&apos;CARD_ID&apos;, referencedColumn=&apos;&apos;, mappedBy=&apos;&apos;}
DEBUG Ejb3Column - Binding column: Ejb3Column{table=org.hibernate.mapping.Table(PHONE_NUMBER), mappingColumn=card, insertable=true, updatable=true, unique=false}
DEBUG PropertyBinder - Building property card
DEBUG Ejb3Column - Binding column: Ejb3Column{table=org.hibernate.mapping.Table(PHONE_NUMBER), mappingColumn=PHONE_NUMBER, insertable=true, updatable=true, unique=false}
DEBUG PropertyBinder - MetadataSourceProcessor property number with lazy=false
DEBUG SimpleValueBinder - building SimpleValue for number
DEBUG PropertyBinder - Building property number
DEBUG AnnotationBinder - Binding entity from annotated class: com.expeditors.training.course3demo.model.Product
DEBUG Ejb3Column - Binding column: Ejb3DiscriminatorColumn{logicalColumnName&apos;DTYPE&apos;, discriminatorTypeName=&apos;string&apos;}
DEBUG EntityBinder - Import with entity name Product
DEBUG EntityBinder - Bind entity com.expeditors.training.course3demo.model.Product on table PRODUCT
DEBUG Ejb3Column - Binding column: Ejb3Column{table=org.hibernate.mapping.Table(PRODUCT), mappingColumn=PRODUCT_ID, insertable=true, updatable=true, unique=false}
DEBUG PropertyBinder - MetadataSourceProcessor property id with lazy=false
DEBUG SimpleValueBinder - building SimpleValue for id
DEBUG PropertyBinder - Building property id
DEBUG Ejb3Column - Binding column: Ejb3Column{table=org.hibernate.mapping.Table(PRODUCT), mappingColumn=description, insertable=true, updatable=true, unique=false}
DEBUG PropertyBinder - MetadataSourceProcessor property description with lazy=false
DEBUG SimpleValueBinder - building SimpleValue for description
DEBUG PropertyBinder - Building property description
DEBUG Ejb3Column - Binding column: Ejb3Column{table=org.hibernate.mapping.Table(PRODUCT), mappingColumn=name, insertable=true, updatable=true, unique=false}
DEBUG PropertyBinder - MetadataSourceProcessor property name with lazy=false
DEBUG SimpleValueBinder - building SimpleValue for name
DEBUG PropertyBinder - Building property name
DEBUG Ejb3Column - Binding column: Ejb3Column{table=org.hibernate.mapping.Table(PRODUCT), mappingColumn=price, insertable=true, updatable=true, unique=false}
DEBUG PropertyBinder - MetadataSourceProcessor property price with lazy=false
DEBUG SimpleValueBinder - building SimpleValue for price
DEBUG PropertyBinder - Building property price
DEBUG AnnotationBinder - Binding entity from annotated class: com.expeditors.training.course3demo.model.Shipment
DEBUG Ejb3Column - Binding column: Ejb3DiscriminatorColumn{logicalColumnName&apos;DTYPE&apos;, discriminatorTypeName=&apos;string&apos;}
DEBUG EntityBinder - Import with entity name Shipment
DEBUG EntityBinder - Bind entity com.expeditors.training.course3demo.model.Shipment on table Shipment
DEBUG Ejb3Column - Binding column: Ejb3Column{table=org.hibernate.mapping.Table(Shipment), mappingColumn=SHIPMENT_ID, insertable=true, updatable=true, unique=false}
DEBUG PropertyBinder - MetadataSourceProcessor property id with lazy=false
DEBUG SimpleValueBinder - building SimpleValue for id
DEBUG PropertyBinder - Building property id
DEBUG Ejb3Column - Binding column: Ejb3Column{table=org.hibernate.mapping.Table(Shipment), mappingColumn=destination, insertable=true, updatable=true, unique=false}
DEBUG PropertyBinder - MetadataSourceProcessor property destination with lazy=false
DEBUG SimpleValueBinder - building SimpleValue for destination
DEBUG PropertyBinder - Building property destination
DEBUG Ejb3Column - Binding column: Ejb3Column{table=org.hibernate.mapping.Table(Shipment), mappingColumn=name, insertable=true, updatable=true, unique=false}
DEBUG PropertyBinder - MetadataSourceProcessor property name with lazy=false
DEBUG SimpleValueBinder - building SimpleValue for name
DEBUG PropertyBinder - Building property name
DEBUG Ejb3Column - Binding column: Ejb3Column{table=org.hibernate.mapping.Table(Shipment), mappingColumn=origin, insertable=true, updatable=true, unique=false}
DEBUG PropertyBinder - MetadataSourceProcessor property origin with lazy=false
DEBUG SimpleValueBinder - building SimpleValue for origin
DEBUG PropertyBinder - Building property origin
DEBUG Ejb3Column - Binding column: Ejb3Column{table=org.hibernate.mapping.Table(Shipment), mappingColumn=volume, insertable=true, updatable=true, unique=false}
DEBUG PropertyBinder - MetadataSourceProcessor property volume with lazy=false
DEBUG SimpleValueBinder - building SimpleValue for volume
DEBUG PropertyBinder - Building property volume
DEBUG AnnotationBinder - Binding entity from annotated class: com.expeditors.training.course3demo.model.UserAccount
DEBUG Ejb3Column - Binding column: Ejb3DiscriminatorColumn{logicalColumnName&apos;DTYPE&apos;, discriminatorTypeName=&apos;string&apos;}
DEBUG EntityBinder - Import with entity name UserAccount
DEBUG EntityBinder - Bind entity com.expeditors.training.course3demo.model.UserAccount on table USERACCOUNT
DEBUG Ejb3Column - Binding column: Ejb3Column{table=org.hibernate.mapping.Table(USERACCOUNT), mappingColumn=USER_ID, insertable=true, updatable=true, unique=false}
DEBUG PropertyBinder - MetadataSourceProcessor property id with lazy=false
DEBUG SimpleValueBinder - building SimpleValue for id
DEBUG PropertyBinder - Building property id
DEBUG Ejb3Column - Binding column: Ejb3Column{table=org.hibernate.mapping.Table(USERACCOUNT), mappingColumn=enabled, insertable=true, updatable=true, unique=false}
DEBUG PropertyBinder - MetadataSourceProcessor property enabled with lazy=false
DEBUG SimpleValueBinder - building SimpleValue for enabled
DEBUG PropertyBinder - Building property enabled
DEBUG Ejb3Column - Binding column: Ejb3Column{table=org.hibernate.mapping.Table(USERACCOUNT), mappingColumn=password, insertable=true, updatable=true, unique=false}
DEBUG PropertyBinder - MetadataSourceProcessor property password with lazy=false
DEBUG SimpleValueBinder - building SimpleValue for password
DEBUG PropertyBinder - Building property password
DEBUG Ejb3Column - Binding column: Ejb3JoinColumn{logicalColumnName=&apos;null&apos;, referencedColumn=&apos;null&apos;, mappedBy=&apos;userAccount&apos;}
DEBUG Ejb3Column - Binding column: Ejb3Column{table=org.hibernate.mapping.Table(USERACCOUNT), mappingColumn=userRoles, insertable=true, updatable=true, unique=false}
DEBUG Ejb3Column - Binding column: Ejb3Column{table=org.hibernate.mapping.Table(USERACCOUNT), mappingColumn=null, insertable=true, updatable=true, unique=false}
DEBUG Ejb3Column - Binding column: Ejb3Column{table=org.hibernate.mapping.Table(USERACCOUNT), mappingColumn=element, insertable=true, updatable=true, unique=false}
DEBUG Ejb3Column - Binding column: Ejb3Column{table=org.hibernate.mapping.Table(USERACCOUNT), mappingColumn=userRoles_KEY, insertable=true, updatable=true, unique=false}
DEBUG Ejb3Column - Binding column: Ejb3JoinColumn{logicalColumnName=&apos;userRoles_KEY&apos;, referencedColumn=&apos;null&apos;, mappedBy=&apos;null&apos;}
DEBUG Ejb3Column - Binding column: Ejb3JoinColumn{logicalColumnName=&apos;null&apos;, referencedColumn=&apos;null&apos;, mappedBy=&apos;userAccount&apos;}
DEBUG Ejb3Column - Binding column: Ejb3JoinColumn{logicalColumnName=&apos;null&apos;, referencedColumn=&apos;null&apos;, mappedBy=&apos;userAccount&apos;}
DEBUG CollectionBinder - Collection role: com.expeditors.training.course3demo.model.UserAccount.userRoles
DEBUG PropertyBinder - Building property userRoles
DEBUG Ejb3Column - Binding column: Ejb3Column{table=org.hibernate.mapping.Table(USERACCOUNT), mappingColumn=username, insertable=true, updatable=true, unique=false}
DEBUG PropertyBinder - MetadataSourceProcessor property username with lazy=false
DEBUG SimpleValueBinder - building SimpleValue for username
DEBUG PropertyBinder - Building property username
DEBUG AnnotationBinder - Binding entity from annotated class: com.expeditors.training.course3demo.model.UserRole
DEBUG Ejb3Column - Binding column: Ejb3DiscriminatorColumn{logicalColumnName&apos;DTYPE&apos;, discriminatorTypeName=&apos;string&apos;}
DEBUG EntityBinder - Import with entity name UserRole
DEBUG EntityBinder - Bind entity com.expeditors.training.course3demo.model.UserRole on table USERROLE
DEBUG Ejb3Column - Binding column: Ejb3Column{table=org.hibernate.mapping.Table(USERROLE), mappingColumn=ROLE_ID, insertable=true, updatable=true, unique=false}
DEBUG PropertyBinder - MetadataSourceProcessor property id with lazy=false
DEBUG SimpleValueBinder - building SimpleValue for id
DEBUG PropertyBinder - Building property id
DEBUG Ejb3Column - Binding column: Ejb3Column{table=org.hibernate.mapping.Table(USERROLE), mappingColumn=ROLE_NAME, insertable=true, updatable=true, unique=false}
DEBUG PropertyBinder - MetadataSourceProcessor property role with lazy=false
DEBUG SimpleValueBinder - building SimpleValue for role
DEBUG PropertyBinder - Building property role
DEBUG Ejb3Column - Binding column: Ejb3JoinColumn{logicalColumnName=&apos;ROLE_OWNER&apos;, referencedColumn=&apos;&apos;, mappedBy=&apos;&apos;}
DEBUG Ejb3Column - Binding column: Ejb3Column{table=org.hibernate.mapping.Table(USERROLE), mappingColumn=userAccount, insertable=true, updatable=true, unique=false}
DEBUG PropertyBinder - Building property userAccount
DEBUG SimpleValueBinder - Setting SimpleValue typeName for id
DEBUG SimpleValueBinder - Setting SimpleValue typeName for city
DEBUG SimpleValueBinder - Setting SimpleValue typeName for state
DEBUG SimpleValueBinder - Setting SimpleValue typeName for street
DEBUG SimpleValueBinder - Setting SimpleValue typeName for id
DEBUG SimpleValueBinder - Setting SimpleValue typeName for amount
DEBUG SimpleValueBinder - Setting SimpleValue typeName for number
DEBUG SimpleValueBinder - Setting SimpleValue typeName for owner
DEBUG SimpleValueBinder - Setting SimpleValue typeName for id
DEBUG SimpleValueBinder - Setting SimpleValue typeName for capacity
DEBUG SimpleValueBinder - Setting SimpleValue typeName for destination
DEBUG SimpleValueBinder - Setting SimpleValue typeName for location
DEBUG SimpleValueBinder - Setting SimpleValue typeName for name
DEBUG SimpleValueBinder - Setting SimpleValue typeName for status
DEBUG SimpleValueBinder - Setting SimpleValue typeName for id
DEBUG SimpleValueBinder - Setting SimpleValue typeName for number
DEBUG SimpleValueBinder - Setting SimpleValue typeName for id
DEBUG SimpleValueBinder - Setting SimpleValue typeName for description
DEBUG SimpleValueBinder - Setting SimpleValue typeName for name
DEBUG SimpleValueBinder - Setting SimpleValue typeName for price
DEBUG SimpleValueBinder - Setting SimpleValue typeName for id
DEBUG SimpleValueBinder - Setting SimpleValue typeName for destination
DEBUG SimpleValueBinder - Setting SimpleValue typeName for name
DEBUG SimpleValueBinder - Setting SimpleValue typeName for origin
DEBUG SimpleValueBinder - Setting SimpleValue typeName for volume
DEBUG SimpleValueBinder - Setting SimpleValue typeName for id
DEBUG SimpleValueBinder - Setting SimpleValue typeName for enabled
DEBUG SimpleValueBinder - Setting SimpleValue typeName for password
DEBUG SimpleValueBinder - Setting SimpleValue typeName for username
DEBUG SimpleValueBinder - Setting SimpleValue typeName for id
DEBUG SimpleValueBinder - Setting SimpleValue typeName for role
DEBUG Configuration - Processing fk mappings (*ToOne and JoinedSubclass)
DEBUG Configuration - Processing extends queue
DEBUG Configuration - Processing extends queue
DEBUG Configuration - Processing collection mappings
DEBUG CollectionSecondPass - Second pass for collection: com.expeditors.training.course3demo.model.Card.phoneNumbers
DEBUG CollectionBinder - Binding a OneToMany: com.expeditors.training.course3demo.model.Card.phoneNumbers through a foreign key
DEBUG CollectionBinder - Mapping collection: com.expeditors.training.course3demo.model.Card.phoneNumbers -&gt; PHONE_NUMBER
DEBUG TableBinder - Retrieving property com.expeditors.training.course3demo.model.PhoneNumber.card
DEBUG SimpleValueBinder - building SimpleValue for null
DEBUG SimpleValueBinder - Setting SimpleValue typeName for null
DEBUG CollectionSecondPass - Mapped collection key: CARD_ID, index: index, one-to-many: com.expeditors.training.course3demo.model.PhoneNumber
DEBUG CollectionSecondPass - Second pass for collection: com.expeditors.training.course3demo.model.UserAccount.userRoles
DEBUG CollectionBinder - Binding a OneToMany: com.expeditors.training.course3demo.model.UserAccount.userRoles through a foreign key
DEBUG CollectionBinder - Mapping collection: com.expeditors.training.course3demo.model.UserAccount.userRoles -&gt; USERROLE
DEBUG TableBinder - Retrieving property com.expeditors.training.course3demo.model.UserRole.userAccount
DEBUG CollectionSecondPass - Mapped collection key: ROLE_OWNER, one-to-many: com.expeditors.training.course3demo.model.UserRole
DEBUG Configuration - Processing native query and ResultSetMapping mappings
DEBUG Configuration - Processing association property references
DEBUG Configuration - Creating tables&apos; unique integer identifiers
DEBUG Configuration - Processing foreign key constraints
DEBUG Configuration - Resolving reference to class: com.expeditors.training.course3demo.model.Address
DEBUG Configuration - Resolving reference to class: com.expeditors.training.course3demo.model.Card
DEBUG Configuration - Resolving reference to class: com.expeditors.training.course3demo.model.UserAccount
INFO  ConnectionProviderInitiator - HHH000130: Instantiating explicit connection provider: org.hibernate.ejb.connection.InjectedDataSourceConnectionProvider
DEBUG DriverManagerDataSource - Creating new JDBC DriverManager Connection to [jdbc:hsqldb:mem:paging]
DEBUG JdbcServicesImpl - Database -&gt;
       name : HSQL Database Engine
    version : 2.2.4
      major : 2
      minor : 2
DEBUG JdbcServicesImpl - Driver -&gt;
       name : HSQL Database Engine Driver
    version : 2.2.4
      major : 2
      minor : 2
DEBUG JdbcServicesImpl - JDBC version : 4.0
INFO  Dialect - HHH000400: Using dialect: org.hibernate.dialect.HSQLDialect
DEBUG SettingsFactory - Automatic flush during beforeCompletion(): disabled
DEBUG SettingsFactory - Automatic session close at end of transaction: disabled
DEBUG SettingsFactory - JDBC batch size: 15
DEBUG SettingsFactory - JDBC batch updates for versioned data: disabled
DEBUG SettingsFactory - Scrollable result sets: enabled
DEBUG SettingsFactory - Wrap result sets: disabled
DEBUG SettingsFactory - JDBC3 getGeneratedKeys(): enabled
DEBUG SettingsFactory - multi-tenancy strategy : NONE
DEBUG SettingsFactory - Connection release mode: auto
INFO  TransactionFactoryInitiator - HHH000268: Transaction strategy: org.hibernate.engine.transaction.internal.jdbc.JdbcTransactionFactory
DEBUG SettingsFactory - Using BatchFetchStyle : LEGACY
DEBUG SettingsFactory - Default batch fetch size: 1
DEBUG SettingsFactory - Generate SQL with comments: disabled
DEBUG SettingsFactory - Order SQL updates by primary key: disabled
DEBUG SettingsFactory - Order SQL inserts for batching: disabled
DEBUG SettingsFactory - Default null ordering: none
DEBUG SettingsFactory - Query translator: org.hibernate.hql.internal.ast.ASTQueryTranslatorFactory
INFO  ASTQueryTranslatorFactory - HHH000397: Using ASTQueryTranslatorFactory
DEBUG SettingsFactory - Query language substitutions: {}
DEBUG SettingsFactory - JPA-QL strict compliance: enabled
DEBUG SettingsFactory - Second-level cache: enabled
DEBUG SettingsFactory - Query cache: disabled
DEBUG SettingsFactory - Cache region factory : org.hibernate.cache.internal.NoCachingRegionFactory
DEBUG SettingsFactory - org.hibernate.cache.internal.NoCachingRegionFactory did not provide constructor accepting java.util.Properties; attempting no-arg constructor.
DEBUG SettingsFactory - Optimize cache for minimal puts: disabled
DEBUG SettingsFactory - Structured second-level cache entries: disabled
DEBUG SettingsFactory - Second-level cache direct-reference entries: disabled
DEBUG SettingsFactory - Statistics: disabled
DEBUG SettingsFactory - Deleted entity synthetic identifier rollback: disabled
DEBUG SettingsFactory - Default entity-mode: pojo
DEBUG SettingsFactory - Named query checking : enabled
DEBUG SettingsFactory - Check Nullability in Core (should be disabled when Bean Validation is on): enabled
DEBUG SettingsFactory - Allow initialization of lazy state outside session : : disabled
DEBUG SettingsFactory - JTA Track by Thread: enabled
DEBUG SessionFactoryImpl - Building session factory
DEBUG SessionFactoryImpl - Session factory constructed with filter configurations : {}
DEBUG SessionFactoryImpl - Instantiating session factory with properties: {java.vendor=Oracle Corporation, localRepository=C:\Users\chq-jamesgl\.m2\repository, hibernate=org.hibernate.dialect.HSQLDialect, sun.java.launcher=SUN_STANDARD, sun.management.compiler=HotSpot 64-Bit Tiered Compilers, hibernate.ejb.discard_pc_on_close=false, hibernate.transaction.flush_before_completion=false, os.name=Windows 7, sun.boot.class.path=C:\Program Files\Java\jdk1.8.0_20\jre\lib\resources.jar;C:\Program Files\Java\jdk1.8.0_20\jre\lib\rt.jar;C:\Program Files\Java\jdk1.8.0_20\jre\lib\sunrsasign.jar;C:\Program Files\Java\jdk1.8.0_20\jre\lib\jsse.jar;C:\Program Files\Java\jdk1.8.0_20\jre\lib\jce.jar;C:\Program Files\Java\jdk1.8.0_20\jre\lib\charsets.jar;C:\Program Files\Java\jdk1.8.0_20\jre\lib\jfr.jar;C:\Program Files\Java\jdk1.8.0_20\jre\classes, sun.desktop=windows, java.vm.specification.vendor=Oracle Corporation, java.runtime.version=1.8.0_20-b26, hibernate.connection.autocommit=true, user.name=chq-jamesgl, javax.persistence.validation.mode=AUTO, hibernate.connection.release_mode=auto, user.language=en, sun.boot.library.path=C:\Program Files\Java\jdk1.8.0_20\jre\bin, java.version=1.8.0_20, user.timezone=America/Los_Angeles, sun.arch.data.model=64, java.endorsed.dirs=C:\Program Files\Java\jdk1.8.0_20\jre\lib\endorsed, sun.cpu.isalist=amd64, sun.jnu.encoding=Cp1252, file.encoding.pkg=sun.io, file.separator=\, java.specification.name=Java Platform API Specification, java.class.version=52.0, user.country=US, java.home=C:\Program Files\Java\jdk1.8.0_20\jre, java.vm.info=mixed mode, os.version=6.1, hibernate.transaction.factory_class=org.hibernate.engine.transaction.internal.jdbc.JdbcTransactionFactory, hibernate.connection.datasource=org.springframework.jdbc.datasource.DriverManagerDataSource@7a34f66a, surefire.real.class.path=C:\Users\chq-jamesgl\STS_work2\finalprojectgleixner\target\surefire\surefirebooter2652706606512848435.jar, hibernate.query.jpaql_strict_compliance=true, path.separator=;, java.vm.version=25.20-b23, user.variant=, java.awt.printerjob=sun.awt.windows.WPrinterJob, sun.io.unicode.encoding=UnicodeLittle, awt.toolkit=sun.awt.windows.WToolkit, user.script=, user.home=C:\Users\chq-jamesgl, java.specification.vendor=Oracle Corporation, hibernate.hbm2ddl.auto=create-drop, java.library.path=C:\Program Files\Java\jdk1.8.0_20\jre\bin;C:\WINDOWS\Sun\Java\bin;C:\WINDOWS\system32;C:\WINDOWS;C:/Program Files/Java/jdk1.7.0_45/bin/../jre/bin/server;C:/Program Files/Java/jdk1.7.0_45/bin/../jre/bin;C:/Program Files/Java/jdk1.7.0_45/bin/../jre/lib/amd64;C:\Program Files\spring-1.2.1.RELEASE\bin;C:\Maven\apache-maven-3.0.5\bin;C:\Program Files\Java\jdk1.7.0_45\bin;C:\ProgramData\Oracle\Java\javapath;C:\Program Files (x86)\Intel\iCLS Client\;C:\Program Files\Intel\iCLS Client\;C:\WINDOWS\system32;C:\WINDOWS;C:\WINDOWS\System32\Wbem;C:\WINDOWS\System32\WindowsPowerShell\v1.0\;C:\Program Files\Intel\DMIX;C:\WINDOWS\CCM;C:\WINDOWS\CCM;C:\WINDOWS\CCM;C:\WINDOWS\CCM;C:\WINDOWS\CCM;C:\WINDOWS\CCM;C:\WINDOWS\CCM;C:\PROGRA~2\IBM\SQLLIB\BIN;C:\PROGRA~2\IBM\SQLLIB\FUNCTION;C:\PROGRA~2\IBM\SQLLIB\SAMPLES\REPL;C:\Program Files\Intel\Intel(R) Management Engine Components\DAL;C:\Program Files\Intel\Intel(R) Management Engine Components\IPT;C:\Program Files (x86)\Intel\Intel(R) Management Engine Components\DAL;C:\Program Files (x86)\Intel\Intel(R) Management Engine Components\IPT;C:\Program Files\Microsoft\Web Platform Installer\;C:\Program Files\TortoiseSVN\bin;C:\Users\chq-jamesgl\Documents\STS2\sts-bundle\sts-3.6.3.SR1;;., java.vendor.url=http://java.oracle.com/, java.vm.vendor=Oracle Corporation, java.runtime.name=Java(TM) SE Runtime Environment, sun.java.command=C:\Users\chq-jamesgl\STS_work2\finalprojectgleixner\target\surefire\surefirebooter2652706606512848435.jar C:\Users\chq-jamesgl\STS_work2\finalprojectgleixner\target\surefire\surefire292260823960733787tmp C:\Users\chq-jamesgl\STS_work2\finalprojectgleixner\target\surefire\surefire_03224240600998134897tmp, java.class.path=C:\Users\chq-jamesgl\STS_work2\finalprojectgleixner\target\test-classes;C:\Users\chq-jamesgl\STS_work2\finalprojectgleixner\target\classes;C:\Users\chq-jamesgl\.m2\repository\org\springframework\spring-webmvc\3.2.3.RELEASE\spring-webmvc-3.2.3.RELEASE.jar;C:\Users\chq-jamesgl\.m2\repository\org\springframework\spring-beans\3.2.3.RELEASE\spring-beans-3.2.3.RELEASE.jar;C:\Users\chq-jamesgl\.m2\repository\org\springframework\spring-context\3.2.3.RELEASE\spring-context-3.2.3.RELEASE.jar;C:\Users\chq-jamesgl\.m2\repository\org\springframework\spring-core\3.2.3.RELEASE\spring-core-3.2.3.RELEASE.jar;C:\Users\chq-jamesgl\.m2\repository\commons-logging\commons-logging\1.1.1\commons-logging-1.1.1.jar;C:\Users\chq-jamesgl\.m2\repository\org\springframework\spring-expression\3.2.3.RELEASE\spring-expression-3.2.3.RELEASE.jar;C:\Users\chq-jamesgl\.m2\repository\org\springframework\spring-web\3.2.3.RELEASE\spring-web-3.2.3.RELEASE.jar;C:\Users\chq-jamesgl\.m2\repository\org\springframework\security\spring-security-web\3.2.3.RELEASE\spring-security-web-3.2.3.RELEASE.jar;C:\Users\chq-jamesgl\.m2\repository\aopalliance\aopalliance\1.0\aopalliance-1.0.jar;C:\Users\chq-jamesgl\.m2\repository\org\springframework\security\spring-security-core\3.2.3.RELEASE\spring-security-core-3.2.3.RELEASE.jar;C:\Users\chq-jamesgl\.m2\repository\org\springframework\security\spring-security-config\3.2.3.RELEASE\spring-security-config-3.2.3.RELEASE.jar;C:\Users\chq-jamesgl\.m2\repository\org\springframework\security\spring-security-taglibs\3.2.3.RELEASE\spring-security-taglibs-3.2.3.RELEASE.jar;C:\Users\chq-jamesgl\.m2\repository\org\springframework\security\spring-security-acl\3.2.3.RELEASE\spring-security-acl-3.2.3.RELEASE.jar;C:\Users\chq-jamesgl\.m2\repository\javax\servlet\jstl\1.2\jstl-1.2.jar;C:\Users\chq-jamesgl\.m2\repository\javax\servlet\servlet-api\2.5\servlet-api-2.5.jar;C:\Users\chq-jamesgl\.m2\repository\javax\servlet\jsp\jsp-api\2.2\jsp-api-2.2.jar;C:\Users\chq-jamesgl\.m2\repository\org\springframework\spring-tx\3.2.3.RELEASE\spring-tx-3.2.3.RELEASE.jar;C:\Users\chq-jamesgl\.m2\repository\org\springframework\spring-orm\3.2.3.RELEASE\spring-orm-3.2.3.RELEASE.jar;C:\Users\chq-jamesgl\.m2\repository\org\springframework\spring-jdbc\3.2.3.RELEASE\spring-jdbc-3.2.3.RELEASE.jar;C:\Users\chq-jamesgl\.m2\repository\org\springframework\spring-aop\3.2.3.RELEASE\spring-aop-3.2.3.RELEASE.jar;C:\Users\chq-jamesgl\.m2\repository\org\springframework\data\spring-data-jpa\1.3.1.RELEASE\spring-data-jpa-1.3.1.RELEASE.jar;C:\Users\chq-jamesgl\.m2\repository\org\springframework\data\spring-data-commons\1.5.1.RELEASE\spring-data-commons-1.5.1.RELEASE.jar;C:\Users\chq-jamesgl\.m2\repository\org\aspectj\aspectjrt\1.7.2\aspectjrt-1.7.2.jar;C:\Users\chq-jamesgl\.m2\repository\org\slf4j\jcl-over-slf4j\1.7.1\jcl-over-slf4j-1.7.1.jar;C:\Users\chq-jamesgl\.m2\repository\org\slf4j\slf4j-api\1.7.5\slf4j-api-1.7.5.jar;C:\Users\chq-jamesgl\.m2\repository\ch\qos\logback\logback-classic\1.0.13\logback-classic-1.0.13.jar;C:\Users\chq-jamesgl\.m2\repository\ch\qos\logback\logback-core\1.0.13\logback-core-1.0.13.jar;C:\Users\chq-jamesgl\.m2\repository\org\hibernate\hibernate-entitymanager\4.2.1.Final\hibernate-entitymanager-4.2.1.Final.jar;C:\Users\chq-jamesgl\.m2\repository\org\jboss\logging\jboss-logging\3.1.0.GA\jboss-logging-3.1.0.GA.jar;C:\Users\chq-jamesgl\.m2\repository\org\hibernate\hibernate-core\4.2.1.Final\hibernate-core-4.2.1.Final.jar;C:\Users\chq-jamesgl\.m2\repository\antlr\antlr\2.7.7\antlr-2.7.7.jar;C:\Users\chq-jamesgl\.m2\repository\dom4j\dom4j\1.6.1\dom4j-1.6.1.jar;C:\Users\chq-jamesgl\.m2\repository\org\jboss\spec\javax\transaction\jboss-transaction-api_1.1_spec\1.0.1.Final\jboss-transaction-api_1.1_spec-1.0.1.Final.jar;C:\Users\chq-jamesgl\.m2\repository\org\hibernate\javax\persistence\hibernate-jpa-2.0-api\1.0.1.Final\hibernate-jpa-2.0-api-1.0.1.Final.jar;C:\Users\chq-jamesgl\.m2\repository\org\javassist\javassist\3.15.0-GA\javassist-3.15.0-GA.jar;C:\Users\chq-jamesgl\.m2\repository\org\hibernate\common\hibernate-commons-annotations\4.0.1.Final\hibernate-commons-annotations-4.0.1.Final.jar;C:\Users\chq-jamesgl\.m2\repository\javax\validation\validation-api\1.1.0.Final\validation-api-1.1.0.Final.jar;C:\Users\chq-jamesgl\.m2\repository\org\hibernate\hibernate-validator\4.2.0.Final\hibernate-validator-4.2.0.Final.jar;C:\Users\chq-jamesgl\.m2\repository\org\hsqldb\hsqldb\2.2.4\hsqldb-2.2.4.jar;C:\Users\chq-jamesgl\.m2\repository\org\dbunit\dbunit\2.5.0\dbunit-2.5.0.jar;C:\Users\chq-jamesgl\.m2\repository\commons-collections\commons-collections\3.2.1\commons-collections-3.2.1.jar;C:\Users\chq-jamesgl\.m2\repository\com\github\springtestdbunit\spring-test-dbunit\1.2.0\spring-test-dbunit-1.2.0.jar;C:\Users\chq-jamesgl\.m2\repository\org\springframework\spring-test\3.2.3.RELEASE\spring-test-3.2.3.RELEASE.jar;C:\Users\chq-jamesgl\.m2\repository\org\hamcrest\hamcrest-all\1.3\hamcrest-all-1.3.jar;C:\Users\chq-jamesgl\.m2\repository\junit\junit\4.11\junit-4.11.jar;C:\Users\chq-jamesgl\.m2\repository\org\hamcrest\hamcrest-core\1.3\hamcrest-core-1.3.jar;C:\Users\chq-jamesgl\.m2\repository\org\mockito\mockito-core\1.9.5\mockito-core-1.9.5.jar;C:\Users\chq-jamesgl\.m2\repository\org\objenesis\objenesis\1.0\objenesis-1.0.jar;C:\Users\chq-jamesgl\.m2\repository\org\apache\derby\derbyclient\10.11.1.1\derbyclient-10.11.1.1.jar;C:\Users\chq-jamesgl\.m2\repository\org\sitemesh\sitemesh\3.0-alpha-2\sitemesh-3.0-alpha-2.jar;, hibernate.bytecode.use_reflection_optimizer=false, java.vm.specification.name=Java Virtual Machine Specification, java.vm.specification.version=1.8, sun.cpu.endian=little, sun.os.patch.level=Service Pack 1, hibernate.connection.provider_class=org.hibernate.ejb.connection.InjectedDataSourceConnectionProvider, surefire.test.class.path=C:\Users\chq-jamesgl\STS_work2\finalprojectgleixner\target\test-classes;C:\Users\chq-jamesgl\STS_work2\finalprojectgleixner\target\classes;C:\Users\chq-jamesgl\.m2\repository\org\springframework\spring-webmvc\3.2.3.RELEASE\spring-webmvc-3.2.3.RELEASE.jar;C:\Users\chq-jamesgl\.m2\repository\org\springframework\spring-beans\3.2.3.RELEASE\spring-beans-3.2.3.RELEASE.jar;C:\Users\chq-jamesgl\.m2\repository\org\springframework\spring-context\3.2.3.RELEASE\spring-context-3.2.3.RELEASE.jar;C:\Users\chq-jamesgl\.m2\repository\org\springframework\spring-core\3.2.3.RELEASE\spring-core-3.2.3.RELEASE.jar;C:\Users\chq-jamesgl\.m2\repository\commons-logging\commons-logging\1.1.1\commons-logging-1.1.1.jar;C:\Users\chq-jamesgl\.m2\repository\org\springframework\spring-expression\3.2.3.RELEASE\spring-expression-3.2.3.RELEASE.jar;C:\Users\chq-jamesgl\.m2\repository\org\springframework\spring-web\3.2.3.RELEASE\spring-web-3.2.3.RELEASE.jar;C:\Users\chq-jamesgl\.m2\repository\org\springframework\security\spring-security-web\3.2.3.RELEASE\spring-security-web-3.2.3.RELEASE.jar;C:\Users\chq-jamesgl\.m2\repository\aopalliance\aopalliance\1.0\aopalliance-1.0.jar;C:\Users\chq-jamesgl\.m2\repository\org\springframework\security\spring-security-core\3.2.3.RELEASE\spring-security-core-3.2.3.RELEASE.jar;C:\Users\chq-jamesgl\.m2\repository\org\springframework\security\spring-security-config\3.2.3.RELEASE\spring-security-config-3.2.3.RELEASE.jar;C:\Users\chq-jamesgl\.m2\repository\org\springframework\security\spring-security-taglibs\3.2.3.RELEASE\spring-security-taglibs-3.2.3.RELEASE.jar;C:\Users\chq-jamesgl\.m2\repository\org\springframework\security\spring-security-acl\3.2.3.RELEASE\spring-security-acl-3.2.3.RELEASE.jar;C:\Users\chq-jamesgl\.m2\repository\javax\servlet\jstl\1.2\jstl-1.2.jar;C:\Users\chq-jamesgl\.m2\repository\javax\servlet\servlet-api\2.5\servlet-api-2.5.jar;C:\Users\chq-jamesgl\.m2\repository\javax\servlet\jsp\jsp-api\2.2\jsp-api-2.2.jar;C:\Users\chq-jamesgl\.m2\repository\org\springframework\spring-tx\3.2.3.RELEASE\spring-tx-3.2.3.RELEASE.jar;C:\Users\chq-jamesgl\.m2\repository\org\springframework\spring-orm\3.2.3.RELEASE\spring-orm-3.2.3.RELEASE.jar;C:\Users\chq-jamesgl\.m2\repository\org\springframework\spring-jdbc\3.2.3.RELEASE\spring-jdbc-3.2.3.RELEASE.jar;C:\Users\chq-jamesgl\.m2\repository\org\springframework\spring-aop\3.2.3.RELEASE\spring-aop-3.2.3.RELEASE.jar;C:\Users\chq-jamesgl\.m2\repository\org\springframework\data\spring-data-jpa\1.3.1.RELEASE\spring-data-jpa-1.3.1.RELEASE.jar;C:\Users\chq-jamesgl\.m2\repository\org\springframework\data\spring-data-commons\1.5.1.RELEASE\spring-data-commons-1.5.1.RELEASE.jar;C:\Users\chq-jamesgl\.m2\repository\org\aspectj\aspectjrt\1.7.2\aspectjrt-1.7.2.jar;C:\Users\chq-jamesgl\.m2\repository\org\slf4j\jcl-over-slf4j\1.7.1\jcl-over-slf4j-1.7.1.jar;C:\Users\chq-jamesgl\.m2\repository\org\slf4j\slf4j-api\1.7.5\slf4j-api-1.7.5.jar;C:\Users\chq-jamesgl\.m2\repository\ch\qos\logback\logback-classic\1.0.13\logback-classic-1.0.13.jar;C:\Users\chq-jamesgl\.m2\repository\ch\qos\logback\logback-core\1.0.13\logback-core-1.0.13.jar;C:\Users\chq-jamesgl\.m2\repository\org\hibernate\hibernate-entitymanager\4.2.1.Final\hibernate-entitymanager-4.2.1.Final.jar;C:\Users\chq-jamesgl\.m2\repository\org\jboss\logging\jboss-logging\3.1.0.GA\jboss-logging-3.1.0.GA.jar;C:\Users\chq-jamesgl\.m2\repository\org\hibernate\hibernate-core\4.2.1.Final\hibernate-core-4.2.1.Final.jar;C:\Users\chq-jamesgl\.m2\repository\antlr\antlr\2.7.7\antlr-2.7.7.jar;C:\Users\chq-jamesgl\.m2\repository\dom4j\dom4j\1.6.1\dom4j-1.6.1.jar;C:\Users\chq-jamesgl\.m2\repository\org\jboss\spec\javax\transaction\jboss-transaction-api_1.1_spec\1.0.1.Final\jboss-transaction-api_1.1_spec-1.0.1.Final.jar;C:\Users\chq-jamesgl\.m2\repository\org\hibernate\javax\persistence\hibernate-jpa-2.0-api\1.0.1.Final\hibernate-jpa-2.0-api-1.0.1.Final.jar;C:\Users\chq-jamesgl\.m2\repository\org\javassist\javassist\3.15.0-GA\javassist-3.15.0-GA.jar;C:\Users\chq-jamesgl\.m2\repository\org\hibernate\common\hibernate-commons-annotations\4.0.1.Final\hibernate-commons-annotations-4.0.1.Final.jar;C:\Users\chq-jamesgl\.m2\repository\javax\validation\validation-api\1.1.0.Final\validation-api-1.1.0.Final.jar;C:\Users\chq-jamesgl\.m2\repository\org\hibernate\hibernate-validator\4.2.0.Final\hibernate-validator-4.2.0.Final.jar;C:\Users\chq-jamesgl\.m2\repository\org\hsqldb\hsqldb\2.2.4\hsqldb-2.2.4.jar;C:\Users\chq-jamesgl\.m2\repository\org\dbunit\dbunit\2.5.0\dbunit-2.5.0.jar;C:\Users\chq-jamesgl\.m2\repository\commons-collections\commons-collections\3.2.1\commons-collections-3.2.1.jar;C:\Users\chq-jamesgl\.m2\repository\com\github\springtestdbunit\spring-test-dbunit\1.2.0\spring-test-dbunit-1.2.0.jar;C:\Users\chq-jamesgl\.m2\repository\org\springframework\spring-test\3.2.3.RELEASE\spring-test-3.2.3.RELEASE.jar;C:\Users\chq-jamesgl\.m2\repository\org\hamcrest\hamcrest-all\1.3\hamcrest-all-1.3.jar;C:\Users\chq-jamesgl\.m2\repository\junit\junit\4.11\junit-4.11.jar;C:\Users\chq-jamesgl\.m2\repository\org\hamcrest\hamcrest-core\1.3\hamcrest-core-1.3.jar;C:\Users\chq-jamesgl\.m2\repository\org\mockito\mockito-core\1.9.5\mockito-core-1.9.5.jar;C:\Users\chq-jamesgl\.m2\repository\org\objenesis\objenesis\1.0\objenesis-1.0.jar;C:\Users\chq-jamesgl\.m2\repository\org\apache\derby\derbyclient\10.11.1.1\derbyclient-10.11.1.1.jar;C:\Users\chq-jamesgl\.m2\repository\org\sitemesh\sitemesh\3.0-alpha-2\sitemesh-3.0-alpha-2.jar;, java.io.tmpdir=C:\Users\CHQ-JA~1\AppData\Local\Temp\, java.vendor.url.bug=http://bugreport.sun.com/bugreport/, javax.persistence.sharedCache.mode=UNSPECIFIED, os.arch=amd64, java.awt.graphicsenv=sun.awt.Win32GraphicsEnvironment, java.ext.dirs=C:\Program Files\Java\jdk1.8.0_20\jre\lib\ext;C:\WINDOWS\Sun\Java\lib\ext, user.dir=C:\Users\chq-jamesgl\STS_work2\finalprojectgleixner, line.separator=
, java.vm.name=Java HotSpot(TM) 64-Bit Server VM, basedir=C:\Users\chq-jamesgl\STS_work2\finalprojectgleixner, file.encoding=Cp1252, hibernate.use_identifier_rollback=false, java.specification.version=1.8, hibernate.show_sql=true}
DEBUG DefaultTraversableResolver - Found javax.persistence.Persistence on classpath containing &apos;getPersistenceUtil&apos;. Assuming JPA 2 environment. Trying to instantiate JPA aware TraversableResolver
DEBUG DefaultTraversableResolver - Instantiated JPA aware TraversableResolver of type org.hibernate.validator.engine.resolver.JPATraversableResolver.
DEBUG ValidationXmlParser - Trying to load META-INF/validation.xml for XML based Validator configuration.
DEBUG ValidationXmlParser - No META-INF/validation.xml found. Using annotation based configuration only
DEBUG DefaultTraversableResolver - Found javax.persistence.Persistence on classpath containing &apos;getPersistenceUtil&apos;. Assuming JPA 2 environment. Trying to instantiate JPA aware TraversableResolver
DEBUG DefaultTraversableResolver - Instantiated JPA aware TraversableResolver of type org.hibernate.validator.engine.resolver.JPATraversableResolver.
DEBUG ValidationXmlParser - Trying to load META-INF/validation.xml for XML based Validator configuration.
DEBUG ValidationXmlParser - No META-INF/validation.xml found. Using annotation based configuration only
DEBUG ConstraintDescriptorImpl - Adding composing constraint: ConstraintDescriptorImpl{annotation=javax.validation.constraints.NotNull, payloads=[], hasComposingConstraints=true, isReportAsSingleInvalidConstraint=false, elementType=FIELD, definedOn=DEFINED_LOCALLY, groups=[interface javax.validation.groups.Default], attributes={message={javax.validation.constraints.NotNull.message}, groups=[Ljava.lang.Class;@1846579f, payload=[Ljava.lang.Class;@6cd166b8}}
DEBUG ConstraintDescriptorImpl - Adding composing constraint: ConstraintDescriptorImpl{annotation=javax.validation.constraints.Size, payloads=[], hasComposingConstraints=true, isReportAsSingleInvalidConstraint=false, elementType=FIELD, definedOn=DEFINED_LOCALLY, groups=[interface javax.validation.groups.Default], attributes={groups=[Ljava.lang.Class;@75fc1992, min=1, message={javax.validation.constraints.Size.message}, max=2147483647, payload=[Ljava.lang.Class;@5fac521d}}
DEBUG ConstraintDescriptorImpl - Adding composing constraint: ConstraintDescriptorImpl{annotation=javax.validation.constraints.NotNull, payloads=[], hasComposingConstraints=true, isReportAsSingleInvalidConstraint=false, elementType=FIELD, definedOn=DEFINED_LOCALLY, groups=[interface javax.validation.groups.Default], attributes={message={javax.validation.constraints.NotNull.message}, groups=[Ljava.lang.Class;@2b59501e, payload=[Ljava.lang.Class;@476e8796}}
DEBUG ConstraintDescriptorImpl - Adding composing constraint: ConstraintDescriptorImpl{annotation=javax.validation.constraints.Size, payloads=[], hasComposingConstraints=true, isReportAsSingleInvalidConstraint=false, elementType=FIELD, definedOn=DEFINED_LOCALLY, groups=[interface javax.validation.groups.Default], attributes={groups=[Ljava.lang.Class;@36fc05ff, min=1, message={javax.validation.constraints.Size.message}, max=2147483647, payload=[Ljava.lang.Class;@57c47a9e}}
DEBUG ConstraintDescriptorImpl - Adding composing constraint: ConstraintDescriptorImpl{annotation=javax.validation.constraints.NotNull, payloads=[], hasComposingConstraints=true, isReportAsSingleInvalidConstraint=false, elementType=FIELD, definedOn=DEFINED_LOCALLY, groups=[interface javax.validation.groups.Default], attributes={message={javax.validation.constraints.NotNull.message}, groups=[Ljava.lang.Class;@4339e0de, payload=[Ljava.lang.Class;@153cd6bb}}
DEBUG ConstraintDescriptorImpl - Adding composing constraint: ConstraintDescriptorImpl{annotation=javax.validation.constraints.Size, payloads=[], hasComposingConstraints=true, isReportAsSingleInvalidConstraint=false, elementType=FIELD, definedOn=DEFINED_LOCALLY, groups=[interface javax.validation.groups.Default], attributes={groups=[Ljava.lang.Class;@2d9f64c9, min=1, message={javax.validation.constraints.Size.message}, max=2147483647, payload=[Ljava.lang.Class;@21ac5eb4}}
DEBUG ConstraintDescriptorImpl - Adding composing constraint: ConstraintDescriptorImpl{annotation=javax.validation.constraints.NotNull, payloads=[], hasComposingConstraints=true, isReportAsSingleInvalidConstraint=false, elementType=FIELD, definedOn=DEFINED_LOCALLY, groups=[interface javax.validation.groups.Default], attributes={message={javax.validation.constraints.NotNull.message}, groups=[Ljava.lang.Class;@6137cf6e, payload=[Ljava.lang.Class;@7942a854}}
DEBUG ConstraintDescriptorImpl - Adding composing constraint: ConstraintDescriptorImpl{annotation=javax.validation.constraints.Size, payloads=[], hasComposingConstraints=true, isReportAsSingleInvalidConstraint=false, elementType=FIELD, definedOn=DEFINED_LOCALLY, groups=[interface javax.validation.groups.Default], attributes={groups=[Ljava.lang.Class;@6c302a1d, min=1, message={javax.validation.constraints.Size.message}, max=2147483647, payload=[Ljava.lang.Class;@33a3c44a}}
DEBUG ConstraintDescriptorImpl - Adding composing constraint: ConstraintDescriptorImpl{annotation=javax.validation.constraints.NotNull, payloads=[], hasComposingConstraints=true, isReportAsSingleInvalidConstraint=false, elementType=FIELD, definedOn=DEFINED_LOCALLY, groups=[interface javax.validation.groups.Default], attributes={message={javax.validation.constraints.NotNull.message}, groups=[Ljava.lang.Class;@764cba, payload=[Ljava.lang.Class;@523d6bdb}}
DEBUG ConstraintDescriptorImpl - Adding composing constraint: ConstraintDescriptorImpl{annotation=javax.validation.constraints.Size, payloads=[], hasComposingConstraints=true, isReportAsSingleInvalidConstraint=false, elementType=FIELD, definedOn=DEFINED_LOCALLY, groups=[interface javax.validation.groups.Default], attributes={groups=[Ljava.lang.Class;@ad3324b, min=1, message={javax.validation.constraints.Size.message}, max=2147483647, payload=[Ljava.lang.Class;@3872bc37}}
DEBUG ConstraintDescriptorImpl - Adding composing constraint: ConstraintDescriptorImpl{annotation=javax.validation.constraints.NotNull, payloads=[], hasComposingConstraints=true, isReportAsSingleInvalidConstraint=false, elementType=FIELD, definedOn=DEFINED_LOCALLY, groups=[interface javax.validation.groups.Default], attributes={message={javax.validation.constraints.NotNull.message}, groups=[Ljava.lang.Class;@12968227, payload=[Ljava.lang.Class;@144ab54}}
DEBUG ConstraintDescriptorImpl - Adding composing constraint: ConstraintDescriptorImpl{annotation=javax.validation.constraints.Size, payloads=[], hasComposingConstraints=true, isReportAsSingleInvalidConstraint=false, elementType=FIELD, definedOn=DEFINED_LOCALLY, groups=[interface javax.validation.groups.Default], attributes={groups=[Ljava.lang.Class;@6ecab872, min=1, message={javax.validation.constraints.Size.message}, max=2147483647, payload=[Ljava.lang.Class;@48eb9836}}
DEBUG ConstraintDescriptorImpl - Adding composing constraint: ConstraintDescriptorImpl{annotation=javax.validation.constraints.NotNull, payloads=[], hasComposingConstraints=true, isReportAsSingleInvalidConstraint=false, elementType=FIELD, definedOn=DEFINED_LOCALLY, groups=[interface javax.validation.groups.Default], attributes={message={javax.validation.constraints.NotNull.message}, groups=[Ljava.lang.Class;@11b455e5, payload=[Ljava.lang.Class;@2a066689}}
DEBUG ConstraintDescriptorImpl - Adding composing constraint: ConstraintDescriptorImpl{annotation=javax.validation.constraints.Size, payloads=[], hasComposingConstraints=true, isReportAsSingleInvalidConstraint=false, elementType=FIELD, definedOn=DEFINED_LOCALLY, groups=[interface javax.validation.groups.Default], attributes={groups=[Ljava.lang.Class;@5e2a3040, min=1, message={javax.validation.constraints.Size.message}, max=2147483647, payload=[Ljava.lang.Class;@6d025d1d}}
DEBUG DefaultIdentifierGeneratorFactory - Setting dialect [org.hibernate.dialect.HSQLDialect]
DEBUG DefaultIdentifierGeneratorFactory - Setting dialect [org.hibernate.dialect.HSQLDialect]
DEBUG DefaultIdentifierGeneratorFactory - Setting dialect [org.hibernate.dialect.HSQLDialect]
DEBUG DefaultIdentifierGeneratorFactory - Setting dialect [org.hibernate.dialect.HSQLDialect]
DEBUG DefaultIdentifierGeneratorFactory - Setting dialect [org.hibernate.dialect.HSQLDialect]
DEBUG DefaultIdentifierGeneratorFactory - Setting dialect [org.hibernate.dialect.HSQLDialect]
DEBUG DefaultIdentifierGeneratorFactory - Setting dialect [org.hibernate.dialect.HSQLDialect]
DEBUG DefaultIdentifierGeneratorFactory - Setting dialect [org.hibernate.dialect.HSQLDialect]
DEBUG AbstractEntityPersister - Static SQL for entity: com.expeditors.training.course3demo.model.PhoneNumber
DEBUG AbstractEntityPersister -  Version select: select PHONE_NUMBER_ID from PHONE_NUMBER where PHONE_NUMBER_ID =?
DEBUG AbstractEntityPersister -  Snapshot select: select phonenumbe_.PHONE_NUMBER_ID, phonenumbe_.CARD_ID as CARD3_3_, phonenumbe_.PHONE_NUMBER as PHONE2_3_ from PHONE_NUMBER phonenumbe_ where phonenumbe_.PHONE_NUMBER_ID=?
DEBUG AbstractEntityPersister -  Insert 0: insert into PHONE_NUMBER (CARD_ID, PHONE_NUMBER, PHONE_NUMBER_ID) values (?, ?, ?)
DEBUG AbstractEntityPersister -  Update 0: update PHONE_NUMBER set CARD_ID=?, PHONE_NUMBER=? where PHONE_NUMBER_ID=?
DEBUG AbstractEntityPersister -  Delete 0: delete from PHONE_NUMBER where PHONE_NUMBER_ID=?
DEBUG AbstractEntityPersister -  Identity insert: insert into PHONE_NUMBER (PHONE_NUMBER_ID, CARD_ID, PHONE_NUMBER) values (default, ?, ?)
DEBUG AbstractEntityPersister - Static SQL for entity: com.expeditors.training.course3demo.model.Shipment
DEBUG AbstractEntityPersister -  Version select: select SHIPMENT_ID from Shipment where SHIPMENT_ID =?
DEBUG AbstractEntityPersister -  Snapshot select: select shipment_.SHIPMENT_ID, shipment_.destination as destinat2_5_, shipment_.name as name3_5_, shipment_.origin as origin4_5_, shipment_.volume as volume5_5_ from Shipment shipment_ where shipment_.SHIPMENT_ID=?
DEBUG AbstractEntityPersister -  Insert 0: insert into Shipment (destination, name, origin, volume, SHIPMENT_ID) values (?, ?, ?, ?, ?)
DEBUG AbstractEntityPersister -  Update 0: update Shipment set destination=?, name=?, origin=?, volume=? where SHIPMENT_ID=?
DEBUG AbstractEntityPersister -  Delete 0: delete from Shipment where SHIPMENT_ID=?
DEBUG AbstractEntityPersister -  Identity insert: insert into Shipment (SHIPMENT_ID, destination, name, origin, volume) values (default, ?, ?, ?, ?)
DEBUG AbstractEntityPersister - Static SQL for entity: com.expeditors.training.course3demo.model.Card
DEBUG AbstractEntityPersister -  Version select: select CARD_ID from CARD where CARD_ID =?
DEBUG AbstractEntityPersister -  Snapshot select: select card_.CARD_ID, card_.address as address5_1_, card_.amount as amount2_1_, card_.CARD_NUMBER as CARD3_1_, card_.OWNER_NAME as OWNER4_1_ from CARD card_ where card_.CARD_ID=?
DEBUG AbstractEntityPersister -  Insert 0: insert into CARD (address, amount, CARD_NUMBER, OWNER_NAME, CARD_ID) values (?, ?, ?, ?, ?)
DEBUG AbstractEntityPersister -  Update 0: update CARD set address=?, amount=?, CARD_NUMBER=?, OWNER_NAME=? where CARD_ID=?
DEBUG AbstractEntityPersister -  Delete 0: delete from CARD where CARD_ID=?
DEBUG AbstractEntityPersister -  Identity insert: insert into CARD (CARD_ID, address, amount, CARD_NUMBER, OWNER_NAME) values (default, ?, ?, ?, ?)
DEBUG AbstractEntityPersister - Static SQL for entity: com.expeditors.training.course3demo.model.Container
DEBUG AbstractEntityPersister -  Version select: select CONTAINER_ID from Container where CONTAINER_ID =?
DEBUG AbstractEntityPersister -  Snapshot select: select container_.CONTAINER_ID, container_.capacity as capacity2_2_, container_.destination as destinat3_2_, container_.location as location4_2_, container_.name as name5_2_, container_.status as status6_2_ from Container container_ where container_.CONTAINER_ID=?
DEBUG AbstractEntityPersister -  Insert 0: insert into Container (capacity, destination, location, name, status, CONTAINER_ID) values (?, ?, ?, ?, ?, ?)
DEBUG AbstractEntityPersister -  Update 0: update Container set capacity=?, destination=?, location=?, name=?, status=? where CONTAINER_ID=?
DEBUG AbstractEntityPersister -  Delete 0: delete from Container where CONTAINER_ID=?
DEBUG AbstractEntityPersister -  Identity insert: insert into Container (CONTAINER_ID, capacity, destination, location, name, status) values (default, ?, ?, ?, ?, ?)
DEBUG AbstractEntityPersister - Static SQL for entity: com.expeditors.training.course3demo.model.UserRole
DEBUG AbstractEntityPersister -  Version select: select ROLE_ID from USERROLE where ROLE_ID =?
DEBUG AbstractEntityPersister -  Snapshot select: select userrole_.ROLE_ID, userrole_.ROLE_NAME as ROLE2_7_, userrole_.ROLE_OWNER as ROLE3_7_ from USERROLE userrole_ where userrole_.ROLE_ID=?
DEBUG AbstractEntityPersister -  Insert 0: insert into USERROLE (ROLE_NAME, ROLE_OWNER, ROLE_ID) values (?, ?, ?)
DEBUG AbstractEntityPersister -  Update 0: update USERROLE set ROLE_NAME=?, ROLE_OWNER=? where ROLE_ID=?
DEBUG AbstractEntityPersister -  Delete 0: delete from USERROLE where ROLE_ID=?
DEBUG AbstractEntityPersister -  Identity insert: insert into USERROLE (ROLE_ID, ROLE_NAME, ROLE_OWNER) values (default, ?, ?)
DEBUG AbstractEntityPersister - Static SQL for entity: com.expeditors.training.course3demo.model.Address
DEBUG AbstractEntityPersister -  Version select: select ADDRESS_ID from ADDRESS where ADDRESS_ID =?
DEBUG AbstractEntityPersister -  Snapshot select: select address_.ADDRESS_ID, address_.city as city2_0_, address_.state as state3_0_, address_.street as street4_0_ from ADDRESS address_ where address_.ADDRESS_ID=?
DEBUG AbstractEntityPersister -  Insert 0: insert into ADDRESS (city, state, street, ADDRESS_ID) values (?, ?, ?, ?)
DEBUG AbstractEntityPersister -  Update 0: update ADDRESS set city=?, state=?, street=? where ADDRESS_ID=?
DEBUG AbstractEntityPersister -  Delete 0: delete from ADDRESS where ADDRESS_ID=?
DEBUG AbstractEntityPersister -  Identity insert: insert into ADDRESS (ADDRESS_ID, city, state, street) values (default, ?, ?, ?)
DEBUG AbstractEntityPersister - Static SQL for entity: com.expeditors.training.course3demo.model.UserAccount
DEBUG AbstractEntityPersister -  Version select: select USER_ID from USERACCOUNT where USER_ID =?
DEBUG AbstractEntityPersister -  Snapshot select: select useraccoun_.USER_ID, useraccoun_.enabled as enabled2_6_, useraccoun_.password as password3_6_, useraccoun_.username as username4_6_ from USERACCOUNT useraccoun_ where useraccoun_.USER_ID=?
DEBUG AbstractEntityPersister -  Insert 0: insert into USERACCOUNT (enabled, password, username, USER_ID) values (?, ?, ?, ?)
DEBUG AbstractEntityPersister -  Update 0: update USERACCOUNT set enabled=?, password=?, username=? where USER_ID=?
DEBUG AbstractEntityPersister -  Delete 0: delete from USERACCOUNT where USER_ID=?
DEBUG AbstractEntityPersister -  Identity insert: insert into USERACCOUNT (USER_ID, enabled, password, username) values (default, ?, ?, ?)
DEBUG AbstractEntityPersister - Static SQL for entity: com.expeditors.training.course3demo.model.Product
DEBUG AbstractEntityPersister -  Version select: select PRODUCT_ID from PRODUCT where PRODUCT_ID =?
DEBUG AbstractEntityPersister -  Snapshot select: select product_.PRODUCT_ID, product_.description as descript2_4_, product_.name as name3_4_, product_.price as price4_4_ from PRODUCT product_ where product_.PRODUCT_ID=?
DEBUG AbstractEntityPersister -  Insert 0: insert into PRODUCT (description, name, price, PRODUCT_ID) values (?, ?, ?, ?)
DEBUG AbstractEntityPersister -  Update 0: update PRODUCT set description=?, name=?, price=? where PRODUCT_ID=?
DEBUG AbstractEntityPersister -  Delete 0: delete from PRODUCT where PRODUCT_ID=?
DEBUG AbstractEntityPersister -  Identity insert: insert into PRODUCT (PRODUCT_ID, description, name, price) values (default, ?, ?, ?)
DEBUG AbstractCollectionPersister - Static SQL for collection: com.expeditors.training.course3demo.model.Card.phoneNumbers
DEBUG AbstractCollectionPersister -  Row insert: update PHONE_NUMBER set CARD_ID=?, index=? where PHONE_NUMBER_ID=?
DEBUG AbstractCollectionPersister -  Row update: update PHONE_NUMBER set index=? where PHONE_NUMBER_ID=?
DEBUG AbstractCollectionPersister -  Row delete: update PHONE_NUMBER set CARD_ID=null, index=null where CARD_ID=? and PHONE_NUMBER_ID=?
DEBUG AbstractCollectionPersister -  One-shot delete: update PHONE_NUMBER set CARD_ID=null, index=null where CARD_ID=?
DEBUG AbstractCollectionPersister - Static SQL for collection: com.expeditors.training.course3demo.model.UserAccount.userRoles
DEBUG AbstractCollectionPersister -  Row insert: update USERROLE set ROLE_OWNER=? where ROLE_ID=?
DEBUG AbstractCollectionPersister -  Row update: update USERROLE set  where ROLE_ID=?
DEBUG AbstractCollectionPersister -  Row delete: update USERROLE set ROLE_OWNER=null where ROLE_OWNER=? and ROLE_ID=?
DEBUG AbstractCollectionPersister -  One-shot delete: update USERROLE set ROLE_OWNER=null where ROLE_OWNER=?
DEBUG Loader - Static select for entity com.expeditors.training.course3demo.model.PhoneNumber [NONE]: select phonenumbe0_.PHONE_NUMBER_ID as PHONE1_3_0_, phonenumbe0_.CARD_ID as CARD3_3_0_, phonenumbe0_.PHONE_NUMBER as PHONE2_3_0_ from PHONE_NUMBER phonenumbe0_ where phonenumbe0_.PHONE_NUMBER_ID=?
DEBUG Loader - Static select for entity com.expeditors.training.course3demo.model.PhoneNumber [READ]: select phonenumbe0_.PHONE_NUMBER_ID as PHONE1_3_0_, phonenumbe0_.CARD_ID as CARD3_3_0_, phonenumbe0_.PHONE_NUMBER as PHONE2_3_0_ from PHONE_NUMBER phonenumbe0_ where phonenumbe0_.PHONE_NUMBER_ID=?
DEBUG Loader - Static select for entity com.expeditors.training.course3demo.model.PhoneNumber [UPGRADE]: select phonenumbe0_.PHONE_NUMBER_ID as PHONE1_3_0_, phonenumbe0_.CARD_ID as CARD3_3_0_, phonenumbe0_.PHONE_NUMBER as PHONE2_3_0_ from PHONE_NUMBER phonenumbe0_ where phonenumbe0_.PHONE_NUMBER_ID=?
DEBUG Loader - Static select for entity com.expeditors.training.course3demo.model.PhoneNumber [UPGRADE_NOWAIT]: select phonenumbe0_.PHONE_NUMBER_ID as PHONE1_3_0_, phonenumbe0_.CARD_ID as CARD3_3_0_, phonenumbe0_.PHONE_NUMBER as PHONE2_3_0_ from PHONE_NUMBER phonenumbe0_ where phonenumbe0_.PHONE_NUMBER_ID=?
DEBUG Loader - Static select for entity com.expeditors.training.course3demo.model.PhoneNumber [FORCE]: select phonenumbe0_.PHONE_NUMBER_ID as PHONE1_3_0_, phonenumbe0_.CARD_ID as CARD3_3_0_, phonenumbe0_.PHONE_NUMBER as PHONE2_3_0_ from PHONE_NUMBER phonenumbe0_ where phonenumbe0_.PHONE_NUMBER_ID=?
DEBUG Loader - Static select for entity com.expeditors.training.course3demo.model.PhoneNumber [PESSIMISTIC_READ]: select phonenumbe0_.PHONE_NUMBER_ID as PHONE1_3_0_, phonenumbe0_.CARD_ID as CARD3_3_0_, phonenumbe0_.PHONE_NUMBER as PHONE2_3_0_ from PHONE_NUMBER phonenumbe0_ where phonenumbe0_.PHONE_NUMBER_ID=?
DEBUG Loader - Static select for entity com.expeditors.training.course3demo.model.PhoneNumber [PESSIMISTIC_WRITE]: select phonenumbe0_.PHONE_NUMBER_ID as PHONE1_3_0_, phonenumbe0_.CARD_ID as CARD3_3_0_, phonenumbe0_.PHONE_NUMBER as PHONE2_3_0_ from PHONE_NUMBER phonenumbe0_ where phonenumbe0_.PHONE_NUMBER_ID=?
DEBUG Loader - Static select for entity com.expeditors.training.course3demo.model.PhoneNumber [PESSIMISTIC_FORCE_INCREMENT]: select phonenumbe0_.PHONE_NUMBER_ID as PHONE1_3_0_, phonenumbe0_.CARD_ID as CARD3_3_0_, phonenumbe0_.PHONE_NUMBER as PHONE2_3_0_ from PHONE_NUMBER phonenumbe0_ where phonenumbe0_.PHONE_NUMBER_ID=?
DEBUG Loader - Static select for entity com.expeditors.training.course3demo.model.PhoneNumber [OPTIMISTIC]: select phonenumbe0_.PHONE_NUMBER_ID as PHONE1_3_0_, phonenumbe0_.CARD_ID as CARD3_3_0_, phonenumbe0_.PHONE_NUMBER as PHONE2_3_0_ from PHONE_NUMBER phonenumbe0_ where phonenumbe0_.PHONE_NUMBER_ID=?
DEBUG Loader - Static select for entity com.expeditors.training.course3demo.model.PhoneNumber [OPTIMISTIC_FORCE_INCREMENT]: select phonenumbe0_.PHONE_NUMBER_ID as PHONE1_3_0_, phonenumbe0_.CARD_ID as CARD3_3_0_, phonenumbe0_.PHONE_NUMBER as PHONE2_3_0_ from PHONE_NUMBER phonenumbe0_ where phonenumbe0_.PHONE_NUMBER_ID=?
DEBUG Loader - Static select for action ACTION_MERGE on entity com.expeditors.training.course3demo.model.PhoneNumber: select phonenumbe0_.PHONE_NUMBER_ID as PHONE1_3_0_, phonenumbe0_.CARD_ID as CARD3_3_0_, phonenumbe0_.PHONE_NUMBER as PHONE2_3_0_ from PHONE_NUMBER phonenumbe0_ where phonenumbe0_.PHONE_NUMBER_ID=?
DEBUG Loader - Static select for action ACTION_REFRESH on entity com.expeditors.training.course3demo.model.PhoneNumber: select phonenumbe0_.PHONE_NUMBER_ID as PHONE1_3_0_, phonenumbe0_.CARD_ID as CARD3_3_0_, phonenumbe0_.PHONE_NUMBER as PHONE2_3_0_ from PHONE_NUMBER phonenumbe0_ where phonenumbe0_.PHONE_NUMBER_ID=?
DEBUG Loader - Static select for entity com.expeditors.training.course3demo.model.Shipment [NONE]: select shipment0_.SHIPMENT_ID as SHIPMENT1_5_0_, shipment0_.destination as destinat2_5_0_, shipment0_.name as name3_5_0_, shipment0_.origin as origin4_5_0_, shipment0_.volume as volume5_5_0_ from Shipment shipment0_ where shipment0_.SHIPMENT_ID=?
DEBUG Loader - Static select for entity com.expeditors.training.course3demo.model.Shipment [READ]: select shipment0_.SHIPMENT_ID as SHIPMENT1_5_0_, shipment0_.destination as destinat2_5_0_, shipment0_.name as name3_5_0_, shipment0_.origin as origin4_5_0_, shipment0_.volume as volume5_5_0_ from Shipment shipment0_ where shipment0_.SHIPMENT_ID=?
DEBUG Loader - Static select for entity com.expeditors.training.course3demo.model.Shipment [UPGRADE]: select shipment0_.SHIPMENT_ID as SHIPMENT1_5_0_, shipment0_.destination as destinat2_5_0_, shipment0_.name as name3_5_0_, shipment0_.origin as origin4_5_0_, shipment0_.volume as volume5_5_0_ from Shipment shipment0_ where shipment0_.SHIPMENT_ID=?
DEBUG Loader - Static select for entity com.expeditors.training.course3demo.model.Shipment [UPGRADE_NOWAIT]: select shipment0_.SHIPMENT_ID as SHIPMENT1_5_0_, shipment0_.destination as destinat2_5_0_, shipment0_.name as name3_5_0_, shipment0_.origin as origin4_5_0_, shipment0_.volume as volume5_5_0_ from Shipment shipment0_ where shipment0_.SHIPMENT_ID=?
DEBUG Loader - Static select for entity com.expeditors.training.course3demo.model.Shipment [FORCE]: select shipment0_.SHIPMENT_ID as SHIPMENT1_5_0_, shipment0_.destination as destinat2_5_0_, shipment0_.name as name3_5_0_, shipment0_.origin as origin4_5_0_, shipment0_.volume as volume5_5_0_ from Shipment shipment0_ where shipment0_.SHIPMENT_ID=?
DEBUG Loader - Static select for entity com.expeditors.training.course3demo.model.Shipment [PESSIMISTIC_READ]: select shipment0_.SHIPMENT_ID as SHIPMENT1_5_0_, shipment0_.destination as destinat2_5_0_, shipment0_.name as name3_5_0_, shipment0_.origin as origin4_5_0_, shipment0_.volume as volume5_5_0_ from Shipment shipment0_ where shipment0_.SHIPMENT_ID=?
DEBUG Loader - Static select for entity com.expeditors.training.course3demo.model.Shipment [PESSIMISTIC_WRITE]: select shipment0_.SHIPMENT_ID as SHIPMENT1_5_0_, shipment0_.destination as destinat2_5_0_, shipment0_.name as name3_5_0_, shipment0_.origin as origin4_5_0_, shipment0_.volume as volume5_5_0_ from Shipment shipment0_ where shipment0_.SHIPMENT_ID=?
DEBUG Loader - Static select for entity com.expeditors.training.course3demo.model.Shipment [PESSIMISTIC_FORCE_INCREMENT]: select shipment0_.SHIPMENT_ID as SHIPMENT1_5_0_, shipment0_.destination as destinat2_5_0_, shipment0_.name as name3_5_0_, shipment0_.origin as origin4_5_0_, shipment0_.volume as volume5_5_0_ from Shipment shipment0_ where shipment0_.SHIPMENT_ID=?
DEBUG Loader - Static select for entity com.expeditors.training.course3demo.model.Shipment [OPTIMISTIC]: select shipment0_.SHIPMENT_ID as SHIPMENT1_5_0_, shipment0_.destination as destinat2_5_0_, shipment0_.name as name3_5_0_, shipment0_.origin as origin4_5_0_, shipment0_.volume as volume5_5_0_ from Shipment shipment0_ where shipment0_.SHIPMENT_ID=?
DEBUG Loader - Static select for entity com.expeditors.training.course3demo.model.Shipment [OPTIMISTIC_FORCE_INCREMENT]: select shipment0_.SHIPMENT_ID as SHIPMENT1_5_0_, shipment0_.destination as destinat2_5_0_, shipment0_.name as name3_5_0_, shipment0_.origin as origin4_5_0_, shipment0_.volume as volume5_5_0_ from Shipment shipment0_ where shipment0_.SHIPMENT_ID=?
DEBUG Loader - Static select for action ACTION_MERGE on entity com.expeditors.training.course3demo.model.Shipment: select shipment0_.SHIPMENT_ID as SHIPMENT1_5_0_, shipment0_.destination as destinat2_5_0_, shipment0_.name as name3_5_0_, shipment0_.origin as origin4_5_0_, shipment0_.volume as volume5_5_0_ from Shipment shipment0_ where shipment0_.SHIPMENT_ID=?
DEBUG Loader - Static select for action ACTION_REFRESH on entity com.expeditors.training.course3demo.model.Shipment: select shipment0_.SHIPMENT_ID as SHIPMENT1_5_0_, shipment0_.destination as destinat2_5_0_, shipment0_.name as name3_5_0_, shipment0_.origin as origin4_5_0_, shipment0_.volume as volume5_5_0_ from Shipment shipment0_ where shipment0_.SHIPMENT_ID=?
DEBUG Loader - Static select for entity com.expeditors.training.course3demo.model.Card [NONE]: select card0_.CARD_ID as CARD1_1_2_, card0_.address as address5_1_2_, card0_.amount as amount2_1_2_, card0_.CARD_NUMBER as CARD3_1_2_, card0_.OWNER_NAME as OWNER4_1_2_, address1_.ADDRESS_ID as ADDRESS1_0_0_, address1_.city as city2_0_0_, address1_.state as state3_0_0_, address1_.street as street4_0_0_, phonenumbe2_.CARD_ID as CARD3_1_4_, phonenumbe2_.PHONE_NUMBER_ID as PHONE1_3_4_, phonenumbe2_.index as index4_4_, phonenumbe2_.PHONE_NUMBER_ID as PHONE1_3_1_, phonenumbe2_.CARD_ID as CARD3_3_1_, phonenumbe2_.PHONE_NUMBER as PHONE2_3_1_ from CARD card0_ left outer join ADDRESS address1_ on card0_.address=address1_.ADDRESS_ID left outer join PHONE_NUMBER phonenumbe2_ on card0_.CARD_ID=phonenumbe2_.CARD_ID where card0_.CARD_ID=?
DEBUG Loader - Static select for entity com.expeditors.training.course3demo.model.Card [READ]: select card0_.CARD_ID as CARD1_1_2_, card0_.address as address5_1_2_, card0_.amount as amount2_1_2_, card0_.CARD_NUMBER as CARD3_1_2_, card0_.OWNER_NAME as OWNER4_1_2_, address1_.ADDRESS_ID as ADDRESS1_0_0_, address1_.city as city2_0_0_, address1_.state as state3_0_0_, address1_.street as street4_0_0_, phonenumbe2_.CARD_ID as CARD3_1_4_, phonenumbe2_.PHONE_NUMBER_ID as PHONE1_3_4_, phonenumbe2_.index as index4_4_, phonenumbe2_.PHONE_NUMBER_ID as PHONE1_3_1_, phonenumbe2_.CARD_ID as CARD3_3_1_, phonenumbe2_.PHONE_NUMBER as PHONE2_3_1_ from CARD card0_ left outer join ADDRESS address1_ on card0_.address=address1_.ADDRESS_ID left outer join PHONE_NUMBER phonenumbe2_ on card0_.CARD_ID=phonenumbe2_.CARD_ID where card0_.CARD_ID=?
DEBUG Loader - Static select for entity com.expeditors.training.course3demo.model.Card [UPGRADE]: select card0_.CARD_ID as CARD1_1_0_, card0_.address as address5_1_0_, card0_.amount as amount2_1_0_, card0_.CARD_NUMBER as CARD3_1_0_, card0_.OWNER_NAME as OWNER4_1_0_ from CARD card0_ where card0_.CARD_ID=?
DEBUG Loader - Static select for entity com.expeditors.training.course3demo.model.Card [UPGRADE_NOWAIT]: select card0_.CARD_ID as CARD1_1_0_, card0_.address as address5_1_0_, card0_.amount as amount2_1_0_, card0_.CARD_NUMBER as CARD3_1_0_, card0_.OWNER_NAME as OWNER4_1_0_ from CARD card0_ where card0_.CARD_ID=?
DEBUG Loader - Static select for entity com.expeditors.training.course3demo.model.Card [FORCE]: select card0_.CARD_ID as CARD1_1_0_, card0_.address as address5_1_0_, card0_.amount as amount2_1_0_, card0_.CARD_NUMBER as CARD3_1_0_, card0_.OWNER_NAME as OWNER4_1_0_ from CARD card0_ where card0_.CARD_ID=?
DEBUG Loader - Static select for entity com.expeditors.training.course3demo.model.Card [PESSIMISTIC_READ]: select card0_.CARD_ID as CARD1_1_0_, card0_.address as address5_1_0_, card0_.amount as amount2_1_0_, card0_.CARD_NUMBER as CARD3_1_0_, card0_.OWNER_NAME as OWNER4_1_0_ from CARD card0_ where card0_.CARD_ID=?
DEBUG Loader - Static select for entity com.expeditors.training.course3demo.model.Card [PESSIMISTIC_WRITE]: select card0_.CARD_ID as CARD1_1_0_, card0_.address as address5_1_0_, card0_.amount as amount2_1_0_, card0_.CARD_NUMBER as CARD3_1_0_, card0_.OWNER_NAME as OWNER4_1_0_ from CARD card0_ where card0_.CARD_ID=?
DEBUG Loader - Static select for entity com.expeditors.training.course3demo.model.Card [PESSIMISTIC_FORCE_INCREMENT]: select card0_.CARD_ID as CARD1_1_0_, card0_.address as address5_1_0_, card0_.amount as amount2_1_0_, card0_.CARD_NUMBER as CARD3_1_0_, card0_.OWNER_NAME as OWNER4_1_0_ from CARD card0_ where card0_.CARD_ID=?
DEBUG Loader - Static select for entity com.expeditors.training.course3demo.model.Card [OPTIMISTIC]: select card0_.CARD_ID as CARD1_1_0_, card0_.address as address5_1_0_, card0_.amount as amount2_1_0_, card0_.CARD_NUMBER as CARD3_1_0_, card0_.OWNER_NAME as OWNER4_1_0_ from CARD card0_ where card0_.CARD_ID=?
DEBUG Loader - Static select for entity com.expeditors.training.course3demo.model.Card [OPTIMISTIC_FORCE_INCREMENT]: select card0_.CARD_ID as CARD1_1_0_, card0_.address as address5_1_0_, card0_.amount as amount2_1_0_, card0_.CARD_NUMBER as CARD3_1_0_, card0_.OWNER_NAME as OWNER4_1_0_ from CARD card0_ where card0_.CARD_ID=?
DEBUG Loader - Static select for action ACTION_MERGE on entity com.expeditors.training.course3demo.model.Card: select card0_.CARD_ID as CARD1_1_2_, card0_.address as address5_1_2_, card0_.amount as amount2_1_2_, card0_.CARD_NUMBER as CARD3_1_2_, card0_.OWNER_NAME as OWNER4_1_2_, address1_.ADDRESS_ID as ADDRESS1_0_0_, address1_.city as city2_0_0_, address1_.state as state3_0_0_, address1_.street as street4_0_0_, phonenumbe2_.CARD_ID as CARD3_1_4_, phonenumbe2_.PHONE_NUMBER_ID as PHONE1_3_4_, phonenumbe2_.index as index4_4_, phonenumbe2_.PHONE_NUMBER_ID as PHONE1_3_1_, phonenumbe2_.CARD_ID as CARD3_3_1_, phonenumbe2_.PHONE_NUMBER as PHONE2_3_1_ from CARD card0_ left outer join ADDRESS address1_ on card0_.address=address1_.ADDRESS_ID left outer join PHONE_NUMBER phonenumbe2_ on card0_.CARD_ID=phonenumbe2_.CARD_ID where card0_.CARD_ID=?
DEBUG Loader - Static select for action ACTION_REFRESH on entity com.expeditors.training.course3demo.model.Card: select card0_.CARD_ID as CARD1_1_2_, card0_.address as address5_1_2_, card0_.amount as amount2_1_2_, card0_.CARD_NUMBER as CARD3_1_2_, card0_.OWNER_NAME as OWNER4_1_2_, address1_.ADDRESS_ID as ADDRESS1_0_0_, address1_.city as city2_0_0_, address1_.state as state3_0_0_, address1_.street as street4_0_0_, phonenumbe2_.CARD_ID as CARD3_1_4_, phonenumbe2_.PHONE_NUMBER_ID as PHONE1_3_4_, phonenumbe2_.index as index4_4_, phonenumbe2_.PHONE_NUMBER_ID as PHONE1_3_1_, phonenumbe2_.CARD_ID as CARD3_3_1_, phonenumbe2_.PHONE_NUMBER as PHONE2_3_1_ from CARD card0_ left outer join ADDRESS address1_ on card0_.address=address1_.ADDRESS_ID left outer join PHONE_NUMBER phonenumbe2_ on card0_.CARD_ID=phonenumbe2_.CARD_ID where card0_.CARD_ID=?
DEBUG Loader - Static select for entity com.expeditors.training.course3demo.model.Container [NONE]: select container0_.CONTAINER_ID as CONTAINE1_2_0_, container0_.capacity as capacity2_2_0_, container0_.destination as destinat3_2_0_, container0_.location as location4_2_0_, container0_.name as name5_2_0_, container0_.status as status6_2_0_ from Container container0_ where container0_.CONTAINER_ID=?
DEBUG Loader - Static select for entity com.expeditors.training.course3demo.model.Container [READ]: select container0_.CONTAINER_ID as CONTAINE1_2_0_, container0_.capacity as capacity2_2_0_, container0_.destination as destinat3_2_0_, container0_.location as location4_2_0_, container0_.name as name5_2_0_, container0_.status as status6_2_0_ from Container container0_ where container0_.CONTAINER_ID=?
DEBUG Loader - Static select for entity com.expeditors.training.course3demo.model.Container [UPGRADE]: select container0_.CONTAINER_ID as CONTAINE1_2_0_, container0_.capacity as capacity2_2_0_, container0_.destination as destinat3_2_0_, container0_.location as location4_2_0_, container0_.name as name5_2_0_, container0_.status as status6_2_0_ from Container container0_ where container0_.CONTAINER_ID=?
DEBUG Loader - Static select for entity com.expeditors.training.course3demo.model.Container [UPGRADE_NOWAIT]: select container0_.CONTAINER_ID as CONTAINE1_2_0_, container0_.capacity as capacity2_2_0_, container0_.destination as destinat3_2_0_, container0_.location as location4_2_0_, container0_.name as name5_2_0_, container0_.status as status6_2_0_ from Container container0_ where container0_.CONTAINER_ID=?
DEBUG Loader - Static select for entity com.expeditors.training.course3demo.model.Container [FORCE]: select container0_.CONTAINER_ID as CONTAINE1_2_0_, container0_.capacity as capacity2_2_0_, container0_.destination as destinat3_2_0_, container0_.location as location4_2_0_, container0_.name as name5_2_0_, container0_.status as status6_2_0_ from Container container0_ where container0_.CONTAINER_ID=?
DEBUG Loader - Static select for entity com.expeditors.training.course3demo.model.Container [PESSIMISTIC_READ]: select container0_.CONTAINER_ID as CONTAINE1_2_0_, container0_.capacity as capacity2_2_0_, container0_.destination as destinat3_2_0_, container0_.location as location4_2_0_, container0_.name as name5_2_0_, container0_.status as status6_2_0_ from Container container0_ where container0_.CONTAINER_ID=?
DEBUG Loader - Static select for entity com.expeditors.training.course3demo.model.Container [PESSIMISTIC_WRITE]: select container0_.CONTAINER_ID as CONTAINE1_2_0_, container0_.capacity as capacity2_2_0_, container0_.destination as destinat3_2_0_, container0_.location as location4_2_0_, container0_.name as name5_2_0_, container0_.status as status6_2_0_ from Container container0_ where container0_.CONTAINER_ID=?
DEBUG Loader - Static select for entity com.expeditors.training.course3demo.model.Container [PESSIMISTIC_FORCE_INCREMENT]: select container0_.CONTAINER_ID as CONTAINE1_2_0_, container0_.capacity as capacity2_2_0_, container0_.destination as destinat3_2_0_, container0_.location as location4_2_0_, container0_.name as name5_2_0_, container0_.status as status6_2_0_ from Container container0_ where container0_.CONTAINER_ID=?
DEBUG Loader - Static select for entity com.expeditors.training.course3demo.model.Container [OPTIMISTIC]: select container0_.CONTAINER_ID as CONTAINE1_2_0_, container0_.capacity as capacity2_2_0_, container0_.destination as destinat3_2_0_, container0_.location as location4_2_0_, container0_.name as name5_2_0_, container0_.status as status6_2_0_ from Container container0_ where container0_.CONTAINER_ID=?
DEBUG Loader - Static select for entity com.expeditors.training.course3demo.model.Container [OPTIMISTIC_FORCE_INCREMENT]: select container0_.CONTAINER_ID as CONTAINE1_2_0_, container0_.capacity as capacity2_2_0_, container0_.destination as destinat3_2_0_, container0_.location as location4_2_0_, container0_.name as name5_2_0_, container0_.status as status6_2_0_ from Container container0_ where container0_.CONTAINER_ID=?
DEBUG Loader - Static select for action ACTION_MERGE on entity com.expeditors.training.course3demo.model.Container: select container0_.CONTAINER_ID as CONTAINE1_2_0_, container0_.capacity as capacity2_2_0_, container0_.destination as destinat3_2_0_, container0_.location as location4_2_0_, container0_.name as name5_2_0_, container0_.status as status6_2_0_ from Container container0_ where container0_.CONTAINER_ID=?
DEBUG Loader - Static select for action ACTION_REFRESH on entity com.expeditors.training.course3demo.model.Container: select container0_.CONTAINER_ID as CONTAINE1_2_0_, container0_.capacity as capacity2_2_0_, container0_.destination as destinat3_2_0_, container0_.location as location4_2_0_, container0_.name as name5_2_0_, container0_.status as status6_2_0_ from Container container0_ where container0_.CONTAINER_ID=?
DEBUG Loader - Static select for entity com.expeditors.training.course3demo.model.UserRole [NONE]: select userrole0_.ROLE_ID as ROLE1_7_0_, userrole0_.ROLE_NAME as ROLE2_7_0_, userrole0_.ROLE_OWNER as ROLE3_7_0_ from USERROLE userrole0_ where userrole0_.ROLE_ID=?
DEBUG Loader - Static select for entity com.expeditors.training.course3demo.model.UserRole [READ]: select userrole0_.ROLE_ID as ROLE1_7_0_, userrole0_.ROLE_NAME as ROLE2_7_0_, userrole0_.ROLE_OWNER as ROLE3_7_0_ from USERROLE userrole0_ where userrole0_.ROLE_ID=?
DEBUG Loader - Static select for entity com.expeditors.training.course3demo.model.UserRole [UPGRADE]: select userrole0_.ROLE_ID as ROLE1_7_0_, userrole0_.ROLE_NAME as ROLE2_7_0_, userrole0_.ROLE_OWNER as ROLE3_7_0_ from USERROLE userrole0_ where userrole0_.ROLE_ID=?
DEBUG Loader - Static select for entity com.expeditors.training.course3demo.model.UserRole [UPGRADE_NOWAIT]: select userrole0_.ROLE_ID as ROLE1_7_0_, userrole0_.ROLE_NAME as ROLE2_7_0_, userrole0_.ROLE_OWNER as ROLE3_7_0_ from USERROLE userrole0_ where userrole0_.ROLE_ID=?
DEBUG Loader - Static select for entity com.expeditors.training.course3demo.model.UserRole [FORCE]: select userrole0_.ROLE_ID as ROLE1_7_0_, userrole0_.ROLE_NAME as ROLE2_7_0_, userrole0_.ROLE_OWNER as ROLE3_7_0_ from USERROLE userrole0_ where userrole0_.ROLE_ID=?
DEBUG Loader - Static select for entity com.expeditors.training.course3demo.model.UserRole [PESSIMISTIC_READ]: select userrole0_.ROLE_ID as ROLE1_7_0_, userrole0_.ROLE_NAME as ROLE2_7_0_, userrole0_.ROLE_OWNER as ROLE3_7_0_ from USERROLE userrole0_ where userrole0_.ROLE_ID=?
DEBUG Loader - Static select for entity com.expeditors.training.course3demo.model.UserRole [PESSIMISTIC_WRITE]: select userrole0_.ROLE_ID as ROLE1_7_0_, userrole0_.ROLE_NAME as ROLE2_7_0_, userrole0_.ROLE_OWNER as ROLE3_7_0_ from USERROLE userrole0_ where userrole0_.ROLE_ID=?
DEBUG Loader - Static select for entity com.expeditors.training.course3demo.model.UserRole [PESSIMISTIC_FORCE_INCREMENT]: select userrole0_.ROLE_ID as ROLE1_7_0_, userrole0_.ROLE_NAME as ROLE2_7_0_, userrole0_.ROLE_OWNER as ROLE3_7_0_ from USERROLE userrole0_ where userrole0_.ROLE_ID=?
DEBUG Loader - Static select for entity com.expeditors.training.course3demo.model.UserRole [OPTIMISTIC]: select userrole0_.ROLE_ID as ROLE1_7_0_, userrole0_.ROLE_NAME as ROLE2_7_0_, userrole0_.ROLE_OWNER as ROLE3_7_0_ from USERROLE userrole0_ where userrole0_.ROLE_ID=?
DEBUG Loader - Static select for entity com.expeditors.training.course3demo.model.UserRole [OPTIMISTIC_FORCE_INCREMENT]: select userrole0_.ROLE_ID as ROLE1_7_0_, userrole0_.ROLE_NAME as ROLE2_7_0_, userrole0_.ROLE_OWNER as ROLE3_7_0_ from USERROLE userrole0_ where userrole0_.ROLE_ID=?
DEBUG Loader - Static select for action ACTION_MERGE on entity com.expeditors.training.course3demo.model.UserRole: select userrole0_.ROLE_ID as ROLE1_7_0_, userrole0_.ROLE_NAME as ROLE2_7_0_, userrole0_.ROLE_OWNER as ROLE3_7_0_ from USERROLE userrole0_ where userrole0_.ROLE_ID=?
DEBUG Loader - Static select for action ACTION_REFRESH on entity com.expeditors.training.course3demo.model.UserRole: select userrole0_.ROLE_ID as ROLE1_7_0_, userrole0_.ROLE_NAME as ROLE2_7_0_, userrole0_.ROLE_OWNER as ROLE3_7_0_ from USERROLE userrole0_ where userrole0_.ROLE_ID=?
DEBUG Loader - Static select for entity com.expeditors.training.course3demo.model.Address [NONE]: select address0_.ADDRESS_ID as ADDRESS1_0_0_, address0_.city as city2_0_0_, address0_.state as state3_0_0_, address0_.street as street4_0_0_ from ADDRESS address0_ where address0_.ADDRESS_ID=?
DEBUG Loader - Static select for entity com.expeditors.training.course3demo.model.Address [READ]: select address0_.ADDRESS_ID as ADDRESS1_0_0_, address0_.city as city2_0_0_, address0_.state as state3_0_0_, address0_.street as street4_0_0_ from ADDRESS address0_ where address0_.ADDRESS_ID=?
DEBUG Loader - Static select for entity com.expeditors.training.course3demo.model.Address [UPGRADE]: select address0_.ADDRESS_ID as ADDRESS1_0_0_, address0_.city as city2_0_0_, address0_.state as state3_0_0_, address0_.street as street4_0_0_ from ADDRESS address0_ where address0_.ADDRESS_ID=?
DEBUG Loader - Static select for entity com.expeditors.training.course3demo.model.Address [UPGRADE_NOWAIT]: select address0_.ADDRESS_ID as ADDRESS1_0_0_, address0_.city as city2_0_0_, address0_.state as state3_0_0_, address0_.street as street4_0_0_ from ADDRESS address0_ where address0_.ADDRESS_ID=?
DEBUG Loader - Static select for entity com.expeditors.training.course3demo.model.Address [FORCE]: select address0_.ADDRESS_ID as ADDRESS1_0_0_, address0_.city as city2_0_0_, address0_.state as state3_0_0_, address0_.street as street4_0_0_ from ADDRESS address0_ where address0_.ADDRESS_ID=?
DEBUG Loader - Static select for entity com.expeditors.training.course3demo.model.Address [PESSIMISTIC_READ]: select address0_.ADDRESS_ID as ADDRESS1_0_0_, address0_.city as city2_0_0_, address0_.state as state3_0_0_, address0_.street as street4_0_0_ from ADDRESS address0_ where address0_.ADDRESS_ID=?
DEBUG Loader - Static select for entity com.expeditors.training.course3demo.model.Address [PESSIMISTIC_WRITE]: select address0_.ADDRESS_ID as ADDRESS1_0_0_, address0_.city as city2_0_0_, address0_.state as state3_0_0_, address0_.street as street4_0_0_ from ADDRESS address0_ where address0_.ADDRESS_ID=?
DEBUG Loader - Static select for entity com.expeditors.training.course3demo.model.Address [PESSIMISTIC_FORCE_INCREMENT]: select address0_.ADDRESS_ID as ADDRESS1_0_0_, address0_.city as city2_0_0_, address0_.state as state3_0_0_, address0_.street as street4_0_0_ from ADDRESS address0_ where address0_.ADDRESS_ID=?
DEBUG Loader - Static select for entity com.expeditors.training.course3demo.model.Address [OPTIMISTIC]: select address0_.ADDRESS_ID as ADDRESS1_0_0_, address0_.city as city2_0_0_, address0_.state as state3_0_0_, address0_.street as street4_0_0_ from ADDRESS address0_ where address0_.ADDRESS_ID=?
DEBUG Loader - Static select for entity com.expeditors.training.course3demo.model.Address [OPTIMISTIC_FORCE_INCREMENT]: select address0_.ADDRESS_ID as ADDRESS1_0_0_, address0_.city as city2_0_0_, address0_.state as state3_0_0_, address0_.street as street4_0_0_ from ADDRESS address0_ where address0_.ADDRESS_ID=?
DEBUG Loader - Static select for action ACTION_MERGE on entity com.expeditors.training.course3demo.model.Address: select address0_.ADDRESS_ID as ADDRESS1_0_0_, address0_.city as city2_0_0_, address0_.state as state3_0_0_, address0_.street as street4_0_0_ from ADDRESS address0_ where address0_.ADDRESS_ID=?
DEBUG Loader - Static select for action ACTION_REFRESH on entity com.expeditors.training.course3demo.model.Address: select address0_.ADDRESS_ID as ADDRESS1_0_0_, address0_.city as city2_0_0_, address0_.state as state3_0_0_, address0_.street as street4_0_0_ from ADDRESS address0_ where address0_.ADDRESS_ID=?
DEBUG Loader - Static select for entity com.expeditors.training.course3demo.model.UserAccount [NONE]: select useraccoun0_.USER_ID as USER1_6_1_, useraccoun0_.enabled as enabled2_6_1_, useraccoun0_.password as password3_6_1_, useraccoun0_.username as username4_6_1_, userroles1_.ROLE_OWNER as ROLE3_6_3_, userroles1_.ROLE_ID as ROLE1_7_3_, userroles1_.ROLE_ID as ROLE1_7_0_, userroles1_.ROLE_NAME as ROLE2_7_0_, userroles1_.ROLE_OWNER as ROLE3_7_0_ from USERACCOUNT useraccoun0_ left outer join USERROLE userroles1_ on useraccoun0_.USER_ID=userroles1_.ROLE_OWNER where useraccoun0_.USER_ID=?
DEBUG Loader - Static select for entity com.expeditors.training.course3demo.model.UserAccount [READ]: select useraccoun0_.USER_ID as USER1_6_1_, useraccoun0_.enabled as enabled2_6_1_, useraccoun0_.password as password3_6_1_, useraccoun0_.username as username4_6_1_, userroles1_.ROLE_OWNER as ROLE3_6_3_, userroles1_.ROLE_ID as ROLE1_7_3_, userroles1_.ROLE_ID as ROLE1_7_0_, userroles1_.ROLE_NAME as ROLE2_7_0_, userroles1_.ROLE_OWNER as ROLE3_7_0_ from USERACCOUNT useraccoun0_ left outer join USERROLE userroles1_ on useraccoun0_.USER_ID=userroles1_.ROLE_OWNER where useraccoun0_.USER_ID=?
DEBUG Loader - Static select for entity com.expeditors.training.course3demo.model.UserAccount [UPGRADE]: select useraccoun0_.USER_ID as USER1_6_0_, useraccoun0_.enabled as enabled2_6_0_, useraccoun0_.password as password3_6_0_, useraccoun0_.username as username4_6_0_ from USERACCOUNT useraccoun0_ where useraccoun0_.USER_ID=?
DEBUG Loader - Static select for entity com.expeditors.training.course3demo.model.UserAccount [UPGRADE_NOWAIT]: select useraccoun0_.USER_ID as USER1_6_0_, useraccoun0_.enabled as enabled2_6_0_, useraccoun0_.password as password3_6_0_, useraccoun0_.username as username4_6_0_ from USERACCOUNT useraccoun0_ where useraccoun0_.USER_ID=?
DEBUG Loader - Static select for entity com.expeditors.training.course3demo.model.UserAccount [FORCE]: select useraccoun0_.USER_ID as USER1_6_0_, useraccoun0_.enabled as enabled2_6_0_, useraccoun0_.password as password3_6_0_, useraccoun0_.username as username4_6_0_ from USERACCOUNT useraccoun0_ where useraccoun0_.USER_ID=?
DEBUG Loader - Static select for entity com.expeditors.training.course3demo.model.UserAccount [PESSIMISTIC_READ]: select useraccoun0_.USER_ID as USER1_6_0_, useraccoun0_.enabled as enabled2_6_0_, useraccoun0_.password as password3_6_0_, useraccoun0_.username as username4_6_0_ from USERACCOUNT useraccoun0_ where useraccoun0_.USER_ID=?
DEBUG Loader - Static select for entity com.expeditors.training.course3demo.model.UserAccount [PESSIMISTIC_WRITE]: select useraccoun0_.USER_ID as USER1_6_0_, useraccoun0_.enabled as enabled2_6_0_, useraccoun0_.password as password3_6_0_, useraccoun0_.username as username4_6_0_ from USERACCOUNT useraccoun0_ where useraccoun0_.USER_ID=?
DEBUG Loader - Static select for entity com.expeditors.training.course3demo.model.UserAccount [PESSIMISTIC_FORCE_INCREMENT]: select useraccoun0_.USER_ID as USER1_6_0_, useraccoun0_.enabled as enabled2_6_0_, useraccoun0_.password as password3_6_0_, useraccoun0_.username as username4_6_0_ from USERACCOUNT useraccoun0_ where useraccoun0_.USER_ID=?
DEBUG Loader - Static select for entity com.expeditors.training.course3demo.model.UserAccount [OPTIMISTIC]: select useraccoun0_.USER_ID as USER1_6_0_, useraccoun0_.enabled as enabled2_6_0_, useraccoun0_.password as password3_6_0_, useraccoun0_.username as username4_6_0_ from USERACCOUNT useraccoun0_ where useraccoun0_.USER_ID=?
DEBUG Loader - Static select for entity com.expeditors.training.course3demo.model.UserAccount [OPTIMISTIC_FORCE_INCREMENT]: select useraccoun0_.USER_ID as USER1_6_0_, useraccoun0_.enabled as enabled2_6_0_, useraccoun0_.password as password3_6_0_, useraccoun0_.username as username4_6_0_ from USERACCOUNT useraccoun0_ where useraccoun0_.USER_ID=?
DEBUG Loader - Static select for action ACTION_MERGE on entity com.expeditors.training.course3demo.model.UserAccount: select useraccoun0_.USER_ID as USER1_6_1_, useraccoun0_.enabled as enabled2_6_1_, useraccoun0_.password as password3_6_1_, useraccoun0_.username as username4_6_1_, userroles1_.ROLE_OWNER as ROLE3_6_3_, userroles1_.ROLE_ID as ROLE1_7_3_, userroles1_.ROLE_ID as ROLE1_7_0_, userroles1_.ROLE_NAME as ROLE2_7_0_, userroles1_.ROLE_OWNER as ROLE3_7_0_ from USERACCOUNT useraccoun0_ left outer join USERROLE userroles1_ on useraccoun0_.USER_ID=userroles1_.ROLE_OWNER where useraccoun0_.USER_ID=?
DEBUG Loader - Static select for action ACTION_REFRESH on entity com.expeditors.training.course3demo.model.UserAccount: select useraccoun0_.USER_ID as USER1_6_1_, useraccoun0_.enabled as enabled2_6_1_, useraccoun0_.password as password3_6_1_, useraccoun0_.username as username4_6_1_, userroles1_.ROLE_OWNER as ROLE3_6_3_, userroles1_.ROLE_ID as ROLE1_7_3_, userroles1_.ROLE_ID as ROLE1_7_0_, userroles1_.ROLE_NAME as ROLE2_7_0_, userroles1_.ROLE_OWNER as ROLE3_7_0_ from USERACCOUNT useraccoun0_ left outer join USERROLE userroles1_ on useraccoun0_.USER_ID=userroles1_.ROLE_OWNER where useraccoun0_.USER_ID=?
DEBUG Loader - Static select for entity com.expeditors.training.course3demo.model.Product [NONE]: select product0_.PRODUCT_ID as PRODUCT1_4_0_, product0_.description as descript2_4_0_, product0_.name as name3_4_0_, product0_.price as price4_4_0_ from PRODUCT product0_ where product0_.PRODUCT_ID=?
DEBUG Loader - Static select for entity com.expeditors.training.course3demo.model.Product [READ]: select product0_.PRODUCT_ID as PRODUCT1_4_0_, product0_.description as descript2_4_0_, product0_.name as name3_4_0_, product0_.price as price4_4_0_ from PRODUCT product0_ where product0_.PRODUCT_ID=?
DEBUG Loader - Static select for entity com.expeditors.training.course3demo.model.Product [UPGRADE]: select product0_.PRODUCT_ID as PRODUCT1_4_0_, product0_.description as descript2_4_0_, product0_.name as name3_4_0_, product0_.price as price4_4_0_ from PRODUCT product0_ where product0_.PRODUCT_ID=?
DEBUG Loader - Static select for entity com.expeditors.training.course3demo.model.Product [UPGRADE_NOWAIT]: select product0_.PRODUCT_ID as PRODUCT1_4_0_, product0_.description as descript2_4_0_, product0_.name as name3_4_0_, product0_.price as price4_4_0_ from PRODUCT product0_ where product0_.PRODUCT_ID=?
DEBUG Loader - Static select for entity com.expeditors.training.course3demo.model.Product [FORCE]: select product0_.PRODUCT_ID as PRODUCT1_4_0_, product0_.description as descript2_4_0_, product0_.name as name3_4_0_, product0_.price as price4_4_0_ from PRODUCT product0_ where product0_.PRODUCT_ID=?
DEBUG Loader - Static select for entity com.expeditors.training.course3demo.model.Product [PESSIMISTIC_READ]: select product0_.PRODUCT_ID as PRODUCT1_4_0_, product0_.description as descript2_4_0_, product0_.name as name3_4_0_, product0_.price as price4_4_0_ from PRODUCT product0_ where product0_.PRODUCT_ID=?
DEBUG Loader - Static select for entity com.expeditors.training.course3demo.model.Product [PESSIMISTIC_WRITE]: select product0_.PRODUCT_ID as PRODUCT1_4_0_, product0_.description as descript2_4_0_, product0_.name as name3_4_0_, product0_.price as price4_4_0_ from PRODUCT product0_ where product0_.PRODUCT_ID=?
DEBUG Loader - Static select for entity com.expeditors.training.course3demo.model.Product [PESSIMISTIC_FORCE_INCREMENT]: select product0_.PRODUCT_ID as PRODUCT1_4_0_, product0_.description as descript2_4_0_, product0_.name as name3_4_0_, product0_.price as price4_4_0_ from PRODUCT product0_ where product0_.PRODUCT_ID=?
DEBUG Loader - Static select for entity com.expeditors.training.course3demo.model.Product [OPTIMISTIC]: select product0_.PRODUCT_ID as PRODUCT1_4_0_, product0_.description as descript2_4_0_, product0_.name as name3_4_0_, product0_.price as price4_4_0_ from PRODUCT product0_ where product0_.PRODUCT_ID=?
DEBUG Loader - Static select for entity com.expeditors.training.course3demo.model.Product [OPTIMISTIC_FORCE_INCREMENT]: select product0_.PRODUCT_ID as PRODUCT1_4_0_, product0_.description as descript2_4_0_, product0_.name as name3_4_0_, product0_.price as price4_4_0_ from PRODUCT product0_ where product0_.PRODUCT_ID=?
DEBUG Loader - Static select for action ACTION_MERGE on entity com.expeditors.training.course3demo.model.Product: select product0_.PRODUCT_ID as PRODUCT1_4_0_, product0_.description as descript2_4_0_, product0_.name as name3_4_0_, product0_.price as price4_4_0_ from PRODUCT product0_ where product0_.PRODUCT_ID=?
DEBUG Loader - Static select for action ACTION_REFRESH on entity com.expeditors.training.course3demo.model.Product: select product0_.PRODUCT_ID as PRODUCT1_4_0_, product0_.description as descript2_4_0_, product0_.name as name3_4_0_, product0_.price as price4_4_0_ from PRODUCT product0_ where product0_.PRODUCT_ID=?
DEBUG OneToManyLoader - Static select for one-to-many com.expeditors.training.course3demo.model.Card.phoneNumbers: select phonenumbe0_.CARD_ID as CARD3_1_1_, phonenumbe0_.PHONE_NUMBER_ID as PHONE1_3_1_, phonenumbe0_.index as index4_1_, phonenumbe0_.PHONE_NUMBER_ID as PHONE1_3_0_, phonenumbe0_.CARD_ID as CARD3_3_0_, phonenumbe0_.PHONE_NUMBER as PHONE2_3_0_ from PHONE_NUMBER phonenumbe0_ where phonenumbe0_.CARD_ID=?
DEBUG OneToManyLoader - Static select for one-to-many com.expeditors.training.course3demo.model.UserAccount.userRoles: select userroles0_.ROLE_OWNER as ROLE3_6_1_, userroles0_.ROLE_ID as ROLE1_7_1_, userroles0_.ROLE_ID as ROLE1_7_0_, userroles0_.ROLE_NAME as ROLE2_7_0_, userroles0_.ROLE_OWNER as ROLE3_7_0_ from USERROLE userroles0_ where userroles0_.ROLE_OWNER=?
DEBUG SessionFactoryRegistry - Registering SessionFactory: 33c290c4-9f3a-489e-94fd-104b3d2bcc76 (&lt;unnamed&gt;)
DEBUG SessionFactoryRegistry - Not binding SessionFactory to JNDI, no JNDI name configured
DEBUG SessionFactoryImpl - Instantiated session factory
DEBUG Configuration - Processing hbm.xml files
DEBUG Configuration - Process annotated classes
DEBUG Configuration - Processing fk mappings (*ToOne and JoinedSubclass)
DEBUG Configuration - Processing extends queue
DEBUG Configuration - Processing extends queue
DEBUG Configuration - Processing collection mappings
DEBUG Configuration - Processing native query and ResultSetMapping mappings
DEBUG Configuration - Processing association property references
DEBUG Configuration - Creating tables&apos; unique integer identifiers
DEBUG Configuration - Processing foreign key constraints
DEBUG Configuration - Resolving reference to class: com.expeditors.training.course3demo.model.Address
DEBUG Configuration - Resolving reference to class: com.expeditors.training.course3demo.model.Card
DEBUG Configuration - Resolving reference to class: com.expeditors.training.course3demo.model.UserAccount
DEBUG DefaultIdentifierGeneratorFactory - Setting dialect [org.hibernate.dialect.HSQLDialect]
DEBUG DefaultIdentifierGeneratorFactory - Setting dialect [org.hibernate.dialect.HSQLDialect]
DEBUG DefaultIdentifierGeneratorFactory - Setting dialect [org.hibernate.dialect.HSQLDialect]
DEBUG DefaultIdentifierGeneratorFactory - Setting dialect [org.hibernate.dialect.HSQLDialect]
DEBUG DefaultIdentifierGeneratorFactory - Setting dialect [org.hibernate.dialect.HSQLDialect]
DEBUG DefaultIdentifierGeneratorFactory - Setting dialect [org.hibernate.dialect.HSQLDialect]
DEBUG DefaultIdentifierGeneratorFactory - Setting dialect [org.hibernate.dialect.HSQLDialect]
DEBUG DefaultIdentifierGeneratorFactory - Setting dialect [org.hibernate.dialect.HSQLDialect]
DEBUG Configuration - Processing hbm.xml files
DEBUG Configuration - Process annotated classes
DEBUG Configuration - Processing fk mappings (*ToOne and JoinedSubclass)
DEBUG Configuration - Processing extends queue
DEBUG Configuration - Processing extends queue
DEBUG Configuration - Processing collection mappings
DEBUG Configuration - Processing native query and ResultSetMapping mappings
DEBUG Configuration - Processing association property references
DEBUG Configuration - Creating tables&apos; unique integer identifiers
DEBUG Configuration - Processing foreign key constraints
DEBUG Configuration - Resolving reference to class: com.expeditors.training.course3demo.model.Address
DEBUG Configuration - Resolving reference to class: com.expeditors.training.course3demo.model.Card
DEBUG Configuration - Resolving reference to class: com.expeditors.training.course3demo.model.UserAccount
DEBUG DefaultIdentifierGeneratorFactory - Setting dialect [org.hibernate.dialect.HSQLDialect]
DEBUG DefaultIdentifierGeneratorFactory - Setting dialect [org.hibernate.dialect.HSQLDialect]
DEBUG DefaultIdentifierGeneratorFactory - Setting dialect [org.hibernate.dialect.HSQLDialect]
DEBUG DefaultIdentifierGeneratorFactory - Setting dialect [org.hibernate.dialect.HSQLDialect]
DEBUG DefaultIdentifierGeneratorFactory - Setting dialect [org.hibernate.dialect.HSQLDialect]
DEBUG DefaultIdentifierGeneratorFactory - Setting dialect [org.hibernate.dialect.HSQLDialect]
DEBUG DefaultIdentifierGeneratorFactory - Setting dialect [org.hibernate.dialect.HSQLDialect]
DEBUG DefaultIdentifierGeneratorFactory - Setting dialect [org.hibernate.dialect.HSQLDialect]
DEBUG DefaultIdentifierGeneratorFactory - Setting dialect [org.hibernate.dialect.HSQLDialect]
DEBUG DefaultIdentifierGeneratorFactory - Setting dialect [org.hibernate.dialect.HSQLDialect]
DEBUG DefaultIdentifierGeneratorFactory - Setting dialect [org.hibernate.dialect.HSQLDialect]
DEBUG DefaultIdentifierGeneratorFactory - Setting dialect [org.hibernate.dialect.HSQLDialect]
DEBUG DefaultIdentifierGeneratorFactory - Setting dialect [org.hibernate.dialect.HSQLDialect]
DEBUG DefaultIdentifierGeneratorFactory - Setting dialect [org.hibernate.dialect.HSQLDialect]
DEBUG DefaultIdentifierGeneratorFactory - Setting dialect [org.hibernate.dialect.HSQLDialect]
DEBUG DefaultIdentifierGeneratorFactory - Setting dialect [org.hibernate.dialect.HSQLDialect]
INFO  SchemaExport - HHH000227: Running hbm2ddl schema export
DEBUG SchemaExport - Import file not found: /import.sql
DEBUG DriverManagerDataSource - Creating new JDBC DriverManager Connection to [jdbc:hsqldb:mem:paging]
DEBUG SQL - alter table CARD drop constraint FK_00ac6d6449d749dbad55b0606fe
Hibernate: alter table CARD drop constraint FK_00ac6d6449d749dbad55b0606fe
ERROR SchemaExport - HHH000389: Unsuccessful: alter table CARD drop constraint FK_00ac6d6449d749dbad55b0606fe
ERROR SchemaExport - user lacks privilege or object not found: PUBLIC.CARD
DEBUG SQL - alter table PHONE_NUMBER drop constraint FK_4289f4cc3e49481ba4ea275ac4c
Hibernate: alter table PHONE_NUMBER drop constraint FK_4289f4cc3e49481ba4ea275ac4c
ERROR SchemaExport - HHH000389: Unsuccessful: alter table PHONE_NUMBER drop constraint FK_4289f4cc3e49481ba4ea275ac4c
ERROR SchemaExport - user lacks privilege or object not found: PUBLIC.PHONE_NUMBER
DEBUG SQL - alter table USERROLE drop constraint FK_97843cfdc3cd49578813087f06c
Hibernate: alter table USERROLE drop constraint FK_97843cfdc3cd49578813087f06c
ERROR SchemaExport - HHH000389: Unsuccessful: alter table USERROLE drop constraint FK_97843cfdc3cd49578813087f06c
ERROR SchemaExport - user lacks privilege or object not found: PUBLIC.USERROLE
DEBUG SQL - drop table ADDRESS if exists
Hibernate: drop table ADDRESS if exists
DEBUG SQL - drop table CARD if exists
Hibernate: drop table CARD if exists
DEBUG SQL - drop table Container if exists
Hibernate: drop table Container if exists
DEBUG SQL - drop table PHONE_NUMBER if exists
Hibernate: drop table PHONE_NUMBER if exists
DEBUG SQL - drop table PRODUCT if exists
Hibernate: drop table PRODUCT if exists
DEBUG SQL - drop table Shipment if exists
Hibernate: drop table Shipment if exists
DEBUG SQL - drop table USERACCOUNT if exists
Hibernate: drop table USERACCOUNT if exists
DEBUG SQL - drop table USERROLE if exists
Hibernate: drop table USERROLE if exists
DEBUG SQL - create table ADDRESS (ADDRESS_ID bigint generated by default as identity (start with 1), city varchar(255) not null, state CHAR(2) not null, street varchar(255) not null, primary key (ADDRESS_ID))
Hibernate: create table ADDRESS (ADDRESS_ID bigint generated by default as identity (start with 1), city varchar(255) not null, state CHAR(2) not null, street varchar(255) not null, primary key (ADDRESS_ID))
DEBUG SQL - create table CARD (CARD_ID bigint generated by default as identity (start with 1), amount double, CARD_NUMBER char not null, OWNER_NAME varchar(255) not null, address bigint, primary key (CARD_ID))
Hibernate: create table CARD (CARD_ID bigint generated by default as identity (start with 1), amount double, CARD_NUMBER char not null, OWNER_NAME varchar(255) not null, address bigint, primary key (CARD_ID))
DEBUG SQL - create table Container (CONTAINER_ID bigint generated by default as identity (start with 1), capacity double not null check (capacity&gt;=0), destination varchar(255), location varchar(255), name varchar(40), status varchar(255), primary key (CONTAINER_ID))
Hibernate: create table Container (CONTAINER_ID bigint generated by default as identity (start with 1), capacity double not null check (capacity&gt;=0), destination varchar(255), location varchar(255), name varchar(40), status varchar(255), primary key (CONTAINER_ID))
DEBUG SQL - create table PHONE_NUMBER (PHONE_NUMBER_ID bigint generated by default as identity (start with 1), PHONE_NUMBER char not null, CARD_ID bigint not null, index integer, primary key (PHONE_NUMBER_ID))
Hibernate: create table PHONE_NUMBER (PHONE_NUMBER_ID bigint generated by default as identity (start with 1), PHONE_NUMBER char not null, CARD_ID bigint not null, index integer, primary key (PHONE_NUMBER_ID))
DEBUG SQL - create table PRODUCT (PRODUCT_ID bigint generated by default as identity (start with 1), description varchar(255), name varchar(255), price double, primary key (PRODUCT_ID))
Hibernate: create table PRODUCT (PRODUCT_ID bigint generated by default as identity (start with 1), description varchar(255), name varchar(255), price double, primary key (PRODUCT_ID))
DEBUG SQL - create table Shipment (SHIPMENT_ID bigint generated by default as identity (start with 1), destination varchar(255), name varchar(40), origin varchar(255), volume double not null check (volume&gt;=0), primary key (SHIPMENT_ID))
Hibernate: create table Shipment (SHIPMENT_ID bigint generated by default as identity (start with 1), destination varchar(255), name varchar(40), origin varchar(255), volume double not null check (volume&gt;=0), primary key (SHIPMENT_ID))
DEBUG SQL - create table USERACCOUNT (USER_ID bigint generated by default as identity (start with 1), enabled boolean, password varchar(50), username varchar(255), primary key (USER_ID))
Hibernate: create table USERACCOUNT (USER_ID bigint generated by default as identity (start with 1), enabled boolean, password varchar(50), username varchar(255), primary key (USER_ID))
DEBUG SQL - create table USERROLE (ROLE_ID bigint generated by default as identity (start with 1), ROLE_NAME varchar(40) not null, ROLE_OWNER bigint not null, primary key (ROLE_ID))
Hibernate: create table USERROLE (ROLE_ID bigint generated by default as identity (start with 1), ROLE_NAME varchar(40) not null, ROLE_OWNER bigint not null, primary key (ROLE_ID))
DEBUG SQL - alter table CARD add constraint FK_00ac6d6449d749dbad55b0606fe foreign key (address) references ADDRESS
Hibernate: alter table CARD add constraint FK_00ac6d6449d749dbad55b0606fe foreign key (address) references ADDRESS
DEBUG SQL - alter table PHONE_NUMBER add constraint FK_4289f4cc3e49481ba4ea275ac4c foreign key (CARD_ID) references CARD
Hibernate: alter table PHONE_NUMBER add constraint FK_4289f4cc3e49481ba4ea275ac4c foreign key (CARD_ID) references CARD
DEBUG SQL - alter table USERROLE add constraint FK_97843cfdc3cd49578813087f06c foreign key (ROLE_OWNER) references USERACCOUNT
Hibernate: alter table USERROLE add constraint FK_97843cfdc3cd49578813087f06c foreign key (ROLE_OWNER) references USERACCOUNT
INFO  SchemaExport - HHH000230: Schema export complete
DEBUG Configuration - Processing hbm.xml files
DEBUG Configuration - Process annotated classes
DEBUG Configuration - Processing fk mappings (*ToOne and JoinedSubclass)
DEBUG Configuration - Processing extends queue
DEBUG Configuration - Processing extends queue
DEBUG Configuration - Processing collection mappings
DEBUG Configuration - Processing native query and ResultSetMapping mappings
DEBUG Configuration - Processing association property references
DEBUG Configuration - Creating tables&apos; unique integer identifiers
DEBUG Configuration - Processing foreign key constraints
DEBUG Configuration - Resolving reference to class: com.expeditors.training.course3demo.model.Address
DEBUG Configuration - Resolving reference to class: com.expeditors.training.course3demo.model.Card
DEBUG Configuration - Resolving reference to class: com.expeditors.training.course3demo.model.UserAccount
DEBUG DefaultIdentifierGeneratorFactory - Setting dialect [org.hibernate.dialect.HSQLDialect]
DEBUG DefaultIdentifierGeneratorFactory - Setting dialect [org.hibernate.dialect.HSQLDialect]
DEBUG DefaultIdentifierGeneratorFactory - Setting dialect [org.hibernate.dialect.HSQLDialect]
DEBUG DefaultIdentifierGeneratorFactory - Setting dialect [org.hibernate.dialect.HSQLDialect]
DEBUG DefaultIdentifierGeneratorFactory - Setting dialect [org.hibernate.dialect.HSQLDialect]
DEBUG DefaultIdentifierGeneratorFactory - Setting dialect [org.hibernate.dialect.HSQLDialect]
DEBUG DefaultIdentifierGeneratorFactory - Setting dialect [org.hibernate.dialect.HSQLDialect]
DEBUG DefaultIdentifierGeneratorFactory - Setting dialect [org.hibernate.dialect.HSQLDialect]
DEBUG Configuration - Processing hbm.xml files
DEBUG Configuration - Process annotated classes
DEBUG Configuration - Processing fk mappings (*ToOne and JoinedSubclass)
DEBUG Configuration - Processing extends queue
DEBUG Configuration - Processing extends queue
DEBUG Configuration - Processing collection mappings
DEBUG Configuration - Processing native query and ResultSetMapping mappings
DEBUG Configuration - Processing association property references
DEBUG Configuration - Creating tables&apos; unique integer identifiers
DEBUG Configuration - Processing foreign key constraints
DEBUG Configuration - Resolving reference to class: com.expeditors.training.course3demo.model.Address
DEBUG Configuration - Resolving reference to class: com.expeditors.training.course3demo.model.Card
DEBUG Configuration - Resolving reference to class: com.expeditors.training.course3demo.model.UserAccount
DEBUG DefaultIdentifierGeneratorFactory - Setting dialect [org.hibernate.dialect.HSQLDialect]
DEBUG DefaultIdentifierGeneratorFactory - Setting dialect [org.hibernate.dialect.HSQLDialect]
DEBUG DefaultIdentifierGeneratorFactory - Setting dialect [org.hibernate.dialect.HSQLDialect]
DEBUG DefaultIdentifierGeneratorFactory - Setting dialect [org.hibernate.dialect.HSQLDialect]
DEBUG DefaultIdentifierGeneratorFactory - Setting dialect [org.hibernate.dialect.HSQLDialect]
DEBUG DefaultIdentifierGeneratorFactory - Setting dialect [org.hibernate.dialect.HSQLDialect]
DEBUG DefaultIdentifierGeneratorFactory - Setting dialect [org.hibernate.dialect.HSQLDialect]
DEBUG DefaultIdentifierGeneratorFactory - Setting dialect [org.hibernate.dialect.HSQLDialect]
DEBUG DefaultIdentifierGeneratorFactory - Setting dialect [org.hibernate.dialect.HSQLDialect]
DEBUG DefaultIdentifierGeneratorFactory - Setting dialect [org.hibernate.dialect.HSQLDialect]
DEBUG DefaultIdentifierGeneratorFactory - Setting dialect [org.hibernate.dialect.HSQLDialect]
DEBUG DefaultIdentifierGeneratorFactory - Setting dialect [org.hibernate.dialect.HSQLDialect]
DEBUG DefaultIdentifierGeneratorFactory - Setting dialect [org.hibernate.dialect.HSQLDialect]
DEBUG DefaultIdentifierGeneratorFactory - Setting dialect [org.hibernate.dialect.HSQLDialect]
DEBUG DefaultIdentifierGeneratorFactory - Setting dialect [org.hibernate.dialect.HSQLDialect]
DEBUG DefaultIdentifierGeneratorFactory - Setting dialect [org.hibernate.dialect.HSQLDialect]
DEBUG SessionFactoryImpl - Checking 0 named HQL queries
DEBUG SessionFactoryImpl - Checking 0 named SQL queries
DEBUG StatisticsInitiator - Statistics initialized [enabled=false]
DEBUG EntityManagerFactoryRegistry - Registering EntityManagerFactory: default 
DEBUG DefaultListableBeanFactory - Finished creating instance of bean &apos;entityManagerFactory&apos;
INFO  DefaultListableBeanFactory - Pre-instantiating singletons in org.springframework.beans.factory.support.DefaultListableBeanFactory@38a1a26: defining beans [org.springframework.context.annotation.internalConfigurationAnnotationProcessor,org.springframework.context.annotation.internalAutowiredAnnotationProcessor,org.springframework.context.annotation.internalRequiredAnnotationProcessor,org.springframework.context.annotation.internalCommonAnnotationProcessor,org.springframework.context.annotation.internalPersistenceAnnotationProcessor,testConfig,org.springframework.context.annotation.ConfigurationClassPostProcessor.importAwareProcessor,cardController,containerController,errorLoginController,homeController,productController,securityController,shipmentController,org.springframework.web.servlet.config.annotation.DelegatingWebMvcConfiguration,requestMappingHandlerMapping,mvcContentNegotiationManager,viewControllerHandlerMapping,beanNameHandlerMapping,resourceHandlerMapping,defaultServletHandlerMapping,requestMappingHandlerAdapter,mvcConversionService,httpRequestHandlerAdapter,simpleControllerHandlerAdapter,handlerExceptionResolver,mvcValidator,com.expeditors.training.course3demo.config.PersistenceJPATestConfig,entityManagerFactory,dataSource,containerService,shipmentService,productService,viewResolver]; root of factory hierarchy
DEBUG DefaultListableBeanFactory - Returning cached instance of singleton bean &apos;org.springframework.context.annotation.internalConfigurationAnnotationProcessor&apos;
DEBUG DefaultListableBeanFactory - Returning cached instance of singleton bean &apos;org.springframework.context.annotation.internalAutowiredAnnotationProcessor&apos;
DEBUG DefaultListableBeanFactory - Returning cached instance of singleton bean &apos;org.springframework.context.annotation.internalRequiredAnnotationProcessor&apos;
DEBUG DefaultListableBeanFactory - Returning cached instance of singleton bean &apos;org.springframework.context.annotation.internalCommonAnnotationProcessor&apos;
DEBUG DefaultListableBeanFactory - Returning cached instance of singleton bean &apos;org.springframework.context.annotation.internalPersistenceAnnotationProcessor&apos;
DEBUG DefaultListableBeanFactory - Creating shared instance of singleton bean &apos;testConfig&apos;
DEBUG DefaultListableBeanFactory - Creating instance of bean &apos;testConfig&apos;
DEBUG DefaultListableBeanFactory - Eagerly caching bean &apos;testConfig&apos; to allow for resolving potential circular references
DEBUG DefaultListableBeanFactory - Finished creating instance of bean &apos;testConfig&apos;
DEBUG DefaultListableBeanFactory - Returning cached instance of singleton bean &apos;org.springframework.context.annotation.ConfigurationClassPostProcessor.importAwareProcessor&apos;
DEBUG DefaultListableBeanFactory - Creating shared instance of singleton bean &apos;cardController&apos;
DEBUG DefaultListableBeanFactory - Creating instance of bean &apos;cardController&apos;
DEBUG InjectionMetadata - Registered injected element on class [com.expeditors.training.course3demo.controller.CardController]: AutowiredFieldElement for com.expeditors.training.course3demo.service.CardService com.expeditors.training.course3demo.controller.CardController.cardService
DEBUG DefaultListableBeanFactory - Eagerly caching bean &apos;cardController&apos; to allow for resolving potential circular references
DEBUG InjectionMetadata - Processing injected method of bean &apos;cardController&apos;: AutowiredFieldElement for com.expeditors.training.course3demo.service.CardService com.expeditors.training.course3demo.controller.CardController.cardService
INFO  DefaultListableBeanFactory - Destroying singletons in org.springframework.beans.factory.support.DefaultListableBeanFactory@38a1a26: defining beans [org.springframework.context.annotation.internalConfigurationAnnotationProcessor,org.springframework.context.annotation.internalAutowiredAnnotationProcessor,org.springframework.context.annotation.internalRequiredAnnotationProcessor,org.springframework.context.annotation.internalCommonAnnotationProcessor,org.springframework.context.annotation.internalPersistenceAnnotationProcessor,testConfig,org.springframework.context.annotation.ConfigurationClassPostProcessor.importAwareProcessor,cardController,containerController,errorLoginController,homeController,productController,securityController,shipmentController,org.springframework.web.servlet.config.annotation.DelegatingWebMvcConfiguration,requestMappingHandlerMapping,mvcContentNegotiationManager,viewControllerHandlerMapping,beanNameHandlerMapping,resourceHandlerMapping,defaultServletHandlerMapping,requestMappingHandlerAdapter,mvcConversionService,httpRequestHandlerAdapter,simpleControllerHandlerAdapter,handlerExceptionResolver,mvcValidator,com.expeditors.training.course3demo.config.PersistenceJPATestConfig,entityManagerFactory,dataSource,containerService,shipmentService,productService,viewResolver]; root of factory hierarchy
DEBUG DisposableBeanAdapter - Invoking destroy() on bean with name &apos;testConfig&apos;
DEBUG DisposableBeanAdapter - Invoking destroy() on bean with name &apos;entityManagerFactory&apos;
INFO  LocalContainerEntityManagerFactoryBean - Closing JPA EntityManagerFactory for persistence unit &apos;default&apos;
DEBUG SessionFactoryImpl - HHH000031: Closing
INFO  SchemaExport - HHH000227: Running hbm2ddl schema export
DEBUG SchemaExport - Import file not found: /import.sql
DEBUG DriverManagerDataSource - Creating new JDBC DriverManager Connection to [jdbc:hsqldb:mem:paging]
DEBUG SQL - alter table CARD drop constraint FK_00ac6d6449d749dbad55b0606fe
Hibernate: alter table CARD drop constraint FK_00ac6d6449d749dbad55b0606fe
DEBUG SQL - alter table PHONE_NUMBER drop constraint FK_4289f4cc3e49481ba4ea275ac4c
Hibernate: alter table PHONE_NUMBER drop constraint FK_4289f4cc3e49481ba4ea275ac4c
DEBUG SQL - alter table USERROLE drop constraint FK_97843cfdc3cd49578813087f06c
Hibernate: alter table USERROLE drop constraint FK_97843cfdc3cd49578813087f06c
DEBUG SQL - drop table ADDRESS if exists
Hibernate: drop table ADDRESS if exists
DEBUG SQL - drop table CARD if exists
Hibernate: drop table CARD if exists
DEBUG SQL - drop table Container if exists
Hibernate: drop table Container if exists
DEBUG SQL - drop table PHONE_NUMBER if exists
Hibernate: drop table PHONE_NUMBER if exists
DEBUG SQL - drop table PRODUCT if exists
Hibernate: drop table PRODUCT if exists
DEBUG SQL - drop table Shipment if exists
Hibernate: drop table Shipment if exists
DEBUG SQL - drop table USERACCOUNT if exists
Hibernate: drop table USERACCOUNT if exists
DEBUG SQL - drop table USERROLE if exists
Hibernate: drop table USERROLE if exists
INFO  SchemaExport - HHH000230: Schema export complete
DEBUG EntityManagerFactoryRegistry - Remove: name=default
DEBUG DisposableBeanAdapter - Invoking destroy() on bean with name &apos;com.expeditors.training.course3demo.config.PersistenceJPATestConfig&apos;
ERROR TestContextManager - Caught exception while allowing TestExecutionListener [org.springframework.test.context.web.ServletTestExecutionListener@5942ee04] to prepare test instance [com.expeditors.training.course3demo.controller.ContainerControllerTest@19650aa6]
java.lang.IllegalStateException: Failed to load ApplicationContext
	at org.springframework.test.context.CacheAwareContextLoaderDelegate.loadContext(CacheAwareContextLoaderDelegate.java:99) ~[spring-test-3.2.3.RELEASE.jar:3.2.3.RELEASE]
	at org.springframework.test.context.TestContext.getApplicationContext(TestContext.java:122) ~[spring-test-3.2.3.RELEASE.jar:3.2.3.RELEASE]
	at org.springframework.test.context.web.ServletTestExecutionListener.setUpRequestContextIfNecessary(ServletTestExecutionListener.java:105) ~[spring-test-3.2.3.RELEASE.jar:3.2.3.RELEASE]
	at org.springframework.test.context.web.ServletTestExecutionListener.prepareTestInstance(ServletTestExecutionListener.java:74) ~[spring-test-3.2.3.RELEASE.jar:3.2.3.RELEASE]
	at org.springframework.test.context.TestContextManager.prepareTestInstance(TestContextManager.java:312) ~[spring-test-3.2.3.RELEASE.jar:3.2.3.RELEASE]
	at org.springframework.test.context.junit4.SpringJUnit4ClassRunner.createTest(SpringJUnit4ClassRunner.java:211) [spring-test-3.2.3.RELEASE.jar:3.2.3.RELEASE]
	at org.springframework.test.context.junit4.SpringJUnit4ClassRunner$1.runReflectiveCall(SpringJUnit4ClassRunner.java:288) [spring-test-3.2.3.RELEASE.jar:3.2.3.RELEASE]
	at org.junit.internal.runners.model.ReflectiveCallable.run(ReflectiveCallable.java:12) [junit-4.11.jar:na]
	at org.springframework.test.context.junit4.SpringJUnit4ClassRunner.methodBlock(SpringJUnit4ClassRunner.java:284) [spring-test-3.2.3.RELEASE.jar:3.2.3.RELEASE]
	at org.springframework.test.context.junit4.SpringJUnit4ClassRunner.runChild(SpringJUnit4ClassRunner.java:231) [spring-test-3.2.3.RELEASE.jar:3.2.3.RELEASE]
	at org.springframework.test.context.junit4.SpringJUnit4ClassRunner.runChild(SpringJUnit4ClassRunner.java:88) [spring-test-3.2.3.RELEASE.jar:3.2.3.RELEASE]
	at org.junit.runners.ParentRunner$3.run(ParentRunner.java:238) [junit-4.11.jar:na]
	at org.junit.runners.ParentRunner$1.schedule(ParentRunner.java:63) [junit-4.11.jar:na]
	at org.junit.runners.ParentRunner.runChildren(ParentRunner.java:236) [junit-4.11.jar:na]
	at org.junit.runners.ParentRunner.access$000(ParentRunner.java:53) [junit-4.11.jar:na]
	at org.junit.runners.ParentRunner$2.evaluate(ParentRunner.java:229) [junit-4.11.jar:na]
	at org.springframework.test.context.junit4.statements.RunBeforeTestClassCallbacks.evaluate(RunBeforeTestClassCallbacks.java:61) [spring-test-3.2.3.RELEASE.jar:3.2.3.RELEASE]
	at org.springframework.test.context.junit4.statements.RunAfterTestClassCallbacks.evaluate(RunAfterTestClassCallbacks.java:71) [spring-test-3.2.3.RELEASE.jar:3.2.3.RELEASE]
	at org.junit.runners.ParentRunner.run(ParentRunner.java:309) [junit-4.11.jar:na]
	at org.springframework.test.context.junit4.SpringJUnit4ClassRunner.run(SpringJUnit4ClassRunner.java:174) [spring-test-3.2.3.RELEASE.jar:3.2.3.RELEASE]
	at org.apache.maven.surefire.junit4.JUnit4Provider.execute(JUnit4Provider.java:252) [surefire-junit4-2.12.4.jar:2.12.4]
	at org.apache.maven.surefire.junit4.JUnit4Provider.executeTestSet(JUnit4Provider.java:141) [surefire-junit4-2.12.4.jar:2.12.4]
	at org.apache.maven.surefire.junit4.JUnit4Provider.invoke(JUnit4Provider.java:112) [surefire-junit4-2.12.4.jar:2.12.4]
	at sun.reflect.NativeMethodAccessorImpl.invoke0(Native Method) ~[na:1.8.0_20]
	at sun.reflect.NativeMethodAccessorImpl.invoke(NativeMethodAccessorImpl.java:62) ~[na:1.8.0_20]
	at sun.reflect.DelegatingMethodAccessorImpl.invoke(DelegatingMethodAccessorImpl.java:43) ~[na:1.8.0_20]
	at java.lang.reflect.Method.invoke(Method.java:483) ~[na:1.8.0_20]
	at org.apache.maven.surefire.util.ReflectionUtils.invokeMethodWithArray(ReflectionUtils.java:189) [surefire-api-2.12.4.jar:2.12.4]
	at org.apache.maven.surefire.booter.ProviderFactory$ProviderProxy.invoke(ProviderFactory.java:165) [surefire-booter-2.12.4.jar:2.12.4]
	at org.apache.maven.surefire.booter.ProviderFactory.invokeProvider(ProviderFactory.java:85) [surefire-booter-2.12.4.jar:2.12.4]
	at org.apache.maven.surefire.booter.ForkedBooter.runSuitesInProcess(ForkedBooter.java:115) [surefire-booter-2.12.4.jar:2.12.4]
	at org.apache.maven.surefire.booter.ForkedBooter.main(ForkedBooter.java:75) [surefire-booter-2.12.4.jar:2.12.4]
Caused by: org.springframework.beans.factory.BeanCreationException: Error creating bean with name &apos;cardController&apos;: Injection of autowired dependencies failed; nested exception is org.springframework.beans.factory.BeanCreationException: Could not autowire field: com.expeditors.training.course3demo.service.CardService com.expeditors.training.course3demo.controller.CardController.cardService; nested exception is org.springframework.beans.factory.NoSuchBeanDefinitionException: No qualifying bean of type [com.expeditors.training.course3demo.service.CardService] found for dependency: expected at least 1 bean which qualifies as autowire candidate for this dependency. Dependency annotations: {@org.springframework.beans.factory.annotation.Autowired(required=true)}
	at org.springframework.beans.factory.annotation.AutowiredAnnotationBeanPostProcessor.postProcessPropertyValues(AutowiredAnnotationBeanPostProcessor.java:288) ~[spring-beans-3.2.3.RELEASE.jar:3.2.3.RELEASE]
	at org.springframework.beans.factory.support.AbstractAutowireCapableBeanFactory.populateBean(AbstractAutowireCapableBeanFactory.java:1116) ~[spring-beans-3.2.3.RELEASE.jar:3.2.3.RELEASE]
	at org.springframework.beans.factory.support.AbstractAutowireCapableBeanFactory.doCreateBean(AbstractAutowireCapableBeanFactory.java:519) ~[spring-beans-3.2.3.RELEASE.jar:3.2.3.RELEASE]
	at org.springframework.beans.factory.support.AbstractAutowireCapableBeanFactory.createBean(AbstractAutowireCapableBeanFactory.java:458) ~[spring-beans-3.2.3.RELEASE.jar:3.2.3.RELEASE]
	at org.springframework.beans.factory.support.AbstractBeanFactory$1.getObject(AbstractBeanFactory.java:295) ~[spring-beans-3.2.3.RELEASE.jar:3.2.3.RELEASE]
	at org.springframework.beans.factory.support.DefaultSingletonBeanRegistry.getSingleton(DefaultSingletonBeanRegistry.java:223) ~[spring-beans-3.2.3.RELEASE.jar:3.2.3.RELEASE]
	at org.springframework.beans.factory.support.AbstractBeanFactory.doGetBean(AbstractBeanFactory.java:292) ~[spring-beans-3.2.3.RELEASE.jar:3.2.3.RELEASE]
	at org.springframework.beans.factory.support.AbstractBeanFactory.getBean(AbstractBeanFactory.java:194) ~[spring-beans-3.2.3.RELEASE.jar:3.2.3.RELEASE]
	at org.springframework.beans.factory.support.DefaultListableBeanFactory.preInstantiateSingletons(DefaultListableBeanFactory.java:626) ~[spring-beans-3.2.3.RELEASE.jar:3.2.3.RELEASE]
	at org.springframework.context.support.AbstractApplicationContext.finishBeanFactoryInitialization(AbstractApplicationContext.java:932) ~[spring-context-3.2.3.RELEASE.jar:3.2.3.RELEASE]
	at org.springframework.context.support.AbstractApplicationContext.refresh(AbstractApplicationContext.java:479) ~[spring-context-3.2.3.RELEASE.jar:3.2.3.RELEASE]
	at org.springframework.test.context.web.AbstractGenericWebContextLoader.loadContext(AbstractGenericWebContextLoader.java:128) ~[spring-test-3.2.3.RELEASE.jar:3.2.3.RELEASE]
	at org.springframework.test.context.web.AbstractGenericWebContextLoader.loadContext(AbstractGenericWebContextLoader.java:60) ~[spring-test-3.2.3.RELEASE.jar:3.2.3.RELEASE]
	at org.springframework.test.context.support.AbstractDelegatingSmartContextLoader.delegateLoading(AbstractDelegatingSmartContextLoader.java:100) ~[spring-test-3.2.3.RELEASE.jar:3.2.3.RELEASE]
	at org.springframework.test.context.support.AbstractDelegatingSmartContextLoader.loadContext(AbstractDelegatingSmartContextLoader.java:248) ~[spring-test-3.2.3.RELEASE.jar:3.2.3.RELEASE]
	at org.springframework.test.context.CacheAwareContextLoaderDelegate.loadContextInternal(CacheAwareContextLoaderDelegate.java:64) ~[spring-test-3.2.3.RELEASE.jar:3.2.3.RELEASE]
	at org.springframework.test.context.CacheAwareContextLoaderDelegate.loadContext(CacheAwareContextLoaderDelegate.java:91) ~[spring-test-3.2.3.RELEASE.jar:3.2.3.RELEASE]
	... 31 common frames omitted
Caused by: org.springframework.beans.factory.BeanCreationException: Could not autowire field: com.expeditors.training.course3demo.service.CardService com.expeditors.training.course3demo.controller.CardController.cardService; nested exception is org.springframework.beans.factory.NoSuchBeanDefinitionException: No qualifying bean of type [com.expeditors.training.course3demo.service.CardService] found for dependency: expected at least 1 bean which qualifies as autowire candidate for this dependency. Dependency annotations: {@org.springframework.beans.factory.annotation.Autowired(required=true)}
	at org.springframework.beans.factory.annotation.AutowiredAnnotationBeanPostProcessor$AutowiredFieldElement.inject(AutowiredAnnotationBeanPostProcessor.java:514) ~[spring-beans-3.2.3.RELEASE.jar:3.2.3.RELEASE]
	at org.springframework.beans.factory.annotation.InjectionMetadata.inject(InjectionMetadata.java:87) ~[spring-beans-3.2.3.RELEASE.jar:3.2.3.RELEASE]
	at org.springframework.beans.factory.annotation.AutowiredAnnotationBeanPostProcessor.postProcessPropertyValues(AutowiredAnnotationBeanPostProcessor.java:285) ~[spring-beans-3.2.3.RELEASE.jar:3.2.3.RELEASE]
	... 47 common frames omitted
Caused by: org.springframework.beans.factory.NoSuchBeanDefinitionException: No qualifying bean of type [com.expeditors.training.course3demo.service.CardService] found for dependency: expected at least 1 bean which qualifies as autowire candidate for this dependency. Dependency annotations: {@org.springframework.beans.factory.annotation.Autowired(required=true)}
	at org.springframework.beans.factory.support.DefaultListableBeanFactory.raiseNoSuchBeanDefinitionException(DefaultListableBeanFactory.java:986) ~[spring-beans-3.2.3.RELEASE.jar:3.2.3.RELEASE]
	at org.springframework.beans.factory.support.DefaultListableBeanFactory.doResolveDependency(DefaultListableBeanFactory.java:856) ~[spring-beans-3.2.3.RELEASE.jar:3.2.3.RELEASE]
	at org.springframework.beans.factory.support.DefaultListableBeanFactory.resolveDependency(DefaultListableBeanFactory.java:768) ~[spring-beans-3.2.3.RELEASE.jar:3.2.3.RELEASE]
	at org.springframework.beans.factory.annotation.AutowiredAnnotationBeanPostProcessor$AutowiredFieldElement.inject(AutowiredAnnotationBeanPostProcessor.java:486) ~[spring-beans-3.2.3.RELEASE.jar:3.2.3.RELEASE]
	... 49 common frames omitted
</system-out>
  </testcase>
</testsuite>